[0.080s] Invoking command in '/workstation/nav2_ws/build/nav2_smac_planner': AMENT_PREFIX_PATH=/workstation/nav2_ws/install/nav2_core:/workstation/nav2_ws/install/nav2_costmap_2d:/workstation/nav2_ws/install/nav2_map_server:/workstation/nav2_ws/install/nav2_lifecycle_manager:/workstation/nav2_ws/install/nav2_util:/workstation/nav2_ws/install/nav2_voxel_grid:/workstation/nav2_ws/install/nav2_msgs:/workstation/nav2_ws/install/nav2_common:${AMENT_PREFIX_PATH} CMAKE_PREFIX_PATH=/workstation/nav2_ws/install/nav2_core:/workstation/nav2_ws/install/nav2_costmap_2d:/workstation/nav2_ws/install/nav2_map_server:/workstation/nav2_ws/install/nav2_lifecycle_manager:/workstation/nav2_ws/install/nav2_util:/workstation/nav2_ws/install/nav2_voxel_grid:/workstation/nav2_ws/install/nav2_msgs:/workstation/nav2_ws/install/nav2_common:/opt/ros/humble LD_LIBRARY_PATH=/workstation/nav2_ws/install/nav2_costmap_2d/lib:/workstation/nav2_ws/install/nav2_map_server/lib:/workstation/nav2_ws/install/nav2_lifecycle_manager/lib:/workstation/nav2_ws/install/nav2_util/lib:/workstation/nav2_ws/install/nav2_voxel_grid/lib:/workstation/nav2_ws/install/nav2_msgs/lib:${LD_LIBRARY_PATH} PYTHONPATH=/workstation/nav2_ws/install/nav2_msgs/local/lib/python3.10/dist-packages:/workstation/nav2_ws/install/nav2_common/local/lib/python3.10/dist-packages:${PYTHONPATH} /usr/bin/cmake --build /workstation/nav2_ws/build/nav2_smac_planner -- -j12 -l12
[0.399s] [  3%] Built target gtest_main
[0.399s] [  6%] Built target gtest
[0.491s] [ 25%] Built target nav2_smac_planner_lattice
[0.506s] [ 44%] Built target nav2_smac_planner
[0.506s] [ 62%] Built target nav2_smac_planner_2d
[0.604s] [ 66%] Built target test_costmap_downsampler
[0.611s] [ 69%] Built target test_a_star
[0.617s] [ 72%] Built target test_collision_checker
[0.617s] [ 76%] Built target test_nodehybrid
[0.623s] [ 79%] Built target test_node2d
[0.623s] [ 83%] Built target test_nodebasic
[0.629s] [ 86%] Built target test_lattice_node
[0.631s] [ 89%] Built target test_smac_2d
[0.640s] [ 93%] Built target test_smac_hybrid
[0.656s] [ 96%] Built target test_smoother
[0.657s] [100%] Built target test_smac_lattice
[0.744s] Invoked command in '/workstation/nav2_ws/build/nav2_smac_planner' returned '0': AMENT_PREFIX_PATH=/workstation/nav2_ws/install/nav2_core:/workstation/nav2_ws/install/nav2_costmap_2d:/workstation/nav2_ws/install/nav2_map_server:/workstation/nav2_ws/install/nav2_lifecycle_manager:/workstation/nav2_ws/install/nav2_util:/workstation/nav2_ws/install/nav2_voxel_grid:/workstation/nav2_ws/install/nav2_msgs:/workstation/nav2_ws/install/nav2_common:${AMENT_PREFIX_PATH} CMAKE_PREFIX_PATH=/workstation/nav2_ws/install/nav2_core:/workstation/nav2_ws/install/nav2_costmap_2d:/workstation/nav2_ws/install/nav2_map_server:/workstation/nav2_ws/install/nav2_lifecycle_manager:/workstation/nav2_ws/install/nav2_util:/workstation/nav2_ws/install/nav2_voxel_grid:/workstation/nav2_ws/install/nav2_msgs:/workstation/nav2_ws/install/nav2_common:/opt/ros/humble LD_LIBRARY_PATH=/workstation/nav2_ws/install/nav2_costmap_2d/lib:/workstation/nav2_ws/install/nav2_map_server/lib:/workstation/nav2_ws/install/nav2_lifecycle_manager/lib:/workstation/nav2_ws/install/nav2_util/lib:/workstation/nav2_ws/install/nav2_voxel_grid/lib:/workstation/nav2_ws/install/nav2_msgs/lib:${LD_LIBRARY_PATH} PYTHONPATH=/workstation/nav2_ws/install/nav2_msgs/local/lib/python3.10/dist-packages:/workstation/nav2_ws/install/nav2_common/local/lib/python3.10/dist-packages:${PYTHONPATH} /usr/bin/cmake --build /workstation/nav2_ws/build/nav2_smac_planner -- -j12 -l12
[0.932s] Invoking command in '/workstation/nav2_ws/build/nav2_smac_planner': AMENT_PREFIX_PATH=/workstation/nav2_ws/install/nav2_core:/workstation/nav2_ws/install/nav2_costmap_2d:/workstation/nav2_ws/install/nav2_map_server:/workstation/nav2_ws/install/nav2_lifecycle_manager:/workstation/nav2_ws/install/nav2_util:/workstation/nav2_ws/install/nav2_voxel_grid:/workstation/nav2_ws/install/nav2_msgs:/workstation/nav2_ws/install/nav2_common:${AMENT_PREFIX_PATH} CMAKE_PREFIX_PATH=/workstation/nav2_ws/install/nav2_core:/workstation/nav2_ws/install/nav2_costmap_2d:/workstation/nav2_ws/install/nav2_map_server:/workstation/nav2_ws/install/nav2_lifecycle_manager:/workstation/nav2_ws/install/nav2_util:/workstation/nav2_ws/install/nav2_voxel_grid:/workstation/nav2_ws/install/nav2_msgs:/workstation/nav2_ws/install/nav2_common:/opt/ros/humble LD_LIBRARY_PATH=/workstation/nav2_ws/install/nav2_costmap_2d/lib:/workstation/nav2_ws/install/nav2_map_server/lib:/workstation/nav2_ws/install/nav2_lifecycle_manager/lib:/workstation/nav2_ws/install/nav2_util/lib:/workstation/nav2_ws/install/nav2_voxel_grid/lib:/workstation/nav2_ws/install/nav2_msgs/lib:${LD_LIBRARY_PATH} PYTHONPATH=/workstation/nav2_ws/install/nav2_msgs/local/lib/python3.10/dist-packages:/workstation/nav2_ws/install/nav2_common/local/lib/python3.10/dist-packages:${PYTHONPATH} /usr/bin/cmake --install /workstation/nav2_ws/build/nav2_smac_planner
[0.967s] -- Install configuration: "Release"
[0.968s] -- Up-to-date: /workstation/nav2_ws/install/nav2_smac_planner/share/nav2_smac_planner/smac_plugin_hybrid.xml
[0.968s] -- Up-to-date: /workstation/nav2_ws/install/nav2_smac_planner/share/nav2_smac_planner/smac_plugin_2d.xml
[0.968s] -- Up-to-date: /workstation/nav2_ws/install/nav2_smac_planner/share/nav2_smac_planner/smac_plugin_lattice.xml
[0.968s] -- Up-to-date: /workstation/nav2_ws/install/nav2_smac_planner/lib/libnav2_smac_planner.so
[0.968s] -- Up-to-date: /workstation/nav2_ws/install/nav2_smac_planner/lib/libnav2_smac_planner_2d.so
[0.968s] -- Up-to-date: /workstation/nav2_ws/install/nav2_smac_planner/lib/libnav2_smac_planner_lattice.so
[0.968s] -- Up-to-date: /workstation/nav2_ws/install/nav2_smac_planner/include/
[0.969s] -- Up-to-date: /workstation/nav2_ws/install/nav2_smac_planner/include//nav2_smac_planner
[0.969s] -- Up-to-date: /workstation/nav2_ws/install/nav2_smac_planner/include//nav2_smac_planner/smoother.hpp
[0.969s] -- Up-to-date: /workstation/nav2_ws/install/nav2_smac_planner/include//nav2_smac_planner/smac_planner_2d.hpp
[0.969s] -- Up-to-date: /workstation/nav2_ws/install/nav2_smac_planner/include//nav2_smac_planner/smac_planner_lattice.hpp
[0.970s] -- Up-to-date: /workstation/nav2_ws/install/nav2_smac_planner/include//nav2_smac_planner/node_basic.hpp
[0.970s] -- Up-to-date: /workstation/nav2_ws/install/nav2_smac_planner/include//nav2_smac_planner/analytic_expansion.hpp
[0.971s] -- Up-to-date: /workstation/nav2_ws/install/nav2_smac_planner/include//nav2_smac_planner/utils.hpp
[0.972s] -- Up-to-date: /workstation/nav2_ws/install/nav2_smac_planner/include//nav2_smac_planner/a_star.hpp
[0.972s] -- Up-to-date: /workstation/nav2_ws/install/nav2_smac_planner/include//nav2_smac_planner/costmap_downsampler.hpp
[0.972s] -- Up-to-date: /workstation/nav2_ws/install/nav2_smac_planner/include//nav2_smac_planner/thirdparty
[0.972s] -- Up-to-date: /workstation/nav2_ws/install/nav2_smac_planner/include//nav2_smac_planner/thirdparty/robin_hood.h
[0.972s] -- Up-to-date: /workstation/nav2_ws/install/nav2_smac_planner/include//nav2_smac_planner/smac_planner_hybrid.hpp
[0.972s] -- Up-to-date: /workstation/nav2_ws/install/nav2_smac_planner/include//nav2_smac_planner/node_hybrid.hpp
[0.972s] -- Up-to-date: /workstation/nav2_ws/install/nav2_smac_planner/include//nav2_smac_planner/types.hpp
[0.973s] -- Up-to-date: /workstation/nav2_ws/install/nav2_smac_planner/include//nav2_smac_planner/collision_checker.hpp
[0.973s] -- Up-to-date: /workstation/nav2_ws/install/nav2_smac_planner/include//nav2_smac_planner/node_2d.hpp
[0.973s] -- Up-to-date: /workstation/nav2_ws/install/nav2_smac_planner/include//nav2_smac_planner/node_lattice.hpp
[0.973s] -- Up-to-date: /workstation/nav2_ws/install/nav2_smac_planner/include//nav2_smac_planner/constants.hpp
[0.973s] -- Up-to-date: /workstation/nav2_ws/install/nav2_smac_planner/share/nav2_smac_planner/sample_primitives
[0.973s] -- Up-to-date: /workstation/nav2_ws/install/nav2_smac_planner/share/nav2_smac_planner/sample_primitives/5cm_resolution
[0.973s] -- Up-to-date: /workstation/nav2_ws/install/nav2_smac_planner/share/nav2_smac_planner/sample_primitives/5cm_resolution/0.5m_turning_radius
[0.973s] -- Up-to-date: /workstation/nav2_ws/install/nav2_smac_planner/share/nav2_smac_planner/sample_primitives/5cm_resolution/0.5m_turning_radius/ackermann
[0.973s] -- Up-to-date: /workstation/nav2_ws/install/nav2_smac_planner/share/nav2_smac_planner/sample_primitives/5cm_resolution/0.5m_turning_radius/ackermann/output.json
[0.973s] -- Up-to-date: /workstation/nav2_ws/install/nav2_smac_planner/share/nav2_smac_planner/sample_primitives/5cm_resolution/0.5m_turning_radius/all_trajectories.png
[0.973s] -- Up-to-date: /workstation/nav2_ws/install/nav2_smac_planner/share/nav2_smac_planner/sample_primitives/5cm_resolution/0.5m_turning_radius/diff
[0.974s] -- Up-to-date: /workstation/nav2_ws/install/nav2_smac_planner/share/nav2_smac_planner/sample_primitives/5cm_resolution/0.5m_turning_radius/diff/output.json
[0.974s] -- Up-to-date: /workstation/nav2_ws/install/nav2_smac_planner/share/nav2_smac_planner/sample_primitives/5cm_resolution/0.5m_turning_radius/omni
[0.974s] -- Up-to-date: /workstation/nav2_ws/install/nav2_smac_planner/share/nav2_smac_planner/sample_primitives/5cm_resolution/0.5m_turning_radius/omni/output.json
[0.974s] -- Up-to-date: /workstation/nav2_ws/install/nav2_smac_planner/share/nav2_smac_planner/sample_primitives/5cm_resolution/1m_turning_radius
[0.974s] -- Up-to-date: /workstation/nav2_ws/install/nav2_smac_planner/share/nav2_smac_planner/sample_primitives/5cm_resolution/1m_turning_radius/ackermann
[0.974s] -- Up-to-date: /workstation/nav2_ws/install/nav2_smac_planner/share/nav2_smac_planner/sample_primitives/5cm_resolution/1m_turning_radius/ackermann/output.json
[0.974s] -- Up-to-date: /workstation/nav2_ws/install/nav2_smac_planner/share/nav2_smac_planner/sample_primitives/5cm_resolution/1m_turning_radius/all_trajectories.png
[0.974s] -- Up-to-date: /workstation/nav2_ws/install/nav2_smac_planner/share/nav2_smac_planner/sample_primitives/5cm_resolution/1m_turning_radius/diff
[0.974s] -- Up-to-date: /workstation/nav2_ws/install/nav2_smac_planner/share/nav2_smac_planner/sample_primitives/5cm_resolution/1m_turning_radius/diff/output.json
[0.974s] -- Up-to-date: /workstation/nav2_ws/install/nav2_smac_planner/share/nav2_smac_planner/sample_primitives/5cm_resolution/1m_turning_radius/omni
[0.974s] -- Up-to-date: /workstation/nav2_ws/install/nav2_smac_planner/share/nav2_smac_planner/sample_primitives/5cm_resolution/1m_turning_radius/omni/output.json
[0.975s] -- Up-to-date: /workstation/nav2_ws/install/nav2_smac_planner/share/nav2_smac_planner/environment/library_path.sh
[0.975s] -- Up-to-date: /workstation/nav2_ws/install/nav2_smac_planner/share/nav2_smac_planner/environment/library_path.dsv
[0.975s] -- Up-to-date: /workstation/nav2_ws/install/nav2_smac_planner/share/ament_index/resource_index/package_run_dependencies/nav2_smac_planner
[0.975s] -- Up-to-date: /workstation/nav2_ws/install/nav2_smac_planner/share/ament_index/resource_index/parent_prefix_path/nav2_smac_planner
[0.975s] -- Up-to-date: /workstation/nav2_ws/install/nav2_smac_planner/share/nav2_smac_planner/environment/ament_prefix_path.sh
[0.976s] -- Up-to-date: /workstation/nav2_ws/install/nav2_smac_planner/share/nav2_smac_planner/environment/ament_prefix_path.dsv
[0.976s] -- Up-to-date: /workstation/nav2_ws/install/nav2_smac_planner/share/nav2_smac_planner/environment/path.sh
[0.976s] -- Up-to-date: /workstation/nav2_ws/install/nav2_smac_planner/share/nav2_smac_planner/environment/path.dsv
[0.976s] -- Up-to-date: /workstation/nav2_ws/install/nav2_smac_planner/share/nav2_smac_planner/local_setup.bash
[0.976s] -- Up-to-date: /workstation/nav2_ws/install/nav2_smac_planner/share/nav2_smac_planner/local_setup.sh
[0.976s] -- Up-to-date: /workstation/nav2_ws/install/nav2_smac_planner/share/nav2_smac_planner/local_setup.zsh
[0.976s] -- Up-to-date: /workstation/nav2_ws/install/nav2_smac_planner/share/nav2_smac_planner/local_setup.dsv
[0.976s] -- Installing: /workstation/nav2_ws/install/nav2_smac_planner/share/nav2_smac_planner/package.dsv
[0.976s] -- Up-to-date: /workstation/nav2_ws/install/nav2_smac_planner/share/ament_index/resource_index/packages/nav2_smac_planner
[0.977s] -- Up-to-date: /workstation/nav2_ws/install/nav2_smac_planner/share/ament_index/resource_index/nav2_core__pluginlib__plugin/nav2_smac_planner
[0.977s] -- Up-to-date: /workstation/nav2_ws/install/nav2_smac_planner/share/nav2_smac_planner/cmake/ament_cmake_export_include_directories-extras.cmake
[0.977s] -- Up-to-date: /workstation/nav2_ws/install/nav2_smac_planner/share/nav2_smac_planner/cmake/ament_cmake_export_libraries-extras.cmake
[0.977s] -- Up-to-date: /workstation/nav2_ws/install/nav2_smac_planner/share/nav2_smac_planner/cmake/ament_cmake_export_dependencies-extras.cmake
[0.977s] -- Up-to-date: /workstation/nav2_ws/install/nav2_smac_planner/share/nav2_smac_planner/cmake/nav2_smac_plannerConfig.cmake
[0.977s] -- Up-to-date: /workstation/nav2_ws/install/nav2_smac_planner/share/nav2_smac_planner/cmake/nav2_smac_plannerConfig-version.cmake
[0.977s] -- Up-to-date: /workstation/nav2_ws/install/nav2_smac_planner/share/nav2_smac_planner/package.xml
[1.001s] Invoked command in '/workstation/nav2_ws/build/nav2_smac_planner' returned '0': AMENT_PREFIX_PATH=/workstation/nav2_ws/install/nav2_core:/workstation/nav2_ws/install/nav2_costmap_2d:/workstation/nav2_ws/install/nav2_map_server:/workstation/nav2_ws/install/nav2_lifecycle_manager:/workstation/nav2_ws/install/nav2_util:/workstation/nav2_ws/install/nav2_voxel_grid:/workstation/nav2_ws/install/nav2_msgs:/workstation/nav2_ws/install/nav2_common:${AMENT_PREFIX_PATH} CMAKE_PREFIX_PATH=/workstation/nav2_ws/install/nav2_core:/workstation/nav2_ws/install/nav2_costmap_2d:/workstation/nav2_ws/install/nav2_map_server:/workstation/nav2_ws/install/nav2_lifecycle_manager:/workstation/nav2_ws/install/nav2_util:/workstation/nav2_ws/install/nav2_voxel_grid:/workstation/nav2_ws/install/nav2_msgs:/workstation/nav2_ws/install/nav2_common:/opt/ros/humble LD_LIBRARY_PATH=/workstation/nav2_ws/install/nav2_costmap_2d/lib:/workstation/nav2_ws/install/nav2_map_server/lib:/workstation/nav2_ws/install/nav2_lifecycle_manager/lib:/workstation/nav2_ws/install/nav2_util/lib:/workstation/nav2_ws/install/nav2_voxel_grid/lib:/workstation/nav2_ws/install/nav2_msgs/lib:${LD_LIBRARY_PATH} PYTHONPATH=/workstation/nav2_ws/install/nav2_msgs/local/lib/python3.10/dist-packages:/workstation/nav2_ws/install/nav2_common/local/lib/python3.10/dist-packages:${PYTHONPATH} /usr/bin/cmake --install /workstation/nav2_ws/build/nav2_smac_planner
