[0.033s] Invoking command in '/workstation/nav2_ws/build/nav2_map_server': AMENT_PREFIX_PATH=/workstation/nav2_ws/install/nav2_util:/workstation/nav2_ws/install/nav2_msgs:/workstation/nav2_ws/install/nav2_common:${AMENT_PREFIX_PATH} CMAKE_PREFIX_PATH=/workstation/nav2_ws/install/nav2_util:/workstation/nav2_ws/install/nav2_msgs:/workstation/nav2_ws/install/nav2_common:/opt/ros/humble LD_LIBRARY_PATH=/workstation/nav2_ws/install/nav2_util/lib:/workstation/nav2_ws/install/nav2_msgs/lib:${LD_LIBRARY_PATH} PYTHONPATH=/workstation/nav2_ws/install/nav2_msgs/local/lib/python3.10/dist-packages:/workstation/nav2_ws/install/nav2_common/local/lib/python3.10/dist-packages:${PYTHONPATH} /usr/bin/cmake --build /workstation/nav2_ws/build/nav2_map_server -- -j12 -l12
[0.135s] [  5%] Built target gtest_main
[0.155s] [ 11%] Built target gtest
[0.168s] [ 19%] Built target map_io
[0.290s] [ 27%] Built target test_map_saver_cli
[0.299s] [ 38%] Built target map_server_core
[0.310s] [ 47%] Built target test_map_saver_publisher
[0.334s] [ 55%] Built target test_map_io
[0.423s] [ 63%] Built target test_map_saver_node
[0.439s] [ 69%] Built target map_saver_cli
[0.443s] [ 75%] Built target test_costmap_filter_info_server
[0.443s] [ 83%] Built target test_map_server_node
[0.462s] [ 88%] Built target map_server
[0.493s] [ 94%] Built target map_saver_server
[0.503s] [100%] Built target costmap_filter_info_server
[0.549s] Invoked command in '/workstation/nav2_ws/build/nav2_map_server' returned '0': AMENT_PREFIX_PATH=/workstation/nav2_ws/install/nav2_util:/workstation/nav2_ws/install/nav2_msgs:/workstation/nav2_ws/install/nav2_common:${AMENT_PREFIX_PATH} CMAKE_PREFIX_PATH=/workstation/nav2_ws/install/nav2_util:/workstation/nav2_ws/install/nav2_msgs:/workstation/nav2_ws/install/nav2_common:/opt/ros/humble LD_LIBRARY_PATH=/workstation/nav2_ws/install/nav2_util/lib:/workstation/nav2_ws/install/nav2_msgs/lib:${LD_LIBRARY_PATH} PYTHONPATH=/workstation/nav2_ws/install/nav2_msgs/local/lib/python3.10/dist-packages:/workstation/nav2_ws/install/nav2_common/local/lib/python3.10/dist-packages:${PYTHONPATH} /usr/bin/cmake --build /workstation/nav2_ws/build/nav2_map_server -- -j12 -l12
[0.774s] Invoking command in '/workstation/nav2_ws/build/nav2_map_server': AMENT_PREFIX_PATH=/workstation/nav2_ws/install/nav2_util:/workstation/nav2_ws/install/nav2_msgs:/workstation/nav2_ws/install/nav2_common:${AMENT_PREFIX_PATH} CMAKE_PREFIX_PATH=/workstation/nav2_ws/install/nav2_util:/workstation/nav2_ws/install/nav2_msgs:/workstation/nav2_ws/install/nav2_common:/opt/ros/humble LD_LIBRARY_PATH=/workstation/nav2_ws/install/nav2_util/lib:/workstation/nav2_ws/install/nav2_msgs/lib:${LD_LIBRARY_PATH} PYTHONPATH=/workstation/nav2_ws/install/nav2_msgs/local/lib/python3.10/dist-packages:/workstation/nav2_ws/install/nav2_common/local/lib/python3.10/dist-packages:${PYTHONPATH} /usr/bin/cmake --install /workstation/nav2_ws/build/nav2_map_server
[0.832s] -- Install configuration: "Release"
[0.832s] -- Up-to-date: /workstation/nav2_ws/install/nav2_map_server/lib/libmap_server_core.so
[0.832s] -- Up-to-date: /workstation/nav2_ws/install/nav2_map_server/lib/libmap_io.so
[0.832s] -- Up-to-date: /workstation/nav2_ws/install/nav2_map_server/lib/nav2_map_server/map_server
[0.832s] -- Up-to-date: /workstation/nav2_ws/install/nav2_map_server/lib/nav2_map_server/map_saver_cli
[0.832s] -- Up-to-date: /workstation/nav2_ws/install/nav2_map_server/lib/nav2_map_server/map_saver_server
[0.832s] -- Up-to-date: /workstation/nav2_ws/install/nav2_map_server/lib/nav2_map_server/costmap_filter_info_server
[0.832s] -- Up-to-date: /workstation/nav2_ws/install/nav2_map_server/include/
[0.833s] -- Up-to-date: /workstation/nav2_ws/install/nav2_map_server/include//nav2_map_server
[0.833s] -- Up-to-date: /workstation/nav2_ws/install/nav2_map_server/include//nav2_map_server/map_server.hpp
[0.833s] -- Up-to-date: /workstation/nav2_ws/install/nav2_map_server/include//nav2_map_server/costmap_filter_info_server.hpp
[0.833s] -- Up-to-date: /workstation/nav2_ws/install/nav2_map_server/include//nav2_map_server/map_mode.hpp
[0.833s] -- Up-to-date: /workstation/nav2_ws/install/nav2_map_server/include//nav2_map_server/map_saver.hpp
[0.833s] -- Up-to-date: /workstation/nav2_ws/install/nav2_map_server/include//nav2_map_server/map_io.hpp
[0.833s] -- Up-to-date: /workstation/nav2_ws/install/nav2_map_server/share/nav2_map_server/launch
[0.833s] -- Up-to-date: /workstation/nav2_ws/install/nav2_map_server/share/nav2_map_server/launch/map_saver_server.launch.py
[0.834s] -- Up-to-date: /workstation/nav2_ws/install/nav2_map_server/share/nav2_map_server/environment/library_path.sh
[0.834s] -- Up-to-date: /workstation/nav2_ws/install/nav2_map_server/share/nav2_map_server/environment/library_path.dsv
[0.834s] -- Up-to-date: /workstation/nav2_ws/install/nav2_map_server/share/ament_index/resource_index/package_run_dependencies/nav2_map_server
[0.834s] -- Up-to-date: /workstation/nav2_ws/install/nav2_map_server/share/ament_index/resource_index/parent_prefix_path/nav2_map_server
[0.834s] -- Up-to-date: /workstation/nav2_ws/install/nav2_map_server/share/nav2_map_server/environment/ament_prefix_path.sh
[0.834s] -- Up-to-date: /workstation/nav2_ws/install/nav2_map_server/share/nav2_map_server/environment/ament_prefix_path.dsv
[0.834s] -- Up-to-date: /workstation/nav2_ws/install/nav2_map_server/share/nav2_map_server/environment/path.sh
[0.834s] -- Up-to-date: /workstation/nav2_ws/install/nav2_map_server/share/nav2_map_server/environment/path.dsv
[0.834s] -- Up-to-date: /workstation/nav2_ws/install/nav2_map_server/share/nav2_map_server/local_setup.bash
[0.835s] -- Up-to-date: /workstation/nav2_ws/install/nav2_map_server/share/nav2_map_server/local_setup.sh
[0.835s] -- Up-to-date: /workstation/nav2_ws/install/nav2_map_server/share/nav2_map_server/local_setup.zsh
[0.835s] -- Up-to-date: /workstation/nav2_ws/install/nav2_map_server/share/nav2_map_server/local_setup.dsv
[0.835s] -- Installing: /workstation/nav2_ws/install/nav2_map_server/share/nav2_map_server/package.dsv
[0.835s] -- Up-to-date: /workstation/nav2_ws/install/nav2_map_server/share/ament_index/resource_index/packages/nav2_map_server
[0.835s] -- Up-to-date: /workstation/nav2_ws/install/nav2_map_server/share/ament_index/resource_index/rclcpp_components/nav2_map_server
[0.835s] -- Up-to-date: /workstation/nav2_ws/install/nav2_map_server/share/nav2_map_server/cmake/ament_cmake_export_include_directories-extras.cmake
[0.835s] -- Up-to-date: /workstation/nav2_ws/install/nav2_map_server/share/nav2_map_server/cmake/ament_cmake_export_libraries-extras.cmake
[0.836s] -- Up-to-date: /workstation/nav2_ws/install/nav2_map_server/share/nav2_map_server/cmake/ament_cmake_export_dependencies-extras.cmake
[0.836s] -- Up-to-date: /workstation/nav2_ws/install/nav2_map_server/share/nav2_map_server/cmake/nav2_map_serverConfig.cmake
[0.836s] -- Up-to-date: /workstation/nav2_ws/install/nav2_map_server/share/nav2_map_server/cmake/nav2_map_serverConfig-version.cmake
[0.836s] -- Up-to-date: /workstation/nav2_ws/install/nav2_map_server/share/nav2_map_server/package.xml
[0.860s] Invoked command in '/workstation/nav2_ws/build/nav2_map_server' returned '0': AMENT_PREFIX_PATH=/workstation/nav2_ws/install/nav2_util:/workstation/nav2_ws/install/nav2_msgs:/workstation/nav2_ws/install/nav2_common:${AMENT_PREFIX_PATH} CMAKE_PREFIX_PATH=/workstation/nav2_ws/install/nav2_util:/workstation/nav2_ws/install/nav2_msgs:/workstation/nav2_ws/install/nav2_common:/opt/ros/humble LD_LIBRARY_PATH=/workstation/nav2_ws/install/nav2_util/lib:/workstation/nav2_ws/install/nav2_msgs/lib:${LD_LIBRARY_PATH} PYTHONPATH=/workstation/nav2_ws/install/nav2_msgs/local/lib/python3.10/dist-packages:/workstation/nav2_ws/install/nav2_common/local/lib/python3.10/dist-packages:${PYTHONPATH} /usr/bin/cmake --install /workstation/nav2_ws/build/nav2_map_server
