[0.020s] Invoking command in '/workstation/nav2_ws/build/costmap_queue': AMENT_PREFIX_PATH=/workstation/nav2_ws/install/nav2_costmap_2d:/workstation/nav2_ws/install/nav2_map_server:/workstation/nav2_ws/install/nav2_lifecycle_manager:/workstation/nav2_ws/install/nav2_util:/workstation/nav2_ws/install/nav2_voxel_grid:/workstation/nav2_ws/install/nav2_msgs:/workstation/nav2_ws/install/nav2_common:${AMENT_PREFIX_PATH} CMAKE_PREFIX_PATH=/workstation/nav2_ws/install/nav2_costmap_2d:/workstation/nav2_ws/install/nav2_map_server:/workstation/nav2_ws/install/nav2_lifecycle_manager:/workstation/nav2_ws/install/nav2_util:/workstation/nav2_ws/install/nav2_voxel_grid:/workstation/nav2_ws/install/nav2_msgs:/workstation/nav2_ws/install/nav2_common:/opt/ros/humble LD_LIBRARY_PATH=/workstation/nav2_ws/install/nav2_costmap_2d/lib:/workstation/nav2_ws/install/nav2_map_server/lib:/workstation/nav2_ws/install/nav2_lifecycle_manager/lib:/workstation/nav2_ws/install/nav2_util/lib:/workstation/nav2_ws/install/nav2_voxel_grid/lib:/workstation/nav2_ws/install/nav2_msgs/lib:${LD_LIBRARY_PATH} PYTHONPATH=/workstation/nav2_ws/install/nav2_msgs/local/lib/python3.10/dist-packages:/workstation/nav2_ws/install/nav2_common/local/lib/python3.10/dist-packages:${PYTHONPATH} /usr/bin/cmake --build /workstation/nav2_ws/build/costmap_queue -- -j12 -l12
[0.094s] [ 18%] Built target gtest_main
[0.096s] [ 36%] Built target gtest
[0.099s] [ 63%] Built target costmap_queue
[0.131s] [ 81%] Built target mbq_test
[0.143s] [100%] Built target utest
[0.221s] Invoked command in '/workstation/nav2_ws/build/costmap_queue' returned '0': AMENT_PREFIX_PATH=/workstation/nav2_ws/install/nav2_costmap_2d:/workstation/nav2_ws/install/nav2_map_server:/workstation/nav2_ws/install/nav2_lifecycle_manager:/workstation/nav2_ws/install/nav2_util:/workstation/nav2_ws/install/nav2_voxel_grid:/workstation/nav2_ws/install/nav2_msgs:/workstation/nav2_ws/install/nav2_common:${AMENT_PREFIX_PATH} CMAKE_PREFIX_PATH=/workstation/nav2_ws/install/nav2_costmap_2d:/workstation/nav2_ws/install/nav2_map_server:/workstation/nav2_ws/install/nav2_lifecycle_manager:/workstation/nav2_ws/install/nav2_util:/workstation/nav2_ws/install/nav2_voxel_grid:/workstation/nav2_ws/install/nav2_msgs:/workstation/nav2_ws/install/nav2_common:/opt/ros/humble LD_LIBRARY_PATH=/workstation/nav2_ws/install/nav2_costmap_2d/lib:/workstation/nav2_ws/install/nav2_map_server/lib:/workstation/nav2_ws/install/nav2_lifecycle_manager/lib:/workstation/nav2_ws/install/nav2_util/lib:/workstation/nav2_ws/install/nav2_voxel_grid/lib:/workstation/nav2_ws/install/nav2_msgs/lib:${LD_LIBRARY_PATH} PYTHONPATH=/workstation/nav2_ws/install/nav2_msgs/local/lib/python3.10/dist-packages:/workstation/nav2_ws/install/nav2_common/local/lib/python3.10/dist-packages:${PYTHONPATH} /usr/bin/cmake --build /workstation/nav2_ws/build/costmap_queue -- -j12 -l12
[0.303s] Invoking command in '/workstation/nav2_ws/build/costmap_queue': AMENT_PREFIX_PATH=/workstation/nav2_ws/install/nav2_costmap_2d:/workstation/nav2_ws/install/nav2_map_server:/workstation/nav2_ws/install/nav2_lifecycle_manager:/workstation/nav2_ws/install/nav2_util:/workstation/nav2_ws/install/nav2_voxel_grid:/workstation/nav2_ws/install/nav2_msgs:/workstation/nav2_ws/install/nav2_common:${AMENT_PREFIX_PATH} CMAKE_PREFIX_PATH=/workstation/nav2_ws/install/nav2_costmap_2d:/workstation/nav2_ws/install/nav2_map_server:/workstation/nav2_ws/install/nav2_lifecycle_manager:/workstation/nav2_ws/install/nav2_util:/workstation/nav2_ws/install/nav2_voxel_grid:/workstation/nav2_ws/install/nav2_msgs:/workstation/nav2_ws/install/nav2_common:/opt/ros/humble LD_LIBRARY_PATH=/workstation/nav2_ws/install/nav2_costmap_2d/lib:/workstation/nav2_ws/install/nav2_map_server/lib:/workstation/nav2_ws/install/nav2_lifecycle_manager/lib:/workstation/nav2_ws/install/nav2_util/lib:/workstation/nav2_ws/install/nav2_voxel_grid/lib:/workstation/nav2_ws/install/nav2_msgs/lib:${LD_LIBRARY_PATH} PYTHONPATH=/workstation/nav2_ws/install/nav2_msgs/local/lib/python3.10/dist-packages:/workstation/nav2_ws/install/nav2_common/local/lib/python3.10/dist-packages:${PYTHONPATH} /usr/bin/cmake --install /workstation/nav2_ws/build/costmap_queue
[0.652s] -- Install configuration: "Release"
[0.652s] -- Up-to-date: /workstation/nav2_ws/install/costmap_queue/lib/libcostmap_queue.so
[0.652s] -- Up-to-date: /workstation/nav2_ws/install/costmap_queue/include/
[0.653s] -- Up-to-date: /workstation/nav2_ws/install/costmap_queue/include//costmap_queue
[0.653s] -- Up-to-date: /workstation/nav2_ws/install/costmap_queue/include//costmap_queue/map_based_queue.hpp
[0.653s] -- Up-to-date: /workstation/nav2_ws/install/costmap_queue/include//costmap_queue/costmap_queue.hpp
[0.657s] -- Up-to-date: /workstation/nav2_ws/install/costmap_queue/include//costmap_queue/limited_costmap_queue.hpp
[0.657s] -- Up-to-date: /workstation/nav2_ws/install/costmap_queue/share/costmap_queue/environment/library_path.sh
[0.657s] -- Up-to-date: /workstation/nav2_ws/install/costmap_queue/share/costmap_queue/environment/library_path.dsv
[0.657s] -- Up-to-date: /workstation/nav2_ws/install/costmap_queue/share/ament_index/resource_index/package_run_dependencies/costmap_queue
[0.657s] -- Up-to-date: /workstation/nav2_ws/install/costmap_queue/share/ament_index/resource_index/parent_prefix_path/costmap_queue
[0.657s] -- Up-to-date: /workstation/nav2_ws/install/costmap_queue/share/costmap_queue/environment/ament_prefix_path.sh
[0.658s] -- Up-to-date: /workstation/nav2_ws/install/costmap_queue/share/costmap_queue/environment/ament_prefix_path.dsv
[0.658s] -- Up-to-date: /workstation/nav2_ws/install/costmap_queue/share/costmap_queue/environment/path.sh
[0.658s] -- Up-to-date: /workstation/nav2_ws/install/costmap_queue/share/costmap_queue/environment/path.dsv
[0.658s] -- Up-to-date: /workstation/nav2_ws/install/costmap_queue/share/costmap_queue/local_setup.bash
[0.658s] -- Up-to-date: /workstation/nav2_ws/install/costmap_queue/share/costmap_queue/local_setup.sh
[0.658s] -- Up-to-date: /workstation/nav2_ws/install/costmap_queue/share/costmap_queue/local_setup.zsh
[0.661s] -- Up-to-date: /workstation/nav2_ws/install/costmap_queue/share/costmap_queue/local_setup.dsv
[0.661s] -- Installing: /workstation/nav2_ws/install/costmap_queue/share/costmap_queue/package.dsv
[0.661s] -- Up-to-date: /workstation/nav2_ws/install/costmap_queue/share/ament_index/resource_index/packages/costmap_queue
[0.661s] -- Up-to-date: /workstation/nav2_ws/install/costmap_queue/share/costmap_queue/cmake/ament_cmake_export_include_directories-extras.cmake
[0.661s] -- Up-to-date: /workstation/nav2_ws/install/costmap_queue/share/costmap_queue/cmake/ament_cmake_export_libraries-extras.cmake
[0.661s] -- Up-to-date: /workstation/nav2_ws/install/costmap_queue/share/costmap_queue/cmake/costmap_queueConfig.cmake
[0.662s] -- Up-to-date: /workstation/nav2_ws/install/costmap_queue/share/costmap_queue/cmake/costmap_queueConfig-version.cmake
[0.662s] -- Up-to-date: /workstation/nav2_ws/install/costmap_queue/share/costmap_queue/package.xml
[0.670s] Invoked command in '/workstation/nav2_ws/build/costmap_queue' returned '0': AMENT_PREFIX_PATH=/workstation/nav2_ws/install/nav2_costmap_2d:/workstation/nav2_ws/install/nav2_map_server:/workstation/nav2_ws/install/nav2_lifecycle_manager:/workstation/nav2_ws/install/nav2_util:/workstation/nav2_ws/install/nav2_voxel_grid:/workstation/nav2_ws/install/nav2_msgs:/workstation/nav2_ws/install/nav2_common:${AMENT_PREFIX_PATH} CMAKE_PREFIX_PATH=/workstation/nav2_ws/install/nav2_costmap_2d:/workstation/nav2_ws/install/nav2_map_server:/workstation/nav2_ws/install/nav2_lifecycle_manager:/workstation/nav2_ws/install/nav2_util:/workstation/nav2_ws/install/nav2_voxel_grid:/workstation/nav2_ws/install/nav2_msgs:/workstation/nav2_ws/install/nav2_common:/opt/ros/humble LD_LIBRARY_PATH=/workstation/nav2_ws/install/nav2_costmap_2d/lib:/workstation/nav2_ws/install/nav2_map_server/lib:/workstation/nav2_ws/install/nav2_lifecycle_manager/lib:/workstation/nav2_ws/install/nav2_util/lib:/workstation/nav2_ws/install/nav2_voxel_grid/lib:/workstation/nav2_ws/install/nav2_msgs/lib:${LD_LIBRARY_PATH} PYTHONPATH=/workstation/nav2_ws/install/nav2_msgs/local/lib/python3.10/dist-packages:/workstation/nav2_ws/install/nav2_common/local/lib/python3.10/dist-packages:${PYTHONPATH} /usr/bin/cmake --install /workstation/nav2_ws/build/costmap_queue
