[0.019s] Invoking command in '/workstation/nav2_ws/build/nav2_amcl': AMENT_PREFIX_PATH=/workstation/nav2_ws/install/nav2_util:/workstation/nav2_ws/install/nav2_msgs:/workstation/nav2_ws/install/nav2_common:${AMENT_PREFIX_PATH} CMAKE_PREFIX_PATH=/workstation/nav2_ws/install/nav2_util:/workstation/nav2_ws/install/nav2_msgs:/workstation/nav2_ws/install/nav2_common:/opt/ros/humble LD_LIBRARY_PATH=/workstation/nav2_ws/install/nav2_util/lib:/workstation/nav2_ws/install/nav2_msgs/lib:${LD_LIBRARY_PATH} PYTHONPATH=/workstation/nav2_ws/install/nav2_msgs/local/lib/python3.10/dist-packages:/workstation/nav2_ws/install/nav2_common/local/lib/python3.10/dist-packages:${PYTHONPATH} /usr/bin/cmake /workstation/nav2_ws/src/navigation2/nav2_amcl -DCMAKE_INSTALL_PREFIX=/workstation/nav2_ws/install/nav2_amcl
[0.069s] -- The C compiler identification is GNU 11.4.0
[0.123s] -- The CXX compiler identification is GNU 11.4.0
[0.133s] -- Detecting C compiler ABI info
[0.191s] -- Detecting C compiler ABI info - done
[0.198s] -- Check for working C compiler: /usr/bin/cc - skipped
[0.199s] -- Detecting C compile features
[0.199s] -- Detecting C compile features - done
[0.202s] -- Detecting CXX compiler ABI info
[0.273s] -- Detecting CXX compiler ABI info - done
[0.281s] -- Check for working CXX compiler: /usr/bin/c++ - skipped
[0.281s] -- Detecting CXX compile features
[0.282s] -- Detecting CXX compile features - done
[0.285s] -- Found ament_cmake: 1.3.10 (/opt/ros/humble/share/ament_cmake/cmake)
[0.437s] -- Found Python3: /usr/bin/python3 (found version "3.10.12") found components: Interpreter 
[0.533s] -- Found nav2_common: 1.1.16 (/workstation/nav2_ws/install/nav2_common/share/nav2_common/cmake)
[0.535s] -- Found rclcpp: 16.0.10 (/opt/ros/humble/share/rclcpp/cmake)
[0.588s] -- Found rosidl_generator_c: 3.1.5 (/opt/ros/humble/share/rosidl_generator_c/cmake)
[0.594s] -- Found rosidl_adapter: 3.1.5 (/opt/ros/humble/share/rosidl_adapter/cmake)
[0.602s] -- Found rosidl_generator_cpp: 3.1.5 (/opt/ros/humble/share/rosidl_generator_cpp/cmake)
[0.614s] -- Using all available rosidl_typesupport_c: rosidl_typesupport_fastrtps_c;rosidl_typesupport_introspection_c
[0.631s] -- Using all available rosidl_typesupport_cpp: rosidl_typesupport_fastrtps_cpp;rosidl_typesupport_introspection_cpp
[0.696s] -- Found rmw_implementation_cmake: 6.1.2 (/opt/ros/humble/share/rmw_implementation_cmake/cmake)
[0.700s] -- Found rmw_fastrtps_cpp: 6.2.7 (/opt/ros/humble/share/rmw_fastrtps_cpp/cmake)
[0.792s] -- Found OpenSSL: /usr/lib/x86_64-linux-gnu/libcrypto.so (found version "3.0.2")  
[0.817s] -- Found FastRTPS: /opt/ros/humble/include  
[0.868s] -- Using RMW implementation 'rmw_fastrtps_cpp' as default
[0.882s] -- Looking for pthread.h
[0.948s] -- Looking for pthread.h - found
[0.948s] -- Performing Test CMAKE_HAVE_LIBC_PTHREAD
[1.011s] -- Performing Test CMAKE_HAVE_LIBC_PTHREAD - Success
[1.012s] -- Found Threads: TRUE  
[1.101s] -- Found rclcpp_lifecycle: 16.0.10 (/opt/ros/humble/share/rclcpp_lifecycle/cmake)
[1.125s] -- Found rclcpp_components: 16.0.10 (/opt/ros/humble/share/rclcpp_components/cmake)
[1.154s] -- Found message_filters: 4.3.5 (/opt/ros/humble/share/message_filters/cmake)
[1.158s] -- Found tf2_geometry_msgs: 0.25.8 (/opt/ros/humble/share/tf2_geometry_msgs/cmake)
[1.185s] -- Found eigen3_cmake_module: 0.1.1 (/opt/ros/humble/share/eigen3_cmake_module/cmake)
[1.186s] -- Found Eigen3: TRUE (found version "3.4.0") 
[1.187s] -- Ensuring Eigen3 include directory is part of orocos-kdl CMake target
[1.259s] -- Found nav_msgs: 4.2.4 (/opt/ros/humble/share/nav_msgs/cmake)
[1.277s] -- Found sensor_msgs: 4.2.4 (/opt/ros/humble/share/sensor_msgs/cmake)
[1.300s] -- Found std_srvs: 4.2.4 (/opt/ros/humble/share/std_srvs/cmake)
[1.309s] -- Found nav2_util: 1.1.16 (/workstation/nav2_ws/install/nav2_util/share/nav2_util/cmake)
[1.371s] -- Found pluginlib: 5.1.0 (/opt/ros/humble/share/pluginlib/cmake)
[1.391s] -- Setting build type to Release as none was specified.
[1.392s] -- Looking for drand48
[1.455s] -- Looking for drand48 - found
[1.573s] -- Found ament_lint_auto: 0.12.11 (/opt/ros/humble/share/ament_lint_auto/cmake)
[1.666s] -- Added test 'cppcheck' to perform static code analysis on C / C++ code
[1.667s] -- Configured cppcheck include dirs: /workstation/nav2_ws/src/navigation2/nav2_amcl/include;/workstation/nav2_ws/src/navigation2/nav2_amcl/src/include
[1.668s] -- Configured cppcheck exclude dirs and/or files: 
[1.670s] -- Added test 'lint_cmake' to check CMake code style
[1.674s] -- Added test 'uncrustify' to check C / C++ code style
[1.674s] -- Configured uncrustify additional arguments: 
[1.674s] -- Added test 'xmllint' to check XML markup files
[1.677s] -- Configuring done
[1.826s] -- Generating done
[1.829s] -- Build files have been written to: /workstation/nav2_ws/build/nav2_amcl
[1.848s] Invoked command in '/workstation/nav2_ws/build/nav2_amcl' returned '0': AMENT_PREFIX_PATH=/workstation/nav2_ws/install/nav2_util:/workstation/nav2_ws/install/nav2_msgs:/workstation/nav2_ws/install/nav2_common:${AMENT_PREFIX_PATH} CMAKE_PREFIX_PATH=/workstation/nav2_ws/install/nav2_util:/workstation/nav2_ws/install/nav2_msgs:/workstation/nav2_ws/install/nav2_common:/opt/ros/humble LD_LIBRARY_PATH=/workstation/nav2_ws/install/nav2_util/lib:/workstation/nav2_ws/install/nav2_msgs/lib:${LD_LIBRARY_PATH} PYTHONPATH=/workstation/nav2_ws/install/nav2_msgs/local/lib/python3.10/dist-packages:/workstation/nav2_ws/install/nav2_common/local/lib/python3.10/dist-packages:${PYTHONPATH} /usr/bin/cmake /workstation/nav2_ws/src/navigation2/nav2_amcl -DCMAKE_INSTALL_PREFIX=/workstation/nav2_ws/install/nav2_amcl
[1.849s] Invoking command in '/workstation/nav2_ws/build/nav2_amcl': AMENT_PREFIX_PATH=/workstation/nav2_ws/install/nav2_util:/workstation/nav2_ws/install/nav2_msgs:/workstation/nav2_ws/install/nav2_common:${AMENT_PREFIX_PATH} CMAKE_PREFIX_PATH=/workstation/nav2_ws/install/nav2_util:/workstation/nav2_ws/install/nav2_msgs:/workstation/nav2_ws/install/nav2_common:/opt/ros/humble LD_LIBRARY_PATH=/workstation/nav2_ws/install/nav2_util/lib:/workstation/nav2_ws/install/nav2_msgs/lib:${LD_LIBRARY_PATH} PYTHONPATH=/workstation/nav2_ws/install/nav2_msgs/local/lib/python3.10/dist-packages:/workstation/nav2_ws/install/nav2_common/local/lib/python3.10/dist-packages:${PYTHONPATH} /usr/bin/cmake --build /workstation/nav2_ws/build/nav2_amcl -- -j12 -l12
[1.987s] [  4%] [32mBuilding C object src/pf/CMakeFiles/pf_lib.dir/pf.c.o[0m
[1.988s] [  8%] [32mBuilding C object src/pf/CMakeFiles/pf_lib.dir/pf_kdtree.c.o[0m
[1.994s] [ 12%] [32mBuilding C object src/map/CMakeFiles/map_lib.dir/map.c.o[0m
[1.994s] [ 16%] [32mBuilding C object src/pf/CMakeFiles/pf_lib.dir/pf_pdf.c.o[0m
[1.996s] [ 20%] [32mBuilding C object src/pf/CMakeFiles/pf_lib.dir/pf_vector.c.o[0m
[1.997s] [ 25%] [32mBuilding C object src/map/CMakeFiles/map_lib.dir/map_range.c.o[0m
[1.997s] [ 29%] [32mBuilding C object src/pf/CMakeFiles/pf_lib.dir/eig3.c.o[0m
[2.001s] [ 33%] [32mBuilding C object src/map/CMakeFiles/map_lib.dir/map_draw.c.o[0m
[2.005s] [ 37%] [32mBuilding C object src/pf/CMakeFiles/pf_lib.dir/pf_draw.c.o[0m
[2.011s] [ 41%] [32mBuilding CXX object src/map/CMakeFiles/map_lib.dir/map_cspace.cpp.o[0m
[2.561s] [ 45%] [32m[1mLinking C shared library libpf_lib.so[0m
[2.679s] [ 45%] Built target pf_lib
[2.738s] [ 50%] [32mBuilding CXX object src/motion_model/CMakeFiles/motions_lib.dir/omni_motion_model.cpp.o[0m
[2.750s] [ 54%] [32mBuilding CXX object src/motion_model/CMakeFiles/motions_lib.dir/differential_motion_model.cpp.o[0m
[2.910s] [ 58%] [32m[1mLinking CXX shared library libmap_lib.so[0m
[3.090s] [ 58%] Built target map_lib
[3.159s] [ 62%] [32mBuilding CXX object src/sensors/CMakeFiles/sensors_lib.dir/laser/laser.cpp.o[0m
[3.166s] [ 70%] [32mBuilding CXX object src/sensors/CMakeFiles/sensors_lib.dir/laser/likelihood_field_model.cpp.o[0m
[3.169s] [ 70%] [32mBuilding CXX object src/sensors/CMakeFiles/sensors_lib.dir/laser/beam_model.cpp.o[0m
[3.179s] [ 75%] [32mBuilding CXX object src/sensors/CMakeFiles/sensors_lib.dir/laser/likelihood_field_model_prob.cpp.o[0m
[4.215s] [ 79%] [32m[1mLinking CXX shared library libsensors_lib.so[0m
[4.415s] [ 79%] Built target sensors_lib
[4.459s] [ 83%] [32mBuilding CXX object CMakeFiles/amcl_core.dir/src/amcl_node.cpp.o[0m
[4.974s] [ 87%] [32m[1mLinking CXX shared library libmotions_lib.so[0m
[5.406s] [ 87%] Built target motions_lib
[65.199s] [ 91%] [32m[1mLinking CXX shared library libamcl_core.so[0m
[65.685s] [ 91%] Built target amcl_core
[65.710s] [ 95%] [32mBuilding CXX object CMakeFiles/amcl.dir/src/main.cpp.o[0m
[71.826s] [100%] [32m[1mLinking CXX executable amcl[0m
[72.372s] [100%] Built target amcl
[72.408s] Invoked command in '/workstation/nav2_ws/build/nav2_amcl' returned '0': AMENT_PREFIX_PATH=/workstation/nav2_ws/install/nav2_util:/workstation/nav2_ws/install/nav2_msgs:/workstation/nav2_ws/install/nav2_common:${AMENT_PREFIX_PATH} CMAKE_PREFIX_PATH=/workstation/nav2_ws/install/nav2_util:/workstation/nav2_ws/install/nav2_msgs:/workstation/nav2_ws/install/nav2_common:/opt/ros/humble LD_LIBRARY_PATH=/workstation/nav2_ws/install/nav2_util/lib:/workstation/nav2_ws/install/nav2_msgs/lib:${LD_LIBRARY_PATH} PYTHONPATH=/workstation/nav2_ws/install/nav2_msgs/local/lib/python3.10/dist-packages:/workstation/nav2_ws/install/nav2_common/local/lib/python3.10/dist-packages:${PYTHONPATH} /usr/bin/cmake --build /workstation/nav2_ws/build/nav2_amcl -- -j12 -l12
[72.448s] Invoking command in '/workstation/nav2_ws/build/nav2_amcl': AMENT_PREFIX_PATH=/workstation/nav2_ws/install/nav2_util:/workstation/nav2_ws/install/nav2_msgs:/workstation/nav2_ws/install/nav2_common:${AMENT_PREFIX_PATH} CMAKE_PREFIX_PATH=/workstation/nav2_ws/install/nav2_util:/workstation/nav2_ws/install/nav2_msgs:/workstation/nav2_ws/install/nav2_common:/opt/ros/humble LD_LIBRARY_PATH=/workstation/nav2_ws/install/nav2_util/lib:/workstation/nav2_ws/install/nav2_msgs/lib:${LD_LIBRARY_PATH} PYTHONPATH=/workstation/nav2_ws/install/nav2_msgs/local/lib/python3.10/dist-packages:/workstation/nav2_ws/install/nav2_common/local/lib/python3.10/dist-packages:${PYTHONPATH} /usr/bin/cmake --install /workstation/nav2_ws/build/nav2_amcl
[72.460s] -- Install configuration: "Release"
[72.460s] -- Installing: /workstation/nav2_ws/install/nav2_amcl/lib/libamcl_core.so
[72.463s] -- Set runtime path of "/workstation/nav2_ws/install/nav2_amcl/lib/libamcl_core.so" to ""
[72.463s] -- Installing: /workstation/nav2_ws/install/nav2_amcl/lib/nav2_amcl/amcl
[72.463s] -- Set runtime path of "/workstation/nav2_ws/install/nav2_amcl/lib/nav2_amcl/amcl" to ""
[72.463s] -- Installing: /workstation/nav2_ws/install/nav2_amcl/include/
[72.464s] -- Installing: /workstation/nav2_ws/install/nav2_amcl/include//nav2_amcl
[72.464s] -- Installing: /workstation/nav2_ws/install/nav2_amcl/include//nav2_amcl/pf
[72.464s] -- Installing: /workstation/nav2_ws/install/nav2_amcl/include//nav2_amcl/pf/eig3.hpp
[72.464s] -- Installing: /workstation/nav2_ws/install/nav2_amcl/include//nav2_amcl/pf/pf_kdtree.hpp
[72.464s] -- Installing: /workstation/nav2_ws/install/nav2_amcl/include//nav2_amcl/pf/pf_pdf.hpp
[72.464s] -- Installing: /workstation/nav2_ws/install/nav2_amcl/include//nav2_amcl/pf/pf_vector.hpp
[72.465s] -- Installing: /workstation/nav2_ws/install/nav2_amcl/include//nav2_amcl/pf/pf.hpp
[72.465s] -- Installing: /workstation/nav2_ws/install/nav2_amcl/include//nav2_amcl/angleutils.hpp
[72.465s] -- Installing: /workstation/nav2_ws/install/nav2_amcl/include//nav2_amcl/motion_model
[72.465s] -- Installing: /workstation/nav2_ws/install/nav2_amcl/include//nav2_amcl/motion_model/motion_model.hpp
[72.465s] -- Installing: /workstation/nav2_ws/install/nav2_amcl/include//nav2_amcl/motion_model/differential_motion_model.hpp
[72.465s] -- Installing: /workstation/nav2_ws/install/nav2_amcl/include//nav2_amcl/motion_model/omni_motion_model.hpp
[72.466s] -- Installing: /workstation/nav2_ws/install/nav2_amcl/include//nav2_amcl/amcl_node.hpp
[72.466s] -- Installing: /workstation/nav2_ws/install/nav2_amcl/include//nav2_amcl/map
[72.466s] -- Installing: /workstation/nav2_ws/install/nav2_amcl/include//nav2_amcl/map/map.hpp
[72.466s] -- Installing: /workstation/nav2_ws/install/nav2_amcl/include//nav2_amcl/sensors
[72.466s] -- Installing: /workstation/nav2_ws/install/nav2_amcl/include//nav2_amcl/sensors/laser
[72.466s] -- Installing: /workstation/nav2_ws/install/nav2_amcl/include//nav2_amcl/sensors/laser/laser.hpp
[72.466s] -- Installing: /workstation/nav2_ws/install/nav2_amcl/include//nav2_amcl/portable_utils.hpp
[72.467s] -- Installing: /workstation/nav2_ws/install/nav2_amcl/share/nav2_amcl/environment/library_path.sh
[72.468s] -- Installing: /workstation/nav2_ws/install/nav2_amcl/share/nav2_amcl/environment/library_path.dsv
[72.468s] -- Installing: /workstation/nav2_ws/install/nav2_amcl/share/nav2_amcl/plugins.xml
[72.468s] -- Installing: /workstation/nav2_ws/install/nav2_amcl/share/ament_index/resource_index/package_run_dependencies/nav2_amcl
[72.468s] -- Installing: /workstation/nav2_ws/install/nav2_amcl/share/ament_index/resource_index/parent_prefix_path/nav2_amcl
[72.469s] -- Installing: /workstation/nav2_ws/install/nav2_amcl/share/nav2_amcl/environment/ament_prefix_path.sh
[72.469s] -- Installing: /workstation/nav2_ws/install/nav2_amcl/share/nav2_amcl/environment/ament_prefix_path.dsv
[72.469s] -- Installing: /workstation/nav2_ws/install/nav2_amcl/share/nav2_amcl/environment/path.sh
[72.469s] -- Installing: /workstation/nav2_ws/install/nav2_amcl/share/nav2_amcl/environment/path.dsv
[72.469s] -- Installing: /workstation/nav2_ws/install/nav2_amcl/share/nav2_amcl/local_setup.bash
[72.469s] -- Installing: /workstation/nav2_ws/install/nav2_amcl/share/nav2_amcl/local_setup.sh
[72.470s] -- Installing: /workstation/nav2_ws/install/nav2_amcl/share/nav2_amcl/local_setup.zsh
[72.470s] -- Installing: /workstation/nav2_ws/install/nav2_amcl/share/nav2_amcl/local_setup.dsv
[72.470s] -- Installing: /workstation/nav2_ws/install/nav2_amcl/share/nav2_amcl/package.dsv
[72.471s] -- Installing: /workstation/nav2_ws/install/nav2_amcl/share/ament_index/resource_index/packages/nav2_amcl
[72.472s] -- Installing: /workstation/nav2_ws/install/nav2_amcl/share/ament_index/resource_index/nav2_amcl__pluginlib__plugin/nav2_amcl
[72.472s] -- Installing: /workstation/nav2_ws/install/nav2_amcl/share/ament_index/resource_index/rclcpp_components/nav2_amcl
[72.472s] -- Installing: /workstation/nav2_ws/install/nav2_amcl/share/nav2_amcl/cmake/ament_cmake_export_include_directories-extras.cmake
[72.472s] -- Installing: /workstation/nav2_ws/install/nav2_amcl/share/nav2_amcl/cmake/ament_cmake_export_libraries-extras.cmake
[72.473s] -- Installing: /workstation/nav2_ws/install/nav2_amcl/share/nav2_amcl/cmake/ament_cmake_export_dependencies-extras.cmake
[72.473s] -- Installing: /workstation/nav2_ws/install/nav2_amcl/share/nav2_amcl/cmake/nav2_amclConfig.cmake
[72.473s] -- Installing: /workstation/nav2_ws/install/nav2_amcl/share/nav2_amcl/cmake/nav2_amclConfig-version.cmake
[72.473s] -- Installing: /workstation/nav2_ws/install/nav2_amcl/share/nav2_amcl/package.xml
[72.474s] -- Installing: /workstation/nav2_ws/install/nav2_amcl/lib/libpf_lib.so
[72.474s] -- Installing: /workstation/nav2_ws/install/nav2_amcl/lib/libmap_lib.so
[72.475s] -- Installing: /workstation/nav2_ws/install/nav2_amcl/lib/libmotions_lib.so
[72.475s] -- Set runtime path of "/workstation/nav2_ws/install/nav2_amcl/lib/libmotions_lib.so" to ""
[72.475s] -- Installing: /workstation/nav2_ws/install/nav2_amcl/lib/libsensors_lib.so
[72.476s] -- Set runtime path of "/workstation/nav2_ws/install/nav2_amcl/lib/libsensors_lib.so" to ""
[72.478s] Invoked command in '/workstation/nav2_ws/build/nav2_amcl' returned '0': AMENT_PREFIX_PATH=/workstation/nav2_ws/install/nav2_util:/workstation/nav2_ws/install/nav2_msgs:/workstation/nav2_ws/install/nav2_common:${AMENT_PREFIX_PATH} CMAKE_PREFIX_PATH=/workstation/nav2_ws/install/nav2_util:/workstation/nav2_ws/install/nav2_msgs:/workstation/nav2_ws/install/nav2_common:/opt/ros/humble LD_LIBRARY_PATH=/workstation/nav2_ws/install/nav2_util/lib:/workstation/nav2_ws/install/nav2_msgs/lib:${LD_LIBRARY_PATH} PYTHONPATH=/workstation/nav2_ws/install/nav2_msgs/local/lib/python3.10/dist-packages:/workstation/nav2_ws/install/nav2_common/local/lib/python3.10/dist-packages:${PYTHONPATH} /usr/bin/cmake --install /workstation/nav2_ws/build/nav2_amcl
