[0.128s] Invoking command in '/workstation/nav2_ws/build/nav2_smoother': AMENT_PREFIX_PATH=/workstation/nav2_ws/install/nav2_core:/workstation/nav2_ws/install/nav2_costmap_2d:/workstation/nav2_ws/install/nav_2d_utils:/workstation/nav2_ws/install/nav2_map_server:/workstation/nav2_ws/install/nav2_lifecycle_manager:/workstation/nav2_ws/install/nav2_util:/workstation/nav2_ws/install/nav2_voxel_grid:/workstation/nav2_ws/install/nav2_msgs:/workstation/nav2_ws/install/nav_2d_msgs:/workstation/nav2_ws/install/nav2_common:${AMENT_PREFIX_PATH} CMAKE_PREFIX_PATH=/workstation/nav2_ws/install/nav2_core:/workstation/nav2_ws/install/nav2_costmap_2d:/workstation/nav2_ws/install/nav_2d_utils:/workstation/nav2_ws/install/nav2_map_server:/workstation/nav2_ws/install/nav2_lifecycle_manager:/workstation/nav2_ws/install/nav2_util:/workstation/nav2_ws/install/nav2_voxel_grid:/workstation/nav2_ws/install/nav2_msgs:/workstation/nav2_ws/install/nav_2d_msgs:/workstation/nav2_ws/install/nav2_common:/opt/ros/humble LD_LIBRARY_PATH=/workstation/nav2_ws/install/nav2_costmap_2d/lib:/workstation/nav2_ws/install/nav_2d_utils/lib:/workstation/nav2_ws/install/nav2_map_server/lib:/workstation/nav2_ws/install/nav2_lifecycle_manager/lib:/workstation/nav2_ws/install/nav2_util/lib:/workstation/nav2_ws/install/nav2_voxel_grid/lib:/workstation/nav2_ws/install/nav2_msgs/lib:/workstation/nav2_ws/install/nav_2d_msgs/lib:${LD_LIBRARY_PATH} PYTHONPATH=/workstation/nav2_ws/install/nav2_msgs/local/lib/python3.10/dist-packages:/workstation/nav2_ws/install/nav_2d_msgs/local/lib/python3.10/dist-packages:/workstation/nav2_ws/install/nav2_common/local/lib/python3.10/dist-packages:${PYTHONPATH} /usr/bin/cmake /workstation/nav2_ws/src/navigation2/nav2_smoother -DCMAKE_INSTALL_PREFIX=/workstation/nav2_ws/install/nav2_smoother
[0.270s] -- The C compiler identification is GNU 11.4.0
[0.399s] -- The CXX compiler identification is GNU 11.4.0
[0.415s] -- Detecting C compiler ABI info
[0.564s] -- Detecting C compiler ABI info - done
[0.582s] -- Check for working C compiler: /usr/bin/cc - skipped
[0.582s] -- Detecting C compile features
[0.583s] -- Detecting C compile features - done
[0.589s] -- Detecting CXX compiler ABI info
[0.757s] -- Detecting CXX compiler ABI info - done
[0.783s] -- Check for working CXX compiler: /usr/bin/c++ - skipped
[0.784s] -- Detecting CXX compile features
[0.791s] -- Detecting CXX compile features - done
[0.796s] -- Found ament_cmake: 1.3.10 (/opt/ros/humble/share/ament_cmake/cmake)
[1.100s] -- Found Python3: /usr/bin/python3 (found version "3.10.12") found components: Interpreter 
[1.338s] -- Found nav2_core: 1.1.16 (/workstation/nav2_ws/install/nav2_core/share/nav2_core/cmake)
[1.446s] -- Found rosidl_generator_c: 3.1.5 (/opt/ros/humble/share/rosidl_generator_c/cmake)
[1.461s] -- Found rosidl_adapter: 3.1.5 (/opt/ros/humble/share/rosidl_adapter/cmake)
[1.477s] -- Found rosidl_generator_cpp: 3.1.5 (/opt/ros/humble/share/rosidl_generator_cpp/cmake)
[1.510s] -- Using all available rosidl_typesupport_c: rosidl_typesupport_fastrtps_c;rosidl_typesupport_introspection_c
[1.547s] -- Using all available rosidl_typesupport_cpp: rosidl_typesupport_fastrtps_cpp;rosidl_typesupport_introspection_cpp
[1.644s] -- Found rmw_implementation_cmake: 6.1.2 (/opt/ros/humble/share/rmw_implementation_cmake/cmake)
[1.652s] -- Found rmw_fastrtps_cpp: 6.2.7 (/opt/ros/humble/share/rmw_fastrtps_cpp/cmake)
[1.851s] -- Found OpenSSL: /usr/lib/x86_64-linux-gnu/libcrypto.so (found version "3.0.2")  
[1.911s] -- Found FastRTPS: /opt/ros/humble/include  
[2.011s] -- Using RMW implementation 'rmw_fastrtps_cpp' as default
[2.031s] -- Looking for pthread.h
[2.198s] -- Looking for pthread.h - found
[2.198s] -- Performing Test CMAKE_HAVE_LIBC_PTHREAD
[2.349s] -- Performing Test CMAKE_HAVE_LIBC_PTHREAD - Success
[2.355s] -- Found Threads: TRUE  
[3.007s] -- Found Eigen3: TRUE (found version "3.4.0") 
[3.008s] -- Ensuring Eigen3 include directory is part of orocos-kdl CMake target
[3.248s] -- Found nav2_common: 1.1.16 (/workstation/nav2_ws/install/nav2_common/share/nav2_common/cmake)
[3.253s] -- Found nav_2d_utils: 1.1.16 (/workstation/nav2_ws/install/nav_2d_utils/share/nav_2d_utils/cmake)
[3.309s] -- Setting build type to Release as none was specified.
[4.451s] -- Found ament_lint_auto: 0.12.11 (/opt/ros/humble/share/ament_lint_auto/cmake)
[4.652s] -- Found gtest sources under '/opt/ros/humble/src/gtest_vendor': C++ tests using 'Google Test' will be built
[5.241s] -- Added test 'cppcheck' to perform static code analysis on C / C++ code
[5.241s] -- Configured cppcheck include dirs: /workstation/nav2_ws/src/navigation2/nav2_smoother/include
[5.241s] -- Configured cppcheck exclude dirs and/or files: 
[5.243s] -- Added test 'cpplint' to check C / C++ code against the Google style
[5.243s] -- Configured cpplint exclude dirs and/or files: 
[5.244s] -- Added test 'lint_cmake' to check CMake code style
[5.246s] -- Added test 'uncrustify' to check C / C++ code style
[5.246s] -- Configured uncrustify additional arguments: 
[5.247s] -- Added test 'xmllint' to check XML markup files
[5.252s] -- Configuring done
[5.941s] -- Generating done
[5.945s] -- Build files have been written to: /workstation/nav2_ws/build/nav2_smoother
[5.972s] Invoked command in '/workstation/nav2_ws/build/nav2_smoother' returned '0': AMENT_PREFIX_PATH=/workstation/nav2_ws/install/nav2_core:/workstation/nav2_ws/install/nav2_costmap_2d:/workstation/nav2_ws/install/nav_2d_utils:/workstation/nav2_ws/install/nav2_map_server:/workstation/nav2_ws/install/nav2_lifecycle_manager:/workstation/nav2_ws/install/nav2_util:/workstation/nav2_ws/install/nav2_voxel_grid:/workstation/nav2_ws/install/nav2_msgs:/workstation/nav2_ws/install/nav_2d_msgs:/workstation/nav2_ws/install/nav2_common:${AMENT_PREFIX_PATH} CMAKE_PREFIX_PATH=/workstation/nav2_ws/install/nav2_core:/workstation/nav2_ws/install/nav2_costmap_2d:/workstation/nav2_ws/install/nav_2d_utils:/workstation/nav2_ws/install/nav2_map_server:/workstation/nav2_ws/install/nav2_lifecycle_manager:/workstation/nav2_ws/install/nav2_util:/workstation/nav2_ws/install/nav2_voxel_grid:/workstation/nav2_ws/install/nav2_msgs:/workstation/nav2_ws/install/nav_2d_msgs:/workstation/nav2_ws/install/nav2_common:/opt/ros/humble LD_LIBRARY_PATH=/workstation/nav2_ws/install/nav2_costmap_2d/lib:/workstation/nav2_ws/install/nav_2d_utils/lib:/workstation/nav2_ws/install/nav2_map_server/lib:/workstation/nav2_ws/install/nav2_lifecycle_manager/lib:/workstation/nav2_ws/install/nav2_util/lib:/workstation/nav2_ws/install/nav2_voxel_grid/lib:/workstation/nav2_ws/install/nav2_msgs/lib:/workstation/nav2_ws/install/nav_2d_msgs/lib:${LD_LIBRARY_PATH} PYTHONPATH=/workstation/nav2_ws/install/nav2_msgs/local/lib/python3.10/dist-packages:/workstation/nav2_ws/install/nav_2d_msgs/local/lib/python3.10/dist-packages:/workstation/nav2_ws/install/nav2_common/local/lib/python3.10/dist-packages:${PYTHONPATH} /usr/bin/cmake /workstation/nav2_ws/src/navigation2/nav2_smoother -DCMAKE_INSTALL_PREFIX=/workstation/nav2_ws/install/nav2_smoother
[5.974s] Invoking command in '/workstation/nav2_ws/build/nav2_smoother': AMENT_PREFIX_PATH=/workstation/nav2_ws/install/nav2_core:/workstation/nav2_ws/install/nav2_costmap_2d:/workstation/nav2_ws/install/nav_2d_utils:/workstation/nav2_ws/install/nav2_map_server:/workstation/nav2_ws/install/nav2_lifecycle_manager:/workstation/nav2_ws/install/nav2_util:/workstation/nav2_ws/install/nav2_voxel_grid:/workstation/nav2_ws/install/nav2_msgs:/workstation/nav2_ws/install/nav_2d_msgs:/workstation/nav2_ws/install/nav2_common:${AMENT_PREFIX_PATH} CMAKE_PREFIX_PATH=/workstation/nav2_ws/install/nav2_core:/workstation/nav2_ws/install/nav2_costmap_2d:/workstation/nav2_ws/install/nav_2d_utils:/workstation/nav2_ws/install/nav2_map_server:/workstation/nav2_ws/install/nav2_lifecycle_manager:/workstation/nav2_ws/install/nav2_util:/workstation/nav2_ws/install/nav2_voxel_grid:/workstation/nav2_ws/install/nav2_msgs:/workstation/nav2_ws/install/nav_2d_msgs:/workstation/nav2_ws/install/nav2_common:/opt/ros/humble LD_LIBRARY_PATH=/workstation/nav2_ws/install/nav2_costmap_2d/lib:/workstation/nav2_ws/install/nav_2d_utils/lib:/workstation/nav2_ws/install/nav2_map_server/lib:/workstation/nav2_ws/install/nav2_lifecycle_manager/lib:/workstation/nav2_ws/install/nav2_util/lib:/workstation/nav2_ws/install/nav2_voxel_grid/lib:/workstation/nav2_ws/install/nav2_msgs/lib:/workstation/nav2_ws/install/nav_2d_msgs/lib:${LD_LIBRARY_PATH} PYTHONPATH=/workstation/nav2_ws/install/nav2_msgs/local/lib/python3.10/dist-packages:/workstation/nav2_ws/install/nav_2d_msgs/local/lib/python3.10/dist-packages:/workstation/nav2_ws/install/nav2_common/local/lib/python3.10/dist-packages:${PYTHONPATH} /usr/bin/cmake --build /workstation/nav2_ws/build/nav2_smoother -- -j12 -l12
[77.798s] [  5%] [32mBuilding CXX object CMakeFiles/smoother_server_core.dir/src/nav2_smoother.cpp.o[0m
[77.799s] [ 11%] [32m[1mLinking CXX shared library libsmoother_server_core.so[0m
[77.801s] [ 11%] Built target smoother_server_core
[77.802s] [ 16%] [32mBuilding CXX object gtest/CMakeFiles/gtest.dir/src/gtest-all.cc.o[0m
[77.802s] [ 22%] [32m[1mLinking CXX static library libgtest.a[0m
[77.802s] [ 22%] Built target gtest
[77.802s] [ 27%] [32mBuilding CXX object CMakeFiles/smoother_server.dir/src/main.cpp.o[0m
[77.802s] [ 33%] [32m[1mLinking CXX executable smoother_server[0m
[77.802s] [ 33%] Built target smoother_server
[77.802s] [ 38%] [32mBuilding CXX object gtest/CMakeFiles/gtest_main.dir/src/gtest_main.cc.o[0m
[77.802s] [ 44%] [32m[1mLinking CXX static library libgtest_main.a[0m
[77.803s] [ 44%] Built target gtest_main
[77.803s] [ 50%] [32mBuilding CXX object CMakeFiles/savitzky_golay_smoother.dir/src/savitzky_golay_smoother.cpp.o[0m
[77.803s] [ 55%] [32m[1mLinking CXX shared library libsavitzky_golay_smoother.so[0m
[77.803s] [ 55%] Built target savitzky_golay_smoother
[77.803s] [ 61%] [32mBuilding CXX object test/CMakeFiles/test_smoother_server.dir/test_smoother_server.cpp.o[0m
[86.184s] [ 66%] [32m[1mLinking CXX executable test_smoother_server[0m
[87.288s] [ 66%] Built target test_smoother_server
[87.363s] [ 72%] [32mBuilding CXX object CMakeFiles/simple_smoother.dir/src/simple_smoother.cpp.o[0m
[87.371s] [ 77%] [32mBuilding CXX object test/CMakeFiles/test_savitzky_golay_smoother.dir/test_savitzky_golay_smoother.cpp.o[0m
[101.448s] [ 83%] [32m[1mLinking CXX shared library libsimple_smoother.so[0m
[104.187s] [ 83%] Built target simple_smoother
[107.227s] [ 88%] [32m[1mLinking CXX executable test_savitzky_golay_smoother[0m
[109.535s] [ 88%] Built target test_savitzky_golay_smoother
[109.732s] [ 94%] [32mBuilding CXX object test/CMakeFiles/test_simple_smoother.dir/test_simple_smoother.cpp.o[0m
[124.774s] [100%] [32m[1mLinking CXX executable test_simple_smoother[0m
[125.247s] [100%] Built target test_simple_smoother
[125.268s] Invoked command in '/workstation/nav2_ws/build/nav2_smoother' returned '0': AMENT_PREFIX_PATH=/workstation/nav2_ws/install/nav2_core:/workstation/nav2_ws/install/nav2_costmap_2d:/workstation/nav2_ws/install/nav_2d_utils:/workstation/nav2_ws/install/nav2_map_server:/workstation/nav2_ws/install/nav2_lifecycle_manager:/workstation/nav2_ws/install/nav2_util:/workstation/nav2_ws/install/nav2_voxel_grid:/workstation/nav2_ws/install/nav2_msgs:/workstation/nav2_ws/install/nav_2d_msgs:/workstation/nav2_ws/install/nav2_common:${AMENT_PREFIX_PATH} CMAKE_PREFIX_PATH=/workstation/nav2_ws/install/nav2_core:/workstation/nav2_ws/install/nav2_costmap_2d:/workstation/nav2_ws/install/nav_2d_utils:/workstation/nav2_ws/install/nav2_map_server:/workstation/nav2_ws/install/nav2_lifecycle_manager:/workstation/nav2_ws/install/nav2_util:/workstation/nav2_ws/install/nav2_voxel_grid:/workstation/nav2_ws/install/nav2_msgs:/workstation/nav2_ws/install/nav_2d_msgs:/workstation/nav2_ws/install/nav2_common:/opt/ros/humble LD_LIBRARY_PATH=/workstation/nav2_ws/install/nav2_costmap_2d/lib:/workstation/nav2_ws/install/nav_2d_utils/lib:/workstation/nav2_ws/install/nav2_map_server/lib:/workstation/nav2_ws/install/nav2_lifecycle_manager/lib:/workstation/nav2_ws/install/nav2_util/lib:/workstation/nav2_ws/install/nav2_voxel_grid/lib:/workstation/nav2_ws/install/nav2_msgs/lib:/workstation/nav2_ws/install/nav_2d_msgs/lib:${LD_LIBRARY_PATH} PYTHONPATH=/workstation/nav2_ws/install/nav2_msgs/local/lib/python3.10/dist-packages:/workstation/nav2_ws/install/nav_2d_msgs/local/lib/python3.10/dist-packages:/workstation/nav2_ws/install/nav2_common/local/lib/python3.10/dist-packages:${PYTHONPATH} /usr/bin/cmake --build /workstation/nav2_ws/build/nav2_smoother -- -j12 -l12
[125.310s] Invoking command in '/workstation/nav2_ws/build/nav2_smoother': AMENT_PREFIX_PATH=/workstation/nav2_ws/install/nav2_core:/workstation/nav2_ws/install/nav2_costmap_2d:/workstation/nav2_ws/install/nav_2d_utils:/workstation/nav2_ws/install/nav2_map_server:/workstation/nav2_ws/install/nav2_lifecycle_manager:/workstation/nav2_ws/install/nav2_util:/workstation/nav2_ws/install/nav2_voxel_grid:/workstation/nav2_ws/install/nav2_msgs:/workstation/nav2_ws/install/nav_2d_msgs:/workstation/nav2_ws/install/nav2_common:${AMENT_PREFIX_PATH} CMAKE_PREFIX_PATH=/workstation/nav2_ws/install/nav2_core:/workstation/nav2_ws/install/nav2_costmap_2d:/workstation/nav2_ws/install/nav_2d_utils:/workstation/nav2_ws/install/nav2_map_server:/workstation/nav2_ws/install/nav2_lifecycle_manager:/workstation/nav2_ws/install/nav2_util:/workstation/nav2_ws/install/nav2_voxel_grid:/workstation/nav2_ws/install/nav2_msgs:/workstation/nav2_ws/install/nav_2d_msgs:/workstation/nav2_ws/install/nav2_common:/opt/ros/humble LD_LIBRARY_PATH=/workstation/nav2_ws/install/nav2_costmap_2d/lib:/workstation/nav2_ws/install/nav_2d_utils/lib:/workstation/nav2_ws/install/nav2_map_server/lib:/workstation/nav2_ws/install/nav2_lifecycle_manager/lib:/workstation/nav2_ws/install/nav2_util/lib:/workstation/nav2_ws/install/nav2_voxel_grid/lib:/workstation/nav2_ws/install/nav2_msgs/lib:/workstation/nav2_ws/install/nav_2d_msgs/lib:${LD_LIBRARY_PATH} PYTHONPATH=/workstation/nav2_ws/install/nav2_msgs/local/lib/python3.10/dist-packages:/workstation/nav2_ws/install/nav_2d_msgs/local/lib/python3.10/dist-packages:/workstation/nav2_ws/install/nav2_common/local/lib/python3.10/dist-packages:${PYTHONPATH} /usr/bin/cmake --install /workstation/nav2_ws/build/nav2_smoother
[125.320s] -- Install configuration: "Release"
[125.320s] -- Installing: /workstation/nav2_ws/install/nav2_smoother/share/nav2_smoother/plugins.xml
[125.320s] -- Installing: /workstation/nav2_ws/install/nav2_smoother/lib/libsmoother_server_core.so
[125.322s] -- Set runtime path of "/workstation/nav2_ws/install/nav2_smoother/lib/libsmoother_server_core.so" to ""
[125.322s] -- Installing: /workstation/nav2_ws/install/nav2_smoother/lib/libsimple_smoother.so
[125.322s] -- Set runtime path of "/workstation/nav2_ws/install/nav2_smoother/lib/libsimple_smoother.so" to ""
[125.322s] -- Installing: /workstation/nav2_ws/install/nav2_smoother/lib/libsavitzky_golay_smoother.so
[125.322s] -- Set runtime path of "/workstation/nav2_ws/install/nav2_smoother/lib/libsavitzky_golay_smoother.so" to ""
[125.322s] -- Installing: /workstation/nav2_ws/install/nav2_smoother/lib/nav2_smoother/smoother_server
[125.323s] -- Set runtime path of "/workstation/nav2_ws/install/nav2_smoother/lib/nav2_smoother/smoother_server" to ""
[125.323s] -- Installing: /workstation/nav2_ws/install/nav2_smoother/include/
[125.323s] -- Installing: /workstation/nav2_ws/install/nav2_smoother/include//nav2_smoother
[125.323s] -- Installing: /workstation/nav2_ws/install/nav2_smoother/include//nav2_smoother/savitzky_golay_smoother.hpp
[125.323s] -- Installing: /workstation/nav2_ws/install/nav2_smoother/include//nav2_smoother/simple_smoother.hpp
[125.323s] -- Installing: /workstation/nav2_ws/install/nav2_smoother/include//nav2_smoother/smoother_utils.hpp
[125.324s] -- Installing: /workstation/nav2_ws/install/nav2_smoother/include//nav2_smoother/nav2_smoother.hpp
[125.324s] -- Installing: /workstation/nav2_ws/install/nav2_smoother/share/nav2_smoother/environment/library_path.sh
[125.324s] -- Installing: /workstation/nav2_ws/install/nav2_smoother/share/nav2_smoother/environment/library_path.dsv
[125.324s] -- Installing: /workstation/nav2_ws/install/nav2_smoother/share/ament_index/resource_index/package_run_dependencies/nav2_smoother
[125.324s] -- Installing: /workstation/nav2_ws/install/nav2_smoother/share/ament_index/resource_index/parent_prefix_path/nav2_smoother
[125.324s] -- Installing: /workstation/nav2_ws/install/nav2_smoother/share/nav2_smoother/environment/ament_prefix_path.sh
[125.325s] -- Installing: /workstation/nav2_ws/install/nav2_smoother/share/nav2_smoother/environment/ament_prefix_path.dsv
[125.325s] -- Installing: /workstation/nav2_ws/install/nav2_smoother/share/nav2_smoother/environment/path.sh
[125.325s] -- Installing: /workstation/nav2_ws/install/nav2_smoother/share/nav2_smoother/environment/path.dsv
[125.325s] -- Installing: /workstation/nav2_ws/install/nav2_smoother/share/nav2_smoother/local_setup.bash
[125.325s] -- Installing: /workstation/nav2_ws/install/nav2_smoother/share/nav2_smoother/local_setup.sh
[125.325s] -- Installing: /workstation/nav2_ws/install/nav2_smoother/share/nav2_smoother/local_setup.zsh
[125.326s] -- Installing: /workstation/nav2_ws/install/nav2_smoother/share/nav2_smoother/local_setup.dsv
[125.326s] -- Installing: /workstation/nav2_ws/install/nav2_smoother/share/nav2_smoother/package.dsv
[125.326s] -- Installing: /workstation/nav2_ws/install/nav2_smoother/share/ament_index/resource_index/packages/nav2_smoother
[125.326s] -- Installing: /workstation/nav2_ws/install/nav2_smoother/share/ament_index/resource_index/nav2_core__pluginlib__plugin/nav2_smoother
[125.326s] -- Installing: /workstation/nav2_ws/install/nav2_smoother/share/ament_index/resource_index/rclcpp_components/nav2_smoother
[125.326s] -- Installing: /workstation/nav2_ws/install/nav2_smoother/share/nav2_smoother/cmake/ament_cmake_export_include_directories-extras.cmake
[125.326s] -- Installing: /workstation/nav2_ws/install/nav2_smoother/share/nav2_smoother/cmake/ament_cmake_export_libraries-extras.cmake
[125.327s] -- Installing: /workstation/nav2_ws/install/nav2_smoother/share/nav2_smoother/cmake/ament_cmake_export_dependencies-extras.cmake
[125.327s] -- Installing: /workstation/nav2_ws/install/nav2_smoother/share/nav2_smoother/cmake/nav2_smootherConfig.cmake
[125.327s] -- Installing: /workstation/nav2_ws/install/nav2_smoother/share/nav2_smoother/cmake/nav2_smootherConfig-version.cmake
[125.327s] -- Installing: /workstation/nav2_ws/install/nav2_smoother/share/nav2_smoother/package.xml
[125.330s] Invoked command in '/workstation/nav2_ws/build/nav2_smoother' returned '0': AMENT_PREFIX_PATH=/workstation/nav2_ws/install/nav2_core:/workstation/nav2_ws/install/nav2_costmap_2d:/workstation/nav2_ws/install/nav_2d_utils:/workstation/nav2_ws/install/nav2_map_server:/workstation/nav2_ws/install/nav2_lifecycle_manager:/workstation/nav2_ws/install/nav2_util:/workstation/nav2_ws/install/nav2_voxel_grid:/workstation/nav2_ws/install/nav2_msgs:/workstation/nav2_ws/install/nav_2d_msgs:/workstation/nav2_ws/install/nav2_common:${AMENT_PREFIX_PATH} CMAKE_PREFIX_PATH=/workstation/nav2_ws/install/nav2_core:/workstation/nav2_ws/install/nav2_costmap_2d:/workstation/nav2_ws/install/nav_2d_utils:/workstation/nav2_ws/install/nav2_map_server:/workstation/nav2_ws/install/nav2_lifecycle_manager:/workstation/nav2_ws/install/nav2_util:/workstation/nav2_ws/install/nav2_voxel_grid:/workstation/nav2_ws/install/nav2_msgs:/workstation/nav2_ws/install/nav_2d_msgs:/workstation/nav2_ws/install/nav2_common:/opt/ros/humble LD_LIBRARY_PATH=/workstation/nav2_ws/install/nav2_costmap_2d/lib:/workstation/nav2_ws/install/nav_2d_utils/lib:/workstation/nav2_ws/install/nav2_map_server/lib:/workstation/nav2_ws/install/nav2_lifecycle_manager/lib:/workstation/nav2_ws/install/nav2_util/lib:/workstation/nav2_ws/install/nav2_voxel_grid/lib:/workstation/nav2_ws/install/nav2_msgs/lib:/workstation/nav2_ws/install/nav_2d_msgs/lib:${LD_LIBRARY_PATH} PYTHONPATH=/workstation/nav2_ws/install/nav2_msgs/local/lib/python3.10/dist-packages:/workstation/nav2_ws/install/nav_2d_msgs/local/lib/python3.10/dist-packages:/workstation/nav2_ws/install/nav2_common/local/lib/python3.10/dist-packages:${PYTHONPATH} /usr/bin/cmake --install /workstation/nav2_ws/build/nav2_smoother
