[0.083s] Invoking command in '/workstation/nav2_ws/build/nav2_smac_planner': AMENT_PREFIX_PATH=/workstation/nav2_ws/install/nav2_core:/workstation/nav2_ws/install/nav2_costmap_2d:/workstation/nav2_ws/install/nav2_map_server:/workstation/nav2_ws/install/nav2_lifecycle_manager:/workstation/nav2_ws/install/nav2_util:/workstation/nav2_ws/install/nav2_voxel_grid:/workstation/nav2_ws/install/nav2_msgs:/workstation/nav2_ws/install/nav2_common:${AMENT_PREFIX_PATH} CMAKE_PREFIX_PATH=/workstation/nav2_ws/install/nav2_core:/workstation/nav2_ws/install/nav2_costmap_2d:/workstation/nav2_ws/install/nav2_map_server:/workstation/nav2_ws/install/nav2_lifecycle_manager:/workstation/nav2_ws/install/nav2_util:/workstation/nav2_ws/install/nav2_voxel_grid:/workstation/nav2_ws/install/nav2_msgs:/workstation/nav2_ws/install/nav2_common:/opt/ros/humble LD_LIBRARY_PATH=/workstation/nav2_ws/install/nav2_costmap_2d/lib:/workstation/nav2_ws/install/nav2_map_server/lib:/workstation/nav2_ws/install/nav2_lifecycle_manager/lib:/workstation/nav2_ws/install/nav2_util/lib:/workstation/nav2_ws/install/nav2_voxel_grid/lib:/workstation/nav2_ws/install/nav2_msgs/lib:${LD_LIBRARY_PATH} PYTHONPATH=/workstation/nav2_ws/install/nav2_msgs/local/lib/python3.10/dist-packages:/workstation/nav2_ws/install/nav2_common/local/lib/python3.10/dist-packages:${PYTHONPATH} /usr/bin/cmake --build /workstation/nav2_ws/build/nav2_smac_planner -- -j12 -l12
[0.511s] [  3%] Built target gtest_main
[0.511s] [  6%] Built target gtest
[0.542s] [ 25%] Built target nav2_smac_planner
[0.579s] [ 44%] Built target nav2_smac_planner_2d
[0.589s] [ 62%] Built target nav2_smac_planner_lattice
[0.650s] [ 66%] Built target test_nodebasic
[0.658s] [ 69%] Built target test_collision_checker
[0.660s] [ 72%] Built target test_costmap_downsampler
[0.673s] [ 76%] Built target test_lattice_node
[0.691s] [ 79%] Built target test_a_star
[0.691s] [ 83%] Built target test_nodehybrid
[0.691s] [ 86%] Built target test_node2d
[0.692s] [ 89%] Built target test_smoother
[0.695s] [ 93%] Built target test_smac_hybrid
[0.711s] [ 96%] Built target test_smac_2d
[0.737s] [100%] Built target test_smac_lattice
[0.922s] Invoked command in '/workstation/nav2_ws/build/nav2_smac_planner' returned '0': AMENT_PREFIX_PATH=/workstation/nav2_ws/install/nav2_core:/workstation/nav2_ws/install/nav2_costmap_2d:/workstation/nav2_ws/install/nav2_map_server:/workstation/nav2_ws/install/nav2_lifecycle_manager:/workstation/nav2_ws/install/nav2_util:/workstation/nav2_ws/install/nav2_voxel_grid:/workstation/nav2_ws/install/nav2_msgs:/workstation/nav2_ws/install/nav2_common:${AMENT_PREFIX_PATH} CMAKE_PREFIX_PATH=/workstation/nav2_ws/install/nav2_core:/workstation/nav2_ws/install/nav2_costmap_2d:/workstation/nav2_ws/install/nav2_map_server:/workstation/nav2_ws/install/nav2_lifecycle_manager:/workstation/nav2_ws/install/nav2_util:/workstation/nav2_ws/install/nav2_voxel_grid:/workstation/nav2_ws/install/nav2_msgs:/workstation/nav2_ws/install/nav2_common:/opt/ros/humble LD_LIBRARY_PATH=/workstation/nav2_ws/install/nav2_costmap_2d/lib:/workstation/nav2_ws/install/nav2_map_server/lib:/workstation/nav2_ws/install/nav2_lifecycle_manager/lib:/workstation/nav2_ws/install/nav2_util/lib:/workstation/nav2_ws/install/nav2_voxel_grid/lib:/workstation/nav2_ws/install/nav2_msgs/lib:${LD_LIBRARY_PATH} PYTHONPATH=/workstation/nav2_ws/install/nav2_msgs/local/lib/python3.10/dist-packages:/workstation/nav2_ws/install/nav2_common/local/lib/python3.10/dist-packages:${PYTHONPATH} /usr/bin/cmake --build /workstation/nav2_ws/build/nav2_smac_planner -- -j12 -l12
[1.157s] Invoking command in '/workstation/nav2_ws/build/nav2_smac_planner': AMENT_PREFIX_PATH=/workstation/nav2_ws/install/nav2_core:/workstation/nav2_ws/install/nav2_costmap_2d:/workstation/nav2_ws/install/nav2_map_server:/workstation/nav2_ws/install/nav2_lifecycle_manager:/workstation/nav2_ws/install/nav2_util:/workstation/nav2_ws/install/nav2_voxel_grid:/workstation/nav2_ws/install/nav2_msgs:/workstation/nav2_ws/install/nav2_common:${AMENT_PREFIX_PATH} CMAKE_PREFIX_PATH=/workstation/nav2_ws/install/nav2_core:/workstation/nav2_ws/install/nav2_costmap_2d:/workstation/nav2_ws/install/nav2_map_server:/workstation/nav2_ws/install/nav2_lifecycle_manager:/workstation/nav2_ws/install/nav2_util:/workstation/nav2_ws/install/nav2_voxel_grid:/workstation/nav2_ws/install/nav2_msgs:/workstation/nav2_ws/install/nav2_common:/opt/ros/humble LD_LIBRARY_PATH=/workstation/nav2_ws/install/nav2_costmap_2d/lib:/workstation/nav2_ws/install/nav2_map_server/lib:/workstation/nav2_ws/install/nav2_lifecycle_manager/lib:/workstation/nav2_ws/install/nav2_util/lib:/workstation/nav2_ws/install/nav2_voxel_grid/lib:/workstation/nav2_ws/install/nav2_msgs/lib:${LD_LIBRARY_PATH} PYTHONPATH=/workstation/nav2_ws/install/nav2_msgs/local/lib/python3.10/dist-packages:/workstation/nav2_ws/install/nav2_common/local/lib/python3.10/dist-packages:${PYTHONPATH} /usr/bin/cmake --install /workstation/nav2_ws/build/nav2_smac_planner
[1.187s] -- Install configuration: "Release"
[1.187s] -- Up-to-date: /workstation/nav2_ws/install/nav2_smac_planner/share/nav2_smac_planner/smac_plugin_hybrid.xml
[1.188s] -- Up-to-date: /workstation/nav2_ws/install/nav2_smac_planner/share/nav2_smac_planner/smac_plugin_2d.xml
[1.189s] -- Up-to-date: /workstation/nav2_ws/install/nav2_smac_planner/share/nav2_smac_planner/smac_plugin_lattice.xml
[1.189s] -- Up-to-date: /workstation/nav2_ws/install/nav2_smac_planner/lib/libnav2_smac_planner.so
[1.189s] -- Up-to-date: /workstation/nav2_ws/install/nav2_smac_planner/lib/libnav2_smac_planner_2d.so
[1.189s] -- Up-to-date: /workstation/nav2_ws/install/nav2_smac_planner/lib/libnav2_smac_planner_lattice.so
[1.190s] -- Up-to-date: /workstation/nav2_ws/install/nav2_smac_planner/include/
[1.190s] -- Up-to-date: /workstation/nav2_ws/install/nav2_smac_planner/include//nav2_smac_planner
[1.190s] -- Up-to-date: /workstation/nav2_ws/install/nav2_smac_planner/include//nav2_smac_planner/smoother.hpp
[1.190s] -- Up-to-date: /workstation/nav2_ws/install/nav2_smac_planner/include//nav2_smac_planner/smac_planner_2d.hpp
[1.190s] -- Up-to-date: /workstation/nav2_ws/install/nav2_smac_planner/include//nav2_smac_planner/smac_planner_lattice.hpp
[1.190s] -- Up-to-date: /workstation/nav2_ws/install/nav2_smac_planner/include//nav2_smac_planner/node_basic.hpp
[1.191s] -- Up-to-date: /workstation/nav2_ws/install/nav2_smac_planner/include//nav2_smac_planner/analytic_expansion.hpp
[1.191s] -- Up-to-date: /workstation/nav2_ws/install/nav2_smac_planner/include//nav2_smac_planner/utils.hpp
[1.191s] -- Up-to-date: /workstation/nav2_ws/install/nav2_smac_planner/include//nav2_smac_planner/a_star.hpp
[1.191s] -- Up-to-date: /workstation/nav2_ws/install/nav2_smac_planner/include//nav2_smac_planner/costmap_downsampler.hpp
[1.191s] -- Up-to-date: /workstation/nav2_ws/install/nav2_smac_planner/include//nav2_smac_planner/thirdparty
[1.191s] -- Up-to-date: /workstation/nav2_ws/install/nav2_smac_planner/include//nav2_smac_planner/thirdparty/robin_hood.h
[1.191s] -- Up-to-date: /workstation/nav2_ws/install/nav2_smac_planner/include//nav2_smac_planner/smac_planner_hybrid.hpp
[1.191s] -- Up-to-date: /workstation/nav2_ws/install/nav2_smac_planner/include//nav2_smac_planner/node_hybrid.hpp
[1.191s] -- Up-to-date: /workstation/nav2_ws/install/nav2_smac_planner/include//nav2_smac_planner/types.hpp
[1.191s] -- Up-to-date: /workstation/nav2_ws/install/nav2_smac_planner/include//nav2_smac_planner/collision_checker.hpp
[1.191s] -- Up-to-date: /workstation/nav2_ws/install/nav2_smac_planner/include//nav2_smac_planner/node_2d.hpp
[1.192s] -- Up-to-date: /workstation/nav2_ws/install/nav2_smac_planner/include//nav2_smac_planner/node_lattice.hpp
[1.192s] -- Up-to-date: /workstation/nav2_ws/install/nav2_smac_planner/include//nav2_smac_planner/constants.hpp
[1.192s] -- Up-to-date: /workstation/nav2_ws/install/nav2_smac_planner/share/nav2_smac_planner/sample_primitives
[1.192s] -- Up-to-date: /workstation/nav2_ws/install/nav2_smac_planner/share/nav2_smac_planner/sample_primitives/5cm_resolution
[1.192s] -- Up-to-date: /workstation/nav2_ws/install/nav2_smac_planner/share/nav2_smac_planner/sample_primitives/5cm_resolution/0.5m_turning_radius
[1.192s] -- Up-to-date: /workstation/nav2_ws/install/nav2_smac_planner/share/nav2_smac_planner/sample_primitives/5cm_resolution/0.5m_turning_radius/ackermann
[1.192s] -- Up-to-date: /workstation/nav2_ws/install/nav2_smac_planner/share/nav2_smac_planner/sample_primitives/5cm_resolution/0.5m_turning_radius/ackermann/output.json
[1.192s] -- Up-to-date: /workstation/nav2_ws/install/nav2_smac_planner/share/nav2_smac_planner/sample_primitives/5cm_resolution/0.5m_turning_radius/all_trajectories.png
[1.193s] -- Up-to-date: /workstation/nav2_ws/install/nav2_smac_planner/share/nav2_smac_planner/sample_primitives/5cm_resolution/0.5m_turning_radius/diff
[1.193s] -- Up-to-date: /workstation/nav2_ws/install/nav2_smac_planner/share/nav2_smac_planner/sample_primitives/5cm_resolution/0.5m_turning_radius/diff/output.json
[1.193s] -- Up-to-date: /workstation/nav2_ws/install/nav2_smac_planner/share/nav2_smac_planner/sample_primitives/5cm_resolution/0.5m_turning_radius/omni
[1.193s] -- Up-to-date: /workstation/nav2_ws/install/nav2_smac_planner/share/nav2_smac_planner/sample_primitives/5cm_resolution/0.5m_turning_radius/omni/output.json
[1.193s] -- Up-to-date: /workstation/nav2_ws/install/nav2_smac_planner/share/nav2_smac_planner/sample_primitives/5cm_resolution/1m_turning_radius
[1.193s] -- Up-to-date: /workstation/nav2_ws/install/nav2_smac_planner/share/nav2_smac_planner/sample_primitives/5cm_resolution/1m_turning_radius/ackermann
[1.193s] -- Up-to-date: /workstation/nav2_ws/install/nav2_smac_planner/share/nav2_smac_planner/sample_primitives/5cm_resolution/1m_turning_radius/ackermann/output.json
[1.193s] -- Up-to-date: /workstation/nav2_ws/install/nav2_smac_planner/share/nav2_smac_planner/sample_primitives/5cm_resolution/1m_turning_radius/all_trajectories.png
[1.194s] -- Up-to-date: /workstation/nav2_ws/install/nav2_smac_planner/share/nav2_smac_planner/sample_primitives/5cm_resolution/1m_turning_radius/diff
[1.194s] -- Up-to-date: /workstation/nav2_ws/install/nav2_smac_planner/share/nav2_smac_planner/sample_primitives/5cm_resolution/1m_turning_radius/diff/output.json
[1.194s] -- Up-to-date: /workstation/nav2_ws/install/nav2_smac_planner/share/nav2_smac_planner/sample_primitives/5cm_resolution/1m_turning_radius/omni
[1.194s] -- Up-to-date: /workstation/nav2_ws/install/nav2_smac_planner/share/nav2_smac_planner/sample_primitives/5cm_resolution/1m_turning_radius/omni/output.json
[1.194s] -- Up-to-date: /workstation/nav2_ws/install/nav2_smac_planner/share/nav2_smac_planner/environment/library_path.sh
[1.194s] -- Up-to-date: /workstation/nav2_ws/install/nav2_smac_planner/share/nav2_smac_planner/environment/library_path.dsv
[1.194s] -- Up-to-date: /workstation/nav2_ws/install/nav2_smac_planner/share/ament_index/resource_index/package_run_dependencies/nav2_smac_planner
[1.194s] -- Up-to-date: /workstation/nav2_ws/install/nav2_smac_planner/share/ament_index/resource_index/parent_prefix_path/nav2_smac_planner
[1.194s] -- Up-to-date: /workstation/nav2_ws/install/nav2_smac_planner/share/nav2_smac_planner/environment/ament_prefix_path.sh
[1.195s] -- Up-to-date: /workstation/nav2_ws/install/nav2_smac_planner/share/nav2_smac_planner/environment/ament_prefix_path.dsv
[1.197s] -- Up-to-date: /workstation/nav2_ws/install/nav2_smac_planner/share/nav2_smac_planner/environment/path.sh
[1.197s] -- Up-to-date: /workstation/nav2_ws/install/nav2_smac_planner/share/nav2_smac_planner/environment/path.dsv
[1.197s] -- Up-to-date: /workstation/nav2_ws/install/nav2_smac_planner/share/nav2_smac_planner/local_setup.bash
[1.197s] -- Up-to-date: /workstation/nav2_ws/install/nav2_smac_planner/share/nav2_smac_planner/local_setup.sh
[1.197s] -- Up-to-date: /workstation/nav2_ws/install/nav2_smac_planner/share/nav2_smac_planner/local_setup.zsh
[1.198s] -- Up-to-date: /workstation/nav2_ws/install/nav2_smac_planner/share/nav2_smac_planner/local_setup.dsv
[1.198s] -- Installing: /workstation/nav2_ws/install/nav2_smac_planner/share/nav2_smac_planner/package.dsv
[1.198s] -- Up-to-date: /workstation/nav2_ws/install/nav2_smac_planner/share/ament_index/resource_index/packages/nav2_smac_planner
[1.200s] -- Up-to-date: /workstation/nav2_ws/install/nav2_smac_planner/share/ament_index/resource_index/nav2_core__pluginlib__plugin/nav2_smac_planner
[1.200s] -- Up-to-date: /workstation/nav2_ws/install/nav2_smac_planner/share/nav2_smac_planner/cmake/ament_cmake_export_include_directories-extras.cmake
[1.200s] -- Up-to-date: /workstation/nav2_ws/install/nav2_smac_planner/share/nav2_smac_planner/cmake/ament_cmake_export_libraries-extras.cmake
[1.200s] -- Up-to-date: /workstation/nav2_ws/install/nav2_smac_planner/share/nav2_smac_planner/cmake/ament_cmake_export_dependencies-extras.cmake
[1.200s] -- Up-to-date: /workstation/nav2_ws/install/nav2_smac_planner/share/nav2_smac_planner/cmake/nav2_smac_plannerConfig.cmake
[1.201s] -- Up-to-date: /workstation/nav2_ws/install/nav2_smac_planner/share/nav2_smac_planner/cmake/nav2_smac_plannerConfig-version.cmake
[1.201s] -- Up-to-date: /workstation/nav2_ws/install/nav2_smac_planner/share/nav2_smac_planner/package.xml
[1.312s] Invoked command in '/workstation/nav2_ws/build/nav2_smac_planner' returned '0': AMENT_PREFIX_PATH=/workstation/nav2_ws/install/nav2_core:/workstation/nav2_ws/install/nav2_costmap_2d:/workstation/nav2_ws/install/nav2_map_server:/workstation/nav2_ws/install/nav2_lifecycle_manager:/workstation/nav2_ws/install/nav2_util:/workstation/nav2_ws/install/nav2_voxel_grid:/workstation/nav2_ws/install/nav2_msgs:/workstation/nav2_ws/install/nav2_common:${AMENT_PREFIX_PATH} CMAKE_PREFIX_PATH=/workstation/nav2_ws/install/nav2_core:/workstation/nav2_ws/install/nav2_costmap_2d:/workstation/nav2_ws/install/nav2_map_server:/workstation/nav2_ws/install/nav2_lifecycle_manager:/workstation/nav2_ws/install/nav2_util:/workstation/nav2_ws/install/nav2_voxel_grid:/workstation/nav2_ws/install/nav2_msgs:/workstation/nav2_ws/install/nav2_common:/opt/ros/humble LD_LIBRARY_PATH=/workstation/nav2_ws/install/nav2_costmap_2d/lib:/workstation/nav2_ws/install/nav2_map_server/lib:/workstation/nav2_ws/install/nav2_lifecycle_manager/lib:/workstation/nav2_ws/install/nav2_util/lib:/workstation/nav2_ws/install/nav2_voxel_grid/lib:/workstation/nav2_ws/install/nav2_msgs/lib:${LD_LIBRARY_PATH} PYTHONPATH=/workstation/nav2_ws/install/nav2_msgs/local/lib/python3.10/dist-packages:/workstation/nav2_ws/install/nav2_common/local/lib/python3.10/dist-packages:${PYTHONPATH} /usr/bin/cmake --install /workstation/nav2_ws/build/nav2_smac_planner
