[0.008s] Invoking command in '/workstation/nav2_ws/build/nav2_util': AMENT_PREFIX_PATH=/workstation/nav2_ws/install/nav2_msgs:/workstation/nav2_ws/install/nav2_common:${AMENT_PREFIX_PATH} CMAKE_PREFIX_PATH=/workstation/nav2_ws/install/nav2_msgs:/workstation/nav2_ws/install/nav2_common:/opt/ros/humble LD_LIBRARY_PATH=/workstation/nav2_ws/install/nav2_msgs/lib:${LD_LIBRARY_PATH} PYTHONPATH=/workstation/nav2_ws/install/nav2_msgs/local/lib/python3.10/dist-packages:/workstation/nav2_ws/install/nav2_common/local/lib/python3.10/dist-packages:${PYTHONPATH} /usr/bin/cmake /workstation/nav2_ws/src/navigation2/nav2_util -DCMAKE_INSTALL_PREFIX=/workstation/nav2_ws/install/nav2_util
[0.055s] -- The C compiler identification is GNU 11.4.0
[0.105s] -- The CXX compiler identification is GNU 11.4.0
[0.112s] -- Detecting C compiler ABI info
[0.166s] -- Detecting C compiler ABI info - done
[0.173s] -- Check for working C compiler: /usr/bin/cc - skipped
[0.174s] -- Detecting C compile features
[0.174s] -- Detecting C compile features - done
[0.177s] -- Detecting CXX compiler ABI info
[0.245s] -- Detecting CXX compiler ABI info - done
[0.252s] -- Check for working CXX compiler: /usr/bin/c++ - skipped
[0.252s] -- Detecting CXX compile features
[0.253s] -- Detecting CXX compile features - done
[0.255s] -- Found ament_cmake: 1.3.10 (/opt/ros/humble/share/ament_cmake/cmake)
[0.390s] -- Found Python3: /usr/bin/python3 (found version "3.10.12") found components: Interpreter 
[0.473s] -- Found nav2_common: 1.1.16 (/workstation/nav2_ws/install/nav2_common/share/nav2_common/cmake)
[0.474s] -- Found nav2_msgs: 1.1.16 (/workstation/nav2_ws/install/nav2_msgs/share/nav2_msgs/cmake)
[0.507s] -- Found rosidl_generator_c: 3.1.5 (/opt/ros/humble/share/rosidl_generator_c/cmake)
[0.513s] -- Found rosidl_adapter: 3.1.5 (/opt/ros/humble/share/rosidl_adapter/cmake)
[0.521s] -- Found rosidl_generator_cpp: 3.1.5 (/opt/ros/humble/share/rosidl_generator_cpp/cmake)
[0.534s] -- Using all available rosidl_typesupport_c: rosidl_typesupport_fastrtps_c;rosidl_typesupport_introspection_c
[0.551s] -- Using all available rosidl_typesupport_cpp: rosidl_typesupport_fastrtps_cpp;rosidl_typesupport_introspection_cpp
[0.668s] -- Found tf2_ros: 0.25.8 (/opt/ros/humble/share/tf2_ros/cmake)
[0.740s] -- Found rmw_implementation_cmake: 6.1.2 (/opt/ros/humble/share/rmw_implementation_cmake/cmake)
[0.743s] -- Found rmw_fastrtps_cpp: 6.2.7 (/opt/ros/humble/share/rmw_fastrtps_cpp/cmake)
[0.819s] -- Found OpenSSL: /usr/lib/x86_64-linux-gnu/libcrypto.so (found version "3.0.2")  
[0.846s] -- Found FastRTPS: /opt/ros/humble/include  
[0.888s] -- Using RMW implementation 'rmw_fastrtps_cpp' as default
[0.897s] -- Looking for pthread.h
[0.956s] -- Looking for pthread.h - found
[0.957s] -- Performing Test CMAKE_HAVE_LIBC_PTHREAD
[1.017s] -- Performing Test CMAKE_HAVE_LIBC_PTHREAD - Success
[1.018s] -- Found Threads: TRUE  
[1.106s] -- Found tf2_geometry_msgs: 0.25.8 (/opt/ros/humble/share/tf2_geometry_msgs/cmake)
[1.121s] -- Found eigen3_cmake_module: 0.1.1 (/opt/ros/humble/share/eigen3_cmake_module/cmake)
[1.122s] -- Found Eigen3: TRUE (found version "3.4.0") 
[1.122s] -- Ensuring Eigen3 include directory is part of orocos-kdl CMake target
[1.126s] -- Found lifecycle_msgs: 1.2.1 (/opt/ros/humble/share/lifecycle_msgs/cmake)
[1.140s] -- Found rclcpp_lifecycle: 16.0.10 (/opt/ros/humble/share/rclcpp_lifecycle/cmake)
[1.151s] -- Found bondcpp: 3.0.2 (/opt/ros/humble/share/bondcpp/cmake)
[1.176s] -- Setting build type to Release as none was specified.
[1.194s] -- Found Boost: /usr/lib/x86_64-linux-gnu/cmake/Boost-1.74.0/BoostConfig.cmake (found version "1.74.0") found components: program_options 
[1.198s] -- Found ament_lint_auto: 0.12.11 (/opt/ros/humble/share/ament_lint_auto/cmake)
[1.200s] -- Found ament_cmake_pytest: 1.3.10 (/opt/ros/humble/share/ament_cmake_pytest/cmake)
[1.202s] -- Found launch_testing_ament_cmake: 1.0.6 (/opt/ros/humble/share/launch_testing_ament_cmake/cmake)
[1.204s] -- Found python_cmake_module: 0.10.0 (/opt/ros/humble/share/python_cmake_module/cmake)
[1.223s] -- Found PythonInterp: /usr/bin/python3 (found suitable version "3.10.12", minimum required is "3.6") 
[1.226s] -- Found PythonLibs: /usr/lib/x86_64-linux-gnu/libpython3.10.so (found suitable version "3.10.12", minimum required is "3.5") 
[1.226s] -- Using PYTHON_EXECUTABLE: /usr/bin/python3
[1.226s] -- Using PYTHON_INCLUDE_DIRS: /usr/include/python3.10
[1.226s] -- Using PYTHON_LIBRARIES: /usr/lib/x86_64-linux-gnu/libpython3.10.so
[1.245s] -- Found PythonExtra: .so  
[1.383s] -- Found gtest sources under '/opt/ros/humble/src/gtest_vendor': C++ tests using 'Google Test' will be built
[1.414s] -- Added test 'copyright' to check source files copyright and LICENSE
[1.417s] -- Added test 'cppcheck' to perform static code analysis on C / C++ code
[1.417s] -- Configured cppcheck include dirs: /workstation/nav2_ws/src/navigation2/nav2_util/include
[1.417s] -- Configured cppcheck exclude dirs and/or files: 
[1.420s] -- Added test 'cpplint' to check C / C++ code against the Google style
[1.420s] -- Configured cpplint exclude dirs and/or files: 
[1.421s] -- Added test 'lint_cmake' to check CMake code style
[1.424s] -- Added test 'uncrustify' to check C / C++ code style
[1.424s] -- Configured uncrustify additional arguments: 
[1.424s] -- Added test 'xmllint' to check XML markup files
[1.427s] -- Configuring done
[1.584s] -- Generating done
[1.587s] -- Build files have been written to: /workstation/nav2_ws/build/nav2_util
[1.597s] Invoked command in '/workstation/nav2_ws/build/nav2_util' returned '0': AMENT_PREFIX_PATH=/workstation/nav2_ws/install/nav2_msgs:/workstation/nav2_ws/install/nav2_common:${AMENT_PREFIX_PATH} CMAKE_PREFIX_PATH=/workstation/nav2_ws/install/nav2_msgs:/workstation/nav2_ws/install/nav2_common:/opt/ros/humble LD_LIBRARY_PATH=/workstation/nav2_ws/install/nav2_msgs/lib:${LD_LIBRARY_PATH} PYTHONPATH=/workstation/nav2_ws/install/nav2_msgs/local/lib/python3.10/dist-packages:/workstation/nav2_ws/install/nav2_common/local/lib/python3.10/dist-packages:${PYTHONPATH} /usr/bin/cmake /workstation/nav2_ws/src/navigation2/nav2_util -DCMAKE_INSTALL_PREFIX=/workstation/nav2_ws/install/nav2_util
[1.599s] Invoking command in '/workstation/nav2_ws/build/nav2_util': AMENT_PREFIX_PATH=/workstation/nav2_ws/install/nav2_msgs:/workstation/nav2_ws/install/nav2_common:${AMENT_PREFIX_PATH} CMAKE_PREFIX_PATH=/workstation/nav2_ws/install/nav2_msgs:/workstation/nav2_ws/install/nav2_common:/opt/ros/humble LD_LIBRARY_PATH=/workstation/nav2_ws/install/nav2_msgs/lib:${LD_LIBRARY_PATH} PYTHONPATH=/workstation/nav2_ws/install/nav2_msgs/local/lib/python3.10/dist-packages:/workstation/nav2_ws/install/nav2_common/local/lib/python3.10/dist-packages:${PYTHONPATH} /usr/bin/cmake --build /workstation/nav2_ws/build/nav2_util -- -j12 -l12
[1.642s] [  2%] [32mBuilding CXX object gtest/CMakeFiles/gtest_main.dir/src/gtest_main.cc.o[0m
[1.645s] [ 10%] [32mBuilding CXX object src/CMakeFiles/nav2_util_core.dir/node_utils.cpp.o[0m
[1.645s] [ 10%] [32mBuilding CXX object src/CMakeFiles/nav2_util_core.dir/costmap.cpp.o[0m
[1.645s] [ 12%] [32mBuilding CXX object src/CMakeFiles/nav2_util_core.dir/lifecycle_service_client.cpp.o[0m
[1.645s] [ 12%] [32mBuilding CXX object gtest/CMakeFiles/gtest.dir/src/gtest-all.cc.o[0m
[1.646s] [ 17%] [32mBuilding CXX object src/CMakeFiles/nav2_util_core.dir/string_utils.cpp.o[0m
[1.646s] [ 17%] [32mBuilding CXX object src/CMakeFiles/nav2_util_core.dir/lifecycle_utils.cpp.o[0m
[1.646s] [ 20%] [32mBuilding CXX object src/CMakeFiles/nav2_util_core.dir/lifecycle_node.cpp.o[0m
[1.646s] [ 22%] [32mBuilding CXX object src/CMakeFiles/nav2_util_core.dir/robot_utils.cpp.o[0m
[1.646s] [ 25%] [32mBuilding CXX object src/CMakeFiles/nav2_util_core.dir/node_thread.cpp.o[0m
[1.648s] [ 27%] [32mBuilding CXX object src/CMakeFiles/nav2_util_core.dir/odometry_utils.cpp.o[0m
[3.163s] [ 30%] [32m[1mLinking CXX static library libgtest_main.a[0m
[3.210s] [ 30%] Built target gtest_main
[10.386s] [ 32%] [32m[1mLinking CXX static library libgtest.a[0m
[10.417s] [ 32%] Built target gtest
[10.434s] [ 35%] [32mBuilding CXX object test/CMakeFiles/test_execution_timer.dir/test_execution_timer.cpp.o[0m
[11.612s] [ 37%] [32m[1mLinking CXX executable test_execution_timer[0m
[11.686s] [ 37%] Built target test_execution_timer
[12.364s] [ 40%] [32m[1mLinking CXX shared library libnav2_util_core.so[0m
[12.545s] [ 40%] Built target nav2_util_core
[12.573s] [ 52%] [32mBuilding CXX object test/CMakeFiles/test_node_utils.dir/test_node_utils.cpp.o[0m
[12.573s] [ 52%] [32mBuilding CXX object test/CMakeFiles/test_string_utils.dir/test_string_utils.cpp.o[0m
[12.573s] [ 52%] [32mBuilding CXX object test/CMakeFiles/test_service_client.dir/test_service_client.cpp.o[0m
[12.573s] [ 52%] [32mBuilding CXX object test/CMakeFiles/test_lifecycle_utils.dir/test_lifecycle_utils.cpp.o[0m
[12.573s] [ 52%] [32mBuilding CXX object src/CMakeFiles/lifecycle_bringup.dir/lifecycle_bringup_commandline.cpp.o[0m
[12.574s] [ 55%] [32mBuilding CXX object test/CMakeFiles/test_lifecycle_cli_node.dir/test_lifecycle_cli_node.cpp.o[0m
[12.574s] [ 57%] [32mBuilding CXX object test/CMakeFiles/test_lifecycle_node.dir/test_lifecycle_node.cpp.o[0m
[12.574s] [ 60%] [32mBuilding CXX object test/CMakeFiles/test_actions.dir/test_actions.cpp.o[0m
[12.574s] [ 65%] [32mBuilding CXX object test/CMakeFiles/test_robot_utils.dir/test_robot_utils.cpp.o[0m
[12.574s] [ 65%] [32mBuilding CXX object test/CMakeFiles/test_geometry_utils.dir/test_geometry_utils.cpp.o[0m
[12.574s] [ 67%] [32mBuilding CXX object test/CMakeFiles/test_validation_messages.dir/test_validation_messages.cpp.o[0m
[12.574s] [ 70%] [32mBuilding CXX object test/CMakeFiles/test_odometry_utils.dir/test_odometry_utils.cpp.o[0m
[15.064s] [ 72%] [32m[1mLinking CXX executable test_string_utils[0m
[15.331s] [ 72%] Built target test_string_utils
[15.658s] [ 75%] [32m[1mLinking CXX executable test_validation_messages[0m
[16.074s] [ 75%] Built target test_validation_messages
[17.694s] [ 77%] [32m[1mLinking CXX executable lifecycle_bringup[0m
[17.954s] [ 77%] Built target lifecycle_bringup
[18.507s] [ 80%] [32m[1mLinking CXX executable test_lifecycle_utils[0m
[18.705s] [ 80%] Built target test_lifecycle_utils
[19.161s] [ 82%] [32m[1mLinking CXX executable test_geometry_utils[0m
[19.277s] [ 85%] [32m[1mLinking CXX executable test_robot_utils[0m
[19.315s] [ 87%] [32m[1mLinking CXX executable test_lifecycle_node[0m
[19.433s] [ 90%] [32m[1mLinking CXX executable test_lifecycle_cli_node[0m
[19.525s] [ 90%] Built target test_lifecycle_node
[19.559s] [ 90%] Built target test_geometry_utils
[19.599s] [ 90%] Built target test_robot_utils
[19.649s] [ 90%] Built target test_lifecycle_cli_node
[20.015s] [ 92%] [32m[1mLinking CXX executable test_node_utils[0m
[20.191s] [ 92%] Built target test_node_utils
[21.377s] [ 95%] [32m[1mLinking CXX executable test_odometry_utils[0m
[21.551s] [ 95%] Built target test_odometry_utils
[27.758s] [ 97%] [32m[1mLinking CXX executable test_service_client[0m
[27.945s] [ 97%] Built target test_service_client
[30.684s] [100%] [32m[1mLinking CXX executable test_actions[0m
[30.945s] [100%] Built target test_actions
[30.954s] Invoked command in '/workstation/nav2_ws/build/nav2_util' returned '0': AMENT_PREFIX_PATH=/workstation/nav2_ws/install/nav2_msgs:/workstation/nav2_ws/install/nav2_common:${AMENT_PREFIX_PATH} CMAKE_PREFIX_PATH=/workstation/nav2_ws/install/nav2_msgs:/workstation/nav2_ws/install/nav2_common:/opt/ros/humble LD_LIBRARY_PATH=/workstation/nav2_ws/install/nav2_msgs/lib:${LD_LIBRARY_PATH} PYTHONPATH=/workstation/nav2_ws/install/nav2_msgs/local/lib/python3.10/dist-packages:/workstation/nav2_ws/install/nav2_common/local/lib/python3.10/dist-packages:${PYTHONPATH} /usr/bin/cmake --build /workstation/nav2_ws/build/nav2_util -- -j12 -l12
[30.979s] Invoking command in '/workstation/nav2_ws/build/nav2_util': AMENT_PREFIX_PATH=/workstation/nav2_ws/install/nav2_msgs:/workstation/nav2_ws/install/nav2_common:${AMENT_PREFIX_PATH} CMAKE_PREFIX_PATH=/workstation/nav2_ws/install/nav2_msgs:/workstation/nav2_ws/install/nav2_common:/opt/ros/humble LD_LIBRARY_PATH=/workstation/nav2_ws/install/nav2_msgs/lib:${LD_LIBRARY_PATH} PYTHONPATH=/workstation/nav2_ws/install/nav2_msgs/local/lib/python3.10/dist-packages:/workstation/nav2_ws/install/nav2_common/local/lib/python3.10/dist-packages:${PYTHONPATH} /usr/bin/cmake --install /workstation/nav2_ws/build/nav2_util
[30.985s] -- Install configuration: "Release"
[30.986s] -- Installing: /workstation/nav2_ws/install/nav2_util/include/
[30.986s] -- Installing: /workstation/nav2_ws/install/nav2_util/include//nav2_util
[30.986s] -- Installing: /workstation/nav2_ws/install/nav2_util/include//nav2_util/lifecycle_service_client.hpp
[30.986s] -- Installing: /workstation/nav2_ws/install/nav2_util/include//nav2_util/lifecycle_utils.hpp
[30.986s] -- Installing: /workstation/nav2_ws/install/nav2_util/include//nav2_util/node_thread.hpp
[30.986s] -- Installing: /workstation/nav2_ws/install/nav2_util/include//nav2_util/node_utils.hpp
[30.986s] -- Installing: /workstation/nav2_ws/install/nav2_util/include//nav2_util/validate_messages.hpp
[30.986s] -- Installing: /workstation/nav2_ws/install/nav2_util/include//nav2_util/line_iterator.hpp
[30.986s] -- Installing: /workstation/nav2_ws/install/nav2_util/include//nav2_util/geometry_utils.hpp
[30.986s] -- Installing: /workstation/nav2_ws/install/nav2_util/include//nav2_util/execution_timer.hpp
[30.986s] -- Installing: /workstation/nav2_ws/install/nav2_util/include//nav2_util/string_utils.hpp
[30.987s] -- Installing: /workstation/nav2_ws/install/nav2_util/include//nav2_util/robot_utils.hpp
[30.987s] -- Installing: /workstation/nav2_ws/install/nav2_util/include//nav2_util/lifecycle_node.hpp
[30.987s] -- Installing: /workstation/nav2_ws/install/nav2_util/include//nav2_util/odometry_utils.hpp
[30.987s] -- Installing: /workstation/nav2_ws/install/nav2_util/include//nav2_util/costmap.hpp
[30.987s] -- Installing: /workstation/nav2_ws/install/nav2_util/include//nav2_util/simple_action_server.hpp
[30.987s] -- Installing: /workstation/nav2_ws/install/nav2_util/include//nav2_util/service_client.hpp
[30.987s] -- Installing: /workstation/nav2_ws/install/nav2_util/include//nav2_util/occ_grid_values.hpp
[30.987s] -- Installing: /workstation/nav2_ws/install/nav2_util/include//nav2_util/clear_entirely_costmap_service_client.hpp
[30.988s] -- Installing: /workstation/nav2_ws/install/nav2_util/share/nav2_util/environment/library_path.sh
[30.988s] -- Installing: /workstation/nav2_ws/install/nav2_util/share/nav2_util/environment/library_path.dsv
[30.988s] -- Installing: /workstation/nav2_ws/install/nav2_util/share/ament_index/resource_index/package_run_dependencies/nav2_util
[30.988s] -- Installing: /workstation/nav2_ws/install/nav2_util/share/ament_index/resource_index/parent_prefix_path/nav2_util
[30.988s] -- Installing: /workstation/nav2_ws/install/nav2_util/share/nav2_util/environment/ament_prefix_path.sh
[30.988s] -- Installing: /workstation/nav2_ws/install/nav2_util/share/nav2_util/environment/ament_prefix_path.dsv
[30.988s] -- Installing: /workstation/nav2_ws/install/nav2_util/share/nav2_util/environment/path.sh
[30.989s] -- Installing: /workstation/nav2_ws/install/nav2_util/share/nav2_util/environment/path.dsv
[30.989s] -- Installing: /workstation/nav2_ws/install/nav2_util/share/nav2_util/local_setup.bash
[30.989s] -- Installing: /workstation/nav2_ws/install/nav2_util/share/nav2_util/local_setup.sh
[30.989s] -- Installing: /workstation/nav2_ws/install/nav2_util/share/nav2_util/local_setup.zsh
[30.989s] -- Installing: /workstation/nav2_ws/install/nav2_util/share/nav2_util/local_setup.dsv
[30.989s] -- Installing: /workstation/nav2_ws/install/nav2_util/share/nav2_util/package.dsv
[30.989s] -- Installing: /workstation/nav2_ws/install/nav2_util/share/ament_index/resource_index/packages/nav2_util
[30.989s] -- Installing: /workstation/nav2_ws/install/nav2_util/share/nav2_util/cmake/ament_cmake_export_include_directories-extras.cmake
[30.990s] -- Installing: /workstation/nav2_ws/install/nav2_util/share/nav2_util/cmake/ament_cmake_export_libraries-extras.cmake
[30.990s] -- Installing: /workstation/nav2_ws/install/nav2_util/share/nav2_util/cmake/ament_cmake_export_dependencies-extras.cmake
[30.990s] -- Installing: /workstation/nav2_ws/install/nav2_util/share/nav2_util/cmake/nav2_utilConfig.cmake
[30.990s] -- Installing: /workstation/nav2_ws/install/nav2_util/share/nav2_util/cmake/nav2_utilConfig-version.cmake
[30.990s] -- Installing: /workstation/nav2_ws/install/nav2_util/share/nav2_util/package.xml
[30.990s] -- Installing: /workstation/nav2_ws/install/nav2_util/lib/libnav2_util_core.so
[30.991s] -- Set runtime path of "/workstation/nav2_ws/install/nav2_util/lib/libnav2_util_core.so" to ""
[30.992s] -- Installing: /workstation/nav2_ws/install/nav2_util/lib/nav2_util/lifecycle_bringup
[30.992s] -- Set runtime path of "/workstation/nav2_ws/install/nav2_util/lib/nav2_util/lifecycle_bringup" to ""
[30.994s] Invoked command in '/workstation/nav2_ws/build/nav2_util' returned '0': AMENT_PREFIX_PATH=/workstation/nav2_ws/install/nav2_msgs:/workstation/nav2_ws/install/nav2_common:${AMENT_PREFIX_PATH} CMAKE_PREFIX_PATH=/workstation/nav2_ws/install/nav2_msgs:/workstation/nav2_ws/install/nav2_common:/opt/ros/humble LD_LIBRARY_PATH=/workstation/nav2_ws/install/nav2_msgs/lib:${LD_LIBRARY_PATH} PYTHONPATH=/workstation/nav2_ws/install/nav2_msgs/local/lib/python3.10/dist-packages:/workstation/nav2_ws/install/nav2_common/local/lib/python3.10/dist-packages:${PYTHONPATH} /usr/bin/cmake --install /workstation/nav2_ws/build/nav2_util
