[0.015s] Invoking command in '/workstation/nav2_ws/build/nav_2d_msgs': CMAKE_PREFIX_PATH=/opt/ros/humble /usr/bin/cmake --build /workstation/nav2_ws/build/nav_2d_msgs -- -j12 -l12
[0.078s] [  1%] Built target nav_2d_msgs__cpp
[0.085s] [ 12%] Built target nav_2d_msgs__rosidl_generator_c
[0.099s] [ 12%] Built target ament_cmake_python_copy_nav_2d_msgs
[0.126s] [ 23%] Built target nav_2d_msgs__rosidl_typesupport_cpp
[0.133s] [ 50%] Built target nav_2d_msgs__rosidl_typesupport_fastrtps_cpp
[0.133s] [ 54%] Built target nav_2d_msgs__rosidl_typesupport_introspection_cpp
[0.134s] [ 57%] Built target nav_2d_msgs__rosidl_typesupport_introspection_c
[0.146s] [ 69%] Built target nav_2d_msgs__rosidl_typesupport_c
[0.147s] [ 80%] Built target nav_2d_msgs__rosidl_typesupport_fastrtps_c
[0.172s] [ 80%] Built target nav_2d_msgs
[0.196s] [ 81%] Built target nav_2d_msgs__py
[0.221s] [ 91%] Built target nav_2d_msgs__rosidl_generator_py
[0.252s] [ 94%] Built target nav_2d_msgs__rosidl_typesupport_c__pyext
[0.253s] [ 97%] Built target nav_2d_msgs__rosidl_typesupport_fastrtps_c__pyext
[0.255s] [100%] Built target nav_2d_msgs__rosidl_typesupport_introspection_c__pyext
[0.389s] running egg_info
[0.390s] writing nav_2d_msgs.egg-info/PKG-INFO
[0.390s] writing dependency_links to nav_2d_msgs.egg-info/dependency_links.txt
[0.391s] writing top-level names to nav_2d_msgs.egg-info/top_level.txt
[0.396s] reading manifest file 'nav_2d_msgs.egg-info/SOURCES.txt'
[0.397s] writing manifest file 'nav_2d_msgs.egg-info/SOURCES.txt'
[0.443s] [100%] Built target ament_cmake_python_build_nav_2d_msgs_egg
[0.456s] Invoked command in '/workstation/nav2_ws/build/nav_2d_msgs' returned '0': CMAKE_PREFIX_PATH=/opt/ros/humble /usr/bin/cmake --build /workstation/nav2_ws/build/nav_2d_msgs -- -j12 -l12
[0.597s] Invoking command in '/workstation/nav2_ws/build/nav_2d_msgs': CMAKE_PREFIX_PATH=/opt/ros/humble /usr/bin/cmake --install /workstation/nav2_ws/build/nav_2d_msgs
[0.609s] -- Install configuration: ""
[0.610s] -- Up-to-date: /workstation/nav2_ws/install/nav_2d_msgs/share/ament_index/resource_index/rosidl_interfaces/nav_2d_msgs
[0.610s] -- Up-to-date: /workstation/nav2_ws/install/nav_2d_msgs/include/nav_2d_msgs/nav_2d_msgs
[0.610s] -- Up-to-date: /workstation/nav2_ws/install/nav_2d_msgs/include/nav_2d_msgs/nav_2d_msgs/msg
[0.611s] -- Up-to-date: /workstation/nav2_ws/install/nav_2d_msgs/include/nav_2d_msgs/nav_2d_msgs/msg/detail
[0.611s] -- Up-to-date: /workstation/nav2_ws/install/nav_2d_msgs/include/nav_2d_msgs/nav_2d_msgs/msg/detail/twist2_d_stamped__type_support.h
[0.611s] -- Up-to-date: /workstation/nav2_ws/install/nav_2d_msgs/include/nav_2d_msgs/nav_2d_msgs/msg/detail/twist2_d32__type_support.h
[0.611s] -- Up-to-date: /workstation/nav2_ws/install/nav_2d_msgs/include/nav_2d_msgs/nav_2d_msgs/msg/detail/path2_d__type_support.h
[0.612s] -- Up-to-date: /workstation/nav2_ws/install/nav_2d_msgs/include/nav_2d_msgs/nav_2d_msgs/msg/detail/twist2_d__type_support.h
[0.612s] -- Up-to-date: /workstation/nav2_ws/install/nav_2d_msgs/include/nav_2d_msgs/nav_2d_msgs/msg/detail/pose2_d_stamped__functions.h
[0.612s] -- Up-to-date: /workstation/nav2_ws/install/nav_2d_msgs/include/nav_2d_msgs/nav_2d_msgs/msg/detail/twist2_d__struct.h
[0.612s] -- Up-to-date: /workstation/nav2_ws/install/nav_2d_msgs/include/nav_2d_msgs/nav_2d_msgs/msg/detail/pose2_d_stamped__type_support.h
[0.612s] -- Up-to-date: /workstation/nav2_ws/install/nav_2d_msgs/include/nav_2d_msgs/nav_2d_msgs/msg/detail/twist2_d32__struct.h
[0.612s] -- Up-to-date: /workstation/nav2_ws/install/nav_2d_msgs/include/nav_2d_msgs/nav_2d_msgs/msg/detail/pose2_d32__type_support.h
[0.612s] -- Up-to-date: /workstation/nav2_ws/install/nav_2d_msgs/include/nav_2d_msgs/nav_2d_msgs/msg/detail/twist2_d_stamped__struct.h
[0.612s] -- Up-to-date: /workstation/nav2_ws/install/nav_2d_msgs/include/nav_2d_msgs/nav_2d_msgs/msg/detail/twist2_d__functions.h
[0.613s] -- Up-to-date: /workstation/nav2_ws/install/nav_2d_msgs/include/nav_2d_msgs/nav_2d_msgs/msg/detail/twist2_d_stamped__functions.h
[0.613s] -- Up-to-date: /workstation/nav2_ws/install/nav_2d_msgs/include/nav_2d_msgs/nav_2d_msgs/msg/detail/pose2_d32__functions.h
[0.613s] -- Up-to-date: /workstation/nav2_ws/install/nav_2d_msgs/include/nav_2d_msgs/nav_2d_msgs/msg/detail/twist2_d__functions.c
[0.613s] -- Up-to-date: /workstation/nav2_ws/install/nav_2d_msgs/include/nav_2d_msgs/nav_2d_msgs/msg/detail/pose2_d32__struct.h
[0.613s] -- Up-to-date: /workstation/nav2_ws/install/nav_2d_msgs/include/nav_2d_msgs/nav_2d_msgs/msg/detail/path2_d__functions.c
[0.613s] -- Up-to-date: /workstation/nav2_ws/install/nav_2d_msgs/include/nav_2d_msgs/nav_2d_msgs/msg/detail/path2_d__struct.h
[0.613s] -- Up-to-date: /workstation/nav2_ws/install/nav_2d_msgs/include/nav_2d_msgs/nav_2d_msgs/msg/detail/twist2_d32__functions.c
[0.613s] -- Up-to-date: /workstation/nav2_ws/install/nav_2d_msgs/include/nav_2d_msgs/nav_2d_msgs/msg/detail/pose2_d_stamped__functions.c
[0.613s] -- Up-to-date: /workstation/nav2_ws/install/nav_2d_msgs/include/nav_2d_msgs/nav_2d_msgs/msg/detail/twist2_d_stamped__functions.c
[0.614s] -- Up-to-date: /workstation/nav2_ws/install/nav_2d_msgs/include/nav_2d_msgs/nav_2d_msgs/msg/detail/pose2_d32__functions.c
[0.614s] -- Up-to-date: /workstation/nav2_ws/install/nav_2d_msgs/include/nav_2d_msgs/nav_2d_msgs/msg/detail/twist2_d32__functions.h
[0.614s] -- Up-to-date: /workstation/nav2_ws/install/nav_2d_msgs/include/nav_2d_msgs/nav_2d_msgs/msg/detail/pose2_d_stamped__struct.h
[0.614s] -- Up-to-date: /workstation/nav2_ws/install/nav_2d_msgs/include/nav_2d_msgs/nav_2d_msgs/msg/detail/path2_d__functions.h
[0.614s] -- Up-to-date: /workstation/nav2_ws/install/nav_2d_msgs/include/nav_2d_msgs/nav_2d_msgs/msg/twist2_d_stamped.h
[0.614s] -- Up-to-date: /workstation/nav2_ws/install/nav_2d_msgs/include/nav_2d_msgs/nav_2d_msgs/msg/twist2_d.h
[0.615s] -- Up-to-date: /workstation/nav2_ws/install/nav_2d_msgs/include/nav_2d_msgs/nav_2d_msgs/msg/pose2_d32.h
[0.615s] -- Up-to-date: /workstation/nav2_ws/install/nav_2d_msgs/include/nav_2d_msgs/nav_2d_msgs/msg/rosidl_generator_c__visibility_control.h
[0.615s] -- Up-to-date: /workstation/nav2_ws/install/nav_2d_msgs/include/nav_2d_msgs/nav_2d_msgs/msg/twist2_d32.h
[0.615s] -- Up-to-date: /workstation/nav2_ws/install/nav_2d_msgs/include/nav_2d_msgs/nav_2d_msgs/msg/path2_d.h
[0.616s] -- Up-to-date: /workstation/nav2_ws/install/nav_2d_msgs/include/nav_2d_msgs/nav_2d_msgs/msg/pose2_d_stamped.h
[0.616s] -- Up-to-date: /workstation/nav2_ws/install/nav_2d_msgs/share/nav_2d_msgs/environment/library_path.sh
[0.616s] -- Up-to-date: /workstation/nav2_ws/install/nav_2d_msgs/share/nav_2d_msgs/environment/library_path.dsv
[0.616s] -- Up-to-date: /workstation/nav2_ws/install/nav_2d_msgs/lib/libnav_2d_msgs__rosidl_generator_c.so
[0.616s] -- Up-to-date: /workstation/nav2_ws/install/nav_2d_msgs/include/nav_2d_msgs/nav_2d_msgs
[0.617s] -- Up-to-date: /workstation/nav2_ws/install/nav_2d_msgs/include/nav_2d_msgs/nav_2d_msgs/msg
[0.617s] -- Up-to-date: /workstation/nav2_ws/install/nav_2d_msgs/include/nav_2d_msgs/nav_2d_msgs/msg/detail
[0.617s] -- Up-to-date: /workstation/nav2_ws/install/nav_2d_msgs/include/nav_2d_msgs/nav_2d_msgs/msg/detail/path2_d__rosidl_typesupport_fastrtps_c.h
[0.617s] -- Up-to-date: /workstation/nav2_ws/install/nav_2d_msgs/include/nav_2d_msgs/nav_2d_msgs/msg/detail/twist2_d32__rosidl_typesupport_fastrtps_c.h
[0.617s] -- Up-to-date: /workstation/nav2_ws/install/nav_2d_msgs/include/nav_2d_msgs/nav_2d_msgs/msg/detail/pose2_d_stamped__rosidl_typesupport_fastrtps_c.h
[0.617s] -- Up-to-date: /workstation/nav2_ws/install/nav_2d_msgs/include/nav_2d_msgs/nav_2d_msgs/msg/detail/pose2_d32__rosidl_typesupport_fastrtps_c.h
[0.617s] -- Up-to-date: /workstation/nav2_ws/install/nav_2d_msgs/include/nav_2d_msgs/nav_2d_msgs/msg/detail/twist2_d_stamped__rosidl_typesupport_fastrtps_c.h
[0.618s] -- Up-to-date: /workstation/nav2_ws/install/nav_2d_msgs/include/nav_2d_msgs/nav_2d_msgs/msg/detail/twist2_d__rosidl_typesupport_fastrtps_c.h
[0.618s] -- Up-to-date: /workstation/nav2_ws/install/nav_2d_msgs/include/nav_2d_msgs/nav_2d_msgs/msg/rosidl_typesupport_fastrtps_c__visibility_control.h
[0.618s] -- Up-to-date: /workstation/nav2_ws/install/nav_2d_msgs/lib/libnav_2d_msgs__rosidl_typesupport_fastrtps_c.so
[0.618s] -- Up-to-date: /workstation/nav2_ws/install/nav_2d_msgs/include/nav_2d_msgs/nav_2d_msgs
[0.618s] -- Up-to-date: /workstation/nav2_ws/install/nav_2d_msgs/include/nav_2d_msgs/nav_2d_msgs/msg
[0.618s] -- Up-to-date: /workstation/nav2_ws/install/nav_2d_msgs/include/nav_2d_msgs/nav_2d_msgs/msg/detail
[0.618s] -- Up-to-date: /workstation/nav2_ws/install/nav_2d_msgs/include/nav_2d_msgs/nav_2d_msgs/msg/detail/pose2_d32__traits.hpp
[0.618s] -- Up-to-date: /workstation/nav2_ws/install/nav_2d_msgs/include/nav_2d_msgs/nav_2d_msgs/msg/detail/twist2_d_stamped__struct.hpp
[0.619s] -- Up-to-date: /workstation/nav2_ws/install/nav_2d_msgs/include/nav_2d_msgs/nav_2d_msgs/msg/detail/twist2_d32__struct.hpp
[0.619s] -- Up-to-date: /workstation/nav2_ws/install/nav_2d_msgs/include/nav_2d_msgs/nav_2d_msgs/msg/detail/pose2_d_stamped__traits.hpp
[0.619s] -- Up-to-date: /workstation/nav2_ws/install/nav_2d_msgs/include/nav_2d_msgs/nav_2d_msgs/msg/detail/twist2_d32__builder.hpp
[0.619s] -- Up-to-date: /workstation/nav2_ws/install/nav_2d_msgs/include/nav_2d_msgs/nav_2d_msgs/msg/detail/twist2_d__struct.hpp
[0.619s] -- Up-to-date: /workstation/nav2_ws/install/nav_2d_msgs/include/nav_2d_msgs/nav_2d_msgs/msg/detail/twist2_d__traits.hpp
[0.619s] -- Up-to-date: /workstation/nav2_ws/install/nav_2d_msgs/include/nav_2d_msgs/nav_2d_msgs/msg/detail/pose2_d32__builder.hpp
[0.620s] -- Up-to-date: /workstation/nav2_ws/install/nav_2d_msgs/include/nav_2d_msgs/nav_2d_msgs/msg/detail/twist2_d_stamped__traits.hpp
[0.620s] -- Up-to-date: /workstation/nav2_ws/install/nav_2d_msgs/include/nav_2d_msgs/nav_2d_msgs/msg/detail/pose2_d_stamped__builder.hpp
[0.620s] -- Up-to-date: /workstation/nav2_ws/install/nav_2d_msgs/include/nav_2d_msgs/nav_2d_msgs/msg/detail/pose2_d_stamped__struct.hpp
[0.620s] -- Up-to-date: /workstation/nav2_ws/install/nav_2d_msgs/include/nav_2d_msgs/nav_2d_msgs/msg/detail/path2_d__builder.hpp
[0.620s] -- Up-to-date: /workstation/nav2_ws/install/nav_2d_msgs/include/nav_2d_msgs/nav_2d_msgs/msg/detail/twist2_d__builder.hpp
[0.620s] -- Up-to-date: /workstation/nav2_ws/install/nav_2d_msgs/include/nav_2d_msgs/nav_2d_msgs/msg/detail/pose2_d32__struct.hpp
[0.621s] -- Up-to-date: /workstation/nav2_ws/install/nav_2d_msgs/include/nav_2d_msgs/nav_2d_msgs/msg/detail/twist2_d_stamped__builder.hpp
[0.622s] -- Up-to-date: /workstation/nav2_ws/install/nav_2d_msgs/include/nav_2d_msgs/nav_2d_msgs/msg/detail/twist2_d32__traits.hpp
[0.623s] -- Up-to-date: /workstation/nav2_ws/install/nav_2d_msgs/include/nav_2d_msgs/nav_2d_msgs/msg/detail/path2_d__struct.hpp
[0.623s] -- Up-to-date: /workstation/nav2_ws/install/nav_2d_msgs/include/nav_2d_msgs/nav_2d_msgs/msg/detail/path2_d__traits.hpp
[0.623s] -- Up-to-date: /workstation/nav2_ws/install/nav_2d_msgs/include/nav_2d_msgs/nav_2d_msgs/msg/twist2_d_stamped.hpp
[0.623s] -- Up-to-date: /workstation/nav2_ws/install/nav_2d_msgs/include/nav_2d_msgs/nav_2d_msgs/msg/twist2_d.hpp
[0.623s] -- Up-to-date: /workstation/nav2_ws/install/nav_2d_msgs/include/nav_2d_msgs/nav_2d_msgs/msg/pose2_d_stamped.hpp
[0.624s] -- Up-to-date: /workstation/nav2_ws/install/nav_2d_msgs/include/nav_2d_msgs/nav_2d_msgs/msg/twist2_d32.hpp
[0.624s] -- Up-to-date: /workstation/nav2_ws/install/nav_2d_msgs/include/nav_2d_msgs/nav_2d_msgs/msg/path2_d.hpp
[0.624s] -- Up-to-date: /workstation/nav2_ws/install/nav_2d_msgs/include/nav_2d_msgs/nav_2d_msgs/msg/pose2_d32.hpp
[0.624s] -- Up-to-date: /workstation/nav2_ws/install/nav_2d_msgs/include/nav_2d_msgs/nav_2d_msgs
[0.624s] -- Up-to-date: /workstation/nav2_ws/install/nav_2d_msgs/include/nav_2d_msgs/nav_2d_msgs/msg
[0.624s] -- Up-to-date: /workstation/nav2_ws/install/nav_2d_msgs/include/nav_2d_msgs/nav_2d_msgs/msg/detail
[0.624s] -- Up-to-date: /workstation/nav2_ws/install/nav_2d_msgs/include/nav_2d_msgs/nav_2d_msgs/msg/detail/twist2_d__rosidl_typesupport_fastrtps_cpp.hpp
[0.624s] -- Up-to-date: /workstation/nav2_ws/install/nav_2d_msgs/include/nav_2d_msgs/nav_2d_msgs/msg/detail/twist2_d32__rosidl_typesupport_fastrtps_cpp.hpp
[0.625s] -- Up-to-date: /workstation/nav2_ws/install/nav_2d_msgs/include/nav_2d_msgs/nav_2d_msgs/msg/detail/pose2_d_stamped__rosidl_typesupport_fastrtps_cpp.hpp
[0.625s] -- Up-to-date: /workstation/nav2_ws/install/nav_2d_msgs/include/nav_2d_msgs/nav_2d_msgs/msg/detail/path2_d__rosidl_typesupport_fastrtps_cpp.hpp
[0.625s] -- Up-to-date: /workstation/nav2_ws/install/nav_2d_msgs/include/nav_2d_msgs/nav_2d_msgs/msg/detail/dds_fastrtps
[0.625s] -- Up-to-date: /workstation/nav2_ws/install/nav_2d_msgs/include/nav_2d_msgs/nav_2d_msgs/msg/detail/twist2_d_stamped__rosidl_typesupport_fastrtps_cpp.hpp
[0.625s] -- Up-to-date: /workstation/nav2_ws/install/nav_2d_msgs/include/nav_2d_msgs/nav_2d_msgs/msg/detail/pose2_d32__rosidl_typesupport_fastrtps_cpp.hpp
[0.625s] -- Up-to-date: /workstation/nav2_ws/install/nav_2d_msgs/include/nav_2d_msgs/nav_2d_msgs/msg/rosidl_typesupport_fastrtps_cpp__visibility_control.h
[0.626s] -- Up-to-date: /workstation/nav2_ws/install/nav_2d_msgs/lib/libnav_2d_msgs__rosidl_typesupport_fastrtps_cpp.so
[0.626s] -- Up-to-date: /workstation/nav2_ws/install/nav_2d_msgs/include/nav_2d_msgs/nav_2d_msgs
[0.626s] -- Up-to-date: /workstation/nav2_ws/install/nav_2d_msgs/include/nav_2d_msgs/nav_2d_msgs/msg
[0.626s] -- Up-to-date: /workstation/nav2_ws/install/nav_2d_msgs/include/nav_2d_msgs/nav_2d_msgs/msg/detail
[0.626s] -- Up-to-date: /workstation/nav2_ws/install/nav_2d_msgs/include/nav_2d_msgs/nav_2d_msgs/msg/detail/twist2_d__rosidl_typesupport_introspection_c.h
[0.626s] -- Up-to-date: /workstation/nav2_ws/install/nav_2d_msgs/include/nav_2d_msgs/nav_2d_msgs/msg/detail/path2_d__rosidl_typesupport_introspection_c.h
[0.626s] -- Up-to-date: /workstation/nav2_ws/install/nav_2d_msgs/include/nav_2d_msgs/nav_2d_msgs/msg/detail/twist2_d32__rosidl_typesupport_introspection_c.h
[0.627s] -- Up-to-date: /workstation/nav2_ws/install/nav_2d_msgs/include/nav_2d_msgs/nav_2d_msgs/msg/detail/pose2_d_stamped__type_support.c
[0.627s] -- Up-to-date: /workstation/nav2_ws/install/nav_2d_msgs/include/nav_2d_msgs/nav_2d_msgs/msg/detail/pose2_d_stamped__rosidl_typesupport_introspection_c.h
[0.627s] -- Up-to-date: /workstation/nav2_ws/install/nav_2d_msgs/include/nav_2d_msgs/nav_2d_msgs/msg/detail/twist2_d_stamped__type_support.c
[0.627s] -- Up-to-date: /workstation/nav2_ws/install/nav_2d_msgs/include/nav_2d_msgs/nav_2d_msgs/msg/detail/path2_d__type_support.c
[0.627s] -- Up-to-date: /workstation/nav2_ws/install/nav_2d_msgs/include/nav_2d_msgs/nav_2d_msgs/msg/detail/twist2_d__type_support.c
[0.627s] -- Up-to-date: /workstation/nav2_ws/install/nav_2d_msgs/include/nav_2d_msgs/nav_2d_msgs/msg/detail/pose2_d32__type_support.c
[0.627s] -- Up-to-date: /workstation/nav2_ws/install/nav_2d_msgs/include/nav_2d_msgs/nav_2d_msgs/msg/detail/twist2_d_stamped__rosidl_typesupport_introspection_c.h
[0.627s] -- Up-to-date: /workstation/nav2_ws/install/nav_2d_msgs/include/nav_2d_msgs/nav_2d_msgs/msg/detail/twist2_d32__type_support.c
[0.627s] -- Up-to-date: /workstation/nav2_ws/install/nav_2d_msgs/include/nav_2d_msgs/nav_2d_msgs/msg/detail/pose2_d32__rosidl_typesupport_introspection_c.h
[0.628s] -- Up-to-date: /workstation/nav2_ws/install/nav_2d_msgs/include/nav_2d_msgs/nav_2d_msgs/msg/rosidl_typesupport_introspection_c__visibility_control.h
[0.628s] -- Up-to-date: /workstation/nav2_ws/install/nav_2d_msgs/lib/libnav_2d_msgs__rosidl_typesupport_introspection_c.so
[0.628s] -- Up-to-date: /workstation/nav2_ws/install/nav_2d_msgs/lib/libnav_2d_msgs__rosidl_typesupport_c.so
[0.628s] -- Up-to-date: /workstation/nav2_ws/install/nav_2d_msgs/include/nav_2d_msgs/nav_2d_msgs
[0.628s] -- Up-to-date: /workstation/nav2_ws/install/nav_2d_msgs/include/nav_2d_msgs/nav_2d_msgs/msg
[0.628s] -- Up-to-date: /workstation/nav2_ws/install/nav_2d_msgs/include/nav_2d_msgs/nav_2d_msgs/msg/detail
[0.628s] -- Up-to-date: /workstation/nav2_ws/install/nav_2d_msgs/include/nav_2d_msgs/nav_2d_msgs/msg/detail/pose2_d_stamped__rosidl_typesupport_introspection_cpp.hpp
[0.629s] -- Up-to-date: /workstation/nav2_ws/install/nav_2d_msgs/include/nav_2d_msgs/nav_2d_msgs/msg/detail/twist2_d_stamped__type_support.cpp
[0.629s] -- Up-to-date: /workstation/nav2_ws/install/nav_2d_msgs/include/nav_2d_msgs/nav_2d_msgs/msg/detail/twist2_d__rosidl_typesupport_introspection_cpp.hpp
[0.629s] -- Up-to-date: /workstation/nav2_ws/install/nav_2d_msgs/include/nav_2d_msgs/nav_2d_msgs/msg/detail/twist2_d_stamped__rosidl_typesupport_introspection_cpp.hpp
[0.629s] -- Up-to-date: /workstation/nav2_ws/install/nav_2d_msgs/include/nav_2d_msgs/nav_2d_msgs/msg/detail/path2_d__type_support.cpp
[0.629s] -- Up-to-date: /workstation/nav2_ws/install/nav_2d_msgs/include/nav_2d_msgs/nav_2d_msgs/msg/detail/pose2_d_stamped__type_support.cpp
[0.629s] -- Up-to-date: /workstation/nav2_ws/install/nav_2d_msgs/include/nav_2d_msgs/nav_2d_msgs/msg/detail/twist2_d32__rosidl_typesupport_introspection_cpp.hpp
[0.629s] -- Up-to-date: /workstation/nav2_ws/install/nav_2d_msgs/include/nav_2d_msgs/nav_2d_msgs/msg/detail/pose2_d32__rosidl_typesupport_introspection_cpp.hpp
[0.629s] -- Up-to-date: /workstation/nav2_ws/install/nav_2d_msgs/include/nav_2d_msgs/nav_2d_msgs/msg/detail/twist2_d__type_support.cpp
[0.629s] -- Up-to-date: /workstation/nav2_ws/install/nav_2d_msgs/include/nav_2d_msgs/nav_2d_msgs/msg/detail/twist2_d32__type_support.cpp
[0.630s] -- Up-to-date: /workstation/nav2_ws/install/nav_2d_msgs/include/nav_2d_msgs/nav_2d_msgs/msg/detail/pose2_d32__type_support.cpp
[0.630s] -- Up-to-date: /workstation/nav2_ws/install/nav_2d_msgs/include/nav_2d_msgs/nav_2d_msgs/msg/detail/path2_d__rosidl_typesupport_introspection_cpp.hpp
[0.630s] -- Up-to-date: /workstation/nav2_ws/install/nav_2d_msgs/lib/libnav_2d_msgs__rosidl_typesupport_introspection_cpp.so
[0.630s] -- Up-to-date: /workstation/nav2_ws/install/nav_2d_msgs/lib/libnav_2d_msgs__rosidl_typesupport_cpp.so
[0.630s] -- Up-to-date: /workstation/nav2_ws/install/nav_2d_msgs/share/nav_2d_msgs/environment/pythonpath.sh
[0.630s] -- Up-to-date: /workstation/nav2_ws/install/nav_2d_msgs/share/nav_2d_msgs/environment/pythonpath.dsv
[0.630s] -- Up-to-date: /workstation/nav2_ws/install/nav_2d_msgs/local/lib/python3.10/dist-packages/nav_2d_msgs-1.1.16-py3.10.egg-info
[0.630s] -- Installing: /workstation/nav2_ws/install/nav_2d_msgs/local/lib/python3.10/dist-packages/nav_2d_msgs-1.1.16-py3.10.egg-info/SOURCES.txt
[0.631s] -- Installing: /workstation/nav2_ws/install/nav_2d_msgs/local/lib/python3.10/dist-packages/nav_2d_msgs-1.1.16-py3.10.egg-info/PKG-INFO
[0.631s] -- Installing: /workstation/nav2_ws/install/nav_2d_msgs/local/lib/python3.10/dist-packages/nav_2d_msgs-1.1.16-py3.10.egg-info/top_level.txt
[0.631s] -- Installing: /workstation/nav2_ws/install/nav_2d_msgs/local/lib/python3.10/dist-packages/nav_2d_msgs-1.1.16-py3.10.egg-info/dependency_links.txt
[0.631s] -- Up-to-date: /workstation/nav2_ws/install/nav_2d_msgs/local/lib/python3.10/dist-packages/nav_2d_msgs
[0.631s] -- Up-to-date: /workstation/nav2_ws/install/nav_2d_msgs/local/lib/python3.10/dist-packages/nav_2d_msgs/libnav_2d_msgs__rosidl_generator_py.so
[0.631s] -- Up-to-date: /workstation/nav2_ws/install/nav_2d_msgs/local/lib/python3.10/dist-packages/nav_2d_msgs/_nav_2d_msgs_s.ep.rosidl_typesupport_fastrtps_c.c
[0.631s] -- Up-to-date: /workstation/nav2_ws/install/nav_2d_msgs/local/lib/python3.10/dist-packages/nav_2d_msgs/nav_2d_msgs_s__rosidl_typesupport_c.cpython-310-x86_64-linux-gnu.so
[0.632s] -- Up-to-date: /workstation/nav2_ws/install/nav_2d_msgs/local/lib/python3.10/dist-packages/nav_2d_msgs/_nav_2d_msgs_s.ep.rosidl_typesupport_introspection_c.c
[0.632s] -- Up-to-date: /workstation/nav2_ws/install/nav_2d_msgs/local/lib/python3.10/dist-packages/nav_2d_msgs/nav_2d_msgs_s__rosidl_typesupport_fastrtps_c.cpython-310-x86_64-linux-gnu.so
[0.632s] -- Up-to-date: /workstation/nav2_ws/install/nav_2d_msgs/local/lib/python3.10/dist-packages/nav_2d_msgs/_nav_2d_msgs_s.ep.rosidl_typesupport_c.c
[0.632s] -- Up-to-date: /workstation/nav2_ws/install/nav_2d_msgs/local/lib/python3.10/dist-packages/nav_2d_msgs/__init__.py
[0.632s] -- Up-to-date: /workstation/nav2_ws/install/nav_2d_msgs/local/lib/python3.10/dist-packages/nav_2d_msgs/msg
[0.632s] -- Up-to-date: /workstation/nav2_ws/install/nav_2d_msgs/local/lib/python3.10/dist-packages/nav_2d_msgs/msg/_twist2_d_stamped.py
[0.632s] -- Up-to-date: /workstation/nav2_ws/install/nav_2d_msgs/local/lib/python3.10/dist-packages/nav_2d_msgs/msg/_pose2_d_stamped.py
[0.632s] -- Up-to-date: /workstation/nav2_ws/install/nav_2d_msgs/local/lib/python3.10/dist-packages/nav_2d_msgs/msg/_twist2_d.py
[0.633s] -- Up-to-date: /workstation/nav2_ws/install/nav_2d_msgs/local/lib/python3.10/dist-packages/nav_2d_msgs/msg/_twist2_d_stamped_s.c
[0.633s] -- Up-to-date: /workstation/nav2_ws/install/nav_2d_msgs/local/lib/python3.10/dist-packages/nav_2d_msgs/msg/_path2_d_s.c
[0.633s] -- Up-to-date: /workstation/nav2_ws/install/nav_2d_msgs/local/lib/python3.10/dist-packages/nav_2d_msgs/msg/_twist2_d32.py
[0.633s] -- Up-to-date: /workstation/nav2_ws/install/nav_2d_msgs/local/lib/python3.10/dist-packages/nav_2d_msgs/msg/_pose2_d32.py
[0.633s] -- Up-to-date: /workstation/nav2_ws/install/nav_2d_msgs/local/lib/python3.10/dist-packages/nav_2d_msgs/msg/_path2_d.py
[0.633s] -- Up-to-date: /workstation/nav2_ws/install/nav_2d_msgs/local/lib/python3.10/dist-packages/nav_2d_msgs/msg/_twist2_d_s.c
[0.633s] -- Up-to-date: /workstation/nav2_ws/install/nav_2d_msgs/local/lib/python3.10/dist-packages/nav_2d_msgs/msg/_pose2_d_stamped_s.c
[0.633s] -- Up-to-date: /workstation/nav2_ws/install/nav_2d_msgs/local/lib/python3.10/dist-packages/nav_2d_msgs/msg/_twist2_d32_s.c
[0.634s] -- Up-to-date: /workstation/nav2_ws/install/nav_2d_msgs/local/lib/python3.10/dist-packages/nav_2d_msgs/msg/_pose2_d32_s.c
[0.634s] -- Up-to-date: /workstation/nav2_ws/install/nav_2d_msgs/local/lib/python3.10/dist-packages/nav_2d_msgs/msg/__init__.py
[0.634s] -- Up-to-date: /workstation/nav2_ws/install/nav_2d_msgs/local/lib/python3.10/dist-packages/nav_2d_msgs/nav_2d_msgs_s__rosidl_typesupport_introspection_c.cpython-310-x86_64-linux-gnu.so
[0.656s] Listing '/workstation/nav2_ws/install/nav_2d_msgs/local/lib/python3.10/dist-packages/nav_2d_msgs'...
[0.656s] Listing '/workstation/nav2_ws/install/nav_2d_msgs/local/lib/python3.10/dist-packages/nav_2d_msgs/msg'...
[0.665s] -- Up-to-date: /workstation/nav2_ws/install/nav_2d_msgs/local/lib/python3.10/dist-packages/nav_2d_msgs/nav_2d_msgs_s__rosidl_typesupport_fastrtps_c.cpython-310-x86_64-linux-gnu.so
[0.665s] -- Up-to-date: /workstation/nav2_ws/install/nav_2d_msgs/local/lib/python3.10/dist-packages/nav_2d_msgs/nav_2d_msgs_s__rosidl_typesupport_introspection_c.cpython-310-x86_64-linux-gnu.so
[0.665s] -- Up-to-date: /workstation/nav2_ws/install/nav_2d_msgs/local/lib/python3.10/dist-packages/nav_2d_msgs/nav_2d_msgs_s__rosidl_typesupport_c.cpython-310-x86_64-linux-gnu.so
[0.666s] -- Up-to-date: /workstation/nav2_ws/install/nav_2d_msgs/lib/libnav_2d_msgs__rosidl_generator_py.so
[0.666s] -- Up-to-date: /workstation/nav2_ws/install/nav_2d_msgs/share/nav_2d_msgs/msg/Path2D.idl
[0.666s] -- Up-to-date: /workstation/nav2_ws/install/nav_2d_msgs/share/nav_2d_msgs/msg/Pose2D32.idl
[0.666s] -- Up-to-date: /workstation/nav2_ws/install/nav_2d_msgs/share/nav_2d_msgs/msg/Pose2DStamped.idl
[0.667s] -- Up-to-date: /workstation/nav2_ws/install/nav_2d_msgs/share/nav_2d_msgs/msg/Twist2D.idl
[0.667s] -- Up-to-date: /workstation/nav2_ws/install/nav_2d_msgs/share/nav_2d_msgs/msg/Twist2D32.idl
[0.668s] -- Up-to-date: /workstation/nav2_ws/install/nav_2d_msgs/share/nav_2d_msgs/msg/Twist2DStamped.idl
[0.670s] -- Up-to-date: /workstation/nav2_ws/install/nav_2d_msgs/share/nav_2d_msgs/msg/Path2D.msg
[0.671s] -- Up-to-date: /workstation/nav2_ws/install/nav_2d_msgs/share/nav_2d_msgs/msg/Pose2D32.msg
[0.671s] -- Up-to-date: /workstation/nav2_ws/install/nav_2d_msgs/share/nav_2d_msgs/msg/Pose2DStamped.msg
[0.671s] -- Up-to-date: /workstation/nav2_ws/install/nav_2d_msgs/share/nav_2d_msgs/msg/Twist2D.msg
[0.672s] -- Up-to-date: /workstation/nav2_ws/install/nav_2d_msgs/share/nav_2d_msgs/msg/Twist2D32.msg
[0.672s] -- Up-to-date: /workstation/nav2_ws/install/nav_2d_msgs/share/nav_2d_msgs/msg/Twist2DStamped.msg
[0.672s] -- Up-to-date: /workstation/nav2_ws/install/nav_2d_msgs/share/ament_index/resource_index/package_run_dependencies/nav_2d_msgs
[0.672s] -- Up-to-date: /workstation/nav2_ws/install/nav_2d_msgs/share/ament_index/resource_index/parent_prefix_path/nav_2d_msgs
[0.673s] -- Up-to-date: /workstation/nav2_ws/install/nav_2d_msgs/share/nav_2d_msgs/environment/ament_prefix_path.sh
[0.673s] -- Up-to-date: /workstation/nav2_ws/install/nav_2d_msgs/share/nav_2d_msgs/environment/ament_prefix_path.dsv
[0.674s] -- Up-to-date: /workstation/nav2_ws/install/nav_2d_msgs/share/nav_2d_msgs/environment/path.sh
[0.674s] -- Up-to-date: /workstation/nav2_ws/install/nav_2d_msgs/share/nav_2d_msgs/environment/path.dsv
[0.674s] -- Up-to-date: /workstation/nav2_ws/install/nav_2d_msgs/share/nav_2d_msgs/local_setup.bash
[0.675s] -- Up-to-date: /workstation/nav2_ws/install/nav_2d_msgs/share/nav_2d_msgs/local_setup.sh
[0.675s] -- Up-to-date: /workstation/nav2_ws/install/nav_2d_msgs/share/nav_2d_msgs/local_setup.zsh
[0.675s] -- Up-to-date: /workstation/nav2_ws/install/nav_2d_msgs/share/nav_2d_msgs/local_setup.dsv
[0.675s] -- Installing: /workstation/nav2_ws/install/nav_2d_msgs/share/nav_2d_msgs/package.dsv
[0.675s] -- Up-to-date: /workstation/nav2_ws/install/nav_2d_msgs/share/ament_index/resource_index/packages/nav_2d_msgs
[0.676s] -- Up-to-date: /workstation/nav2_ws/install/nav_2d_msgs/share/nav_2d_msgs/cmake/export_nav_2d_msgs__rosidl_generator_cExport.cmake
[0.676s] -- Up-to-date: /workstation/nav2_ws/install/nav_2d_msgs/share/nav_2d_msgs/cmake/export_nav_2d_msgs__rosidl_generator_cExport-noconfig.cmake
[0.676s] -- Up-to-date: /workstation/nav2_ws/install/nav_2d_msgs/share/nav_2d_msgs/cmake/export_nav_2d_msgs__rosidl_typesupport_fastrtps_cExport.cmake
[0.676s] -- Up-to-date: /workstation/nav2_ws/install/nav_2d_msgs/share/nav_2d_msgs/cmake/export_nav_2d_msgs__rosidl_typesupport_fastrtps_cExport-noconfig.cmake
[0.676s] -- Up-to-date: /workstation/nav2_ws/install/nav_2d_msgs/share/nav_2d_msgs/cmake/export_nav_2d_msgs__rosidl_generator_cppExport.cmake
[0.676s] -- Up-to-date: /workstation/nav2_ws/install/nav_2d_msgs/share/nav_2d_msgs/cmake/export_nav_2d_msgs__rosidl_typesupport_fastrtps_cppExport.cmake
[0.676s] -- Up-to-date: /workstation/nav2_ws/install/nav_2d_msgs/share/nav_2d_msgs/cmake/export_nav_2d_msgs__rosidl_typesupport_fastrtps_cppExport-noconfig.cmake
[0.676s] -- Up-to-date: /workstation/nav2_ws/install/nav_2d_msgs/share/nav_2d_msgs/cmake/nav_2d_msgs__rosidl_typesupport_introspection_cExport.cmake
[0.677s] -- Up-to-date: /workstation/nav2_ws/install/nav_2d_msgs/share/nav_2d_msgs/cmake/nav_2d_msgs__rosidl_typesupport_introspection_cExport-noconfig.cmake
[0.677s] -- Up-to-date: /workstation/nav2_ws/install/nav_2d_msgs/share/nav_2d_msgs/cmake/nav_2d_msgs__rosidl_typesupport_cExport.cmake
[0.677s] -- Up-to-date: /workstation/nav2_ws/install/nav_2d_msgs/share/nav_2d_msgs/cmake/nav_2d_msgs__rosidl_typesupport_cExport-noconfig.cmake
[0.678s] -- Up-to-date: /workstation/nav2_ws/install/nav_2d_msgs/share/nav_2d_msgs/cmake/nav_2d_msgs__rosidl_typesupport_introspection_cppExport.cmake
[0.678s] -- Up-to-date: /workstation/nav2_ws/install/nav_2d_msgs/share/nav_2d_msgs/cmake/nav_2d_msgs__rosidl_typesupport_introspection_cppExport-noconfig.cmake
[0.678s] -- Up-to-date: /workstation/nav2_ws/install/nav_2d_msgs/share/nav_2d_msgs/cmake/nav_2d_msgs__rosidl_typesupport_cppExport.cmake
[0.678s] -- Up-to-date: /workstation/nav2_ws/install/nav_2d_msgs/share/nav_2d_msgs/cmake/nav_2d_msgs__rosidl_typesupport_cppExport-noconfig.cmake
[0.678s] -- Up-to-date: /workstation/nav2_ws/install/nav_2d_msgs/share/nav_2d_msgs/cmake/export_nav_2d_msgs__rosidl_generator_pyExport.cmake
[0.678s] -- Up-to-date: /workstation/nav2_ws/install/nav_2d_msgs/share/nav_2d_msgs/cmake/export_nav_2d_msgs__rosidl_generator_pyExport-noconfig.cmake
[0.678s] -- Up-to-date: /workstation/nav2_ws/install/nav_2d_msgs/share/nav_2d_msgs/cmake/rosidl_cmake-extras.cmake
[0.679s] -- Up-to-date: /workstation/nav2_ws/install/nav_2d_msgs/share/nav_2d_msgs/cmake/ament_cmake_export_dependencies-extras.cmake
[0.679s] -- Up-to-date: /workstation/nav2_ws/install/nav_2d_msgs/share/nav_2d_msgs/cmake/ament_cmake_export_include_directories-extras.cmake
[0.679s] -- Up-to-date: /workstation/nav2_ws/install/nav_2d_msgs/share/nav_2d_msgs/cmake/ament_cmake_export_libraries-extras.cmake
[0.679s] -- Up-to-date: /workstation/nav2_ws/install/nav_2d_msgs/share/nav_2d_msgs/cmake/ament_cmake_export_targets-extras.cmake
[0.679s] -- Up-to-date: /workstation/nav2_ws/install/nav_2d_msgs/share/nav_2d_msgs/cmake/rosidl_cmake_export_typesupport_targets-extras.cmake
[0.680s] -- Up-to-date: /workstation/nav2_ws/install/nav_2d_msgs/share/nav_2d_msgs/cmake/rosidl_cmake_export_typesupport_libraries-extras.cmake
[0.680s] -- Up-to-date: /workstation/nav2_ws/install/nav_2d_msgs/share/nav_2d_msgs/cmake/nav_2d_msgsConfig.cmake
[0.680s] -- Up-to-date: /workstation/nav2_ws/install/nav_2d_msgs/share/nav_2d_msgs/cmake/nav_2d_msgsConfig-version.cmake
[0.680s] -- Up-to-date: /workstation/nav2_ws/install/nav_2d_msgs/share/nav_2d_msgs/package.xml
[0.684s] Invoked command in '/workstation/nav2_ws/build/nav_2d_msgs' returned '0': CMAKE_PREFIX_PATH=/opt/ros/humble /usr/bin/cmake --install /workstation/nav2_ws/build/nav_2d_msgs
