[0.065s] Invoking command in '/workstation/nav2_ws/build/dwb_core': AMENT_PREFIX_PATH=/workstation/nav2_ws/install/nav2_core:/workstation/nav2_ws/install/nav2_costmap_2d:/workstation/nav2_ws/install/nav_2d_utils:/workstation/nav2_ws/install/nav2_map_server:/workstation/nav2_ws/install/nav2_lifecycle_manager:/workstation/nav2_ws/install/nav2_util:/workstation/nav2_ws/install/nav2_voxel_grid:/workstation/nav2_ws/install/nav2_msgs:/workstation/nav2_ws/install/dwb_msgs:/workstation/nav2_ws/install/nav_2d_msgs:/workstation/nav2_ws/install/nav2_common:${AMENT_PREFIX_PATH} CMAKE_PREFIX_PATH=/workstation/nav2_ws/install/nav2_core:/workstation/nav2_ws/install/nav2_costmap_2d:/workstation/nav2_ws/install/nav_2d_utils:/workstation/nav2_ws/install/nav2_map_server:/workstation/nav2_ws/install/nav2_lifecycle_manager:/workstation/nav2_ws/install/nav2_util:/workstation/nav2_ws/install/nav2_voxel_grid:/workstation/nav2_ws/install/nav2_msgs:/workstation/nav2_ws/install/dwb_msgs:/workstation/nav2_ws/install/nav_2d_msgs:/workstation/nav2_ws/install/nav2_common:/opt/ros/humble LD_LIBRARY_PATH=/workstation/nav2_ws/install/nav2_costmap_2d/lib:/workstation/nav2_ws/install/nav_2d_utils/lib:/workstation/nav2_ws/install/nav2_map_server/lib:/workstation/nav2_ws/install/nav2_lifecycle_manager/lib:/workstation/nav2_ws/install/nav2_util/lib:/workstation/nav2_ws/install/nav2_voxel_grid/lib:/workstation/nav2_ws/install/nav2_msgs/lib:/workstation/nav2_ws/install/dwb_msgs/lib:/workstation/nav2_ws/install/nav_2d_msgs/lib:${LD_LIBRARY_PATH} PYTHONPATH=/workstation/nav2_ws/install/nav2_msgs/local/lib/python3.10/dist-packages:/workstation/nav2_ws/install/dwb_msgs/local/lib/python3.10/dist-packages:/workstation/nav2_ws/install/nav_2d_msgs/local/lib/python3.10/dist-packages:/workstation/nav2_ws/install/nav2_common/local/lib/python3.10/dist-packages:${PYTHONPATH} /usr/bin/cmake /workstation/nav2_ws/src/navigation2/nav2_dwb_controller/dwb_core -DCMAKE_INSTALL_PREFIX=/workstation/nav2_ws/install/dwb_core
[0.160s] -- The C compiler identification is GNU 11.4.0
[0.297s] -- The CXX compiler identification is GNU 11.4.0
[0.315s] -- Detecting C compiler ABI info
[0.471s] -- Detecting C compiler ABI info - done
[0.488s] -- Check for working C compiler: /usr/bin/cc - skipped
[0.489s] -- Detecting C compile features
[0.489s] -- Detecting C compile features - done
[0.497s] -- Detecting CXX compiler ABI info
[0.686s] -- Detecting CXX compiler ABI info - done
[0.712s] -- Check for working CXX compiler: /usr/bin/c++ - skipped
[0.712s] -- Detecting CXX compile features
[0.722s] -- Detecting CXX compile features - done
[0.736s] -- Found ament_cmake: 1.3.10 (/opt/ros/humble/share/ament_cmake/cmake)
[1.197s] -- Found Python3: /usr/bin/python3 (found version "3.10.12") found components: Interpreter 
[1.424s] -- Found nav2_common: 1.1.16 (/workstation/nav2_ws/install/nav2_common/share/nav2_common/cmake)
[1.434s] -- Found rclcpp: 16.0.10 (/opt/ros/humble/share/rclcpp/cmake)
[1.697s] -- Found rosidl_generator_c: 3.1.5 (/opt/ros/humble/share/rosidl_generator_c/cmake)
[1.742s] -- Found rosidl_adapter: 3.1.5 (/opt/ros/humble/share/rosidl_adapter/cmake)
[1.789s] -- Found rosidl_generator_cpp: 3.1.5 (/opt/ros/humble/share/rosidl_generator_cpp/cmake)
[1.858s] -- Using all available rosidl_typesupport_c: rosidl_typesupport_fastrtps_c;rosidl_typesupport_introspection_c
[1.978s] -- Using all available rosidl_typesupport_cpp: rosidl_typesupport_fastrtps_cpp;rosidl_typesupport_introspection_cpp
[2.281s] -- Found rmw_implementation_cmake: 6.1.2 (/opt/ros/humble/share/rmw_implementation_cmake/cmake)
[2.300s] -- Found rmw_fastrtps_cpp: 6.2.7 (/opt/ros/humble/share/rmw_fastrtps_cpp/cmake)
[2.611s] -- Found OpenSSL: /usr/lib/x86_64-linux-gnu/libcrypto.so (found version "3.0.2")  
[2.678s] -- Found FastRTPS: /opt/ros/humble/include  
[2.837s] -- Using RMW implementation 'rmw_fastrtps_cpp' as default
[2.901s] -- Looking for pthread.h
[3.178s] -- Looking for pthread.h - found
[3.178s] -- Performing Test CMAKE_HAVE_LIBC_PTHREAD
[3.417s] -- Performing Test CMAKE_HAVE_LIBC_PTHREAD - Success
[3.417s] -- Found Threads: TRUE  
[3.607s] -- Found geometry_msgs: 4.2.4 (/opt/ros/humble/share/geometry_msgs/cmake)
[3.642s] -- Found nav_2d_msgs: 1.1.16 (/workstation/nav2_ws/install/nav_2d_msgs/share/nav_2d_msgs/cmake)
[3.709s] -- Found dwb_msgs: 1.1.16 (/workstation/nav2_ws/install/dwb_msgs/share/dwb_msgs/cmake)
[3.828s] -- Found nav2_costmap_2d: 1.1.16 (/workstation/nav2_ws/install/nav2_costmap_2d/share/nav2_costmap_2d/cmake)
[4.519s] -- Found Eigen3: TRUE (found version "3.4.0") 
[4.519s] -- Ensuring Eigen3 include directory is part of orocos-kdl CMake target
[4.959s] -- Found nav_2d_utils: 1.1.16 (/workstation/nav2_ws/install/nav_2d_utils/share/nav_2d_utils/cmake)
[5.020s] -- Found nav2_core: 1.1.16 (/workstation/nav2_ws/install/nav2_core/share/nav2_core/cmake)
[5.046s] -- Setting build type to Release as none was specified.
[5.405s] -- Found ament_lint_auto: 0.12.11 (/opt/ros/humble/share/ament_lint_auto/cmake)
[5.697s] -- Found gtest sources under '/opt/ros/humble/src/gtest_vendor': C++ tests using 'Google Test' will be built
[5.731s] -- Added test 'cppcheck' to perform static code analysis on C / C++ code
[5.731s] -- Configured cppcheck include dirs: /workstation/nav2_ws/src/navigation2/nav2_dwb_controller/dwb_core/include
[5.732s] -- Configured cppcheck exclude dirs and/or files: 
[5.740s] -- Added test 'cpplint' to check C / C++ code against the Google style
[5.743s] -- Configured cpplint exclude dirs and/or files: 
[5.751s] -- Added test 'lint_cmake' to check CMake code style
[5.758s] -- Added test 'uncrustify' to check C / C++ code style
[5.759s] -- Configured uncrustify additional arguments: 
[5.763s] -- Added test 'xmllint' to check XML markup files
[5.772s] -- Configuring done
[6.128s] -- Generating done
[6.132s] -- Build files have been written to: /workstation/nav2_ws/build/dwb_core
[6.192s] Invoked command in '/workstation/nav2_ws/build/dwb_core' returned '0': AMENT_PREFIX_PATH=/workstation/nav2_ws/install/nav2_core:/workstation/nav2_ws/install/nav2_costmap_2d:/workstation/nav2_ws/install/nav_2d_utils:/workstation/nav2_ws/install/nav2_map_server:/workstation/nav2_ws/install/nav2_lifecycle_manager:/workstation/nav2_ws/install/nav2_util:/workstation/nav2_ws/install/nav2_voxel_grid:/workstation/nav2_ws/install/nav2_msgs:/workstation/nav2_ws/install/dwb_msgs:/workstation/nav2_ws/install/nav_2d_msgs:/workstation/nav2_ws/install/nav2_common:${AMENT_PREFIX_PATH} CMAKE_PREFIX_PATH=/workstation/nav2_ws/install/nav2_core:/workstation/nav2_ws/install/nav2_costmap_2d:/workstation/nav2_ws/install/nav_2d_utils:/workstation/nav2_ws/install/nav2_map_server:/workstation/nav2_ws/install/nav2_lifecycle_manager:/workstation/nav2_ws/install/nav2_util:/workstation/nav2_ws/install/nav2_voxel_grid:/workstation/nav2_ws/install/nav2_msgs:/workstation/nav2_ws/install/dwb_msgs:/workstation/nav2_ws/install/nav_2d_msgs:/workstation/nav2_ws/install/nav2_common:/opt/ros/humble LD_LIBRARY_PATH=/workstation/nav2_ws/install/nav2_costmap_2d/lib:/workstation/nav2_ws/install/nav_2d_utils/lib:/workstation/nav2_ws/install/nav2_map_server/lib:/workstation/nav2_ws/install/nav2_lifecycle_manager/lib:/workstation/nav2_ws/install/nav2_util/lib:/workstation/nav2_ws/install/nav2_voxel_grid/lib:/workstation/nav2_ws/install/nav2_msgs/lib:/workstation/nav2_ws/install/dwb_msgs/lib:/workstation/nav2_ws/install/nav_2d_msgs/lib:${LD_LIBRARY_PATH} PYTHONPATH=/workstation/nav2_ws/install/nav2_msgs/local/lib/python3.10/dist-packages:/workstation/nav2_ws/install/dwb_msgs/local/lib/python3.10/dist-packages:/workstation/nav2_ws/install/nav_2d_msgs/local/lib/python3.10/dist-packages:/workstation/nav2_ws/install/nav2_common/local/lib/python3.10/dist-packages:${PYTHONPATH} /usr/bin/cmake /workstation/nav2_ws/src/navigation2/nav2_dwb_controller/dwb_core -DCMAKE_INSTALL_PREFIX=/workstation/nav2_ws/install/dwb_core
[6.198s] Invoking command in '/workstation/nav2_ws/build/dwb_core': AMENT_PREFIX_PATH=/workstation/nav2_ws/install/nav2_core:/workstation/nav2_ws/install/nav2_costmap_2d:/workstation/nav2_ws/install/nav_2d_utils:/workstation/nav2_ws/install/nav2_map_server:/workstation/nav2_ws/install/nav2_lifecycle_manager:/workstation/nav2_ws/install/nav2_util:/workstation/nav2_ws/install/nav2_voxel_grid:/workstation/nav2_ws/install/nav2_msgs:/workstation/nav2_ws/install/dwb_msgs:/workstation/nav2_ws/install/nav_2d_msgs:/workstation/nav2_ws/install/nav2_common:${AMENT_PREFIX_PATH} CMAKE_PREFIX_PATH=/workstation/nav2_ws/install/nav2_core:/workstation/nav2_ws/install/nav2_costmap_2d:/workstation/nav2_ws/install/nav_2d_utils:/workstation/nav2_ws/install/nav2_map_server:/workstation/nav2_ws/install/nav2_lifecycle_manager:/workstation/nav2_ws/install/nav2_util:/workstation/nav2_ws/install/nav2_voxel_grid:/workstation/nav2_ws/install/nav2_msgs:/workstation/nav2_ws/install/dwb_msgs:/workstation/nav2_ws/install/nav_2d_msgs:/workstation/nav2_ws/install/nav2_common:/opt/ros/humble LD_LIBRARY_PATH=/workstation/nav2_ws/install/nav2_costmap_2d/lib:/workstation/nav2_ws/install/nav_2d_utils/lib:/workstation/nav2_ws/install/nav2_map_server/lib:/workstation/nav2_ws/install/nav2_lifecycle_manager/lib:/workstation/nav2_ws/install/nav2_util/lib:/workstation/nav2_ws/install/nav2_voxel_grid/lib:/workstation/nav2_ws/install/nav2_msgs/lib:/workstation/nav2_ws/install/dwb_msgs/lib:/workstation/nav2_ws/install/nav_2d_msgs/lib:${LD_LIBRARY_PATH} PYTHONPATH=/workstation/nav2_ws/install/nav2_msgs/local/lib/python3.10/dist-packages:/workstation/nav2_ws/install/dwb_msgs/local/lib/python3.10/dist-packages:/workstation/nav2_ws/install/nav_2d_msgs/local/lib/python3.10/dist-packages:/workstation/nav2_ws/install/nav2_common/local/lib/python3.10/dist-packages:${PYTHONPATH} /usr/bin/cmake --build /workstation/nav2_ws/build/dwb_core -- -j12 -l12
[6.912s] [  9%] [32mBuilding CXX object CMakeFiles/dwb_core.dir/src/publisher.cpp.o[0m
[6.912s] [ 18%] [32mBuilding CXX object CMakeFiles/dwb_core.dir/src/dwb_local_planner.cpp.o[0m
[6.912s] [ 27%] [32mBuilding CXX object gtest/CMakeFiles/gtest_main.dir/src/gtest_main.cc.o[0m
[9.470s] [ 36%] [32m[1mLinking CXX static library libgtest_main.a[0m
[9.596s] [ 36%] Built target gtest_main
[46.547s] [ 45%] [32mBuilding CXX object CMakeFiles/dwb_core.dir/src/trajectory_utils.cpp.o[0m
[52.392s] [ 54%] [32mBuilding CXX object CMakeFiles/dwb_core.dir/src/illegal_trajectory_tracker.cpp.o[0m
[53.970s] [ 63%] [32m[1mLinking CXX shared library libdwb_core.so[0m
[54.929s] [ 63%] Built target dwb_core
[54.997s] [ 72%] [32mBuilding CXX object gtest/CMakeFiles/gtest.dir/src/gtest-all.cc.o[0m
[69.482s] [ 81%] [32m[1mLinking CXX static library libgtest.a[0m
[69.555s] [ 81%] Built target gtest
[69.595s] [ 90%] [32mBuilding CXX object test/CMakeFiles/utils_test.dir/utils_test.cpp.o[0m
[77.544s] [100%] [32m[1mLinking CXX executable utils_test[0m
[77.944s] [100%] Built target utils_test
[77.966s] Invoked command in '/workstation/nav2_ws/build/dwb_core' returned '0': AMENT_PREFIX_PATH=/workstation/nav2_ws/install/nav2_core:/workstation/nav2_ws/install/nav2_costmap_2d:/workstation/nav2_ws/install/nav_2d_utils:/workstation/nav2_ws/install/nav2_map_server:/workstation/nav2_ws/install/nav2_lifecycle_manager:/workstation/nav2_ws/install/nav2_util:/workstation/nav2_ws/install/nav2_voxel_grid:/workstation/nav2_ws/install/nav2_msgs:/workstation/nav2_ws/install/dwb_msgs:/workstation/nav2_ws/install/nav_2d_msgs:/workstation/nav2_ws/install/nav2_common:${AMENT_PREFIX_PATH} CMAKE_PREFIX_PATH=/workstation/nav2_ws/install/nav2_core:/workstation/nav2_ws/install/nav2_costmap_2d:/workstation/nav2_ws/install/nav_2d_utils:/workstation/nav2_ws/install/nav2_map_server:/workstation/nav2_ws/install/nav2_lifecycle_manager:/workstation/nav2_ws/install/nav2_util:/workstation/nav2_ws/install/nav2_voxel_grid:/workstation/nav2_ws/install/nav2_msgs:/workstation/nav2_ws/install/dwb_msgs:/workstation/nav2_ws/install/nav_2d_msgs:/workstation/nav2_ws/install/nav2_common:/opt/ros/humble LD_LIBRARY_PATH=/workstation/nav2_ws/install/nav2_costmap_2d/lib:/workstation/nav2_ws/install/nav_2d_utils/lib:/workstation/nav2_ws/install/nav2_map_server/lib:/workstation/nav2_ws/install/nav2_lifecycle_manager/lib:/workstation/nav2_ws/install/nav2_util/lib:/workstation/nav2_ws/install/nav2_voxel_grid/lib:/workstation/nav2_ws/install/nav2_msgs/lib:/workstation/nav2_ws/install/dwb_msgs/lib:/workstation/nav2_ws/install/nav_2d_msgs/lib:${LD_LIBRARY_PATH} PYTHONPATH=/workstation/nav2_ws/install/nav2_msgs/local/lib/python3.10/dist-packages:/workstation/nav2_ws/install/dwb_msgs/local/lib/python3.10/dist-packages:/workstation/nav2_ws/install/nav_2d_msgs/local/lib/python3.10/dist-packages:/workstation/nav2_ws/install/nav2_common/local/lib/python3.10/dist-packages:${PYTHONPATH} /usr/bin/cmake --build /workstation/nav2_ws/build/dwb_core -- -j12 -l12
[78.012s] Invoking command in '/workstation/nav2_ws/build/dwb_core': AMENT_PREFIX_PATH=/workstation/nav2_ws/install/nav2_core:/workstation/nav2_ws/install/nav2_costmap_2d:/workstation/nav2_ws/install/nav_2d_utils:/workstation/nav2_ws/install/nav2_map_server:/workstation/nav2_ws/install/nav2_lifecycle_manager:/workstation/nav2_ws/install/nav2_util:/workstation/nav2_ws/install/nav2_voxel_grid:/workstation/nav2_ws/install/nav2_msgs:/workstation/nav2_ws/install/dwb_msgs:/workstation/nav2_ws/install/nav_2d_msgs:/workstation/nav2_ws/install/nav2_common:${AMENT_PREFIX_PATH} CMAKE_PREFIX_PATH=/workstation/nav2_ws/install/nav2_core:/workstation/nav2_ws/install/nav2_costmap_2d:/workstation/nav2_ws/install/nav_2d_utils:/workstation/nav2_ws/install/nav2_map_server:/workstation/nav2_ws/install/nav2_lifecycle_manager:/workstation/nav2_ws/install/nav2_util:/workstation/nav2_ws/install/nav2_voxel_grid:/workstation/nav2_ws/install/nav2_msgs:/workstation/nav2_ws/install/dwb_msgs:/workstation/nav2_ws/install/nav_2d_msgs:/workstation/nav2_ws/install/nav2_common:/opt/ros/humble LD_LIBRARY_PATH=/workstation/nav2_ws/install/nav2_costmap_2d/lib:/workstation/nav2_ws/install/nav_2d_utils/lib:/workstation/nav2_ws/install/nav2_map_server/lib:/workstation/nav2_ws/install/nav2_lifecycle_manager/lib:/workstation/nav2_ws/install/nav2_util/lib:/workstation/nav2_ws/install/nav2_voxel_grid/lib:/workstation/nav2_ws/install/nav2_msgs/lib:/workstation/nav2_ws/install/dwb_msgs/lib:/workstation/nav2_ws/install/nav_2d_msgs/lib:${LD_LIBRARY_PATH} PYTHONPATH=/workstation/nav2_ws/install/nav2_msgs/local/lib/python3.10/dist-packages:/workstation/nav2_ws/install/dwb_msgs/local/lib/python3.10/dist-packages:/workstation/nav2_ws/install/nav_2d_msgs/local/lib/python3.10/dist-packages:/workstation/nav2_ws/install/nav2_common/local/lib/python3.10/dist-packages:${PYTHONPATH} /usr/bin/cmake --install /workstation/nav2_ws/build/dwb_core
[86.288s] -- Install configuration: "Release"
[86.288s] -- Installing: /workstation/nav2_ws/install/dwb_core/lib/libdwb_core.so
[86.288s] -- Set runtime path of "/workstation/nav2_ws/install/dwb_core/lib/libdwb_core.so" to ""
[86.288s] -- Installing: /workstation/nav2_ws/install/dwb_core/include/
[86.288s] -- Installing: /workstation/nav2_ws/install/dwb_core/include//dwb_core
[86.288s] -- Installing: /workstation/nav2_ws/install/dwb_core/include//dwb_core/illegal_trajectory_tracker.hpp
[86.289s] -- Installing: /workstation/nav2_ws/install/dwb_core/include//dwb_core/trajectory_critic.hpp
[86.289s] -- Installing: /workstation/nav2_ws/install/dwb_core/include//dwb_core/publisher.hpp
[86.289s] -- Installing: /workstation/nav2_ws/install/dwb_core/include//dwb_core/trajectory_utils.hpp
[86.289s] -- Installing: /workstation/nav2_ws/install/dwb_core/include//dwb_core/dwb_local_planner.hpp
[86.289s] -- Installing: /workstation/nav2_ws/install/dwb_core/include//dwb_core/trajectory_generator.hpp
[86.289s] -- Installing: /workstation/nav2_ws/install/dwb_core/include//dwb_core/exceptions.hpp
[86.289s] -- Installing: /workstation/nav2_ws/install/dwb_core/share/dwb_core/environment/library_path.sh
[86.289s] -- Installing: /workstation/nav2_ws/install/dwb_core/share/dwb_core/environment/library_path.dsv
[86.289s] -- Installing: /workstation/nav2_ws/install/dwb_core/share/dwb_core/local_planner_plugin.xml
[86.290s] -- Installing: /workstation/nav2_ws/install/dwb_core/share/ament_index/resource_index/package_run_dependencies/dwb_core
[86.290s] -- Installing: /workstation/nav2_ws/install/dwb_core/share/ament_index/resource_index/parent_prefix_path/dwb_core
[86.290s] -- Installing: /workstation/nav2_ws/install/dwb_core/share/dwb_core/environment/ament_prefix_path.sh
[86.290s] -- Installing: /workstation/nav2_ws/install/dwb_core/share/dwb_core/environment/ament_prefix_path.dsv
[86.290s] -- Installing: /workstation/nav2_ws/install/dwb_core/share/dwb_core/environment/path.sh
[86.290s] -- Installing: /workstation/nav2_ws/install/dwb_core/share/dwb_core/environment/path.dsv
[86.290s] -- Installing: /workstation/nav2_ws/install/dwb_core/share/dwb_core/local_setup.bash
[86.290s] -- Installing: /workstation/nav2_ws/install/dwb_core/share/dwb_core/local_setup.sh
[86.291s] -- Installing: /workstation/nav2_ws/install/dwb_core/share/dwb_core/local_setup.zsh
[86.291s] -- Installing: /workstation/nav2_ws/install/dwb_core/share/dwb_core/local_setup.dsv
[86.291s] -- Installing: /workstation/nav2_ws/install/dwb_core/share/dwb_core/package.dsv
[86.291s] -- Installing: /workstation/nav2_ws/install/dwb_core/share/ament_index/resource_index/packages/dwb_core
[86.291s] -- Installing: /workstation/nav2_ws/install/dwb_core/share/ament_index/resource_index/nav2_core__pluginlib__plugin/dwb_core
[86.291s] -- Installing: /workstation/nav2_ws/install/dwb_core/share/dwb_core/cmake/ament_cmake_export_include_directories-extras.cmake
[86.291s] -- Installing: /workstation/nav2_ws/install/dwb_core/share/dwb_core/cmake/ament_cmake_export_libraries-extras.cmake
[86.291s] -- Installing: /workstation/nav2_ws/install/dwb_core/share/dwb_core/cmake/ament_cmake_export_dependencies-extras.cmake
[86.291s] -- Installing: /workstation/nav2_ws/install/dwb_core/share/dwb_core/cmake/dwb_coreConfig.cmake
[86.292s] -- Installing: /workstation/nav2_ws/install/dwb_core/share/dwb_core/cmake/dwb_coreConfig-version.cmake
[86.292s] -- Installing: /workstation/nav2_ws/install/dwb_core/share/dwb_core/package.xml
[86.348s] Invoked command in '/workstation/nav2_ws/build/dwb_core' returned '0': AMENT_PREFIX_PATH=/workstation/nav2_ws/install/nav2_core:/workstation/nav2_ws/install/nav2_costmap_2d:/workstation/nav2_ws/install/nav_2d_utils:/workstation/nav2_ws/install/nav2_map_server:/workstation/nav2_ws/install/nav2_lifecycle_manager:/workstation/nav2_ws/install/nav2_util:/workstation/nav2_ws/install/nav2_voxel_grid:/workstation/nav2_ws/install/nav2_msgs:/workstation/nav2_ws/install/dwb_msgs:/workstation/nav2_ws/install/nav_2d_msgs:/workstation/nav2_ws/install/nav2_common:${AMENT_PREFIX_PATH} CMAKE_PREFIX_PATH=/workstation/nav2_ws/install/nav2_core:/workstation/nav2_ws/install/nav2_costmap_2d:/workstation/nav2_ws/install/nav_2d_utils:/workstation/nav2_ws/install/nav2_map_server:/workstation/nav2_ws/install/nav2_lifecycle_manager:/workstation/nav2_ws/install/nav2_util:/workstation/nav2_ws/install/nav2_voxel_grid:/workstation/nav2_ws/install/nav2_msgs:/workstation/nav2_ws/install/dwb_msgs:/workstation/nav2_ws/install/nav_2d_msgs:/workstation/nav2_ws/install/nav2_common:/opt/ros/humble LD_LIBRARY_PATH=/workstation/nav2_ws/install/nav2_costmap_2d/lib:/workstation/nav2_ws/install/nav_2d_utils/lib:/workstation/nav2_ws/install/nav2_map_server/lib:/workstation/nav2_ws/install/nav2_lifecycle_manager/lib:/workstation/nav2_ws/install/nav2_util/lib:/workstation/nav2_ws/install/nav2_voxel_grid/lib:/workstation/nav2_ws/install/nav2_msgs/lib:/workstation/nav2_ws/install/dwb_msgs/lib:/workstation/nav2_ws/install/nav_2d_msgs/lib:${LD_LIBRARY_PATH} PYTHONPATH=/workstation/nav2_ws/install/nav2_msgs/local/lib/python3.10/dist-packages:/workstation/nav2_ws/install/dwb_msgs/local/lib/python3.10/dist-packages:/workstation/nav2_ws/install/nav_2d_msgs/local/lib/python3.10/dist-packages:/workstation/nav2_ws/install/nav2_common/local/lib/python3.10/dist-packages:${PYTHONPATH} /usr/bin/cmake --install /workstation/nav2_ws/build/dwb_core
