[0.022s] Invoking command in '/workstation/nav2_ws/build/nav2_core': AMENT_PREFIX_PATH=/workstation/nav2_ws/install/nav2_costmap_2d:/workstation/nav2_ws/install/nav2_map_server:/workstation/nav2_ws/install/nav2_lifecycle_manager:/workstation/nav2_ws/install/nav2_util:/workstation/nav2_ws/install/nav2_voxel_grid:/workstation/nav2_ws/install/nav2_msgs:/workstation/nav2_ws/install/nav2_common:${AMENT_PREFIX_PATH} CMAKE_PREFIX_PATH=/workstation/nav2_ws/install/nav2_costmap_2d:/workstation/nav2_ws/install/nav2_map_server:/workstation/nav2_ws/install/nav2_lifecycle_manager:/workstation/nav2_ws/install/nav2_util:/workstation/nav2_ws/install/nav2_voxel_grid:/workstation/nav2_ws/install/nav2_msgs:/workstation/nav2_ws/install/nav2_common:/opt/ros/humble LD_LIBRARY_PATH=/workstation/nav2_ws/install/nav2_costmap_2d/lib:/workstation/nav2_ws/install/nav2_map_server/lib:/workstation/nav2_ws/install/nav2_lifecycle_manager/lib:/workstation/nav2_ws/install/nav2_util/lib:/workstation/nav2_ws/install/nav2_voxel_grid/lib:/workstation/nav2_ws/install/nav2_msgs/lib:${LD_LIBRARY_PATH} PYTHONPATH=/workstation/nav2_ws/install/nav2_msgs/local/lib/python3.10/dist-packages:/workstation/nav2_ws/install/nav2_common/local/lib/python3.10/dist-packages:${PYTHONPATH} /usr/bin/cmake --build /workstation/nav2_ws/build/nav2_core -- -j12 -l12
[0.062s] Invoked command in '/workstation/nav2_ws/build/nav2_core' returned '0': AMENT_PREFIX_PATH=/workstation/nav2_ws/install/nav2_costmap_2d:/workstation/nav2_ws/install/nav2_map_server:/workstation/nav2_ws/install/nav2_lifecycle_manager:/workstation/nav2_ws/install/nav2_util:/workstation/nav2_ws/install/nav2_voxel_grid:/workstation/nav2_ws/install/nav2_msgs:/workstation/nav2_ws/install/nav2_common:${AMENT_PREFIX_PATH} CMAKE_PREFIX_PATH=/workstation/nav2_ws/install/nav2_costmap_2d:/workstation/nav2_ws/install/nav2_map_server:/workstation/nav2_ws/install/nav2_lifecycle_manager:/workstation/nav2_ws/install/nav2_util:/workstation/nav2_ws/install/nav2_voxel_grid:/workstation/nav2_ws/install/nav2_msgs:/workstation/nav2_ws/install/nav2_common:/opt/ros/humble LD_LIBRARY_PATH=/workstation/nav2_ws/install/nav2_costmap_2d/lib:/workstation/nav2_ws/install/nav2_map_server/lib:/workstation/nav2_ws/install/nav2_lifecycle_manager/lib:/workstation/nav2_ws/install/nav2_util/lib:/workstation/nav2_ws/install/nav2_voxel_grid/lib:/workstation/nav2_ws/install/nav2_msgs/lib:${LD_LIBRARY_PATH} PYTHONPATH=/workstation/nav2_ws/install/nav2_msgs/local/lib/python3.10/dist-packages:/workstation/nav2_ws/install/nav2_common/local/lib/python3.10/dist-packages:${PYTHONPATH} /usr/bin/cmake --build /workstation/nav2_ws/build/nav2_core -- -j12 -l12
[0.085s] Invoking command in '/workstation/nav2_ws/build/nav2_core': AMENT_PREFIX_PATH=/workstation/nav2_ws/install/nav2_costmap_2d:/workstation/nav2_ws/install/nav2_map_server:/workstation/nav2_ws/install/nav2_lifecycle_manager:/workstation/nav2_ws/install/nav2_util:/workstation/nav2_ws/install/nav2_voxel_grid:/workstation/nav2_ws/install/nav2_msgs:/workstation/nav2_ws/install/nav2_common:${AMENT_PREFIX_PATH} CMAKE_PREFIX_PATH=/workstation/nav2_ws/install/nav2_costmap_2d:/workstation/nav2_ws/install/nav2_map_server:/workstation/nav2_ws/install/nav2_lifecycle_manager:/workstation/nav2_ws/install/nav2_util:/workstation/nav2_ws/install/nav2_voxel_grid:/workstation/nav2_ws/install/nav2_msgs:/workstation/nav2_ws/install/nav2_common:/opt/ros/humble LD_LIBRARY_PATH=/workstation/nav2_ws/install/nav2_costmap_2d/lib:/workstation/nav2_ws/install/nav2_map_server/lib:/workstation/nav2_ws/install/nav2_lifecycle_manager/lib:/workstation/nav2_ws/install/nav2_util/lib:/workstation/nav2_ws/install/nav2_voxel_grid/lib:/workstation/nav2_ws/install/nav2_msgs/lib:${LD_LIBRARY_PATH} PYTHONPATH=/workstation/nav2_ws/install/nav2_msgs/local/lib/python3.10/dist-packages:/workstation/nav2_ws/install/nav2_common/local/lib/python3.10/dist-packages:${PYTHONPATH} /usr/bin/cmake --install /workstation/nav2_ws/build/nav2_core
[0.091s] -- Install configuration: "Release"
[0.091s] -- Up-to-date: /workstation/nav2_ws/install/nav2_core/include/
[0.091s] -- Up-to-date: /workstation/nav2_ws/install/nav2_core/include//nav2_core
[0.092s] -- Up-to-date: /workstation/nav2_ws/install/nav2_core/include//nav2_core/smoother.hpp
[0.092s] -- Up-to-date: /workstation/nav2_ws/install/nav2_core/include//nav2_core/goal_checker.hpp
[0.092s] -- Up-to-date: /workstation/nav2_ws/install/nav2_core/include//nav2_core/global_planner.hpp
[0.092s] -- Up-to-date: /workstation/nav2_ws/install/nav2_core/include//nav2_core/controller.hpp
[0.092s] -- Up-to-date: /workstation/nav2_ws/install/nav2_core/include//nav2_core/waypoint_task_executor.hpp
[0.092s] -- Up-to-date: /workstation/nav2_ws/install/nav2_core/include//nav2_core/behavior.hpp
[0.092s] -- Up-to-date: /workstation/nav2_ws/install/nav2_core/include//nav2_core/progress_checker.hpp
[0.092s] -- Up-to-date: /workstation/nav2_ws/install/nav2_core/include//nav2_core/exceptions.hpp
[0.092s] -- Up-to-date: /workstation/nav2_ws/install/nav2_core/share/ament_index/resource_index/package_run_dependencies/nav2_core
[0.092s] -- Up-to-date: /workstation/nav2_ws/install/nav2_core/share/ament_index/resource_index/parent_prefix_path/nav2_core
[0.092s] -- Up-to-date: /workstation/nav2_ws/install/nav2_core/share/nav2_core/environment/ament_prefix_path.sh
[0.092s] -- Up-to-date: /workstation/nav2_ws/install/nav2_core/share/nav2_core/environment/ament_prefix_path.dsv
[0.092s] -- Up-to-date: /workstation/nav2_ws/install/nav2_core/share/nav2_core/environment/path.sh
[0.092s] -- Up-to-date: /workstation/nav2_ws/install/nav2_core/share/nav2_core/environment/path.dsv
[0.092s] -- Up-to-date: /workstation/nav2_ws/install/nav2_core/share/nav2_core/local_setup.bash
[0.092s] -- Up-to-date: /workstation/nav2_ws/install/nav2_core/share/nav2_core/local_setup.sh
[0.093s] -- Up-to-date: /workstation/nav2_ws/install/nav2_core/share/nav2_core/local_setup.zsh
[0.093s] -- Up-to-date: /workstation/nav2_ws/install/nav2_core/share/nav2_core/local_setup.dsv
[0.093s] -- Up-to-date: /workstation/nav2_ws/install/nav2_core/share/nav2_core/package.dsv
[0.093s] -- Up-to-date: /workstation/nav2_ws/install/nav2_core/share/ament_index/resource_index/packages/nav2_core
[0.093s] -- Up-to-date: /workstation/nav2_ws/install/nav2_core/share/nav2_core/cmake/ament_cmake_export_include_directories-extras.cmake
[0.093s] -- Up-to-date: /workstation/nav2_ws/install/nav2_core/share/nav2_core/cmake/ament_cmake_export_dependencies-extras.cmake
[0.093s] -- Up-to-date: /workstation/nav2_ws/install/nav2_core/share/nav2_core/cmake/nav2_coreConfig.cmake
[0.093s] -- Up-to-date: /workstation/nav2_ws/install/nav2_core/share/nav2_core/cmake/nav2_coreConfig-version.cmake
[0.093s] -- Up-to-date: /workstation/nav2_ws/install/nav2_core/share/nav2_core/package.xml
[0.094s] Invoked command in '/workstation/nav2_ws/build/nav2_core' returned '0': AMENT_PREFIX_PATH=/workstation/nav2_ws/install/nav2_costmap_2d:/workstation/nav2_ws/install/nav2_map_server:/workstation/nav2_ws/install/nav2_lifecycle_manager:/workstation/nav2_ws/install/nav2_util:/workstation/nav2_ws/install/nav2_voxel_grid:/workstation/nav2_ws/install/nav2_msgs:/workstation/nav2_ws/install/nav2_common:${AMENT_PREFIX_PATH} CMAKE_PREFIX_PATH=/workstation/nav2_ws/install/nav2_costmap_2d:/workstation/nav2_ws/install/nav2_map_server:/workstation/nav2_ws/install/nav2_lifecycle_manager:/workstation/nav2_ws/install/nav2_util:/workstation/nav2_ws/install/nav2_voxel_grid:/workstation/nav2_ws/install/nav2_msgs:/workstation/nav2_ws/install/nav2_common:/opt/ros/humble LD_LIBRARY_PATH=/workstation/nav2_ws/install/nav2_costmap_2d/lib:/workstation/nav2_ws/install/nav2_map_server/lib:/workstation/nav2_ws/install/nav2_lifecycle_manager/lib:/workstation/nav2_ws/install/nav2_util/lib:/workstation/nav2_ws/install/nav2_voxel_grid/lib:/workstation/nav2_ws/install/nav2_msgs/lib:${LD_LIBRARY_PATH} PYTHONPATH=/workstation/nav2_ws/install/nav2_msgs/local/lib/python3.10/dist-packages:/workstation/nav2_ws/install/nav2_common/local/lib/python3.10/dist-packages:${PYTHONPATH} /usr/bin/cmake --install /workstation/nav2_ws/build/nav2_core
