[0.158s] Invoking command in '/workstation/nav2_ws/build/nav2_smoother': AMENT_PREFIX_PATH=/workstation/nav2_ws/install/nav2_core:/workstation/nav2_ws/install/nav2_costmap_2d:/workstation/nav2_ws/install/nav_2d_utils:/workstation/nav2_ws/install/nav2_map_server:/workstation/nav2_ws/install/nav2_lifecycle_manager:/workstation/nav2_ws/install/nav2_util:/workstation/nav2_ws/install/nav2_voxel_grid:/workstation/nav2_ws/install/nav2_msgs:/workstation/nav2_ws/install/nav_2d_msgs:/workstation/nav2_ws/install/nav2_common:${AMENT_PREFIX_PATH} CMAKE_PREFIX_PATH=/workstation/nav2_ws/install/nav2_core:/workstation/nav2_ws/install/nav2_costmap_2d:/workstation/nav2_ws/install/nav_2d_utils:/workstation/nav2_ws/install/nav2_map_server:/workstation/nav2_ws/install/nav2_lifecycle_manager:/workstation/nav2_ws/install/nav2_util:/workstation/nav2_ws/install/nav2_voxel_grid:/workstation/nav2_ws/install/nav2_msgs:/workstation/nav2_ws/install/nav_2d_msgs:/workstation/nav2_ws/install/nav2_common:/opt/ros/humble LD_LIBRARY_PATH=/workstation/nav2_ws/install/nav2_costmap_2d/lib:/workstation/nav2_ws/install/nav_2d_utils/lib:/workstation/nav2_ws/install/nav2_map_server/lib:/workstation/nav2_ws/install/nav2_lifecycle_manager/lib:/workstation/nav2_ws/install/nav2_util/lib:/workstation/nav2_ws/install/nav2_voxel_grid/lib:/workstation/nav2_ws/install/nav2_msgs/lib:/workstation/nav2_ws/install/nav_2d_msgs/lib:${LD_LIBRARY_PATH} PYTHONPATH=/workstation/nav2_ws/install/nav2_msgs/local/lib/python3.10/dist-packages:/workstation/nav2_ws/install/nav_2d_msgs/local/lib/python3.10/dist-packages:/workstation/nav2_ws/install/nav2_common/local/lib/python3.10/dist-packages:${PYTHONPATH} /usr/bin/cmake --build /workstation/nav2_ws/build/nav2_smoother -- -j12 -l12
[0.231s] [35m[1mConsolidate compiler generated dependencies of target gtest_main[0m
[0.232s] [35m[1mConsolidate compiler generated dependencies of target savitzky_golay_smoother[0m
[0.232s] [35m[1mConsolidate compiler generated dependencies of target gtest[0m
[0.233s] [35m[1mConsolidate compiler generated dependencies of target simple_smoother[0m
[0.234s] [35m[1mConsolidate compiler generated dependencies of target smoother_server_core[0m
[0.248s] [ 11%] Built target gtest_main
[0.249s] [ 22%] Built target gtest
[0.254s] [ 33%] Built target savitzky_golay_smoother
[0.258s] [ 44%] Built target simple_smoother
[0.259s] [ 55%] Built target smoother_server_core
[0.266s] [35m[1mConsolidate compiler generated dependencies of target test_savitzky_golay_smoother[0m
[0.271s] [35m[1mConsolidate compiler generated dependencies of target test_simple_smoother[0m
[0.273s] [35m[1mConsolidate compiler generated dependencies of target smoother_server[0m
[0.273s] [35m[1mConsolidate compiler generated dependencies of target test_smoother_server[0m
[0.293s] [ 66%] Built target test_savitzky_golay_smoother
[0.303s] [ 77%] Built target test_simple_smoother
[0.306s] [ 88%] Built target smoother_server
[0.306s] [100%] Built target test_smoother_server
[0.388s] Invoked command in '/workstation/nav2_ws/build/nav2_smoother' returned '0': AMENT_PREFIX_PATH=/workstation/nav2_ws/install/nav2_core:/workstation/nav2_ws/install/nav2_costmap_2d:/workstation/nav2_ws/install/nav_2d_utils:/workstation/nav2_ws/install/nav2_map_server:/workstation/nav2_ws/install/nav2_lifecycle_manager:/workstation/nav2_ws/install/nav2_util:/workstation/nav2_ws/install/nav2_voxel_grid:/workstation/nav2_ws/install/nav2_msgs:/workstation/nav2_ws/install/nav_2d_msgs:/workstation/nav2_ws/install/nav2_common:${AMENT_PREFIX_PATH} CMAKE_PREFIX_PATH=/workstation/nav2_ws/install/nav2_core:/workstation/nav2_ws/install/nav2_costmap_2d:/workstation/nav2_ws/install/nav_2d_utils:/workstation/nav2_ws/install/nav2_map_server:/workstation/nav2_ws/install/nav2_lifecycle_manager:/workstation/nav2_ws/install/nav2_util:/workstation/nav2_ws/install/nav2_voxel_grid:/workstation/nav2_ws/install/nav2_msgs:/workstation/nav2_ws/install/nav_2d_msgs:/workstation/nav2_ws/install/nav2_common:/opt/ros/humble LD_LIBRARY_PATH=/workstation/nav2_ws/install/nav2_costmap_2d/lib:/workstation/nav2_ws/install/nav_2d_utils/lib:/workstation/nav2_ws/install/nav2_map_server/lib:/workstation/nav2_ws/install/nav2_lifecycle_manager/lib:/workstation/nav2_ws/install/nav2_util/lib:/workstation/nav2_ws/install/nav2_voxel_grid/lib:/workstation/nav2_ws/install/nav2_msgs/lib:/workstation/nav2_ws/install/nav_2d_msgs/lib:${LD_LIBRARY_PATH} PYTHONPATH=/workstation/nav2_ws/install/nav2_msgs/local/lib/python3.10/dist-packages:/workstation/nav2_ws/install/nav_2d_msgs/local/lib/python3.10/dist-packages:/workstation/nav2_ws/install/nav2_common/local/lib/python3.10/dist-packages:${PYTHONPATH} /usr/bin/cmake --build /workstation/nav2_ws/build/nav2_smoother -- -j12 -l12
[0.461s] Invoking command in '/workstation/nav2_ws/build/nav2_smoother': AMENT_PREFIX_PATH=/workstation/nav2_ws/install/nav2_core:/workstation/nav2_ws/install/nav2_costmap_2d:/workstation/nav2_ws/install/nav_2d_utils:/workstation/nav2_ws/install/nav2_map_server:/workstation/nav2_ws/install/nav2_lifecycle_manager:/workstation/nav2_ws/install/nav2_util:/workstation/nav2_ws/install/nav2_voxel_grid:/workstation/nav2_ws/install/nav2_msgs:/workstation/nav2_ws/install/nav_2d_msgs:/workstation/nav2_ws/install/nav2_common:${AMENT_PREFIX_PATH} CMAKE_PREFIX_PATH=/workstation/nav2_ws/install/nav2_core:/workstation/nav2_ws/install/nav2_costmap_2d:/workstation/nav2_ws/install/nav_2d_utils:/workstation/nav2_ws/install/nav2_map_server:/workstation/nav2_ws/install/nav2_lifecycle_manager:/workstation/nav2_ws/install/nav2_util:/workstation/nav2_ws/install/nav2_voxel_grid:/workstation/nav2_ws/install/nav2_msgs:/workstation/nav2_ws/install/nav_2d_msgs:/workstation/nav2_ws/install/nav2_common:/opt/ros/humble LD_LIBRARY_PATH=/workstation/nav2_ws/install/nav2_costmap_2d/lib:/workstation/nav2_ws/install/nav_2d_utils/lib:/workstation/nav2_ws/install/nav2_map_server/lib:/workstation/nav2_ws/install/nav2_lifecycle_manager/lib:/workstation/nav2_ws/install/nav2_util/lib:/workstation/nav2_ws/install/nav2_voxel_grid/lib:/workstation/nav2_ws/install/nav2_msgs/lib:/workstation/nav2_ws/install/nav_2d_msgs/lib:${LD_LIBRARY_PATH} PYTHONPATH=/workstation/nav2_ws/install/nav2_msgs/local/lib/python3.10/dist-packages:/workstation/nav2_ws/install/nav_2d_msgs/local/lib/python3.10/dist-packages:/workstation/nav2_ws/install/nav2_common/local/lib/python3.10/dist-packages:${PYTHONPATH} /usr/bin/cmake --install /workstation/nav2_ws/build/nav2_smoother
[0.499s] -- Install configuration: "Release"
[0.499s] -- Up-to-date: /workstation/nav2_ws/install/nav2_smoother/share/nav2_smoother/plugins.xml
[0.501s] -- Up-to-date: /workstation/nav2_ws/install/nav2_smoother/lib/libsmoother_server_core.so
[0.502s] -- Up-to-date: /workstation/nav2_ws/install/nav2_smoother/lib/libsimple_smoother.so
[0.503s] -- Up-to-date: /workstation/nav2_ws/install/nav2_smoother/lib/libsavitzky_golay_smoother.so
[0.503s] -- Up-to-date: /workstation/nav2_ws/install/nav2_smoother/lib/nav2_smoother/smoother_server
[0.503s] -- Up-to-date: /workstation/nav2_ws/install/nav2_smoother/include/
[0.503s] -- Up-to-date: /workstation/nav2_ws/install/nav2_smoother/include//nav2_smoother
[0.503s] -- Up-to-date: /workstation/nav2_ws/install/nav2_smoother/include//nav2_smoother/savitzky_golay_smoother.hpp
[0.503s] -- Up-to-date: /workstation/nav2_ws/install/nav2_smoother/include//nav2_smoother/simple_smoother.hpp
[0.503s] -- Up-to-date: /workstation/nav2_ws/install/nav2_smoother/include//nav2_smoother/smoother_utils.hpp
[0.503s] -- Up-to-date: /workstation/nav2_ws/install/nav2_smoother/include//nav2_smoother/nav2_smoother.hpp
[0.503s] -- Up-to-date: /workstation/nav2_ws/install/nav2_smoother/share/nav2_smoother/environment/library_path.sh
[0.503s] -- Up-to-date: /workstation/nav2_ws/install/nav2_smoother/share/nav2_smoother/environment/library_path.dsv
[0.504s] -- Up-to-date: /workstation/nav2_ws/install/nav2_smoother/share/ament_index/resource_index/package_run_dependencies/nav2_smoother
[0.504s] -- Up-to-date: /workstation/nav2_ws/install/nav2_smoother/share/ament_index/resource_index/parent_prefix_path/nav2_smoother
[0.504s] -- Up-to-date: /workstation/nav2_ws/install/nav2_smoother/share/nav2_smoother/environment/ament_prefix_path.sh
[0.504s] -- Up-to-date: /workstation/nav2_ws/install/nav2_smoother/share/nav2_smoother/environment/ament_prefix_path.dsv
[0.504s] -- Up-to-date: /workstation/nav2_ws/install/nav2_smoother/share/nav2_smoother/environment/path.sh
[0.504s] -- Up-to-date: /workstation/nav2_ws/install/nav2_smoother/share/nav2_smoother/environment/path.dsv
[0.504s] -- Up-to-date: /workstation/nav2_ws/install/nav2_smoother/share/nav2_smoother/local_setup.bash
[0.504s] -- Up-to-date: /workstation/nav2_ws/install/nav2_smoother/share/nav2_smoother/local_setup.sh
[0.504s] -- Up-to-date: /workstation/nav2_ws/install/nav2_smoother/share/nav2_smoother/local_setup.zsh
[0.504s] -- Up-to-date: /workstation/nav2_ws/install/nav2_smoother/share/nav2_smoother/local_setup.dsv
[0.504s] -- Installing: /workstation/nav2_ws/install/nav2_smoother/share/nav2_smoother/package.dsv
[0.505s] -- Up-to-date: /workstation/nav2_ws/install/nav2_smoother/share/ament_index/resource_index/packages/nav2_smoother
[0.505s] -- Up-to-date: /workstation/nav2_ws/install/nav2_smoother/share/ament_index/resource_index/nav2_core__pluginlib__plugin/nav2_smoother
[0.505s] -- Up-to-date: /workstation/nav2_ws/install/nav2_smoother/share/ament_index/resource_index/rclcpp_components/nav2_smoother
[0.505s] -- Up-to-date: /workstation/nav2_ws/install/nav2_smoother/share/nav2_smoother/cmake/ament_cmake_export_include_directories-extras.cmake
[0.505s] -- Up-to-date: /workstation/nav2_ws/install/nav2_smoother/share/nav2_smoother/cmake/ament_cmake_export_libraries-extras.cmake
[0.505s] -- Up-to-date: /workstation/nav2_ws/install/nav2_smoother/share/nav2_smoother/cmake/ament_cmake_export_dependencies-extras.cmake
[0.505s] -- Up-to-date: /workstation/nav2_ws/install/nav2_smoother/share/nav2_smoother/cmake/nav2_smootherConfig.cmake
[0.505s] -- Up-to-date: /workstation/nav2_ws/install/nav2_smoother/share/nav2_smoother/cmake/nav2_smootherConfig-version.cmake
[0.505s] -- Up-to-date: /workstation/nav2_ws/install/nav2_smoother/share/nav2_smoother/package.xml
[0.505s] Invoked command in '/workstation/nav2_ws/build/nav2_smoother' returned '0': AMENT_PREFIX_PATH=/workstation/nav2_ws/install/nav2_core:/workstation/nav2_ws/install/nav2_costmap_2d:/workstation/nav2_ws/install/nav_2d_utils:/workstation/nav2_ws/install/nav2_map_server:/workstation/nav2_ws/install/nav2_lifecycle_manager:/workstation/nav2_ws/install/nav2_util:/workstation/nav2_ws/install/nav2_voxel_grid:/workstation/nav2_ws/install/nav2_msgs:/workstation/nav2_ws/install/nav_2d_msgs:/workstation/nav2_ws/install/nav2_common:${AMENT_PREFIX_PATH} CMAKE_PREFIX_PATH=/workstation/nav2_ws/install/nav2_core:/workstation/nav2_ws/install/nav2_costmap_2d:/workstation/nav2_ws/install/nav_2d_utils:/workstation/nav2_ws/install/nav2_map_server:/workstation/nav2_ws/install/nav2_lifecycle_manager:/workstation/nav2_ws/install/nav2_util:/workstation/nav2_ws/install/nav2_voxel_grid:/workstation/nav2_ws/install/nav2_msgs:/workstation/nav2_ws/install/nav_2d_msgs:/workstation/nav2_ws/install/nav2_common:/opt/ros/humble LD_LIBRARY_PATH=/workstation/nav2_ws/install/nav2_costmap_2d/lib:/workstation/nav2_ws/install/nav_2d_utils/lib:/workstation/nav2_ws/install/nav2_map_server/lib:/workstation/nav2_ws/install/nav2_lifecycle_manager/lib:/workstation/nav2_ws/install/nav2_util/lib:/workstation/nav2_ws/install/nav2_voxel_grid/lib:/workstation/nav2_ws/install/nav2_msgs/lib:/workstation/nav2_ws/install/nav_2d_msgs/lib:${LD_LIBRARY_PATH} PYTHONPATH=/workstation/nav2_ws/install/nav2_msgs/local/lib/python3.10/dist-packages:/workstation/nav2_ws/install/nav_2d_msgs/local/lib/python3.10/dist-packages:/workstation/nav2_ws/install/nav2_common/local/lib/python3.10/dist-packages:${PYTHONPATH} /usr/bin/cmake --install /workstation/nav2_ws/build/nav2_smoother
