[0.050s] Invoking command in '/workstation/nav2_ws/build/nav2_controller': AMENT_PREFIX_PATH=/workstation/nav2_ws/install/nav2_core:/workstation/nav2_ws/install/nav2_costmap_2d:/workstation/nav2_ws/install/nav_2d_utils:/workstation/nav2_ws/install/nav2_map_server:/workstation/nav2_ws/install/nav2_lifecycle_manager:/workstation/nav2_ws/install/nav2_util:/workstation/nav2_ws/install/nav2_voxel_grid:/workstation/nav2_ws/install/nav2_msgs:/workstation/nav2_ws/install/nav_2d_msgs:/workstation/nav2_ws/install/nav2_common:${AMENT_PREFIX_PATH} CMAKE_PREFIX_PATH=/workstation/nav2_ws/install/nav2_core:/workstation/nav2_ws/install/nav2_costmap_2d:/workstation/nav2_ws/install/nav_2d_utils:/workstation/nav2_ws/install/nav2_map_server:/workstation/nav2_ws/install/nav2_lifecycle_manager:/workstation/nav2_ws/install/nav2_util:/workstation/nav2_ws/install/nav2_voxel_grid:/workstation/nav2_ws/install/nav2_msgs:/workstation/nav2_ws/install/nav_2d_msgs:/workstation/nav2_ws/install/nav2_common:/opt/ros/humble LD_LIBRARY_PATH=/workstation/nav2_ws/install/nav2_costmap_2d/lib:/workstation/nav2_ws/install/nav_2d_utils/lib:/workstation/nav2_ws/install/nav2_map_server/lib:/workstation/nav2_ws/install/nav2_lifecycle_manager/lib:/workstation/nav2_ws/install/nav2_util/lib:/workstation/nav2_ws/install/nav2_voxel_grid/lib:/workstation/nav2_ws/install/nav2_msgs/lib:/workstation/nav2_ws/install/nav_2d_msgs/lib:${LD_LIBRARY_PATH} PYTHONPATH=/workstation/nav2_ws/install/nav2_msgs/local/lib/python3.10/dist-packages:/workstation/nav2_ws/install/nav_2d_msgs/local/lib/python3.10/dist-packages:/workstation/nav2_ws/install/nav2_common/local/lib/python3.10/dist-packages:${PYTHONPATH} /usr/bin/cmake --build /workstation/nav2_ws/build/nav2_controller -- -j12 -l12
[0.126s] [35m[1mConsolidate compiler generated dependencies of target gtest_main[0m
[0.126s] [35m[1mConsolidate compiler generated dependencies of target simple_progress_checker[0m
[0.126s] [35m[1mConsolidate compiler generated dependencies of target simple_goal_checker[0m
[0.129s] [35m[1mConsolidate compiler generated dependencies of target controller_server_core[0m
[0.134s] [35m[1mConsolidate compiler generated dependencies of target gtest[0m
[0.153s] [  9%] Built target gtest_main
[0.165s] [ 18%] Built target simple_progress_checker
[0.199s] [ 27%] Built target gtest
[0.203s] [ 36%] Built target simple_goal_checker
[0.211s] [ 45%] Built target controller_server_core
[0.211s] [35m[1mConsolidate compiler generated dependencies of target pose_progress_checker[0m
[0.244s] [35m[1mConsolidate compiler generated dependencies of target stopped_goal_checker[0m
[0.272s] [35m[1mConsolidate compiler generated dependencies of target test_dynamic_parameters[0m
[0.272s] [35m[1mConsolidate compiler generated dependencies of target controller_server[0m
[0.301s] [ 54%] Built target pose_progress_checker
[0.321s] [ 63%] Built target stopped_goal_checker
[0.333s] [35m[1mConsolidate compiler generated dependencies of target pctest[0m
[0.336s] [ 72%] Built target controller_server
[0.337s] [ 81%] Built target test_dynamic_parameters
[0.358s] [35m[1mConsolidate compiler generated dependencies of target gctest[0m
[0.360s] [ 90%] Built target pctest
[0.406s] [100%] Built target gctest
[0.470s] Invoked command in '/workstation/nav2_ws/build/nav2_controller' returned '0': AMENT_PREFIX_PATH=/workstation/nav2_ws/install/nav2_core:/workstation/nav2_ws/install/nav2_costmap_2d:/workstation/nav2_ws/install/nav_2d_utils:/workstation/nav2_ws/install/nav2_map_server:/workstation/nav2_ws/install/nav2_lifecycle_manager:/workstation/nav2_ws/install/nav2_util:/workstation/nav2_ws/install/nav2_voxel_grid:/workstation/nav2_ws/install/nav2_msgs:/workstation/nav2_ws/install/nav_2d_msgs:/workstation/nav2_ws/install/nav2_common:${AMENT_PREFIX_PATH} CMAKE_PREFIX_PATH=/workstation/nav2_ws/install/nav2_core:/workstation/nav2_ws/install/nav2_costmap_2d:/workstation/nav2_ws/install/nav_2d_utils:/workstation/nav2_ws/install/nav2_map_server:/workstation/nav2_ws/install/nav2_lifecycle_manager:/workstation/nav2_ws/install/nav2_util:/workstation/nav2_ws/install/nav2_voxel_grid:/workstation/nav2_ws/install/nav2_msgs:/workstation/nav2_ws/install/nav_2d_msgs:/workstation/nav2_ws/install/nav2_common:/opt/ros/humble LD_LIBRARY_PATH=/workstation/nav2_ws/install/nav2_costmap_2d/lib:/workstation/nav2_ws/install/nav_2d_utils/lib:/workstation/nav2_ws/install/nav2_map_server/lib:/workstation/nav2_ws/install/nav2_lifecycle_manager/lib:/workstation/nav2_ws/install/nav2_util/lib:/workstation/nav2_ws/install/nav2_voxel_grid/lib:/workstation/nav2_ws/install/nav2_msgs/lib:/workstation/nav2_ws/install/nav_2d_msgs/lib:${LD_LIBRARY_PATH} PYTHONPATH=/workstation/nav2_ws/install/nav2_msgs/local/lib/python3.10/dist-packages:/workstation/nav2_ws/install/nav_2d_msgs/local/lib/python3.10/dist-packages:/workstation/nav2_ws/install/nav2_common/local/lib/python3.10/dist-packages:${PYTHONPATH} /usr/bin/cmake --build /workstation/nav2_ws/build/nav2_controller -- -j12 -l12
[0.582s] Invoking command in '/workstation/nav2_ws/build/nav2_controller': AMENT_PREFIX_PATH=/workstation/nav2_ws/install/nav2_core:/workstation/nav2_ws/install/nav2_costmap_2d:/workstation/nav2_ws/install/nav_2d_utils:/workstation/nav2_ws/install/nav2_map_server:/workstation/nav2_ws/install/nav2_lifecycle_manager:/workstation/nav2_ws/install/nav2_util:/workstation/nav2_ws/install/nav2_voxel_grid:/workstation/nav2_ws/install/nav2_msgs:/workstation/nav2_ws/install/nav_2d_msgs:/workstation/nav2_ws/install/nav2_common:${AMENT_PREFIX_PATH} CMAKE_PREFIX_PATH=/workstation/nav2_ws/install/nav2_core:/workstation/nav2_ws/install/nav2_costmap_2d:/workstation/nav2_ws/install/nav_2d_utils:/workstation/nav2_ws/install/nav2_map_server:/workstation/nav2_ws/install/nav2_lifecycle_manager:/workstation/nav2_ws/install/nav2_util:/workstation/nav2_ws/install/nav2_voxel_grid:/workstation/nav2_ws/install/nav2_msgs:/workstation/nav2_ws/install/nav_2d_msgs:/workstation/nav2_ws/install/nav2_common:/opt/ros/humble LD_LIBRARY_PATH=/workstation/nav2_ws/install/nav2_costmap_2d/lib:/workstation/nav2_ws/install/nav_2d_utils/lib:/workstation/nav2_ws/install/nav2_map_server/lib:/workstation/nav2_ws/install/nav2_lifecycle_manager/lib:/workstation/nav2_ws/install/nav2_util/lib:/workstation/nav2_ws/install/nav2_voxel_grid/lib:/workstation/nav2_ws/install/nav2_msgs/lib:/workstation/nav2_ws/install/nav_2d_msgs/lib:${LD_LIBRARY_PATH} PYTHONPATH=/workstation/nav2_ws/install/nav2_msgs/local/lib/python3.10/dist-packages:/workstation/nav2_ws/install/nav_2d_msgs/local/lib/python3.10/dist-packages:/workstation/nav2_ws/install/nav2_common/local/lib/python3.10/dist-packages:${PYTHONPATH} /usr/bin/cmake --install /workstation/nav2_ws/build/nav2_controller
[0.608s] -- Install configuration: "Release"
[0.610s] -- Up-to-date: /workstation/nav2_ws/install/nav2_controller/lib/libsimple_progress_checker.so
[0.610s] -- Up-to-date: /workstation/nav2_ws/install/nav2_controller/lib/libpose_progress_checker.so
[0.610s] -- Up-to-date: /workstation/nav2_ws/install/nav2_controller/lib/libsimple_goal_checker.so
[0.610s] -- Up-to-date: /workstation/nav2_ws/install/nav2_controller/lib/libstopped_goal_checker.so
[0.610s] -- Up-to-date: /workstation/nav2_ws/install/nav2_controller/lib/libcontroller_server_core.so
[0.610s] -- Up-to-date: /workstation/nav2_ws/install/nav2_controller/lib/nav2_controller/controller_server
[0.610s] -- Up-to-date: /workstation/nav2_ws/install/nav2_controller/include/
[0.610s] -- Up-to-date: /workstation/nav2_ws/install/nav2_controller/include//nav2_controller
[0.610s] -- Up-to-date: /workstation/nav2_ws/install/nav2_controller/include//nav2_controller/plugins
[0.610s] -- Up-to-date: /workstation/nav2_ws/install/nav2_controller/include//nav2_controller/plugins/simple_progress_checker.hpp
[0.610s] -- Up-to-date: /workstation/nav2_ws/install/nav2_controller/include//nav2_controller/plugins/simple_goal_checker.hpp
[0.610s] -- Up-to-date: /workstation/nav2_ws/install/nav2_controller/include//nav2_controller/plugins/stopped_goal_checker.hpp
[0.611s] -- Up-to-date: /workstation/nav2_ws/install/nav2_controller/include//nav2_controller/plugins/pose_progress_checker.hpp
[0.611s] -- Up-to-date: /workstation/nav2_ws/install/nav2_controller/include//nav2_controller/controller_server.hpp
[0.611s] -- Up-to-date: /workstation/nav2_ws/install/nav2_controller/share/nav2_controller/environment/library_path.sh
[0.611s] -- Up-to-date: /workstation/nav2_ws/install/nav2_controller/share/nav2_controller/environment/library_path.dsv
[0.611s] -- Up-to-date: /workstation/nav2_ws/install/nav2_controller/share/nav2_controller/plugins.xml
[0.611s] -- Up-to-date: /workstation/nav2_ws/install/nav2_controller/share/ament_index/resource_index/package_run_dependencies/nav2_controller
[0.611s] -- Up-to-date: /workstation/nav2_ws/install/nav2_controller/share/ament_index/resource_index/parent_prefix_path/nav2_controller
[0.611s] -- Up-to-date: /workstation/nav2_ws/install/nav2_controller/share/nav2_controller/environment/ament_prefix_path.sh
[0.611s] -- Up-to-date: /workstation/nav2_ws/install/nav2_controller/share/nav2_controller/environment/ament_prefix_path.dsv
[0.611s] -- Up-to-date: /workstation/nav2_ws/install/nav2_controller/share/nav2_controller/environment/path.sh
[0.611s] -- Up-to-date: /workstation/nav2_ws/install/nav2_controller/share/nav2_controller/environment/path.dsv
[0.611s] -- Up-to-date: /workstation/nav2_ws/install/nav2_controller/share/nav2_controller/local_setup.bash
[0.611s] -- Up-to-date: /workstation/nav2_ws/install/nav2_controller/share/nav2_controller/local_setup.sh
[0.611s] -- Up-to-date: /workstation/nav2_ws/install/nav2_controller/share/nav2_controller/local_setup.zsh
[0.611s] -- Up-to-date: /workstation/nav2_ws/install/nav2_controller/share/nav2_controller/local_setup.dsv
[0.612s] -- Installing: /workstation/nav2_ws/install/nav2_controller/share/nav2_controller/package.dsv
[0.612s] -- Up-to-date: /workstation/nav2_ws/install/nav2_controller/share/ament_index/resource_index/packages/nav2_controller
[0.612s] -- Up-to-date: /workstation/nav2_ws/install/nav2_controller/share/ament_index/resource_index/nav2_core__pluginlib__plugin/nav2_controller
[0.612s] -- Up-to-date: /workstation/nav2_ws/install/nav2_controller/share/ament_index/resource_index/rclcpp_components/nav2_controller
[0.612s] -- Up-to-date: /workstation/nav2_ws/install/nav2_controller/share/nav2_controller/cmake/ament_cmake_export_include_directories-extras.cmake
[0.612s] -- Up-to-date: /workstation/nav2_ws/install/nav2_controller/share/nav2_controller/cmake/ament_cmake_export_libraries-extras.cmake
[0.612s] -- Up-to-date: /workstation/nav2_ws/install/nav2_controller/share/nav2_controller/cmake/ament_cmake_export_dependencies-extras.cmake
[0.612s] -- Up-to-date: /workstation/nav2_ws/install/nav2_controller/share/nav2_controller/cmake/nav2_controllerConfig.cmake
[0.612s] -- Up-to-date: /workstation/nav2_ws/install/nav2_controller/share/nav2_controller/cmake/nav2_controllerConfig-version.cmake
[0.612s] -- Up-to-date: /workstation/nav2_ws/install/nav2_controller/share/nav2_controller/package.xml
[0.673s] Invoked command in '/workstation/nav2_ws/build/nav2_controller' returned '0': AMENT_PREFIX_PATH=/workstation/nav2_ws/install/nav2_core:/workstation/nav2_ws/install/nav2_costmap_2d:/workstation/nav2_ws/install/nav_2d_utils:/workstation/nav2_ws/install/nav2_map_server:/workstation/nav2_ws/install/nav2_lifecycle_manager:/workstation/nav2_ws/install/nav2_util:/workstation/nav2_ws/install/nav2_voxel_grid:/workstation/nav2_ws/install/nav2_msgs:/workstation/nav2_ws/install/nav_2d_msgs:/workstation/nav2_ws/install/nav2_common:${AMENT_PREFIX_PATH} CMAKE_PREFIX_PATH=/workstation/nav2_ws/install/nav2_core:/workstation/nav2_ws/install/nav2_costmap_2d:/workstation/nav2_ws/install/nav_2d_utils:/workstation/nav2_ws/install/nav2_map_server:/workstation/nav2_ws/install/nav2_lifecycle_manager:/workstation/nav2_ws/install/nav2_util:/workstation/nav2_ws/install/nav2_voxel_grid:/workstation/nav2_ws/install/nav2_msgs:/workstation/nav2_ws/install/nav_2d_msgs:/workstation/nav2_ws/install/nav2_common:/opt/ros/humble LD_LIBRARY_PATH=/workstation/nav2_ws/install/nav2_costmap_2d/lib:/workstation/nav2_ws/install/nav_2d_utils/lib:/workstation/nav2_ws/install/nav2_map_server/lib:/workstation/nav2_ws/install/nav2_lifecycle_manager/lib:/workstation/nav2_ws/install/nav2_util/lib:/workstation/nav2_ws/install/nav2_voxel_grid/lib:/workstation/nav2_ws/install/nav2_msgs/lib:/workstation/nav2_ws/install/nav_2d_msgs/lib:${LD_LIBRARY_PATH} PYTHONPATH=/workstation/nav2_ws/install/nav2_msgs/local/lib/python3.10/dist-packages:/workstation/nav2_ws/install/nav_2d_msgs/local/lib/python3.10/dist-packages:/workstation/nav2_ws/install/nav2_common/local/lib/python3.10/dist-packages:${PYTHONPATH} /usr/bin/cmake --install /workstation/nav2_ws/build/nav2_controller
