[0.014s] Invoking command in '/workstation/nav2_ws/build/nav2_common': CMAKE_PREFIX_PATH=/opt/ros/humble /usr/bin/cmake /workstation/nav2_ws/src/navigation2/nav2_common -DCMAKE_INSTALL_PREFIX=/workstation/nav2_ws/install/nav2_common
[0.033s] -- Found ament_cmake_core: 1.3.10 (/opt/ros/humble/share/ament_cmake_core/cmake)
[0.189s] -- Found Python3: /usr/bin/python3 (found version "3.10.12") found components: Interpreter 
[0.249s] -- Found ament_cmake_python: 1.3.10 (/opt/ros/humble/share/ament_cmake_python/cmake)
[0.389s] -- Configuring done
[0.392s] -- Generating done
[0.393s] -- Build files have been written to: /workstation/nav2_ws/build/nav2_common
[0.395s] Invoked command in '/workstation/nav2_ws/build/nav2_common' returned '0': CMAKE_PREFIX_PATH=/opt/ros/humble /usr/bin/cmake /workstation/nav2_ws/src/navigation2/nav2_common -DCMAKE_INSTALL_PREFIX=/workstation/nav2_ws/install/nav2_common
[0.396s] Invoking command in '/workstation/nav2_ws/build/nav2_common': CMAKE_PREFIX_PATH=/opt/ros/humble /usr/bin/cmake --build /workstation/nav2_ws/build/nav2_common -- -j12 -l12
[0.443s] Built target ament_cmake_python_copy_nav2_common
[0.645s] running egg_info
[0.645s] creating nav2_common.egg-info
[0.646s] writing nav2_common.egg-info/PKG-INFO
[0.646s] writing dependency_links to nav2_common.egg-info/dependency_links.txt
[0.646s] writing top-level names to nav2_common.egg-info/top_level.txt
[0.646s] writing manifest file 'nav2_common.egg-info/SOURCES.txt'
[0.648s] reading manifest file 'nav2_common.egg-info/SOURCES.txt'
[0.648s] writing manifest file 'nav2_common.egg-info/SOURCES.txt'
[0.670s] Built target ament_cmake_python_build_nav2_common_egg
[0.680s] Invoked command in '/workstation/nav2_ws/build/nav2_common' returned '0': CMAKE_PREFIX_PATH=/opt/ros/humble /usr/bin/cmake --build /workstation/nav2_ws/build/nav2_common -- -j12 -l12
[0.705s] Invoking command in '/workstation/nav2_ws/build/nav2_common': CMAKE_PREFIX_PATH=/opt/ros/humble /usr/bin/cmake --install /workstation/nav2_ws/build/nav2_common
[0.712s] -- Install configuration: ""
[0.712s] -- Installing: /workstation/nav2_ws/install/nav2_common/share/nav2_common/environment/pythonpath.sh
[0.713s] -- Installing: /workstation/nav2_ws/install/nav2_common/share/nav2_common/environment/pythonpath.dsv
[0.713s] -- Installing: /workstation/nav2_ws/install/nav2_common/local/lib/python3.10/dist-packages/nav2_common-1.1.16-py3.10.egg-info
[0.713s] -- Installing: /workstation/nav2_ws/install/nav2_common/local/lib/python3.10/dist-packages/nav2_common-1.1.16-py3.10.egg-info/SOURCES.txt
[0.713s] -- Installing: /workstation/nav2_ws/install/nav2_common/local/lib/python3.10/dist-packages/nav2_common-1.1.16-py3.10.egg-info/PKG-INFO
[0.713s] -- Installing: /workstation/nav2_ws/install/nav2_common/local/lib/python3.10/dist-packages/nav2_common-1.1.16-py3.10.egg-info/top_level.txt
[0.713s] -- Installing: /workstation/nav2_ws/install/nav2_common/local/lib/python3.10/dist-packages/nav2_common-1.1.16-py3.10.egg-info/dependency_links.txt
[0.714s] -- Installing: /workstation/nav2_ws/install/nav2_common/local/lib/python3.10/dist-packages/nav2_common
[0.714s] -- Installing: /workstation/nav2_ws/install/nav2_common/local/lib/python3.10/dist-packages/nav2_common/launch
[0.714s] -- Installing: /workstation/nav2_ws/install/nav2_common/local/lib/python3.10/dist-packages/nav2_common/launch/parse_multirobot_pose.py
[0.714s] -- Installing: /workstation/nav2_ws/install/nav2_common/local/lib/python3.10/dist-packages/nav2_common/launch/replace_string.py
[0.714s] -- Installing: /workstation/nav2_ws/install/nav2_common/local/lib/python3.10/dist-packages/nav2_common/launch/has_node_params.py
[0.714s] -- Installing: /workstation/nav2_ws/install/nav2_common/local/lib/python3.10/dist-packages/nav2_common/launch/rewritten_yaml.py
[0.714s] -- Installing: /workstation/nav2_ws/install/nav2_common/local/lib/python3.10/dist-packages/nav2_common/launch/__init__.py
[0.714s] -- Installing: /workstation/nav2_ws/install/nav2_common/local/lib/python3.10/dist-packages/nav2_common/__init__.py
[0.746s] Listing '/workstation/nav2_ws/install/nav2_common/local/lib/python3.10/dist-packages/nav2_common'...
[0.746s] Compiling '/workstation/nav2_ws/install/nav2_common/local/lib/python3.10/dist-packages/nav2_common/__init__.py'...
[0.746s] Listing '/workstation/nav2_ws/install/nav2_common/local/lib/python3.10/dist-packages/nav2_common/launch'...
[0.746s] Compiling '/workstation/nav2_ws/install/nav2_common/local/lib/python3.10/dist-packages/nav2_common/launch/__init__.py'...
[0.746s] Compiling '/workstation/nav2_ws/install/nav2_common/local/lib/python3.10/dist-packages/nav2_common/launch/has_node_params.py'...
[0.746s] Compiling '/workstation/nav2_ws/install/nav2_common/local/lib/python3.10/dist-packages/nav2_common/launch/parse_multirobot_pose.py'...
[0.746s] Compiling '/workstation/nav2_ws/install/nav2_common/local/lib/python3.10/dist-packages/nav2_common/launch/replace_string.py'...
[0.746s] Compiling '/workstation/nav2_ws/install/nav2_common/local/lib/python3.10/dist-packages/nav2_common/launch/rewritten_yaml.py'...
[0.750s] -- Installing: /workstation/nav2_ws/install/nav2_common/share/ament_index/resource_index/package_run_dependencies/nav2_common
[0.750s] -- Installing: /workstation/nav2_ws/install/nav2_common/share/ament_index/resource_index/parent_prefix_path/nav2_common
[0.750s] -- Installing: /workstation/nav2_ws/install/nav2_common/share/nav2_common/environment/ament_prefix_path.sh
[0.750s] -- Installing: /workstation/nav2_ws/install/nav2_common/share/nav2_common/environment/ament_prefix_path.dsv
[0.751s] -- Installing: /workstation/nav2_ws/install/nav2_common/share/nav2_common/environment/path.sh
[0.751s] -- Installing: /workstation/nav2_ws/install/nav2_common/share/nav2_common/environment/path.dsv
[0.751s] -- Installing: /workstation/nav2_ws/install/nav2_common/share/nav2_common/local_setup.bash
[0.751s] -- Installing: /workstation/nav2_ws/install/nav2_common/share/nav2_common/local_setup.sh
[0.751s] -- Installing: /workstation/nav2_ws/install/nav2_common/share/nav2_common/local_setup.zsh
[0.751s] -- Installing: /workstation/nav2_ws/install/nav2_common/share/nav2_common/local_setup.dsv
[0.751s] -- Installing: /workstation/nav2_ws/install/nav2_common/share/nav2_common/package.dsv
[0.752s] -- Installing: /workstation/nav2_ws/install/nav2_common/share/ament_index/resource_index/packages/nav2_common
[0.752s] -- Installing: /workstation/nav2_ws/install/nav2_common/share/nav2_common/cmake/nav2_common-extras.cmake
[0.752s] -- Installing: /workstation/nav2_ws/install/nav2_common/share/nav2_common/cmake/nav2_commonConfig.cmake
[0.752s] -- Installing: /workstation/nav2_ws/install/nav2_common/share/nav2_common/cmake/nav2_commonConfig-version.cmake
[0.752s] -- Installing: /workstation/nav2_ws/install/nav2_common/share/nav2_common/package.xml
[0.752s] -- Up-to-date: /workstation/nav2_ws/install/nav2_common/share/nav2_common/cmake
[0.752s] -- Installing: /workstation/nav2_ws/install/nav2_common/share/nav2_common/cmake/nav2_package.cmake
[0.754s] Invoked command in '/workstation/nav2_ws/build/nav2_common' returned '0': CMAKE_PREFIX_PATH=/opt/ros/humble /usr/bin/cmake --install /workstation/nav2_ws/build/nav2_common
