[0.034s] Invoking command in '/workstation/nav2_ws/build/nav_2d_utils': AMENT_PREFIX_PATH=/workstation/nav2_ws/install/nav2_util:/workstation/nav2_ws/install/nav2_msgs:/workstation/nav2_ws/install/nav_2d_msgs:/workstation/nav2_ws/install/nav2_common:${AMENT_PREFIX_PATH} CMAKE_PREFIX_PATH=/workstation/nav2_ws/install/nav2_util:/workstation/nav2_ws/install/nav2_msgs:/workstation/nav2_ws/install/nav_2d_msgs:/workstation/nav2_ws/install/nav2_common:/opt/ros/humble LD_LIBRARY_PATH=/workstation/nav2_ws/install/nav2_util/lib:/workstation/nav2_ws/install/nav2_msgs/lib:/workstation/nav2_ws/install/nav_2d_msgs/lib:${LD_LIBRARY_PATH} PYTHONPATH=/workstation/nav2_ws/install/nav2_msgs/local/lib/python3.10/dist-packages:/workstation/nav2_ws/install/nav_2d_msgs/local/lib/python3.10/dist-packages:/workstation/nav2_ws/install/nav2_common/local/lib/python3.10/dist-packages:${PYTHONPATH} /usr/bin/cmake --build /workstation/nav2_ws/build/nav_2d_utils -- -j12 -l12
[0.143s] [ 12%] Built target gtest_main
[0.143s] [ 25%] Built target gtest
[0.155s] [ 37%] Built target conversions
[0.187s] [ 50%] Built target path_ops
[0.260s] [ 62%] Built target 2d_utils_tests
[0.282s] [ 75%] Built target path_ops_tests
[0.335s] [ 87%] Built target tf_help
[0.449s] [100%] Built target tf_help_tests
[0.498s] Invoked command in '/workstation/nav2_ws/build/nav_2d_utils' returned '0': AMENT_PREFIX_PATH=/workstation/nav2_ws/install/nav2_util:/workstation/nav2_ws/install/nav2_msgs:/workstation/nav2_ws/install/nav_2d_msgs:/workstation/nav2_ws/install/nav2_common:${AMENT_PREFIX_PATH} CMAKE_PREFIX_PATH=/workstation/nav2_ws/install/nav2_util:/workstation/nav2_ws/install/nav2_msgs:/workstation/nav2_ws/install/nav_2d_msgs:/workstation/nav2_ws/install/nav2_common:/opt/ros/humble LD_LIBRARY_PATH=/workstation/nav2_ws/install/nav2_util/lib:/workstation/nav2_ws/install/nav2_msgs/lib:/workstation/nav2_ws/install/nav_2d_msgs/lib:${LD_LIBRARY_PATH} PYTHONPATH=/workstation/nav2_ws/install/nav2_msgs/local/lib/python3.10/dist-packages:/workstation/nav2_ws/install/nav_2d_msgs/local/lib/python3.10/dist-packages:/workstation/nav2_ws/install/nav2_common/local/lib/python3.10/dist-packages:${PYTHONPATH} /usr/bin/cmake --build /workstation/nav2_ws/build/nav_2d_utils -- -j12 -l12
[0.625s] Invoking command in '/workstation/nav2_ws/build/nav_2d_utils': AMENT_PREFIX_PATH=/workstation/nav2_ws/install/nav2_util:/workstation/nav2_ws/install/nav2_msgs:/workstation/nav2_ws/install/nav_2d_msgs:/workstation/nav2_ws/install/nav2_common:${AMENT_PREFIX_PATH} CMAKE_PREFIX_PATH=/workstation/nav2_ws/install/nav2_util:/workstation/nav2_ws/install/nav2_msgs:/workstation/nav2_ws/install/nav_2d_msgs:/workstation/nav2_ws/install/nav2_common:/opt/ros/humble LD_LIBRARY_PATH=/workstation/nav2_ws/install/nav2_util/lib:/workstation/nav2_ws/install/nav2_msgs/lib:/workstation/nav2_ws/install/nav_2d_msgs/lib:${LD_LIBRARY_PATH} PYTHONPATH=/workstation/nav2_ws/install/nav2_msgs/local/lib/python3.10/dist-packages:/workstation/nav2_ws/install/nav_2d_msgs/local/lib/python3.10/dist-packages:/workstation/nav2_ws/install/nav2_common/local/lib/python3.10/dist-packages:${PYTHONPATH} /usr/bin/cmake --install /workstation/nav2_ws/build/nav_2d_utils
[0.641s] -- Install configuration: "Release"
[0.641s] -- Up-to-date: /workstation/nav2_ws/install/nav_2d_utils/lib/libconversions.so
[0.642s] -- Up-to-date: /workstation/nav2_ws/install/nav_2d_utils/lib/libpath_ops.so
[0.645s] -- Up-to-date: /workstation/nav2_ws/install/nav_2d_utils/lib/libtf_help.so
[0.645s] -- Up-to-date: /workstation/nav2_ws/install/nav_2d_utils/include/
[0.647s] -- Up-to-date: /workstation/nav2_ws/install/nav_2d_utils/include//nav_2d_utils
[0.647s] -- Up-to-date: /workstation/nav2_ws/install/nav_2d_utils/include//nav_2d_utils/path_ops.hpp
[0.648s] -- Up-to-date: /workstation/nav2_ws/install/nav_2d_utils/include//nav_2d_utils/odom_subscriber.hpp
[0.648s] -- Up-to-date: /workstation/nav2_ws/install/nav_2d_utils/include//nav_2d_utils/conversions.hpp
[0.648s] -- Up-to-date: /workstation/nav2_ws/install/nav_2d_utils/include//nav_2d_utils/tf_help.hpp
[0.649s] -- Up-to-date: /workstation/nav2_ws/install/nav_2d_utils/include//nav_2d_utils/parameters.hpp
[0.649s] -- Up-to-date: /workstation/nav2_ws/install/nav_2d_utils/share/nav_2d_utils/environment/library_path.sh
[0.649s] -- Up-to-date: /workstation/nav2_ws/install/nav_2d_utils/share/nav_2d_utils/environment/library_path.dsv
[0.649s] -- Up-to-date: /workstation/nav2_ws/install/nav_2d_utils/share/ament_index/resource_index/package_run_dependencies/nav_2d_utils
[0.649s] -- Up-to-date: /workstation/nav2_ws/install/nav_2d_utils/share/ament_index/resource_index/parent_prefix_path/nav_2d_utils
[0.649s] -- Up-to-date: /workstation/nav2_ws/install/nav_2d_utils/share/nav_2d_utils/environment/ament_prefix_path.sh
[0.649s] -- Up-to-date: /workstation/nav2_ws/install/nav_2d_utils/share/nav_2d_utils/environment/ament_prefix_path.dsv
[0.650s] -- Up-to-date: /workstation/nav2_ws/install/nav_2d_utils/share/nav_2d_utils/environment/path.sh
[0.652s] -- Up-to-date: /workstation/nav2_ws/install/nav_2d_utils/share/nav_2d_utils/environment/path.dsv
[0.652s] -- Up-to-date: /workstation/nav2_ws/install/nav_2d_utils/share/nav_2d_utils/local_setup.bash
[0.655s] -- Up-to-date: /workstation/nav2_ws/install/nav_2d_utils/share/nav_2d_utils/local_setup.sh
[0.655s] -- Up-to-date: /workstation/nav2_ws/install/nav_2d_utils/share/nav_2d_utils/local_setup.zsh
[0.656s] -- Up-to-date: /workstation/nav2_ws/install/nav_2d_utils/share/nav_2d_utils/local_setup.dsv
[0.656s] -- Installing: /workstation/nav2_ws/install/nav_2d_utils/share/nav_2d_utils/package.dsv
[0.656s] -- Up-to-date: /workstation/nav2_ws/install/nav_2d_utils/share/ament_index/resource_index/packages/nav_2d_utils
[0.656s] -- Up-to-date: /workstation/nav2_ws/install/nav_2d_utils/share/nav_2d_utils/cmake/ament_cmake_export_include_directories-extras.cmake
[0.656s] -- Up-to-date: /workstation/nav2_ws/install/nav_2d_utils/share/nav_2d_utils/cmake/ament_cmake_export_libraries-extras.cmake
[0.656s] -- Up-to-date: /workstation/nav2_ws/install/nav_2d_utils/share/nav_2d_utils/cmake/ament_cmake_export_dependencies-extras.cmake
[0.658s] -- Up-to-date: /workstation/nav2_ws/install/nav_2d_utils/share/nav_2d_utils/cmake/nav_2d_utilsConfig.cmake
[0.658s] -- Up-to-date: /workstation/nav2_ws/install/nav_2d_utils/share/nav_2d_utils/cmake/nav_2d_utilsConfig-version.cmake
[0.659s] -- Up-to-date: /workstation/nav2_ws/install/nav_2d_utils/share/nav_2d_utils/package.xml
[0.764s] Invoked command in '/workstation/nav2_ws/build/nav_2d_utils' returned '0': AMENT_PREFIX_PATH=/workstation/nav2_ws/install/nav2_util:/workstation/nav2_ws/install/nav2_msgs:/workstation/nav2_ws/install/nav_2d_msgs:/workstation/nav2_ws/install/nav2_common:${AMENT_PREFIX_PATH} CMAKE_PREFIX_PATH=/workstation/nav2_ws/install/nav2_util:/workstation/nav2_ws/install/nav2_msgs:/workstation/nav2_ws/install/nav_2d_msgs:/workstation/nav2_ws/install/nav2_common:/opt/ros/humble LD_LIBRARY_PATH=/workstation/nav2_ws/install/nav2_util/lib:/workstation/nav2_ws/install/nav2_msgs/lib:/workstation/nav2_ws/install/nav_2d_msgs/lib:${LD_LIBRARY_PATH} PYTHONPATH=/workstation/nav2_ws/install/nav2_msgs/local/lib/python3.10/dist-packages:/workstation/nav2_ws/install/nav_2d_msgs/local/lib/python3.10/dist-packages:/workstation/nav2_ws/install/nav2_common/local/lib/python3.10/dist-packages:${PYTHONPATH} /usr/bin/cmake --install /workstation/nav2_ws/build/nav_2d_utils
