[0.068s] Invoking command in '/workstation/nav2_ws/build/nav2_regulated_pure_pursuit_controller': AMENT_PREFIX_PATH=/workstation/nav2_ws/install/nav2_core:/workstation/nav2_ws/install/nav2_costmap_2d:/workstation/nav2_ws/install/nav2_map_server:/workstation/nav2_ws/install/nav2_lifecycle_manager:/workstation/nav2_ws/install/nav2_util:/workstation/nav2_ws/install/nav2_voxel_grid:/workstation/nav2_ws/install/nav2_msgs:/workstation/nav2_ws/install/nav2_common:${AMENT_PREFIX_PATH} CMAKE_PREFIX_PATH=/workstation/nav2_ws/install/nav2_core:/workstation/nav2_ws/install/nav2_costmap_2d:/workstation/nav2_ws/install/nav2_map_server:/workstation/nav2_ws/install/nav2_lifecycle_manager:/workstation/nav2_ws/install/nav2_util:/workstation/nav2_ws/install/nav2_voxel_grid:/workstation/nav2_ws/install/nav2_msgs:/workstation/nav2_ws/install/nav2_common:/opt/ros/humble LD_LIBRARY_PATH=/workstation/nav2_ws/install/nav2_costmap_2d/lib:/workstation/nav2_ws/install/nav2_map_server/lib:/workstation/nav2_ws/install/nav2_lifecycle_manager/lib:/workstation/nav2_ws/install/nav2_util/lib:/workstation/nav2_ws/install/nav2_voxel_grid/lib:/workstation/nav2_ws/install/nav2_msgs/lib:${LD_LIBRARY_PATH} PYTHONPATH=/workstation/nav2_ws/install/nav2_msgs/local/lib/python3.10/dist-packages:/workstation/nav2_ws/install/nav2_common/local/lib/python3.10/dist-packages:${PYTHONPATH} /usr/bin/cmake --build /workstation/nav2_ws/build/nav2_regulated_pure_pursuit_controller -- -j12 -l12
[0.250s] [ 16%] Built target gtest_main
[0.251s] [ 33%] Built target gtest
[0.293s] [ 50%] Built target nav2_regulated_pure_pursuit_controller
[0.356s] [ 75%] Built target test_path_utils
[0.434s] [100%] Built target test_regulated_pp
[0.490s] Invoked command in '/workstation/nav2_ws/build/nav2_regulated_pure_pursuit_controller' returned '0': AMENT_PREFIX_PATH=/workstation/nav2_ws/install/nav2_core:/workstation/nav2_ws/install/nav2_costmap_2d:/workstation/nav2_ws/install/nav2_map_server:/workstation/nav2_ws/install/nav2_lifecycle_manager:/workstation/nav2_ws/install/nav2_util:/workstation/nav2_ws/install/nav2_voxel_grid:/workstation/nav2_ws/install/nav2_msgs:/workstation/nav2_ws/install/nav2_common:${AMENT_PREFIX_PATH} CMAKE_PREFIX_PATH=/workstation/nav2_ws/install/nav2_core:/workstation/nav2_ws/install/nav2_costmap_2d:/workstation/nav2_ws/install/nav2_map_server:/workstation/nav2_ws/install/nav2_lifecycle_manager:/workstation/nav2_ws/install/nav2_util:/workstation/nav2_ws/install/nav2_voxel_grid:/workstation/nav2_ws/install/nav2_msgs:/workstation/nav2_ws/install/nav2_common:/opt/ros/humble LD_LIBRARY_PATH=/workstation/nav2_ws/install/nav2_costmap_2d/lib:/workstation/nav2_ws/install/nav2_map_server/lib:/workstation/nav2_ws/install/nav2_lifecycle_manager/lib:/workstation/nav2_ws/install/nav2_util/lib:/workstation/nav2_ws/install/nav2_voxel_grid/lib:/workstation/nav2_ws/install/nav2_msgs/lib:${LD_LIBRARY_PATH} PYTHONPATH=/workstation/nav2_ws/install/nav2_msgs/local/lib/python3.10/dist-packages:/workstation/nav2_ws/install/nav2_common/local/lib/python3.10/dist-packages:${PYTHONPATH} /usr/bin/cmake --build /workstation/nav2_ws/build/nav2_regulated_pure_pursuit_controller -- -j12 -l12
[0.644s] Invoking command in '/workstation/nav2_ws/build/nav2_regulated_pure_pursuit_controller': AMENT_PREFIX_PATH=/workstation/nav2_ws/install/nav2_core:/workstation/nav2_ws/install/nav2_costmap_2d:/workstation/nav2_ws/install/nav2_map_server:/workstation/nav2_ws/install/nav2_lifecycle_manager:/workstation/nav2_ws/install/nav2_util:/workstation/nav2_ws/install/nav2_voxel_grid:/workstation/nav2_ws/install/nav2_msgs:/workstation/nav2_ws/install/nav2_common:${AMENT_PREFIX_PATH} CMAKE_PREFIX_PATH=/workstation/nav2_ws/install/nav2_core:/workstation/nav2_ws/install/nav2_costmap_2d:/workstation/nav2_ws/install/nav2_map_server:/workstation/nav2_ws/install/nav2_lifecycle_manager:/workstation/nav2_ws/install/nav2_util:/workstation/nav2_ws/install/nav2_voxel_grid:/workstation/nav2_ws/install/nav2_msgs:/workstation/nav2_ws/install/nav2_common:/opt/ros/humble LD_LIBRARY_PATH=/workstation/nav2_ws/install/nav2_costmap_2d/lib:/workstation/nav2_ws/install/nav2_map_server/lib:/workstation/nav2_ws/install/nav2_lifecycle_manager/lib:/workstation/nav2_ws/install/nav2_util/lib:/workstation/nav2_ws/install/nav2_voxel_grid/lib:/workstation/nav2_ws/install/nav2_msgs/lib:${LD_LIBRARY_PATH} PYTHONPATH=/workstation/nav2_ws/install/nav2_msgs/local/lib/python3.10/dist-packages:/workstation/nav2_ws/install/nav2_common/local/lib/python3.10/dist-packages:${PYTHONPATH} /usr/bin/cmake --install /workstation/nav2_ws/build/nav2_regulated_pure_pursuit_controller
[0.675s] -- Install configuration: "Release"
[0.675s] -- Up-to-date: /workstation/nav2_ws/install/nav2_regulated_pure_pursuit_controller/lib/libnav2_regulated_pure_pursuit_controller.so
[0.675s] -- Up-to-date: /workstation/nav2_ws/install/nav2_regulated_pure_pursuit_controller/include/
[0.675s] -- Up-to-date: /workstation/nav2_ws/install/nav2_regulated_pure_pursuit_controller/include//nav2_regulated_pure_pursuit_controller
[0.675s] -- Up-to-date: /workstation/nav2_ws/install/nav2_regulated_pure_pursuit_controller/include//nav2_regulated_pure_pursuit_controller/regulated_pure_pursuit_controller.hpp
[0.676s] -- Up-to-date: /workstation/nav2_ws/install/nav2_regulated_pure_pursuit_controller/share/nav2_regulated_pure_pursuit_controller/environment/library_path.sh
[0.676s] -- Up-to-date: /workstation/nav2_ws/install/nav2_regulated_pure_pursuit_controller/share/nav2_regulated_pure_pursuit_controller/environment/library_path.dsv
[0.676s] -- Up-to-date: /workstation/nav2_ws/install/nav2_regulated_pure_pursuit_controller/share/nav2_regulated_pure_pursuit_controller/nav2_regulated_pure_pursuit_controller.xml
[0.676s] -- Up-to-date: /workstation/nav2_ws/install/nav2_regulated_pure_pursuit_controller/share/ament_index/resource_index/package_run_dependencies/nav2_regulated_pure_pursuit_controller
[0.676s] -- Up-to-date: /workstation/nav2_ws/install/nav2_regulated_pure_pursuit_controller/share/ament_index/resource_index/parent_prefix_path/nav2_regulated_pure_pursuit_controller
[0.676s] -- Up-to-date: /workstation/nav2_ws/install/nav2_regulated_pure_pursuit_controller/share/nav2_regulated_pure_pursuit_controller/environment/ament_prefix_path.sh
[0.676s] -- Up-to-date: /workstation/nav2_ws/install/nav2_regulated_pure_pursuit_controller/share/nav2_regulated_pure_pursuit_controller/environment/ament_prefix_path.dsv
[0.680s] -- Up-to-date: /workstation/nav2_ws/install/nav2_regulated_pure_pursuit_controller/share/nav2_regulated_pure_pursuit_controller/environment/path.sh
[0.680s] -- Up-to-date: /workstation/nav2_ws/install/nav2_regulated_pure_pursuit_controller/share/nav2_regulated_pure_pursuit_controller/environment/path.dsv
[0.680s] -- Up-to-date: /workstation/nav2_ws/install/nav2_regulated_pure_pursuit_controller/share/nav2_regulated_pure_pursuit_controller/local_setup.bash
[0.681s] -- Up-to-date: /workstation/nav2_ws/install/nav2_regulated_pure_pursuit_controller/share/nav2_regulated_pure_pursuit_controller/local_setup.sh
[0.681s] -- Up-to-date: /workstation/nav2_ws/install/nav2_regulated_pure_pursuit_controller/share/nav2_regulated_pure_pursuit_controller/local_setup.zsh
[0.681s] -- Up-to-date: /workstation/nav2_ws/install/nav2_regulated_pure_pursuit_controller/share/nav2_regulated_pure_pursuit_controller/local_setup.dsv
[0.681s] -- Installing: /workstation/nav2_ws/install/nav2_regulated_pure_pursuit_controller/share/nav2_regulated_pure_pursuit_controller/package.dsv
[0.681s] -- Up-to-date: /workstation/nav2_ws/install/nav2_regulated_pure_pursuit_controller/share/ament_index/resource_index/packages/nav2_regulated_pure_pursuit_controller
[0.681s] -- Up-to-date: /workstation/nav2_ws/install/nav2_regulated_pure_pursuit_controller/share/ament_index/resource_index/nav2_core__pluginlib__plugin/nav2_regulated_pure_pursuit_controller
[0.682s] -- Up-to-date: /workstation/nav2_ws/install/nav2_regulated_pure_pursuit_controller/share/nav2_regulated_pure_pursuit_controller/cmake/ament_cmake_export_include_directories-extras.cmake
[0.682s] -- Up-to-date: /workstation/nav2_ws/install/nav2_regulated_pure_pursuit_controller/share/nav2_regulated_pure_pursuit_controller/cmake/ament_cmake_export_libraries-extras.cmake
[0.682s] -- Up-to-date: /workstation/nav2_ws/install/nav2_regulated_pure_pursuit_controller/share/nav2_regulated_pure_pursuit_controller/cmake/ament_cmake_export_dependencies-extras.cmake
[0.683s] -- Up-to-date: /workstation/nav2_ws/install/nav2_regulated_pure_pursuit_controller/share/nav2_regulated_pure_pursuit_controller/cmake/nav2_regulated_pure_pursuit_controllerConfig.cmake
[0.683s] -- Up-to-date: /workstation/nav2_ws/install/nav2_regulated_pure_pursuit_controller/share/nav2_regulated_pure_pursuit_controller/cmake/nav2_regulated_pure_pursuit_controllerConfig-version.cmake
[0.683s] -- Up-to-date: /workstation/nav2_ws/install/nav2_regulated_pure_pursuit_controller/share/nav2_regulated_pure_pursuit_controller/package.xml
[0.716s] Invoked command in '/workstation/nav2_ws/build/nav2_regulated_pure_pursuit_controller' returned '0': AMENT_PREFIX_PATH=/workstation/nav2_ws/install/nav2_core:/workstation/nav2_ws/install/nav2_costmap_2d:/workstation/nav2_ws/install/nav2_map_server:/workstation/nav2_ws/install/nav2_lifecycle_manager:/workstation/nav2_ws/install/nav2_util:/workstation/nav2_ws/install/nav2_voxel_grid:/workstation/nav2_ws/install/nav2_msgs:/workstation/nav2_ws/install/nav2_common:${AMENT_PREFIX_PATH} CMAKE_PREFIX_PATH=/workstation/nav2_ws/install/nav2_core:/workstation/nav2_ws/install/nav2_costmap_2d:/workstation/nav2_ws/install/nav2_map_server:/workstation/nav2_ws/install/nav2_lifecycle_manager:/workstation/nav2_ws/install/nav2_util:/workstation/nav2_ws/install/nav2_voxel_grid:/workstation/nav2_ws/install/nav2_msgs:/workstation/nav2_ws/install/nav2_common:/opt/ros/humble LD_LIBRARY_PATH=/workstation/nav2_ws/install/nav2_costmap_2d/lib:/workstation/nav2_ws/install/nav2_map_server/lib:/workstation/nav2_ws/install/nav2_lifecycle_manager/lib:/workstation/nav2_ws/install/nav2_util/lib:/workstation/nav2_ws/install/nav2_voxel_grid/lib:/workstation/nav2_ws/install/nav2_msgs/lib:${LD_LIBRARY_PATH} PYTHONPATH=/workstation/nav2_ws/install/nav2_msgs/local/lib/python3.10/dist-packages:/workstation/nav2_ws/install/nav2_common/local/lib/python3.10/dist-packages:${PYTHONPATH} /usr/bin/cmake --install /workstation/nav2_ws/build/nav2_regulated_pure_pursuit_controller
