[0.026s] Invoking command in '/workstation/ros_ws/build/leo_teleop': CMAKE_PREFIX_PATH=/opt/ros/humble /usr/bin/cmake /workstation/ros_ws/src/leo_common-ros2/leo_teleop -DCMAKE_INSTALL_PREFIX=/workstation/ros_ws/install/leo_teleop
[0.108s] -- The C compiler identification is GNU 11.4.0
[0.201s] -- The CXX compiler identification is GNU 11.4.0
[0.212s] -- Detecting C compiler ABI info
[0.306s] -- Detecting C compiler ABI info - done
[0.316s] -- Check for working C compiler: /usr/bin/cc - skipped
[0.316s] -- Detecting C compile features
[0.317s] -- Detecting C compile features - done
[0.321s] -- Detecting CXX compiler ABI info
[0.426s] -- Detecting CXX compiler ABI info - done
[0.440s] -- Check for working CXX compiler: /usr/bin/c++ - skipped
[0.440s] -- Detecting CXX compile features
[0.441s] -- Detecting CXX compile features - done
[0.445s] -- Found ament_cmake: 1.3.10 (/opt/ros/humble/share/ament_cmake/cmake)
[0.679s] -- Found Python3: /usr/bin/python3 (found version "3.10.12") found components: Interpreter 
[0.828s] -- Found ament_lint_auto: 0.12.11 (/opt/ros/humble/share/ament_lint_auto/cmake)
[0.951s] -- Added test 'lint_cmake' to check CMake code style
[0.951s] -- Added test 'xmllint' to check XML markup files
[0.953s] -- Configuring done
[0.957s] -- Generating done
[0.959s] -- Build files have been written to: /workstation/ros_ws/build/leo_teleop
[0.965s] Invoked command in '/workstation/ros_ws/build/leo_teleop' returned '0': CMAKE_PREFIX_PATH=/opt/ros/humble /usr/bin/cmake /workstation/ros_ws/src/leo_common-ros2/leo_teleop -DCMAKE_INSTALL_PREFIX=/workstation/ros_ws/install/leo_teleop
[0.967s] Invoking command in '/workstation/ros_ws/build/leo_teleop': CMAKE_PREFIX_PATH=/opt/ros/humble /usr/bin/cmake --build /workstation/ros_ws/build/leo_teleop -- -j12 -l12
[1.030s] Invoked command in '/workstation/ros_ws/build/leo_teleop' returned '0': CMAKE_PREFIX_PATH=/opt/ros/humble /usr/bin/cmake --build /workstation/ros_ws/build/leo_teleop -- -j12 -l12
[1.062s] Invoking command in '/workstation/ros_ws/build/leo_teleop': CMAKE_PREFIX_PATH=/opt/ros/humble /usr/bin/cmake --install /workstation/ros_ws/build/leo_teleop
[1.102s] -- Install configuration: ""
[1.102s] -- Installing: /workstation/ros_ws/install/leo_teleop/share/leo_teleop/config
[1.103s] -- Installing: /workstation/ros_ws/install/leo_teleop/share/leo_teleop/config/joy_config.yaml
[1.103s] -- Installing: /workstation/ros_ws/install/leo_teleop/share/leo_teleop/launch
[1.103s] -- Installing: /workstation/ros_ws/install/leo_teleop/share/leo_teleop/launch/joy_teleop.launch.xml
[1.103s] -- Installing: /workstation/ros_ws/install/leo_teleop/share/leo_teleop/launch/key_teleop.launch.xml
[1.103s] -- Installing: /workstation/ros_ws/install/leo_teleop/share/ament_index/resource_index/package_run_dependencies/leo_teleop
[1.103s] -- Installing: /workstation/ros_ws/install/leo_teleop/share/ament_index/resource_index/parent_prefix_path/leo_teleop
[1.103s] -- Installing: /workstation/ros_ws/install/leo_teleop/share/leo_teleop/environment/ament_prefix_path.sh
[1.103s] -- Installing: /workstation/ros_ws/install/leo_teleop/share/leo_teleop/environment/ament_prefix_path.dsv
[1.104s] -- Installing: /workstation/ros_ws/install/leo_teleop/share/leo_teleop/environment/path.sh
[1.104s] -- Installing: /workstation/ros_ws/install/leo_teleop/share/leo_teleop/environment/path.dsv
[1.104s] -- Installing: /workstation/ros_ws/install/leo_teleop/share/leo_teleop/local_setup.bash
[1.104s] -- Installing: /workstation/ros_ws/install/leo_teleop/share/leo_teleop/local_setup.sh
[1.104s] -- Installing: /workstation/ros_ws/install/leo_teleop/share/leo_teleop/local_setup.zsh
[1.104s] -- Installing: /workstation/ros_ws/install/leo_teleop/share/leo_teleop/local_setup.dsv
[1.104s] -- Installing: /workstation/ros_ws/install/leo_teleop/share/leo_teleop/package.dsv
[1.104s] -- Installing: /workstation/ros_ws/install/leo_teleop/share/ament_index/resource_index/packages/leo_teleop
[1.104s] -- Installing: /workstation/ros_ws/install/leo_teleop/share/leo_teleop/cmake/leo_teleopConfig.cmake
[1.104s] -- Installing: /workstation/ros_ws/install/leo_teleop/share/leo_teleop/cmake/leo_teleopConfig-version.cmake
[1.104s] -- Installing: /workstation/ros_ws/install/leo_teleop/share/leo_teleop/package.xml
[1.125s] Invoked command in '/workstation/ros_ws/build/leo_teleop' returned '0': CMAKE_PREFIX_PATH=/opt/ros/humble /usr/bin/cmake --install /workstation/ros_ws/build/leo_teleop
