[0.076s] Invoking command in '/workstation/nav2_ws/build/nav2_navfn_planner': AMENT_PREFIX_PATH=/workstation/nav2_ws/install/nav2_core:/workstation/nav2_ws/install/nav2_costmap_2d:/workstation/nav2_ws/install/nav2_map_server:/workstation/nav2_ws/install/nav2_lifecycle_manager:/workstation/nav2_ws/install/nav2_util:/workstation/nav2_ws/install/nav2_voxel_grid:/workstation/nav2_ws/install/nav2_msgs:/workstation/nav2_ws/install/nav2_common:${AMENT_PREFIX_PATH} CMAKE_PREFIX_PATH=/workstation/nav2_ws/install/nav2_core:/workstation/nav2_ws/install/nav2_costmap_2d:/workstation/nav2_ws/install/nav2_map_server:/workstation/nav2_ws/install/nav2_lifecycle_manager:/workstation/nav2_ws/install/nav2_util:/workstation/nav2_ws/install/nav2_voxel_grid:/workstation/nav2_ws/install/nav2_msgs:/workstation/nav2_ws/install/nav2_common:/opt/ros/humble LD_LIBRARY_PATH=/workstation/nav2_ws/install/nav2_costmap_2d/lib:/workstation/nav2_ws/install/nav2_map_server/lib:/workstation/nav2_ws/install/nav2_lifecycle_manager/lib:/workstation/nav2_ws/install/nav2_util/lib:/workstation/nav2_ws/install/nav2_voxel_grid/lib:/workstation/nav2_ws/install/nav2_msgs/lib:${LD_LIBRARY_PATH} PYTHONPATH=/workstation/nav2_ws/install/nav2_msgs/local/lib/python3.10/dist-packages:/workstation/nav2_ws/install/nav2_common/local/lib/python3.10/dist-packages:${PYTHONPATH} /usr/bin/cmake --build /workstation/nav2_ws/build/nav2_navfn_planner -- -j12 -l12
[0.270s] [ 20%] Built target gtest
[0.304s] [ 40%] Built target gtest_main
[0.334s] [ 80%] Built target nav2_navfn_planner
[0.483s] [100%] Built target test_dynamic_parameters
[0.564s] Invoked command in '/workstation/nav2_ws/build/nav2_navfn_planner' returned '0': AMENT_PREFIX_PATH=/workstation/nav2_ws/install/nav2_core:/workstation/nav2_ws/install/nav2_costmap_2d:/workstation/nav2_ws/install/nav2_map_server:/workstation/nav2_ws/install/nav2_lifecycle_manager:/workstation/nav2_ws/install/nav2_util:/workstation/nav2_ws/install/nav2_voxel_grid:/workstation/nav2_ws/install/nav2_msgs:/workstation/nav2_ws/install/nav2_common:${AMENT_PREFIX_PATH} CMAKE_PREFIX_PATH=/workstation/nav2_ws/install/nav2_core:/workstation/nav2_ws/install/nav2_costmap_2d:/workstation/nav2_ws/install/nav2_map_server:/workstation/nav2_ws/install/nav2_lifecycle_manager:/workstation/nav2_ws/install/nav2_util:/workstation/nav2_ws/install/nav2_voxel_grid:/workstation/nav2_ws/install/nav2_msgs:/workstation/nav2_ws/install/nav2_common:/opt/ros/humble LD_LIBRARY_PATH=/workstation/nav2_ws/install/nav2_costmap_2d/lib:/workstation/nav2_ws/install/nav2_map_server/lib:/workstation/nav2_ws/install/nav2_lifecycle_manager/lib:/workstation/nav2_ws/install/nav2_util/lib:/workstation/nav2_ws/install/nav2_voxel_grid/lib:/workstation/nav2_ws/install/nav2_msgs/lib:${LD_LIBRARY_PATH} PYTHONPATH=/workstation/nav2_ws/install/nav2_msgs/local/lib/python3.10/dist-packages:/workstation/nav2_ws/install/nav2_common/local/lib/python3.10/dist-packages:${PYTHONPATH} /usr/bin/cmake --build /workstation/nav2_ws/build/nav2_navfn_planner -- -j12 -l12
[0.666s] Invoking command in '/workstation/nav2_ws/build/nav2_navfn_planner': AMENT_PREFIX_PATH=/workstation/nav2_ws/install/nav2_core:/workstation/nav2_ws/install/nav2_costmap_2d:/workstation/nav2_ws/install/nav2_map_server:/workstation/nav2_ws/install/nav2_lifecycle_manager:/workstation/nav2_ws/install/nav2_util:/workstation/nav2_ws/install/nav2_voxel_grid:/workstation/nav2_ws/install/nav2_msgs:/workstation/nav2_ws/install/nav2_common:${AMENT_PREFIX_PATH} CMAKE_PREFIX_PATH=/workstation/nav2_ws/install/nav2_core:/workstation/nav2_ws/install/nav2_costmap_2d:/workstation/nav2_ws/install/nav2_map_server:/workstation/nav2_ws/install/nav2_lifecycle_manager:/workstation/nav2_ws/install/nav2_util:/workstation/nav2_ws/install/nav2_voxel_grid:/workstation/nav2_ws/install/nav2_msgs:/workstation/nav2_ws/install/nav2_common:/opt/ros/humble LD_LIBRARY_PATH=/workstation/nav2_ws/install/nav2_costmap_2d/lib:/workstation/nav2_ws/install/nav2_map_server/lib:/workstation/nav2_ws/install/nav2_lifecycle_manager/lib:/workstation/nav2_ws/install/nav2_util/lib:/workstation/nav2_ws/install/nav2_voxel_grid/lib:/workstation/nav2_ws/install/nav2_msgs/lib:${LD_LIBRARY_PATH} PYTHONPATH=/workstation/nav2_ws/install/nav2_msgs/local/lib/python3.10/dist-packages:/workstation/nav2_ws/install/nav2_common/local/lib/python3.10/dist-packages:${PYTHONPATH} /usr/bin/cmake --install /workstation/nav2_ws/build/nav2_navfn_planner
[0.709s] -- Install configuration: "Release"
[0.709s] -- Up-to-date: /workstation/nav2_ws/install/nav2_navfn_planner/share/nav2_navfn_planner/global_planner_plugin.xml
[0.709s] -- Up-to-date: /workstation/nav2_ws/install/nav2_navfn_planner/share/nav2_navfn_planner/test_global_planner_plugin.xml
[0.709s] -- Up-to-date: /workstation/nav2_ws/install/nav2_navfn_planner/lib/libnav2_navfn_planner.so
[0.709s] -- Up-to-date: /workstation/nav2_ws/install/nav2_navfn_planner/include/
[0.710s] -- Up-to-date: /workstation/nav2_ws/install/nav2_navfn_planner/include//nav2_navfn_planner
[0.710s] -- Up-to-date: /workstation/nav2_ws/install/nav2_navfn_planner/include//nav2_navfn_planner/navfn.hpp
[0.710s] -- Up-to-date: /workstation/nav2_ws/install/nav2_navfn_planner/include//nav2_navfn_planner/navfn_planner.hpp
[0.710s] -- Up-to-date: /workstation/nav2_ws/install/nav2_navfn_planner/include//nav2_navfn_planner/test_navfn_planner.hpp
[0.710s] -- Up-to-date: /workstation/nav2_ws/install/nav2_navfn_planner/share/nav2_navfn_planner/global_planner_plugin.xml
[0.710s] -- Up-to-date: /workstation/nav2_ws/install/nav2_navfn_planner/share/nav2_navfn_planner/environment/library_path.sh
[0.710s] -- Up-to-date: /workstation/nav2_ws/install/nav2_navfn_planner/share/nav2_navfn_planner/environment/library_path.dsv
[0.710s] -- Up-to-date: /workstation/nav2_ws/install/nav2_navfn_planner/share/ament_index/resource_index/package_run_dependencies/nav2_navfn_planner
[0.710s] -- Up-to-date: /workstation/nav2_ws/install/nav2_navfn_planner/share/ament_index/resource_index/parent_prefix_path/nav2_navfn_planner
[0.710s] -- Up-to-date: /workstation/nav2_ws/install/nav2_navfn_planner/share/nav2_navfn_planner/environment/ament_prefix_path.sh
[0.710s] -- Up-to-date: /workstation/nav2_ws/install/nav2_navfn_planner/share/nav2_navfn_planner/environment/ament_prefix_path.dsv
[0.710s] -- Up-to-date: /workstation/nav2_ws/install/nav2_navfn_planner/share/nav2_navfn_planner/environment/path.sh
[0.711s] -- Up-to-date: /workstation/nav2_ws/install/nav2_navfn_planner/share/nav2_navfn_planner/environment/path.dsv
[0.711s] -- Up-to-date: /workstation/nav2_ws/install/nav2_navfn_planner/share/nav2_navfn_planner/local_setup.bash
[0.711s] -- Up-to-date: /workstation/nav2_ws/install/nav2_navfn_planner/share/nav2_navfn_planner/local_setup.sh
[0.711s] -- Up-to-date: /workstation/nav2_ws/install/nav2_navfn_planner/share/nav2_navfn_planner/local_setup.zsh
[0.711s] -- Up-to-date: /workstation/nav2_ws/install/nav2_navfn_planner/share/nav2_navfn_planner/local_setup.dsv
[0.711s] -- Installing: /workstation/nav2_ws/install/nav2_navfn_planner/share/nav2_navfn_planner/package.dsv
[0.711s] -- Up-to-date: /workstation/nav2_ws/install/nav2_navfn_planner/share/ament_index/resource_index/packages/nav2_navfn_planner
[0.711s] -- Up-to-date: /workstation/nav2_ws/install/nav2_navfn_planner/share/ament_index/resource_index/nav2_core__pluginlib__plugin/nav2_navfn_planner
[0.711s] -- Up-to-date: /workstation/nav2_ws/install/nav2_navfn_planner/share/nav2_navfn_planner/cmake/ament_cmake_export_include_directories-extras.cmake
[0.711s] -- Up-to-date: /workstation/nav2_ws/install/nav2_navfn_planner/share/nav2_navfn_planner/cmake/ament_cmake_export_libraries-extras.cmake
[0.711s] -- Up-to-date: /workstation/nav2_ws/install/nav2_navfn_planner/share/nav2_navfn_planner/cmake/ament_cmake_export_dependencies-extras.cmake
[0.711s] -- Up-to-date: /workstation/nav2_ws/install/nav2_navfn_planner/share/nav2_navfn_planner/cmake/nav2_navfn_plannerConfig.cmake
[0.711s] -- Up-to-date: /workstation/nav2_ws/install/nav2_navfn_planner/share/nav2_navfn_planner/cmake/nav2_navfn_plannerConfig-version.cmake
[0.712s] -- Up-to-date: /workstation/nav2_ws/install/nav2_navfn_planner/share/nav2_navfn_planner/package.xml
[0.747s] Invoked command in '/workstation/nav2_ws/build/nav2_navfn_planner' returned '0': AMENT_PREFIX_PATH=/workstation/nav2_ws/install/nav2_core:/workstation/nav2_ws/install/nav2_costmap_2d:/workstation/nav2_ws/install/nav2_map_server:/workstation/nav2_ws/install/nav2_lifecycle_manager:/workstation/nav2_ws/install/nav2_util:/workstation/nav2_ws/install/nav2_voxel_grid:/workstation/nav2_ws/install/nav2_msgs:/workstation/nav2_ws/install/nav2_common:${AMENT_PREFIX_PATH} CMAKE_PREFIX_PATH=/workstation/nav2_ws/install/nav2_core:/workstation/nav2_ws/install/nav2_costmap_2d:/workstation/nav2_ws/install/nav2_map_server:/workstation/nav2_ws/install/nav2_lifecycle_manager:/workstation/nav2_ws/install/nav2_util:/workstation/nav2_ws/install/nav2_voxel_grid:/workstation/nav2_ws/install/nav2_msgs:/workstation/nav2_ws/install/nav2_common:/opt/ros/humble LD_LIBRARY_PATH=/workstation/nav2_ws/install/nav2_costmap_2d/lib:/workstation/nav2_ws/install/nav2_map_server/lib:/workstation/nav2_ws/install/nav2_lifecycle_manager/lib:/workstation/nav2_ws/install/nav2_util/lib:/workstation/nav2_ws/install/nav2_voxel_grid/lib:/workstation/nav2_ws/install/nav2_msgs/lib:${LD_LIBRARY_PATH} PYTHONPATH=/workstation/nav2_ws/install/nav2_msgs/local/lib/python3.10/dist-packages:/workstation/nav2_ws/install/nav2_common/local/lib/python3.10/dist-packages:${PYTHONPATH} /usr/bin/cmake --install /workstation/nav2_ws/build/nav2_navfn_planner
