[0.065s] Invoking command in '/workstation/nav2_ws/build/nav2_behaviors': AMENT_PREFIX_PATH=/workstation/nav2_ws/install/nav2_core:/workstation/nav2_ws/install/nav2_costmap_2d:/workstation/nav2_ws/install/nav2_map_server:/workstation/nav2_ws/install/nav2_lifecycle_manager:/workstation/nav2_ws/install/nav2_behavior_tree:/workstation/nav2_ws/install/nav2_util:/workstation/nav2_ws/install/nav2_voxel_grid:/workstation/nav2_ws/install/nav2_msgs:/workstation/nav2_ws/install/nav2_common:${AMENT_PREFIX_PATH} CMAKE_PREFIX_PATH=/workstation/nav2_ws/install/nav2_core:/workstation/nav2_ws/install/nav2_costmap_2d:/workstation/nav2_ws/install/nav2_map_server:/workstation/nav2_ws/install/nav2_lifecycle_manager:/workstation/nav2_ws/install/nav2_behavior_tree:/workstation/nav2_ws/install/nav2_util:/workstation/nav2_ws/install/nav2_voxel_grid:/workstation/nav2_ws/install/nav2_msgs:/workstation/nav2_ws/install/nav2_common:/opt/ros/humble LD_LIBRARY_PATH=/workstation/nav2_ws/install/nav2_costmap_2d/lib:/workstation/nav2_ws/install/nav2_map_server/lib:/workstation/nav2_ws/install/nav2_lifecycle_manager/lib:/workstation/nav2_ws/install/nav2_behavior_tree/lib:/workstation/nav2_ws/install/nav2_util/lib:/workstation/nav2_ws/install/nav2_voxel_grid/lib:/workstation/nav2_ws/install/nav2_msgs/lib:${LD_LIBRARY_PATH} PYTHONPATH=/workstation/nav2_ws/install/nav2_msgs/local/lib/python3.10/dist-packages:/workstation/nav2_ws/install/nav2_common/local/lib/python3.10/dist-packages:${PYTHONPATH} /usr/bin/cmake --build /workstation/nav2_ws/build/nav2_behaviors -- -j12 -l12
[0.303s] [ 10%] Built target gtest_main
[0.328s] [ 20%] Built target behavior_server_core
[0.331s] [ 30%] Built target nav2_assisted_teleop_behavior
[0.332s] [ 40%] Built target gtest
[0.337s] [ 50%] Built target nav2_back_up_behavior
[0.340s] [ 60%] Built target nav2_spin_behavior
[0.360s] [ 70%] Built target nav2_drive_on_heading_behavior
[0.367s] [ 80%] Built target nav2_wait_behavior
[0.447s] [ 90%] Built target test_behaviors
[0.535s] [100%] Built target behavior_server
[0.646s] Invoked command in '/workstation/nav2_ws/build/nav2_behaviors' returned '0': AMENT_PREFIX_PATH=/workstation/nav2_ws/install/nav2_core:/workstation/nav2_ws/install/nav2_costmap_2d:/workstation/nav2_ws/install/nav2_map_server:/workstation/nav2_ws/install/nav2_lifecycle_manager:/workstation/nav2_ws/install/nav2_behavior_tree:/workstation/nav2_ws/install/nav2_util:/workstation/nav2_ws/install/nav2_voxel_grid:/workstation/nav2_ws/install/nav2_msgs:/workstation/nav2_ws/install/nav2_common:${AMENT_PREFIX_PATH} CMAKE_PREFIX_PATH=/workstation/nav2_ws/install/nav2_core:/workstation/nav2_ws/install/nav2_costmap_2d:/workstation/nav2_ws/install/nav2_map_server:/workstation/nav2_ws/install/nav2_lifecycle_manager:/workstation/nav2_ws/install/nav2_behavior_tree:/workstation/nav2_ws/install/nav2_util:/workstation/nav2_ws/install/nav2_voxel_grid:/workstation/nav2_ws/install/nav2_msgs:/workstation/nav2_ws/install/nav2_common:/opt/ros/humble LD_LIBRARY_PATH=/workstation/nav2_ws/install/nav2_costmap_2d/lib:/workstation/nav2_ws/install/nav2_map_server/lib:/workstation/nav2_ws/install/nav2_lifecycle_manager/lib:/workstation/nav2_ws/install/nav2_behavior_tree/lib:/workstation/nav2_ws/install/nav2_util/lib:/workstation/nav2_ws/install/nav2_voxel_grid/lib:/workstation/nav2_ws/install/nav2_msgs/lib:${LD_LIBRARY_PATH} PYTHONPATH=/workstation/nav2_ws/install/nav2_msgs/local/lib/python3.10/dist-packages:/workstation/nav2_ws/install/nav2_common/local/lib/python3.10/dist-packages:${PYTHONPATH} /usr/bin/cmake --build /workstation/nav2_ws/build/nav2_behaviors -- -j12 -l12
[0.777s] Invoking command in '/workstation/nav2_ws/build/nav2_behaviors': AMENT_PREFIX_PATH=/workstation/nav2_ws/install/nav2_core:/workstation/nav2_ws/install/nav2_costmap_2d:/workstation/nav2_ws/install/nav2_map_server:/workstation/nav2_ws/install/nav2_lifecycle_manager:/workstation/nav2_ws/install/nav2_behavior_tree:/workstation/nav2_ws/install/nav2_util:/workstation/nav2_ws/install/nav2_voxel_grid:/workstation/nav2_ws/install/nav2_msgs:/workstation/nav2_ws/install/nav2_common:${AMENT_PREFIX_PATH} CMAKE_PREFIX_PATH=/workstation/nav2_ws/install/nav2_core:/workstation/nav2_ws/install/nav2_costmap_2d:/workstation/nav2_ws/install/nav2_map_server:/workstation/nav2_ws/install/nav2_lifecycle_manager:/workstation/nav2_ws/install/nav2_behavior_tree:/workstation/nav2_ws/install/nav2_util:/workstation/nav2_ws/install/nav2_voxel_grid:/workstation/nav2_ws/install/nav2_msgs:/workstation/nav2_ws/install/nav2_common:/opt/ros/humble LD_LIBRARY_PATH=/workstation/nav2_ws/install/nav2_costmap_2d/lib:/workstation/nav2_ws/install/nav2_map_server/lib:/workstation/nav2_ws/install/nav2_lifecycle_manager/lib:/workstation/nav2_ws/install/nav2_behavior_tree/lib:/workstation/nav2_ws/install/nav2_util/lib:/workstation/nav2_ws/install/nav2_voxel_grid/lib:/workstation/nav2_ws/install/nav2_msgs/lib:${LD_LIBRARY_PATH} PYTHONPATH=/workstation/nav2_ws/install/nav2_msgs/local/lib/python3.10/dist-packages:/workstation/nav2_ws/install/nav2_common/local/lib/python3.10/dist-packages:${PYTHONPATH} /usr/bin/cmake --install /workstation/nav2_ws/build/nav2_behaviors
[0.778s] -- Install configuration: "Release"
[0.778s] -- Up-to-date: /workstation/nav2_ws/install/nav2_behaviors/share/nav2_behaviors/behavior_plugin.xml
[0.778s] -- Up-to-date: /workstation/nav2_ws/install/nav2_behaviors/lib/libbehavior_server_core.so
[0.778s] -- Up-to-date: /workstation/nav2_ws/install/nav2_behaviors/lib/libnav2_spin_behavior.so
[0.778s] -- Up-to-date: /workstation/nav2_ws/install/nav2_behaviors/lib/libnav2_wait_behavior.so
[0.778s] -- Up-to-date: /workstation/nav2_ws/install/nav2_behaviors/lib/libnav2_assisted_teleop_behavior.so
[0.778s] -- Up-to-date: /workstation/nav2_ws/install/nav2_behaviors/lib/libnav2_drive_on_heading_behavior.so
[0.778s] -- Up-to-date: /workstation/nav2_ws/install/nav2_behaviors/lib/libnav2_back_up_behavior.so
[0.778s] -- Up-to-date: /workstation/nav2_ws/install/nav2_behaviors/lib/nav2_behaviors/behavior_server
[0.779s] -- Up-to-date: /workstation/nav2_ws/install/nav2_behaviors/include/
[0.779s] -- Up-to-date: /workstation/nav2_ws/install/nav2_behaviors/include//nav2_behaviors
[0.779s] -- Up-to-date: /workstation/nav2_ws/install/nav2_behaviors/include//nav2_behaviors/plugins
[0.779s] -- Up-to-date: /workstation/nav2_ws/install/nav2_behaviors/include//nav2_behaviors/plugins/drive_on_heading.hpp
[0.779s] -- Up-to-date: /workstation/nav2_ws/install/nav2_behaviors/include//nav2_behaviors/plugins/back_up.hpp
[0.779s] -- Up-to-date: /workstation/nav2_ws/install/nav2_behaviors/include//nav2_behaviors/plugins/wait.hpp
[0.779s] -- Up-to-date: /workstation/nav2_ws/install/nav2_behaviors/include//nav2_behaviors/plugins/spin.hpp
[0.779s] -- Up-to-date: /workstation/nav2_ws/install/nav2_behaviors/include//nav2_behaviors/plugins/assisted_teleop.hpp
[0.779s] -- Up-to-date: /workstation/nav2_ws/install/nav2_behaviors/include//nav2_behaviors/behavior_server.hpp
[0.779s] -- Up-to-date: /workstation/nav2_ws/install/nav2_behaviors/include//nav2_behaviors/timed_behavior.hpp
[0.780s] -- Up-to-date: /workstation/nav2_ws/install/nav2_behaviors/share/nav2_behaviors/behavior_plugin.xml
[0.780s] -- Up-to-date: /workstation/nav2_ws/install/nav2_behaviors/share/nav2_behaviors/plugins/
[0.780s] -- Up-to-date: /workstation/nav2_ws/install/nav2_behaviors/share/nav2_behaviors/plugins//drive_on_heading.cpp
[0.780s] -- Up-to-date: /workstation/nav2_ws/install/nav2_behaviors/share/nav2_behaviors/plugins//back_up.cpp
[0.780s] -- Up-to-date: /workstation/nav2_ws/install/nav2_behaviors/share/nav2_behaviors/plugins//spin.cpp
[0.780s] -- Up-to-date: /workstation/nav2_ws/install/nav2_behaviors/share/nav2_behaviors/plugins//wait.cpp
[0.780s] -- Up-to-date: /workstation/nav2_ws/install/nav2_behaviors/share/nav2_behaviors/plugins//assisted_teleop.cpp
[0.780s] -- Up-to-date: /workstation/nav2_ws/install/nav2_behaviors/share/nav2_behaviors/environment/library_path.sh
[0.780s] -- Up-to-date: /workstation/nav2_ws/install/nav2_behaviors/share/nav2_behaviors/environment/library_path.dsv
[0.780s] -- Up-to-date: /workstation/nav2_ws/install/nav2_behaviors/share/ament_index/resource_index/package_run_dependencies/nav2_behaviors
[0.780s] -- Up-to-date: /workstation/nav2_ws/install/nav2_behaviors/share/ament_index/resource_index/parent_prefix_path/nav2_behaviors
[0.780s] -- Up-to-date: /workstation/nav2_ws/install/nav2_behaviors/share/nav2_behaviors/environment/ament_prefix_path.sh
[0.781s] -- Up-to-date: /workstation/nav2_ws/install/nav2_behaviors/share/nav2_behaviors/environment/ament_prefix_path.dsv
[0.781s] -- Up-to-date: /workstation/nav2_ws/install/nav2_behaviors/share/nav2_behaviors/environment/path.sh
[0.781s] -- Up-to-date: /workstation/nav2_ws/install/nav2_behaviors/share/nav2_behaviors/environment/path.dsv
[0.781s] -- Up-to-date: /workstation/nav2_ws/install/nav2_behaviors/share/nav2_behaviors/local_setup.bash
[0.781s] -- Up-to-date: /workstation/nav2_ws/install/nav2_behaviors/share/nav2_behaviors/local_setup.sh
[0.781s] -- Up-to-date: /workstation/nav2_ws/install/nav2_behaviors/share/nav2_behaviors/local_setup.zsh
[0.781s] -- Up-to-date: /workstation/nav2_ws/install/nav2_behaviors/share/nav2_behaviors/local_setup.dsv
[0.781s] -- Installing: /workstation/nav2_ws/install/nav2_behaviors/share/nav2_behaviors/package.dsv
[0.781s] -- Up-to-date: /workstation/nav2_ws/install/nav2_behaviors/share/ament_index/resource_index/packages/nav2_behaviors
[0.781s] -- Up-to-date: /workstation/nav2_ws/install/nav2_behaviors/share/ament_index/resource_index/nav2_core__pluginlib__plugin/nav2_behaviors
[0.781s] -- Up-to-date: /workstation/nav2_ws/install/nav2_behaviors/share/ament_index/resource_index/rclcpp_components/nav2_behaviors
[0.782s] -- Up-to-date: /workstation/nav2_ws/install/nav2_behaviors/share/nav2_behaviors/cmake/ament_cmake_export_include_directories-extras.cmake
[0.782s] -- Up-to-date: /workstation/nav2_ws/install/nav2_behaviors/share/nav2_behaviors/cmake/ament_cmake_export_libraries-extras.cmake
[0.782s] -- Up-to-date: /workstation/nav2_ws/install/nav2_behaviors/share/nav2_behaviors/cmake/ament_cmake_export_dependencies-extras.cmake
[0.782s] -- Up-to-date: /workstation/nav2_ws/install/nav2_behaviors/share/nav2_behaviors/cmake/nav2_behaviorsConfig.cmake
[0.782s] -- Up-to-date: /workstation/nav2_ws/install/nav2_behaviors/share/nav2_behaviors/cmake/nav2_behaviorsConfig-version.cmake
[0.782s] -- Up-to-date: /workstation/nav2_ws/install/nav2_behaviors/share/nav2_behaviors/package.xml
[0.877s] Invoked command in '/workstation/nav2_ws/build/nav2_behaviors' returned '0': AMENT_PREFIX_PATH=/workstation/nav2_ws/install/nav2_core:/workstation/nav2_ws/install/nav2_costmap_2d:/workstation/nav2_ws/install/nav2_map_server:/workstation/nav2_ws/install/nav2_lifecycle_manager:/workstation/nav2_ws/install/nav2_behavior_tree:/workstation/nav2_ws/install/nav2_util:/workstation/nav2_ws/install/nav2_voxel_grid:/workstation/nav2_ws/install/nav2_msgs:/workstation/nav2_ws/install/nav2_common:${AMENT_PREFIX_PATH} CMAKE_PREFIX_PATH=/workstation/nav2_ws/install/nav2_core:/workstation/nav2_ws/install/nav2_costmap_2d:/workstation/nav2_ws/install/nav2_map_server:/workstation/nav2_ws/install/nav2_lifecycle_manager:/workstation/nav2_ws/install/nav2_behavior_tree:/workstation/nav2_ws/install/nav2_util:/workstation/nav2_ws/install/nav2_voxel_grid:/workstation/nav2_ws/install/nav2_msgs:/workstation/nav2_ws/install/nav2_common:/opt/ros/humble LD_LIBRARY_PATH=/workstation/nav2_ws/install/nav2_costmap_2d/lib:/workstation/nav2_ws/install/nav2_map_server/lib:/workstation/nav2_ws/install/nav2_lifecycle_manager/lib:/workstation/nav2_ws/install/nav2_behavior_tree/lib:/workstation/nav2_ws/install/nav2_util/lib:/workstation/nav2_ws/install/nav2_voxel_grid/lib:/workstation/nav2_ws/install/nav2_msgs/lib:${LD_LIBRARY_PATH} PYTHONPATH=/workstation/nav2_ws/install/nav2_msgs/local/lib/python3.10/dist-packages:/workstation/nav2_ws/install/nav2_common/local/lib/python3.10/dist-packages:${PYTHONPATH} /usr/bin/cmake --install /workstation/nav2_ws/build/nav2_behaviors
