[0.051s] Invoking command in '/workstation/nav2_ws/build/nav2_constrained_smoother': AMENT_PREFIX_PATH=/workstation/nav2_ws/install/nav2_core:/workstation/nav2_ws/install/nav2_costmap_2d:/workstation/nav2_ws/install/nav2_map_server:/workstation/nav2_ws/install/nav2_lifecycle_manager:/workstation/nav2_ws/install/nav2_util:/workstation/nav2_ws/install/nav2_voxel_grid:/workstation/nav2_ws/install/nav2_msgs:/workstation/nav2_ws/install/nav2_common:${AMENT_PREFIX_PATH} CMAKE_PREFIX_PATH=/workstation/nav2_ws/install/nav2_core:/workstation/nav2_ws/install/nav2_costmap_2d:/workstation/nav2_ws/install/nav2_map_server:/workstation/nav2_ws/install/nav2_lifecycle_manager:/workstation/nav2_ws/install/nav2_util:/workstation/nav2_ws/install/nav2_voxel_grid:/workstation/nav2_ws/install/nav2_msgs:/workstation/nav2_ws/install/nav2_common:/opt/ros/humble LD_LIBRARY_PATH=/workstation/nav2_ws/install/nav2_costmap_2d/lib:/workstation/nav2_ws/install/nav2_map_server/lib:/workstation/nav2_ws/install/nav2_lifecycle_manager/lib:/workstation/nav2_ws/install/nav2_util/lib:/workstation/nav2_ws/install/nav2_voxel_grid/lib:/workstation/nav2_ws/install/nav2_msgs/lib:${LD_LIBRARY_PATH} PYTHONPATH=/workstation/nav2_ws/install/nav2_msgs/local/lib/python3.10/dist-packages:/workstation/nav2_ws/install/nav2_common/local/lib/python3.10/dist-packages:${PYTHONPATH} /usr/bin/cmake /workstation/nav2_ws/src/navigation2/nav2_constrained_smoother -DCMAKE_INSTALL_PREFIX=/workstation/nav2_ws/install/nav2_constrained_smoother
[0.143s] -- The C compiler identification is GNU 11.4.0
[0.270s] -- The CXX compiler identification is GNU 11.4.0
[0.293s] -- Detecting C compiler ABI info
[0.470s] -- Detecting C compiler ABI info - done
[0.492s] -- Check for working C compiler: /usr/bin/cc - skipped
[0.493s] -- Detecting C compile features
[0.496s] -- Detecting C compile features - done
[0.501s] -- Detecting CXX compiler ABI info
[0.709s] -- Detecting CXX compiler ABI info - done
[0.730s] -- Check for working CXX compiler: /usr/bin/c++ - skipped
[0.730s] -- Detecting CXX compile features
[0.731s] -- Detecting CXX compile features - done
[0.738s] -- Found ament_cmake: 1.3.10 (/opt/ros/humble/share/ament_cmake/cmake)
[1.333s] -- Found Python3: /usr/bin/python3 (found version "3.10.12") found components: Interpreter 
[1.850s] -- Found nav2_core: 1.1.16 (/workstation/nav2_ws/install/nav2_core/share/nav2_core/cmake)
[2.127s] -- Found rosidl_generator_c: 3.1.5 (/opt/ros/humble/share/rosidl_generator_c/cmake)
[2.185s] -- Found rosidl_adapter: 3.1.5 (/opt/ros/humble/share/rosidl_adapter/cmake)
[2.213s] -- Found rosidl_generator_cpp: 3.1.5 (/opt/ros/humble/share/rosidl_generator_cpp/cmake)
[2.307s] -- Using all available rosidl_typesupport_c: rosidl_typesupport_fastrtps_c;rosidl_typesupport_introspection_c
[2.368s] -- Using all available rosidl_typesupport_cpp: rosidl_typesupport_fastrtps_cpp;rosidl_typesupport_introspection_cpp
[2.661s] -- Found rmw_implementation_cmake: 6.1.2 (/opt/ros/humble/share/rmw_implementation_cmake/cmake)
[2.692s] -- Found rmw_fastrtps_cpp: 6.2.7 (/opt/ros/humble/share/rmw_fastrtps_cpp/cmake)
[3.060s] -- Found OpenSSL: /usr/lib/x86_64-linux-gnu/libcrypto.so (found version "3.0.2")  
[3.151s] -- Found FastRTPS: /opt/ros/humble/include  
[3.322s] -- Using RMW implementation 'rmw_fastrtps_cpp' as default
[3.356s] -- Looking for pthread.h
[3.573s] -- Looking for pthread.h - found
[3.573s] -- Performing Test CMAKE_HAVE_LIBC_PTHREAD
[3.784s] -- Performing Test CMAKE_HAVE_LIBC_PTHREAD - Success
[3.790s] -- Found Threads: TRUE  
[4.857s] -- Found Eigen3: TRUE (found version "3.4.0") 
[4.857s] -- Ensuring Eigen3 include directory is part of orocos-kdl CMake target
[5.165s] -- Found nav2_common: 1.1.16 (/workstation/nav2_ws/install/nav2_common/share/nav2_common/cmake)
[5.195s] -- Found required Ceres dependency: Eigen version 3.4.0 in /usr/include/eigen3
[5.222s] -- Found required Ceres dependency: glog
[5.223s] -- Found required Ceres dependency: gflags
[5.227s] -- Found Ceres version: 2.0.0 installed in: /usr with components: [EigenSparse, SparseLinearAlgebraLibrary, LAPACK, SuiteSparse, CXSparse, SchurSpecializations, Multithreading]
[5.617s] -- Found ament_lint_auto: 0.12.11 (/opt/ros/humble/share/ament_lint_auto/cmake)
[6.068s] -- Found gtest sources under '/opt/ros/humble/src/gtest_vendor': C++ tests using 'Google Test' will be built
[6.472s] -- Added test 'cppcheck' to perform static code analysis on C / C++ code
[6.472s] -- Configured cppcheck include dirs: /workstation/nav2_ws/src/navigation2/nav2_constrained_smoother/include
[6.472s] -- Configured cppcheck exclude dirs and/or files: 
[6.478s] -- Added test 'cpplint' to check C / C++ code against the Google style
[6.479s] -- Configured cpplint exclude dirs and/or files: 
[6.480s] -- Added test 'lint_cmake' to check CMake code style
[6.485s] -- Added test 'uncrustify' to check C / C++ code style
[6.485s] -- Configured uncrustify additional arguments: 
[6.492s] -- Added test 'xmllint' to check XML markup files
[6.507s] -- Configuring done
[6.869s] -- Generating done
[6.869s] -- Build files have been written to: /workstation/nav2_ws/build/nav2_constrained_smoother
[6.887s] Invoked command in '/workstation/nav2_ws/build/nav2_constrained_smoother' returned '0': AMENT_PREFIX_PATH=/workstation/nav2_ws/install/nav2_core:/workstation/nav2_ws/install/nav2_costmap_2d:/workstation/nav2_ws/install/nav2_map_server:/workstation/nav2_ws/install/nav2_lifecycle_manager:/workstation/nav2_ws/install/nav2_util:/workstation/nav2_ws/install/nav2_voxel_grid:/workstation/nav2_ws/install/nav2_msgs:/workstation/nav2_ws/install/nav2_common:${AMENT_PREFIX_PATH} CMAKE_PREFIX_PATH=/workstation/nav2_ws/install/nav2_core:/workstation/nav2_ws/install/nav2_costmap_2d:/workstation/nav2_ws/install/nav2_map_server:/workstation/nav2_ws/install/nav2_lifecycle_manager:/workstation/nav2_ws/install/nav2_util:/workstation/nav2_ws/install/nav2_voxel_grid:/workstation/nav2_ws/install/nav2_msgs:/workstation/nav2_ws/install/nav2_common:/opt/ros/humble LD_LIBRARY_PATH=/workstation/nav2_ws/install/nav2_costmap_2d/lib:/workstation/nav2_ws/install/nav2_map_server/lib:/workstation/nav2_ws/install/nav2_lifecycle_manager/lib:/workstation/nav2_ws/install/nav2_util/lib:/workstation/nav2_ws/install/nav2_voxel_grid/lib:/workstation/nav2_ws/install/nav2_msgs/lib:${LD_LIBRARY_PATH} PYTHONPATH=/workstation/nav2_ws/install/nav2_msgs/local/lib/python3.10/dist-packages:/workstation/nav2_ws/install/nav2_common/local/lib/python3.10/dist-packages:${PYTHONPATH} /usr/bin/cmake /workstation/nav2_ws/src/navigation2/nav2_constrained_smoother -DCMAKE_INSTALL_PREFIX=/workstation/nav2_ws/install/nav2_constrained_smoother
[6.888s] Invoking command in '/workstation/nav2_ws/build/nav2_constrained_smoother': AMENT_PREFIX_PATH=/workstation/nav2_ws/install/nav2_core:/workstation/nav2_ws/install/nav2_costmap_2d:/workstation/nav2_ws/install/nav2_map_server:/workstation/nav2_ws/install/nav2_lifecycle_manager:/workstation/nav2_ws/install/nav2_util:/workstation/nav2_ws/install/nav2_voxel_grid:/workstation/nav2_ws/install/nav2_msgs:/workstation/nav2_ws/install/nav2_common:${AMENT_PREFIX_PATH} CMAKE_PREFIX_PATH=/workstation/nav2_ws/install/nav2_core:/workstation/nav2_ws/install/nav2_costmap_2d:/workstation/nav2_ws/install/nav2_map_server:/workstation/nav2_ws/install/nav2_lifecycle_manager:/workstation/nav2_ws/install/nav2_util:/workstation/nav2_ws/install/nav2_voxel_grid:/workstation/nav2_ws/install/nav2_msgs:/workstation/nav2_ws/install/nav2_common:/opt/ros/humble LD_LIBRARY_PATH=/workstation/nav2_ws/install/nav2_costmap_2d/lib:/workstation/nav2_ws/install/nav2_map_server/lib:/workstation/nav2_ws/install/nav2_lifecycle_manager/lib:/workstation/nav2_ws/install/nav2_util/lib:/workstation/nav2_ws/install/nav2_voxel_grid/lib:/workstation/nav2_ws/install/nav2_msgs/lib:${LD_LIBRARY_PATH} PYTHONPATH=/workstation/nav2_ws/install/nav2_msgs/local/lib/python3.10/dist-packages:/workstation/nav2_ws/install/nav2_common/local/lib/python3.10/dist-packages:${PYTHONPATH} /usr/bin/cmake --build /workstation/nav2_ws/build/nav2_constrained_smoother -- -j12 -l12
[11.668s] [ 10%] [32mBuilding CXX object CMakeFiles/nav2_constrained_smoother.dir/src/constrained_smoother.cpp.o[0m
[11.668s] [ 20%] [32mBuilding CXX object gtest/CMakeFiles/gtest_main.dir/src/gtest_main.cc.o[0m
[11.668s] [ 30%] [32m[1mLinking CXX static library libgtest_main.a[0m
[11.668s] [ 30%] Built target gtest_main
[11.669s] [ 40%] [32mBuilding CXX object gtest/CMakeFiles/gtest.dir/src/gtest-all.cc.o[0m
[35.211s] [ 50%] [32m[1mLinking CXX static library libgtest.a[0m
[35.313s] [ 50%] Built target gtest
[41.092s] [ 60%] [32m[1mLinking CXX shared library libnav2_constrained_smoother.so[0m
[42.657s] [ 60%] Built target nav2_constrained_smoother
[42.743s] [ 70%] [32mBuilding CXX object test/CMakeFiles/test_constrained_smoother.dir/test_constrained_smoother.cpp.o[0m
[71.591s] [ 80%] [32m[1mLinking CXX executable test_constrained_smoother[0m
[72.547s] [ 80%] Built target test_constrained_smoother
[72.591s] [ 90%] [32mBuilding CXX object test/CMakeFiles/test_smoother_cost_function.dir/test_smoother_cost_function.cpp.o[0m
[85.414s] [100%] [32m[1mLinking CXX executable test_smoother_cost_function[0m
[86.200s] [100%] Built target test_smoother_cost_function
[86.261s] Invoked command in '/workstation/nav2_ws/build/nav2_constrained_smoother' returned '0': AMENT_PREFIX_PATH=/workstation/nav2_ws/install/nav2_core:/workstation/nav2_ws/install/nav2_costmap_2d:/workstation/nav2_ws/install/nav2_map_server:/workstation/nav2_ws/install/nav2_lifecycle_manager:/workstation/nav2_ws/install/nav2_util:/workstation/nav2_ws/install/nav2_voxel_grid:/workstation/nav2_ws/install/nav2_msgs:/workstation/nav2_ws/install/nav2_common:${AMENT_PREFIX_PATH} CMAKE_PREFIX_PATH=/workstation/nav2_ws/install/nav2_core:/workstation/nav2_ws/install/nav2_costmap_2d:/workstation/nav2_ws/install/nav2_map_server:/workstation/nav2_ws/install/nav2_lifecycle_manager:/workstation/nav2_ws/install/nav2_util:/workstation/nav2_ws/install/nav2_voxel_grid:/workstation/nav2_ws/install/nav2_msgs:/workstation/nav2_ws/install/nav2_common:/opt/ros/humble LD_LIBRARY_PATH=/workstation/nav2_ws/install/nav2_costmap_2d/lib:/workstation/nav2_ws/install/nav2_map_server/lib:/workstation/nav2_ws/install/nav2_lifecycle_manager/lib:/workstation/nav2_ws/install/nav2_util/lib:/workstation/nav2_ws/install/nav2_voxel_grid/lib:/workstation/nav2_ws/install/nav2_msgs/lib:${LD_LIBRARY_PATH} PYTHONPATH=/workstation/nav2_ws/install/nav2_msgs/local/lib/python3.10/dist-packages:/workstation/nav2_ws/install/nav2_common/local/lib/python3.10/dist-packages:${PYTHONPATH} /usr/bin/cmake --build /workstation/nav2_ws/build/nav2_constrained_smoother -- -j12 -l12
[86.342s] Invoking command in '/workstation/nav2_ws/build/nav2_constrained_smoother': AMENT_PREFIX_PATH=/workstation/nav2_ws/install/nav2_core:/workstation/nav2_ws/install/nav2_costmap_2d:/workstation/nav2_ws/install/nav2_map_server:/workstation/nav2_ws/install/nav2_lifecycle_manager:/workstation/nav2_ws/install/nav2_util:/workstation/nav2_ws/install/nav2_voxel_grid:/workstation/nav2_ws/install/nav2_msgs:/workstation/nav2_ws/install/nav2_common:${AMENT_PREFIX_PATH} CMAKE_PREFIX_PATH=/workstation/nav2_ws/install/nav2_core:/workstation/nav2_ws/install/nav2_costmap_2d:/workstation/nav2_ws/install/nav2_map_server:/workstation/nav2_ws/install/nav2_lifecycle_manager:/workstation/nav2_ws/install/nav2_util:/workstation/nav2_ws/install/nav2_voxel_grid:/workstation/nav2_ws/install/nav2_msgs:/workstation/nav2_ws/install/nav2_common:/opt/ros/humble LD_LIBRARY_PATH=/workstation/nav2_ws/install/nav2_costmap_2d/lib:/workstation/nav2_ws/install/nav2_map_server/lib:/workstation/nav2_ws/install/nav2_lifecycle_manager/lib:/workstation/nav2_ws/install/nav2_util/lib:/workstation/nav2_ws/install/nav2_voxel_grid/lib:/workstation/nav2_ws/install/nav2_msgs/lib:${LD_LIBRARY_PATH} PYTHONPATH=/workstation/nav2_ws/install/nav2_msgs/local/lib/python3.10/dist-packages:/workstation/nav2_ws/install/nav2_common/local/lib/python3.10/dist-packages:${PYTHONPATH} /usr/bin/cmake --install /workstation/nav2_ws/build/nav2_constrained_smoother
[86.361s] -- Install configuration: "Release"
[86.361s] -- Installing: /workstation/nav2_ws/install/nav2_constrained_smoother/lib/libnav2_constrained_smoother.so
[86.361s] -- Set runtime path of "/workstation/nav2_ws/install/nav2_constrained_smoother/lib/libnav2_constrained_smoother.so" to ""
[86.362s] -- Installing: /workstation/nav2_ws/install/nav2_constrained_smoother/include/
[86.362s] -- Installing: /workstation/nav2_ws/install/nav2_constrained_smoother/include//nav2_constrained_smoother
[86.362s] -- Installing: /workstation/nav2_ws/install/nav2_constrained_smoother/include//nav2_constrained_smoother/smoother.hpp
[86.362s] -- Installing: /workstation/nav2_ws/install/nav2_constrained_smoother/include//nav2_constrained_smoother/utils.hpp
[86.363s] -- Installing: /workstation/nav2_ws/install/nav2_constrained_smoother/include//nav2_constrained_smoother/constrained_smoother.hpp
[86.363s] -- Installing: /workstation/nav2_ws/install/nav2_constrained_smoother/include//nav2_constrained_smoother/smoother_cost_function.hpp
[86.364s] -- Installing: /workstation/nav2_ws/install/nav2_constrained_smoother/include//nav2_constrained_smoother/options.hpp
[86.364s] -- Installing: /workstation/nav2_ws/install/nav2_constrained_smoother/share/nav2_constrained_smoother/environment/library_path.sh
[86.364s] -- Installing: /workstation/nav2_ws/install/nav2_constrained_smoother/share/nav2_constrained_smoother/environment/library_path.dsv
[86.364s] -- Installing: /workstation/nav2_ws/install/nav2_constrained_smoother/share/nav2_constrained_smoother/nav2_constrained_smoother.xml
[86.367s] -- Installing: /workstation/nav2_ws/install/nav2_constrained_smoother/share/ament_index/resource_index/package_run_dependencies/nav2_constrained_smoother
[86.369s] -- Installing: /workstation/nav2_ws/install/nav2_constrained_smoother/share/ament_index/resource_index/parent_prefix_path/nav2_constrained_smoother
[86.369s] -- Installing: /workstation/nav2_ws/install/nav2_constrained_smoother/share/nav2_constrained_smoother/environment/ament_prefix_path.sh
[86.369s] -- Installing: /workstation/nav2_ws/install/nav2_constrained_smoother/share/nav2_constrained_smoother/environment/ament_prefix_path.dsv
[86.369s] -- Installing: /workstation/nav2_ws/install/nav2_constrained_smoother/share/nav2_constrained_smoother/environment/path.sh
[86.370s] -- Installing: /workstation/nav2_ws/install/nav2_constrained_smoother/share/nav2_constrained_smoother/environment/path.dsv
[86.370s] -- Installing: /workstation/nav2_ws/install/nav2_constrained_smoother/share/nav2_constrained_smoother/local_setup.bash
[86.370s] -- Installing: /workstation/nav2_ws/install/nav2_constrained_smoother/share/nav2_constrained_smoother/local_setup.sh
[86.370s] -- Installing: /workstation/nav2_ws/install/nav2_constrained_smoother/share/nav2_constrained_smoother/local_setup.zsh
[86.370s] -- Installing: /workstation/nav2_ws/install/nav2_constrained_smoother/share/nav2_constrained_smoother/local_setup.dsv
[86.370s] -- Installing: /workstation/nav2_ws/install/nav2_constrained_smoother/share/nav2_constrained_smoother/package.dsv
[86.370s] -- Installing: /workstation/nav2_ws/install/nav2_constrained_smoother/share/ament_index/resource_index/packages/nav2_constrained_smoother
[86.370s] -- Installing: /workstation/nav2_ws/install/nav2_constrained_smoother/share/ament_index/resource_index/nav2_core__pluginlib__plugin/nav2_constrained_smoother
[86.371s] -- Installing: /workstation/nav2_ws/install/nav2_constrained_smoother/share/nav2_constrained_smoother/cmake/ament_cmake_export_include_directories-extras.cmake
[86.371s] -- Installing: /workstation/nav2_ws/install/nav2_constrained_smoother/share/nav2_constrained_smoother/cmake/ament_cmake_export_libraries-extras.cmake
[86.371s] -- Installing: /workstation/nav2_ws/install/nav2_constrained_smoother/share/nav2_constrained_smoother/cmake/ament_cmake_export_dependencies-extras.cmake
[86.371s] -- Installing: /workstation/nav2_ws/install/nav2_constrained_smoother/share/nav2_constrained_smoother/cmake/nav2_constrained_smootherConfig.cmake
[86.371s] -- Installing: /workstation/nav2_ws/install/nav2_constrained_smoother/share/nav2_constrained_smoother/cmake/nav2_constrained_smootherConfig-version.cmake
[86.371s] -- Installing: /workstation/nav2_ws/install/nav2_constrained_smoother/share/nav2_constrained_smoother/package.xml
[86.414s] Invoked command in '/workstation/nav2_ws/build/nav2_constrained_smoother' returned '0': AMENT_PREFIX_PATH=/workstation/nav2_ws/install/nav2_core:/workstation/nav2_ws/install/nav2_costmap_2d:/workstation/nav2_ws/install/nav2_map_server:/workstation/nav2_ws/install/nav2_lifecycle_manager:/workstation/nav2_ws/install/nav2_util:/workstation/nav2_ws/install/nav2_voxel_grid:/workstation/nav2_ws/install/nav2_msgs:/workstation/nav2_ws/install/nav2_common:${AMENT_PREFIX_PATH} CMAKE_PREFIX_PATH=/workstation/nav2_ws/install/nav2_core:/workstation/nav2_ws/install/nav2_costmap_2d:/workstation/nav2_ws/install/nav2_map_server:/workstation/nav2_ws/install/nav2_lifecycle_manager:/workstation/nav2_ws/install/nav2_util:/workstation/nav2_ws/install/nav2_voxel_grid:/workstation/nav2_ws/install/nav2_msgs:/workstation/nav2_ws/install/nav2_common:/opt/ros/humble LD_LIBRARY_PATH=/workstation/nav2_ws/install/nav2_costmap_2d/lib:/workstation/nav2_ws/install/nav2_map_server/lib:/workstation/nav2_ws/install/nav2_lifecycle_manager/lib:/workstation/nav2_ws/install/nav2_util/lib:/workstation/nav2_ws/install/nav2_voxel_grid/lib:/workstation/nav2_ws/install/nav2_msgs/lib:${LD_LIBRARY_PATH} PYTHONPATH=/workstation/nav2_ws/install/nav2_msgs/local/lib/python3.10/dist-packages:/workstation/nav2_ws/install/nav2_common/local/lib/python3.10/dist-packages:${PYTHONPATH} /usr/bin/cmake --install /workstation/nav2_ws/build/nav2_constrained_smoother
