[0.012s] Invoking command in '/workstation/nav2_ws/build/nav_2d_msgs': CMAKE_PREFIX_PATH=/opt/ros/humble /usr/bin/cmake --build /workstation/nav2_ws/build/nav_2d_msgs -- -j12 -l12
[0.052s] [35m[1mConsolidate compiler generated dependencies of target nav_2d_msgs__rosidl_generator_c[0m
[0.062s] [  1%] Built target nav_2d_msgs__cpp
[0.064s] [ 12%] Built target nav_2d_msgs__rosidl_generator_c
[0.078s] [ 12%] Built target ament_cmake_python_copy_nav_2d_msgs
[0.082s] [35m[1mConsolidate compiler generated dependencies of target nav_2d_msgs__rosidl_typesupport_cpp[0m
[0.082s] [35m[1mConsolidate compiler generated dependencies of target nav_2d_msgs__rosidl_typesupport_introspection_cpp[0m
[0.083s] [35m[1mConsolidate compiler generated dependencies of target nav_2d_msgs__rosidl_typesupport_introspection_c[0m
[0.084s] [35m[1mConsolidate compiler generated dependencies of target nav_2d_msgs__rosidl_typesupport_c[0m
[0.086s] [35m[1mConsolidate compiler generated dependencies of target nav_2d_msgs__rosidl_typesupport_fastrtps_cpp[0m
[0.093s] [35m[1mConsolidate compiler generated dependencies of target nav_2d_msgs__rosidl_typesupport_fastrtps_c[0m
[0.101s] [ 28%] Built target nav_2d_msgs__rosidl_typesupport_introspection_c
[0.101s] [ 35%] Built target nav_2d_msgs__rosidl_typesupport_cpp
[0.101s] [ 46%] Built target nav_2d_msgs__rosidl_typesupport_c
[0.102s] [ 57%] Built target nav_2d_msgs__rosidl_typesupport_introspection_cpp
[0.110s] [ 69%] Built target nav_2d_msgs__rosidl_typesupport_fastrtps_cpp
[0.111s] [ 80%] Built target nav_2d_msgs__rosidl_typesupport_fastrtps_c
[0.131s] [ 80%] Built target nav_2d_msgs
[0.151s] [ 81%] Built target nav_2d_msgs__py
[0.162s] [35m[1mConsolidate compiler generated dependencies of target nav_2d_msgs__rosidl_generator_py[0m
[0.175s] [ 91%] Built target nav_2d_msgs__rosidl_generator_py
[0.187s] [35m[1mConsolidate compiler generated dependencies of target nav_2d_msgs__rosidl_typesupport_fastrtps_c__pyext[0m
[0.188s] [35m[1mConsolidate compiler generated dependencies of target nav_2d_msgs__rosidl_typesupport_c__pyext[0m
[0.188s] [35m[1mConsolidate compiler generated dependencies of target nav_2d_msgs__rosidl_typesupport_introspection_c__pyext[0m
[0.199s] [ 94%] Built target nav_2d_msgs__rosidl_typesupport_fastrtps_c__pyext
[0.201s] [100%] Built target nav_2d_msgs__rosidl_typesupport_introspection_c__pyext
[0.202s] [100%] Built target nav_2d_msgs__rosidl_typesupport_c__pyext
[0.304s] running egg_info
[0.305s] writing nav_2d_msgs.egg-info/PKG-INFO
[0.305s] writing dependency_links to nav_2d_msgs.egg-info/dependency_links.txt
[0.305s] writing top-level names to nav_2d_msgs.egg-info/top_level.txt
[0.307s] reading manifest file 'nav_2d_msgs.egg-info/SOURCES.txt'
[0.308s] writing manifest file 'nav_2d_msgs.egg-info/SOURCES.txt'
[0.332s] [100%] Built target ament_cmake_python_build_nav_2d_msgs_egg
[0.343s] Invoked command in '/workstation/nav2_ws/build/nav_2d_msgs' returned '0': CMAKE_PREFIX_PATH=/opt/ros/humble /usr/bin/cmake --build /workstation/nav2_ws/build/nav_2d_msgs -- -j12 -l12
[0.453s] Invoking command in '/workstation/nav2_ws/build/nav_2d_msgs': CMAKE_PREFIX_PATH=/opt/ros/humble /usr/bin/cmake --install /workstation/nav2_ws/build/nav_2d_msgs
[0.460s] -- Install configuration: ""
[0.460s] -- Up-to-date: /workstation/nav2_ws/install/nav_2d_msgs/share/ament_index/resource_index/rosidl_interfaces/nav_2d_msgs
[0.460s] -- Up-to-date: /workstation/nav2_ws/install/nav_2d_msgs/include/nav_2d_msgs/nav_2d_msgs
[0.460s] -- Up-to-date: /workstation/nav2_ws/install/nav_2d_msgs/include/nav_2d_msgs/nav_2d_msgs/msg
[0.460s] -- Up-to-date: /workstation/nav2_ws/install/nav_2d_msgs/include/nav_2d_msgs/nav_2d_msgs/msg/detail
[0.461s] -- Up-to-date: /workstation/nav2_ws/install/nav_2d_msgs/include/nav_2d_msgs/nav_2d_msgs/msg/detail/twist2_d_stamped__type_support.h
[0.461s] -- Up-to-date: /workstation/nav2_ws/install/nav_2d_msgs/include/nav_2d_msgs/nav_2d_msgs/msg/detail/twist2_d32__type_support.h
[0.461s] -- Up-to-date: /workstation/nav2_ws/install/nav_2d_msgs/include/nav_2d_msgs/nav_2d_msgs/msg/detail/path2_d__type_support.h
[0.461s] -- Up-to-date: /workstation/nav2_ws/install/nav_2d_msgs/include/nav_2d_msgs/nav_2d_msgs/msg/detail/twist2_d__type_support.h
[0.461s] -- Up-to-date: /workstation/nav2_ws/install/nav_2d_msgs/include/nav_2d_msgs/nav_2d_msgs/msg/detail/pose2_d_stamped__functions.h
[0.462s] -- Up-to-date: /workstation/nav2_ws/install/nav_2d_msgs/include/nav_2d_msgs/nav_2d_msgs/msg/detail/twist2_d__struct.h
[0.462s] -- Up-to-date: /workstation/nav2_ws/install/nav_2d_msgs/include/nav_2d_msgs/nav_2d_msgs/msg/detail/pose2_d_stamped__type_support.h
[0.462s] -- Up-to-date: /workstation/nav2_ws/install/nav_2d_msgs/include/nav_2d_msgs/nav_2d_msgs/msg/detail/twist2_d32__struct.h
[0.462s] -- Up-to-date: /workstation/nav2_ws/install/nav_2d_msgs/include/nav_2d_msgs/nav_2d_msgs/msg/detail/pose2_d32__type_support.h
[0.462s] -- Up-to-date: /workstation/nav2_ws/install/nav_2d_msgs/include/nav_2d_msgs/nav_2d_msgs/msg/detail/twist2_d_stamped__struct.h
[0.462s] -- Up-to-date: /workstation/nav2_ws/install/nav_2d_msgs/include/nav_2d_msgs/nav_2d_msgs/msg/detail/twist2_d__functions.h
[0.462s] -- Up-to-date: /workstation/nav2_ws/install/nav_2d_msgs/include/nav_2d_msgs/nav_2d_msgs/msg/detail/twist2_d_stamped__functions.h
[0.462s] -- Up-to-date: /workstation/nav2_ws/install/nav_2d_msgs/include/nav_2d_msgs/nav_2d_msgs/msg/detail/pose2_d32__functions.h
[0.463s] -- Up-to-date: /workstation/nav2_ws/install/nav_2d_msgs/include/nav_2d_msgs/nav_2d_msgs/msg/detail/twist2_d__functions.c
[0.463s] -- Up-to-date: /workstation/nav2_ws/install/nav_2d_msgs/include/nav_2d_msgs/nav_2d_msgs/msg/detail/pose2_d32__struct.h
[0.463s] -- Up-to-date: /workstation/nav2_ws/install/nav_2d_msgs/include/nav_2d_msgs/nav_2d_msgs/msg/detail/path2_d__functions.c
[0.463s] -- Up-to-date: /workstation/nav2_ws/install/nav_2d_msgs/include/nav_2d_msgs/nav_2d_msgs/msg/detail/path2_d__struct.h
[0.463s] -- Up-to-date: /workstation/nav2_ws/install/nav_2d_msgs/include/nav_2d_msgs/nav_2d_msgs/msg/detail/twist2_d32__functions.c
[0.463s] -- Up-to-date: /workstation/nav2_ws/install/nav_2d_msgs/include/nav_2d_msgs/nav_2d_msgs/msg/detail/pose2_d_stamped__functions.c
[0.463s] -- Up-to-date: /workstation/nav2_ws/install/nav_2d_msgs/include/nav_2d_msgs/nav_2d_msgs/msg/detail/twist2_d_stamped__functions.c
[0.463s] -- Up-to-date: /workstation/nav2_ws/install/nav_2d_msgs/include/nav_2d_msgs/nav_2d_msgs/msg/detail/pose2_d32__functions.c
[0.463s] -- Up-to-date: /workstation/nav2_ws/install/nav_2d_msgs/include/nav_2d_msgs/nav_2d_msgs/msg/detail/twist2_d32__functions.h
[0.464s] -- Up-to-date: /workstation/nav2_ws/install/nav_2d_msgs/include/nav_2d_msgs/nav_2d_msgs/msg/detail/pose2_d_stamped__struct.h
[0.464s] -- Up-to-date: /workstation/nav2_ws/install/nav_2d_msgs/include/nav_2d_msgs/nav_2d_msgs/msg/detail/path2_d__functions.h
[0.464s] -- Up-to-date: /workstation/nav2_ws/install/nav_2d_msgs/include/nav_2d_msgs/nav_2d_msgs/msg/twist2_d_stamped.h
[0.464s] -- Up-to-date: /workstation/nav2_ws/install/nav_2d_msgs/include/nav_2d_msgs/nav_2d_msgs/msg/twist2_d.h
[0.464s] -- Up-to-date: /workstation/nav2_ws/install/nav_2d_msgs/include/nav_2d_msgs/nav_2d_msgs/msg/pose2_d32.h
[0.464s] -- Up-to-date: /workstation/nav2_ws/install/nav_2d_msgs/include/nav_2d_msgs/nav_2d_msgs/msg/rosidl_generator_c__visibility_control.h
[0.464s] -- Up-to-date: /workstation/nav2_ws/install/nav_2d_msgs/include/nav_2d_msgs/nav_2d_msgs/msg/twist2_d32.h
[0.464s] -- Up-to-date: /workstation/nav2_ws/install/nav_2d_msgs/include/nav_2d_msgs/nav_2d_msgs/msg/path2_d.h
[0.464s] -- Up-to-date: /workstation/nav2_ws/install/nav_2d_msgs/include/nav_2d_msgs/nav_2d_msgs/msg/pose2_d_stamped.h
[0.464s] -- Up-to-date: /workstation/nav2_ws/install/nav_2d_msgs/share/nav_2d_msgs/environment/library_path.sh
[0.465s] -- Up-to-date: /workstation/nav2_ws/install/nav_2d_msgs/share/nav_2d_msgs/environment/library_path.dsv
[0.465s] -- Up-to-date: /workstation/nav2_ws/install/nav_2d_msgs/lib/libnav_2d_msgs__rosidl_generator_c.so
[0.465s] -- Up-to-date: /workstation/nav2_ws/install/nav_2d_msgs/include/nav_2d_msgs/nav_2d_msgs
[0.465s] -- Up-to-date: /workstation/nav2_ws/install/nav_2d_msgs/include/nav_2d_msgs/nav_2d_msgs/msg
[0.465s] -- Up-to-date: /workstation/nav2_ws/install/nav_2d_msgs/include/nav_2d_msgs/nav_2d_msgs/msg/detail
[0.465s] -- Up-to-date: /workstation/nav2_ws/install/nav_2d_msgs/include/nav_2d_msgs/nav_2d_msgs/msg/detail/path2_d__rosidl_typesupport_fastrtps_c.h
[0.465s] -- Up-to-date: /workstation/nav2_ws/install/nav_2d_msgs/include/nav_2d_msgs/nav_2d_msgs/msg/detail/twist2_d32__rosidl_typesupport_fastrtps_c.h
[0.465s] -- Up-to-date: /workstation/nav2_ws/install/nav_2d_msgs/include/nav_2d_msgs/nav_2d_msgs/msg/detail/pose2_d_stamped__rosidl_typesupport_fastrtps_c.h
[0.466s] -- Up-to-date: /workstation/nav2_ws/install/nav_2d_msgs/include/nav_2d_msgs/nav_2d_msgs/msg/detail/pose2_d32__rosidl_typesupport_fastrtps_c.h
[0.466s] -- Up-to-date: /workstation/nav2_ws/install/nav_2d_msgs/include/nav_2d_msgs/nav_2d_msgs/msg/detail/twist2_d_stamped__rosidl_typesupport_fastrtps_c.h
[0.466s] -- Up-to-date: /workstation/nav2_ws/install/nav_2d_msgs/include/nav_2d_msgs/nav_2d_msgs/msg/detail/twist2_d__rosidl_typesupport_fastrtps_c.h
[0.466s] -- Up-to-date: /workstation/nav2_ws/install/nav_2d_msgs/include/nav_2d_msgs/nav_2d_msgs/msg/rosidl_typesupport_fastrtps_c__visibility_control.h
[0.466s] -- Up-to-date: /workstation/nav2_ws/install/nav_2d_msgs/lib/libnav_2d_msgs__rosidl_typesupport_fastrtps_c.so
[0.466s] -- Up-to-date: /workstation/nav2_ws/install/nav_2d_msgs/include/nav_2d_msgs/nav_2d_msgs
[0.466s] -- Up-to-date: /workstation/nav2_ws/install/nav_2d_msgs/include/nav_2d_msgs/nav_2d_msgs/msg
[0.467s] -- Up-to-date: /workstation/nav2_ws/install/nav_2d_msgs/include/nav_2d_msgs/nav_2d_msgs/msg/detail
[0.467s] -- Up-to-date: /workstation/nav2_ws/install/nav_2d_msgs/include/nav_2d_msgs/nav_2d_msgs/msg/detail/pose2_d32__traits.hpp
[0.467s] -- Up-to-date: /workstation/nav2_ws/install/nav_2d_msgs/include/nav_2d_msgs/nav_2d_msgs/msg/detail/twist2_d_stamped__struct.hpp
[0.467s] -- Up-to-date: /workstation/nav2_ws/install/nav_2d_msgs/include/nav_2d_msgs/nav_2d_msgs/msg/detail/twist2_d32__struct.hpp
[0.467s] -- Up-to-date: /workstation/nav2_ws/install/nav_2d_msgs/include/nav_2d_msgs/nav_2d_msgs/msg/detail/pose2_d_stamped__traits.hpp
[0.467s] -- Up-to-date: /workstation/nav2_ws/install/nav_2d_msgs/include/nav_2d_msgs/nav_2d_msgs/msg/detail/twist2_d32__builder.hpp
[0.467s] -- Up-to-date: /workstation/nav2_ws/install/nav_2d_msgs/include/nav_2d_msgs/nav_2d_msgs/msg/detail/twist2_d__struct.hpp
[0.467s] -- Up-to-date: /workstation/nav2_ws/install/nav_2d_msgs/include/nav_2d_msgs/nav_2d_msgs/msg/detail/twist2_d__traits.hpp
[0.467s] -- Up-to-date: /workstation/nav2_ws/install/nav_2d_msgs/include/nav_2d_msgs/nav_2d_msgs/msg/detail/pose2_d32__builder.hpp
[0.468s] -- Up-to-date: /workstation/nav2_ws/install/nav_2d_msgs/include/nav_2d_msgs/nav_2d_msgs/msg/detail/twist2_d_stamped__traits.hpp
[0.468s] -- Up-to-date: /workstation/nav2_ws/install/nav_2d_msgs/include/nav_2d_msgs/nav_2d_msgs/msg/detail/pose2_d_stamped__builder.hpp
[0.468s] -- Up-to-date: /workstation/nav2_ws/install/nav_2d_msgs/include/nav_2d_msgs/nav_2d_msgs/msg/detail/pose2_d_stamped__struct.hpp
[0.468s] -- Up-to-date: /workstation/nav2_ws/install/nav_2d_msgs/include/nav_2d_msgs/nav_2d_msgs/msg/detail/path2_d__builder.hpp
[0.468s] -- Up-to-date: /workstation/nav2_ws/install/nav_2d_msgs/include/nav_2d_msgs/nav_2d_msgs/msg/detail/twist2_d__builder.hpp
[0.468s] -- Up-to-date: /workstation/nav2_ws/install/nav_2d_msgs/include/nav_2d_msgs/nav_2d_msgs/msg/detail/pose2_d32__struct.hpp
[0.468s] -- Up-to-date: /workstation/nav2_ws/install/nav_2d_msgs/include/nav_2d_msgs/nav_2d_msgs/msg/detail/twist2_d_stamped__builder.hpp
[0.468s] -- Up-to-date: /workstation/nav2_ws/install/nav_2d_msgs/include/nav_2d_msgs/nav_2d_msgs/msg/detail/twist2_d32__traits.hpp
[0.468s] -- Up-to-date: /workstation/nav2_ws/install/nav_2d_msgs/include/nav_2d_msgs/nav_2d_msgs/msg/detail/path2_d__struct.hpp
[0.469s] -- Up-to-date: /workstation/nav2_ws/install/nav_2d_msgs/include/nav_2d_msgs/nav_2d_msgs/msg/detail/path2_d__traits.hpp
[0.469s] -- Up-to-date: /workstation/nav2_ws/install/nav_2d_msgs/include/nav_2d_msgs/nav_2d_msgs/msg/twist2_d_stamped.hpp
[0.469s] -- Up-to-date: /workstation/nav2_ws/install/nav_2d_msgs/include/nav_2d_msgs/nav_2d_msgs/msg/twist2_d.hpp
[0.469s] -- Up-to-date: /workstation/nav2_ws/install/nav_2d_msgs/include/nav_2d_msgs/nav_2d_msgs/msg/pose2_d_stamped.hpp
[0.469s] -- Up-to-date: /workstation/nav2_ws/install/nav_2d_msgs/include/nav_2d_msgs/nav_2d_msgs/msg/twist2_d32.hpp
[0.469s] -- Up-to-date: /workstation/nav2_ws/install/nav_2d_msgs/include/nav_2d_msgs/nav_2d_msgs/msg/path2_d.hpp
[0.469s] -- Up-to-date: /workstation/nav2_ws/install/nav_2d_msgs/include/nav_2d_msgs/nav_2d_msgs/msg/pose2_d32.hpp
[0.469s] -- Up-to-date: /workstation/nav2_ws/install/nav_2d_msgs/include/nav_2d_msgs/nav_2d_msgs
[0.470s] -- Up-to-date: /workstation/nav2_ws/install/nav_2d_msgs/include/nav_2d_msgs/nav_2d_msgs/msg
[0.470s] -- Up-to-date: /workstation/nav2_ws/install/nav_2d_msgs/include/nav_2d_msgs/nav_2d_msgs/msg/detail
[0.470s] -- Up-to-date: /workstation/nav2_ws/install/nav_2d_msgs/include/nav_2d_msgs/nav_2d_msgs/msg/detail/twist2_d__rosidl_typesupport_fastrtps_cpp.hpp
[0.470s] -- Up-to-date: /workstation/nav2_ws/install/nav_2d_msgs/include/nav_2d_msgs/nav_2d_msgs/msg/detail/twist2_d32__rosidl_typesupport_fastrtps_cpp.hpp
[0.470s] -- Up-to-date: /workstation/nav2_ws/install/nav_2d_msgs/include/nav_2d_msgs/nav_2d_msgs/msg/detail/pose2_d_stamped__rosidl_typesupport_fastrtps_cpp.hpp
[0.470s] -- Up-to-date: /workstation/nav2_ws/install/nav_2d_msgs/include/nav_2d_msgs/nav_2d_msgs/msg/detail/path2_d__rosidl_typesupport_fastrtps_cpp.hpp
[0.470s] -- Up-to-date: /workstation/nav2_ws/install/nav_2d_msgs/include/nav_2d_msgs/nav_2d_msgs/msg/detail/dds_fastrtps
[0.471s] -- Up-to-date: /workstation/nav2_ws/install/nav_2d_msgs/include/nav_2d_msgs/nav_2d_msgs/msg/detail/twist2_d_stamped__rosidl_typesupport_fastrtps_cpp.hpp
[0.471s] -- Up-to-date: /workstation/nav2_ws/install/nav_2d_msgs/include/nav_2d_msgs/nav_2d_msgs/msg/detail/pose2_d32__rosidl_typesupport_fastrtps_cpp.hpp
[0.471s] -- Up-to-date: /workstation/nav2_ws/install/nav_2d_msgs/include/nav_2d_msgs/nav_2d_msgs/msg/rosidl_typesupport_fastrtps_cpp__visibility_control.h
[0.471s] -- Up-to-date: /workstation/nav2_ws/install/nav_2d_msgs/lib/libnav_2d_msgs__rosidl_typesupport_fastrtps_cpp.so
[0.472s] -- Up-to-date: /workstation/nav2_ws/install/nav_2d_msgs/include/nav_2d_msgs/nav_2d_msgs
[0.472s] -- Up-to-date: /workstation/nav2_ws/install/nav_2d_msgs/include/nav_2d_msgs/nav_2d_msgs/msg
[0.472s] -- Up-to-date: /workstation/nav2_ws/install/nav_2d_msgs/include/nav_2d_msgs/nav_2d_msgs/msg/detail
[0.472s] -- Up-to-date: /workstation/nav2_ws/install/nav_2d_msgs/include/nav_2d_msgs/nav_2d_msgs/msg/detail/twist2_d__rosidl_typesupport_introspection_c.h
[0.472s] -- Up-to-date: /workstation/nav2_ws/install/nav_2d_msgs/include/nav_2d_msgs/nav_2d_msgs/msg/detail/path2_d__rosidl_typesupport_introspection_c.h
[0.472s] -- Up-to-date: /workstation/nav2_ws/install/nav_2d_msgs/include/nav_2d_msgs/nav_2d_msgs/msg/detail/twist2_d32__rosidl_typesupport_introspection_c.h
[0.472s] -- Up-to-date: /workstation/nav2_ws/install/nav_2d_msgs/include/nav_2d_msgs/nav_2d_msgs/msg/detail/pose2_d_stamped__type_support.c
[0.472s] -- Up-to-date: /workstation/nav2_ws/install/nav_2d_msgs/include/nav_2d_msgs/nav_2d_msgs/msg/detail/pose2_d_stamped__rosidl_typesupport_introspection_c.h
[0.472s] -- Up-to-date: /workstation/nav2_ws/install/nav_2d_msgs/include/nav_2d_msgs/nav_2d_msgs/msg/detail/twist2_d_stamped__type_support.c
[0.472s] -- Up-to-date: /workstation/nav2_ws/install/nav_2d_msgs/include/nav_2d_msgs/nav_2d_msgs/msg/detail/path2_d__type_support.c
[0.472s] -- Up-to-date: /workstation/nav2_ws/install/nav_2d_msgs/include/nav_2d_msgs/nav_2d_msgs/msg/detail/twist2_d__type_support.c
[0.472s] -- Up-to-date: /workstation/nav2_ws/install/nav_2d_msgs/include/nav_2d_msgs/nav_2d_msgs/msg/detail/pose2_d32__type_support.c
[0.472s] -- Up-to-date: /workstation/nav2_ws/install/nav_2d_msgs/include/nav_2d_msgs/nav_2d_msgs/msg/detail/twist2_d_stamped__rosidl_typesupport_introspection_c.h
[0.472s] -- Up-to-date: /workstation/nav2_ws/install/nav_2d_msgs/include/nav_2d_msgs/nav_2d_msgs/msg/detail/twist2_d32__type_support.c
[0.472s] -- Up-to-date: /workstation/nav2_ws/install/nav_2d_msgs/include/nav_2d_msgs/nav_2d_msgs/msg/detail/pose2_d32__rosidl_typesupport_introspection_c.h
[0.473s] -- Up-to-date: /workstation/nav2_ws/install/nav_2d_msgs/include/nav_2d_msgs/nav_2d_msgs/msg/rosidl_typesupport_introspection_c__visibility_control.h
[0.473s] -- Up-to-date: /workstation/nav2_ws/install/nav_2d_msgs/lib/libnav_2d_msgs__rosidl_typesupport_introspection_c.so
[0.473s] -- Up-to-date: /workstation/nav2_ws/install/nav_2d_msgs/lib/libnav_2d_msgs__rosidl_typesupport_c.so
[0.473s] -- Up-to-date: /workstation/nav2_ws/install/nav_2d_msgs/include/nav_2d_msgs/nav_2d_msgs
[0.474s] -- Up-to-date: /workstation/nav2_ws/install/nav_2d_msgs/include/nav_2d_msgs/nav_2d_msgs/msg
[0.474s] -- Up-to-date: /workstation/nav2_ws/install/nav_2d_msgs/include/nav_2d_msgs/nav_2d_msgs/msg/detail
[0.474s] -- Up-to-date: /workstation/nav2_ws/install/nav_2d_msgs/include/nav_2d_msgs/nav_2d_msgs/msg/detail/pose2_d_stamped__rosidl_typesupport_introspection_cpp.hpp
[0.474s] -- Up-to-date: /workstation/nav2_ws/install/nav_2d_msgs/include/nav_2d_msgs/nav_2d_msgs/msg/detail/twist2_d_stamped__type_support.cpp
[0.474s] -- Up-to-date: /workstation/nav2_ws/install/nav_2d_msgs/include/nav_2d_msgs/nav_2d_msgs/msg/detail/twist2_d__rosidl_typesupport_introspection_cpp.hpp
[0.474s] -- Up-to-date: /workstation/nav2_ws/install/nav_2d_msgs/include/nav_2d_msgs/nav_2d_msgs/msg/detail/twist2_d_stamped__rosidl_typesupport_introspection_cpp.hpp
[0.474s] -- Up-to-date: /workstation/nav2_ws/install/nav_2d_msgs/include/nav_2d_msgs/nav_2d_msgs/msg/detail/path2_d__type_support.cpp
[0.474s] -- Up-to-date: /workstation/nav2_ws/install/nav_2d_msgs/include/nav_2d_msgs/nav_2d_msgs/msg/detail/pose2_d_stamped__type_support.cpp
[0.475s] -- Up-to-date: /workstation/nav2_ws/install/nav_2d_msgs/include/nav_2d_msgs/nav_2d_msgs/msg/detail/twist2_d32__rosidl_typesupport_introspection_cpp.hpp
[0.475s] -- Up-to-date: /workstation/nav2_ws/install/nav_2d_msgs/include/nav_2d_msgs/nav_2d_msgs/msg/detail/pose2_d32__rosidl_typesupport_introspection_cpp.hpp
[0.475s] -- Up-to-date: /workstation/nav2_ws/install/nav_2d_msgs/include/nav_2d_msgs/nav_2d_msgs/msg/detail/twist2_d__type_support.cpp
[0.475s] -- Up-to-date: /workstation/nav2_ws/install/nav_2d_msgs/include/nav_2d_msgs/nav_2d_msgs/msg/detail/twist2_d32__type_support.cpp
[0.475s] -- Up-to-date: /workstation/nav2_ws/install/nav_2d_msgs/include/nav_2d_msgs/nav_2d_msgs/msg/detail/pose2_d32__type_support.cpp
[0.475s] -- Up-to-date: /workstation/nav2_ws/install/nav_2d_msgs/include/nav_2d_msgs/nav_2d_msgs/msg/detail/path2_d__rosidl_typesupport_introspection_cpp.hpp
[0.476s] -- Up-to-date: /workstation/nav2_ws/install/nav_2d_msgs/lib/libnav_2d_msgs__rosidl_typesupport_introspection_cpp.so
[0.476s] -- Up-to-date: /workstation/nav2_ws/install/nav_2d_msgs/lib/libnav_2d_msgs__rosidl_typesupport_cpp.so
[0.476s] -- Up-to-date: /workstation/nav2_ws/install/nav_2d_msgs/share/nav_2d_msgs/environment/pythonpath.sh
[0.476s] -- Up-to-date: /workstation/nav2_ws/install/nav_2d_msgs/share/nav_2d_msgs/environment/pythonpath.dsv
[0.476s] -- Up-to-date: /workstation/nav2_ws/install/nav_2d_msgs/local/lib/python3.10/dist-packages/nav_2d_msgs-1.1.16-py3.10.egg-info
[0.476s] -- Installing: /workstation/nav2_ws/install/nav_2d_msgs/local/lib/python3.10/dist-packages/nav_2d_msgs-1.1.16-py3.10.egg-info/SOURCES.txt
[0.476s] -- Installing: /workstation/nav2_ws/install/nav_2d_msgs/local/lib/python3.10/dist-packages/nav_2d_msgs-1.1.16-py3.10.egg-info/PKG-INFO
[0.476s] -- Installing: /workstation/nav2_ws/install/nav_2d_msgs/local/lib/python3.10/dist-packages/nav_2d_msgs-1.1.16-py3.10.egg-info/top_level.txt
[0.476s] -- Installing: /workstation/nav2_ws/install/nav_2d_msgs/local/lib/python3.10/dist-packages/nav_2d_msgs-1.1.16-py3.10.egg-info/dependency_links.txt
[0.476s] -- Up-to-date: /workstation/nav2_ws/install/nav_2d_msgs/local/lib/python3.10/dist-packages/nav_2d_msgs
[0.476s] -- Up-to-date: /workstation/nav2_ws/install/nav_2d_msgs/local/lib/python3.10/dist-packages/nav_2d_msgs/libnav_2d_msgs__rosidl_generator_py.so
[0.477s] -- Up-to-date: /workstation/nav2_ws/install/nav_2d_msgs/local/lib/python3.10/dist-packages/nav_2d_msgs/_nav_2d_msgs_s.ep.rosidl_typesupport_fastrtps_c.c
[0.477s] -- Up-to-date: /workstation/nav2_ws/install/nav_2d_msgs/local/lib/python3.10/dist-packages/nav_2d_msgs/nav_2d_msgs_s__rosidl_typesupport_c.cpython-310-x86_64-linux-gnu.so
[0.477s] -- Up-to-date: /workstation/nav2_ws/install/nav_2d_msgs/local/lib/python3.10/dist-packages/nav_2d_msgs/_nav_2d_msgs_s.ep.rosidl_typesupport_introspection_c.c
[0.477s] -- Up-to-date: /workstation/nav2_ws/install/nav_2d_msgs/local/lib/python3.10/dist-packages/nav_2d_msgs/nav_2d_msgs_s__rosidl_typesupport_fastrtps_c.cpython-310-x86_64-linux-gnu.so
[0.477s] -- Up-to-date: /workstation/nav2_ws/install/nav_2d_msgs/local/lib/python3.10/dist-packages/nav_2d_msgs/_nav_2d_msgs_s.ep.rosidl_typesupport_c.c
[0.477s] -- Up-to-date: /workstation/nav2_ws/install/nav_2d_msgs/local/lib/python3.10/dist-packages/nav_2d_msgs/__init__.py
[0.477s] -- Up-to-date: /workstation/nav2_ws/install/nav_2d_msgs/local/lib/python3.10/dist-packages/nav_2d_msgs/msg
[0.477s] -- Up-to-date: /workstation/nav2_ws/install/nav_2d_msgs/local/lib/python3.10/dist-packages/nav_2d_msgs/msg/_twist2_d_stamped.py
[0.477s] -- Up-to-date: /workstation/nav2_ws/install/nav_2d_msgs/local/lib/python3.10/dist-packages/nav_2d_msgs/msg/_pose2_d_stamped.py
[0.477s] -- Up-to-date: /workstation/nav2_ws/install/nav_2d_msgs/local/lib/python3.10/dist-packages/nav_2d_msgs/msg/_twist2_d.py
[0.477s] -- Up-to-date: /workstation/nav2_ws/install/nav_2d_msgs/local/lib/python3.10/dist-packages/nav_2d_msgs/msg/_twist2_d_stamped_s.c
[0.477s] -- Up-to-date: /workstation/nav2_ws/install/nav_2d_msgs/local/lib/python3.10/dist-packages/nav_2d_msgs/msg/_path2_d_s.c
[0.477s] -- Up-to-date: /workstation/nav2_ws/install/nav_2d_msgs/local/lib/python3.10/dist-packages/nav_2d_msgs/msg/_twist2_d32.py
[0.477s] -- Up-to-date: /workstation/nav2_ws/install/nav_2d_msgs/local/lib/python3.10/dist-packages/nav_2d_msgs/msg/_pose2_d32.py
[0.477s] -- Up-to-date: /workstation/nav2_ws/install/nav_2d_msgs/local/lib/python3.10/dist-packages/nav_2d_msgs/msg/_path2_d.py
[0.477s] -- Up-to-date: /workstation/nav2_ws/install/nav_2d_msgs/local/lib/python3.10/dist-packages/nav_2d_msgs/msg/_twist2_d_s.c
[0.478s] -- Up-to-date: /workstation/nav2_ws/install/nav_2d_msgs/local/lib/python3.10/dist-packages/nav_2d_msgs/msg/_pose2_d_stamped_s.c
[0.478s] -- Up-to-date: /workstation/nav2_ws/install/nav_2d_msgs/local/lib/python3.10/dist-packages/nav_2d_msgs/msg/_twist2_d32_s.c
[0.478s] -- Up-to-date: /workstation/nav2_ws/install/nav_2d_msgs/local/lib/python3.10/dist-packages/nav_2d_msgs/msg/_pose2_d32_s.c
[0.479s] -- Up-to-date: /workstation/nav2_ws/install/nav_2d_msgs/local/lib/python3.10/dist-packages/nav_2d_msgs/msg/__init__.py
[0.479s] -- Up-to-date: /workstation/nav2_ws/install/nav_2d_msgs/local/lib/python3.10/dist-packages/nav_2d_msgs/nav_2d_msgs_s__rosidl_typesupport_introspection_c.cpython-310-x86_64-linux-gnu.so
[0.503s] Listing '/workstation/nav2_ws/install/nav_2d_msgs/local/lib/python3.10/dist-packages/nav_2d_msgs'...
[0.503s] Listing '/workstation/nav2_ws/install/nav_2d_msgs/local/lib/python3.10/dist-packages/nav_2d_msgs/msg'...
[0.508s] -- Up-to-date: /workstation/nav2_ws/install/nav_2d_msgs/local/lib/python3.10/dist-packages/nav_2d_msgs/nav_2d_msgs_s__rosidl_typesupport_fastrtps_c.cpython-310-x86_64-linux-gnu.so
[0.509s] -- Up-to-date: /workstation/nav2_ws/install/nav_2d_msgs/local/lib/python3.10/dist-packages/nav_2d_msgs/nav_2d_msgs_s__rosidl_typesupport_introspection_c.cpython-310-x86_64-linux-gnu.so
[0.510s] -- Up-to-date: /workstation/nav2_ws/install/nav_2d_msgs/local/lib/python3.10/dist-packages/nav_2d_msgs/nav_2d_msgs_s__rosidl_typesupport_c.cpython-310-x86_64-linux-gnu.so
[0.510s] -- Up-to-date: /workstation/nav2_ws/install/nav_2d_msgs/lib/libnav_2d_msgs__rosidl_generator_py.so
[0.510s] -- Up-to-date: /workstation/nav2_ws/install/nav_2d_msgs/share/nav_2d_msgs/msg/Path2D.idl
[0.510s] -- Up-to-date: /workstation/nav2_ws/install/nav_2d_msgs/share/nav_2d_msgs/msg/Pose2D32.idl
[0.511s] -- Up-to-date: /workstation/nav2_ws/install/nav_2d_msgs/share/nav_2d_msgs/msg/Pose2DStamped.idl
[0.511s] -- Up-to-date: /workstation/nav2_ws/install/nav_2d_msgs/share/nav_2d_msgs/msg/Twist2D.idl
[0.511s] -- Up-to-date: /workstation/nav2_ws/install/nav_2d_msgs/share/nav_2d_msgs/msg/Twist2D32.idl
[0.511s] -- Up-to-date: /workstation/nav2_ws/install/nav_2d_msgs/share/nav_2d_msgs/msg/Twist2DStamped.idl
[0.511s] -- Up-to-date: /workstation/nav2_ws/install/nav_2d_msgs/share/nav_2d_msgs/msg/Path2D.msg
[0.511s] -- Up-to-date: /workstation/nav2_ws/install/nav_2d_msgs/share/nav_2d_msgs/msg/Pose2D32.msg
[0.512s] -- Up-to-date: /workstation/nav2_ws/install/nav_2d_msgs/share/nav_2d_msgs/msg/Pose2DStamped.msg
[0.512s] -- Up-to-date: /workstation/nav2_ws/install/nav_2d_msgs/share/nav_2d_msgs/msg/Twist2D.msg
[0.512s] -- Up-to-date: /workstation/nav2_ws/install/nav_2d_msgs/share/nav_2d_msgs/msg/Twist2D32.msg
[0.512s] -- Up-to-date: /workstation/nav2_ws/install/nav_2d_msgs/share/nav_2d_msgs/msg/Twist2DStamped.msg
[0.512s] -- Up-to-date: /workstation/nav2_ws/install/nav_2d_msgs/share/ament_index/resource_index/package_run_dependencies/nav_2d_msgs
[0.512s] -- Up-to-date: /workstation/nav2_ws/install/nav_2d_msgs/share/ament_index/resource_index/parent_prefix_path/nav_2d_msgs
[0.512s] -- Up-to-date: /workstation/nav2_ws/install/nav_2d_msgs/share/nav_2d_msgs/environment/ament_prefix_path.sh
[0.512s] -- Up-to-date: /workstation/nav2_ws/install/nav_2d_msgs/share/nav_2d_msgs/environment/ament_prefix_path.dsv
[0.513s] -- Up-to-date: /workstation/nav2_ws/install/nav_2d_msgs/share/nav_2d_msgs/environment/path.sh
[0.513s] -- Up-to-date: /workstation/nav2_ws/install/nav_2d_msgs/share/nav_2d_msgs/environment/path.dsv
[0.513s] -- Up-to-date: /workstation/nav2_ws/install/nav_2d_msgs/share/nav_2d_msgs/local_setup.bash
[0.513s] -- Up-to-date: /workstation/nav2_ws/install/nav_2d_msgs/share/nav_2d_msgs/local_setup.sh
[0.513s] -- Up-to-date: /workstation/nav2_ws/install/nav_2d_msgs/share/nav_2d_msgs/local_setup.zsh
[0.513s] -- Up-to-date: /workstation/nav2_ws/install/nav_2d_msgs/share/nav_2d_msgs/local_setup.dsv
[0.513s] -- Installing: /workstation/nav2_ws/install/nav_2d_msgs/share/nav_2d_msgs/package.dsv
[0.513s] -- Up-to-date: /workstation/nav2_ws/install/nav_2d_msgs/share/ament_index/resource_index/packages/nav_2d_msgs
[0.513s] -- Up-to-date: /workstation/nav2_ws/install/nav_2d_msgs/share/nav_2d_msgs/cmake/export_nav_2d_msgs__rosidl_generator_cExport.cmake
[0.514s] -- Up-to-date: /workstation/nav2_ws/install/nav_2d_msgs/share/nav_2d_msgs/cmake/export_nav_2d_msgs__rosidl_generator_cExport-noconfig.cmake
[0.514s] -- Up-to-date: /workstation/nav2_ws/install/nav_2d_msgs/share/nav_2d_msgs/cmake/export_nav_2d_msgs__rosidl_typesupport_fastrtps_cExport.cmake
[0.514s] -- Up-to-date: /workstation/nav2_ws/install/nav_2d_msgs/share/nav_2d_msgs/cmake/export_nav_2d_msgs__rosidl_typesupport_fastrtps_cExport-noconfig.cmake
[0.514s] -- Up-to-date: /workstation/nav2_ws/install/nav_2d_msgs/share/nav_2d_msgs/cmake/export_nav_2d_msgs__rosidl_generator_cppExport.cmake
[0.514s] -- Up-to-date: /workstation/nav2_ws/install/nav_2d_msgs/share/nav_2d_msgs/cmake/export_nav_2d_msgs__rosidl_typesupport_fastrtps_cppExport.cmake
[0.514s] -- Up-to-date: /workstation/nav2_ws/install/nav_2d_msgs/share/nav_2d_msgs/cmake/export_nav_2d_msgs__rosidl_typesupport_fastrtps_cppExport-noconfig.cmake
[0.515s] -- Up-to-date: /workstation/nav2_ws/install/nav_2d_msgs/share/nav_2d_msgs/cmake/nav_2d_msgs__rosidl_typesupport_introspection_cExport.cmake
[0.515s] -- Up-to-date: /workstation/nav2_ws/install/nav_2d_msgs/share/nav_2d_msgs/cmake/nav_2d_msgs__rosidl_typesupport_introspection_cExport-noconfig.cmake
[0.515s] -- Up-to-date: /workstation/nav2_ws/install/nav_2d_msgs/share/nav_2d_msgs/cmake/nav_2d_msgs__rosidl_typesupport_cExport.cmake
[0.515s] -- Up-to-date: /workstation/nav2_ws/install/nav_2d_msgs/share/nav_2d_msgs/cmake/nav_2d_msgs__rosidl_typesupport_cExport-noconfig.cmake
[0.515s] -- Up-to-date: /workstation/nav2_ws/install/nav_2d_msgs/share/nav_2d_msgs/cmake/nav_2d_msgs__rosidl_typesupport_introspection_cppExport.cmake
[0.515s] -- Up-to-date: /workstation/nav2_ws/install/nav_2d_msgs/share/nav_2d_msgs/cmake/nav_2d_msgs__rosidl_typesupport_introspection_cppExport-noconfig.cmake
[0.516s] -- Up-to-date: /workstation/nav2_ws/install/nav_2d_msgs/share/nav_2d_msgs/cmake/nav_2d_msgs__rosidl_typesupport_cppExport.cmake
[0.516s] -- Up-to-date: /workstation/nav2_ws/install/nav_2d_msgs/share/nav_2d_msgs/cmake/nav_2d_msgs__rosidl_typesupport_cppExport-noconfig.cmake
[0.516s] -- Up-to-date: /workstation/nav2_ws/install/nav_2d_msgs/share/nav_2d_msgs/cmake/export_nav_2d_msgs__rosidl_generator_pyExport.cmake
[0.516s] -- Up-to-date: /workstation/nav2_ws/install/nav_2d_msgs/share/nav_2d_msgs/cmake/export_nav_2d_msgs__rosidl_generator_pyExport-noconfig.cmake
[0.516s] -- Up-to-date: /workstation/nav2_ws/install/nav_2d_msgs/share/nav_2d_msgs/cmake/rosidl_cmake-extras.cmake
[0.516s] -- Up-to-date: /workstation/nav2_ws/install/nav_2d_msgs/share/nav_2d_msgs/cmake/ament_cmake_export_dependencies-extras.cmake
[0.516s] -- Up-to-date: /workstation/nav2_ws/install/nav_2d_msgs/share/nav_2d_msgs/cmake/ament_cmake_export_include_directories-extras.cmake
[0.516s] -- Up-to-date: /workstation/nav2_ws/install/nav_2d_msgs/share/nav_2d_msgs/cmake/ament_cmake_export_libraries-extras.cmake
[0.516s] -- Up-to-date: /workstation/nav2_ws/install/nav_2d_msgs/share/nav_2d_msgs/cmake/ament_cmake_export_targets-extras.cmake
[0.517s] -- Up-to-date: /workstation/nav2_ws/install/nav_2d_msgs/share/nav_2d_msgs/cmake/rosidl_cmake_export_typesupport_targets-extras.cmake
[0.517s] -- Up-to-date: /workstation/nav2_ws/install/nav_2d_msgs/share/nav_2d_msgs/cmake/rosidl_cmake_export_typesupport_libraries-extras.cmake
[0.517s] -- Up-to-date: /workstation/nav2_ws/install/nav_2d_msgs/share/nav_2d_msgs/cmake/nav_2d_msgsConfig.cmake
[0.517s] -- Up-to-date: /workstation/nav2_ws/install/nav_2d_msgs/share/nav_2d_msgs/cmake/nav_2d_msgsConfig-version.cmake
[0.517s] -- Up-to-date: /workstation/nav2_ws/install/nav_2d_msgs/share/nav_2d_msgs/package.xml
[0.518s] Invoked command in '/workstation/nav2_ws/build/nav_2d_msgs' returned '0': CMAKE_PREFIX_PATH=/opt/ros/humble /usr/bin/cmake --install /workstation/nav2_ws/build/nav_2d_msgs
