[0.027s] Invoking command in '/workstation/ros_ws/build/leo_msgs': CMAKE_PREFIX_PATH=/opt/ros/humble /usr/bin/cmake /workstation/ros_ws/src/leo_common-ros2/leo_msgs -DCMAKE_INSTALL_PREFIX=/workstation/ros_ws/install/leo_msgs
[0.111s] -- The C compiler identification is GNU 11.4.0
[0.204s] -- The CXX compiler identification is GNU 11.4.0
[0.216s] -- Detecting C compiler ABI info
[0.307s] -- Detecting C compiler ABI info - done
[0.321s] -- Check for working C compiler: /usr/bin/cc - skipped
[0.321s] -- Detecting C compile features
[0.322s] -- Detecting C compile features - done
[0.327s] -- Detecting CXX compiler ABI info
[0.437s] -- Detecting CXX compiler ABI info - done
[0.450s] -- Check for working CXX compiler: /usr/bin/c++ - skipped
[0.450s] -- Detecting CXX compile features
[0.451s] -- Detecting CXX compile features - done
[0.454s] -- Found ament_cmake: 1.3.10 (/opt/ros/humble/share/ament_cmake/cmake)
[0.691s] -- Found Python3: /usr/bin/python3 (found version "3.10.12") found components: Interpreter 
[0.833s] -- Found rosidl_default_generators: 1.2.0 (/opt/ros/humble/share/rosidl_default_generators/cmake)
[0.840s] -- Using all available rosidl_typesupport_c: rosidl_typesupport_fastrtps_c;rosidl_typesupport_introspection_c
[0.850s] -- Found rosidl_adapter: 3.1.5 (/opt/ros/humble/share/rosidl_adapter/cmake)
[0.945s] -- Using all available rosidl_typesupport_cpp: rosidl_typesupport_fastrtps_cpp;rosidl_typesupport_introspection_cpp
[1.000s] -- Found builtin_interfaces: 1.2.1 (/opt/ros/humble/share/builtin_interfaces/cmake)
[1.398s] -- Found ament_cmake_ros: 0.10.0 (/opt/ros/humble/share/ament_cmake_ros/cmake)
[1.603s] -- Using all available rosidl_typesupport_c: rosidl_typesupport_fastrtps_c;rosidl_typesupport_introspection_c
[1.871s] -- Using all available rosidl_typesupport_cpp: rosidl_typesupport_fastrtps_cpp;rosidl_typesupport_introspection_cpp
[1.897s] -- Found PythonInterp: /usr/bin/python3 (found suitable version "3.10.12", minimum required is "3.6") 
[1.899s] -- Found python_cmake_module: 0.10.0 (/opt/ros/humble/share/python_cmake_module/cmake)
[1.927s] -- Found PythonLibs: /usr/lib/x86_64-linux-gnu/libpython3.10.so (found suitable version "3.10.12", minimum required is "3.5") 
[1.927s] -- Using PYTHON_EXECUTABLE: /usr/bin/python3
[1.927s] -- Using PYTHON_INCLUDE_DIRS: /usr/include/python3.10
[1.927s] -- Using PYTHON_LIBRARIES: /usr/lib/x86_64-linux-gnu/libpython3.10.so
[1.953s] -- Found PythonExtra: .so  
[1.995s] -- Found ament_lint_auto: 0.12.11 (/opt/ros/humble/share/ament_lint_auto/cmake)
[2.008s] -- Added test 'lint_cmake' to check CMake code style
[2.008s] -- Added test 'xmllint' to check XML markup files
[2.011s] -- Configuring done
[2.071s] -- Generating done
[2.073s] -- Build files have been written to: /workstation/ros_ws/build/leo_msgs
[2.087s] Invoked command in '/workstation/ros_ws/build/leo_msgs' returned '0': CMAKE_PREFIX_PATH=/opt/ros/humble /usr/bin/cmake /workstation/ros_ws/src/leo_common-ros2/leo_msgs -DCMAKE_INSTALL_PREFIX=/workstation/ros_ws/install/leo_msgs
[2.095s] Invoking command in '/workstation/ros_ws/build/leo_msgs': CMAKE_PREFIX_PATH=/opt/ros/humble /usr/bin/cmake --build /workstation/ros_ws/build/leo_msgs -- -j12 -l12
[2.167s] [  1%] [34m[1mGenerating C code for ROS interfaces[0m
[2.213s] [  3%] [34m[1mGenerating C++ code for ROS interfaces[0m
[2.293s] [  3%] Built target ament_cmake_python_copy_leo_msgs
[2.859s] running egg_info
[2.865s] creating leo_msgs.egg-info
[2.865s] writing leo_msgs.egg-info/PKG-INFO
[2.866s] writing dependency_links to leo_msgs.egg-info/dependency_links.txt
[2.866s] writing top-level names to leo_msgs.egg-info/top_level.txt
[2.866s] writing manifest file 'leo_msgs.egg-info/SOURCES.txt'
[2.869s] reading manifest file 'leo_msgs.egg-info/SOURCES.txt'
[2.873s] writing manifest file 'leo_msgs.egg-info/SOURCES.txt'
[2.950s] [  3%] Built target ament_cmake_python_build_leo_msgs_egg
[3.719s] [  4%] [32mBuilding C object CMakeFiles/leo_msgs__rosidl_generator_c.dir/rosidl_generator_c/leo_msgs/msg/detail/imu__functions.c.o[0m
[3.720s] [  9%] [32mBuilding C object CMakeFiles/leo_msgs__rosidl_generator_c.dir/rosidl_generator_c/leo_msgs/msg/detail/wheel_states__functions.c.o[0m
[3.727s] [  6%] [32mBuilding C object CMakeFiles/leo_msgs__rosidl_generator_c.dir/rosidl_generator_c/leo_msgs/msg/detail/wheel_odom__functions.c.o[0m
[3.737s] [  9%] [32mBuilding C object CMakeFiles/leo_msgs__rosidl_generator_c.dir/rosidl_generator_c/leo_msgs/msg/detail/wheel_odom_mecanum__functions.c.o[0m
[3.743s] [ 11%] [32mBuilding C object CMakeFiles/leo_msgs__rosidl_generator_c.dir/rosidl_generator_c/leo_msgs/srv/detail/set_imu_calibration__functions.c.o[0m
[3.972s] [ 12%] [32m[1mLinking C shared library libleo_msgs__rosidl_generator_c.so[0m
[4.081s] [ 12%] Built target leo_msgs__cpp
[4.110s] [ 14%] [34m[1mGenerating C++ type support dispatch for ROS interfaces[0m
[4.116s] [ 15%] [34m[1mGenerating C++ type support for eProsima Fast-RTPS[0m
[4.128s] [ 17%] [34m[1mGenerating C++ introspection for ROS interfaces[0m
[4.160s] [ 17%] Built target leo_msgs__rosidl_generator_c
[4.200s] [ 19%] [34m[1mGenerating C type support for eProsima Fast-RTPS[0m
[4.203s] [ 20%] [34m[1mGenerating C type support dispatch for ROS interfaces[0m
[4.220s] [ 22%] [34m[1mGenerating C introspection for ROS interfaces[0m
[5.494s] [ 23%] [32mBuilding CXX object CMakeFiles/leo_msgs__rosidl_typesupport_fastrtps_cpp.dir/rosidl_typesupport_fastrtps_cpp/leo_msgs/msg/detail/dds_fastrtps/imu__type_support.cpp.o[0m
[5.494s] [ 25%] [32mBuilding CXX object CMakeFiles/leo_msgs__rosidl_typesupport_fastrtps_cpp.dir/rosidl_typesupport_fastrtps_cpp/leo_msgs/msg/detail/dds_fastrtps/wheel_odom__type_support.cpp.o[0m
[5.498s] [ 26%] [32mBuilding CXX object CMakeFiles/leo_msgs__rosidl_typesupport_fastrtps_cpp.dir/rosidl_typesupport_fastrtps_cpp/leo_msgs/msg/detail/dds_fastrtps/wheel_odom_mecanum__type_support.cpp.o[0m
[5.519s] [ 28%] [32mBuilding CXX object CMakeFiles/leo_msgs__rosidl_typesupport_fastrtps_cpp.dir/rosidl_typesupport_fastrtps_cpp/leo_msgs/msg/detail/dds_fastrtps/wheel_states__type_support.cpp.o[0m
[5.537s] [ 30%] [32mBuilding CXX object CMakeFiles/leo_msgs__rosidl_typesupport_fastrtps_cpp.dir/rosidl_typesupport_fastrtps_cpp/leo_msgs/srv/detail/dds_fastrtps/set_imu_calibration__type_support.cpp.o[0m
[6.140s] [ 31%] [32mBuilding CXX object CMakeFiles/leo_msgs__rosidl_typesupport_c.dir/rosidl_typesupport_c/leo_msgs/msg/imu__type_support.cpp.o[0m
[6.147s] [ 33%] [32mBuilding CXX object CMakeFiles/leo_msgs__rosidl_typesupport_c.dir/rosidl_typesupport_c/leo_msgs/msg/wheel_odom__type_support.cpp.o[0m
[6.161s] [ 34%] [32mBuilding CXX object CMakeFiles/leo_msgs__rosidl_typesupport_c.dir/rosidl_typesupport_c/leo_msgs/msg/wheel_odom_mecanum__type_support.cpp.o[0m
[6.237s] [ 36%] [32mBuilding CXX object CMakeFiles/leo_msgs__rosidl_typesupport_c.dir/rosidl_typesupport_c/leo_msgs/msg/wheel_states__type_support.cpp.o[0m
[6.261s] [ 38%] [32mBuilding CXX object CMakeFiles/leo_msgs__rosidl_typesupport_c.dir/rosidl_typesupport_c/leo_msgs/srv/set_imu_calibration__type_support.cpp.o[0m
[6.412s] [ 39%] [32m[1mLinking CXX shared library libleo_msgs__rosidl_typesupport_c.so[0m
[6.563s] [ 39%] Built target leo_msgs__rosidl_typesupport_c
[7.075s] [ 41%] [32mBuilding CXX object CMakeFiles/leo_msgs__rosidl_typesupport_cpp.dir/rosidl_typesupport_cpp/leo_msgs/msg/imu__type_support.cpp.o[0m
[7.088s] [ 42%] [32mBuilding CXX object CMakeFiles/leo_msgs__rosidl_typesupport_cpp.dir/rosidl_typesupport_cpp/leo_msgs/msg/wheel_odom_mecanum__type_support.cpp.o[0m
[7.097s] [ 44%] [32mBuilding CXX object CMakeFiles/leo_msgs__rosidl_typesupport_cpp.dir/rosidl_typesupport_cpp/leo_msgs/srv/set_imu_calibration__type_support.cpp.o[0m
[7.105s] [ 46%] [32mBuilding CXX object CMakeFiles/leo_msgs__rosidl_typesupport_cpp.dir/rosidl_typesupport_cpp/leo_msgs/msg/wheel_states__type_support.cpp.o[0m
[7.120s] [ 47%] [32mBuilding CXX object CMakeFiles/leo_msgs__rosidl_typesupport_cpp.dir/rosidl_typesupport_cpp/leo_msgs/msg/wheel_odom__type_support.cpp.o[0m
[7.609s] [ 49%] [32mBuilding CXX object CMakeFiles/leo_msgs__rosidl_typesupport_fastrtps_c.dir/rosidl_typesupport_fastrtps_c/leo_msgs/msg/detail/imu__type_support_c.cpp.o[0m
[7.630s] [ 52%] [32mBuilding CXX object CMakeFiles/leo_msgs__rosidl_typesupport_fastrtps_c.dir/rosidl_typesupport_fastrtps_c/leo_msgs/msg/detail/wheel_odom_mecanum__type_support_c.cpp.o[0m
[7.630s] [ 52%] [32mBuilding CXX object CMakeFiles/leo_msgs__rosidl_typesupport_fastrtps_c.dir/rosidl_typesupport_fastrtps_c/leo_msgs/msg/detail/wheel_odom__type_support_c.cpp.o[0m
[7.710s] [ 53%] [32mBuilding CXX object CMakeFiles/leo_msgs__rosidl_typesupport_introspection_cpp.dir/rosidl_typesupport_introspection_cpp/leo_msgs/msg/detail/imu__type_support.cpp.o[0m
[8.029s] [ 55%] [32mBuilding CXX object CMakeFiles/leo_msgs__rosidl_typesupport_fastrtps_c.dir/rosidl_typesupport_fastrtps_c/leo_msgs/msg/detail/wheel_states__type_support_c.cpp.o[0m
[8.040s] [ 57%] [32mBuilding C object CMakeFiles/leo_msgs__rosidl_typesupport_introspection_c.dir/rosidl_typesupport_introspection_c/leo_msgs/msg/detail/imu__type_support.c.o[0m
[8.096s] [ 58%] [32mBuilding CXX object CMakeFiles/leo_msgs__rosidl_typesupport_fastrtps_c.dir/rosidl_typesupport_fastrtps_c/leo_msgs/srv/detail/set_imu_calibration__type_support_c.cpp.o[0m
[8.132s] [ 60%] [32m[1mLinking CXX shared library libleo_msgs__rosidl_typesupport_fastrtps_cpp.so[0m
[8.273s] [ 61%] [32mBuilding C object CMakeFiles/leo_msgs__rosidl_typesupport_introspection_c.dir/rosidl_typesupport_introspection_c/leo_msgs/msg/detail/wheel_odom__type_support.c.o[0m
[8.346s] [ 63%] [32mBuilding C object CMakeFiles/leo_msgs__rosidl_typesupport_introspection_c.dir/rosidl_typesupport_introspection_c/leo_msgs/msg/detail/wheel_odom_mecanum__type_support.c.o[0m
[8.425s] [ 65%] [32mBuilding C object CMakeFiles/leo_msgs__rosidl_typesupport_introspection_c.dir/rosidl_typesupport_introspection_c/leo_msgs/msg/detail/wheel_states__type_support.c.o[0m
[8.516s] [ 66%] [32mBuilding C object CMakeFiles/leo_msgs__rosidl_typesupport_introspection_c.dir/rosidl_typesupport_introspection_c/leo_msgs/srv/detail/set_imu_calibration__type_support.c.o[0m
[8.598s] [ 68%] [32mBuilding CXX object CMakeFiles/leo_msgs__rosidl_typesupport_introspection_cpp.dir/rosidl_typesupport_introspection_cpp/leo_msgs/msg/detail/wheel_odom__type_support.cpp.o[0m
[8.634s] [ 69%] [32m[1mLinking C shared library libleo_msgs__rosidl_typesupport_introspection_c.so[0m
[8.634s] [ 69%] Built target leo_msgs__rosidl_typesupport_fastrtps_cpp
[8.662s] [ 71%] [32mBuilding CXX object CMakeFiles/leo_msgs__rosidl_typesupport_introspection_cpp.dir/rosidl_typesupport_introspection_cpp/leo_msgs/msg/detail/wheel_odom_mecanum__type_support.cpp.o[0m
[8.747s] [ 73%] [32mBuilding CXX object CMakeFiles/leo_msgs__rosidl_typesupport_introspection_cpp.dir/rosidl_typesupport_introspection_cpp/leo_msgs/msg/detail/wheel_states__type_support.cpp.o[0m
[8.765s] [ 73%] Built target leo_msgs__rosidl_typesupport_introspection_c
[8.783s] [ 74%] [32mBuilding CXX object CMakeFiles/leo_msgs__rosidl_typesupport_introspection_cpp.dir/rosidl_typesupport_introspection_cpp/leo_msgs/srv/detail/set_imu_calibration__type_support.cpp.o[0m
[8.995s] [ 76%] [32m[1mLinking CXX shared library libleo_msgs__rosidl_typesupport_cpp.so[0m
[9.142s] [ 76%] Built target leo_msgs__rosidl_typesupport_cpp
[9.445s] [ 77%] [32m[1mLinking CXX shared library libleo_msgs__rosidl_typesupport_fastrtps_c.so[0m
[9.639s] [ 77%] Built target leo_msgs__rosidl_typesupport_fastrtps_c
[9.826s] [ 79%] [32m[1mLinking CXX shared library libleo_msgs__rosidl_typesupport_introspection_cpp.so[0m
[9.980s] [ 79%] Built target leo_msgs__rosidl_typesupport_introspection_cpp
[10.004s] [ 79%] Built target leo_msgs
[10.029s] [ 80%] [34m[1mGenerating Python code for ROS interfaces[0m
[11.519s] [ 80%] Built target leo_msgs__py
[11.548s] [ 82%] [32mBuilding C object CMakeFiles/leo_msgs__rosidl_generator_py.dir/rosidl_generator_py/leo_msgs/msg/_wheel_odom_mecanum_s.c.o[0m
[11.548s] [ 85%] [32mBuilding C object CMakeFiles/leo_msgs__rosidl_generator_py.dir/rosidl_generator_py/leo_msgs/msg/_wheel_states_s.c.o[0m
[11.548s] [ 85%] [32mBuilding C object CMakeFiles/leo_msgs__rosidl_generator_py.dir/rosidl_generator_py/leo_msgs/msg/_wheel_odom_s.c.o[0m
[11.549s] [ 87%] [32mBuilding C object CMakeFiles/leo_msgs__rosidl_generator_py.dir/rosidl_generator_py/leo_msgs/msg/_imu_s.c.o[0m
[11.549s] [ 88%] [32mBuilding C object CMakeFiles/leo_msgs__rosidl_generator_py.dir/rosidl_generator_py/leo_msgs/srv/_set_imu_calibration_s.c.o[0m
[11.763s] [ 90%] [32m[1mLinking C shared library rosidl_generator_py/leo_msgs/libleo_msgs__rosidl_generator_py.so[0m
[11.815s] [ 90%] Built target leo_msgs__rosidl_generator_py
[11.843s] [ 92%] [32mBuilding C object CMakeFiles/leo_msgs__rosidl_typesupport_introspection_c__pyext.dir/rosidl_generator_py/leo_msgs/_leo_msgs_s.ep.rosidl_typesupport_introspection_c.c.o[0m
[11.845s] [ 93%] [32mBuilding C object CMakeFiles/leo_msgs__rosidl_typesupport_fastrtps_c__pyext.dir/rosidl_generator_py/leo_msgs/_leo_msgs_s.ep.rosidl_typesupport_fastrtps_c.c.o[0m
[11.848s] [ 95%] [32mBuilding C object CMakeFiles/leo_msgs__rosidl_typesupport_c__pyext.dir/rosidl_generator_py/leo_msgs/_leo_msgs_s.ep.rosidl_typesupport_c.c.o[0m
[11.998s] [ 96%] [32m[1mLinking C shared library rosidl_generator_py/leo_msgs/leo_msgs_s__rosidl_typesupport_introspection_c.cpython-310-x86_64-linux-gnu.so[0m
[12.027s] [ 98%] [32m[1mLinking C shared library rosidl_generator_py/leo_msgs/leo_msgs_s__rosidl_typesupport_c.cpython-310-x86_64-linux-gnu.so[0m
[12.050s] [100%] [32m[1mLinking C shared library rosidl_generator_py/leo_msgs/leo_msgs_s__rosidl_typesupport_fastrtps_c.cpython-310-x86_64-linux-gnu.so[0m
[12.050s] [100%] Built target leo_msgs__rosidl_typesupport_introspection_c__pyext
[12.085s] [100%] Built target leo_msgs__rosidl_typesupport_c__pyext
[12.096s] [100%] Built target leo_msgs__rosidl_typesupport_fastrtps_c__pyext
[12.111s] Invoked command in '/workstation/ros_ws/build/leo_msgs' returned '0': CMAKE_PREFIX_PATH=/opt/ros/humble /usr/bin/cmake --build /workstation/ros_ws/build/leo_msgs -- -j12 -l12
[12.242s] Invoking command in '/workstation/ros_ws/build/leo_msgs': CMAKE_PREFIX_PATH=/opt/ros/humble /usr/bin/cmake --install /workstation/ros_ws/build/leo_msgs
[12.251s] -- Install configuration: ""
[12.251s] -- Installing: /workstation/ros_ws/install/leo_msgs/share/ament_index/resource_index/rosidl_interfaces/leo_msgs
[12.251s] -- Installing: /workstation/ros_ws/install/leo_msgs/include/leo_msgs/leo_msgs
[12.252s] -- Installing: /workstation/ros_ws/install/leo_msgs/include/leo_msgs/leo_msgs/srv
[12.252s] -- Installing: /workstation/ros_ws/install/leo_msgs/include/leo_msgs/leo_msgs/srv/detail
[12.252s] -- Installing: /workstation/ros_ws/install/leo_msgs/include/leo_msgs/leo_msgs/srv/detail/set_imu_calibration__type_support.h
[12.252s] -- Installing: /workstation/ros_ws/install/leo_msgs/include/leo_msgs/leo_msgs/srv/detail/set_imu_calibration__functions.c
[12.252s] -- Installing: /workstation/ros_ws/install/leo_msgs/include/leo_msgs/leo_msgs/srv/detail/set_imu_calibration__struct.h
[12.252s] -- Installing: /workstation/ros_ws/install/leo_msgs/include/leo_msgs/leo_msgs/srv/detail/set_imu_calibration__functions.h
[12.252s] -- Installing: /workstation/ros_ws/install/leo_msgs/include/leo_msgs/leo_msgs/srv/set_imu_calibration.h
[12.252s] -- Installing: /workstation/ros_ws/install/leo_msgs/include/leo_msgs/leo_msgs/msg
[12.253s] -- Installing: /workstation/ros_ws/install/leo_msgs/include/leo_msgs/leo_msgs/msg/detail
[12.253s] -- Installing: /workstation/ros_ws/install/leo_msgs/include/leo_msgs/leo_msgs/msg/detail/wheel_odom_mecanum__type_support.h
[12.253s] -- Installing: /workstation/ros_ws/install/leo_msgs/include/leo_msgs/leo_msgs/msg/detail/wheel_odom__functions.h
[12.253s] -- Installing: /workstation/ros_ws/install/leo_msgs/include/leo_msgs/leo_msgs/msg/detail/imu__functions.h
[12.253s] -- Installing: /workstation/ros_ws/install/leo_msgs/include/leo_msgs/leo_msgs/msg/detail/imu__type_support.h
[12.253s] -- Installing: /workstation/ros_ws/install/leo_msgs/include/leo_msgs/leo_msgs/msg/detail/wheel_states__functions.h
[12.253s] -- Installing: /workstation/ros_ws/install/leo_msgs/include/leo_msgs/leo_msgs/msg/detail/wheel_odom__type_support.h
[12.254s] -- Installing: /workstation/ros_ws/install/leo_msgs/include/leo_msgs/leo_msgs/msg/detail/wheel_odom_mecanum__functions.c
[12.254s] -- Installing: /workstation/ros_ws/install/leo_msgs/include/leo_msgs/leo_msgs/msg/detail/wheel_odom_mecanum__struct.h
[12.254s] -- Installing: /workstation/ros_ws/install/leo_msgs/include/leo_msgs/leo_msgs/msg/detail/wheel_states__type_support.h
[12.254s] -- Installing: /workstation/ros_ws/install/leo_msgs/include/leo_msgs/leo_msgs/msg/detail/wheel_odom__struct.h
[12.254s] -- Installing: /workstation/ros_ws/install/leo_msgs/include/leo_msgs/leo_msgs/msg/detail/wheel_odom_mecanum__functions.h
[12.254s] -- Installing: /workstation/ros_ws/install/leo_msgs/include/leo_msgs/leo_msgs/msg/detail/wheel_states__struct.h
[12.254s] -- Installing: /workstation/ros_ws/install/leo_msgs/include/leo_msgs/leo_msgs/msg/detail/wheel_odom__functions.c
[12.254s] -- Installing: /workstation/ros_ws/install/leo_msgs/include/leo_msgs/leo_msgs/msg/detail/imu__functions.c
[12.254s] -- Installing: /workstation/ros_ws/install/leo_msgs/include/leo_msgs/leo_msgs/msg/detail/imu__struct.h
[12.255s] -- Installing: /workstation/ros_ws/install/leo_msgs/include/leo_msgs/leo_msgs/msg/detail/wheel_states__functions.c
[12.255s] -- Installing: /workstation/ros_ws/install/leo_msgs/include/leo_msgs/leo_msgs/msg/rosidl_generator_c__visibility_control.h
[12.255s] -- Installing: /workstation/ros_ws/install/leo_msgs/include/leo_msgs/leo_msgs/msg/wheel_states.h
[12.255s] -- Installing: /workstation/ros_ws/install/leo_msgs/include/leo_msgs/leo_msgs/msg/wheel_odom.h
[12.255s] -- Installing: /workstation/ros_ws/install/leo_msgs/include/leo_msgs/leo_msgs/msg/imu.h
[12.255s] -- Installing: /workstation/ros_ws/install/leo_msgs/include/leo_msgs/leo_msgs/msg/wheel_odom_mecanum.h
[12.256s] -- Installing: /workstation/ros_ws/install/leo_msgs/share/leo_msgs/environment/library_path.sh
[12.256s] -- Installing: /workstation/ros_ws/install/leo_msgs/share/leo_msgs/environment/library_path.dsv
[12.256s] -- Installing: /workstation/ros_ws/install/leo_msgs/lib/libleo_msgs__rosidl_generator_c.so
[12.256s] -- Set runtime path of "/workstation/ros_ws/install/leo_msgs/lib/libleo_msgs__rosidl_generator_c.so" to ""
[12.257s] -- Up-to-date: /workstation/ros_ws/install/leo_msgs/include/leo_msgs/leo_msgs
[12.257s] -- Up-to-date: /workstation/ros_ws/install/leo_msgs/include/leo_msgs/leo_msgs/srv
[12.257s] -- Up-to-date: /workstation/ros_ws/install/leo_msgs/include/leo_msgs/leo_msgs/srv/detail
[12.257s] -- Installing: /workstation/ros_ws/install/leo_msgs/include/leo_msgs/leo_msgs/srv/detail/set_imu_calibration__rosidl_typesupport_fastrtps_c.h
[12.257s] -- Up-to-date: /workstation/ros_ws/install/leo_msgs/include/leo_msgs/leo_msgs/msg
[12.257s] -- Up-to-date: /workstation/ros_ws/install/leo_msgs/include/leo_msgs/leo_msgs/msg/detail
[12.257s] -- Installing: /workstation/ros_ws/install/leo_msgs/include/leo_msgs/leo_msgs/msg/detail/wheel_states__rosidl_typesupport_fastrtps_c.h
[12.257s] -- Installing: /workstation/ros_ws/install/leo_msgs/include/leo_msgs/leo_msgs/msg/detail/imu__rosidl_typesupport_fastrtps_c.h
[12.258s] -- Installing: /workstation/ros_ws/install/leo_msgs/include/leo_msgs/leo_msgs/msg/detail/wheel_odom_mecanum__rosidl_typesupport_fastrtps_c.h
[12.258s] -- Installing: /workstation/ros_ws/install/leo_msgs/include/leo_msgs/leo_msgs/msg/detail/wheel_odom__rosidl_typesupport_fastrtps_c.h
[12.258s] -- Installing: /workstation/ros_ws/install/leo_msgs/include/leo_msgs/leo_msgs/msg/rosidl_typesupport_fastrtps_c__visibility_control.h
[12.258s] -- Installing: /workstation/ros_ws/install/leo_msgs/lib/libleo_msgs__rosidl_typesupport_fastrtps_c.so
[12.258s] -- Set runtime path of "/workstation/ros_ws/install/leo_msgs/lib/libleo_msgs__rosidl_typesupport_fastrtps_c.so" to ""
[12.258s] -- Up-to-date: /workstation/ros_ws/install/leo_msgs/include/leo_msgs/leo_msgs
[12.259s] -- Up-to-date: /workstation/ros_ws/install/leo_msgs/include/leo_msgs/leo_msgs/srv
[12.259s] -- Up-to-date: /workstation/ros_ws/install/leo_msgs/include/leo_msgs/leo_msgs/srv/detail
[12.259s] -- Installing: /workstation/ros_ws/install/leo_msgs/include/leo_msgs/leo_msgs/srv/detail/set_imu_calibration__type_support.c
[12.259s] -- Installing: /workstation/ros_ws/install/leo_msgs/include/leo_msgs/leo_msgs/srv/detail/set_imu_calibration__rosidl_typesupport_introspection_c.h
[12.259s] -- Up-to-date: /workstation/ros_ws/install/leo_msgs/include/leo_msgs/leo_msgs/msg
[12.259s] -- Up-to-date: /workstation/ros_ws/install/leo_msgs/include/leo_msgs/leo_msgs/msg/detail
[12.259s] -- Installing: /workstation/ros_ws/install/leo_msgs/include/leo_msgs/leo_msgs/msg/detail/wheel_odom__type_support.c
[12.259s] -- Installing: /workstation/ros_ws/install/leo_msgs/include/leo_msgs/leo_msgs/msg/detail/wheel_odom_mecanum__rosidl_typesupport_introspection_c.h
[12.259s] -- Installing: /workstation/ros_ws/install/leo_msgs/include/leo_msgs/leo_msgs/msg/detail/imu__type_support.c
[12.260s] -- Installing: /workstation/ros_ws/install/leo_msgs/include/leo_msgs/leo_msgs/msg/detail/imu__rosidl_typesupport_introspection_c.h
[12.260s] -- Installing: /workstation/ros_ws/install/leo_msgs/include/leo_msgs/leo_msgs/msg/detail/wheel_states__rosidl_typesupport_introspection_c.h
[12.260s] -- Installing: /workstation/ros_ws/install/leo_msgs/include/leo_msgs/leo_msgs/msg/detail/wheel_odom_mecanum__type_support.c
[12.260s] -- Installing: /workstation/ros_ws/install/leo_msgs/include/leo_msgs/leo_msgs/msg/detail/wheel_odom__rosidl_typesupport_introspection_c.h
[12.260s] -- Installing: /workstation/ros_ws/install/leo_msgs/include/leo_msgs/leo_msgs/msg/detail/wheel_states__type_support.c
[12.260s] -- Installing: /workstation/ros_ws/install/leo_msgs/include/leo_msgs/leo_msgs/msg/rosidl_typesupport_introspection_c__visibility_control.h
[12.260s] -- Installing: /workstation/ros_ws/install/leo_msgs/lib/libleo_msgs__rosidl_typesupport_introspection_c.so
[12.260s] -- Set runtime path of "/workstation/ros_ws/install/leo_msgs/lib/libleo_msgs__rosidl_typesupport_introspection_c.so" to ""
[12.261s] -- Installing: /workstation/ros_ws/install/leo_msgs/lib/libleo_msgs__rosidl_typesupport_c.so
[12.261s] -- Set runtime path of "/workstation/ros_ws/install/leo_msgs/lib/libleo_msgs__rosidl_typesupport_c.so" to ""
[12.261s] -- Up-to-date: /workstation/ros_ws/install/leo_msgs/include/leo_msgs/leo_msgs
[12.261s] -- Up-to-date: /workstation/ros_ws/install/leo_msgs/include/leo_msgs/leo_msgs/srv
[12.261s] -- Up-to-date: /workstation/ros_ws/install/leo_msgs/include/leo_msgs/leo_msgs/srv/detail
[12.261s] -- Installing: /workstation/ros_ws/install/leo_msgs/include/leo_msgs/leo_msgs/srv/detail/set_imu_calibration__builder.hpp
[12.261s] -- Installing: /workstation/ros_ws/install/leo_msgs/include/leo_msgs/leo_msgs/srv/detail/set_imu_calibration__struct.hpp
[12.261s] -- Installing: /workstation/ros_ws/install/leo_msgs/include/leo_msgs/leo_msgs/srv/detail/set_imu_calibration__traits.hpp
[12.262s] -- Installing: /workstation/ros_ws/install/leo_msgs/include/leo_msgs/leo_msgs/srv/set_imu_calibration.hpp
[12.262s] -- Up-to-date: /workstation/ros_ws/install/leo_msgs/include/leo_msgs/leo_msgs/msg
[12.262s] -- Up-to-date: /workstation/ros_ws/install/leo_msgs/include/leo_msgs/leo_msgs/msg/detail
[12.262s] -- Installing: /workstation/ros_ws/install/leo_msgs/include/leo_msgs/leo_msgs/msg/detail/wheel_odom__struct.hpp
[12.262s] -- Installing: /workstation/ros_ws/install/leo_msgs/include/leo_msgs/leo_msgs/msg/detail/wheel_states__builder.hpp
[12.262s] -- Installing: /workstation/ros_ws/install/leo_msgs/include/leo_msgs/leo_msgs/msg/detail/imu__builder.hpp
[12.262s] -- Installing: /workstation/ros_ws/install/leo_msgs/include/leo_msgs/leo_msgs/msg/detail/wheel_odom_mecanum__struct.hpp
[12.262s] -- Installing: /workstation/ros_ws/install/leo_msgs/include/leo_msgs/leo_msgs/msg/detail/imu__struct.hpp
[12.263s] -- Installing: /workstation/ros_ws/install/leo_msgs/include/leo_msgs/leo_msgs/msg/detail/wheel_odom_mecanum__builder.hpp
[12.263s] -- Installing: /workstation/ros_ws/install/leo_msgs/include/leo_msgs/leo_msgs/msg/detail/wheel_odom__builder.hpp
[12.263s] -- Installing: /workstation/ros_ws/install/leo_msgs/include/leo_msgs/leo_msgs/msg/detail/wheel_odom_mecanum__traits.hpp
[12.263s] -- Installing: /workstation/ros_ws/install/leo_msgs/include/leo_msgs/leo_msgs/msg/detail/wheel_states__traits.hpp
[12.263s] -- Installing: /workstation/ros_ws/install/leo_msgs/include/leo_msgs/leo_msgs/msg/detail/wheel_odom__traits.hpp
[12.263s] -- Installing: /workstation/ros_ws/install/leo_msgs/include/leo_msgs/leo_msgs/msg/detail/imu__traits.hpp
[12.263s] -- Installing: /workstation/ros_ws/install/leo_msgs/include/leo_msgs/leo_msgs/msg/detail/wheel_states__struct.hpp
[12.263s] -- Installing: /workstation/ros_ws/install/leo_msgs/include/leo_msgs/leo_msgs/msg/wheel_odom.hpp
[12.264s] -- Installing: /workstation/ros_ws/install/leo_msgs/include/leo_msgs/leo_msgs/msg/wheel_states.hpp
[12.264s] -- Installing: /workstation/ros_ws/install/leo_msgs/include/leo_msgs/leo_msgs/msg/wheel_odom_mecanum.hpp
[12.264s] -- Installing: /workstation/ros_ws/install/leo_msgs/include/leo_msgs/leo_msgs/msg/imu.hpp
[12.264s] -- Up-to-date: /workstation/ros_ws/install/leo_msgs/include/leo_msgs/leo_msgs
[12.264s] -- Up-to-date: /workstation/ros_ws/install/leo_msgs/include/leo_msgs/leo_msgs/srv
[12.264s] -- Up-to-date: /workstation/ros_ws/install/leo_msgs/include/leo_msgs/leo_msgs/srv/detail
[12.264s] -- Installing: /workstation/ros_ws/install/leo_msgs/include/leo_msgs/leo_msgs/srv/detail/set_imu_calibration__rosidl_typesupport_fastrtps_cpp.hpp
[12.264s] -- Installing: /workstation/ros_ws/install/leo_msgs/include/leo_msgs/leo_msgs/srv/detail/dds_fastrtps
[12.264s] -- Up-to-date: /workstation/ros_ws/install/leo_msgs/include/leo_msgs/leo_msgs/msg
[12.265s] -- Up-to-date: /workstation/ros_ws/install/leo_msgs/include/leo_msgs/leo_msgs/msg/detail
[12.265s] -- Installing: /workstation/ros_ws/install/leo_msgs/include/leo_msgs/leo_msgs/msg/detail/imu__rosidl_typesupport_fastrtps_cpp.hpp
[12.265s] -- Installing: /workstation/ros_ws/install/leo_msgs/include/leo_msgs/leo_msgs/msg/detail/wheel_odom__rosidl_typesupport_fastrtps_cpp.hpp
[12.265s] -- Installing: /workstation/ros_ws/install/leo_msgs/include/leo_msgs/leo_msgs/msg/detail/dds_fastrtps
[12.265s] -- Installing: /workstation/ros_ws/install/leo_msgs/include/leo_msgs/leo_msgs/msg/detail/wheel_states__rosidl_typesupport_fastrtps_cpp.hpp
[12.265s] -- Installing: /workstation/ros_ws/install/leo_msgs/include/leo_msgs/leo_msgs/msg/detail/wheel_odom_mecanum__rosidl_typesupport_fastrtps_cpp.hpp
[12.265s] -- Installing: /workstation/ros_ws/install/leo_msgs/include/leo_msgs/leo_msgs/msg/rosidl_typesupport_fastrtps_cpp__visibility_control.h
[12.265s] -- Installing: /workstation/ros_ws/install/leo_msgs/lib/libleo_msgs__rosidl_typesupport_fastrtps_cpp.so
[12.265s] -- Set runtime path of "/workstation/ros_ws/install/leo_msgs/lib/libleo_msgs__rosidl_typesupport_fastrtps_cpp.so" to ""
[12.266s] -- Up-to-date: /workstation/ros_ws/install/leo_msgs/include/leo_msgs/leo_msgs
[12.266s] -- Up-to-date: /workstation/ros_ws/install/leo_msgs/include/leo_msgs/leo_msgs/srv
[12.266s] -- Up-to-date: /workstation/ros_ws/install/leo_msgs/include/leo_msgs/leo_msgs/srv/detail
[12.266s] -- Installing: /workstation/ros_ws/install/leo_msgs/include/leo_msgs/leo_msgs/srv/detail/set_imu_calibration__rosidl_typesupport_introspection_cpp.hpp
[12.266s] -- Installing: /workstation/ros_ws/install/leo_msgs/include/leo_msgs/leo_msgs/srv/detail/set_imu_calibration__type_support.cpp
[12.266s] -- Up-to-date: /workstation/ros_ws/install/leo_msgs/include/leo_msgs/leo_msgs/msg
[12.266s] -- Up-to-date: /workstation/ros_ws/install/leo_msgs/include/leo_msgs/leo_msgs/msg/detail
[12.266s] -- Installing: /workstation/ros_ws/install/leo_msgs/include/leo_msgs/leo_msgs/msg/detail/imu__type_support.cpp
[12.267s] -- Installing: /workstation/ros_ws/install/leo_msgs/include/leo_msgs/leo_msgs/msg/detail/wheel_states__rosidl_typesupport_introspection_cpp.hpp
[12.267s] -- Installing: /workstation/ros_ws/install/leo_msgs/include/leo_msgs/leo_msgs/msg/detail/imu__rosidl_typesupport_introspection_cpp.hpp
[12.267s] -- Installing: /workstation/ros_ws/install/leo_msgs/include/leo_msgs/leo_msgs/msg/detail/wheel_odom_mecanum__rosidl_typesupport_introspection_cpp.hpp
[12.267s] -- Installing: /workstation/ros_ws/install/leo_msgs/include/leo_msgs/leo_msgs/msg/detail/wheel_odom_mecanum__type_support.cpp
[12.267s] -- Installing: /workstation/ros_ws/install/leo_msgs/include/leo_msgs/leo_msgs/msg/detail/wheel_states__type_support.cpp
[12.267s] -- Installing: /workstation/ros_ws/install/leo_msgs/include/leo_msgs/leo_msgs/msg/detail/wheel_odom__type_support.cpp
[12.267s] -- Installing: /workstation/ros_ws/install/leo_msgs/include/leo_msgs/leo_msgs/msg/detail/wheel_odom__rosidl_typesupport_introspection_cpp.hpp
[12.268s] -- Installing: /workstation/ros_ws/install/leo_msgs/lib/libleo_msgs__rosidl_typesupport_introspection_cpp.so
[12.268s] -- Set runtime path of "/workstation/ros_ws/install/leo_msgs/lib/libleo_msgs__rosidl_typesupport_introspection_cpp.so" to ""
[12.268s] -- Installing: /workstation/ros_ws/install/leo_msgs/lib/libleo_msgs__rosidl_typesupport_cpp.so
[12.268s] -- Set runtime path of "/workstation/ros_ws/install/leo_msgs/lib/libleo_msgs__rosidl_typesupport_cpp.so" to ""
[12.268s] -- Installing: /workstation/ros_ws/install/leo_msgs/share/leo_msgs/environment/pythonpath.sh
[12.268s] -- Installing: /workstation/ros_ws/install/leo_msgs/share/leo_msgs/environment/pythonpath.dsv
[12.268s] -- Installing: /workstation/ros_ws/install/leo_msgs/local/lib/python3.10/dist-packages/leo_msgs-1.2.1-py3.10.egg-info
[12.268s] -- Installing: /workstation/ros_ws/install/leo_msgs/local/lib/python3.10/dist-packages/leo_msgs-1.2.1-py3.10.egg-info/SOURCES.txt
[12.269s] -- Installing: /workstation/ros_ws/install/leo_msgs/local/lib/python3.10/dist-packages/leo_msgs-1.2.1-py3.10.egg-info/PKG-INFO
[12.269s] -- Installing: /workstation/ros_ws/install/leo_msgs/local/lib/python3.10/dist-packages/leo_msgs-1.2.1-py3.10.egg-info/top_level.txt
[12.269s] -- Installing: /workstation/ros_ws/install/leo_msgs/local/lib/python3.10/dist-packages/leo_msgs-1.2.1-py3.10.egg-info/dependency_links.txt
[12.269s] -- Installing: /workstation/ros_ws/install/leo_msgs/local/lib/python3.10/dist-packages/leo_msgs
[12.269s] -- Installing: /workstation/ros_ws/install/leo_msgs/local/lib/python3.10/dist-packages/leo_msgs/libleo_msgs__rosidl_generator_py.so
[12.269s] -- Installing: /workstation/ros_ws/install/leo_msgs/local/lib/python3.10/dist-packages/leo_msgs/leo_msgs_s__rosidl_typesupport_introspection_c.cpython-310-x86_64-linux-gnu.so
[12.269s] -- Installing: /workstation/ros_ws/install/leo_msgs/local/lib/python3.10/dist-packages/leo_msgs/srv
[12.269s] -- Installing: /workstation/ros_ws/install/leo_msgs/local/lib/python3.10/dist-packages/leo_msgs/srv/_set_imu_calibration.py
[12.269s] -- Installing: /workstation/ros_ws/install/leo_msgs/local/lib/python3.10/dist-packages/leo_msgs/srv/__init__.py
[12.270s] -- Installing: /workstation/ros_ws/install/leo_msgs/local/lib/python3.10/dist-packages/leo_msgs/srv/_set_imu_calibration_s.c
[12.270s] -- Installing: /workstation/ros_ws/install/leo_msgs/local/lib/python3.10/dist-packages/leo_msgs/leo_msgs_s__rosidl_typesupport_c.cpython-310-x86_64-linux-gnu.so
[12.270s] -- Installing: /workstation/ros_ws/install/leo_msgs/local/lib/python3.10/dist-packages/leo_msgs/_leo_msgs_s.ep.rosidl_typesupport_c.c
[12.270s] -- Installing: /workstation/ros_ws/install/leo_msgs/local/lib/python3.10/dist-packages/leo_msgs/_leo_msgs_s.ep.rosidl_typesupport_fastrtps_c.c
[12.270s] -- Installing: /workstation/ros_ws/install/leo_msgs/local/lib/python3.10/dist-packages/leo_msgs/leo_msgs_s__rosidl_typesupport_fastrtps_c.cpython-310-x86_64-linux-gnu.so
[12.270s] -- Installing: /workstation/ros_ws/install/leo_msgs/local/lib/python3.10/dist-packages/leo_msgs/__init__.py
[12.270s] -- Installing: /workstation/ros_ws/install/leo_msgs/local/lib/python3.10/dist-packages/leo_msgs/msg
[12.271s] -- Installing: /workstation/ros_ws/install/leo_msgs/local/lib/python3.10/dist-packages/leo_msgs/msg/_wheel_odom.py
[12.271s] -- Installing: /workstation/ros_ws/install/leo_msgs/local/lib/python3.10/dist-packages/leo_msgs/msg/_wheel_states.py
[12.271s] -- Installing: /workstation/ros_ws/install/leo_msgs/local/lib/python3.10/dist-packages/leo_msgs/msg/_wheel_states_s.c
[12.271s] -- Installing: /workstation/ros_ws/install/leo_msgs/local/lib/python3.10/dist-packages/leo_msgs/msg/_imu_s.c
[12.271s] -- Installing: /workstation/ros_ws/install/leo_msgs/local/lib/python3.10/dist-packages/leo_msgs/msg/_wheel_odom_s.c
[12.271s] -- Installing: /workstation/ros_ws/install/leo_msgs/local/lib/python3.10/dist-packages/leo_msgs/msg/_wheel_odom_mecanum.py
[12.271s] -- Installing: /workstation/ros_ws/install/leo_msgs/local/lib/python3.10/dist-packages/leo_msgs/msg/__init__.py
[12.271s] -- Installing: /workstation/ros_ws/install/leo_msgs/local/lib/python3.10/dist-packages/leo_msgs/msg/_wheel_odom_mecanum_s.c
[12.271s] -- Installing: /workstation/ros_ws/install/leo_msgs/local/lib/python3.10/dist-packages/leo_msgs/msg/_imu.py
[12.272s] -- Installing: /workstation/ros_ws/install/leo_msgs/local/lib/python3.10/dist-packages/leo_msgs/_leo_msgs_s.ep.rosidl_typesupport_introspection_c.c
[12.323s] Listing '/workstation/ros_ws/install/leo_msgs/local/lib/python3.10/dist-packages/leo_msgs'...
[12.323s] Compiling '/workstation/ros_ws/install/leo_msgs/local/lib/python3.10/dist-packages/leo_msgs/__init__.py'...
[12.323s] Listing '/workstation/ros_ws/install/leo_msgs/local/lib/python3.10/dist-packages/leo_msgs/msg'...
[12.323s] Compiling '/workstation/ros_ws/install/leo_msgs/local/lib/python3.10/dist-packages/leo_msgs/msg/__init__.py'...
[12.324s] Compiling '/workstation/ros_ws/install/leo_msgs/local/lib/python3.10/dist-packages/leo_msgs/msg/_imu.py'...
[12.324s] Compiling '/workstation/ros_ws/install/leo_msgs/local/lib/python3.10/dist-packages/leo_msgs/msg/_wheel_odom.py'...
[12.324s] Compiling '/workstation/ros_ws/install/leo_msgs/local/lib/python3.10/dist-packages/leo_msgs/msg/_wheel_odom_mecanum.py'...
[12.324s] Compiling '/workstation/ros_ws/install/leo_msgs/local/lib/python3.10/dist-packages/leo_msgs/msg/_wheel_states.py'...
[12.324s] Listing '/workstation/ros_ws/install/leo_msgs/local/lib/python3.10/dist-packages/leo_msgs/srv'...
[12.324s] Compiling '/workstation/ros_ws/install/leo_msgs/local/lib/python3.10/dist-packages/leo_msgs/srv/__init__.py'...
[12.324s] Compiling '/workstation/ros_ws/install/leo_msgs/local/lib/python3.10/dist-packages/leo_msgs/srv/_set_imu_calibration.py'...
[12.330s] -- Installing: /workstation/ros_ws/install/leo_msgs/local/lib/python3.10/dist-packages/leo_msgs/leo_msgs_s__rosidl_typesupport_fastrtps_c.cpython-310-x86_64-linux-gnu.so
[12.331s] -- Set runtime path of "/workstation/ros_ws/install/leo_msgs/local/lib/python3.10/dist-packages/leo_msgs/leo_msgs_s__rosidl_typesupport_fastrtps_c.cpython-310-x86_64-linux-gnu.so" to ""
[12.331s] -- Installing: /workstation/ros_ws/install/leo_msgs/local/lib/python3.10/dist-packages/leo_msgs/leo_msgs_s__rosidl_typesupport_introspection_c.cpython-310-x86_64-linux-gnu.so
[12.332s] -- Set runtime path of "/workstation/ros_ws/install/leo_msgs/local/lib/python3.10/dist-packages/leo_msgs/leo_msgs_s__rosidl_typesupport_introspection_c.cpython-310-x86_64-linux-gnu.so" to ""
[12.332s] -- Installing: /workstation/ros_ws/install/leo_msgs/local/lib/python3.10/dist-packages/leo_msgs/leo_msgs_s__rosidl_typesupport_c.cpython-310-x86_64-linux-gnu.so
[12.333s] -- Set runtime path of "/workstation/ros_ws/install/leo_msgs/local/lib/python3.10/dist-packages/leo_msgs/leo_msgs_s__rosidl_typesupport_c.cpython-310-x86_64-linux-gnu.so" to ""
[12.333s] -- Installing: /workstation/ros_ws/install/leo_msgs/lib/libleo_msgs__rosidl_generator_py.so
[12.333s] -- Set runtime path of "/workstation/ros_ws/install/leo_msgs/lib/libleo_msgs__rosidl_generator_py.so" to ""
[12.333s] -- Installing: /workstation/ros_ws/install/leo_msgs/share/leo_msgs/msg/Imu.idl
[12.334s] -- Installing: /workstation/ros_ws/install/leo_msgs/share/leo_msgs/msg/WheelOdom.idl
[12.334s] -- Installing: /workstation/ros_ws/install/leo_msgs/share/leo_msgs/msg/WheelOdomMecanum.idl
[12.334s] -- Installing: /workstation/ros_ws/install/leo_msgs/share/leo_msgs/msg/WheelStates.idl
[12.334s] -- Installing: /workstation/ros_ws/install/leo_msgs/share/leo_msgs/srv/SetImuCalibration.idl
[12.335s] -- Installing: /workstation/ros_ws/install/leo_msgs/share/leo_msgs/msg/Imu.msg
[12.335s] -- Installing: /workstation/ros_ws/install/leo_msgs/share/leo_msgs/msg/WheelOdom.msg
[12.335s] -- Installing: /workstation/ros_ws/install/leo_msgs/share/leo_msgs/msg/WheelOdomMecanum.msg
[12.336s] -- Installing: /workstation/ros_ws/install/leo_msgs/share/leo_msgs/msg/WheelStates.msg
[12.336s] -- Installing: /workstation/ros_ws/install/leo_msgs/share/leo_msgs/srv/SetImuCalibration.srv
[12.336s] -- Installing: /workstation/ros_ws/install/leo_msgs/share/leo_msgs/srv/SetImuCalibration_Request.msg
[12.336s] -- Installing: /workstation/ros_ws/install/leo_msgs/share/leo_msgs/srv/SetImuCalibration_Response.msg
[12.337s] -- Installing: /workstation/ros_ws/install/leo_msgs/share/ament_index/resource_index/package_run_dependencies/leo_msgs
[12.337s] -- Installing: /workstation/ros_ws/install/leo_msgs/share/ament_index/resource_index/parent_prefix_path/leo_msgs
[12.337s] -- Installing: /workstation/ros_ws/install/leo_msgs/share/leo_msgs/environment/ament_prefix_path.sh
[12.337s] -- Installing: /workstation/ros_ws/install/leo_msgs/share/leo_msgs/environment/ament_prefix_path.dsv
[12.338s] -- Installing: /workstation/ros_ws/install/leo_msgs/share/leo_msgs/environment/path.sh
[12.338s] -- Installing: /workstation/ros_ws/install/leo_msgs/share/leo_msgs/environment/path.dsv
[12.338s] -- Installing: /workstation/ros_ws/install/leo_msgs/share/leo_msgs/local_setup.bash
[12.338s] -- Installing: /workstation/ros_ws/install/leo_msgs/share/leo_msgs/local_setup.sh
[12.339s] -- Installing: /workstation/ros_ws/install/leo_msgs/share/leo_msgs/local_setup.zsh
[12.339s] -- Installing: /workstation/ros_ws/install/leo_msgs/share/leo_msgs/local_setup.dsv
[12.339s] -- Installing: /workstation/ros_ws/install/leo_msgs/share/leo_msgs/package.dsv
[12.339s] -- Installing: /workstation/ros_ws/install/leo_msgs/share/ament_index/resource_index/packages/leo_msgs
[12.340s] -- Installing: /workstation/ros_ws/install/leo_msgs/share/leo_msgs/cmake/export_leo_msgs__rosidl_generator_cExport.cmake
[12.340s] -- Installing: /workstation/ros_ws/install/leo_msgs/share/leo_msgs/cmake/export_leo_msgs__rosidl_generator_cExport-noconfig.cmake
[12.340s] -- Installing: /workstation/ros_ws/install/leo_msgs/share/leo_msgs/cmake/export_leo_msgs__rosidl_typesupport_fastrtps_cExport.cmake
[12.341s] -- Installing: /workstation/ros_ws/install/leo_msgs/share/leo_msgs/cmake/export_leo_msgs__rosidl_typesupport_fastrtps_cExport-noconfig.cmake
[12.341s] -- Installing: /workstation/ros_ws/install/leo_msgs/share/leo_msgs/cmake/leo_msgs__rosidl_typesupport_introspection_cExport.cmake
[12.341s] -- Installing: /workstation/ros_ws/install/leo_msgs/share/leo_msgs/cmake/leo_msgs__rosidl_typesupport_introspection_cExport-noconfig.cmake
[12.342s] -- Installing: /workstation/ros_ws/install/leo_msgs/share/leo_msgs/cmake/leo_msgs__rosidl_typesupport_cExport.cmake
[12.342s] -- Installing: /workstation/ros_ws/install/leo_msgs/share/leo_msgs/cmake/leo_msgs__rosidl_typesupport_cExport-noconfig.cmake
[12.342s] -- Installing: /workstation/ros_ws/install/leo_msgs/share/leo_msgs/cmake/export_leo_msgs__rosidl_generator_cppExport.cmake
[12.342s] -- Installing: /workstation/ros_ws/install/leo_msgs/share/leo_msgs/cmake/export_leo_msgs__rosidl_typesupport_fastrtps_cppExport.cmake
[12.343s] -- Installing: /workstation/ros_ws/install/leo_msgs/share/leo_msgs/cmake/export_leo_msgs__rosidl_typesupport_fastrtps_cppExport-noconfig.cmake
[12.343s] -- Installing: /workstation/ros_ws/install/leo_msgs/share/leo_msgs/cmake/leo_msgs__rosidl_typesupport_introspection_cppExport.cmake
[12.343s] -- Installing: /workstation/ros_ws/install/leo_msgs/share/leo_msgs/cmake/leo_msgs__rosidl_typesupport_introspection_cppExport-noconfig.cmake
[12.343s] -- Installing: /workstation/ros_ws/install/leo_msgs/share/leo_msgs/cmake/leo_msgs__rosidl_typesupport_cppExport.cmake
[12.344s] -- Installing: /workstation/ros_ws/install/leo_msgs/share/leo_msgs/cmake/leo_msgs__rosidl_typesupport_cppExport-noconfig.cmake
[12.344s] -- Installing: /workstation/ros_ws/install/leo_msgs/share/leo_msgs/cmake/export_leo_msgs__rosidl_generator_pyExport.cmake
[12.344s] -- Installing: /workstation/ros_ws/install/leo_msgs/share/leo_msgs/cmake/export_leo_msgs__rosidl_generator_pyExport-noconfig.cmake
[12.344s] -- Installing: /workstation/ros_ws/install/leo_msgs/share/leo_msgs/cmake/rosidl_cmake-extras.cmake
[12.345s] -- Installing: /workstation/ros_ws/install/leo_msgs/share/leo_msgs/cmake/ament_cmake_export_dependencies-extras.cmake
[12.345s] -- Installing: /workstation/ros_ws/install/leo_msgs/share/leo_msgs/cmake/ament_cmake_export_include_directories-extras.cmake
[12.345s] -- Installing: /workstation/ros_ws/install/leo_msgs/share/leo_msgs/cmake/ament_cmake_export_libraries-extras.cmake
[12.345s] -- Installing: /workstation/ros_ws/install/leo_msgs/share/leo_msgs/cmake/ament_cmake_export_targets-extras.cmake
[12.346s] -- Installing: /workstation/ros_ws/install/leo_msgs/share/leo_msgs/cmake/rosidl_cmake_export_typesupport_targets-extras.cmake
[12.346s] -- Installing: /workstation/ros_ws/install/leo_msgs/share/leo_msgs/cmake/rosidl_cmake_export_typesupport_libraries-extras.cmake
[12.346s] -- Installing: /workstation/ros_ws/install/leo_msgs/share/leo_msgs/cmake/leo_msgsConfig.cmake
[12.346s] -- Installing: /workstation/ros_ws/install/leo_msgs/share/leo_msgs/cmake/leo_msgsConfig-version.cmake
[12.347s] -- Installing: /workstation/ros_ws/install/leo_msgs/share/leo_msgs/package.xml
[12.350s] Invoked command in '/workstation/ros_ws/build/leo_msgs' returned '0': CMAKE_PREFIX_PATH=/opt/ros/humble /usr/bin/cmake --install /workstation/ros_ws/build/leo_msgs
