[0.028s] Invoking command in '/workstation/ros_ws/build/custom_msgs': CMAKE_PREFIX_PATH=/opt/ros/humble /usr/bin/cmake /workstation/ros_ws/src/custom_msgs -DCMAKE_INSTALL_PREFIX=/workstation/ros_ws/install/custom_msgs
[0.120s] -- The C compiler identification is GNU 11.4.0
[0.207s] -- The CXX compiler identification is GNU 11.4.0
[0.219s] -- Detecting C compiler ABI info
[0.308s] -- Detecting C compiler ABI info - done
[0.322s] -- Check for working C compiler: /usr/bin/cc - skipped
[0.323s] -- Detecting C compile features
[0.323s] -- Detecting C compile features - done
[0.327s] -- Detecting CXX compiler ABI info
[0.425s] -- Detecting CXX compiler ABI info - done
[0.440s] -- Check for working CXX compiler: /usr/bin/c++ - skipped
[0.440s] -- Detecting CXX compile features
[0.441s] -- Detecting CXX compile features - done
[0.444s] -- Found ament_cmake: 1.3.10 (/opt/ros/humble/share/ament_cmake/cmake)
[0.667s] -- Found Python3: /usr/bin/python3 (found version "3.10.12") found components: Interpreter 
[0.815s] -- Found geometry_msgs: 4.2.4 (/opt/ros/humble/share/geometry_msgs/cmake)
[0.874s] -- Found rosidl_generator_c: 3.1.5 (/opt/ros/humble/share/rosidl_generator_c/cmake)
[0.883s] -- Found rosidl_adapter: 3.1.5 (/opt/ros/humble/share/rosidl_adapter/cmake)
[0.915s] -- Found rosidl_generator_cpp: 3.1.5 (/opt/ros/humble/share/rosidl_generator_cpp/cmake)
[0.948s] -- Using all available rosidl_typesupport_c: rosidl_typesupport_fastrtps_c;rosidl_typesupport_introspection_c
[0.968s] -- Using all available rosidl_typesupport_cpp: rosidl_typesupport_fastrtps_cpp;rosidl_typesupport_introspection_cpp
[1.028s] -- Found rosidl_default_generators: 1.2.0 (/opt/ros/humble/share/rosidl_default_generators/cmake)
[1.449s] -- Found ament_cmake_ros: 0.10.0 (/opt/ros/humble/share/ament_cmake_ros/cmake)
[2.006s] -- Using all available rosidl_typesupport_c: rosidl_typesupport_fastrtps_c;rosidl_typesupport_introspection_c
[2.383s] -- Using all available rosidl_typesupport_cpp: rosidl_typesupport_fastrtps_cpp;rosidl_typesupport_introspection_cpp
[2.437s] -- Found PythonInterp: /usr/bin/python3 (found suitable version "3.10.12", minimum required is "3.6") 
[2.440s] -- Found python_cmake_module: 0.10.0 (/opt/ros/humble/share/python_cmake_module/cmake)
[2.494s] -- Found PythonLibs: /usr/lib/x86_64-linux-gnu/libpython3.10.so (found suitable version "3.10.12", minimum required is "3.5") 
[2.497s] -- Using PYTHON_EXECUTABLE: /usr/bin/python3
[2.498s] -- Using PYTHON_INCLUDE_DIRS: /usr/include/python3.10
[2.498s] -- Using PYTHON_LIBRARIES: /usr/lib/x86_64-linux-gnu/libpython3.10.so
[2.542s] -- Found PythonExtra: .so  
[2.680s] -- Found ament_lint_auto: 0.12.11 (/opt/ros/humble/share/ament_lint_auto/cmake)
[2.717s] -- Added test 'lint_cmake' to check CMake code style
[2.719s] -- Added test 'xmllint' to check XML markup files
[2.724s] -- Configuring done
[2.844s] -- Generating done
[2.851s] -- Build files have been written to: /workstation/ros_ws/build/custom_msgs
[2.884s] Invoked command in '/workstation/ros_ws/build/custom_msgs' returned '0': CMAKE_PREFIX_PATH=/opt/ros/humble /usr/bin/cmake /workstation/ros_ws/src/custom_msgs -DCMAKE_INSTALL_PREFIX=/workstation/ros_ws/install/custom_msgs
[2.894s] Invoking command in '/workstation/ros_ws/build/custom_msgs': CMAKE_PREFIX_PATH=/opt/ros/humble /usr/bin/cmake --build /workstation/ros_ws/build/custom_msgs -- -j12 -l12
[2.983s] [  2%] [34m[1mGenerating C code for ROS interfaces[0m
[3.000s] [  5%] [34m[1mGenerating C++ code for ROS interfaces[0m
[3.026s] [  5%] Built target ament_cmake_python_copy_custom_msgs
[3.709s] running egg_info
[3.710s] creating custom_msgs.egg-info
[3.711s] writing custom_msgs.egg-info/PKG-INFO
[3.712s] writing dependency_links to custom_msgs.egg-info/dependency_links.txt
[3.712s] writing top-level names to custom_msgs.egg-info/top_level.txt
[3.713s] writing manifest file 'custom_msgs.egg-info/SOURCES.txt'
[3.718s] reading manifest file 'custom_msgs.egg-info/SOURCES.txt'
[3.724s] writing manifest file 'custom_msgs.egg-info/SOURCES.txt'
[3.851s] [  5%] Built target ament_cmake_python_build_custom_msgs_egg
[3.949s] [  7%] [32mBuilding C object CMakeFiles/custom_msgs__rosidl_generator_c.dir/rosidl_generator_c/custom_msgs/msg/detail/obstacle_data__functions.c.o[0m
[3.962s] [ 10%] [32mBuilding C object CMakeFiles/custom_msgs__rosidl_generator_c.dir/rosidl_generator_c/custom_msgs/msg/detail/obstacles__functions.c.o[0m
[4.221s] [ 12%] [32m[1mLinking C shared library libcustom_msgs__rosidl_generator_c.so[0m
[4.367s] [ 12%] Built target custom_msgs__rosidl_generator_c
[4.396s] [ 12%] Built target custom_msgs__cpp
[4.421s] [ 17%] [34m[1mGenerating C type support dispatch for ROS interfaces[0m
[4.422s] [ 15%] [34m[1mGenerating C introspection for ROS interfaces[0m
[4.424s] [ 20%] [34m[1mGenerating C type support for eProsima Fast-RTPS[0m
[4.437s] [ 23%] [34m[1mGenerating C++ type support for eProsima Fast-RTPS[0m
[4.441s] [ 25%] [34m[1mGenerating C++ type support dispatch for ROS interfaces[0m
[4.449s] [ 28%] [34m[1mGenerating C++ introspection for ROS interfaces[0m
[5.642s] [ 30%] [32mBuilding CXX object CMakeFiles/custom_msgs__rosidl_typesupport_c.dir/rosidl_typesupport_c/custom_msgs/msg/obstacle_data__type_support.cpp.o[0m
[5.649s] [ 33%] [32mBuilding CXX object CMakeFiles/custom_msgs__rosidl_typesupport_c.dir/rosidl_typesupport_c/custom_msgs/msg/obstacles__type_support.cpp.o[0m
[5.826s] [ 35%] [32m[1mLinking CXX shared library libcustom_msgs__rosidl_typesupport_c.so[0m
[5.949s] [ 38%] [32mBuilding C object CMakeFiles/custom_msgs__rosidl_typesupport_introspection_c.dir/rosidl_typesupport_introspection_c/custom_msgs/msg/detail/obstacle_data__type_support.c.o[0m
[5.981s] [ 41%] [32mBuilding C object CMakeFiles/custom_msgs__rosidl_typesupport_introspection_c.dir/rosidl_typesupport_introspection_c/custom_msgs/msg/detail/obstacles__type_support.c.o[0m
[6.026s] [ 41%] Built target custom_msgs__rosidl_typesupport_c
[6.124s] [ 43%] [32m[1mLinking C shared library libcustom_msgs__rosidl_typesupport_introspection_c.so[0m
[6.273s] [ 43%] Built target custom_msgs__rosidl_typesupport_introspection_c
[6.372s] [ 46%] [32mBuilding CXX object CMakeFiles/custom_msgs__rosidl_typesupport_cpp.dir/rosidl_typesupport_cpp/custom_msgs/msg/obstacles__type_support.cpp.o[0m
[6.379s] [ 48%] [32mBuilding CXX object CMakeFiles/custom_msgs__rosidl_typesupport_cpp.dir/rosidl_typesupport_cpp/custom_msgs/msg/obstacle_data__type_support.cpp.o[0m
[7.008s] [ 51%] [32mBuilding CXX object CMakeFiles/custom_msgs__rosidl_typesupport_introspection_cpp.dir/rosidl_typesupport_introspection_cpp/custom_msgs/msg/detail/obstacle_data__type_support.cpp.o[0m
[7.025s] [ 53%] [32mBuilding CXX object CMakeFiles/custom_msgs__rosidl_typesupport_introspection_cpp.dir/rosidl_typesupport_introspection_cpp/custom_msgs/msg/detail/obstacles__type_support.cpp.o[0m
[7.329s] [ 56%] [32mBuilding CXX object CMakeFiles/custom_msgs__rosidl_typesupport_fastrtps_cpp.dir/rosidl_typesupport_fastrtps_cpp/custom_msgs/msg/detail/dds_fastrtps/obstacle_data__type_support.cpp.o[0m
[7.376s] [ 58%] [32mBuilding CXX object CMakeFiles/custom_msgs__rosidl_typesupport_fastrtps_cpp.dir/rosidl_typesupport_fastrtps_cpp/custom_msgs/msg/detail/dds_fastrtps/obstacles__type_support.cpp.o[0m
[7.438s] [ 61%] [32mBuilding CXX object CMakeFiles/custom_msgs__rosidl_typesupport_fastrtps_c.dir/rosidl_typesupport_fastrtps_c/custom_msgs/msg/detail/obstacle_data__type_support_c.cpp.o[0m
[7.438s] [ 64%] [32mBuilding CXX object CMakeFiles/custom_msgs__rosidl_typesupport_fastrtps_c.dir/rosidl_typesupport_fastrtps_c/custom_msgs/msg/detail/obstacles__type_support_c.cpp.o[0m
[7.911s] [ 66%] [32m[1mLinking CXX shared library libcustom_msgs__rosidl_typesupport_cpp.so[0m
[8.103s] [ 66%] Built target custom_msgs__rosidl_typesupport_cpp
[9.332s] [ 69%] [32m[1mLinking CXX shared library libcustom_msgs__rosidl_typesupport_fastrtps_c.so[0m
[9.486s] [ 71%] [32m[1mLinking CXX shared library libcustom_msgs__rosidl_typesupport_fastrtps_cpp.so[0m
[9.576s] [ 74%] [32m[1mLinking CXX shared library libcustom_msgs__rosidl_typesupport_introspection_cpp.so[0m
[9.580s] [ 74%] Built target custom_msgs__rosidl_typesupport_fastrtps_c
[9.707s] [ 74%] Built target custom_msgs__rosidl_typesupport_fastrtps_cpp
[9.756s] [ 74%] Built target custom_msgs__rosidl_typesupport_introspection_cpp
[9.791s] [ 74%] Built target custom_msgs
[9.828s] [ 76%] [34m[1mGenerating Python code for ROS interfaces[0m
[10.939s] [ 76%] Built target custom_msgs__py
[10.964s] [ 79%] [32mBuilding C object CMakeFiles/custom_msgs__rosidl_generator_py.dir/rosidl_generator_py/custom_msgs/msg/_obstacle_data_s.c.o[0m
[10.967s] [ 82%] [32mBuilding C object CMakeFiles/custom_msgs__rosidl_generator_py.dir/rosidl_generator_py/custom_msgs/msg/_obstacles_s.c.o[0m
[11.155s] [ 84%] [32m[1mLinking C shared library rosidl_generator_py/custom_msgs/libcustom_msgs__rosidl_generator_py.so[0m
[11.209s] [ 84%] Built target custom_msgs__rosidl_generator_py
[11.241s] [ 89%] [32mBuilding C object CMakeFiles/custom_msgs__rosidl_typesupport_c__pyext.dir/rosidl_generator_py/custom_msgs/_custom_msgs_s.ep.rosidl_typesupport_c.c.o[0m
[11.241s] [ 89%] [32mBuilding C object CMakeFiles/custom_msgs__rosidl_typesupport_introspection_c__pyext.dir/rosidl_generator_py/custom_msgs/_custom_msgs_s.ep.rosidl_typesupport_introspection_c.c.o[0m
[11.241s] [ 92%] [32mBuilding C object CMakeFiles/custom_msgs__rosidl_typesupport_fastrtps_c__pyext.dir/rosidl_generator_py/custom_msgs/_custom_msgs_s.ep.rosidl_typesupport_fastrtps_c.c.o[0m
[11.408s] [ 94%] [32m[1mLinking C shared library rosidl_generator_py/custom_msgs/custom_msgs_s__rosidl_typesupport_introspection_c.cpython-310-x86_64-linux-gnu.so[0m
[11.427s] [ 97%] [32m[1mLinking C shared library rosidl_generator_py/custom_msgs/custom_msgs_s__rosidl_typesupport_c.cpython-310-x86_64-linux-gnu.so[0m
[11.427s] [100%] [32m[1mLinking C shared library rosidl_generator_py/custom_msgs/custom_msgs_s__rosidl_typesupport_fastrtps_c.cpython-310-x86_64-linux-gnu.so[0m
[11.465s] [100%] Built target custom_msgs__rosidl_typesupport_introspection_c__pyext
[11.504s] [100%] Built target custom_msgs__rosidl_typesupport_c__pyext
[11.509s] [100%] Built target custom_msgs__rosidl_typesupport_fastrtps_c__pyext
[11.522s] Invoked command in '/workstation/ros_ws/build/custom_msgs' returned '0': CMAKE_PREFIX_PATH=/opt/ros/humble /usr/bin/cmake --build /workstation/ros_ws/build/custom_msgs -- -j12 -l12
[11.663s] Invoking command in '/workstation/ros_ws/build/custom_msgs': CMAKE_PREFIX_PATH=/opt/ros/humble /usr/bin/cmake --install /workstation/ros_ws/build/custom_msgs
[11.677s] -- Install configuration: ""
[11.677s] -- Installing: /workstation/ros_ws/install/custom_msgs/share/ament_index/resource_index/rosidl_interfaces/custom_msgs
[11.678s] -- Installing: /workstation/ros_ws/install/custom_msgs/include/custom_msgs/custom_msgs
[11.679s] -- Installing: /workstation/ros_ws/install/custom_msgs/include/custom_msgs/custom_msgs/msg
[11.681s] -- Installing: /workstation/ros_ws/install/custom_msgs/include/custom_msgs/custom_msgs/msg/detail
[11.681s] -- Installing: /workstation/ros_ws/install/custom_msgs/include/custom_msgs/custom_msgs/msg/detail/obstacle_data__struct.h
[11.682s] -- Installing: /workstation/ros_ws/install/custom_msgs/include/custom_msgs/custom_msgs/msg/detail/obstacles__struct.h
[11.682s] -- Installing: /workstation/ros_ws/install/custom_msgs/include/custom_msgs/custom_msgs/msg/detail/obstacles__type_support.h
[11.682s] -- Installing: /workstation/ros_ws/install/custom_msgs/include/custom_msgs/custom_msgs/msg/detail/obstacles__functions.c
[11.682s] -- Installing: /workstation/ros_ws/install/custom_msgs/include/custom_msgs/custom_msgs/msg/detail/obstacle_data__functions.c
[11.682s] -- Installing: /workstation/ros_ws/install/custom_msgs/include/custom_msgs/custom_msgs/msg/detail/obstacle_data__type_support.h
[11.682s] -- Installing: /workstation/ros_ws/install/custom_msgs/include/custom_msgs/custom_msgs/msg/detail/obstacle_data__functions.h
[11.683s] -- Installing: /workstation/ros_ws/install/custom_msgs/include/custom_msgs/custom_msgs/msg/detail/obstacles__functions.h
[11.683s] -- Installing: /workstation/ros_ws/install/custom_msgs/include/custom_msgs/custom_msgs/msg/obstacles.h
[11.684s] -- Installing: /workstation/ros_ws/install/custom_msgs/include/custom_msgs/custom_msgs/msg/rosidl_generator_c__visibility_control.h
[11.684s] -- Installing: /workstation/ros_ws/install/custom_msgs/include/custom_msgs/custom_msgs/msg/obstacle_data.h
[11.685s] -- Installing: /workstation/ros_ws/install/custom_msgs/share/custom_msgs/environment/library_path.sh
[11.685s] -- Installing: /workstation/ros_ws/install/custom_msgs/share/custom_msgs/environment/library_path.dsv
[11.686s] -- Installing: /workstation/ros_ws/install/custom_msgs/lib/libcustom_msgs__rosidl_generator_c.so
[11.687s] -- Set runtime path of "/workstation/ros_ws/install/custom_msgs/lib/libcustom_msgs__rosidl_generator_c.so" to ""
[11.687s] -- Up-to-date: /workstation/ros_ws/install/custom_msgs/include/custom_msgs/custom_msgs
[11.687s] -- Up-to-date: /workstation/ros_ws/install/custom_msgs/include/custom_msgs/custom_msgs/msg
[11.688s] -- Up-to-date: /workstation/ros_ws/install/custom_msgs/include/custom_msgs/custom_msgs/msg/detail
[11.688s] -- Installing: /workstation/ros_ws/install/custom_msgs/include/custom_msgs/custom_msgs/msg/detail/obstacles__rosidl_typesupport_fastrtps_c.h
[11.688s] -- Installing: /workstation/ros_ws/install/custom_msgs/include/custom_msgs/custom_msgs/msg/detail/obstacle_data__rosidl_typesupport_fastrtps_c.h
[11.689s] -- Installing: /workstation/ros_ws/install/custom_msgs/include/custom_msgs/custom_msgs/msg/rosidl_typesupport_fastrtps_c__visibility_control.h
[11.689s] -- Installing: /workstation/ros_ws/install/custom_msgs/lib/libcustom_msgs__rosidl_typesupport_fastrtps_c.so
[11.690s] -- Set runtime path of "/workstation/ros_ws/install/custom_msgs/lib/libcustom_msgs__rosidl_typesupport_fastrtps_c.so" to ""
[11.690s] -- Up-to-date: /workstation/ros_ws/install/custom_msgs/include/custom_msgs/custom_msgs
[11.690s] -- Up-to-date: /workstation/ros_ws/install/custom_msgs/include/custom_msgs/custom_msgs/msg
[11.690s] -- Up-to-date: /workstation/ros_ws/install/custom_msgs/include/custom_msgs/custom_msgs/msg/detail
[11.691s] -- Installing: /workstation/ros_ws/install/custom_msgs/include/custom_msgs/custom_msgs/msg/detail/obstacle_data__traits.hpp
[11.692s] -- Installing: /workstation/ros_ws/install/custom_msgs/include/custom_msgs/custom_msgs/msg/detail/obstacles__builder.hpp
[11.692s] -- Installing: /workstation/ros_ws/install/custom_msgs/include/custom_msgs/custom_msgs/msg/detail/obstacle_data__builder.hpp
[11.692s] -- Installing: /workstation/ros_ws/install/custom_msgs/include/custom_msgs/custom_msgs/msg/detail/obstacle_data__struct.hpp
[11.693s] -- Installing: /workstation/ros_ws/install/custom_msgs/include/custom_msgs/custom_msgs/msg/detail/obstacles__struct.hpp
[11.693s] -- Installing: /workstation/ros_ws/install/custom_msgs/include/custom_msgs/custom_msgs/msg/detail/obstacles__traits.hpp
[11.693s] -- Installing: /workstation/ros_ws/install/custom_msgs/include/custom_msgs/custom_msgs/msg/obstacles.hpp
[11.694s] -- Installing: /workstation/ros_ws/install/custom_msgs/include/custom_msgs/custom_msgs/msg/obstacle_data.hpp
[11.694s] -- Up-to-date: /workstation/ros_ws/install/custom_msgs/include/custom_msgs/custom_msgs
[11.694s] -- Up-to-date: /workstation/ros_ws/install/custom_msgs/include/custom_msgs/custom_msgs/msg
[11.696s] -- Up-to-date: /workstation/ros_ws/install/custom_msgs/include/custom_msgs/custom_msgs/msg/detail
[11.696s] -- Installing: /workstation/ros_ws/install/custom_msgs/include/custom_msgs/custom_msgs/msg/detail/obstacle_data__rosidl_typesupport_fastrtps_cpp.hpp
[11.696s] -- Installing: /workstation/ros_ws/install/custom_msgs/include/custom_msgs/custom_msgs/msg/detail/obstacles__rosidl_typesupport_fastrtps_cpp.hpp
[11.696s] -- Installing: /workstation/ros_ws/install/custom_msgs/include/custom_msgs/custom_msgs/msg/detail/dds_fastrtps
[11.696s] -- Installing: /workstation/ros_ws/install/custom_msgs/include/custom_msgs/custom_msgs/msg/rosidl_typesupport_fastrtps_cpp__visibility_control.h
[11.696s] -- Installing: /workstation/ros_ws/install/custom_msgs/lib/libcustom_msgs__rosidl_typesupport_fastrtps_cpp.so
[11.696s] -- Set runtime path of "/workstation/ros_ws/install/custom_msgs/lib/libcustom_msgs__rosidl_typesupport_fastrtps_cpp.so" to ""
[11.696s] -- Up-to-date: /workstation/ros_ws/install/custom_msgs/include/custom_msgs/custom_msgs
[11.697s] -- Up-to-date: /workstation/ros_ws/install/custom_msgs/include/custom_msgs/custom_msgs/msg
[11.697s] -- Up-to-date: /workstation/ros_ws/install/custom_msgs/include/custom_msgs/custom_msgs/msg/detail
[11.697s] -- Installing: /workstation/ros_ws/install/custom_msgs/include/custom_msgs/custom_msgs/msg/detail/obstacles__type_support.c
[11.697s] -- Installing: /workstation/ros_ws/install/custom_msgs/include/custom_msgs/custom_msgs/msg/detail/obstacle_data__type_support.c
[11.701s] -- Installing: /workstation/ros_ws/install/custom_msgs/include/custom_msgs/custom_msgs/msg/detail/obstacle_data__rosidl_typesupport_introspection_c.h
[11.701s] -- Installing: /workstation/ros_ws/install/custom_msgs/include/custom_msgs/custom_msgs/msg/detail/obstacles__rosidl_typesupport_introspection_c.h
[11.701s] -- Installing: /workstation/ros_ws/install/custom_msgs/include/custom_msgs/custom_msgs/msg/rosidl_typesupport_introspection_c__visibility_control.h
[11.701s] -- Installing: /workstation/ros_ws/install/custom_msgs/lib/libcustom_msgs__rosidl_typesupport_introspection_c.so
[11.701s] -- Set runtime path of "/workstation/ros_ws/install/custom_msgs/lib/libcustom_msgs__rosidl_typesupport_introspection_c.so" to ""
[11.702s] -- Installing: /workstation/ros_ws/install/custom_msgs/lib/libcustom_msgs__rosidl_typesupport_c.so
[11.702s] -- Set runtime path of "/workstation/ros_ws/install/custom_msgs/lib/libcustom_msgs__rosidl_typesupport_c.so" to ""
[11.702s] -- Up-to-date: /workstation/ros_ws/install/custom_msgs/include/custom_msgs/custom_msgs
[11.702s] -- Up-to-date: /workstation/ros_ws/install/custom_msgs/include/custom_msgs/custom_msgs/msg
[11.702s] -- Up-to-date: /workstation/ros_ws/install/custom_msgs/include/custom_msgs/custom_msgs/msg/detail
[11.702s] -- Installing: /workstation/ros_ws/install/custom_msgs/include/custom_msgs/custom_msgs/msg/detail/obstacles__type_support.cpp
[11.702s] -- Installing: /workstation/ros_ws/install/custom_msgs/include/custom_msgs/custom_msgs/msg/detail/obstacle_data__rosidl_typesupport_introspection_cpp.hpp
[11.702s] -- Installing: /workstation/ros_ws/install/custom_msgs/include/custom_msgs/custom_msgs/msg/detail/obstacles__rosidl_typesupport_introspection_cpp.hpp
[11.703s] -- Installing: /workstation/ros_ws/install/custom_msgs/include/custom_msgs/custom_msgs/msg/detail/obstacle_data__type_support.cpp
[11.704s] -- Installing: /workstation/ros_ws/install/custom_msgs/lib/libcustom_msgs__rosidl_typesupport_introspection_cpp.so
[11.704s] -- Set runtime path of "/workstation/ros_ws/install/custom_msgs/lib/libcustom_msgs__rosidl_typesupport_introspection_cpp.so" to ""
[11.704s] -- Installing: /workstation/ros_ws/install/custom_msgs/lib/libcustom_msgs__rosidl_typesupport_cpp.so
[11.704s] -- Set runtime path of "/workstation/ros_ws/install/custom_msgs/lib/libcustom_msgs__rosidl_typesupport_cpp.so" to ""
[11.704s] -- Installing: /workstation/ros_ws/install/custom_msgs/share/custom_msgs/environment/pythonpath.sh
[11.704s] -- Installing: /workstation/ros_ws/install/custom_msgs/share/custom_msgs/environment/pythonpath.dsv
[11.704s] -- Installing: /workstation/ros_ws/install/custom_msgs/local/lib/python3.10/dist-packages/custom_msgs-0.0.0-py3.10.egg-info
[11.704s] -- Installing: /workstation/ros_ws/install/custom_msgs/local/lib/python3.10/dist-packages/custom_msgs-0.0.0-py3.10.egg-info/SOURCES.txt
[11.704s] -- Installing: /workstation/ros_ws/install/custom_msgs/local/lib/python3.10/dist-packages/custom_msgs-0.0.0-py3.10.egg-info/PKG-INFO
[11.705s] -- Installing: /workstation/ros_ws/install/custom_msgs/local/lib/python3.10/dist-packages/custom_msgs-0.0.0-py3.10.egg-info/top_level.txt
[11.705s] -- Installing: /workstation/ros_ws/install/custom_msgs/local/lib/python3.10/dist-packages/custom_msgs-0.0.0-py3.10.egg-info/dependency_links.txt
[11.705s] -- Installing: /workstation/ros_ws/install/custom_msgs/local/lib/python3.10/dist-packages/custom_msgs
[11.705s] -- Installing: /workstation/ros_ws/install/custom_msgs/local/lib/python3.10/dist-packages/custom_msgs/custom_msgs_s__rosidl_typesupport_c.cpython-310-x86_64-linux-gnu.so
[11.705s] -- Installing: /workstation/ros_ws/install/custom_msgs/local/lib/python3.10/dist-packages/custom_msgs/custom_msgs_s__rosidl_typesupport_introspection_c.cpython-310-x86_64-linux-gnu.so
[11.705s] -- Installing: /workstation/ros_ws/install/custom_msgs/local/lib/python3.10/dist-packages/custom_msgs/_custom_msgs_s.ep.rosidl_typesupport_introspection_c.c
[11.705s] -- Installing: /workstation/ros_ws/install/custom_msgs/local/lib/python3.10/dist-packages/custom_msgs/_custom_msgs_s.ep.rosidl_typesupport_c.c
[11.705s] -- Installing: /workstation/ros_ws/install/custom_msgs/local/lib/python3.10/dist-packages/custom_msgs/custom_msgs_s__rosidl_typesupport_fastrtps_c.cpython-310-x86_64-linux-gnu.so
[11.706s] -- Installing: /workstation/ros_ws/install/custom_msgs/local/lib/python3.10/dist-packages/custom_msgs/__init__.py
[11.706s] -- Installing: /workstation/ros_ws/install/custom_msgs/local/lib/python3.10/dist-packages/custom_msgs/msg
[11.706s] -- Installing: /workstation/ros_ws/install/custom_msgs/local/lib/python3.10/dist-packages/custom_msgs/msg/_obstacles.py
[11.706s] -- Installing: /workstation/ros_ws/install/custom_msgs/local/lib/python3.10/dist-packages/custom_msgs/msg/_obstacle_data_s.c
[11.706s] -- Installing: /workstation/ros_ws/install/custom_msgs/local/lib/python3.10/dist-packages/custom_msgs/msg/_obstacle_data.py
[11.706s] -- Installing: /workstation/ros_ws/install/custom_msgs/local/lib/python3.10/dist-packages/custom_msgs/msg/__init__.py
[11.706s] -- Installing: /workstation/ros_ws/install/custom_msgs/local/lib/python3.10/dist-packages/custom_msgs/msg/_obstacles_s.c
[11.706s] -- Installing: /workstation/ros_ws/install/custom_msgs/local/lib/python3.10/dist-packages/custom_msgs/libcustom_msgs__rosidl_generator_py.so
[11.706s] -- Installing: /workstation/ros_ws/install/custom_msgs/local/lib/python3.10/dist-packages/custom_msgs/_custom_msgs_s.ep.rosidl_typesupport_fastrtps_c.c
[11.757s] Listing '/workstation/ros_ws/install/custom_msgs/local/lib/python3.10/dist-packages/custom_msgs'...
[11.757s] Compiling '/workstation/ros_ws/install/custom_msgs/local/lib/python3.10/dist-packages/custom_msgs/__init__.py'...
[11.757s] Listing '/workstation/ros_ws/install/custom_msgs/local/lib/python3.10/dist-packages/custom_msgs/msg'...
[11.757s] Compiling '/workstation/ros_ws/install/custom_msgs/local/lib/python3.10/dist-packages/custom_msgs/msg/__init__.py'...
[11.757s] Compiling '/workstation/ros_ws/install/custom_msgs/local/lib/python3.10/dist-packages/custom_msgs/msg/_obstacle_data.py'...
[11.757s] Compiling '/workstation/ros_ws/install/custom_msgs/local/lib/python3.10/dist-packages/custom_msgs/msg/_obstacles.py'...
[11.763s] -- Installing: /workstation/ros_ws/install/custom_msgs/local/lib/python3.10/dist-packages/custom_msgs/custom_msgs_s__rosidl_typesupport_fastrtps_c.cpython-310-x86_64-linux-gnu.so
[11.763s] -- Set runtime path of "/workstation/ros_ws/install/custom_msgs/local/lib/python3.10/dist-packages/custom_msgs/custom_msgs_s__rosidl_typesupport_fastrtps_c.cpython-310-x86_64-linux-gnu.so" to ""
[11.763s] -- Installing: /workstation/ros_ws/install/custom_msgs/local/lib/python3.10/dist-packages/custom_msgs/custom_msgs_s__rosidl_typesupport_introspection_c.cpython-310-x86_64-linux-gnu.so
[11.764s] -- Set runtime path of "/workstation/ros_ws/install/custom_msgs/local/lib/python3.10/dist-packages/custom_msgs/custom_msgs_s__rosidl_typesupport_introspection_c.cpython-310-x86_64-linux-gnu.so" to ""
[11.764s] -- Installing: /workstation/ros_ws/install/custom_msgs/local/lib/python3.10/dist-packages/custom_msgs/custom_msgs_s__rosidl_typesupport_c.cpython-310-x86_64-linux-gnu.so
[11.764s] -- Set runtime path of "/workstation/ros_ws/install/custom_msgs/local/lib/python3.10/dist-packages/custom_msgs/custom_msgs_s__rosidl_typesupport_c.cpython-310-x86_64-linux-gnu.so" to ""
[11.765s] -- Installing: /workstation/ros_ws/install/custom_msgs/lib/libcustom_msgs__rosidl_generator_py.so
[11.765s] -- Set runtime path of "/workstation/ros_ws/install/custom_msgs/lib/libcustom_msgs__rosidl_generator_py.so" to ""
[11.765s] -- Installing: /workstation/ros_ws/install/custom_msgs/share/custom_msgs/msg/ObstacleData.idl
[11.765s] -- Installing: /workstation/ros_ws/install/custom_msgs/share/custom_msgs/msg/Obstacles.idl
[11.766s] -- Installing: /workstation/ros_ws/install/custom_msgs/share/custom_msgs/msg/ObstacleData.msg
[11.766s] -- Installing: /workstation/ros_ws/install/custom_msgs/share/custom_msgs/msg/Obstacles.msg
[11.766s] -- Installing: /workstation/ros_ws/install/custom_msgs/share/ament_index/resource_index/package_run_dependencies/custom_msgs
[11.767s] -- Installing: /workstation/ros_ws/install/custom_msgs/share/ament_index/resource_index/parent_prefix_path/custom_msgs
[11.767s] -- Installing: /workstation/ros_ws/install/custom_msgs/share/custom_msgs/environment/ament_prefix_path.sh
[11.767s] -- Installing: /workstation/ros_ws/install/custom_msgs/share/custom_msgs/environment/ament_prefix_path.dsv
[11.767s] -- Installing: /workstation/ros_ws/install/custom_msgs/share/custom_msgs/environment/path.sh
[11.768s] -- Installing: /workstation/ros_ws/install/custom_msgs/share/custom_msgs/environment/path.dsv
[11.768s] -- Installing: /workstation/ros_ws/install/custom_msgs/share/custom_msgs/local_setup.bash
[11.768s] -- Installing: /workstation/ros_ws/install/custom_msgs/share/custom_msgs/local_setup.sh
[11.768s] -- Installing: /workstation/ros_ws/install/custom_msgs/share/custom_msgs/local_setup.zsh
[11.769s] -- Installing: /workstation/ros_ws/install/custom_msgs/share/custom_msgs/local_setup.dsv
[11.769s] -- Installing: /workstation/ros_ws/install/custom_msgs/share/custom_msgs/package.dsv
[11.769s] -- Installing: /workstation/ros_ws/install/custom_msgs/share/ament_index/resource_index/packages/custom_msgs
[11.769s] -- Installing: /workstation/ros_ws/install/custom_msgs/share/custom_msgs/cmake/export_custom_msgs__rosidl_generator_cExport.cmake
[11.770s] -- Installing: /workstation/ros_ws/install/custom_msgs/share/custom_msgs/cmake/export_custom_msgs__rosidl_generator_cExport-noconfig.cmake
[11.770s] -- Installing: /workstation/ros_ws/install/custom_msgs/share/custom_msgs/cmake/export_custom_msgs__rosidl_typesupport_fastrtps_cExport.cmake
[11.770s] -- Installing: /workstation/ros_ws/install/custom_msgs/share/custom_msgs/cmake/export_custom_msgs__rosidl_typesupport_fastrtps_cExport-noconfig.cmake
[11.770s] -- Installing: /workstation/ros_ws/install/custom_msgs/share/custom_msgs/cmake/export_custom_msgs__rosidl_generator_cppExport.cmake
[11.770s] -- Installing: /workstation/ros_ws/install/custom_msgs/share/custom_msgs/cmake/export_custom_msgs__rosidl_typesupport_fastrtps_cppExport.cmake
[11.771s] -- Installing: /workstation/ros_ws/install/custom_msgs/share/custom_msgs/cmake/export_custom_msgs__rosidl_typesupport_fastrtps_cppExport-noconfig.cmake
[11.771s] -- Installing: /workstation/ros_ws/install/custom_msgs/share/custom_msgs/cmake/custom_msgs__rosidl_typesupport_introspection_cExport.cmake
[11.771s] -- Installing: /workstation/ros_ws/install/custom_msgs/share/custom_msgs/cmake/custom_msgs__rosidl_typesupport_introspection_cExport-noconfig.cmake
[11.771s] -- Installing: /workstation/ros_ws/install/custom_msgs/share/custom_msgs/cmake/custom_msgs__rosidl_typesupport_cExport.cmake
[11.771s] -- Installing: /workstation/ros_ws/install/custom_msgs/share/custom_msgs/cmake/custom_msgs__rosidl_typesupport_cExport-noconfig.cmake
[11.771s] -- Installing: /workstation/ros_ws/install/custom_msgs/share/custom_msgs/cmake/custom_msgs__rosidl_typesupport_introspection_cppExport.cmake
[11.772s] -- Installing: /workstation/ros_ws/install/custom_msgs/share/custom_msgs/cmake/custom_msgs__rosidl_typesupport_introspection_cppExport-noconfig.cmake
[11.772s] -- Installing: /workstation/ros_ws/install/custom_msgs/share/custom_msgs/cmake/custom_msgs__rosidl_typesupport_cppExport.cmake
[11.772s] -- Installing: /workstation/ros_ws/install/custom_msgs/share/custom_msgs/cmake/custom_msgs__rosidl_typesupport_cppExport-noconfig.cmake
[11.772s] -- Installing: /workstation/ros_ws/install/custom_msgs/share/custom_msgs/cmake/export_custom_msgs__rosidl_generator_pyExport.cmake
[11.772s] -- Installing: /workstation/ros_ws/install/custom_msgs/share/custom_msgs/cmake/export_custom_msgs__rosidl_generator_pyExport-noconfig.cmake
[11.772s] -- Installing: /workstation/ros_ws/install/custom_msgs/share/custom_msgs/cmake/rosidl_cmake-extras.cmake
[11.772s] -- Installing: /workstation/ros_ws/install/custom_msgs/share/custom_msgs/cmake/ament_cmake_export_dependencies-extras.cmake
[11.773s] -- Installing: /workstation/ros_ws/install/custom_msgs/share/custom_msgs/cmake/ament_cmake_export_include_directories-extras.cmake
[11.773s] -- Installing: /workstation/ros_ws/install/custom_msgs/share/custom_msgs/cmake/ament_cmake_export_libraries-extras.cmake
[11.773s] -- Installing: /workstation/ros_ws/install/custom_msgs/share/custom_msgs/cmake/ament_cmake_export_targets-extras.cmake
[11.773s] -- Installing: /workstation/ros_ws/install/custom_msgs/share/custom_msgs/cmake/rosidl_cmake_export_typesupport_targets-extras.cmake
[11.773s] -- Installing: /workstation/ros_ws/install/custom_msgs/share/custom_msgs/cmake/rosidl_cmake_export_typesupport_libraries-extras.cmake
[11.773s] -- Installing: /workstation/ros_ws/install/custom_msgs/share/custom_msgs/cmake/custom_msgsConfig.cmake
[11.774s] -- Installing: /workstation/ros_ws/install/custom_msgs/share/custom_msgs/cmake/custom_msgsConfig-version.cmake
[11.774s] -- Installing: /workstation/ros_ws/install/custom_msgs/share/custom_msgs/package.xml
[11.777s] Invoked command in '/workstation/ros_ws/build/custom_msgs' returned '0': CMAKE_PREFIX_PATH=/opt/ros/humble /usr/bin/cmake --install /workstation/ros_ws/build/custom_msgs
