[0.024s] Invoking command in '/workstation/nav2_ws/build/nav2_collision_monitor': AMENT_PREFIX_PATH=/workstation/nav2_ws/install/nav2_costmap_2d:/workstation/nav2_ws/install/nav2_map_server:/workstation/nav2_ws/install/nav2_lifecycle_manager:/workstation/nav2_ws/install/nav2_util:/workstation/nav2_ws/install/nav2_voxel_grid:/workstation/nav2_ws/install/nav2_msgs:/workstation/nav2_ws/install/nav2_common:${AMENT_PREFIX_PATH} CMAKE_PREFIX_PATH=/workstation/nav2_ws/install/nav2_costmap_2d:/workstation/nav2_ws/install/nav2_map_server:/workstation/nav2_ws/install/nav2_lifecycle_manager:/workstation/nav2_ws/install/nav2_util:/workstation/nav2_ws/install/nav2_voxel_grid:/workstation/nav2_ws/install/nav2_msgs:/workstation/nav2_ws/install/nav2_common:/opt/ros/humble LD_LIBRARY_PATH=/workstation/nav2_ws/install/nav2_costmap_2d/lib:/workstation/nav2_ws/install/nav2_map_server/lib:/workstation/nav2_ws/install/nav2_lifecycle_manager/lib:/workstation/nav2_ws/install/nav2_util/lib:/workstation/nav2_ws/install/nav2_voxel_grid/lib:/workstation/nav2_ws/install/nav2_msgs/lib:${LD_LIBRARY_PATH} PYTHONPATH=/workstation/nav2_ws/install/nav2_msgs/local/lib/python3.10/dist-packages:/workstation/nav2_ws/install/nav2_common/local/lib/python3.10/dist-packages:${PYTHONPATH} /usr/bin/cmake /workstation/nav2_ws/src/navigation2/nav2_collision_monitor -DCMAKE_INSTALL_PREFIX=/workstation/nav2_ws/install/nav2_collision_monitor
[0.077s] -- The C compiler identification is GNU 11.4.0
[0.131s] -- The CXX compiler identification is GNU 11.4.0
[0.138s] -- Detecting C compiler ABI info
[0.203s] -- Detecting C compiler ABI info - done
[0.210s] -- Check for working C compiler: /usr/bin/cc - skipped
[0.211s] -- Detecting C compile features
[0.211s] -- Detecting C compile features - done
[0.214s] -- Detecting CXX compiler ABI info
[0.292s] -- Detecting CXX compiler ABI info - done
[0.299s] -- Check for working CXX compiler: /usr/bin/c++ - skipped
[0.300s] -- Detecting CXX compile features
[0.300s] -- Detecting CXX compile features - done
[0.303s] -- Found ament_cmake: 1.3.10 (/opt/ros/humble/share/ament_cmake/cmake)
[0.462s] -- Found Python3: /usr/bin/python3 (found version "3.10.12") found components: Interpreter 
[0.569s] -- Found rclcpp: 16.0.10 (/opt/ros/humble/share/rclcpp/cmake)
[0.620s] -- Found rosidl_generator_c: 3.1.5 (/opt/ros/humble/share/rosidl_generator_c/cmake)
[0.627s] -- Found rosidl_adapter: 3.1.5 (/opt/ros/humble/share/rosidl_adapter/cmake)
[0.636s] -- Found rosidl_generator_cpp: 3.1.5 (/opt/ros/humble/share/rosidl_generator_cpp/cmake)
[0.651s] -- Using all available rosidl_typesupport_c: rosidl_typesupport_fastrtps_c;rosidl_typesupport_introspection_c
[0.670s] -- Using all available rosidl_typesupport_cpp: rosidl_typesupport_fastrtps_cpp;rosidl_typesupport_introspection_cpp
[0.723s] -- Found rmw_implementation_cmake: 6.1.2 (/opt/ros/humble/share/rmw_implementation_cmake/cmake)
[0.726s] -- Found rmw_fastrtps_cpp: 6.2.7 (/opt/ros/humble/share/rmw_fastrtps_cpp/cmake)
[0.815s] -- Found OpenSSL: /usr/lib/x86_64-linux-gnu/libcrypto.so (found version "3.0.2")  
[0.846s] -- Found FastRTPS: /opt/ros/humble/include  
[0.888s] -- Using RMW implementation 'rmw_fastrtps_cpp' as default
[0.898s] -- Looking for pthread.h
[0.964s] -- Looking for pthread.h - found
[0.965s] -- Performing Test CMAKE_HAVE_LIBC_PTHREAD
[1.036s] -- Performing Test CMAKE_HAVE_LIBC_PTHREAD - Success
[1.037s] -- Found Threads: TRUE  
[1.098s] -- Found rclcpp_components: 16.0.10 (/opt/ros/humble/share/rclcpp_components/cmake)
[1.131s] -- Found sensor_msgs: 4.2.4 (/opt/ros/humble/share/sensor_msgs/cmake)
[1.167s] -- Found tf2: 0.25.8 (/opt/ros/humble/share/tf2/cmake)
[1.172s] -- Found tf2_ros: 0.25.8 (/opt/ros/humble/share/tf2_ros/cmake)
[1.249s] -- Found tf2_geometry_msgs: 0.25.8 (/opt/ros/humble/share/tf2_geometry_msgs/cmake)
[1.265s] -- Found eigen3_cmake_module: 0.1.1 (/opt/ros/humble/share/eigen3_cmake_module/cmake)
[1.266s] -- Found Eigen3: TRUE (found version "3.4.0") 
[1.266s] -- Ensuring Eigen3 include directory is part of orocos-kdl CMake target
[1.268s] -- Found nav2_common: 1.1.16 (/workstation/nav2_ws/install/nav2_common/share/nav2_common/cmake)
[1.269s] -- Found nav2_util: 1.1.16 (/workstation/nav2_ws/install/nav2_util/share/nav2_util/cmake)
[1.372s] -- Found nav2_costmap_2d: 1.1.16 (/workstation/nav2_ws/install/nav2_costmap_2d/share/nav2_costmap_2d/cmake)
[1.484s] -- Setting build type to Release as none was specified.
[1.538s] -- Found ament_lint_auto: 0.12.11 (/opt/ros/humble/share/ament_lint_auto/cmake)
[1.630s] -- Found gtest sources under '/opt/ros/humble/src/gtest_vendor': C++ tests using 'Google Test' will be built
[1.754s] -- Added test 'cppcheck' to perform static code analysis on C / C++ code
[1.755s] -- Configured cppcheck include dirs: /workstation/nav2_ws/src/navigation2/nav2_collision_monitor/include
[1.755s] -- Configured cppcheck exclude dirs and/or files: 
[1.757s] -- Added test 'flake8' to check Python code syntax and style conventions
[1.757s] -- Added test 'lint_cmake' to check CMake code style
[1.757s] -- Added test 'pep257' to check Python code against some of the docstring style conventions in PEP 257
[1.759s] -- Added test 'uncrustify' to check C / C++ code style
[1.760s] -- Configured uncrustify additional arguments: 
[1.760s] -- Added test 'xmllint' to check XML markup files
[1.763s] -- Configuring done
[2.275s] -- Generating done
[2.276s] -- Build files have been written to: /workstation/nav2_ws/build/nav2_collision_monitor
[2.316s] Invoked command in '/workstation/nav2_ws/build/nav2_collision_monitor' returned '0': AMENT_PREFIX_PATH=/workstation/nav2_ws/install/nav2_costmap_2d:/workstation/nav2_ws/install/nav2_map_server:/workstation/nav2_ws/install/nav2_lifecycle_manager:/workstation/nav2_ws/install/nav2_util:/workstation/nav2_ws/install/nav2_voxel_grid:/workstation/nav2_ws/install/nav2_msgs:/workstation/nav2_ws/install/nav2_common:${AMENT_PREFIX_PATH} CMAKE_PREFIX_PATH=/workstation/nav2_ws/install/nav2_costmap_2d:/workstation/nav2_ws/install/nav2_map_server:/workstation/nav2_ws/install/nav2_lifecycle_manager:/workstation/nav2_ws/install/nav2_util:/workstation/nav2_ws/install/nav2_voxel_grid:/workstation/nav2_ws/install/nav2_msgs:/workstation/nav2_ws/install/nav2_common:/opt/ros/humble LD_LIBRARY_PATH=/workstation/nav2_ws/install/nav2_costmap_2d/lib:/workstation/nav2_ws/install/nav2_map_server/lib:/workstation/nav2_ws/install/nav2_lifecycle_manager/lib:/workstation/nav2_ws/install/nav2_util/lib:/workstation/nav2_ws/install/nav2_voxel_grid/lib:/workstation/nav2_ws/install/nav2_msgs/lib:${LD_LIBRARY_PATH} PYTHONPATH=/workstation/nav2_ws/install/nav2_msgs/local/lib/python3.10/dist-packages:/workstation/nav2_ws/install/nav2_common/local/lib/python3.10/dist-packages:${PYTHONPATH} /usr/bin/cmake /workstation/nav2_ws/src/navigation2/nav2_collision_monitor -DCMAKE_INSTALL_PREFIX=/workstation/nav2_ws/install/nav2_collision_monitor
[2.316s] Invoking command in '/workstation/nav2_ws/build/nav2_collision_monitor': AMENT_PREFIX_PATH=/workstation/nav2_ws/install/nav2_costmap_2d:/workstation/nav2_ws/install/nav2_map_server:/workstation/nav2_ws/install/nav2_lifecycle_manager:/workstation/nav2_ws/install/nav2_util:/workstation/nav2_ws/install/nav2_voxel_grid:/workstation/nav2_ws/install/nav2_msgs:/workstation/nav2_ws/install/nav2_common:${AMENT_PREFIX_PATH} CMAKE_PREFIX_PATH=/workstation/nav2_ws/install/nav2_costmap_2d:/workstation/nav2_ws/install/nav2_map_server:/workstation/nav2_ws/install/nav2_lifecycle_manager:/workstation/nav2_ws/install/nav2_util:/workstation/nav2_ws/install/nav2_voxel_grid:/workstation/nav2_ws/install/nav2_msgs:/workstation/nav2_ws/install/nav2_common:/opt/ros/humble LD_LIBRARY_PATH=/workstation/nav2_ws/install/nav2_costmap_2d/lib:/workstation/nav2_ws/install/nav2_map_server/lib:/workstation/nav2_ws/install/nav2_lifecycle_manager/lib:/workstation/nav2_ws/install/nav2_util/lib:/workstation/nav2_ws/install/nav2_voxel_grid/lib:/workstation/nav2_ws/install/nav2_msgs/lib:${LD_LIBRARY_PATH} PYTHONPATH=/workstation/nav2_ws/install/nav2_msgs/local/lib/python3.10/dist-packages:/workstation/nav2_ws/install/nav2_common/local/lib/python3.10/dist-packages:${PYTHONPATH} /usr/bin/cmake --build /workstation/nav2_ws/build/nav2_collision_monitor -- -j12 -l12
[8.643s] [  4%] [32mBuilding CXX object gtest/CMakeFiles/gtest_main.dir/src/gtest_main.cc.o[0m
[8.643s] [  8%] [32mBuilding CXX object gtest/CMakeFiles/gtest.dir/src/gtest-all.cc.o[0m
[8.643s] [ 13%] [32mBuilding CXX object CMakeFiles/collision_monitor_core.dir/src/circle.cpp.o[0m
[8.650s] [ 17%] [32mBuilding CXX object CMakeFiles/collision_monitor_core.dir/src/polygon.cpp.o[0m
[8.651s] [ 21%] [32mBuilding CXX object CMakeFiles/collision_monitor_core.dir/src/collision_monitor_node.cpp.o[0m
[8.651s] [ 26%] [32mBuilding CXX object CMakeFiles/collision_monitor_core.dir/src/source.cpp.o[0m
[8.651s] [ 30%] [32m[1mLinking CXX static library libgtest_main.a[0m
[8.651s] [ 30%] Built target gtest_main
[10.867s] [ 34%] [32mBuilding CXX object CMakeFiles/collision_monitor_core.dir/src/kinematics.cpp.o[0m
[18.390s] [ 39%] [32m[1mLinking CXX static library libgtest.a[0m
[18.547s] [ 39%] Built target gtest
[40.653s] [ 43%] [32mBuilding CXX object CMakeFiles/collision_monitor_core.dir/src/range.cpp.o[0m
[62.578s] [ 47%] [32mBuilding CXX object CMakeFiles/collision_monitor_core.dir/src/pointcloud.cpp.o[0m
[82.036s] [ 52%] [32mBuilding CXX object CMakeFiles/collision_monitor_core.dir/src/scan.cpp.o[0m
[99.534s] [ 56%] [32m[1mLinking CXX shared library libcollision_monitor_core.so[0m
[100.664s] [ 56%] Built target collision_monitor_core
[100.702s] [ 60%] [32mBuilding CXX object CMakeFiles/collision_monitor.dir/src/main.cpp.o[0m
[107.749s] [ 65%] [32m[1mLinking CXX executable collision_monitor[0m
[108.431s] [ 65%] Built target collision_monitor
[108.472s] [ 69%] [32mBuilding CXX object test/CMakeFiles/collision_monitor_node_test.dir/collision_monitor_node_test.cpp.o[0m
[148.731s] [ 73%] [32m[1mLinking CXX executable collision_monitor_node_test[0m
[149.582s] [ 73%] Built target collision_monitor_node_test
[149.609s] [ 78%] [32mBuilding CXX object test/CMakeFiles/polygons_test.dir/polygons_test.cpp.o[0m
[171.853s] [ 82%] [32m[1mLinking CXX executable polygons_test[0m
[172.527s] [ 82%] Built target polygons_test
[172.559s] [ 86%] [32mBuilding CXX object test/CMakeFiles/sources_test.dir/sources_test.cpp.o[0m
[172.560s] [ 91%] [32mBuilding CXX object test/CMakeFiles/kinematics_test.dir/kinematics_test.cpp.o[0m
[181.332s] [ 95%] [32m[1mLinking CXX executable kinematics_test[0m
[182.173s] [ 95%] Built target kinematics_test
[206.355s] [100%] [32m[1mLinking CXX executable sources_test[0m
[207.325s] [100%] Built target sources_test
[207.343s] Invoked command in '/workstation/nav2_ws/build/nav2_collision_monitor' returned '0': AMENT_PREFIX_PATH=/workstation/nav2_ws/install/nav2_costmap_2d:/workstation/nav2_ws/install/nav2_map_server:/workstation/nav2_ws/install/nav2_lifecycle_manager:/workstation/nav2_ws/install/nav2_util:/workstation/nav2_ws/install/nav2_voxel_grid:/workstation/nav2_ws/install/nav2_msgs:/workstation/nav2_ws/install/nav2_common:${AMENT_PREFIX_PATH} CMAKE_PREFIX_PATH=/workstation/nav2_ws/install/nav2_costmap_2d:/workstation/nav2_ws/install/nav2_map_server:/workstation/nav2_ws/install/nav2_lifecycle_manager:/workstation/nav2_ws/install/nav2_util:/workstation/nav2_ws/install/nav2_voxel_grid:/workstation/nav2_ws/install/nav2_msgs:/workstation/nav2_ws/install/nav2_common:/opt/ros/humble LD_LIBRARY_PATH=/workstation/nav2_ws/install/nav2_costmap_2d/lib:/workstation/nav2_ws/install/nav2_map_server/lib:/workstation/nav2_ws/install/nav2_lifecycle_manager/lib:/workstation/nav2_ws/install/nav2_util/lib:/workstation/nav2_ws/install/nav2_voxel_grid/lib:/workstation/nav2_ws/install/nav2_msgs/lib:${LD_LIBRARY_PATH} PYTHONPATH=/workstation/nav2_ws/install/nav2_msgs/local/lib/python3.10/dist-packages:/workstation/nav2_ws/install/nav2_common/local/lib/python3.10/dist-packages:${PYTHONPATH} /usr/bin/cmake --build /workstation/nav2_ws/build/nav2_collision_monitor -- -j12 -l12
[207.438s] Invoking command in '/workstation/nav2_ws/build/nav2_collision_monitor': AMENT_PREFIX_PATH=/workstation/nav2_ws/install/nav2_costmap_2d:/workstation/nav2_ws/install/nav2_map_server:/workstation/nav2_ws/install/nav2_lifecycle_manager:/workstation/nav2_ws/install/nav2_util:/workstation/nav2_ws/install/nav2_voxel_grid:/workstation/nav2_ws/install/nav2_msgs:/workstation/nav2_ws/install/nav2_common:${AMENT_PREFIX_PATH} CMAKE_PREFIX_PATH=/workstation/nav2_ws/install/nav2_costmap_2d:/workstation/nav2_ws/install/nav2_map_server:/workstation/nav2_ws/install/nav2_lifecycle_manager:/workstation/nav2_ws/install/nav2_util:/workstation/nav2_ws/install/nav2_voxel_grid:/workstation/nav2_ws/install/nav2_msgs:/workstation/nav2_ws/install/nav2_common:/opt/ros/humble LD_LIBRARY_PATH=/workstation/nav2_ws/install/nav2_costmap_2d/lib:/workstation/nav2_ws/install/nav2_map_server/lib:/workstation/nav2_ws/install/nav2_lifecycle_manager/lib:/workstation/nav2_ws/install/nav2_util/lib:/workstation/nav2_ws/install/nav2_voxel_grid/lib:/workstation/nav2_ws/install/nav2_msgs/lib:${LD_LIBRARY_PATH} PYTHONPATH=/workstation/nav2_ws/install/nav2_msgs/local/lib/python3.10/dist-packages:/workstation/nav2_ws/install/nav2_common/local/lib/python3.10/dist-packages:${PYTHONPATH} /usr/bin/cmake --install /workstation/nav2_ws/build/nav2_collision_monitor
[212.038s] -- Install configuration: "Release"
[212.039s] -- Installing: /workstation/nav2_ws/install/nav2_collision_monitor/lib/libcollision_monitor_core.so
[212.040s] -- Set runtime path of "/workstation/nav2_ws/install/nav2_collision_monitor/lib/libcollision_monitor_core.so" to ""
[212.041s] -- Installing: /workstation/nav2_ws/install/nav2_collision_monitor/lib/nav2_collision_monitor/collision_monitor
[212.041s] -- Set runtime path of "/workstation/nav2_ws/install/nav2_collision_monitor/lib/nav2_collision_monitor/collision_monitor" to ""
[212.041s] -- Installing: /workstation/nav2_ws/install/nav2_collision_monitor/include/
[212.041s] -- Installing: /workstation/nav2_ws/install/nav2_collision_monitor/include//nav2_collision_monitor
[212.041s] -- Installing: /workstation/nav2_ws/install/nav2_collision_monitor/include//nav2_collision_monitor/source.hpp
[212.041s] -- Installing: /workstation/nav2_ws/install/nav2_collision_monitor/include//nav2_collision_monitor/polygon.hpp
[212.041s] -- Installing: /workstation/nav2_ws/install/nav2_collision_monitor/include//nav2_collision_monitor/range.hpp
[212.041s] -- Installing: /workstation/nav2_ws/install/nav2_collision_monitor/include//nav2_collision_monitor/pointcloud.hpp
[212.042s] -- Installing: /workstation/nav2_ws/install/nav2_collision_monitor/include//nav2_collision_monitor/types.hpp
[212.042s] -- Installing: /workstation/nav2_ws/install/nav2_collision_monitor/include//nav2_collision_monitor/scan.hpp
[212.042s] -- Installing: /workstation/nav2_ws/install/nav2_collision_monitor/include//nav2_collision_monitor/circle.hpp
[212.042s] -- Installing: /workstation/nav2_ws/install/nav2_collision_monitor/include//nav2_collision_monitor/kinematics.hpp
[212.042s] -- Installing: /workstation/nav2_ws/install/nav2_collision_monitor/include//nav2_collision_monitor/collision_monitor_node.hpp
[212.042s] -- Installing: /workstation/nav2_ws/install/nav2_collision_monitor/share/nav2_collision_monitor/launch
[212.042s] -- Installing: /workstation/nav2_ws/install/nav2_collision_monitor/share/nav2_collision_monitor/launch/collision_monitor_node.launch.py
[212.042s] -- Installing: /workstation/nav2_ws/install/nav2_collision_monitor/share/nav2_collision_monitor/params
[212.043s] -- Installing: /workstation/nav2_ws/install/nav2_collision_monitor/share/nav2_collision_monitor/params/collision_monitor_params.yaml
[212.043s] -- Installing: /workstation/nav2_ws/install/nav2_collision_monitor/share/nav2_collision_monitor/environment/library_path.sh
[212.043s] -- Installing: /workstation/nav2_ws/install/nav2_collision_monitor/share/nav2_collision_monitor/environment/library_path.dsv
[212.043s] -- Installing: /workstation/nav2_ws/install/nav2_collision_monitor/share/ament_index/resource_index/package_run_dependencies/nav2_collision_monitor
[212.043s] -- Installing: /workstation/nav2_ws/install/nav2_collision_monitor/share/ament_index/resource_index/parent_prefix_path/nav2_collision_monitor
[212.043s] -- Installing: /workstation/nav2_ws/install/nav2_collision_monitor/share/nav2_collision_monitor/environment/ament_prefix_path.sh
[212.043s] -- Installing: /workstation/nav2_ws/install/nav2_collision_monitor/share/nav2_collision_monitor/environment/ament_prefix_path.dsv
[212.043s] -- Installing: /workstation/nav2_ws/install/nav2_collision_monitor/share/nav2_collision_monitor/environment/path.sh
[212.044s] -- Installing: /workstation/nav2_ws/install/nav2_collision_monitor/share/nav2_collision_monitor/environment/path.dsv
[212.044s] -- Installing: /workstation/nav2_ws/install/nav2_collision_monitor/share/nav2_collision_monitor/local_setup.bash
[212.044s] -- Installing: /workstation/nav2_ws/install/nav2_collision_monitor/share/nav2_collision_monitor/local_setup.sh
[212.044s] -- Installing: /workstation/nav2_ws/install/nav2_collision_monitor/share/nav2_collision_monitor/local_setup.zsh
[212.044s] -- Installing: /workstation/nav2_ws/install/nav2_collision_monitor/share/nav2_collision_monitor/local_setup.dsv
[212.048s] -- Installing: /workstation/nav2_ws/install/nav2_collision_monitor/share/nav2_collision_monitor/package.dsv
[212.048s] -- Installing: /workstation/nav2_ws/install/nav2_collision_monitor/share/ament_index/resource_index/packages/nav2_collision_monitor
[212.049s] -- Installing: /workstation/nav2_ws/install/nav2_collision_monitor/share/ament_index/resource_index/rclcpp_components/nav2_collision_monitor
[212.049s] -- Installing: /workstation/nav2_ws/install/nav2_collision_monitor/share/nav2_collision_monitor/cmake/ament_cmake_export_include_directories-extras.cmake
[212.049s] -- Installing: /workstation/nav2_ws/install/nav2_collision_monitor/share/nav2_collision_monitor/cmake/ament_cmake_export_libraries-extras.cmake
[212.049s] -- Installing: /workstation/nav2_ws/install/nav2_collision_monitor/share/nav2_collision_monitor/cmake/ament_cmake_export_dependencies-extras.cmake
[212.049s] -- Installing: /workstation/nav2_ws/install/nav2_collision_monitor/share/nav2_collision_monitor/cmake/nav2_collision_monitorConfig.cmake
[212.049s] -- Installing: /workstation/nav2_ws/install/nav2_collision_monitor/share/nav2_collision_monitor/cmake/nav2_collision_monitorConfig-version.cmake
[212.049s] -- Installing: /workstation/nav2_ws/install/nav2_collision_monitor/share/nav2_collision_monitor/package.xml
[212.050s] Invoked command in '/workstation/nav2_ws/build/nav2_collision_monitor' returned '0': AMENT_PREFIX_PATH=/workstation/nav2_ws/install/nav2_costmap_2d:/workstation/nav2_ws/install/nav2_map_server:/workstation/nav2_ws/install/nav2_lifecycle_manager:/workstation/nav2_ws/install/nav2_util:/workstation/nav2_ws/install/nav2_voxel_grid:/workstation/nav2_ws/install/nav2_msgs:/workstation/nav2_ws/install/nav2_common:${AMENT_PREFIX_PATH} CMAKE_PREFIX_PATH=/workstation/nav2_ws/install/nav2_costmap_2d:/workstation/nav2_ws/install/nav2_map_server:/workstation/nav2_ws/install/nav2_lifecycle_manager:/workstation/nav2_ws/install/nav2_util:/workstation/nav2_ws/install/nav2_voxel_grid:/workstation/nav2_ws/install/nav2_msgs:/workstation/nav2_ws/install/nav2_common:/opt/ros/humble LD_LIBRARY_PATH=/workstation/nav2_ws/install/nav2_costmap_2d/lib:/workstation/nav2_ws/install/nav2_map_server/lib:/workstation/nav2_ws/install/nav2_lifecycle_manager/lib:/workstation/nav2_ws/install/nav2_util/lib:/workstation/nav2_ws/install/nav2_voxel_grid/lib:/workstation/nav2_ws/install/nav2_msgs/lib:${LD_LIBRARY_PATH} PYTHONPATH=/workstation/nav2_ws/install/nav2_msgs/local/lib/python3.10/dist-packages:/workstation/nav2_ws/install/nav2_common/local/lib/python3.10/dist-packages:${PYTHONPATH} /usr/bin/cmake --install /workstation/nav2_ws/build/nav2_collision_monitor
