[0.081s] Invoking command in '/workstation/nav2_ws/build/nav2_costmap_2d': AMENT_PREFIX_PATH=/workstation/nav2_ws/install/nav2_map_server:/workstation/nav2_ws/install/nav2_lifecycle_manager:/workstation/nav2_ws/install/nav2_util:/workstation/nav2_ws/install/nav2_voxel_grid:/workstation/nav2_ws/install/nav2_msgs:/workstation/nav2_ws/install/nav2_common:${AMENT_PREFIX_PATH} CMAKE_PREFIX_PATH=/workstation/nav2_ws/install/nav2_map_server:/workstation/nav2_ws/install/nav2_lifecycle_manager:/workstation/nav2_ws/install/nav2_util:/workstation/nav2_ws/install/nav2_voxel_grid:/workstation/nav2_ws/install/nav2_msgs:/workstation/nav2_ws/install/nav2_common:/opt/ros/humble LD_LIBRARY_PATH=/workstation/nav2_ws/install/nav2_map_server/lib:/workstation/nav2_ws/install/nav2_lifecycle_manager/lib:/workstation/nav2_ws/install/nav2_util/lib:/workstation/nav2_ws/install/nav2_voxel_grid/lib:/workstation/nav2_ws/install/nav2_msgs/lib:${LD_LIBRARY_PATH} PYTHONPATH=/workstation/nav2_ws/install/nav2_msgs/local/lib/python3.10/dist-packages:/workstation/nav2_ws/install/nav2_common/local/lib/python3.10/dist-packages:${PYTHONPATH} /usr/bin/cmake --build /workstation/nav2_ws/build/nav2_costmap_2d -- -j12 -l12
[0.173s] [  2%] Built target gtest_main
[0.174s] [  4%] Built target gtest
[0.209s] [ 21%] Built target nav2_costmap_2d_core
[0.274s] [ 26%] Built target nav2_costmap_2d_markers
[0.276s] [ 26%] Built target array_parser_test
[0.282s] [ 29%] Built target collision_footprint_test
[0.283s] [ 31%] Built target costmap_convesion_test
[0.283s] [ 34%] Built target copy_window_test
[0.293s] [ 36%] Built target costmap_filter_service_test
[0.293s] [ 39%] Built target costmap_filter_test
[0.294s] [ 41%] Built target declare_parameter_test
[0.294s] [ 43%] Built target nav2_costmap_2d_cloud
[0.297s] [ 48%] Built target nav2_costmap_2d_client
[0.298s] [ 53%] Built target filters
[0.315s] [ 63%] Built target layers
[0.346s] [ 65%] Built target dyn_params_tests
[0.347s] [ 68%] Built target costmap_bresenham_2d
[0.361s] [ 70%] Built target order_layer
[0.364s] [ 73%] Built target speed_filter_test
[0.366s] [ 75%] Built target keepout_filter_test
[0.378s] [ 78%] Built target plugin_api_order
[0.381s] [ 80%] Built target binary_filter_test
[0.396s] [ 82%] Built target footprint_tests_exec
[0.396s] [ 87%] Built target test_collision_checker_exec
[0.396s] [ 90%] Built target denoise_layer_test
[0.398s] [ 92%] Built target nav2_costmap_2d
[0.399s] [ 95%] Built target inflation_tests_exec
[0.410s] [ 97%] Built target obstacle_tests_exec
[0.413s] [100%] Built target range_tests_exec
[0.429s] Invoked command in '/workstation/nav2_ws/build/nav2_costmap_2d' returned '0': AMENT_PREFIX_PATH=/workstation/nav2_ws/install/nav2_map_server:/workstation/nav2_ws/install/nav2_lifecycle_manager:/workstation/nav2_ws/install/nav2_util:/workstation/nav2_ws/install/nav2_voxel_grid:/workstation/nav2_ws/install/nav2_msgs:/workstation/nav2_ws/install/nav2_common:${AMENT_PREFIX_PATH} CMAKE_PREFIX_PATH=/workstation/nav2_ws/install/nav2_map_server:/workstation/nav2_ws/install/nav2_lifecycle_manager:/workstation/nav2_ws/install/nav2_util:/workstation/nav2_ws/install/nav2_voxel_grid:/workstation/nav2_ws/install/nav2_msgs:/workstation/nav2_ws/install/nav2_common:/opt/ros/humble LD_LIBRARY_PATH=/workstation/nav2_ws/install/nav2_map_server/lib:/workstation/nav2_ws/install/nav2_lifecycle_manager/lib:/workstation/nav2_ws/install/nav2_util/lib:/workstation/nav2_ws/install/nav2_voxel_grid/lib:/workstation/nav2_ws/install/nav2_msgs/lib:${LD_LIBRARY_PATH} PYTHONPATH=/workstation/nav2_ws/install/nav2_msgs/local/lib/python3.10/dist-packages:/workstation/nav2_ws/install/nav2_common/local/lib/python3.10/dist-packages:${PYTHONPATH} /usr/bin/cmake --build /workstation/nav2_ws/build/nav2_costmap_2d -- -j12 -l12
[0.533s] Invoking command in '/workstation/nav2_ws/build/nav2_costmap_2d': AMENT_PREFIX_PATH=/workstation/nav2_ws/install/nav2_map_server:/workstation/nav2_ws/install/nav2_lifecycle_manager:/workstation/nav2_ws/install/nav2_util:/workstation/nav2_ws/install/nav2_voxel_grid:/workstation/nav2_ws/install/nav2_msgs:/workstation/nav2_ws/install/nav2_common:${AMENT_PREFIX_PATH} CMAKE_PREFIX_PATH=/workstation/nav2_ws/install/nav2_map_server:/workstation/nav2_ws/install/nav2_lifecycle_manager:/workstation/nav2_ws/install/nav2_util:/workstation/nav2_ws/install/nav2_voxel_grid:/workstation/nav2_ws/install/nav2_msgs:/workstation/nav2_ws/install/nav2_common:/opt/ros/humble LD_LIBRARY_PATH=/workstation/nav2_ws/install/nav2_map_server/lib:/workstation/nav2_ws/install/nav2_lifecycle_manager/lib:/workstation/nav2_ws/install/nav2_util/lib:/workstation/nav2_ws/install/nav2_voxel_grid/lib:/workstation/nav2_ws/install/nav2_msgs/lib:${LD_LIBRARY_PATH} PYTHONPATH=/workstation/nav2_ws/install/nav2_msgs/local/lib/python3.10/dist-packages:/workstation/nav2_ws/install/nav2_common/local/lib/python3.10/dist-packages:${PYTHONPATH} /usr/bin/cmake --install /workstation/nav2_ws/build/nav2_costmap_2d
[0.542s] -- Install configuration: "Release"
[0.543s] -- Up-to-date: /workstation/nav2_ws/install/nav2_costmap_2d/lib/liblayers.so
[0.543s] -- Up-to-date: /workstation/nav2_ws/install/nav2_costmap_2d/lib/libfilters.so
[0.544s] -- Up-to-date: /workstation/nav2_ws/install/nav2_costmap_2d/lib/libnav2_costmap_2d_core.so
[0.544s] -- Up-to-date: /workstation/nav2_ws/install/nav2_costmap_2d/lib/libnav2_costmap_2d_client.so
[0.545s] -- Up-to-date: /workstation/nav2_ws/install/nav2_costmap_2d/lib/nav2_costmap_2d/nav2_costmap_2d_markers
[0.545s] -- Up-to-date: /workstation/nav2_ws/install/nav2_costmap_2d/lib/nav2_costmap_2d/nav2_costmap_2d_cloud
[0.546s] -- Up-to-date: /workstation/nav2_ws/install/nav2_costmap_2d/lib/nav2_costmap_2d/nav2_costmap_2d
[0.546s] -- Up-to-date: /workstation/nav2_ws/install/nav2_costmap_2d/share/nav2_costmap_2d/costmap_plugins.xml
[0.546s] -- Up-to-date: /workstation/nav2_ws/install/nav2_costmap_2d/include/nav2_costmap_2d
[0.546s] -- Up-to-date: /workstation/nav2_ws/install/nav2_costmap_2d/include/nav2_costmap_2d/nav2_costmap_2d
[0.546s] -- Up-to-date: /workstation/nav2_ws/install/nav2_costmap_2d/include/nav2_costmap_2d/nav2_costmap_2d/costmap_2d.hpp
[0.546s] -- Up-to-date: /workstation/nav2_ws/install/nav2_costmap_2d/include/nav2_costmap_2d/nav2_costmap_2d/static_layer.hpp
[0.547s] -- Up-to-date: /workstation/nav2_ws/install/nav2_costmap_2d/include/nav2_costmap_2d/nav2_costmap_2d/clear_costmap_service.hpp
[0.547s] -- Up-to-date: /workstation/nav2_ws/install/nav2_costmap_2d/include/nav2_costmap_2d/nav2_costmap_2d/footprint_collision_checker.hpp
[0.547s] -- Up-to-date: /workstation/nav2_ws/install/nav2_costmap_2d/include/nav2_costmap_2d/nav2_costmap_2d/range_sensor_layer.hpp
[0.547s] -- Up-to-date: /workstation/nav2_ws/install/nav2_costmap_2d/include/nav2_costmap_2d/nav2_costmap_2d/costmap_2d_publisher.hpp
[0.547s] -- Up-to-date: /workstation/nav2_ws/install/nav2_costmap_2d/include/nav2_costmap_2d/nav2_costmap_2d/obstacle_layer.hpp
[0.547s] -- Up-to-date: /workstation/nav2_ws/install/nav2_costmap_2d/include/nav2_costmap_2d/nav2_costmap_2d/cost_values.hpp
[0.547s] -- Up-to-date: /workstation/nav2_ws/install/nav2_costmap_2d/include/nav2_costmap_2d/nav2_costmap_2d/denoise
[0.547s] -- Up-to-date: /workstation/nav2_ws/install/nav2_costmap_2d/include/nav2_costmap_2d/nav2_costmap_2d/denoise/image.hpp
[0.547s] -- Up-to-date: /workstation/nav2_ws/install/nav2_costmap_2d/include/nav2_costmap_2d/nav2_costmap_2d/denoise/image_processing.hpp
[0.547s] -- Up-to-date: /workstation/nav2_ws/install/nav2_costmap_2d/include/nav2_costmap_2d/nav2_costmap_2d/footprint_subscriber.hpp
[0.547s] -- Up-to-date: /workstation/nav2_ws/install/nav2_costmap_2d/include/nav2_costmap_2d/nav2_costmap_2d/layer.hpp
[0.547s] -- Up-to-date: /workstation/nav2_ws/install/nav2_costmap_2d/include/nav2_costmap_2d/nav2_costmap_2d/footprint.hpp
[0.547s] -- Up-to-date: /workstation/nav2_ws/install/nav2_costmap_2d/include/nav2_costmap_2d/nav2_costmap_2d/costmap_layer.hpp
[0.547s] -- Up-to-date: /workstation/nav2_ws/install/nav2_costmap_2d/include/nav2_costmap_2d/nav2_costmap_2d/inflation_layer.hpp
[0.548s] -- Up-to-date: /workstation/nav2_ws/install/nav2_costmap_2d/include/nav2_costmap_2d/nav2_costmap_2d/layered_costmap.hpp
[0.548s] -- Up-to-date: /workstation/nav2_ws/install/nav2_costmap_2d/include/nav2_costmap_2d/nav2_costmap_2d/observation.hpp
[0.548s] -- Up-to-date: /workstation/nav2_ws/install/nav2_costmap_2d/include/nav2_costmap_2d/nav2_costmap_2d/array_parser.hpp
[0.548s] -- Up-to-date: /workstation/nav2_ws/install/nav2_costmap_2d/include/nav2_costmap_2d/nav2_costmap_2d/denoise_layer.hpp
[0.548s] -- Up-to-date: /workstation/nav2_ws/install/nav2_costmap_2d/include/nav2_costmap_2d/nav2_costmap_2d/costmap_math.hpp
[0.548s] -- Up-to-date: /workstation/nav2_ws/install/nav2_costmap_2d/include/nav2_costmap_2d/nav2_costmap_2d/costmap_subscriber.hpp
[0.548s] -- Up-to-date: /workstation/nav2_ws/install/nav2_costmap_2d/include/nav2_costmap_2d/nav2_costmap_2d/costmap_filters
[0.548s] -- Up-to-date: /workstation/nav2_ws/install/nav2_costmap_2d/include/nav2_costmap_2d/nav2_costmap_2d/costmap_filters/binary_filter.hpp
[0.548s] -- Up-to-date: /workstation/nav2_ws/install/nav2_costmap_2d/include/nav2_costmap_2d/nav2_costmap_2d/costmap_filters/speed_filter.hpp
[0.548s] -- Up-to-date: /workstation/nav2_ws/install/nav2_costmap_2d/include/nav2_costmap_2d/nav2_costmap_2d/costmap_filters/keepout_filter.hpp
[0.548s] -- Up-to-date: /workstation/nav2_ws/install/nav2_costmap_2d/include/nav2_costmap_2d/nav2_costmap_2d/costmap_filters/filter_values.hpp
[0.548s] -- Up-to-date: /workstation/nav2_ws/install/nav2_costmap_2d/include/nav2_costmap_2d/nav2_costmap_2d/costmap_filters/costmap_filter.hpp
[0.548s] -- Up-to-date: /workstation/nav2_ws/install/nav2_costmap_2d/include/nav2_costmap_2d/nav2_costmap_2d/voxel_layer.hpp
[0.548s] -- Up-to-date: /workstation/nav2_ws/install/nav2_costmap_2d/include/nav2_costmap_2d/nav2_costmap_2d/observation_buffer.hpp
[0.548s] -- Up-to-date: /workstation/nav2_ws/install/nav2_costmap_2d/include/nav2_costmap_2d/nav2_costmap_2d/costmap_2d_ros.hpp
[0.549s] -- Up-to-date: /workstation/nav2_ws/install/nav2_costmap_2d/include/nav2_costmap_2d/nav2_costmap_2d/costmap_topic_collision_checker.hpp
[0.549s] -- Up-to-date: /workstation/nav2_ws/install/nav2_costmap_2d/include/nav2_costmap_2d/nav2_costmap_2d/exceptions.hpp
[0.549s] -- Up-to-date: /workstation/nav2_ws/install/nav2_costmap_2d/share/nav2_costmap_2d/test/regression/order_layer.xml
[0.549s] -- Up-to-date: /workstation/nav2_ws/install/nav2_costmap_2d/share/nav2_costmap_2d/environment/library_path.sh
[0.549s] -- Up-to-date: /workstation/nav2_ws/install/nav2_costmap_2d/share/nav2_costmap_2d/environment/library_path.dsv
[0.549s] -- Up-to-date: /workstation/nav2_ws/install/nav2_costmap_2d/share/nav2_costmap_2d/costmap_plugins.xml
[0.549s] -- Up-to-date: /workstation/nav2_ws/install/nav2_costmap_2d/share/ament_index/resource_index/package_run_dependencies/nav2_costmap_2d
[0.549s] -- Up-to-date: /workstation/nav2_ws/install/nav2_costmap_2d/share/ament_index/resource_index/parent_prefix_path/nav2_costmap_2d
[0.549s] -- Up-to-date: /workstation/nav2_ws/install/nav2_costmap_2d/share/nav2_costmap_2d/environment/ament_prefix_path.sh
[0.549s] -- Up-to-date: /workstation/nav2_ws/install/nav2_costmap_2d/share/nav2_costmap_2d/environment/ament_prefix_path.dsv
[0.549s] -- Up-to-date: /workstation/nav2_ws/install/nav2_costmap_2d/share/nav2_costmap_2d/environment/path.sh
[0.550s] -- Up-to-date: /workstation/nav2_ws/install/nav2_costmap_2d/share/nav2_costmap_2d/environment/path.dsv
[0.550s] -- Up-to-date: /workstation/nav2_ws/install/nav2_costmap_2d/share/nav2_costmap_2d/local_setup.bash
[0.550s] -- Up-to-date: /workstation/nav2_ws/install/nav2_costmap_2d/share/nav2_costmap_2d/local_setup.sh
[0.550s] -- Up-to-date: /workstation/nav2_ws/install/nav2_costmap_2d/share/nav2_costmap_2d/local_setup.zsh
[0.550s] -- Up-to-date: /workstation/nav2_ws/install/nav2_costmap_2d/share/nav2_costmap_2d/local_setup.dsv
[0.550s] -- Installing: /workstation/nav2_ws/install/nav2_costmap_2d/share/nav2_costmap_2d/package.dsv
[0.550s] -- Up-to-date: /workstation/nav2_ws/install/nav2_costmap_2d/share/ament_index/resource_index/packages/nav2_costmap_2d
[0.550s] -- Up-to-date: /workstation/nav2_ws/install/nav2_costmap_2d/share/ament_index/resource_index/nav2_costmap_2d__pluginlib__plugin/nav2_costmap_2d
[0.550s] -- Up-to-date: /workstation/nav2_ws/install/nav2_costmap_2d/share/nav2_costmap_2d/cmake/export_nav2_costmap_2dExport.cmake
[0.550s] -- Up-to-date: /workstation/nav2_ws/install/nav2_costmap_2d/share/nav2_costmap_2d/cmake/export_nav2_costmap_2dExport-release.cmake
[0.550s] -- Up-to-date: /workstation/nav2_ws/install/nav2_costmap_2d/share/nav2_costmap_2d/cmake/ament_cmake_export_targets-extras.cmake
[0.550s] -- Up-to-date: /workstation/nav2_ws/install/nav2_costmap_2d/share/nav2_costmap_2d/cmake/ament_cmake_export_dependencies-extras.cmake
[0.550s] -- Up-to-date: /workstation/nav2_ws/install/nav2_costmap_2d/share/nav2_costmap_2d/cmake/nav2_costmap_2dConfig.cmake
[0.551s] -- Up-to-date: /workstation/nav2_ws/install/nav2_costmap_2d/share/nav2_costmap_2d/cmake/nav2_costmap_2dConfig-version.cmake
[0.551s] -- Up-to-date: /workstation/nav2_ws/install/nav2_costmap_2d/share/nav2_costmap_2d/package.xml
[0.551s] -- Up-to-date: /workstation/nav2_ws/install/nav2_costmap_2d/lib/liborder_layer.so
[0.553s] Invoked command in '/workstation/nav2_ws/build/nav2_costmap_2d' returned '0': AMENT_PREFIX_PATH=/workstation/nav2_ws/install/nav2_map_server:/workstation/nav2_ws/install/nav2_lifecycle_manager:/workstation/nav2_ws/install/nav2_util:/workstation/nav2_ws/install/nav2_voxel_grid:/workstation/nav2_ws/install/nav2_msgs:/workstation/nav2_ws/install/nav2_common:${AMENT_PREFIX_PATH} CMAKE_PREFIX_PATH=/workstation/nav2_ws/install/nav2_map_server:/workstation/nav2_ws/install/nav2_lifecycle_manager:/workstation/nav2_ws/install/nav2_util:/workstation/nav2_ws/install/nav2_voxel_grid:/workstation/nav2_ws/install/nav2_msgs:/workstation/nav2_ws/install/nav2_common:/opt/ros/humble LD_LIBRARY_PATH=/workstation/nav2_ws/install/nav2_map_server/lib:/workstation/nav2_ws/install/nav2_lifecycle_manager/lib:/workstation/nav2_ws/install/nav2_util/lib:/workstation/nav2_ws/install/nav2_voxel_grid/lib:/workstation/nav2_ws/install/nav2_msgs/lib:${LD_LIBRARY_PATH} PYTHONPATH=/workstation/nav2_ws/install/nav2_msgs/local/lib/python3.10/dist-packages:/workstation/nav2_ws/install/nav2_common/local/lib/python3.10/dist-packages:${PYTHONPATH} /usr/bin/cmake --install /workstation/nav2_ws/build/nav2_costmap_2d
