[0.065s] Invoking command in '/workstation/nav2_ws/build/nav2_controller': AMENT_PREFIX_PATH=/workstation/nav2_ws/install/nav2_core:/workstation/nav2_ws/install/nav2_costmap_2d:/workstation/nav2_ws/install/nav_2d_utils:/workstation/nav2_ws/install/nav2_map_server:/workstation/nav2_ws/install/nav2_lifecycle_manager:/workstation/nav2_ws/install/nav2_util:/workstation/nav2_ws/install/nav2_voxel_grid:/workstation/nav2_ws/install/nav2_msgs:/workstation/nav2_ws/install/nav_2d_msgs:/workstation/nav2_ws/install/nav2_common:${AMENT_PREFIX_PATH} CMAKE_PREFIX_PATH=/workstation/nav2_ws/install/nav2_core:/workstation/nav2_ws/install/nav2_costmap_2d:/workstation/nav2_ws/install/nav_2d_utils:/workstation/nav2_ws/install/nav2_map_server:/workstation/nav2_ws/install/nav2_lifecycle_manager:/workstation/nav2_ws/install/nav2_util:/workstation/nav2_ws/install/nav2_voxel_grid:/workstation/nav2_ws/install/nav2_msgs:/workstation/nav2_ws/install/nav_2d_msgs:/workstation/nav2_ws/install/nav2_common:/opt/ros/humble LD_LIBRARY_PATH=/workstation/nav2_ws/install/nav2_costmap_2d/lib:/workstation/nav2_ws/install/nav_2d_utils/lib:/workstation/nav2_ws/install/nav2_map_server/lib:/workstation/nav2_ws/install/nav2_lifecycle_manager/lib:/workstation/nav2_ws/install/nav2_util/lib:/workstation/nav2_ws/install/nav2_voxel_grid/lib:/workstation/nav2_ws/install/nav2_msgs/lib:/workstation/nav2_ws/install/nav_2d_msgs/lib:${LD_LIBRARY_PATH} PYTHONPATH=/workstation/nav2_ws/install/nav2_msgs/local/lib/python3.10/dist-packages:/workstation/nav2_ws/install/nav_2d_msgs/local/lib/python3.10/dist-packages:/workstation/nav2_ws/install/nav2_common/local/lib/python3.10/dist-packages:${PYTHONPATH} /usr/bin/cmake /workstation/nav2_ws/src/navigation2/nav2_controller -DCMAKE_INSTALL_PREFIX=/workstation/nav2_ws/install/nav2_controller
[0.159s] -- The C compiler identification is GNU 11.4.0
[0.270s] -- The CXX compiler identification is GNU 11.4.0
[0.292s] -- Detecting C compiler ABI info
[0.472s] -- Detecting C compiler ABI info - done
[0.498s] -- Check for working C compiler: /usr/bin/cc - skipped
[0.499s] -- Detecting C compile features
[0.500s] -- Detecting C compile features - done
[0.507s] -- Detecting CXX compiler ABI info
[0.673s] -- Detecting CXX compiler ABI info - done
[0.689s] -- Check for working CXX compiler: /usr/bin/c++ - skipped
[0.690s] -- Detecting CXX compile features
[0.691s] -- Detecting CXX compile features - done
[0.705s] -- Found ament_cmake: 1.3.10 (/opt/ros/humble/share/ament_cmake/cmake)
[1.292s] -- Found Python3: /usr/bin/python3 (found version "3.10.12") found components: Interpreter 
[1.720s] -- Found nav2_core: 1.1.16 (/workstation/nav2_ws/install/nav2_core/share/nav2_core/cmake)
[1.992s] -- Found rosidl_generator_c: 3.1.5 (/opt/ros/humble/share/rosidl_generator_c/cmake)
[2.052s] -- Found rosidl_adapter: 3.1.5 (/opt/ros/humble/share/rosidl_adapter/cmake)
[2.102s] -- Found rosidl_generator_cpp: 3.1.5 (/opt/ros/humble/share/rosidl_generator_cpp/cmake)
[2.202s] -- Using all available rosidl_typesupport_c: rosidl_typesupport_fastrtps_c;rosidl_typesupport_introspection_c
[2.306s] -- Using all available rosidl_typesupport_cpp: rosidl_typesupport_fastrtps_cpp;rosidl_typesupport_introspection_cpp
[2.537s] -- Found rmw_implementation_cmake: 6.1.2 (/opt/ros/humble/share/rmw_implementation_cmake/cmake)
[2.563s] -- Found rmw_fastrtps_cpp: 6.2.7 (/opt/ros/humble/share/rmw_fastrtps_cpp/cmake)
[2.906s] -- Found OpenSSL: /usr/lib/x86_64-linux-gnu/libcrypto.so (found version "3.0.2")  
[3.011s] -- Found FastRTPS: /opt/ros/humble/include  
[3.148s] -- Using RMW implementation 'rmw_fastrtps_cpp' as default
[3.203s] -- Looking for pthread.h
[3.410s] -- Looking for pthread.h - found
[3.412s] -- Performing Test CMAKE_HAVE_LIBC_PTHREAD
[3.628s] -- Performing Test CMAKE_HAVE_LIBC_PTHREAD - Success
[3.634s] -- Found Threads: TRUE  
[4.674s] -- Found Eigen3: TRUE (found version "3.4.0") 
[4.675s] -- Ensuring Eigen3 include directory is part of orocos-kdl CMake target
[5.079s] -- Found nav2_common: 1.1.16 (/workstation/nav2_ws/install/nav2_common/share/nav2_common/cmake)
[5.082s] -- Found nav_2d_utils: 1.1.16 (/workstation/nav2_ws/install/nav_2d_utils/share/nav_2d_utils/cmake)
[5.137s] -- Setting build type to Release as none was specified.
[7.337s] -- Found ament_lint_auto: 0.12.11 (/opt/ros/humble/share/ament_lint_auto/cmake)
[7.775s] -- Found gtest sources under '/opt/ros/humble/src/gtest_vendor': C++ tests using 'Google Test' will be built
[8.490s] -- Found gtest sources under '/opt/ros/humble/src/gtest_vendor': C++ tests using 'Google Test' will be built
[8.941s] -- Added test 'cppcheck' to perform static code analysis on C / C++ code
[8.944s] -- Configured cppcheck include dirs: /workstation/nav2_ws/src/navigation2/nav2_controller/include
[8.944s] -- Configured cppcheck exclude dirs and/or files: 
[8.950s] -- Added test 'cpplint' to check C / C++ code against the Google style
[8.950s] -- Configured cpplint exclude dirs and/or files: 
[8.957s] -- Added test 'lint_cmake' to check CMake code style
[8.964s] -- Added test 'uncrustify' to check C / C++ code style
[8.965s] -- Configured uncrustify additional arguments: 
[8.966s] -- Added test 'xmllint' to check XML markup files
[8.975s] -- Configuring done
[9.910s] -- Generating done
[9.916s] -- Build files have been written to: /workstation/nav2_ws/build/nav2_controller
[9.948s] Invoked command in '/workstation/nav2_ws/build/nav2_controller' returned '0': AMENT_PREFIX_PATH=/workstation/nav2_ws/install/nav2_core:/workstation/nav2_ws/install/nav2_costmap_2d:/workstation/nav2_ws/install/nav_2d_utils:/workstation/nav2_ws/install/nav2_map_server:/workstation/nav2_ws/install/nav2_lifecycle_manager:/workstation/nav2_ws/install/nav2_util:/workstation/nav2_ws/install/nav2_voxel_grid:/workstation/nav2_ws/install/nav2_msgs:/workstation/nav2_ws/install/nav_2d_msgs:/workstation/nav2_ws/install/nav2_common:${AMENT_PREFIX_PATH} CMAKE_PREFIX_PATH=/workstation/nav2_ws/install/nav2_core:/workstation/nav2_ws/install/nav2_costmap_2d:/workstation/nav2_ws/install/nav_2d_utils:/workstation/nav2_ws/install/nav2_map_server:/workstation/nav2_ws/install/nav2_lifecycle_manager:/workstation/nav2_ws/install/nav2_util:/workstation/nav2_ws/install/nav2_voxel_grid:/workstation/nav2_ws/install/nav2_msgs:/workstation/nav2_ws/install/nav_2d_msgs:/workstation/nav2_ws/install/nav2_common:/opt/ros/humble LD_LIBRARY_PATH=/workstation/nav2_ws/install/nav2_costmap_2d/lib:/workstation/nav2_ws/install/nav_2d_utils/lib:/workstation/nav2_ws/install/nav2_map_server/lib:/workstation/nav2_ws/install/nav2_lifecycle_manager/lib:/workstation/nav2_ws/install/nav2_util/lib:/workstation/nav2_ws/install/nav2_voxel_grid/lib:/workstation/nav2_ws/install/nav2_msgs/lib:/workstation/nav2_ws/install/nav_2d_msgs/lib:${LD_LIBRARY_PATH} PYTHONPATH=/workstation/nav2_ws/install/nav2_msgs/local/lib/python3.10/dist-packages:/workstation/nav2_ws/install/nav_2d_msgs/local/lib/python3.10/dist-packages:/workstation/nav2_ws/install/nav2_common/local/lib/python3.10/dist-packages:${PYTHONPATH} /usr/bin/cmake /workstation/nav2_ws/src/navigation2/nav2_controller -DCMAKE_INSTALL_PREFIX=/workstation/nav2_ws/install/nav2_controller
[9.955s] Invoking command in '/workstation/nav2_ws/build/nav2_controller': AMENT_PREFIX_PATH=/workstation/nav2_ws/install/nav2_core:/workstation/nav2_ws/install/nav2_costmap_2d:/workstation/nav2_ws/install/nav_2d_utils:/workstation/nav2_ws/install/nav2_map_server:/workstation/nav2_ws/install/nav2_lifecycle_manager:/workstation/nav2_ws/install/nav2_util:/workstation/nav2_ws/install/nav2_voxel_grid:/workstation/nav2_ws/install/nav2_msgs:/workstation/nav2_ws/install/nav_2d_msgs:/workstation/nav2_ws/install/nav2_common:${AMENT_PREFIX_PATH} CMAKE_PREFIX_PATH=/workstation/nav2_ws/install/nav2_core:/workstation/nav2_ws/install/nav2_costmap_2d:/workstation/nav2_ws/install/nav_2d_utils:/workstation/nav2_ws/install/nav2_map_server:/workstation/nav2_ws/install/nav2_lifecycle_manager:/workstation/nav2_ws/install/nav2_util:/workstation/nav2_ws/install/nav2_voxel_grid:/workstation/nav2_ws/install/nav2_msgs:/workstation/nav2_ws/install/nav_2d_msgs:/workstation/nav2_ws/install/nav2_common:/opt/ros/humble LD_LIBRARY_PATH=/workstation/nav2_ws/install/nav2_costmap_2d/lib:/workstation/nav2_ws/install/nav_2d_utils/lib:/workstation/nav2_ws/install/nav2_map_server/lib:/workstation/nav2_ws/install/nav2_lifecycle_manager/lib:/workstation/nav2_ws/install/nav2_util/lib:/workstation/nav2_ws/install/nav2_voxel_grid/lib:/workstation/nav2_ws/install/nav2_msgs/lib:/workstation/nav2_ws/install/nav_2d_msgs/lib:${LD_LIBRARY_PATH} PYTHONPATH=/workstation/nav2_ws/install/nav2_msgs/local/lib/python3.10/dist-packages:/workstation/nav2_ws/install/nav_2d_msgs/local/lib/python3.10/dist-packages:/workstation/nav2_ws/install/nav2_common/local/lib/python3.10/dist-packages:${PYTHONPATH} /usr/bin/cmake --build /workstation/nav2_ws/build/nav2_controller -- -j12 -l12
[44.910s] [  4%] [32mBuilding CXX object CMakeFiles/controller_server_core.dir/src/controller_server.cpp.o[0m
[76.426s] [  9%] [32m[1mLinking CXX shared library libcontroller_server_core.so[0m
[77.634s] [  9%] Built target controller_server_core
[77.671s] [ 13%] [32mBuilding CXX object gtest/CMakeFiles/gtest.dir/src/gtest-all.cc.o[0m
[88.869s] [ 18%] [32m[1mLinking CXX static library libgtest.a[0m
[88.923s] [ 18%] Built target gtest
[88.960s] [ 22%] [32mBuilding CXX object CMakeFiles/controller_server.dir/src/main.cpp.o[0m
[102.006s] [ 27%] [32m[1mLinking CXX executable controller_server[0m
[102.616s] [ 27%] Built target controller_server
[102.656s] [ 31%] [32mBuilding CXX object gtest/CMakeFiles/gtest_main.dir/src/gtest_main.cc.o[0m
[104.488s] [ 36%] [32m[1mLinking CXX static library libgtest_main.a[0m
[104.544s] [ 36%] Built target gtest_main
[104.593s] [ 40%] [32mBuilding CXX object CMakeFiles/simple_goal_checker.dir/plugins/simple_goal_checker.cpp.o[0m
[114.216s] [ 45%] [32m[1mLinking CXX shared library libsimple_goal_checker.so[0m
[114.706s] [ 45%] Built target simple_goal_checker
[114.745s] [ 50%] [32mBuilding CXX object test/CMakeFiles/test_dynamic_parameters.dir/test_dynamic_parameters.cpp.o[0m
[132.068s] [ 54%] [32m[1mLinking CXX executable test_dynamic_parameters[0m
[133.020s] [ 54%] Built target test_dynamic_parameters
[133.062s] [ 59%] [32mBuilding CXX object CMakeFiles/stopped_goal_checker.dir/plugins/stopped_goal_checker.cpp.o[0m
[143.306s] [ 63%] [32m[1mLinking CXX shared library libstopped_goal_checker.so[0m
[143.908s] [ 63%] Built target stopped_goal_checker
[143.956s] [ 68%] [32mBuilding CXX object CMakeFiles/simple_progress_checker.dir/plugins/simple_progress_checker.cpp.o[0m
[150.452s] [ 72%] [32m[1mLinking CXX shared library libsimple_progress_checker.so[0m
[150.995s] [ 72%] Built target simple_progress_checker
[151.037s] [ 77%] [32mBuilding CXX object plugins/test/CMakeFiles/gctest.dir/goal_checker.cpp.o[0m
[162.068s] [ 81%] [32m[1mLinking CXX executable gctest[0m
[162.706s] [ 81%] Built target gctest
[162.742s] [ 86%] [32mBuilding CXX object CMakeFiles/pose_progress_checker.dir/plugins/pose_progress_checker.cpp.o[0m
[167.787s] [ 90%] [32m[1mLinking CXX shared library libpose_progress_checker.so[0m
[168.150s] [ 90%] Built target pose_progress_checker
[168.176s] [ 95%] [32mBuilding CXX object plugins/test/CMakeFiles/pctest.dir/progress_checker.cpp.o[0m
[179.255s] [100%] [32m[1mLinking CXX executable pctest[0m
[179.935s] [100%] Built target pctest
[179.957s] Invoked command in '/workstation/nav2_ws/build/nav2_controller' returned '0': AMENT_PREFIX_PATH=/workstation/nav2_ws/install/nav2_core:/workstation/nav2_ws/install/nav2_costmap_2d:/workstation/nav2_ws/install/nav_2d_utils:/workstation/nav2_ws/install/nav2_map_server:/workstation/nav2_ws/install/nav2_lifecycle_manager:/workstation/nav2_ws/install/nav2_util:/workstation/nav2_ws/install/nav2_voxel_grid:/workstation/nav2_ws/install/nav2_msgs:/workstation/nav2_ws/install/nav_2d_msgs:/workstation/nav2_ws/install/nav2_common:${AMENT_PREFIX_PATH} CMAKE_PREFIX_PATH=/workstation/nav2_ws/install/nav2_core:/workstation/nav2_ws/install/nav2_costmap_2d:/workstation/nav2_ws/install/nav_2d_utils:/workstation/nav2_ws/install/nav2_map_server:/workstation/nav2_ws/install/nav2_lifecycle_manager:/workstation/nav2_ws/install/nav2_util:/workstation/nav2_ws/install/nav2_voxel_grid:/workstation/nav2_ws/install/nav2_msgs:/workstation/nav2_ws/install/nav_2d_msgs:/workstation/nav2_ws/install/nav2_common:/opt/ros/humble LD_LIBRARY_PATH=/workstation/nav2_ws/install/nav2_costmap_2d/lib:/workstation/nav2_ws/install/nav_2d_utils/lib:/workstation/nav2_ws/install/nav2_map_server/lib:/workstation/nav2_ws/install/nav2_lifecycle_manager/lib:/workstation/nav2_ws/install/nav2_util/lib:/workstation/nav2_ws/install/nav2_voxel_grid/lib:/workstation/nav2_ws/install/nav2_msgs/lib:/workstation/nav2_ws/install/nav_2d_msgs/lib:${LD_LIBRARY_PATH} PYTHONPATH=/workstation/nav2_ws/install/nav2_msgs/local/lib/python3.10/dist-packages:/workstation/nav2_ws/install/nav_2d_msgs/local/lib/python3.10/dist-packages:/workstation/nav2_ws/install/nav2_common/local/lib/python3.10/dist-packages:${PYTHONPATH} /usr/bin/cmake --build /workstation/nav2_ws/build/nav2_controller -- -j12 -l12
[180.101s] Invoking command in '/workstation/nav2_ws/build/nav2_controller': AMENT_PREFIX_PATH=/workstation/nav2_ws/install/nav2_core:/workstation/nav2_ws/install/nav2_costmap_2d:/workstation/nav2_ws/install/nav_2d_utils:/workstation/nav2_ws/install/nav2_map_server:/workstation/nav2_ws/install/nav2_lifecycle_manager:/workstation/nav2_ws/install/nav2_util:/workstation/nav2_ws/install/nav2_voxel_grid:/workstation/nav2_ws/install/nav2_msgs:/workstation/nav2_ws/install/nav_2d_msgs:/workstation/nav2_ws/install/nav2_common:${AMENT_PREFIX_PATH} CMAKE_PREFIX_PATH=/workstation/nav2_ws/install/nav2_core:/workstation/nav2_ws/install/nav2_costmap_2d:/workstation/nav2_ws/install/nav_2d_utils:/workstation/nav2_ws/install/nav2_map_server:/workstation/nav2_ws/install/nav2_lifecycle_manager:/workstation/nav2_ws/install/nav2_util:/workstation/nav2_ws/install/nav2_voxel_grid:/workstation/nav2_ws/install/nav2_msgs:/workstation/nav2_ws/install/nav_2d_msgs:/workstation/nav2_ws/install/nav2_common:/opt/ros/humble LD_LIBRARY_PATH=/workstation/nav2_ws/install/nav2_costmap_2d/lib:/workstation/nav2_ws/install/nav_2d_utils/lib:/workstation/nav2_ws/install/nav2_map_server/lib:/workstation/nav2_ws/install/nav2_lifecycle_manager/lib:/workstation/nav2_ws/install/nav2_util/lib:/workstation/nav2_ws/install/nav2_voxel_grid/lib:/workstation/nav2_ws/install/nav2_msgs/lib:/workstation/nav2_ws/install/nav_2d_msgs/lib:${LD_LIBRARY_PATH} PYTHONPATH=/workstation/nav2_ws/install/nav2_msgs/local/lib/python3.10/dist-packages:/workstation/nav2_ws/install/nav_2d_msgs/local/lib/python3.10/dist-packages:/workstation/nav2_ws/install/nav2_common/local/lib/python3.10/dist-packages:${PYTHONPATH} /usr/bin/cmake --install /workstation/nav2_ws/build/nav2_controller
[180.141s] -- Install configuration: "Release"
[180.141s] -- Installing: /workstation/nav2_ws/install/nav2_controller/lib/libsimple_progress_checker.so
[180.141s] -- Set runtime path of "/workstation/nav2_ws/install/nav2_controller/lib/libsimple_progress_checker.so" to ""
[180.143s] -- Installing: /workstation/nav2_ws/install/nav2_controller/lib/libpose_progress_checker.so
[180.144s] -- Set runtime path of "/workstation/nav2_ws/install/nav2_controller/lib/libpose_progress_checker.so" to ""
[180.144s] -- Installing: /workstation/nav2_ws/install/nav2_controller/lib/libsimple_goal_checker.so
[180.144s] -- Set runtime path of "/workstation/nav2_ws/install/nav2_controller/lib/libsimple_goal_checker.so" to ""
[180.145s] -- Installing: /workstation/nav2_ws/install/nav2_controller/lib/libstopped_goal_checker.so
[180.147s] -- Set runtime path of "/workstation/nav2_ws/install/nav2_controller/lib/libstopped_goal_checker.so" to ""
[180.154s] -- Installing: /workstation/nav2_ws/install/nav2_controller/lib/libcontroller_server_core.so
[180.154s] -- Set runtime path of "/workstation/nav2_ws/install/nav2_controller/lib/libcontroller_server_core.so" to ""
[180.154s] -- Installing: /workstation/nav2_ws/install/nav2_controller/lib/nav2_controller/controller_server
[180.159s] -- Set runtime path of "/workstation/nav2_ws/install/nav2_controller/lib/nav2_controller/controller_server" to ""
[180.160s] -- Installing: /workstation/nav2_ws/install/nav2_controller/include/
[180.162s] -- Installing: /workstation/nav2_ws/install/nav2_controller/include//nav2_controller
[180.165s] -- Installing: /workstation/nav2_ws/install/nav2_controller/include//nav2_controller/plugins
[180.165s] -- Installing: /workstation/nav2_ws/install/nav2_controller/include//nav2_controller/plugins/simple_progress_checker.hpp
[180.165s] -- Installing: /workstation/nav2_ws/install/nav2_controller/include//nav2_controller/plugins/simple_goal_checker.hpp
[180.165s] -- Installing: /workstation/nav2_ws/install/nav2_controller/include//nav2_controller/plugins/stopped_goal_checker.hpp
[180.165s] -- Installing: /workstation/nav2_ws/install/nav2_controller/include//nav2_controller/plugins/pose_progress_checker.hpp
[180.165s] -- Installing: /workstation/nav2_ws/install/nav2_controller/include//nav2_controller/controller_server.hpp
[180.166s] -- Installing: /workstation/nav2_ws/install/nav2_controller/share/nav2_controller/environment/library_path.sh
[180.166s] -- Installing: /workstation/nav2_ws/install/nav2_controller/share/nav2_controller/environment/library_path.dsv
[180.166s] -- Installing: /workstation/nav2_ws/install/nav2_controller/share/nav2_controller/plugins.xml
[180.166s] -- Installing: /workstation/nav2_ws/install/nav2_controller/share/ament_index/resource_index/package_run_dependencies/nav2_controller
[180.166s] -- Installing: /workstation/nav2_ws/install/nav2_controller/share/ament_index/resource_index/parent_prefix_path/nav2_controller
[180.168s] -- Installing: /workstation/nav2_ws/install/nav2_controller/share/nav2_controller/environment/ament_prefix_path.sh
[180.169s] -- Installing: /workstation/nav2_ws/install/nav2_controller/share/nav2_controller/environment/ament_prefix_path.dsv
[180.169s] -- Installing: /workstation/nav2_ws/install/nav2_controller/share/nav2_controller/environment/path.sh
[180.170s] -- Installing: /workstation/nav2_ws/install/nav2_controller/share/nav2_controller/environment/path.dsv
[180.170s] -- Installing: /workstation/nav2_ws/install/nav2_controller/share/nav2_controller/local_setup.bash
[180.172s] -- Installing: /workstation/nav2_ws/install/nav2_controller/share/nav2_controller/local_setup.sh
[180.172s] -- Installing: /workstation/nav2_ws/install/nav2_controller/share/nav2_controller/local_setup.zsh
[180.173s] -- Installing: /workstation/nav2_ws/install/nav2_controller/share/nav2_controller/local_setup.dsv
[180.173s] -- Installing: /workstation/nav2_ws/install/nav2_controller/share/nav2_controller/package.dsv
[180.173s] -- Installing: /workstation/nav2_ws/install/nav2_controller/share/ament_index/resource_index/packages/nav2_controller
[180.173s] -- Installing: /workstation/nav2_ws/install/nav2_controller/share/ament_index/resource_index/nav2_core__pluginlib__plugin/nav2_controller
[180.174s] -- Installing: /workstation/nav2_ws/install/nav2_controller/share/ament_index/resource_index/rclcpp_components/nav2_controller
[180.175s] -- Installing: /workstation/nav2_ws/install/nav2_controller/share/nav2_controller/cmake/ament_cmake_export_include_directories-extras.cmake
[180.175s] -- Installing: /workstation/nav2_ws/install/nav2_controller/share/nav2_controller/cmake/ament_cmake_export_libraries-extras.cmake
[180.175s] -- Installing: /workstation/nav2_ws/install/nav2_controller/share/nav2_controller/cmake/ament_cmake_export_dependencies-extras.cmake
[180.175s] -- Installing: /workstation/nav2_ws/install/nav2_controller/share/nav2_controller/cmake/nav2_controllerConfig.cmake
[180.176s] -- Installing: /workstation/nav2_ws/install/nav2_controller/share/nav2_controller/cmake/nav2_controllerConfig-version.cmake
[180.176s] -- Installing: /workstation/nav2_ws/install/nav2_controller/share/nav2_controller/package.xml
[180.207s] Invoked command in '/workstation/nav2_ws/build/nav2_controller' returned '0': AMENT_PREFIX_PATH=/workstation/nav2_ws/install/nav2_core:/workstation/nav2_ws/install/nav2_costmap_2d:/workstation/nav2_ws/install/nav_2d_utils:/workstation/nav2_ws/install/nav2_map_server:/workstation/nav2_ws/install/nav2_lifecycle_manager:/workstation/nav2_ws/install/nav2_util:/workstation/nav2_ws/install/nav2_voxel_grid:/workstation/nav2_ws/install/nav2_msgs:/workstation/nav2_ws/install/nav_2d_msgs:/workstation/nav2_ws/install/nav2_common:${AMENT_PREFIX_PATH} CMAKE_PREFIX_PATH=/workstation/nav2_ws/install/nav2_core:/workstation/nav2_ws/install/nav2_costmap_2d:/workstation/nav2_ws/install/nav_2d_utils:/workstation/nav2_ws/install/nav2_map_server:/workstation/nav2_ws/install/nav2_lifecycle_manager:/workstation/nav2_ws/install/nav2_util:/workstation/nav2_ws/install/nav2_voxel_grid:/workstation/nav2_ws/install/nav2_msgs:/workstation/nav2_ws/install/nav_2d_msgs:/workstation/nav2_ws/install/nav2_common:/opt/ros/humble LD_LIBRARY_PATH=/workstation/nav2_ws/install/nav2_costmap_2d/lib:/workstation/nav2_ws/install/nav_2d_utils/lib:/workstation/nav2_ws/install/nav2_map_server/lib:/workstation/nav2_ws/install/nav2_lifecycle_manager/lib:/workstation/nav2_ws/install/nav2_util/lib:/workstation/nav2_ws/install/nav2_voxel_grid/lib:/workstation/nav2_ws/install/nav2_msgs/lib:/workstation/nav2_ws/install/nav_2d_msgs/lib:${LD_LIBRARY_PATH} PYTHONPATH=/workstation/nav2_ws/install/nav2_msgs/local/lib/python3.10/dist-packages:/workstation/nav2_ws/install/nav_2d_msgs/local/lib/python3.10/dist-packages:/workstation/nav2_ws/install/nav2_common/local/lib/python3.10/dist-packages:${PYTHONPATH} /usr/bin/cmake --install /workstation/nav2_ws/build/nav2_controller
