[0.032s] Invoking command in '/workstation/nav2_ws/build/nav2_map_server': AMENT_PREFIX_PATH=/workstation/nav2_ws/install/nav2_util:/workstation/nav2_ws/install/nav2_msgs:/workstation/nav2_ws/install/nav2_common:${AMENT_PREFIX_PATH} CMAKE_PREFIX_PATH=/workstation/nav2_ws/install/nav2_util:/workstation/nav2_ws/install/nav2_msgs:/workstation/nav2_ws/install/nav2_common:/opt/ros/humble LD_LIBRARY_PATH=/workstation/nav2_ws/install/nav2_util/lib:/workstation/nav2_ws/install/nav2_msgs/lib:${LD_LIBRARY_PATH} PYTHONPATH=/workstation/nav2_ws/install/nav2_msgs/local/lib/python3.10/dist-packages:/workstation/nav2_ws/install/nav2_common/local/lib/python3.10/dist-packages:${PYTHONPATH} /usr/bin/cmake --build /workstation/nav2_ws/build/nav2_map_server -- -j12 -l12
[0.150s] [  5%] Built target gtest_main
[0.184s] [ 16%] Built target map_io
[0.184s] [ 19%] Built target gtest
[0.254s] [ 27%] Built target test_map_saver_publisher
[0.267s] [ 38%] Built target map_server_core
[0.273s] [ 47%] Built target test_map_saver_cli
[0.321s] [ 55%] Built target test_map_io
[0.383s] [ 61%] Built target map_server
[0.400s] [ 69%] Built target test_map_saver_node
[0.400s] [ 75%] Built target map_saver_cli
[0.407s] [ 80%] Built target test_costmap_filter_info_server
[0.412s] [ 86%] Built target map_saver_server
[0.412s] [ 91%] Built target costmap_filter_info_server
[0.413s] [100%] Built target test_map_server_node
[0.452s] Invoked command in '/workstation/nav2_ws/build/nav2_map_server' returned '0': AMENT_PREFIX_PATH=/workstation/nav2_ws/install/nav2_util:/workstation/nav2_ws/install/nav2_msgs:/workstation/nav2_ws/install/nav2_common:${AMENT_PREFIX_PATH} CMAKE_PREFIX_PATH=/workstation/nav2_ws/install/nav2_util:/workstation/nav2_ws/install/nav2_msgs:/workstation/nav2_ws/install/nav2_common:/opt/ros/humble LD_LIBRARY_PATH=/workstation/nav2_ws/install/nav2_util/lib:/workstation/nav2_ws/install/nav2_msgs/lib:${LD_LIBRARY_PATH} PYTHONPATH=/workstation/nav2_ws/install/nav2_msgs/local/lib/python3.10/dist-packages:/workstation/nav2_ws/install/nav2_common/local/lib/python3.10/dist-packages:${PYTHONPATH} /usr/bin/cmake --build /workstation/nav2_ws/build/nav2_map_server -- -j12 -l12
[0.634s] Invoking command in '/workstation/nav2_ws/build/nav2_map_server': AMENT_PREFIX_PATH=/workstation/nav2_ws/install/nav2_util:/workstation/nav2_ws/install/nav2_msgs:/workstation/nav2_ws/install/nav2_common:${AMENT_PREFIX_PATH} CMAKE_PREFIX_PATH=/workstation/nav2_ws/install/nav2_util:/workstation/nav2_ws/install/nav2_msgs:/workstation/nav2_ws/install/nav2_common:/opt/ros/humble LD_LIBRARY_PATH=/workstation/nav2_ws/install/nav2_util/lib:/workstation/nav2_ws/install/nav2_msgs/lib:${LD_LIBRARY_PATH} PYTHONPATH=/workstation/nav2_ws/install/nav2_msgs/local/lib/python3.10/dist-packages:/workstation/nav2_ws/install/nav2_common/local/lib/python3.10/dist-packages:${PYTHONPATH} /usr/bin/cmake --install /workstation/nav2_ws/build/nav2_map_server
[0.682s] -- Install configuration: "Release"
[0.682s] -- Up-to-date: /workstation/nav2_ws/install/nav2_map_server/lib/libmap_server_core.so
[0.682s] -- Up-to-date: /workstation/nav2_ws/install/nav2_map_server/lib/libmap_io.so
[0.682s] -- Up-to-date: /workstation/nav2_ws/install/nav2_map_server/lib/nav2_map_server/map_server
[0.682s] -- Up-to-date: /workstation/nav2_ws/install/nav2_map_server/lib/nav2_map_server/map_saver_cli
[0.682s] -- Up-to-date: /workstation/nav2_ws/install/nav2_map_server/lib/nav2_map_server/map_saver_server
[0.682s] -- Up-to-date: /workstation/nav2_ws/install/nav2_map_server/lib/nav2_map_server/costmap_filter_info_server
[0.685s] -- Up-to-date: /workstation/nav2_ws/install/nav2_map_server/include/
[0.685s] -- Up-to-date: /workstation/nav2_ws/install/nav2_map_server/include//nav2_map_server
[0.686s] -- Up-to-date: /workstation/nav2_ws/install/nav2_map_server/include//nav2_map_server/map_server.hpp
[0.686s] -- Up-to-date: /workstation/nav2_ws/install/nav2_map_server/include//nav2_map_server/costmap_filter_info_server.hpp
[0.686s] -- Up-to-date: /workstation/nav2_ws/install/nav2_map_server/include//nav2_map_server/map_mode.hpp
[0.686s] -- Up-to-date: /workstation/nav2_ws/install/nav2_map_server/include//nav2_map_server/map_saver.hpp
[0.686s] -- Up-to-date: /workstation/nav2_ws/install/nav2_map_server/include//nav2_map_server/map_io.hpp
[0.686s] -- Up-to-date: /workstation/nav2_ws/install/nav2_map_server/share/nav2_map_server/launch
[0.689s] -- Up-to-date: /workstation/nav2_ws/install/nav2_map_server/share/nav2_map_server/launch/map_saver_server.launch.py
[0.689s] -- Up-to-date: /workstation/nav2_ws/install/nav2_map_server/share/nav2_map_server/environment/library_path.sh
[0.689s] -- Up-to-date: /workstation/nav2_ws/install/nav2_map_server/share/nav2_map_server/environment/library_path.dsv
[0.690s] -- Up-to-date: /workstation/nav2_ws/install/nav2_map_server/share/ament_index/resource_index/package_run_dependencies/nav2_map_server
[0.690s] -- Up-to-date: /workstation/nav2_ws/install/nav2_map_server/share/ament_index/resource_index/parent_prefix_path/nav2_map_server
[0.690s] -- Up-to-date: /workstation/nav2_ws/install/nav2_map_server/share/nav2_map_server/environment/ament_prefix_path.sh
[0.691s] -- Up-to-date: /workstation/nav2_ws/install/nav2_map_server/share/nav2_map_server/environment/ament_prefix_path.dsv
[0.691s] -- Up-to-date: /workstation/nav2_ws/install/nav2_map_server/share/nav2_map_server/environment/path.sh
[0.693s] -- Up-to-date: /workstation/nav2_ws/install/nav2_map_server/share/nav2_map_server/environment/path.dsv
[0.694s] -- Up-to-date: /workstation/nav2_ws/install/nav2_map_server/share/nav2_map_server/local_setup.bash
[0.694s] -- Up-to-date: /workstation/nav2_ws/install/nav2_map_server/share/nav2_map_server/local_setup.sh
[0.694s] -- Up-to-date: /workstation/nav2_ws/install/nav2_map_server/share/nav2_map_server/local_setup.zsh
[0.694s] -- Up-to-date: /workstation/nav2_ws/install/nav2_map_server/share/nav2_map_server/local_setup.dsv
[0.695s] -- Installing: /workstation/nav2_ws/install/nav2_map_server/share/nav2_map_server/package.dsv
[0.695s] -- Up-to-date: /workstation/nav2_ws/install/nav2_map_server/share/ament_index/resource_index/packages/nav2_map_server
[0.695s] -- Up-to-date: /workstation/nav2_ws/install/nav2_map_server/share/ament_index/resource_index/rclcpp_components/nav2_map_server
[0.695s] -- Up-to-date: /workstation/nav2_ws/install/nav2_map_server/share/nav2_map_server/cmake/ament_cmake_export_include_directories-extras.cmake
[0.697s] -- Up-to-date: /workstation/nav2_ws/install/nav2_map_server/share/nav2_map_server/cmake/ament_cmake_export_libraries-extras.cmake
[0.697s] -- Up-to-date: /workstation/nav2_ws/install/nav2_map_server/share/nav2_map_server/cmake/ament_cmake_export_dependencies-extras.cmake
[0.697s] -- Up-to-date: /workstation/nav2_ws/install/nav2_map_server/share/nav2_map_server/cmake/nav2_map_serverConfig.cmake
[0.697s] -- Up-to-date: /workstation/nav2_ws/install/nav2_map_server/share/nav2_map_server/cmake/nav2_map_serverConfig-version.cmake
[0.697s] -- Up-to-date: /workstation/nav2_ws/install/nav2_map_server/share/nav2_map_server/package.xml
[0.764s] Invoked command in '/workstation/nav2_ws/build/nav2_map_server' returned '0': AMENT_PREFIX_PATH=/workstation/nav2_ws/install/nav2_util:/workstation/nav2_ws/install/nav2_msgs:/workstation/nav2_ws/install/nav2_common:${AMENT_PREFIX_PATH} CMAKE_PREFIX_PATH=/workstation/nav2_ws/install/nav2_util:/workstation/nav2_ws/install/nav2_msgs:/workstation/nav2_ws/install/nav2_common:/opt/ros/humble LD_LIBRARY_PATH=/workstation/nav2_ws/install/nav2_util/lib:/workstation/nav2_ws/install/nav2_msgs/lib:${LD_LIBRARY_PATH} PYTHONPATH=/workstation/nav2_ws/install/nav2_msgs/local/lib/python3.10/dist-packages:/workstation/nav2_ws/install/nav2_common/local/lib/python3.10/dist-packages:${PYTHONPATH} /usr/bin/cmake --install /workstation/nav2_ws/build/nav2_map_server
