[0.051s] Invoking command in '/workstation/nav2_ws/build/nav2_smac_planner': AMENT_PREFIX_PATH=/workstation/nav2_ws/install/nav2_core:/workstation/nav2_ws/install/nav2_costmap_2d:/workstation/nav2_ws/install/nav2_map_server:/workstation/nav2_ws/install/nav2_lifecycle_manager:/workstation/nav2_ws/install/nav2_util:/workstation/nav2_ws/install/nav2_voxel_grid:/workstation/nav2_ws/install/nav2_msgs:/workstation/nav2_ws/install/nav2_common:${AMENT_PREFIX_PATH} CMAKE_PREFIX_PATH=/workstation/nav2_ws/install/nav2_core:/workstation/nav2_ws/install/nav2_costmap_2d:/workstation/nav2_ws/install/nav2_map_server:/workstation/nav2_ws/install/nav2_lifecycle_manager:/workstation/nav2_ws/install/nav2_util:/workstation/nav2_ws/install/nav2_voxel_grid:/workstation/nav2_ws/install/nav2_msgs:/workstation/nav2_ws/install/nav2_common:/opt/ros/humble LD_LIBRARY_PATH=/workstation/nav2_ws/install/nav2_costmap_2d/lib:/workstation/nav2_ws/install/nav2_map_server/lib:/workstation/nav2_ws/install/nav2_lifecycle_manager/lib:/workstation/nav2_ws/install/nav2_util/lib:/workstation/nav2_ws/install/nav2_voxel_grid/lib:/workstation/nav2_ws/install/nav2_msgs/lib:${LD_LIBRARY_PATH} PYTHONPATH=/workstation/nav2_ws/install/nav2_msgs/local/lib/python3.10/dist-packages:/workstation/nav2_ws/install/nav2_common/local/lib/python3.10/dist-packages:${PYTHONPATH} /usr/bin/cmake /workstation/nav2_ws/src/navigation2/nav2_smac_planner -DCMAKE_INSTALL_PREFIX=/workstation/nav2_ws/install/nav2_smac_planner
[6.819s] -- The C compiler identification is GNU 11.4.0
[6.819s] -- The CXX compiler identification is GNU 11.4.0
[6.819s] -- Detecting C compiler ABI info
[6.819s] -- Detecting C compiler ABI info - done
[6.820s] -- Check for working C compiler: /usr/bin/cc - skipped
[6.820s] -- Detecting C compile features
[6.820s] -- Detecting C compile features - done
[6.820s] -- Detecting CXX compiler ABI info
[6.820s] -- Detecting CXX compiler ABI info - done
[6.820s] -- Check for working CXX compiler: /usr/bin/c++ - skipped
[6.820s] -- Detecting CXX compile features
[6.820s] -- Detecting CXX compile features - done
[6.821s] -- Found ament_cmake: 1.3.10 (/opt/ros/humble/share/ament_cmake/cmake)
[6.821s] -- Found Python3: /usr/bin/python3 (found version "3.10.12") found components: Interpreter 
[6.821s] -- Found nav2_common: 1.1.16 (/workstation/nav2_ws/install/nav2_common/share/nav2_common/cmake)
[6.821s] -- Found rclcpp: 16.0.10 (/opt/ros/humble/share/rclcpp/cmake)
[6.821s] -- Found rosidl_generator_c: 3.1.5 (/opt/ros/humble/share/rosidl_generator_c/cmake)
[6.821s] -- Found rosidl_adapter: 3.1.5 (/opt/ros/humble/share/rosidl_adapter/cmake)
[6.821s] -- Found rosidl_generator_cpp: 3.1.5 (/opt/ros/humble/share/rosidl_generator_cpp/cmake)
[6.821s] -- Using all available rosidl_typesupport_c: rosidl_typesupport_fastrtps_c;rosidl_typesupport_introspection_c
[6.821s] -- Using all available rosidl_typesupport_cpp: rosidl_typesupport_fastrtps_cpp;rosidl_typesupport_introspection_cpp
[6.822s] -- Found rmw_implementation_cmake: 6.1.2 (/opt/ros/humble/share/rmw_implementation_cmake/cmake)
[6.822s] -- Found rmw_fastrtps_cpp: 6.2.7 (/opt/ros/humble/share/rmw_fastrtps_cpp/cmake)
[6.822s] -- Found OpenSSL: /usr/lib/x86_64-linux-gnu/libcrypto.so (found version "3.0.2")  
[6.823s] -- Found FastRTPS: /opt/ros/humble/include  
[6.823s] -- Using RMW implementation 'rmw_fastrtps_cpp' as default
[6.823s] -- Looking for pthread.h
[6.823s] -- Looking for pthread.h - found
[6.823s] -- Performing Test CMAKE_HAVE_LIBC_PTHREAD
[6.823s] -- Performing Test CMAKE_HAVE_LIBC_PTHREAD - Success
[6.823s] -- Found Threads: TRUE  
[6.829s] -- Found rclcpp_action: 16.0.10 (/opt/ros/humble/share/rclcpp_action/cmake)
[6.829s] -- Found rclcpp_lifecycle: 16.0.10 (/opt/ros/humble/share/rclcpp_lifecycle/cmake)
[6.829s] -- Found visualization_msgs: 4.2.4 (/opt/ros/humble/share/visualization_msgs/cmake)
[6.829s] -- Found nav2_util: 1.1.16 (/workstation/nav2_ws/install/nav2_util/share/nav2_util/cmake)
[6.829s] -- Found eigen3_cmake_module: 0.1.1 (/opt/ros/humble/share/eigen3_cmake_module/cmake)
[6.829s] -- Found Eigen3: TRUE (found version "3.4.0") 
[6.829s] -- Ensuring Eigen3 include directory is part of orocos-kdl CMake target
[6.829s] -- Found nav2_core: 1.1.16 (/workstation/nav2_ws/install/nav2_core/share/nav2_core/cmake)
[6.830s] -- Found ompl: /usr/include/ompl-1.5;/usr/include;/usr/include/eigen3  
[6.830s] -- Found OpenMP_C: -fopenmp (found version "4.5") 
[6.830s] -- Found OpenMP_CXX: -fopenmp (found version "4.5") 
[6.830s] -- Found OpenMP: TRUE (found version "4.5")  
[6.830s] -- Found OpenMP_C: -fopenmp (found version "4.5") 
[6.830s] -- Found OpenMP_CXX: -fopenmp (found version "4.5") 
[7.344s] -- Found ament_lint_auto: 0.12.11 (/opt/ros/humble/share/ament_lint_auto/cmake)
[7.821s] -- Found gtest sources under '/opt/ros/humble/src/gtest_vendor': C++ tests using 'Google Test' will be built
[10.211s] -- Added test 'copyright' to check source files copyright and LICENSE
[10.243s] -- Added test 'cppcheck' to perform static code analysis on C / C++ code
[10.247s] -- Configured cppcheck include dirs: /workstation/nav2_ws/src/navigation2/nav2_smac_planner/include
[10.247s] -- Configured cppcheck exclude dirs and/or files: include/nav2_smac_planner/thirdparty/robin_hood.h
[10.272s] -- Added test 'cpplint' to check C / C++ code against the Google style
[10.276s] -- Configured cpplint exclude dirs and/or files: include/nav2_smac_planner/thirdparty/robin_hood.h
[10.283s] -- Added test 'flake8' to check Python code syntax and style conventions
[10.293s] -- Added test 'lint_cmake' to check CMake code style
[10.302s] -- Added test 'pep257' to check Python code against some of the docstring style conventions in PEP 257
[10.334s] -- Added test 'uncrustify' to check C / C++ code style
[10.335s] -- Configured uncrustify additional arguments: 
[10.342s] -- Added test 'xmllint' to check XML markup files
[10.361s] -- Configuring done
[14.251s] -- Generating done
[14.257s] -- Build files have been written to: /workstation/nav2_ws/build/nav2_smac_planner
[14.297s] Invoked command in '/workstation/nav2_ws/build/nav2_smac_planner' returned '0': AMENT_PREFIX_PATH=/workstation/nav2_ws/install/nav2_core:/workstation/nav2_ws/install/nav2_costmap_2d:/workstation/nav2_ws/install/nav2_map_server:/workstation/nav2_ws/install/nav2_lifecycle_manager:/workstation/nav2_ws/install/nav2_util:/workstation/nav2_ws/install/nav2_voxel_grid:/workstation/nav2_ws/install/nav2_msgs:/workstation/nav2_ws/install/nav2_common:${AMENT_PREFIX_PATH} CMAKE_PREFIX_PATH=/workstation/nav2_ws/install/nav2_core:/workstation/nav2_ws/install/nav2_costmap_2d:/workstation/nav2_ws/install/nav2_map_server:/workstation/nav2_ws/install/nav2_lifecycle_manager:/workstation/nav2_ws/install/nav2_util:/workstation/nav2_ws/install/nav2_voxel_grid:/workstation/nav2_ws/install/nav2_msgs:/workstation/nav2_ws/install/nav2_common:/opt/ros/humble LD_LIBRARY_PATH=/workstation/nav2_ws/install/nav2_costmap_2d/lib:/workstation/nav2_ws/install/nav2_map_server/lib:/workstation/nav2_ws/install/nav2_lifecycle_manager/lib:/workstation/nav2_ws/install/nav2_util/lib:/workstation/nav2_ws/install/nav2_voxel_grid/lib:/workstation/nav2_ws/install/nav2_msgs/lib:${LD_LIBRARY_PATH} PYTHONPATH=/workstation/nav2_ws/install/nav2_msgs/local/lib/python3.10/dist-packages:/workstation/nav2_ws/install/nav2_common/local/lib/python3.10/dist-packages:${PYTHONPATH} /usr/bin/cmake /workstation/nav2_ws/src/navigation2/nav2_smac_planner -DCMAKE_INSTALL_PREFIX=/workstation/nav2_ws/install/nav2_smac_planner
[14.304s] Invoking command in '/workstation/nav2_ws/build/nav2_smac_planner': AMENT_PREFIX_PATH=/workstation/nav2_ws/install/nav2_core:/workstation/nav2_ws/install/nav2_costmap_2d:/workstation/nav2_ws/install/nav2_map_server:/workstation/nav2_ws/install/nav2_lifecycle_manager:/workstation/nav2_ws/install/nav2_util:/workstation/nav2_ws/install/nav2_voxel_grid:/workstation/nav2_ws/install/nav2_msgs:/workstation/nav2_ws/install/nav2_common:${AMENT_PREFIX_PATH} CMAKE_PREFIX_PATH=/workstation/nav2_ws/install/nav2_core:/workstation/nav2_ws/install/nav2_costmap_2d:/workstation/nav2_ws/install/nav2_map_server:/workstation/nav2_ws/install/nav2_lifecycle_manager:/workstation/nav2_ws/install/nav2_util:/workstation/nav2_ws/install/nav2_voxel_grid:/workstation/nav2_ws/install/nav2_msgs:/workstation/nav2_ws/install/nav2_common:/opt/ros/humble LD_LIBRARY_PATH=/workstation/nav2_ws/install/nav2_costmap_2d/lib:/workstation/nav2_ws/install/nav2_map_server/lib:/workstation/nav2_ws/install/nav2_lifecycle_manager/lib:/workstation/nav2_ws/install/nav2_util/lib:/workstation/nav2_ws/install/nav2_voxel_grid/lib:/workstation/nav2_ws/install/nav2_msgs/lib:${LD_LIBRARY_PATH} PYTHONPATH=/workstation/nav2_ws/install/nav2_msgs/local/lib/python3.10/dist-packages:/workstation/nav2_ws/install/nav2_common/local/lib/python3.10/dist-packages:${PYTHONPATH} /usr/bin/cmake --build /workstation/nav2_ws/build/nav2_smac_planner -- -j12 -l12
[77.909s] [  1%] [32mBuilding CXX object CMakeFiles/nav2_smac_planner.dir/src/smac_planner_hybrid.cpp.o[0m
[77.910s] [  3%] [32mBuilding CXX object CMakeFiles/nav2_smac_planner.dir/src/costmap_downsampler.cpp.o[0m
[77.910s] [  5%] [32mBuilding CXX object CMakeFiles/nav2_smac_planner.dir/src/node_2d.cpp.o[0m
[77.910s] [  6%] [32mBuilding CXX object CMakeFiles/nav2_smac_planner.dir/src/node_basic.cpp.o[0m
[77.911s] [  8%] [32mBuilding CXX object CMakeFiles/nav2_smac_planner.dir/src/node_lattice.cpp.o[0m
[98.242s] [ 10%] [32mBuilding CXX object CMakeFiles/nav2_smac_planner.dir/src/node_hybrid.cpp.o[0m
[110.508s] [ 11%] [32mBuilding CXX object CMakeFiles/nav2_smac_planner.dir/src/analytic_expansion.cpp.o[0m
[124.519s] [ 13%] [32mBuilding CXX object CMakeFiles/nav2_smac_planner.dir/src/smoother.cpp.o[0m
[136.332s] [ 15%] [32mBuilding CXX object CMakeFiles/nav2_smac_planner.dir/src/collision_checker.cpp.o[0m
[142.496s] [ 16%] [32mBuilding CXX object CMakeFiles/nav2_smac_planner.dir/src/a_star.cpp.o[0m
[157.172s] [ 18%] [32m[1mLinking CXX shared library libnav2_smac_planner.so[0m
[159.087s] [ 18%] Built target nav2_smac_planner
[159.122s] [ 20%] [32mBuilding CXX object gtest/CMakeFiles/gtest.dir/src/gtest-all.cc.o[0m
[170.748s] [ 22%] [32m[1mLinking CXX static library libgtest.a[0m
[170.808s] [ 22%] Built target gtest
[170.840s] [ 23%] [32mBuilding CXX object gtest/CMakeFiles/gtest_main.dir/src/gtest_main.cc.o[0m
[170.843s] [ 25%] [32mBuilding CXX object CMakeFiles/nav2_smac_planner_lattice.dir/src/smac_planner_lattice.cpp.o[0m
[170.843s] [ 27%] [32mBuilding CXX object CMakeFiles/nav2_smac_planner_lattice.dir/src/a_star.cpp.o[0m
[172.542s] [ 28%] [32m[1mLinking CXX static library libgtest_main.a[0m
[172.593s] [ 28%] Built target gtest_main
[172.636s] [ 30%] [32mBuilding CXX object CMakeFiles/nav2_smac_planner_2d.dir/src/smac_planner_2d.cpp.o[0m
[204.901s] [ 32%] [32mBuilding CXX object CMakeFiles/nav2_smac_planner_lattice.dir/src/node_basic.cpp.o[0m
[206.464s] [ 33%] [32mBuilding CXX object CMakeFiles/nav2_smac_planner_2d.dir/src/a_star.cpp.o[0m
[216.254s] [ 35%] [32mBuilding CXX object CMakeFiles/nav2_smac_planner_lattice.dir/src/node_2d.cpp.o[0m
[218.246s] [ 37%] [32mBuilding CXX object CMakeFiles/nav2_smac_planner_2d.dir/src/smoother.cpp.o[0m
[223.392s] [ 38%] [32mBuilding CXX object CMakeFiles/nav2_smac_planner_lattice.dir/src/costmap_downsampler.cpp.o[0m
[225.990s] [ 40%] [32mBuilding CXX object CMakeFiles/nav2_smac_planner_2d.dir/src/collision_checker.cpp.o[0m
[229.022s] [ 42%] [32mBuilding CXX object CMakeFiles/nav2_smac_planner_lattice.dir/src/node_lattice.cpp.o[0m
[229.835s] [ 44%] [32mBuilding CXX object CMakeFiles/nav2_smac_planner_2d.dir/src/analytic_expansion.cpp.o[0m
[229.847s] [ 45%] [32mBuilding CXX object test/CMakeFiles/test_a_star.dir/test_a_star.cpp.o[0m
[229.857s] [ 47%] [32mBuilding CXX object test/CMakeFiles/test_collision_checker.dir/test_collision_checker.cpp.o[0m
[230.875s] [ 49%] [32mBuilding CXX object test/CMakeFiles/test_nodebasic.dir/test_nodebasic.cpp.o[0m
[231.903s] [ 50%] [32mBuilding CXX object test/CMakeFiles/test_nodehybrid.dir/test_nodehybrid.cpp.o[0m
[231.914s] [ 52%] [32mBuilding CXX object test/CMakeFiles/test_node2d.dir/test_node2d.cpp.o[0m
[232.962s] [ 54%] [32mBuilding CXX object test/CMakeFiles/test_costmap_downsampler.dir/test_costmap_downsampler.cpp.o[0m
[237.899s] [ 55%] [32m[1mLinking CXX executable test_collision_checker[0m
[239.583s] [ 55%] Built target test_collision_checker
[246.119s] [ 57%] [32m[1mLinking CXX executable test_costmap_downsampler[0m
[246.580s] [ 59%] [32mBuilding CXX object CMakeFiles/nav2_smac_planner_2d.dir/src/node_hybrid.cpp.o[0m
[246.973s] [ 61%] [32m[1mLinking CXX executable test_node2d[0m
[247.335s] [ 61%] Built target test_costmap_downsampler
[248.025s] [ 61%] Built target test_node2d
[248.142s] [ 62%] [32m[1mLinking CXX executable test_a_star[0m
[248.803s] [ 64%] [32m[1mLinking CXX executable test_nodebasic[0m
[249.121s] [ 64%] Built target test_a_star
[249.237s] [ 66%] [32m[1mLinking CXX executable test_nodehybrid[0m
[249.442s] [ 66%] Built target test_nodebasic
[249.833s] [ 66%] Built target test_nodehybrid
[251.375s] [ 67%] [32mBuilding CXX object CMakeFiles/nav2_smac_planner_lattice.dir/src/node_hybrid.cpp.o[0m
[257.718s] [ 71%] [32mBuilding CXX object CMakeFiles/nav2_smac_planner_2d.dir/src/costmap_downsampler.cpp.o[0m
[257.719s] [ 71%] [32mBuilding CXX object CMakeFiles/nav2_smac_planner_2d.dir/src/node_basic.cpp.o[0m
[257.719s] [ 72%] [32mBuilding CXX object CMakeFiles/nav2_smac_planner_2d.dir/src/node_2d.cpp.o[0m
[260.860s] [ 74%] [32mBuilding CXX object CMakeFiles/nav2_smac_planner_lattice.dir/src/collision_checker.cpp.o[0m
[260.861s] [ 77%] [32mBuilding CXX object CMakeFiles/nav2_smac_planner_lattice.dir/src/analytic_expansion.cpp.o[0m
[260.861s] [ 77%] [32mBuilding CXX object CMakeFiles/nav2_smac_planner_lattice.dir/src/smoother.cpp.o[0m
[267.769s] [ 79%] [32mBuilding CXX object CMakeFiles/nav2_smac_planner_2d.dir/src/node_lattice.cpp.o[0m
[270.742s] [ 81%] [32m[1mLinking CXX shared library libnav2_smac_planner_lattice.so[0m
[271.990s] [ 81%] Built target nav2_smac_planner_lattice
[272.016s] [ 84%] [32mBuilding CXX object test/CMakeFiles/test_smac_hybrid.dir/test_smac_hybrid.cpp.o[0m
[272.017s] [ 84%] [32mBuilding CXX object test/CMakeFiles/test_lattice_node.dir/test_nodelattice.cpp.o[0m
[280.993s] [ 86%] [32m[1mLinking CXX shared library libnav2_smac_planner_2d.so[0m
[282.245s] [ 86%] Built target nav2_smac_planner_2d
[282.272s] [ 89%] [32mBuilding CXX object test/CMakeFiles/test_smac_lattice.dir/test_smac_lattice.cpp.o[0m
[282.272s] [ 89%] [32mBuilding CXX object test/CMakeFiles/test_smac_2d.dir/test_smac_2d.cpp.o[0m
[282.283s] [ 91%] [32mBuilding CXX object test/CMakeFiles/test_smoother.dir/test_smoother.cpp.o[0m
[285.062s] [ 93%] [32m[1mLinking CXX executable test_smac_hybrid[0m
[285.739s] [ 93%] Built target test_smac_hybrid
[287.240s] [ 94%] [32m[1mLinking CXX executable test_lattice_node[0m
[287.871s] [ 94%] Built target test_lattice_node
[294.224s] [ 96%] [32m[1mLinking CXX executable test_smac_lattice[0m
[294.576s] [ 98%] [32m[1mLinking CXX executable test_smac_2d[0m
[294.784s] [ 98%] Built target test_smac_lattice
[295.101s] [ 98%] Built target test_smac_2d
[295.586s] [100%] [32m[1mLinking CXX executable test_smoother[0m
[296.062s] [100%] Built target test_smoother
[296.076s] Invoked command in '/workstation/nav2_ws/build/nav2_smac_planner' returned '0': AMENT_PREFIX_PATH=/workstation/nav2_ws/install/nav2_core:/workstation/nav2_ws/install/nav2_costmap_2d:/workstation/nav2_ws/install/nav2_map_server:/workstation/nav2_ws/install/nav2_lifecycle_manager:/workstation/nav2_ws/install/nav2_util:/workstation/nav2_ws/install/nav2_voxel_grid:/workstation/nav2_ws/install/nav2_msgs:/workstation/nav2_ws/install/nav2_common:${AMENT_PREFIX_PATH} CMAKE_PREFIX_PATH=/workstation/nav2_ws/install/nav2_core:/workstation/nav2_ws/install/nav2_costmap_2d:/workstation/nav2_ws/install/nav2_map_server:/workstation/nav2_ws/install/nav2_lifecycle_manager:/workstation/nav2_ws/install/nav2_util:/workstation/nav2_ws/install/nav2_voxel_grid:/workstation/nav2_ws/install/nav2_msgs:/workstation/nav2_ws/install/nav2_common:/opt/ros/humble LD_LIBRARY_PATH=/workstation/nav2_ws/install/nav2_costmap_2d/lib:/workstation/nav2_ws/install/nav2_map_server/lib:/workstation/nav2_ws/install/nav2_lifecycle_manager/lib:/workstation/nav2_ws/install/nav2_util/lib:/workstation/nav2_ws/install/nav2_voxel_grid/lib:/workstation/nav2_ws/install/nav2_msgs/lib:${LD_LIBRARY_PATH} PYTHONPATH=/workstation/nav2_ws/install/nav2_msgs/local/lib/python3.10/dist-packages:/workstation/nav2_ws/install/nav2_common/local/lib/python3.10/dist-packages:${PYTHONPATH} /usr/bin/cmake --build /workstation/nav2_ws/build/nav2_smac_planner -- -j12 -l12
[296.127s] Invoking command in '/workstation/nav2_ws/build/nav2_smac_planner': AMENT_PREFIX_PATH=/workstation/nav2_ws/install/nav2_core:/workstation/nav2_ws/install/nav2_costmap_2d:/workstation/nav2_ws/install/nav2_map_server:/workstation/nav2_ws/install/nav2_lifecycle_manager:/workstation/nav2_ws/install/nav2_util:/workstation/nav2_ws/install/nav2_voxel_grid:/workstation/nav2_ws/install/nav2_msgs:/workstation/nav2_ws/install/nav2_common:${AMENT_PREFIX_PATH} CMAKE_PREFIX_PATH=/workstation/nav2_ws/install/nav2_core:/workstation/nav2_ws/install/nav2_costmap_2d:/workstation/nav2_ws/install/nav2_map_server:/workstation/nav2_ws/install/nav2_lifecycle_manager:/workstation/nav2_ws/install/nav2_util:/workstation/nav2_ws/install/nav2_voxel_grid:/workstation/nav2_ws/install/nav2_msgs:/workstation/nav2_ws/install/nav2_common:/opt/ros/humble LD_LIBRARY_PATH=/workstation/nav2_ws/install/nav2_costmap_2d/lib:/workstation/nav2_ws/install/nav2_map_server/lib:/workstation/nav2_ws/install/nav2_lifecycle_manager/lib:/workstation/nav2_ws/install/nav2_util/lib:/workstation/nav2_ws/install/nav2_voxel_grid/lib:/workstation/nav2_ws/install/nav2_msgs/lib:${LD_LIBRARY_PATH} PYTHONPATH=/workstation/nav2_ws/install/nav2_msgs/local/lib/python3.10/dist-packages:/workstation/nav2_ws/install/nav2_common/local/lib/python3.10/dist-packages:${PYTHONPATH} /usr/bin/cmake --install /workstation/nav2_ws/build/nav2_smac_planner
[296.135s] -- Install configuration: "Release"
[296.135s] -- Installing: /workstation/nav2_ws/install/nav2_smac_planner/share/nav2_smac_planner/smac_plugin_hybrid.xml
[296.136s] -- Installing: /workstation/nav2_ws/install/nav2_smac_planner/share/nav2_smac_planner/smac_plugin_2d.xml
[296.136s] -- Installing: /workstation/nav2_ws/install/nav2_smac_planner/share/nav2_smac_planner/smac_plugin_lattice.xml
[296.136s] -- Installing: /workstation/nav2_ws/install/nav2_smac_planner/lib/libnav2_smac_planner.so
[296.137s] -- Set runtime path of "/workstation/nav2_ws/install/nav2_smac_planner/lib/libnav2_smac_planner.so" to ""
[296.137s] -- Installing: /workstation/nav2_ws/install/nav2_smac_planner/lib/libnav2_smac_planner_2d.so
[296.138s] -- Set runtime path of "/workstation/nav2_ws/install/nav2_smac_planner/lib/libnav2_smac_planner_2d.so" to ""
[296.138s] -- Installing: /workstation/nav2_ws/install/nav2_smac_planner/lib/libnav2_smac_planner_lattice.so
[296.139s] -- Set runtime path of "/workstation/nav2_ws/install/nav2_smac_planner/lib/libnav2_smac_planner_lattice.so" to ""
[296.139s] -- Installing: /workstation/nav2_ws/install/nav2_smac_planner/include/
[296.139s] -- Installing: /workstation/nav2_ws/install/nav2_smac_planner/include//nav2_smac_planner
[296.139s] -- Installing: /workstation/nav2_ws/install/nav2_smac_planner/include//nav2_smac_planner/smoother.hpp
[296.139s] -- Installing: /workstation/nav2_ws/install/nav2_smac_planner/include//nav2_smac_planner/smac_planner_2d.hpp
[296.139s] -- Installing: /workstation/nav2_ws/install/nav2_smac_planner/include//nav2_smac_planner/smac_planner_lattice.hpp
[296.139s] -- Installing: /workstation/nav2_ws/install/nav2_smac_planner/include//nav2_smac_planner/node_basic.hpp
[296.139s] -- Installing: /workstation/nav2_ws/install/nav2_smac_planner/include//nav2_smac_planner/analytic_expansion.hpp
[296.139s] -- Installing: /workstation/nav2_ws/install/nav2_smac_planner/include//nav2_smac_planner/utils.hpp
[296.139s] -- Installing: /workstation/nav2_ws/install/nav2_smac_planner/include//nav2_smac_planner/a_star.hpp
[296.139s] -- Installing: /workstation/nav2_ws/install/nav2_smac_planner/include//nav2_smac_planner/costmap_downsampler.hpp
[296.140s] -- Installing: /workstation/nav2_ws/install/nav2_smac_planner/include//nav2_smac_planner/thirdparty
[296.140s] -- Installing: /workstation/nav2_ws/install/nav2_smac_planner/include//nav2_smac_planner/thirdparty/robin_hood.h
[296.140s] -- Installing: /workstation/nav2_ws/install/nav2_smac_planner/include//nav2_smac_planner/smac_planner_hybrid.hpp
[296.140s] -- Installing: /workstation/nav2_ws/install/nav2_smac_planner/include//nav2_smac_planner/node_hybrid.hpp
[296.140s] -- Installing: /workstation/nav2_ws/install/nav2_smac_planner/include//nav2_smac_planner/types.hpp
[296.140s] -- Installing: /workstation/nav2_ws/install/nav2_smac_planner/include//nav2_smac_planner/collision_checker.hpp
[296.140s] -- Installing: /workstation/nav2_ws/install/nav2_smac_planner/include//nav2_smac_planner/node_2d.hpp
[296.140s] -- Installing: /workstation/nav2_ws/install/nav2_smac_planner/include//nav2_smac_planner/node_lattice.hpp
[296.140s] -- Installing: /workstation/nav2_ws/install/nav2_smac_planner/include//nav2_smac_planner/constants.hpp
[296.141s] -- Installing: /workstation/nav2_ws/install/nav2_smac_planner/share/nav2_smac_planner/sample_primitives
[296.141s] -- Installing: /workstation/nav2_ws/install/nav2_smac_planner/share/nav2_smac_planner/sample_primitives/5cm_resolution
[296.141s] -- Installing: /workstation/nav2_ws/install/nav2_smac_planner/share/nav2_smac_planner/sample_primitives/5cm_resolution/0.5m_turning_radius
[296.141s] -- Installing: /workstation/nav2_ws/install/nav2_smac_planner/share/nav2_smac_planner/sample_primitives/5cm_resolution/0.5m_turning_radius/ackermann
[296.141s] -- Installing: /workstation/nav2_ws/install/nav2_smac_planner/share/nav2_smac_planner/sample_primitives/5cm_resolution/0.5m_turning_radius/ackermann/output.json
[296.141s] -- Installing: /workstation/nav2_ws/install/nav2_smac_planner/share/nav2_smac_planner/sample_primitives/5cm_resolution/0.5m_turning_radius/all_trajectories.png
[296.142s] -- Installing: /workstation/nav2_ws/install/nav2_smac_planner/share/nav2_smac_planner/sample_primitives/5cm_resolution/0.5m_turning_radius/diff
[296.142s] -- Installing: /workstation/nav2_ws/install/nav2_smac_planner/share/nav2_smac_planner/sample_primitives/5cm_resolution/0.5m_turning_radius/diff/output.json
[296.142s] -- Installing: /workstation/nav2_ws/install/nav2_smac_planner/share/nav2_smac_planner/sample_primitives/5cm_resolution/0.5m_turning_radius/omni
[296.142s] -- Installing: /workstation/nav2_ws/install/nav2_smac_planner/share/nav2_smac_planner/sample_primitives/5cm_resolution/0.5m_turning_radius/omni/output.json
[296.143s] -- Installing: /workstation/nav2_ws/install/nav2_smac_planner/share/nav2_smac_planner/sample_primitives/5cm_resolution/1m_turning_radius
[296.143s] -- Installing: /workstation/nav2_ws/install/nav2_smac_planner/share/nav2_smac_planner/sample_primitives/5cm_resolution/1m_turning_radius/ackermann
[296.143s] -- Installing: /workstation/nav2_ws/install/nav2_smac_planner/share/nav2_smac_planner/sample_primitives/5cm_resolution/1m_turning_radius/ackermann/output.json
[296.143s] -- Installing: /workstation/nav2_ws/install/nav2_smac_planner/share/nav2_smac_planner/sample_primitives/5cm_resolution/1m_turning_radius/all_trajectories.png
[296.143s] -- Installing: /workstation/nav2_ws/install/nav2_smac_planner/share/nav2_smac_planner/sample_primitives/5cm_resolution/1m_turning_radius/diff
[296.143s] -- Installing: /workstation/nav2_ws/install/nav2_smac_planner/share/nav2_smac_planner/sample_primitives/5cm_resolution/1m_turning_radius/diff/output.json
[296.144s] -- Installing: /workstation/nav2_ws/install/nav2_smac_planner/share/nav2_smac_planner/sample_primitives/5cm_resolution/1m_turning_radius/omni
[296.144s] -- Installing: /workstation/nav2_ws/install/nav2_smac_planner/share/nav2_smac_planner/sample_primitives/5cm_resolution/1m_turning_radius/omni/output.json
[296.145s] -- Installing: /workstation/nav2_ws/install/nav2_smac_planner/share/nav2_smac_planner/environment/library_path.sh
[296.145s] -- Installing: /workstation/nav2_ws/install/nav2_smac_planner/share/nav2_smac_planner/environment/library_path.dsv
[296.145s] -- Installing: /workstation/nav2_ws/install/nav2_smac_planner/share/ament_index/resource_index/package_run_dependencies/nav2_smac_planner
[296.145s] -- Installing: /workstation/nav2_ws/install/nav2_smac_planner/share/ament_index/resource_index/parent_prefix_path/nav2_smac_planner
[296.145s] -- Installing: /workstation/nav2_ws/install/nav2_smac_planner/share/nav2_smac_planner/environment/ament_prefix_path.sh
[296.145s] -- Installing: /workstation/nav2_ws/install/nav2_smac_planner/share/nav2_smac_planner/environment/ament_prefix_path.dsv
[296.145s] -- Installing: /workstation/nav2_ws/install/nav2_smac_planner/share/nav2_smac_planner/environment/path.sh
[296.146s] -- Installing: /workstation/nav2_ws/install/nav2_smac_planner/share/nav2_smac_planner/environment/path.dsv
[296.146s] -- Installing: /workstation/nav2_ws/install/nav2_smac_planner/share/nav2_smac_planner/local_setup.bash
[296.146s] -- Installing: /workstation/nav2_ws/install/nav2_smac_planner/share/nav2_smac_planner/local_setup.sh
[296.146s] -- Installing: /workstation/nav2_ws/install/nav2_smac_planner/share/nav2_smac_planner/local_setup.zsh
[296.146s] -- Installing: /workstation/nav2_ws/install/nav2_smac_planner/share/nav2_smac_planner/local_setup.dsv
[296.146s] -- Installing: /workstation/nav2_ws/install/nav2_smac_planner/share/nav2_smac_planner/package.dsv
[296.146s] -- Installing: /workstation/nav2_ws/install/nav2_smac_planner/share/ament_index/resource_index/packages/nav2_smac_planner
[296.147s] -- Installing: /workstation/nav2_ws/install/nav2_smac_planner/share/ament_index/resource_index/nav2_core__pluginlib__plugin/nav2_smac_planner
[296.147s] -- Installing: /workstation/nav2_ws/install/nav2_smac_planner/share/nav2_smac_planner/cmake/ament_cmake_export_include_directories-extras.cmake
[296.147s] -- Installing: /workstation/nav2_ws/install/nav2_smac_planner/share/nav2_smac_planner/cmake/ament_cmake_export_libraries-extras.cmake
[296.147s] -- Installing: /workstation/nav2_ws/install/nav2_smac_planner/share/nav2_smac_planner/cmake/ament_cmake_export_dependencies-extras.cmake
[296.147s] -- Installing: /workstation/nav2_ws/install/nav2_smac_planner/share/nav2_smac_planner/cmake/nav2_smac_plannerConfig.cmake
[296.147s] -- Installing: /workstation/nav2_ws/install/nav2_smac_planner/share/nav2_smac_planner/cmake/nav2_smac_plannerConfig-version.cmake
[296.147s] -- Installing: /workstation/nav2_ws/install/nav2_smac_planner/share/nav2_smac_planner/package.xml
[296.151s] Invoked command in '/workstation/nav2_ws/build/nav2_smac_planner' returned '0': AMENT_PREFIX_PATH=/workstation/nav2_ws/install/nav2_core:/workstation/nav2_ws/install/nav2_costmap_2d:/workstation/nav2_ws/install/nav2_map_server:/workstation/nav2_ws/install/nav2_lifecycle_manager:/workstation/nav2_ws/install/nav2_util:/workstation/nav2_ws/install/nav2_voxel_grid:/workstation/nav2_ws/install/nav2_msgs:/workstation/nav2_ws/install/nav2_common:${AMENT_PREFIX_PATH} CMAKE_PREFIX_PATH=/workstation/nav2_ws/install/nav2_core:/workstation/nav2_ws/install/nav2_costmap_2d:/workstation/nav2_ws/install/nav2_map_server:/workstation/nav2_ws/install/nav2_lifecycle_manager:/workstation/nav2_ws/install/nav2_util:/workstation/nav2_ws/install/nav2_voxel_grid:/workstation/nav2_ws/install/nav2_msgs:/workstation/nav2_ws/install/nav2_common:/opt/ros/humble LD_LIBRARY_PATH=/workstation/nav2_ws/install/nav2_costmap_2d/lib:/workstation/nav2_ws/install/nav2_map_server/lib:/workstation/nav2_ws/install/nav2_lifecycle_manager/lib:/workstation/nav2_ws/install/nav2_util/lib:/workstation/nav2_ws/install/nav2_voxel_grid/lib:/workstation/nav2_ws/install/nav2_msgs/lib:${LD_LIBRARY_PATH} PYTHONPATH=/workstation/nav2_ws/install/nav2_msgs/local/lib/python3.10/dist-packages:/workstation/nav2_ws/install/nav2_common/local/lib/python3.10/dist-packages:${PYTHONPATH} /usr/bin/cmake --install /workstation/nav2_ws/build/nav2_smac_planner
