[0.027s] Invoking command in '/workstation/nav2_ws/build/nav2_lifecycle_manager': AMENT_PREFIX_PATH=/workstation/nav2_ws/install/nav2_util:/workstation/nav2_ws/install/nav2_msgs:/workstation/nav2_ws/install/nav2_common:${AMENT_PREFIX_PATH} CMAKE_PREFIX_PATH=/workstation/nav2_ws/install/nav2_util:/workstation/nav2_ws/install/nav2_msgs:/workstation/nav2_ws/install/nav2_common:/opt/ros/humble LD_LIBRARY_PATH=/workstation/nav2_ws/install/nav2_util/lib:/workstation/nav2_ws/install/nav2_msgs/lib:${LD_LIBRARY_PATH} PYTHONPATH=/workstation/nav2_ws/install/nav2_msgs/local/lib/python3.10/dist-packages:/workstation/nav2_ws/install/nav2_common/local/lib/python3.10/dist-packages:${PYTHONPATH} /usr/bin/cmake --build /workstation/nav2_ws/build/nav2_lifecycle_manager -- -j12 -l12
[0.073s] [35m[1mConsolidate compiler generated dependencies of target gtest[0m
[0.074s] [35m[1mConsolidate compiler generated dependencies of target gtest_main[0m
[0.074s] [35m[1mConsolidate compiler generated dependencies of target nav2_lifecycle_manager_core[0m
[0.093s] [ 15%] Built target gtest_main
[0.104s] [ 30%] Built target gtest
[0.120s] [ 53%] Built target nav2_lifecycle_manager_core
[0.145s] [35m[1mConsolidate compiler generated dependencies of target lifecycle_manager[0m
[0.148s] [35m[1mConsolidate compiler generated dependencies of target test_lifecycle_gtest[0m
[0.165s] [35m[1mConsolidate compiler generated dependencies of target test_bond_gtest[0m
[0.197s] [ 69%] Built target lifecycle_manager
[0.211s] [ 84%] Built target test_bond_gtest
[0.222s] [100%] Built target test_lifecycle_gtest
[0.258s] Invoked command in '/workstation/nav2_ws/build/nav2_lifecycle_manager' returned '0': AMENT_PREFIX_PATH=/workstation/nav2_ws/install/nav2_util:/workstation/nav2_ws/install/nav2_msgs:/workstation/nav2_ws/install/nav2_common:${AMENT_PREFIX_PATH} CMAKE_PREFIX_PATH=/workstation/nav2_ws/install/nav2_util:/workstation/nav2_ws/install/nav2_msgs:/workstation/nav2_ws/install/nav2_common:/opt/ros/humble LD_LIBRARY_PATH=/workstation/nav2_ws/install/nav2_util/lib:/workstation/nav2_ws/install/nav2_msgs/lib:${LD_LIBRARY_PATH} PYTHONPATH=/workstation/nav2_ws/install/nav2_msgs/local/lib/python3.10/dist-packages:/workstation/nav2_ws/install/nav2_common/local/lib/python3.10/dist-packages:${PYTHONPATH} /usr/bin/cmake --build /workstation/nav2_ws/build/nav2_lifecycle_manager -- -j12 -l12
[0.332s] Invoking command in '/workstation/nav2_ws/build/nav2_lifecycle_manager': AMENT_PREFIX_PATH=/workstation/nav2_ws/install/nav2_util:/workstation/nav2_ws/install/nav2_msgs:/workstation/nav2_ws/install/nav2_common:${AMENT_PREFIX_PATH} CMAKE_PREFIX_PATH=/workstation/nav2_ws/install/nav2_util:/workstation/nav2_ws/install/nav2_msgs:/workstation/nav2_ws/install/nav2_common:/opt/ros/humble LD_LIBRARY_PATH=/workstation/nav2_ws/install/nav2_util/lib:/workstation/nav2_ws/install/nav2_msgs/lib:${LD_LIBRARY_PATH} PYTHONPATH=/workstation/nav2_ws/install/nav2_msgs/local/lib/python3.10/dist-packages:/workstation/nav2_ws/install/nav2_common/local/lib/python3.10/dist-packages:${PYTHONPATH} /usr/bin/cmake --install /workstation/nav2_ws/build/nav2_lifecycle_manager
[0.347s] -- Install configuration: "Release"
[0.348s] -- Up-to-date: /workstation/nav2_ws/install/nav2_lifecycle_manager/lib/libnav2_lifecycle_manager_core.so
[0.348s] -- Up-to-date: /workstation/nav2_ws/install/nav2_lifecycle_manager/lib/nav2_lifecycle_manager/lifecycle_manager
[0.348s] -- Up-to-date: /workstation/nav2_ws/install/nav2_lifecycle_manager/include/
[0.348s] -- Up-to-date: /workstation/nav2_ws/install/nav2_lifecycle_manager/include//nav2_lifecycle_manager
[0.348s] -- Up-to-date: /workstation/nav2_ws/install/nav2_lifecycle_manager/include//nav2_lifecycle_manager/lifecycle_manager_client.hpp
[0.348s] -- Up-to-date: /workstation/nav2_ws/install/nav2_lifecycle_manager/include//nav2_lifecycle_manager/lifecycle_manager.hpp
[0.348s] -- Up-to-date: /workstation/nav2_ws/install/nav2_lifecycle_manager/share/nav2_lifecycle_manager/environment/library_path.sh
[0.348s] -- Up-to-date: /workstation/nav2_ws/install/nav2_lifecycle_manager/share/nav2_lifecycle_manager/environment/library_path.dsv
[0.349s] -- Up-to-date: /workstation/nav2_ws/install/nav2_lifecycle_manager/share/ament_index/resource_index/package_run_dependencies/nav2_lifecycle_manager
[0.349s] -- Up-to-date: /workstation/nav2_ws/install/nav2_lifecycle_manager/share/ament_index/resource_index/parent_prefix_path/nav2_lifecycle_manager
[0.349s] -- Up-to-date: /workstation/nav2_ws/install/nav2_lifecycle_manager/share/nav2_lifecycle_manager/environment/ament_prefix_path.sh
[0.349s] -- Up-to-date: /workstation/nav2_ws/install/nav2_lifecycle_manager/share/nav2_lifecycle_manager/environment/ament_prefix_path.dsv
[0.349s] -- Up-to-date: /workstation/nav2_ws/install/nav2_lifecycle_manager/share/nav2_lifecycle_manager/environment/path.sh
[0.349s] -- Up-to-date: /workstation/nav2_ws/install/nav2_lifecycle_manager/share/nav2_lifecycle_manager/environment/path.dsv
[0.349s] -- Up-to-date: /workstation/nav2_ws/install/nav2_lifecycle_manager/share/nav2_lifecycle_manager/local_setup.bash
[0.349s] -- Up-to-date: /workstation/nav2_ws/install/nav2_lifecycle_manager/share/nav2_lifecycle_manager/local_setup.sh
[0.349s] -- Up-to-date: /workstation/nav2_ws/install/nav2_lifecycle_manager/share/nav2_lifecycle_manager/local_setup.zsh
[0.349s] -- Up-to-date: /workstation/nav2_ws/install/nav2_lifecycle_manager/share/nav2_lifecycle_manager/local_setup.dsv
[0.350s] -- Installing: /workstation/nav2_ws/install/nav2_lifecycle_manager/share/nav2_lifecycle_manager/package.dsv
[0.350s] -- Up-to-date: /workstation/nav2_ws/install/nav2_lifecycle_manager/share/ament_index/resource_index/packages/nav2_lifecycle_manager
[0.350s] -- Up-to-date: /workstation/nav2_ws/install/nav2_lifecycle_manager/share/ament_index/resource_index/rclcpp_components/nav2_lifecycle_manager
[0.350s] -- Up-to-date: /workstation/nav2_ws/install/nav2_lifecycle_manager/share/nav2_lifecycle_manager/cmake/ament_cmake_export_include_directories-extras.cmake
[0.350s] -- Up-to-date: /workstation/nav2_ws/install/nav2_lifecycle_manager/share/nav2_lifecycle_manager/cmake/ament_cmake_export_libraries-extras.cmake
[0.350s] -- Up-to-date: /workstation/nav2_ws/install/nav2_lifecycle_manager/share/nav2_lifecycle_manager/cmake/ament_cmake_export_dependencies-extras.cmake
[0.350s] -- Up-to-date: /workstation/nav2_ws/install/nav2_lifecycle_manager/share/nav2_lifecycle_manager/cmake/nav2_lifecycle_managerConfig.cmake
[0.350s] -- Up-to-date: /workstation/nav2_ws/install/nav2_lifecycle_manager/share/nav2_lifecycle_manager/cmake/nav2_lifecycle_managerConfig-version.cmake
[0.357s] -- Up-to-date: /workstation/nav2_ws/install/nav2_lifecycle_manager/share/nav2_lifecycle_manager/package.xml
[0.358s] Invoked command in '/workstation/nav2_ws/build/nav2_lifecycle_manager' returned '0': AMENT_PREFIX_PATH=/workstation/nav2_ws/install/nav2_util:/workstation/nav2_ws/install/nav2_msgs:/workstation/nav2_ws/install/nav2_common:${AMENT_PREFIX_PATH} CMAKE_PREFIX_PATH=/workstation/nav2_ws/install/nav2_util:/workstation/nav2_ws/install/nav2_msgs:/workstation/nav2_ws/install/nav2_common:/opt/ros/humble LD_LIBRARY_PATH=/workstation/nav2_ws/install/nav2_util/lib:/workstation/nav2_ws/install/nav2_msgs/lib:${LD_LIBRARY_PATH} PYTHONPATH=/workstation/nav2_ws/install/nav2_msgs/local/lib/python3.10/dist-packages:/workstation/nav2_ws/install/nav2_common/local/lib/python3.10/dist-packages:${PYTHONPATH} /usr/bin/cmake --install /workstation/nav2_ws/build/nav2_lifecycle_manager
