[0.034s] Invoking command in '/workstation/nav2_ws/build/nav2_voxel_grid': AMENT_PREFIX_PATH=/workstation/nav2_ws/install/nav2_common:${AMENT_PREFIX_PATH} CMAKE_PREFIX_PATH=/workstation/nav2_ws/install/nav2_common:/opt/ros/humble PYTHONPATH=/workstation/nav2_ws/install/nav2_common/local/lib/python3.10/dist-packages:${PYTHONPATH} /usr/bin/cmake --build /workstation/nav2_ws/build/nav2_voxel_grid -- -j12 -l12
[0.097s] [ 20%] Built target gtest_main
[0.099s] [ 40%] Built target gtest
[0.100s] [ 60%] Built target voxel_grid
[0.139s] [ 80%] Built target voxel_grid_bresenham_3d
[0.140s] [100%] Built target voxel_grid_tests
[0.162s] Invoked command in '/workstation/nav2_ws/build/nav2_voxel_grid' returned '0': AMENT_PREFIX_PATH=/workstation/nav2_ws/install/nav2_common:${AMENT_PREFIX_PATH} CMAKE_PREFIX_PATH=/workstation/nav2_ws/install/nav2_common:/opt/ros/humble PYTHONPATH=/workstation/nav2_ws/install/nav2_common/local/lib/python3.10/dist-packages:${PYTHONPATH} /usr/bin/cmake --build /workstation/nav2_ws/build/nav2_voxel_grid -- -j12 -l12
[0.195s] Invoking command in '/workstation/nav2_ws/build/nav2_voxel_grid': AMENT_PREFIX_PATH=/workstation/nav2_ws/install/nav2_common:${AMENT_PREFIX_PATH} CMAKE_PREFIX_PATH=/workstation/nav2_ws/install/nav2_common:/opt/ros/humble PYTHONPATH=/workstation/nav2_ws/install/nav2_common/local/lib/python3.10/dist-packages:${PYTHONPATH} /usr/bin/cmake --install /workstation/nav2_ws/build/nav2_voxel_grid
[0.201s] -- Install configuration: "Release"
[0.202s] -- Up-to-date: /workstation/nav2_ws/install/nav2_voxel_grid/lib/libvoxel_grid.so
[0.202s] -- Up-to-date: /workstation/nav2_ws/install/nav2_voxel_grid/include
[0.202s] -- Up-to-date: /workstation/nav2_ws/install/nav2_voxel_grid/include/nav2_voxel_grid
[0.202s] -- Up-to-date: /workstation/nav2_ws/install/nav2_voxel_grid/include/nav2_voxel_grid/voxel_grid.hpp
[0.202s] -- Up-to-date: /workstation/nav2_ws/install/nav2_voxel_grid/share/nav2_voxel_grid/environment/library_path.sh
[0.202s] -- Up-to-date: /workstation/nav2_ws/install/nav2_voxel_grid/share/nav2_voxel_grid/environment/library_path.dsv
[0.203s] -- Up-to-date: /workstation/nav2_ws/install/nav2_voxel_grid/share/ament_index/resource_index/package_run_dependencies/nav2_voxel_grid
[0.203s] -- Up-to-date: /workstation/nav2_ws/install/nav2_voxel_grid/share/ament_index/resource_index/parent_prefix_path/nav2_voxel_grid
[0.203s] -- Up-to-date: /workstation/nav2_ws/install/nav2_voxel_grid/share/nav2_voxel_grid/environment/ament_prefix_path.sh
[0.203s] -- Up-to-date: /workstation/nav2_ws/install/nav2_voxel_grid/share/nav2_voxel_grid/environment/ament_prefix_path.dsv
[0.203s] -- Up-to-date: /workstation/nav2_ws/install/nav2_voxel_grid/share/nav2_voxel_grid/environment/path.sh
[0.203s] -- Up-to-date: /workstation/nav2_ws/install/nav2_voxel_grid/share/nav2_voxel_grid/environment/path.dsv
[0.203s] -- Up-to-date: /workstation/nav2_ws/install/nav2_voxel_grid/share/nav2_voxel_grid/local_setup.bash
[0.203s] -- Up-to-date: /workstation/nav2_ws/install/nav2_voxel_grid/share/nav2_voxel_grid/local_setup.sh
[0.203s] -- Up-to-date: /workstation/nav2_ws/install/nav2_voxel_grid/share/nav2_voxel_grid/local_setup.zsh
[0.204s] -- Up-to-date: /workstation/nav2_ws/install/nav2_voxel_grid/share/nav2_voxel_grid/local_setup.dsv
[0.204s] -- Installing: /workstation/nav2_ws/install/nav2_voxel_grid/share/nav2_voxel_grid/package.dsv
[0.204s] -- Up-to-date: /workstation/nav2_ws/install/nav2_voxel_grid/share/ament_index/resource_index/packages/nav2_voxel_grid
[0.204s] -- Up-to-date: /workstation/nav2_ws/install/nav2_voxel_grid/share/nav2_voxel_grid/cmake/ament_cmake_export_dependencies-extras.cmake
[0.204s] -- Up-to-date: /workstation/nav2_ws/install/nav2_voxel_grid/share/nav2_voxel_grid/cmake/ament_cmake_export_include_directories-extras.cmake
[0.204s] -- Up-to-date: /workstation/nav2_ws/install/nav2_voxel_grid/share/nav2_voxel_grid/cmake/ament_cmake_export_libraries-extras.cmake
[0.204s] -- Up-to-date: /workstation/nav2_ws/install/nav2_voxel_grid/share/nav2_voxel_grid/cmake/nav2_voxel_gridConfig.cmake
[0.204s] -- Up-to-date: /workstation/nav2_ws/install/nav2_voxel_grid/share/nav2_voxel_grid/cmake/nav2_voxel_gridConfig-version.cmake
[0.205s] -- Up-to-date: /workstation/nav2_ws/install/nav2_voxel_grid/share/nav2_voxel_grid/package.xml
[0.206s] Invoked command in '/workstation/nav2_ws/build/nav2_voxel_grid' returned '0': AMENT_PREFIX_PATH=/workstation/nav2_ws/install/nav2_common:${AMENT_PREFIX_PATH} CMAKE_PREFIX_PATH=/workstation/nav2_ws/install/nav2_common:/opt/ros/humble PYTHONPATH=/workstation/nav2_ws/install/nav2_common/local/lib/python3.10/dist-packages:${PYTHONPATH} /usr/bin/cmake --install /workstation/nav2_ws/build/nav2_voxel_grid
