[0.070s] Invoking command in '/workstation/nav2_ws/build/nav2_bt_navigator': AMENT_PREFIX_PATH=/workstation/nav2_ws/install/nav2_core:/workstation/nav2_ws/install/nav2_costmap_2d:/workstation/nav2_ws/install/nav2_map_server:/workstation/nav2_ws/install/nav2_lifecycle_manager:/workstation/nav2_ws/install/nav2_behavior_tree:/workstation/nav2_ws/install/nav2_util:/workstation/nav2_ws/install/nav2_voxel_grid:/workstation/nav2_ws/install/nav2_msgs:/workstation/nav2_ws/install/nav2_common:${AMENT_PREFIX_PATH} CMAKE_PREFIX_PATH=/workstation/nav2_ws/install/nav2_core:/workstation/nav2_ws/install/nav2_costmap_2d:/workstation/nav2_ws/install/nav2_map_server:/workstation/nav2_ws/install/nav2_lifecycle_manager:/workstation/nav2_ws/install/nav2_behavior_tree:/workstation/nav2_ws/install/nav2_util:/workstation/nav2_ws/install/nav2_voxel_grid:/workstation/nav2_ws/install/nav2_msgs:/workstation/nav2_ws/install/nav2_common:/opt/ros/humble LD_LIBRARY_PATH=/workstation/nav2_ws/install/nav2_costmap_2d/lib:/workstation/nav2_ws/install/nav2_map_server/lib:/workstation/nav2_ws/install/nav2_lifecycle_manager/lib:/workstation/nav2_ws/install/nav2_behavior_tree/lib:/workstation/nav2_ws/install/nav2_util/lib:/workstation/nav2_ws/install/nav2_voxel_grid/lib:/workstation/nav2_ws/install/nav2_msgs/lib:${LD_LIBRARY_PATH} PYTHONPATH=/workstation/nav2_ws/install/nav2_msgs/local/lib/python3.10/dist-packages:/workstation/nav2_ws/install/nav2_common/local/lib/python3.10/dist-packages:${PYTHONPATH} /usr/bin/cmake --build /workstation/nav2_ws/build/nav2_bt_navigator -- -j12 -l12
[0.358s] [ 66%] Built target bt_navigator_core
[0.644s] [100%] Built target bt_navigator
[0.719s] Invoked command in '/workstation/nav2_ws/build/nav2_bt_navigator' returned '0': AMENT_PREFIX_PATH=/workstation/nav2_ws/install/nav2_core:/workstation/nav2_ws/install/nav2_costmap_2d:/workstation/nav2_ws/install/nav2_map_server:/workstation/nav2_ws/install/nav2_lifecycle_manager:/workstation/nav2_ws/install/nav2_behavior_tree:/workstation/nav2_ws/install/nav2_util:/workstation/nav2_ws/install/nav2_voxel_grid:/workstation/nav2_ws/install/nav2_msgs:/workstation/nav2_ws/install/nav2_common:${AMENT_PREFIX_PATH} CMAKE_PREFIX_PATH=/workstation/nav2_ws/install/nav2_core:/workstation/nav2_ws/install/nav2_costmap_2d:/workstation/nav2_ws/install/nav2_map_server:/workstation/nav2_ws/install/nav2_lifecycle_manager:/workstation/nav2_ws/install/nav2_behavior_tree:/workstation/nav2_ws/install/nav2_util:/workstation/nav2_ws/install/nav2_voxel_grid:/workstation/nav2_ws/install/nav2_msgs:/workstation/nav2_ws/install/nav2_common:/opt/ros/humble LD_LIBRARY_PATH=/workstation/nav2_ws/install/nav2_costmap_2d/lib:/workstation/nav2_ws/install/nav2_map_server/lib:/workstation/nav2_ws/install/nav2_lifecycle_manager/lib:/workstation/nav2_ws/install/nav2_behavior_tree/lib:/workstation/nav2_ws/install/nav2_util/lib:/workstation/nav2_ws/install/nav2_voxel_grid/lib:/workstation/nav2_ws/install/nav2_msgs/lib:${LD_LIBRARY_PATH} PYTHONPATH=/workstation/nav2_ws/install/nav2_msgs/local/lib/python3.10/dist-packages:/workstation/nav2_ws/install/nav2_common/local/lib/python3.10/dist-packages:${PYTHONPATH} /usr/bin/cmake --build /workstation/nav2_ws/build/nav2_bt_navigator -- -j12 -l12
[0.953s] Invoking command in '/workstation/nav2_ws/build/nav2_bt_navigator': AMENT_PREFIX_PATH=/workstation/nav2_ws/install/nav2_core:/workstation/nav2_ws/install/nav2_costmap_2d:/workstation/nav2_ws/install/nav2_map_server:/workstation/nav2_ws/install/nav2_lifecycle_manager:/workstation/nav2_ws/install/nav2_behavior_tree:/workstation/nav2_ws/install/nav2_util:/workstation/nav2_ws/install/nav2_voxel_grid:/workstation/nav2_ws/install/nav2_msgs:/workstation/nav2_ws/install/nav2_common:${AMENT_PREFIX_PATH} CMAKE_PREFIX_PATH=/workstation/nav2_ws/install/nav2_core:/workstation/nav2_ws/install/nav2_costmap_2d:/workstation/nav2_ws/install/nav2_map_server:/workstation/nav2_ws/install/nav2_lifecycle_manager:/workstation/nav2_ws/install/nav2_behavior_tree:/workstation/nav2_ws/install/nav2_util:/workstation/nav2_ws/install/nav2_voxel_grid:/workstation/nav2_ws/install/nav2_msgs:/workstation/nav2_ws/install/nav2_common:/opt/ros/humble LD_LIBRARY_PATH=/workstation/nav2_ws/install/nav2_costmap_2d/lib:/workstation/nav2_ws/install/nav2_map_server/lib:/workstation/nav2_ws/install/nav2_lifecycle_manager/lib:/workstation/nav2_ws/install/nav2_behavior_tree/lib:/workstation/nav2_ws/install/nav2_util/lib:/workstation/nav2_ws/install/nav2_voxel_grid/lib:/workstation/nav2_ws/install/nav2_msgs/lib:${LD_LIBRARY_PATH} PYTHONPATH=/workstation/nav2_ws/install/nav2_msgs/local/lib/python3.10/dist-packages:/workstation/nav2_ws/install/nav2_common/local/lib/python3.10/dist-packages:${PYTHONPATH} /usr/bin/cmake --install /workstation/nav2_ws/build/nav2_bt_navigator
[0.991s] -- Install configuration: "Release"
[0.991s] -- Up-to-date: /workstation/nav2_ws/install/nav2_bt_navigator/lib/libbt_navigator_core.so
[0.991s] -- Up-to-date: /workstation/nav2_ws/install/nav2_bt_navigator/lib/nav2_bt_navigator/bt_navigator
[0.991s] -- Up-to-date: /workstation/nav2_ws/install/nav2_bt_navigator/include/
[0.991s] -- Up-to-date: /workstation/nav2_ws/install/nav2_bt_navigator/include//nav2_bt_navigator
[0.992s] -- Up-to-date: /workstation/nav2_ws/install/nav2_bt_navigator/include//nav2_bt_navigator/navigator.hpp
[0.992s] -- Up-to-date: /workstation/nav2_ws/install/nav2_bt_navigator/include//nav2_bt_navigator/navigators
[0.992s] -- Up-to-date: /workstation/nav2_ws/install/nav2_bt_navigator/include//nav2_bt_navigator/navigators/navigate_through_poses.hpp
[0.992s] -- Up-to-date: /workstation/nav2_ws/install/nav2_bt_navigator/include//nav2_bt_navigator/navigators/navigate_to_pose.hpp
[0.992s] -- Up-to-date: /workstation/nav2_ws/install/nav2_bt_navigator/include//nav2_bt_navigator/bt_navigator.hpp
[0.992s] -- Up-to-date: /workstation/nav2_ws/install/nav2_bt_navigator/share/nav2_bt_navigator/behavior_trees
[0.992s] -- Up-to-date: /workstation/nav2_ws/install/nav2_bt_navigator/share/nav2_bt_navigator/behavior_trees/navigate_to_pose_w_replanning_goal_patience_and_recovery.xml
[0.993s] -- Up-to-date: /workstation/nav2_ws/install/nav2_bt_navigator/share/nav2_bt_navigator/behavior_trees/follow_point.xml
[0.994s] -- Up-to-date: /workstation/nav2_ws/install/nav2_bt_navigator/share/nav2_bt_navigator/behavior_trees/navigate_w_replanning_time.xml
[0.995s] -- Up-to-date: /workstation/nav2_ws/install/nav2_bt_navigator/share/nav2_bt_navigator/behavior_trees/navigate_w_replanning_only_if_goal_is_updated.xml
[0.995s] -- Up-to-date: /workstation/nav2_ws/install/nav2_bt_navigator/share/nav2_bt_navigator/behavior_trees/navigate_w_recovery_and_replanning_only_if_path_becomes_invalid.xml
[0.995s] -- Up-to-date: /workstation/nav2_ws/install/nav2_bt_navigator/share/nav2_bt_navigator/behavior_trees/navigate_w_replanning_distance.xml
[0.996s] -- Up-to-date: /workstation/nav2_ws/install/nav2_bt_navigator/share/nav2_bt_navigator/behavior_trees/navigate_to_pose_w_replanning_and_recovery.xml
[0.996s] -- Up-to-date: /workstation/nav2_ws/install/nav2_bt_navigator/share/nav2_bt_navigator/behavior_trees/odometry_calibration.xml
[0.997s] -- Up-to-date: /workstation/nav2_ws/install/nav2_bt_navigator/share/nav2_bt_navigator/behavior_trees/nav_to_pose_with_consistent_replanning_and_if_path_becomes_invalid.xml
[0.997s] -- Up-to-date: /workstation/nav2_ws/install/nav2_bt_navigator/share/nav2_bt_navigator/behavior_trees/navigate_w_replanning_only_if_path_becomes_invalid.xml
[0.998s] -- Up-to-date: /workstation/nav2_ws/install/nav2_bt_navigator/share/nav2_bt_navigator/behavior_trees/navigate_w_replanning_speed.xml
[0.999s] -- Up-to-date: /workstation/nav2_ws/install/nav2_bt_navigator/share/nav2_bt_navigator/behavior_trees/navigate_through_poses_w_replanning_and_recovery.xml
[0.999s] -- Up-to-date: /workstation/nav2_ws/install/nav2_bt_navigator/share/nav2_bt_navigator/environment/library_path.sh
[1.000s] -- Up-to-date: /workstation/nav2_ws/install/nav2_bt_navigator/share/nav2_bt_navigator/environment/library_path.dsv
[1.000s] -- Up-to-date: /workstation/nav2_ws/install/nav2_bt_navigator/share/ament_index/resource_index/package_run_dependencies/nav2_bt_navigator
[1.000s] -- Up-to-date: /workstation/nav2_ws/install/nav2_bt_navigator/share/ament_index/resource_index/parent_prefix_path/nav2_bt_navigator
[1.000s] -- Up-to-date: /workstation/nav2_ws/install/nav2_bt_navigator/share/nav2_bt_navigator/environment/ament_prefix_path.sh
[1.000s] -- Up-to-date: /workstation/nav2_ws/install/nav2_bt_navigator/share/nav2_bt_navigator/environment/ament_prefix_path.dsv
[1.001s] -- Up-to-date: /workstation/nav2_ws/install/nav2_bt_navigator/share/nav2_bt_navigator/environment/path.sh
[1.001s] -- Up-to-date: /workstation/nav2_ws/install/nav2_bt_navigator/share/nav2_bt_navigator/environment/path.dsv
[1.001s] -- Up-to-date: /workstation/nav2_ws/install/nav2_bt_navigator/share/nav2_bt_navigator/local_setup.bash
[1.001s] -- Up-to-date: /workstation/nav2_ws/install/nav2_bt_navigator/share/nav2_bt_navigator/local_setup.sh
[1.001s] -- Up-to-date: /workstation/nav2_ws/install/nav2_bt_navigator/share/nav2_bt_navigator/local_setup.zsh
[1.001s] -- Up-to-date: /workstation/nav2_ws/install/nav2_bt_navigator/share/nav2_bt_navigator/local_setup.dsv
[1.001s] -- Installing: /workstation/nav2_ws/install/nav2_bt_navigator/share/nav2_bt_navigator/package.dsv
[1.001s] -- Up-to-date: /workstation/nav2_ws/install/nav2_bt_navigator/share/ament_index/resource_index/packages/nav2_bt_navigator
[1.002s] -- Up-to-date: /workstation/nav2_ws/install/nav2_bt_navigator/share/ament_index/resource_index/rclcpp_components/nav2_bt_navigator
[1.002s] -- Up-to-date: /workstation/nav2_ws/install/nav2_bt_navigator/share/nav2_bt_navigator/cmake/ament_cmake_export_include_directories-extras.cmake
[1.002s] -- Up-to-date: /workstation/nav2_ws/install/nav2_bt_navigator/share/nav2_bt_navigator/cmake/ament_cmake_export_libraries-extras.cmake
[1.002s] -- Up-to-date: /workstation/nav2_ws/install/nav2_bt_navigator/share/nav2_bt_navigator/cmake/ament_cmake_export_dependencies-extras.cmake
[1.002s] -- Up-to-date: /workstation/nav2_ws/install/nav2_bt_navigator/share/nav2_bt_navigator/cmake/nav2_bt_navigatorConfig.cmake
[1.002s] -- Up-to-date: /workstation/nav2_ws/install/nav2_bt_navigator/share/nav2_bt_navigator/cmake/nav2_bt_navigatorConfig-version.cmake
[1.002s] -- Up-to-date: /workstation/nav2_ws/install/nav2_bt_navigator/share/nav2_bt_navigator/package.xml
[1.071s] Invoked command in '/workstation/nav2_ws/build/nav2_bt_navigator' returned '0': AMENT_PREFIX_PATH=/workstation/nav2_ws/install/nav2_core:/workstation/nav2_ws/install/nav2_costmap_2d:/workstation/nav2_ws/install/nav2_map_server:/workstation/nav2_ws/install/nav2_lifecycle_manager:/workstation/nav2_ws/install/nav2_behavior_tree:/workstation/nav2_ws/install/nav2_util:/workstation/nav2_ws/install/nav2_voxel_grid:/workstation/nav2_ws/install/nav2_msgs:/workstation/nav2_ws/install/nav2_common:${AMENT_PREFIX_PATH} CMAKE_PREFIX_PATH=/workstation/nav2_ws/install/nav2_core:/workstation/nav2_ws/install/nav2_costmap_2d:/workstation/nav2_ws/install/nav2_map_server:/workstation/nav2_ws/install/nav2_lifecycle_manager:/workstation/nav2_ws/install/nav2_behavior_tree:/workstation/nav2_ws/install/nav2_util:/workstation/nav2_ws/install/nav2_voxel_grid:/workstation/nav2_ws/install/nav2_msgs:/workstation/nav2_ws/install/nav2_common:/opt/ros/humble LD_LIBRARY_PATH=/workstation/nav2_ws/install/nav2_costmap_2d/lib:/workstation/nav2_ws/install/nav2_map_server/lib:/workstation/nav2_ws/install/nav2_lifecycle_manager/lib:/workstation/nav2_ws/install/nav2_behavior_tree/lib:/workstation/nav2_ws/install/nav2_util/lib:/workstation/nav2_ws/install/nav2_voxel_grid/lib:/workstation/nav2_ws/install/nav2_msgs/lib:${LD_LIBRARY_PATH} PYTHONPATH=/workstation/nav2_ws/install/nav2_msgs/local/lib/python3.10/dist-packages:/workstation/nav2_ws/install/nav2_common/local/lib/python3.10/dist-packages:${PYTHONPATH} /usr/bin/cmake --install /workstation/nav2_ws/build/nav2_bt_navigator
