[0.018s] Invoking command in '/workstation/nav2_ws/build/nav2_behavior_tree': AMENT_PREFIX_PATH=/workstation/nav2_ws/install/nav2_util:/workstation/nav2_ws/install/nav2_msgs:/workstation/nav2_ws/install/nav2_common:${AMENT_PREFIX_PATH} CMAKE_PREFIX_PATH=/workstation/nav2_ws/install/nav2_util:/workstation/nav2_ws/install/nav2_msgs:/workstation/nav2_ws/install/nav2_common:/opt/ros/humble LD_LIBRARY_PATH=/workstation/nav2_ws/install/nav2_util/lib:/workstation/nav2_ws/install/nav2_msgs/lib:${LD_LIBRARY_PATH} PYTHONPATH=/workstation/nav2_ws/install/nav2_msgs/local/lib/python3.10/dist-packages:/workstation/nav2_ws/install/nav2_common/local/lib/python3.10/dist-packages:${PYTHONPATH} /usr/bin/cmake /workstation/nav2_ws/src/navigation2/nav2_behavior_tree -DCMAKE_INSTALL_PREFIX=/workstation/nav2_ws/install/nav2_behavior_tree
[0.084s] -- The CXX compiler identification is GNU 11.4.0
[0.092s] -- Detecting CXX compiler ABI info
[0.167s] -- Detecting CXX compiler ABI info - done
[0.177s] -- Check for working CXX compiler: /usr/bin/c++ - skipped
[0.177s] -- Detecting CXX compile features
[0.178s] -- Detecting CXX compile features - done
[0.180s] -- Found ament_cmake: 1.3.10 (/opt/ros/humble/share/ament_cmake/cmake)
[0.333s] -- Found Python3: /usr/bin/python3 (found version "3.10.12") found components: Interpreter 
[0.436s] -- Found nav2_common: 1.1.16 (/workstation/nav2_ws/install/nav2_common/share/nav2_common/cmake)
[0.439s] -- Found rclcpp: 16.0.10 (/opt/ros/humble/share/rclcpp/cmake)
[0.493s] -- Found rosidl_generator_c: 3.1.5 (/opt/ros/humble/share/rosidl_generator_c/cmake)
[0.499s] -- Found rosidl_adapter: 3.1.5 (/opt/ros/humble/share/rosidl_adapter/cmake)
[0.508s] -- Found rosidl_generator_cpp: 3.1.5 (/opt/ros/humble/share/rosidl_generator_cpp/cmake)
[0.521s] -- Using all available rosidl_typesupport_c: rosidl_typesupport_fastrtps_c;rosidl_typesupport_introspection_c
[0.539s] -- Using all available rosidl_typesupport_cpp: rosidl_typesupport_fastrtps_cpp;rosidl_typesupport_introspection_cpp
[0.585s] -- Found rmw_implementation_cmake: 6.1.2 (/opt/ros/humble/share/rmw_implementation_cmake/cmake)
[0.588s] -- Found rmw_fastrtps_cpp: 6.2.7 (/opt/ros/humble/share/rmw_fastrtps_cpp/cmake)
[0.663s] -- Found OpenSSL: /usr/lib/x86_64-linux-gnu/libcrypto.so (found version "3.0.2")  
[0.688s] -- Found FastRTPS: /opt/ros/humble/include  
[0.731s] -- Using RMW implementation 'rmw_fastrtps_cpp' as default
[0.751s] -- Looking for C++ include pthread.h
[0.831s] -- Looking for C++ include pthread.h - found
[0.831s] -- Performing Test CMAKE_HAVE_LIBC_PTHREAD
[0.913s] -- Performing Test CMAKE_HAVE_LIBC_PTHREAD - Success
[0.915s] -- Found Threads: TRUE  
[0.972s] -- Found rclcpp_action: 16.0.10 (/opt/ros/humble/share/rclcpp_action/cmake)
[1.010s] -- Found rclcpp_lifecycle: 16.0.10 (/opt/ros/humble/share/rclcpp_lifecycle/cmake)
[1.035s] -- Found geometry_msgs: 4.2.4 (/opt/ros/humble/share/geometry_msgs/cmake)
[1.050s] -- Found sensor_msgs: 4.2.4 (/opt/ros/humble/share/sensor_msgs/cmake)
[1.068s] -- Found nav2_msgs: 1.1.16 (/workstation/nav2_ws/install/nav2_msgs/share/nav2_msgs/cmake)
[1.113s] -- Found tf2_ros: 0.25.8 (/opt/ros/humble/share/tf2_ros/cmake)
[1.179s] -- Found tf2_geometry_msgs: 0.25.8 (/opt/ros/humble/share/tf2_geometry_msgs/cmake)
[1.193s] -- Found eigen3_cmake_module: 0.1.1 (/opt/ros/humble/share/eigen3_cmake_module/cmake)
[1.194s] -- Found Eigen3: TRUE (found version "3.4.0") 
[1.194s] -- Ensuring Eigen3 include directory is part of orocos-kdl CMake target
[1.197s] -- Found std_srvs: 4.2.4 (/opt/ros/humble/share/std_srvs/cmake)
[1.206s] -- Found nav2_util: 1.1.16 (/workstation/nav2_ws/install/nav2_util/share/nav2_util/cmake)
[1.249s] -- Setting build type to Release as none was specified.
[4.001s] -- Found ament_lint_auto: 0.12.11 (/opt/ros/humble/share/ament_lint_auto/cmake)
[4.254s] -- Found gtest sources under '/opt/ros/humble/src/gtest_vendor': C++ tests using 'Google Test' will be built
[4.330s] -- The C compiler identification is GNU 11.4.0
[4.365s] -- Detecting C compiler ABI info
[4.502s] -- Detecting C compiler ABI info - done
[4.531s] -- Check for working C compiler: /usr/bin/cc - skipped
[4.532s] -- Detecting C compile features
[4.533s] -- Detecting C compile features - done
[7.021s] -- Added test 'copyright' to check source files copyright and LICENSE
[7.046s] -- Added test 'cppcheck' to perform static code analysis on C / C++ code
[7.070s] -- Configured cppcheck include dirs: /workstation/nav2_ws/src/navigation2/nav2_behavior_tree/include
[7.070s] -- Configured cppcheck exclude dirs and/or files: 
[7.085s] -- Added test 'cpplint' to check C / C++ code against the Google style
[7.085s] -- Configured cpplint exclude dirs and/or files: 
[7.096s] -- Added test 'lint_cmake' to check CMake code style
[7.113s] -- Added test 'uncrustify' to check C / C++ code style
[7.114s] -- Configured uncrustify additional arguments: 
[7.116s] -- Added test 'xmllint' to check XML markup files
[7.121s] -- Configuring done
[10.553s] -- Generating done
[10.564s] -- Build files have been written to: /workstation/nav2_ws/build/nav2_behavior_tree
[10.599s] Invoked command in '/workstation/nav2_ws/build/nav2_behavior_tree' returned '0': AMENT_PREFIX_PATH=/workstation/nav2_ws/install/nav2_util:/workstation/nav2_ws/install/nav2_msgs:/workstation/nav2_ws/install/nav2_common:${AMENT_PREFIX_PATH} CMAKE_PREFIX_PATH=/workstation/nav2_ws/install/nav2_util:/workstation/nav2_ws/install/nav2_msgs:/workstation/nav2_ws/install/nav2_common:/opt/ros/humble LD_LIBRARY_PATH=/workstation/nav2_ws/install/nav2_util/lib:/workstation/nav2_ws/install/nav2_msgs/lib:${LD_LIBRARY_PATH} PYTHONPATH=/workstation/nav2_ws/install/nav2_msgs/local/lib/python3.10/dist-packages:/workstation/nav2_ws/install/nav2_common/local/lib/python3.10/dist-packages:${PYTHONPATH} /usr/bin/cmake /workstation/nav2_ws/src/navigation2/nav2_behavior_tree -DCMAKE_INSTALL_PREFIX=/workstation/nav2_ws/install/nav2_behavior_tree
[10.603s] Invoking command in '/workstation/nav2_ws/build/nav2_behavior_tree': AMENT_PREFIX_PATH=/workstation/nav2_ws/install/nav2_util:/workstation/nav2_ws/install/nav2_msgs:/workstation/nav2_ws/install/nav2_common:${AMENT_PREFIX_PATH} CMAKE_PREFIX_PATH=/workstation/nav2_ws/install/nav2_util:/workstation/nav2_ws/install/nav2_msgs:/workstation/nav2_ws/install/nav2_common:/opt/ros/humble LD_LIBRARY_PATH=/workstation/nav2_ws/install/nav2_util/lib:/workstation/nav2_ws/install/nav2_msgs/lib:${LD_LIBRARY_PATH} PYTHONPATH=/workstation/nav2_ws/install/nav2_msgs/local/lib/python3.10/dist-packages:/workstation/nav2_ws/install/nav2_common/local/lib/python3.10/dist-packages:${PYTHONPATH} /usr/bin/cmake --build /workstation/nav2_ws/build/nav2_behavior_tree -- -j12 -l12
[10.704s] [  1%] [32mBuilding CXX object CMakeFiles/nav2_compute_path_through_poses_action_bt_node.dir/plugins/action/compute_path_through_poses_action.cpp.o[0m
[10.709s] [  2%] [32mBuilding CXX object CMakeFiles/nav2_controller_cancel_bt_node.dir/plugins/action/controller_cancel_node.cpp.o[0m
[10.709s] [  3%] [32mBuilding CXX object CMakeFiles/nav2_behavior_tree.dir/src/behavior_tree_engine.cpp.o[0m
[10.724s] [  4%] [32mBuilding CXX object CMakeFiles/nav2_spin_cancel_bt_node.dir/plugins/action/spin_cancel_node.cpp.o[0m
[10.730s] [  5%] [32mBuilding CXX object CMakeFiles/nav2_compute_path_to_pose_action_bt_node.dir/plugins/action/compute_path_to_pose_action.cpp.o[0m
[10.731s] [  5%] [32mBuilding CXX object CMakeFiles/nav2_smooth_path_action_bt_node.dir/plugins/action/smooth_path_action.cpp.o[0m
[10.734s] [  6%] [32mBuilding CXX object CMakeFiles/nav2_wait_cancel_bt_node.dir/plugins/action/wait_cancel_node.cpp.o[0m
[10.735s] [  6%] [32mBuilding CXX object CMakeFiles/nav2_drive_on_heading_cancel_bt_node.dir/plugins/action/drive_on_heading_cancel_node.cpp.o[0m
[10.735s] [  7%] [32mBuilding CXX object CMakeFiles/nav2_back_up_cancel_bt_node.dir/plugins/action/back_up_cancel_node.cpp.o[0m
[10.742s] [  8%] [32mBuilding CXX object CMakeFiles/nav2_assisted_teleop_cancel_bt_node.dir/plugins/action/assisted_teleop_cancel_node.cpp.o[0m
[10.744s] [  8%] [32mBuilding CXX object CMakeFiles/nav2_follow_path_action_bt_node.dir/plugins/action/follow_path_action.cpp.o[0m
[10.755s] [  9%] [32mBuilding CXX object CMakeFiles/nav2_back_up_action_bt_node.dir/plugins/action/back_up_action.cpp.o[0m
[32.803s] [  9%] [32m[1mLinking CXX shared library libnav2_behavior_tree.so[0m
[33.755s] [  9%] Built target nav2_behavior_tree
[34.572s] [  9%] [32m[1mLinking CXX shared library libnav2_compute_path_through_poses_action_bt_node.so[0m
[35.084s] [  9%] Built target nav2_compute_path_through_poses_action_bt_node
[35.547s] [  9%] [32m[1mLinking CXX shared library libnav2_spin_cancel_bt_node.so[0m
[35.986s] [  9%] Built target nav2_spin_cancel_bt_node
[37.507s] [  9%] [32m[1mLinking CXX shared library libnav2_back_up_cancel_bt_node.so[0m
[38.169s] [  9%] Built target nav2_back_up_cancel_bt_node
[38.655s] [  9%] [32m[1mLinking CXX shared library libnav2_wait_cancel_bt_node.so[0m
[38.920s] [ 10%] [32m[1mLinking CXX shared library libnav2_follow_path_action_bt_node.so[0m
[39.326s] [ 10%] Built target nav2_wait_cancel_bt_node
[39.341s] [ 11%] [32m[1mLinking CXX shared library libnav2_drive_on_heading_cancel_bt_node.so[0m
[39.674s] [ 11%] Built target nav2_follow_path_action_bt_node
[39.785s] [ 11%] [32m[1mLinking CXX shared library libnav2_compute_path_to_pose_action_bt_node.so[0m
[39.851s] [ 11%] [32m[1mLinking CXX shared library libnav2_back_up_action_bt_node.so[0m
[39.955s] [ 11%] [32m[1mLinking CXX shared library libnav2_assisted_teleop_cancel_bt_node.so[0m
[39.981s] [ 11%] Built target nav2_drive_on_heading_cancel_bt_node
[40.360s] [ 11%] Built target nav2_compute_path_to_pose_action_bt_node
[40.373s] [ 11%] Built target nav2_back_up_action_bt_node
[40.509s] [ 11%] Built target nav2_assisted_teleop_cancel_bt_node
[41.152s] [ 11%] [32m[1mLinking CXX shared library libnav2_controller_cancel_bt_node.so[0m
[41.561s] [ 11%] Built target nav2_controller_cancel_bt_node
[42.628s] [ 11%] [32m[1mLinking CXX shared library libnav2_smooth_path_action_bt_node.so[0m
[43.006s] [ 11%] Built target nav2_smooth_path_action_bt_node
[43.037s] [ 12%] [32mBuilding CXX object CMakeFiles/nav2_is_path_valid_condition_bt_node.dir/plugins/condition/is_path_valid_condition.cpp.o[0m
[51.086s] [ 12%] [32m[1mLinking CXX shared library libnav2_is_path_valid_condition_bt_node.so[0m
[51.295s] [ 12%] Built target nav2_is_path_valid_condition_bt_node
[51.320s] [ 13%] [32mBuilding CXX object CMakeFiles/nav2_time_expired_condition_bt_node.dir/plugins/condition/time_expired_condition.cpp.o[0m
[56.263s] [ 13%] [32m[1mLinking CXX shared library libnav2_time_expired_condition_bt_node.so[0m
[56.477s] [ 13%] Built target nav2_time_expired_condition_bt_node
[56.500s] [ 14%] [32mBuilding CXX object CMakeFiles/nav2_path_expiring_timer_condition.dir/plugins/condition/path_expiring_timer_condition.cpp.o[0m
[61.829s] [ 14%] [32m[1mLinking CXX shared library libnav2_path_expiring_timer_condition.so[0m
[62.146s] [ 14%] Built target nav2_path_expiring_timer_condition
[62.171s] [ 14%] [32mBuilding CXX object CMakeFiles/nav2_distance_traveled_condition_bt_node.dir/plugins/condition/distance_traveled_condition.cpp.o[0m
[67.531s] [ 15%] [32m[1mLinking CXX shared library libnav2_distance_traveled_condition_bt_node.so[0m
[67.769s] [ 15%] Built target nav2_distance_traveled_condition_bt_node
[67.793s] [ 16%] [32mBuilding CXX object CMakeFiles/nav2_initial_pose_received_condition_bt_node.dir/plugins/condition/initial_pose_received_condition.cpp.o[0m
[69.448s] [ 16%] [32m[1mLinking CXX shared library libnav2_initial_pose_received_condition_bt_node.so[0m
[69.614s] [ 16%] Built target nav2_initial_pose_received_condition_bt_node
[69.637s] [ 17%] [32mBuilding CXX object CMakeFiles/nav2_is_battery_charging_condition_bt_node.dir/plugins/condition/is_battery_charging_condition.cpp.o[0m
[70.660s] [ 18%] [32mBuilding CXX object CMakeFiles/nav2_is_battery_low_condition_bt_node.dir/plugins/condition/is_battery_low_condition.cpp.o[0m
[70.660s] [ 18%] [32mBuilding CXX object CMakeFiles/nav2_goal_updated_condition_bt_node.dir/plugins/condition/goal_updated_condition.cpp.o[0m
[71.688s] [ 18%] [32mBuilding CXX object CMakeFiles/nav2_globally_updated_goal_condition_bt_node.dir/plugins/condition/globally_updated_goal_condition.cpp.o[0m
[72.710s] [ 19%] [32mBuilding CXX object CMakeFiles/nav2_transform_available_condition_bt_node.dir/plugins/condition/transform_available_condition.cpp.o[0m
[72.711s] [ 19%] [32mBuilding CXX object CMakeFiles/nav2_goal_reached_condition_bt_node.dir/plugins/condition/goal_reached_condition.cpp.o[0m
[73.723s] [ 20%] [32mBuilding CXX object CMakeFiles/nav2_is_stuck_condition_bt_node.dir/plugins/condition/is_stuck_condition.cpp.o[0m
[74.086s] [ 20%] [32m[1mLinking CXX shared library libnav2_goal_updated_condition_bt_node.so[0m
[74.350s] [ 20%] Built target nav2_goal_updated_condition_bt_node
[74.394s] [ 21%] [32mBuilding CXX object CMakeFiles/nav2_wait_action_bt_node.dir/plugins/action/wait_action.cpp.o[0m
[74.400s] [ 22%] [32mBuilding CXX object CMakeFiles/nav2_clear_costmap_service_bt_node.dir/plugins/action/clear_costmap_service.cpp.o[0m
[74.405s] [ 23%] [32mBuilding CXX object CMakeFiles/nav2_assisted_teleop_action_bt_node.dir/plugins/action/assisted_teleop_action.cpp.o[0m
[75.477s] [ 23%] [32mBuilding CXX object CMakeFiles/nav2_reinitialize_global_localization_service_bt_node.dir/plugins/action/reinitialize_global_localization_service.cpp.o[0m
[76.512s] [ 24%] [32mBuilding CXX object CMakeFiles/nav2_spin_action_bt_node.dir/plugins/action/spin_action.cpp.o[0m
[77.558s] [ 24%] [32mBuilding CXX object CMakeFiles/nav2_drive_on_heading_bt_node.dir/plugins/action/drive_on_heading_action.cpp.o[0m
[79.505s] [ 25%] [32m[1mLinking CXX shared library libnav2_globally_updated_goal_condition_bt_node.so[0m
[80.068s] [ 25%] Built target nav2_globally_updated_goal_condition_bt_node
[82.339s] [ 25%] [32m[1mLinking CXX shared library libnav2_transform_available_condition_bt_node.so[0m
[82.706s] [ 25%] Built target nav2_transform_available_condition_bt_node
[84.213s] [ 26%] [32m[1mLinking CXX shared library libnav2_goal_reached_condition_bt_node.so[0m
[84.767s] [ 26%] Built target nav2_goal_reached_condition_bt_node
[87.468s] [ 27%] [32m[1mLinking CXX shared library libnav2_reinitialize_global_localization_service_bt_node.so[0m
[87.783s] [ 27%] Built target nav2_reinitialize_global_localization_service_bt_node
[88.196s] [ 27%] [32m[1mLinking CXX shared library libnav2_assisted_teleop_action_bt_node.so[0m
[88.515s] [ 27%] Built target nav2_assisted_teleop_action_bt_node
[88.779s] [ 27%] [32m[1mLinking CXX shared library libnav2_wait_action_bt_node.so[0m
[89.057s] [ 27%] Built target nav2_wait_action_bt_node
[90.795s] [ 27%] [32m[1mLinking CXX shared library libnav2_spin_action_bt_node.so[0m
[91.050s] [ 27%] Built target nav2_spin_action_bt_node
[91.169s] [ 27%] [32m[1mLinking CXX shared library libnav2_clear_costmap_service_bt_node.so[0m
[91.186s] [ 27%] [32m[1mLinking CXX shared library libnav2_is_battery_charging_condition_bt_node.so[0m
[91.414s] [ 27%] Built target nav2_clear_costmap_service_bt_node
[91.447s] [ 28%] [32m[1mLinking CXX shared library libnav2_drive_on_heading_bt_node.so[0m
[91.479s] [ 28%] Built target nav2_is_battery_charging_condition_bt_node
[91.666s] [ 28%] Built target nav2_drive_on_heading_bt_node
[92.470s] [ 28%] [32m[1mLinking CXX shared library libnav2_is_stuck_condition_bt_node.so[0m
[92.601s] [ 28%] [32m[1mLinking CXX shared library libnav2_is_battery_low_condition_bt_node.so[0m
[92.728s] [ 28%] Built target nav2_is_stuck_condition_bt_node
[92.870s] [ 28%] Built target nav2_is_battery_low_condition_bt_node
[92.893s] [ 28%] [32mBuilding CXX object CMakeFiles/nav2_remove_passed_goals_action_bt_node.dir/plugins/action/remove_passed_goals_action.cpp.o[0m
[94.908s] [ 29%] [32mBuilding CXX object CMakeFiles/nav2_get_pose_from_path_action_bt_node.dir/plugins/action/get_pose_from_path_action.cpp.o[0m
[94.908s] [ 29%] [32mBuilding CXX object CMakeFiles/nav2_navigate_to_pose_action_bt_node.dir/plugins/action/navigate_to_pose_action.cpp.o[0m
[94.911s] [ 30%] [32mBuilding CXX object CMakeFiles/nav2_navigate_through_poses_action_bt_node.dir/plugins/action/navigate_through_poses_action.cpp.o[0m
[95.973s] [ 30%] [32mBuilding CXX object CMakeFiles/nav2_path_longer_on_approach_bt_node.dir/plugins/decorator/path_longer_on_approach.cpp.o[0m
[95.973s] [ 30%] [32mBuilding CXX object CMakeFiles/nav2_recovery_node_bt_node.dir/plugins/control/recovery_node.cpp.o[0m
[97.024s] [ 31%] [32mBuilding CXX object CMakeFiles/nav2_goal_updater_node_bt_node.dir/plugins/decorator/goal_updater_node.cpp.o[0m
[97.030s] [ 32%] [32mBuilding CXX object CMakeFiles/nav2_truncate_path_local_action_bt_node.dir/plugins/action/truncate_path_local_action.cpp.o[0m
[98.067s] [ 33%] [32mBuilding CXX object CMakeFiles/nav2_speed_controller_bt_node.dir/plugins/decorator/speed_controller.cpp.o[0m
[98.070s] [ 34%] [32mBuilding CXX object CMakeFiles/nav2_truncate_path_action_bt_node.dir/plugins/action/truncate_path_action.cpp.o[0m
[99.111s] [ 34%] [32mBuilding CXX object CMakeFiles/nav2_rate_controller_bt_node.dir/plugins/decorator/rate_controller.cpp.o[0m
[99.125s] [ 34%] [32mBuilding CXX object CMakeFiles/nav2_distance_controller_bt_node.dir/plugins/decorator/distance_controller.cpp.o[0m
[103.003s] [ 35%] [32m[1mLinking CXX shared library libnav2_recovery_node_bt_node.so[0m
[103.375s] [ 35%] Built target nav2_recovery_node_bt_node
[106.708s] [ 36%] [32m[1mLinking CXX shared library libnav2_rate_controller_bt_node.so[0m
[106.867s] [ 37%] [32m[1mLinking CXX shared library libnav2_remove_passed_goals_action_bt_node.so[0m
[107.321s] [ 37%] Built target nav2_rate_controller_bt_node
[107.663s] [ 37%] Built target nav2_remove_passed_goals_action_bt_node
[107.884s] [ 37%] [32m[1mLinking CXX shared library libnav2_navigate_to_pose_action_bt_node.so[0m
[108.511s] [ 37%] Built target nav2_navigate_to_pose_action_bt_node
[111.033s] [ 38%] [32m[1mLinking CXX shared library libnav2_get_pose_from_path_action_bt_node.so[0m
[111.435s] [ 38%] Built target nav2_get_pose_from_path_action_bt_node
[111.742s] [ 39%] [32m[1mLinking CXX shared library libnav2_path_longer_on_approach_bt_node.so[0m
[112.038s] [ 39%] Built target nav2_path_longer_on_approach_bt_node
[112.795s] [ 39%] [32m[1mLinking CXX shared library libnav2_truncate_path_action_bt_node.so[0m
[112.809s] [ 39%] [32m[1mLinking CXX shared library libnav2_truncate_path_local_action_bt_node.so[0m
[113.156s] [ 39%] Built target nav2_truncate_path_action_bt_node
[113.281s] [ 39%] Built target nav2_truncate_path_local_action_bt_node
[113.888s] [ 39%] [32m[1mLinking CXX shared library libnav2_navigate_through_poses_action_bt_node.so[0m
[114.157s] [ 39%] Built target nav2_navigate_through_poses_action_bt_node
[114.201s] [ 40%] [32m[1mLinking CXX shared library libnav2_distance_controller_bt_node.so[0m
[114.439s] [ 40%] Built target nav2_distance_controller_bt_node
[114.662s] [ 40%] [32m[1mLinking CXX shared library libnav2_speed_controller_bt_node.so[0m
[114.943s] [ 40%] Built target nav2_speed_controller_bt_node
[119.016s] [ 40%] [32m[1mLinking CXX shared library libnav2_goal_updater_node_bt_node.so[0m
[119.265s] [ 40%] Built target nav2_goal_updater_node_bt_node
[119.287s] [ 40%] [32mBuilding CXX object gtest/CMakeFiles/gtest.dir/src/gtest-all.cc.o[0m
[127.014s] [ 40%] [32m[1mLinking CXX static library libgtest.a[0m
[127.047s] [ 40%] Built target gtest
[127.066s] [ 41%] [32mBuilding CXX object gtest/CMakeFiles/gtest_main.dir/src/gtest_main.cc.o[0m
[127.955s] [ 41%] [32m[1mLinking CXX static library libgtest_main.a[0m
[127.984s] [ 41%] Built target gtest_main
[128.002s] [ 42%] [32mBuilding CXX object CMakeFiles/nav2_goal_updated_controller_bt_node.dir/plugins/decorator/goal_updated_controller.cpp.o[0m
[130.015s] [ 42%] [32mBuilding CXX object test/plugins/condition/CMakeFiles/test_condition_time_expired.dir/test_time_expired.cpp.o[0m
[130.015s] [ 42%] [32mBuilding CXX object test/plugins/condition/CMakeFiles/test_condition_distance_traveled.dir/test_distance_traveled.cpp.o[0m
[131.031s] [ 43%] [32mBuilding CXX object test/CMakeFiles/test_bt_conversions.dir/test_bt_conversions.cpp.o[0m
[131.031s] [ 43%] [32mBuilding CXX object CMakeFiles/nav2_progress_checker_selector_bt_node.dir/plugins/action/progress_checker_selector_node.cpp.o[0m
[131.948s] [ 43%] [32m[1mLinking CXX shared library libnav2_goal_updated_controller_bt_node.so[0m
[132.051s] [ 44%] [32mBuilding CXX object CMakeFiles/nav2_goal_checker_selector_bt_node.dir/plugins/action/goal_checker_selector_node.cpp.o[0m
[132.051s] [ 44%] [32mBuilding CXX object CMakeFiles/nav2_smoother_selector_bt_node.dir/plugins/action/smoother_selector_node.cpp.o[0m
[132.131s] [ 44%] Built target nav2_goal_updated_controller_bt_node
[132.161s] [ 44%] [32mBuilding CXX object CMakeFiles/nav2_controller_selector_bt_node.dir/plugins/action/controller_selector_node.cpp.o[0m
[133.183s] [ 44%] [32mBuilding CXX object test/plugins/condition/CMakeFiles/test_condition_path_expiring_timer.dir/test_path_expiring_timer.cpp.o[0m
[133.183s] [ 44%] [32mBuilding CXX object CMakeFiles/nav2_planner_selector_bt_node.dir/plugins/action/planner_selector_node.cpp.o[0m
[134.217s] [ 44%] [32mBuilding CXX object CMakeFiles/nav2_single_trigger_bt_node.dir/plugins/decorator/single_trigger_node.cpp.o[0m
[134.237s] [ 44%] [32mBuilding CXX object CMakeFiles/nav2_round_robin_node_bt_node.dir/plugins/control/round_robin_node.cpp.o[0m
[135.279s] [ 44%] [32mBuilding CXX object CMakeFiles/nav2_pipeline_sequence_bt_node.dir/plugins/control/pipeline_sequence.cpp.o[0m
[136.904s] [ 45%] [32m[1mLinking CXX shared library libnav2_round_robin_node_bt_node.so[0m
[136.918s] [ 46%] [32m[1mLinking CXX shared library libnav2_single_trigger_bt_node.so[0m
[137.221s] [ 46%] Built target nav2_single_trigger_bt_node
[137.283s] [ 46%] [32mBuilding CXX object test/plugins/condition/CMakeFiles/test_condition_goal_reached.dir/test_goal_reached.cpp.o[0m
[137.290s] [ 46%] Built target nav2_round_robin_node_bt_node
[137.362s] [ 46%] [32mBuilding CXX object test/plugins/condition/CMakeFiles/test_condition_goal_updated.dir/test_goal_updated.cpp.o[0m
[137.516s] [ 46%] [32m[1mLinking CXX executable test_bt_conversions[0m
[138.065s] [ 46%] Built target test_bt_conversions
[138.139s] [ 46%] [32mBuilding CXX object test/plugins/condition/CMakeFiles/test_condition_globally_updated_goal.dir/test_globally_updated_goal.cpp.o[0m
[138.198s] [ 47%] [32m[1mLinking CXX shared library libnav2_pipeline_sequence_bt_node.so[0m
[138.629s] [ 47%] Built target nav2_pipeline_sequence_bt_node
[138.758s] [ 47%] [32mBuilding CXX object test/plugins/condition/CMakeFiles/test_condition_initial_pose_received.dir/test_initial_pose_received.cpp.o[0m
[154.008s] [ 48%] [32m[1mLinking CXX executable test_condition_distance_traveled[0m
[154.789s] [ 48%] Built target test_condition_distance_traveled
[155.546s] [ 48%] [32m[1mLinking CXX executable test_condition_time_expired[0m
[156.315s] [ 48%] Built target test_condition_time_expired
[157.844s] [ 49%] [32m[1mLinking CXX executable test_condition_path_expiring_timer[0m
[158.363s] [ 49%] Built target test_condition_path_expiring_timer
[162.227s] [ 50%] [32m[1mLinking CXX shared library libnav2_progress_checker_selector_bt_node.so[0m
[162.596s] [ 50%] Built target nav2_progress_checker_selector_bt_node
[162.703s] [ 51%] [32m[1mLinking CXX executable test_condition_goal_updated[0m
[163.147s] [ 51%] Built target test_condition_goal_updated
[163.371s] [ 52%] [32m[1mLinking CXX executable test_condition_initial_pose_received[0m
[163.531s] [ 52%] [32m[1mLinking CXX shared library libnav2_smoother_selector_bt_node.so[0m
[163.724s] [ 53%] [32m[1mLinking CXX shared library libnav2_controller_selector_bt_node.so[0m
[163.806s] [ 53%] Built target test_condition_initial_pose_received
[163.863s] [ 53%] Built target nav2_smoother_selector_bt_node
[163.941s] [ 54%] [32m[1mLinking CXX executable test_condition_goal_reached[0m
[163.968s] [ 54%] Built target nav2_controller_selector_bt_node
[164.097s] [ 55%] [32m[1mLinking CXX shared library libnav2_goal_checker_selector_bt_node.so[0m
[164.218s] [ 55%] Built target test_condition_goal_reached
[164.227s] [ 56%] [32m[1mLinking CXX executable test_condition_globally_updated_goal[0m
[164.324s] [ 56%] Built target nav2_goal_checker_selector_bt_node
[164.366s] [ 57%] [32m[1mLinking CXX shared library libnav2_planner_selector_bt_node.so[0m
[164.485s] [ 57%] Built target test_condition_globally_updated_goal
[164.587s] [ 57%] Built target nav2_planner_selector_bt_node
[164.607s] [ 57%] [32mBuilding CXX object test/plugins/decorator/CMakeFiles/test_goal_updated_controller.dir/test_goal_updated_controller.cpp.o[0m
[165.618s] [ 58%] [32mBuilding CXX object test/plugins/decorator/CMakeFiles/test_decorator_path_longer_on_approach.dir/test_path_longer_on_approach.cpp.o[0m
[166.640s] [ 58%] [32mBuilding CXX object test/plugins/decorator/CMakeFiles/test_single_trigger_node.dir/test_single_trigger_node.cpp.o[0m
[167.664s] [ 58%] [32mBuilding CXX object test/plugins/decorator/CMakeFiles/test_goal_updater_node.dir/test_goal_updater_node.cpp.o[0m
[168.687s] [ 59%] [32mBuilding CXX object test/plugins/decorator/CMakeFiles/test_decorator_rate_controller.dir/test_rate_controller.cpp.o[0m
[169.745s] [ 60%] [32mBuilding CXX object test/plugins/decorator/CMakeFiles/test_decorator_speed_controller.dir/test_speed_controller.cpp.o[0m
[170.781s] [ 61%] [32mBuilding CXX object test/plugins/decorator/CMakeFiles/test_decorator_distance_controller.dir/test_distance_controller.cpp.o[0m
[171.831s] [ 61%] [32mBuilding CXX object test/plugins/condition/CMakeFiles/test_condition_is_path_valid.dir/test_is_path_valid.cpp.o[0m
[172.868s] [ 61%] [32mBuilding CXX object test/plugins/condition/CMakeFiles/test_condition_is_battery_low.dir/test_is_battery_low.cpp.o[0m
[173.911s] [ 61%] [32mBuilding CXX object test/plugins/condition/CMakeFiles/test_condition_is_battery_charging.dir/test_is_battery_charging.cpp.o[0m
[179.089s] [ 62%] [32m[1mLinking CXX executable test_goal_updated_controller[0m
[179.621s] [ 62%] Built target test_goal_updated_controller
[183.671s] [ 62%] [32m[1mLinking CXX executable test_decorator_path_longer_on_approach[0m
[184.255s] [ 62%] Built target test_decorator_path_longer_on_approach
[185.474s] [ 63%] [32m[1mLinking CXX executable test_goal_updater_node[0m
[186.015s] [ 63%] Built target test_goal_updater_node
[186.190s] [ 64%] [32m[1mLinking CXX executable test_single_trigger_node[0m
[186.790s] [ 64%] Built target test_single_trigger_node
[187.555s] [ 64%] [32m[1mLinking CXX executable test_decorator_rate_controller[0m
[188.004s] [ 64%] Built target test_decorator_rate_controller
[191.707s] [ 64%] [32m[1mLinking CXX executable test_decorator_distance_controller[0m
[191.717s] [ 64%] [32m[1mLinking CXX executable test_decorator_speed_controller[0m
[192.229s] [ 65%] [32m[1mLinking CXX executable test_condition_is_path_valid[0m
[192.249s] [ 66%] [32m[1mLinking CXX executable test_condition_is_battery_low[0m
[192.251s] [ 66%] Built target test_decorator_speed_controller
[192.333s] [ 66%] Built target test_decorator_distance_controller
[192.607s] [ 66%] Built target test_condition_is_path_valid
[192.709s] [ 66%] Built target test_condition_is_battery_low
[193.931s] [ 67%] [32m[1mLinking CXX executable test_condition_is_battery_charging[0m
[194.237s] [ 67%] Built target test_condition_is_battery_charging
[194.260s] [ 67%] [32mBuilding CXX object test/plugins/action/CMakeFiles/test_action_assisted_teleop_action.dir/test_assisted_teleop_action.cpp.o[0m
[203.223s] [ 68%] [32m[1mLinking CXX executable test_action_assisted_teleop_action[0m
[203.502s] [ 68%] Built target test_action_assisted_teleop_action
[203.527s] [ 68%] [32mBuilding CXX object test/plugins/action/CMakeFiles/test_action_controller_cancel_action.dir/test_controller_cancel_node.cpp.o[0m
[210.544s] [ 69%] [32mBuilding CXX object test/plugins/action/CMakeFiles/test_action_wait_cancel_action.dir/test_wait_cancel_node.cpp.o[0m
[211.556s] [ 70%] [32mBuilding CXX object test/plugins/action/CMakeFiles/test_action_wait_action.dir/test_wait_action.cpp.o[0m
[212.567s] [ 70%] [32mBuilding CXX object test/plugins/action/CMakeFiles/test_action_drive_on_heading.dir/test_drive_on_heading_action.cpp.o[0m
[212.771s] [ 71%] [32m[1mLinking CXX executable test_action_controller_cancel_action[0m
[213.063s] [ 71%] Built target test_action_controller_cancel_action
[213.091s] [ 71%] [32mBuilding CXX object test/plugins/action/CMakeFiles/test_action_back_up_action.dir/test_back_up_action.cpp.o[0m
[214.114s] [ 72%] [32mBuilding CXX object test/plugins/action/CMakeFiles/test_action_spin_cancel_action.dir/test_spin_cancel_node.cpp.o[0m
[215.134s] [ 73%] [32mBuilding CXX object test/plugins/action/CMakeFiles/test_action_spin_action.dir/test_spin_action.cpp.o[0m
[215.136s] [ 74%] [32mBuilding CXX object test/plugins/action/CMakeFiles/test_bt_action_node.dir/test_bt_action_node.cpp.o[0m
[216.158s] [ 75%] [32mBuilding CXX object test/plugins/control/CMakeFiles/test_control_round_robin_node.dir/test_round_robin_node.cpp.o[0m
[216.161s] [ 76%] [32mBuilding CXX object test/plugins/control/CMakeFiles/test_control_pipeline_sequence.dir/test_pipeline_sequence.cpp.o[0m
[217.193s] [ 76%] [32mBuilding CXX object test/plugins/condition/CMakeFiles/test_condition_is_stuck.dir/test_is_stuck.cpp.o[0m
[217.206s] [ 77%] [32mBuilding CXX object test/plugins/control/CMakeFiles/test_control_recovery_node.dir/test_recovery_node.cpp.o[0m
[218.268s] [ 78%] [32mBuilding CXX object test/plugins/condition/CMakeFiles/test_condition_transform_available.dir/test_transform_available.cpp.o[0m
[224.666s] [ 78%] [32m[1mLinking CXX executable test_action_wait_cancel_action[0m
[225.248s] [ 78%] Built target test_action_wait_cancel_action
[226.725s] [ 78%] [32m[1mLinking CXX executable test_action_wait_action[0m
[227.478s] [ 78%] Built target test_action_wait_action
[228.360s] [ 79%] [32m[1mLinking CXX executable test_action_drive_on_heading[0m
[228.880s] [ 79%] Built target test_action_drive_on_heading
[229.387s] [ 80%] [32m[1mLinking CXX executable test_action_back_up_action[0m
[229.871s] [ 80%] Built target test_action_back_up_action
[231.312s] [ 80%] [32m[1mLinking CXX executable test_control_pipeline_sequence[0m
[231.434s] [ 80%] [32m[1mLinking CXX executable test_action_spin_cancel_action[0m
[231.823s] [ 80%] Built target test_control_pipeline_sequence
[231.903s] [ 80%] Built target test_action_spin_cancel_action
[232.074s] [ 80%] [32m[1mLinking CXX executable test_action_spin_action[0m
[232.534s] [ 80%] Built target test_action_spin_action
[232.902s] [ 80%] [32m[1mLinking CXX executable test_control_round_robin_node[0m
[233.222s] [ 80%] [32m[1mLinking CXX executable test_control_recovery_node[0m
[233.222s] [ 80%] Built target test_control_round_robin_node
[233.529s] [ 80%] Built target test_control_recovery_node
[234.400s] [ 80%] [32m[1mLinking CXX executable test_condition_transform_available[0m
[234.694s] [ 80%] Built target test_condition_transform_available
[234.852s] [ 81%] [32m[1mLinking CXX executable test_condition_is_stuck[0m
[235.131s] [ 81%] Built target test_condition_is_stuck
[235.152s] [ 82%] [32mBuilding CXX object test/plugins/action/CMakeFiles/test_action_navigate_to_pose_action.dir/test_navigate_to_pose_action.cpp.o[0m
[235.539s] [ 82%] [32m[1mLinking CXX executable test_bt_action_node[0m
[235.856s] [ 82%] Built target test_bt_action_node
[235.869s] [ 83%] [32mBuilding CXX object test/plugins/action/CMakeFiles/test_action_navigate_through_poses_action.dir/test_navigate_through_poses_action.cpp.o[0m
[235.879s] [ 83%] [32mBuilding CXX object test/plugins/action/CMakeFiles/test_action_follow_path_action.dir/test_follow_path_action.cpp.o[0m
[236.889s] [ 83%] [32mBuilding CXX object test/plugins/action/CMakeFiles/test_truncate_path_action.dir/test_truncate_path_action.cpp.o[0m
[237.914s] [ 84%] [32mBuilding CXX object test/plugins/action/CMakeFiles/test_action_smooth_path_action.dir/test_smooth_path_action.cpp.o[0m
[238.935s] [ 84%] [32mBuilding CXX object test/plugins/action/CMakeFiles/test_action_compute_path_through_poses_action.dir/test_compute_path_through_poses_action.cpp.o[0m
[239.956s] [ 85%] [32mBuilding CXX object test/plugins/action/CMakeFiles/test_action_reinitialize_global_localization_service.dir/test_reinitialize_global_localization_service.cpp.o[0m
[239.959s] [ 85%] [32mBuilding CXX object test/plugins/action/CMakeFiles/test_action_compute_path_to_pose_action.dir/test_compute_path_to_pose_action.cpp.o[0m
[240.990s] [ 85%] [32mBuilding CXX object test/plugins/action/CMakeFiles/test_action_clear_costmap_service.dir/test_clear_costmap_service.cpp.o[0m
[242.047s] [ 85%] [32mBuilding CXX object test/plugins/action/CMakeFiles/test_action_drive_on_heading_cancel_action.dir/test_drive_on_heading_cancel_node.cpp.o[0m
[242.060s] [ 85%] [32mBuilding CXX object test/plugins/action/CMakeFiles/test_action_assisted_teleop_cancel_action.dir/test_assisted_teleop_cancel_node.cpp.o[0m
[243.081s] [ 85%] [32mBuilding CXX object test/plugins/action/CMakeFiles/test_action_back_up_cancel_action.dir/test_back_up_cancel_node.cpp.o[0m
[248.649s] [ 85%] [32m[1mLinking CXX executable test_action_navigate_through_poses_action[0m
[248.837s] [ 85%] [32m[1mLinking CXX executable test_action_navigate_to_pose_action[0m
[249.273s] [ 85%] Built target test_action_navigate_through_poses_action
[249.706s] [ 85%] Built target test_action_navigate_to_pose_action
[249.750s] [ 85%] [32m[1mLinking CXX executable test_action_follow_path_action[0m
[250.382s] [ 85%] Built target test_action_follow_path_action
[251.386s] [ 86%] [32m[1mLinking CXX executable test_truncate_path_action[0m
[251.847s] [ 86%] Built target test_truncate_path_action
[254.620s] [ 86%] [32m[1mLinking CXX executable test_action_reinitialize_global_localization_service[0m
[254.955s] [ 86%] Built target test_action_reinitialize_global_localization_service
[255.551s] [ 86%] [32m[1mLinking CXX executable test_action_smooth_path_action[0m
[256.003s] [ 86%] Built target test_action_smooth_path_action
[256.953s] [ 87%] [32m[1mLinking CXX executable test_action_compute_path_through_poses_action[0m
[257.286s] [ 87%] Built target test_action_compute_path_through_poses_action
[257.652s] [ 88%] [32m[1mLinking CXX executable test_action_compute_path_to_pose_action[0m
[257.945s] [ 88%] Built target test_action_compute_path_to_pose_action
[258.650s] [ 89%] [32m[1mLinking CXX executable test_action_assisted_teleop_cancel_action[0m
[258.763s] [ 90%] [32m[1mLinking CXX executable test_action_drive_on_heading_cancel_action[0m
[258.939s] [ 90%] Built target test_action_assisted_teleop_cancel_action
[259.013s] [ 91%] [32m[1mLinking CXX executable test_action_clear_costmap_service[0m
[259.047s] [ 91%] Built target test_action_drive_on_heading_cancel_action
[259.297s] [ 91%] Built target test_action_clear_costmap_service
[259.678s] [ 92%] [32m[1mLinking CXX executable test_action_back_up_cancel_action[0m
[259.924s] [ 92%] Built target test_action_back_up_cancel_action
[259.945s] [ 92%] [32mBuilding CXX object test/plugins/action/CMakeFiles/test_goal_checker_selector_node.dir/test_goal_checker_selector_node.cpp.o[0m
[259.945s] [ 92%] [32mBuilding CXX object test/plugins/action/CMakeFiles/test_progress_checker_selector_node.dir/test_progress_checker_selector_node.cpp.o[0m
[268.502s] [ 93%] [32m[1mLinking CXX executable test_progress_checker_selector_node[0m
[268.567s] [ 94%] [32m[1mLinking CXX executable test_goal_checker_selector_node[0m
[268.796s] [ 94%] Built target test_progress_checker_selector_node
[268.819s] [ 95%] [32mBuilding CXX object test/plugins/action/CMakeFiles/test_remove_passed_goals_action.dir/test_remove_passed_goals_action.cpp.o[0m
[268.819s] [ 95%] [32mBuilding CXX object test/plugins/action/CMakeFiles/test_planner_selector_node.dir/test_planner_selector_node.cpp.o[0m
[268.819s] [ 95%] [32mBuilding CXX object test/plugins/action/CMakeFiles/test_controller_selector_node.dir/test_controller_selector_node.cpp.o[0m
[268.821s] [ 95%] [32mBuilding CXX object test/plugins/action/CMakeFiles/test_smoother_selector_node.dir/test_smoother_selector_node.cpp.o[0m
[268.825s] [ 96%] [32mBuilding CXX object test/plugins/action/CMakeFiles/test_get_pose_from_path_action.dir/test_get_pose_from_path_action.cpp.o[0m
[268.876s] [ 96%] Built target test_goal_checker_selector_node
[268.897s] [ 96%] [32mBuilding CXX object test/plugins/action/CMakeFiles/test_truncate_path_local_action.dir/test_truncate_path_local_action.cpp.o[0m
[282.494s] [ 96%] [32m[1mLinking CXX executable test_get_pose_from_path_action[0m
[283.332s] [ 96%] Built target test_get_pose_from_path_action
[288.090s] [ 97%] [32m[1mLinking CXX executable test_remove_passed_goals_action[0m
[288.224s] [ 98%] [32m[1mLinking CXX executable test_planner_selector_node[0m
[289.068s] [ 98%] Built target test_remove_passed_goals_action
[289.122s] [ 98%] Built target test_planner_selector_node
[289.404s] [ 99%] [32m[1mLinking CXX executable test_smoother_selector_node[0m
[290.147s] [ 99%] Built target test_smoother_selector_node
[290.625s] [ 99%] [32m[1mLinking CXX executable test_controller_selector_node[0m
[291.196s] [ 99%] Built target test_controller_selector_node
[294.287s] [100%] [32m[1mLinking CXX executable test_truncate_path_local_action[0m
[294.852s] [100%] Built target test_truncate_path_local_action
[294.877s] Invoked command in '/workstation/nav2_ws/build/nav2_behavior_tree' returned '0': AMENT_PREFIX_PATH=/workstation/nav2_ws/install/nav2_util:/workstation/nav2_ws/install/nav2_msgs:/workstation/nav2_ws/install/nav2_common:${AMENT_PREFIX_PATH} CMAKE_PREFIX_PATH=/workstation/nav2_ws/install/nav2_util:/workstation/nav2_ws/install/nav2_msgs:/workstation/nav2_ws/install/nav2_common:/opt/ros/humble LD_LIBRARY_PATH=/workstation/nav2_ws/install/nav2_util/lib:/workstation/nav2_ws/install/nav2_msgs/lib:${LD_LIBRARY_PATH} PYTHONPATH=/workstation/nav2_ws/install/nav2_msgs/local/lib/python3.10/dist-packages:/workstation/nav2_ws/install/nav2_common/local/lib/python3.10/dist-packages:${PYTHONPATH} /usr/bin/cmake --build /workstation/nav2_ws/build/nav2_behavior_tree -- -j12 -l12
[295.199s] Invoking command in '/workstation/nav2_ws/build/nav2_behavior_tree': AMENT_PREFIX_PATH=/workstation/nav2_ws/install/nav2_util:/workstation/nav2_ws/install/nav2_msgs:/workstation/nav2_ws/install/nav2_common:${AMENT_PREFIX_PATH} CMAKE_PREFIX_PATH=/workstation/nav2_ws/install/nav2_util:/workstation/nav2_ws/install/nav2_msgs:/workstation/nav2_ws/install/nav2_common:/opt/ros/humble LD_LIBRARY_PATH=/workstation/nav2_ws/install/nav2_util/lib:/workstation/nav2_ws/install/nav2_msgs/lib:${LD_LIBRARY_PATH} PYTHONPATH=/workstation/nav2_ws/install/nav2_msgs/local/lib/python3.10/dist-packages:/workstation/nav2_ws/install/nav2_common/local/lib/python3.10/dist-packages:${PYTHONPATH} /usr/bin/cmake --install /workstation/nav2_ws/build/nav2_behavior_tree
[295.213s] -- Install configuration: "Release"
[295.213s] -- Installing: /workstation/nav2_ws/install/nav2_behavior_tree/lib/libnav2_behavior_tree.so
[295.214s] -- Set runtime path of "/workstation/nav2_ws/install/nav2_behavior_tree/lib/libnav2_behavior_tree.so" to ""
[295.214s] -- Installing: /workstation/nav2_ws/install/nav2_behavior_tree/lib/libnav2_compute_path_to_pose_action_bt_node.so
[295.215s] -- Set runtime path of "/workstation/nav2_ws/install/nav2_behavior_tree/lib/libnav2_compute_path_to_pose_action_bt_node.so" to ""
[295.215s] -- Installing: /workstation/nav2_ws/install/nav2_behavior_tree/lib/libnav2_compute_path_through_poses_action_bt_node.so
[295.216s] -- Set runtime path of "/workstation/nav2_ws/install/nav2_behavior_tree/lib/libnav2_compute_path_through_poses_action_bt_node.so" to ""
[295.216s] -- Installing: /workstation/nav2_ws/install/nav2_behavior_tree/lib/libnav2_controller_cancel_bt_node.so
[295.217s] -- Set runtime path of "/workstation/nav2_ws/install/nav2_behavior_tree/lib/libnav2_controller_cancel_bt_node.so" to ""
[295.217s] -- Installing: /workstation/nav2_ws/install/nav2_behavior_tree/lib/libnav2_wait_cancel_bt_node.so
[295.218s] -- Set runtime path of "/workstation/nav2_ws/install/nav2_behavior_tree/lib/libnav2_wait_cancel_bt_node.so" to ""
[295.218s] -- Installing: /workstation/nav2_ws/install/nav2_behavior_tree/lib/libnav2_spin_cancel_bt_node.so
[295.219s] -- Set runtime path of "/workstation/nav2_ws/install/nav2_behavior_tree/lib/libnav2_spin_cancel_bt_node.so" to ""
[295.219s] -- Installing: /workstation/nav2_ws/install/nav2_behavior_tree/lib/libnav2_back_up_cancel_bt_node.so
[295.219s] -- Set runtime path of "/workstation/nav2_ws/install/nav2_behavior_tree/lib/libnav2_back_up_cancel_bt_node.so" to ""
[295.220s] -- Installing: /workstation/nav2_ws/install/nav2_behavior_tree/lib/libnav2_assisted_teleop_cancel_bt_node.so
[295.220s] -- Set runtime path of "/workstation/nav2_ws/install/nav2_behavior_tree/lib/libnav2_assisted_teleop_cancel_bt_node.so" to ""
[295.221s] -- Installing: /workstation/nav2_ws/install/nav2_behavior_tree/lib/libnav2_drive_on_heading_cancel_bt_node.so
[295.221s] -- Set runtime path of "/workstation/nav2_ws/install/nav2_behavior_tree/lib/libnav2_drive_on_heading_cancel_bt_node.so" to ""
[295.221s] -- Installing: /workstation/nav2_ws/install/nav2_behavior_tree/lib/libnav2_smooth_path_action_bt_node.so
[295.222s] -- Set runtime path of "/workstation/nav2_ws/install/nav2_behavior_tree/lib/libnav2_smooth_path_action_bt_node.so" to ""
[295.223s] -- Installing: /workstation/nav2_ws/install/nav2_behavior_tree/lib/libnav2_follow_path_action_bt_node.so
[295.223s] -- Set runtime path of "/workstation/nav2_ws/install/nav2_behavior_tree/lib/libnav2_follow_path_action_bt_node.so" to ""
[295.224s] -- Installing: /workstation/nav2_ws/install/nav2_behavior_tree/lib/libnav2_back_up_action_bt_node.so
[295.224s] -- Set runtime path of "/workstation/nav2_ws/install/nav2_behavior_tree/lib/libnav2_back_up_action_bt_node.so" to ""
[295.225s] -- Installing: /workstation/nav2_ws/install/nav2_behavior_tree/lib/libnav2_drive_on_heading_bt_node.so
[295.225s] -- Set runtime path of "/workstation/nav2_ws/install/nav2_behavior_tree/lib/libnav2_drive_on_heading_bt_node.so" to ""
[295.226s] -- Installing: /workstation/nav2_ws/install/nav2_behavior_tree/lib/libnav2_spin_action_bt_node.so
[295.226s] -- Set runtime path of "/workstation/nav2_ws/install/nav2_behavior_tree/lib/libnav2_spin_action_bt_node.so" to ""
[295.227s] -- Installing: /workstation/nav2_ws/install/nav2_behavior_tree/lib/libnav2_wait_action_bt_node.so
[295.227s] -- Set runtime path of "/workstation/nav2_ws/install/nav2_behavior_tree/lib/libnav2_wait_action_bt_node.so" to ""
[295.228s] -- Installing: /workstation/nav2_ws/install/nav2_behavior_tree/lib/libnav2_assisted_teleop_action_bt_node.so
[295.228s] -- Set runtime path of "/workstation/nav2_ws/install/nav2_behavior_tree/lib/libnav2_assisted_teleop_action_bt_node.so" to ""
[295.229s] -- Installing: /workstation/nav2_ws/install/nav2_behavior_tree/lib/libnav2_clear_costmap_service_bt_node.so
[295.229s] -- Set runtime path of "/workstation/nav2_ws/install/nav2_behavior_tree/lib/libnav2_clear_costmap_service_bt_node.so" to ""
[295.230s] -- Installing: /workstation/nav2_ws/install/nav2_behavior_tree/lib/libnav2_is_stuck_condition_bt_node.so
[295.231s] -- Set runtime path of "/workstation/nav2_ws/install/nav2_behavior_tree/lib/libnav2_is_stuck_condition_bt_node.so" to ""
[295.231s] -- Installing: /workstation/nav2_ws/install/nav2_behavior_tree/lib/libnav2_transform_available_condition_bt_node.so
[295.232s] -- Set runtime path of "/workstation/nav2_ws/install/nav2_behavior_tree/lib/libnav2_transform_available_condition_bt_node.so" to ""
[295.232s] -- Installing: /workstation/nav2_ws/install/nav2_behavior_tree/lib/libnav2_goal_reached_condition_bt_node.so
[295.232s] -- Set runtime path of "/workstation/nav2_ws/install/nav2_behavior_tree/lib/libnav2_goal_reached_condition_bt_node.so" to ""
[295.233s] -- Installing: /workstation/nav2_ws/install/nav2_behavior_tree/lib/libnav2_globally_updated_goal_condition_bt_node.so
[295.233s] -- Set runtime path of "/workstation/nav2_ws/install/nav2_behavior_tree/lib/libnav2_globally_updated_goal_condition_bt_node.so" to ""
[295.233s] -- Installing: /workstation/nav2_ws/install/nav2_behavior_tree/lib/libnav2_goal_updated_condition_bt_node.so
[295.234s] -- Set runtime path of "/workstation/nav2_ws/install/nav2_behavior_tree/lib/libnav2_goal_updated_condition_bt_node.so" to ""
[295.234s] -- Installing: /workstation/nav2_ws/install/nav2_behavior_tree/lib/libnav2_is_path_valid_condition_bt_node.so
[295.235s] -- Set runtime path of "/workstation/nav2_ws/install/nav2_behavior_tree/lib/libnav2_is_path_valid_condition_bt_node.so" to ""
[295.235s] -- Installing: /workstation/nav2_ws/install/nav2_behavior_tree/lib/libnav2_time_expired_condition_bt_node.so
[295.235s] -- Set runtime path of "/workstation/nav2_ws/install/nav2_behavior_tree/lib/libnav2_time_expired_condition_bt_node.so" to ""
[295.235s] -- Installing: /workstation/nav2_ws/install/nav2_behavior_tree/lib/libnav2_path_expiring_timer_condition.so
[295.236s] -- Set runtime path of "/workstation/nav2_ws/install/nav2_behavior_tree/lib/libnav2_path_expiring_timer_condition.so" to ""
[295.236s] -- Installing: /workstation/nav2_ws/install/nav2_behavior_tree/lib/libnav2_distance_traveled_condition_bt_node.so
[295.237s] -- Set runtime path of "/workstation/nav2_ws/install/nav2_behavior_tree/lib/libnav2_distance_traveled_condition_bt_node.so" to ""
[295.237s] -- Installing: /workstation/nav2_ws/install/nav2_behavior_tree/lib/libnav2_initial_pose_received_condition_bt_node.so
[295.237s] -- Set runtime path of "/workstation/nav2_ws/install/nav2_behavior_tree/lib/libnav2_initial_pose_received_condition_bt_node.so" to ""
[295.238s] -- Installing: /workstation/nav2_ws/install/nav2_behavior_tree/lib/libnav2_is_battery_charging_condition_bt_node.so
[295.241s] -- Set runtime path of "/workstation/nav2_ws/install/nav2_behavior_tree/lib/libnav2_is_battery_charging_condition_bt_node.so" to ""
[295.241s] -- Installing: /workstation/nav2_ws/install/nav2_behavior_tree/lib/libnav2_is_battery_low_condition_bt_node.so
[295.241s] -- Set runtime path of "/workstation/nav2_ws/install/nav2_behavior_tree/lib/libnav2_is_battery_low_condition_bt_node.so" to ""
[295.241s] -- Installing: /workstation/nav2_ws/install/nav2_behavior_tree/lib/libnav2_reinitialize_global_localization_service_bt_node.so
[295.242s] -- Set runtime path of "/workstation/nav2_ws/install/nav2_behavior_tree/lib/libnav2_reinitialize_global_localization_service_bt_node.so" to ""
[295.242s] -- Installing: /workstation/nav2_ws/install/nav2_behavior_tree/lib/libnav2_rate_controller_bt_node.so
[295.243s] -- Set runtime path of "/workstation/nav2_ws/install/nav2_behavior_tree/lib/libnav2_rate_controller_bt_node.so" to ""
[295.243s] -- Installing: /workstation/nav2_ws/install/nav2_behavior_tree/lib/libnav2_distance_controller_bt_node.so
[295.243s] -- Set runtime path of "/workstation/nav2_ws/install/nav2_behavior_tree/lib/libnav2_distance_controller_bt_node.so" to ""
[295.244s] -- Installing: /workstation/nav2_ws/install/nav2_behavior_tree/lib/libnav2_speed_controller_bt_node.so
[295.244s] -- Set runtime path of "/workstation/nav2_ws/install/nav2_behavior_tree/lib/libnav2_speed_controller_bt_node.so" to ""
[295.244s] -- Installing: /workstation/nav2_ws/install/nav2_behavior_tree/lib/libnav2_truncate_path_action_bt_node.so
[295.245s] -- Set runtime path of "/workstation/nav2_ws/install/nav2_behavior_tree/lib/libnav2_truncate_path_action_bt_node.so" to ""
[295.245s] -- Installing: /workstation/nav2_ws/install/nav2_behavior_tree/lib/libnav2_truncate_path_local_action_bt_node.so
[295.246s] -- Set runtime path of "/workstation/nav2_ws/install/nav2_behavior_tree/lib/libnav2_truncate_path_local_action_bt_node.so" to ""
[295.246s] -- Installing: /workstation/nav2_ws/install/nav2_behavior_tree/lib/libnav2_goal_updater_node_bt_node.so
[295.248s] -- Set runtime path of "/workstation/nav2_ws/install/nav2_behavior_tree/lib/libnav2_goal_updater_node_bt_node.so" to ""
[295.248s] -- Installing: /workstation/nav2_ws/install/nav2_behavior_tree/lib/libnav2_path_longer_on_approach_bt_node.so
[295.248s] -- Set runtime path of "/workstation/nav2_ws/install/nav2_behavior_tree/lib/libnav2_path_longer_on_approach_bt_node.so" to ""
[295.248s] -- Installing: /workstation/nav2_ws/install/nav2_behavior_tree/lib/libnav2_recovery_node_bt_node.so
[295.249s] -- Set runtime path of "/workstation/nav2_ws/install/nav2_behavior_tree/lib/libnav2_recovery_node_bt_node.so" to ""
[295.249s] -- Installing: /workstation/nav2_ws/install/nav2_behavior_tree/lib/libnav2_navigate_to_pose_action_bt_node.so
[295.250s] -- Set runtime path of "/workstation/nav2_ws/install/nav2_behavior_tree/lib/libnav2_navigate_to_pose_action_bt_node.so" to ""
[295.250s] -- Installing: /workstation/nav2_ws/install/nav2_behavior_tree/lib/libnav2_navigate_through_poses_action_bt_node.so
[295.251s] -- Set runtime path of "/workstation/nav2_ws/install/nav2_behavior_tree/lib/libnav2_navigate_through_poses_action_bt_node.so" to ""
[295.251s] -- Installing: /workstation/nav2_ws/install/nav2_behavior_tree/lib/libnav2_remove_passed_goals_action_bt_node.so
[295.252s] -- Set runtime path of "/workstation/nav2_ws/install/nav2_behavior_tree/lib/libnav2_remove_passed_goals_action_bt_node.so" to ""
[295.252s] -- Installing: /workstation/nav2_ws/install/nav2_behavior_tree/lib/libnav2_get_pose_from_path_action_bt_node.so
[295.252s] -- Set runtime path of "/workstation/nav2_ws/install/nav2_behavior_tree/lib/libnav2_get_pose_from_path_action_bt_node.so" to ""
[295.252s] -- Installing: /workstation/nav2_ws/install/nav2_behavior_tree/lib/libnav2_pipeline_sequence_bt_node.so
[295.253s] -- Set runtime path of "/workstation/nav2_ws/install/nav2_behavior_tree/lib/libnav2_pipeline_sequence_bt_node.so" to ""
[295.253s] -- Installing: /workstation/nav2_ws/install/nav2_behavior_tree/lib/libnav2_round_robin_node_bt_node.so
[295.254s] -- Set runtime path of "/workstation/nav2_ws/install/nav2_behavior_tree/lib/libnav2_round_robin_node_bt_node.so" to ""
[295.254s] -- Installing: /workstation/nav2_ws/install/nav2_behavior_tree/lib/libnav2_single_trigger_bt_node.so
[295.254s] -- Set runtime path of "/workstation/nav2_ws/install/nav2_behavior_tree/lib/libnav2_single_trigger_bt_node.so" to ""
[295.254s] -- Installing: /workstation/nav2_ws/install/nav2_behavior_tree/lib/libnav2_planner_selector_bt_node.so
[295.256s] -- Set runtime path of "/workstation/nav2_ws/install/nav2_behavior_tree/lib/libnav2_planner_selector_bt_node.so" to ""
[295.256s] -- Installing: /workstation/nav2_ws/install/nav2_behavior_tree/lib/libnav2_controller_selector_bt_node.so
[295.259s] -- Set runtime path of "/workstation/nav2_ws/install/nav2_behavior_tree/lib/libnav2_controller_selector_bt_node.so" to ""
[295.260s] -- Installing: /workstation/nav2_ws/install/nav2_behavior_tree/lib/libnav2_smoother_selector_bt_node.so
[295.261s] -- Set runtime path of "/workstation/nav2_ws/install/nav2_behavior_tree/lib/libnav2_smoother_selector_bt_node.so" to ""
[295.262s] -- Installing: /workstation/nav2_ws/install/nav2_behavior_tree/lib/libnav2_goal_checker_selector_bt_node.so
[295.264s] -- Set runtime path of "/workstation/nav2_ws/install/nav2_behavior_tree/lib/libnav2_goal_checker_selector_bt_node.so" to ""
[295.264s] -- Installing: /workstation/nav2_ws/install/nav2_behavior_tree/lib/libnav2_progress_checker_selector_bt_node.so
[295.265s] -- Set runtime path of "/workstation/nav2_ws/install/nav2_behavior_tree/lib/libnav2_progress_checker_selector_bt_node.so" to ""
[295.265s] -- Installing: /workstation/nav2_ws/install/nav2_behavior_tree/lib/libnav2_goal_updated_controller_bt_node.so
[295.266s] -- Set runtime path of "/workstation/nav2_ws/install/nav2_behavior_tree/lib/libnav2_goal_updated_controller_bt_node.so" to ""
[295.266s] -- Installing: /workstation/nav2_ws/install/nav2_behavior_tree/include/
[295.266s] -- Installing: /workstation/nav2_ws/install/nav2_behavior_tree/include//nav2_behavior_tree
[295.273s] -- Installing: /workstation/nav2_ws/install/nav2_behavior_tree/include//nav2_behavior_tree/bt_conversions.hpp
[295.273s] -- Installing: /workstation/nav2_ws/install/nav2_behavior_tree/include//nav2_behavior_tree/ros_topic_logger.hpp
[295.273s] -- Installing: /workstation/nav2_ws/install/nav2_behavior_tree/include//nav2_behavior_tree/plugins
[295.273s] -- Installing: /workstation/nav2_ws/install/nav2_behavior_tree/include//nav2_behavior_tree/plugins/action
[295.273s] -- Installing: /workstation/nav2_ws/install/nav2_behavior_tree/include//nav2_behavior_tree/plugins/action/clear_costmap_service.hpp
[295.274s] -- Installing: /workstation/nav2_ws/install/nav2_behavior_tree/include//nav2_behavior_tree/plugins/action/back_up_cancel_node.hpp
[295.274s] -- Installing: /workstation/nav2_ws/install/nav2_behavior_tree/include//nav2_behavior_tree/plugins/action/goal_checker_selector_node.hpp
[295.274s] -- Installing: /workstation/nav2_ws/install/nav2_behavior_tree/include//nav2_behavior_tree/plugins/action/remove_passed_goals_action.hpp
[295.274s] -- Installing: /workstation/nav2_ws/install/nav2_behavior_tree/include//nav2_behavior_tree/plugins/action/assisted_teleop_action.hpp
[295.274s] -- Installing: /workstation/nav2_ws/install/nav2_behavior_tree/include//nav2_behavior_tree/plugins/action/spin_cancel_node.hpp
[295.274s] -- Installing: /workstation/nav2_ws/install/nav2_behavior_tree/include//nav2_behavior_tree/plugins/action/compute_path_through_poses_action.hpp
[295.275s] -- Installing: /workstation/nav2_ws/install/nav2_behavior_tree/include//nav2_behavior_tree/plugins/action/controller_selector_node.hpp
[295.275s] -- Installing: /workstation/nav2_ws/install/nav2_behavior_tree/include//nav2_behavior_tree/plugins/action/reinitialize_global_localization_service.hpp
[295.275s] -- Installing: /workstation/nav2_ws/install/nav2_behavior_tree/include//nav2_behavior_tree/plugins/action/wait_action.hpp
[295.275s] -- Installing: /workstation/nav2_ws/install/nav2_behavior_tree/include//nav2_behavior_tree/plugins/action/truncate_path_action.hpp
[295.275s] -- Installing: /workstation/nav2_ws/install/nav2_behavior_tree/include//nav2_behavior_tree/plugins/action/follow_path_action.hpp
[295.275s] -- Installing: /workstation/nav2_ws/install/nav2_behavior_tree/include//nav2_behavior_tree/plugins/action/truncate_path_local_action.hpp
[295.276s] -- Installing: /workstation/nav2_ws/install/nav2_behavior_tree/include//nav2_behavior_tree/plugins/action/navigate_through_poses_action.hpp
[295.276s] -- Installing: /workstation/nav2_ws/install/nav2_behavior_tree/include//nav2_behavior_tree/plugins/action/planner_selector_node.hpp
[295.276s] -- Installing: /workstation/nav2_ws/install/nav2_behavior_tree/include//nav2_behavior_tree/plugins/action/compute_path_to_pose_action.hpp
[295.276s] -- Installing: /workstation/nav2_ws/install/nav2_behavior_tree/include//nav2_behavior_tree/plugins/action/wait_cancel_node.hpp
[295.276s] -- Installing: /workstation/nav2_ws/install/nav2_behavior_tree/include//nav2_behavior_tree/plugins/action/assisted_teleop_cancel_node.hpp
[295.277s] -- Installing: /workstation/nav2_ws/install/nav2_behavior_tree/include//nav2_behavior_tree/plugins/action/get_pose_from_path_action.hpp
[295.277s] -- Installing: /workstation/nav2_ws/install/nav2_behavior_tree/include//nav2_behavior_tree/plugins/action/back_up_action.hpp
[295.277s] -- Installing: /workstation/nav2_ws/install/nav2_behavior_tree/include//nav2_behavior_tree/plugins/action/spin_action.hpp
[295.277s] -- Installing: /workstation/nav2_ws/install/nav2_behavior_tree/include//nav2_behavior_tree/plugins/action/drive_on_heading_cancel_node.hpp
[295.277s] -- Installing: /workstation/nav2_ws/install/nav2_behavior_tree/include//nav2_behavior_tree/plugins/action/progress_checker_selector_node.hpp
[295.278s] -- Installing: /workstation/nav2_ws/install/nav2_behavior_tree/include//nav2_behavior_tree/plugins/action/navigate_to_pose_action.hpp
[295.278s] -- Installing: /workstation/nav2_ws/install/nav2_behavior_tree/include//nav2_behavior_tree/plugins/action/smooth_path_action.hpp
[295.278s] -- Installing: /workstation/nav2_ws/install/nav2_behavior_tree/include//nav2_behavior_tree/plugins/action/drive_on_heading_action.hpp
[295.278s] -- Installing: /workstation/nav2_ws/install/nav2_behavior_tree/include//nav2_behavior_tree/plugins/action/smoother_selector_node.hpp
[295.280s] -- Installing: /workstation/nav2_ws/install/nav2_behavior_tree/include//nav2_behavior_tree/plugins/action/controller_cancel_node.hpp
[295.280s] -- Installing: /workstation/nav2_ws/install/nav2_behavior_tree/include//nav2_behavior_tree/plugins/control
[295.280s] -- Installing: /workstation/nav2_ws/install/nav2_behavior_tree/include//nav2_behavior_tree/plugins/control/recovery_node.hpp
[295.280s] -- Installing: /workstation/nav2_ws/install/nav2_behavior_tree/include//nav2_behavior_tree/plugins/control/round_robin_node.hpp
[295.280s] -- Installing: /workstation/nav2_ws/install/nav2_behavior_tree/include//nav2_behavior_tree/plugins/control/pipeline_sequence.hpp
[295.280s] -- Installing: /workstation/nav2_ws/install/nav2_behavior_tree/include//nav2_behavior_tree/plugins/decorator
[295.280s] -- Installing: /workstation/nav2_ws/install/nav2_behavior_tree/include//nav2_behavior_tree/plugins/decorator/distance_controller.hpp
[295.281s] -- Installing: /workstation/nav2_ws/install/nav2_behavior_tree/include//nav2_behavior_tree/plugins/decorator/rate_controller.hpp
[295.281s] -- Installing: /workstation/nav2_ws/install/nav2_behavior_tree/include//nav2_behavior_tree/plugins/decorator/path_longer_on_approach.hpp
[295.281s] -- Installing: /workstation/nav2_ws/install/nav2_behavior_tree/include//nav2_behavior_tree/plugins/decorator/goal_updated_controller.hpp
[295.281s] -- Installing: /workstation/nav2_ws/install/nav2_behavior_tree/include//nav2_behavior_tree/plugins/decorator/goal_updater_node.hpp
[295.281s] -- Installing: /workstation/nav2_ws/install/nav2_behavior_tree/include//nav2_behavior_tree/plugins/decorator/speed_controller.hpp
[295.281s] -- Installing: /workstation/nav2_ws/install/nav2_behavior_tree/include//nav2_behavior_tree/plugins/decorator/single_trigger_node.hpp
[295.281s] -- Installing: /workstation/nav2_ws/install/nav2_behavior_tree/include//nav2_behavior_tree/plugins/condition
[295.282s] -- Installing: /workstation/nav2_ws/install/nav2_behavior_tree/include//nav2_behavior_tree/plugins/condition/globally_updated_goal_condition.hpp
[295.282s] -- Installing: /workstation/nav2_ws/install/nav2_behavior_tree/include//nav2_behavior_tree/plugins/condition/goal_reached_condition.hpp
[295.282s] -- Installing: /workstation/nav2_ws/install/nav2_behavior_tree/include//nav2_behavior_tree/plugins/condition/goal_updated_condition.hpp
[295.282s] -- Installing: /workstation/nav2_ws/install/nav2_behavior_tree/include//nav2_behavior_tree/plugins/condition/transform_available_condition.hpp
[295.282s] -- Installing: /workstation/nav2_ws/install/nav2_behavior_tree/include//nav2_behavior_tree/plugins/condition/is_stuck_condition.hpp
[295.282s] -- Installing: /workstation/nav2_ws/install/nav2_behavior_tree/include//nav2_behavior_tree/plugins/condition/is_battery_low_condition.hpp
[295.283s] -- Installing: /workstation/nav2_ws/install/nav2_behavior_tree/include//nav2_behavior_tree/plugins/condition/initial_pose_received_condition.hpp
[295.283s] -- Installing: /workstation/nav2_ws/install/nav2_behavior_tree/include//nav2_behavior_tree/plugins/condition/is_battery_charging_condition.hpp
[295.283s] -- Installing: /workstation/nav2_ws/install/nav2_behavior_tree/include//nav2_behavior_tree/plugins/condition/is_path_valid_condition.hpp
[295.283s] -- Installing: /workstation/nav2_ws/install/nav2_behavior_tree/include//nav2_behavior_tree/plugins/condition/path_expiring_timer_condition.hpp
[295.283s] -- Installing: /workstation/nav2_ws/install/nav2_behavior_tree/include//nav2_behavior_tree/plugins/condition/time_expired_condition.hpp
[295.284s] -- Installing: /workstation/nav2_ws/install/nav2_behavior_tree/include//nav2_behavior_tree/plugins/condition/distance_traveled_condition.hpp
[295.284s] -- Installing: /workstation/nav2_ws/install/nav2_behavior_tree/include//nav2_behavior_tree/behavior_tree_engine.hpp
[295.285s] -- Installing: /workstation/nav2_ws/install/nav2_behavior_tree/include//nav2_behavior_tree/bt_action_node.hpp
[295.285s] -- Installing: /workstation/nav2_ws/install/nav2_behavior_tree/include//nav2_behavior_tree/bt_action_server.hpp
[295.285s] -- Installing: /workstation/nav2_ws/install/nav2_behavior_tree/include//nav2_behavior_tree/bt_cancel_action_node.hpp
[295.285s] -- Installing: /workstation/nav2_ws/install/nav2_behavior_tree/include//nav2_behavior_tree/bt_action_server_impl.hpp
[295.285s] -- Installing: /workstation/nav2_ws/install/nav2_behavior_tree/include//nav2_behavior_tree/bt_service_node.hpp
[295.286s] -- Installing: /workstation/nav2_ws/install/nav2_behavior_tree/share/nav2_behavior_tree/nav2_tree_nodes.xml
[295.286s] -- Installing: /workstation/nav2_ws/install/nav2_behavior_tree/share/nav2_behavior_tree/environment/library_path.sh
[295.286s] -- Installing: /workstation/nav2_ws/install/nav2_behavior_tree/share/nav2_behavior_tree/environment/library_path.dsv
[295.287s] -- Installing: /workstation/nav2_ws/install/nav2_behavior_tree/share/ament_index/resource_index/package_run_dependencies/nav2_behavior_tree
[295.287s] -- Installing: /workstation/nav2_ws/install/nav2_behavior_tree/share/ament_index/resource_index/parent_prefix_path/nav2_behavior_tree
[295.287s] -- Installing: /workstation/nav2_ws/install/nav2_behavior_tree/share/nav2_behavior_tree/environment/ament_prefix_path.sh
[295.288s] -- Installing: /workstation/nav2_ws/install/nav2_behavior_tree/share/nav2_behavior_tree/environment/ament_prefix_path.dsv
[295.288s] -- Installing: /workstation/nav2_ws/install/nav2_behavior_tree/share/nav2_behavior_tree/environment/path.sh
[295.288s] -- Installing: /workstation/nav2_ws/install/nav2_behavior_tree/share/nav2_behavior_tree/environment/path.dsv
[295.288s] -- Installing: /workstation/nav2_ws/install/nav2_behavior_tree/share/nav2_behavior_tree/local_setup.bash
[295.289s] -- Installing: /workstation/nav2_ws/install/nav2_behavior_tree/share/nav2_behavior_tree/local_setup.sh
[295.289s] -- Installing: /workstation/nav2_ws/install/nav2_behavior_tree/share/nav2_behavior_tree/local_setup.zsh
[295.289s] -- Installing: /workstation/nav2_ws/install/nav2_behavior_tree/share/nav2_behavior_tree/local_setup.dsv
[295.289s] -- Installing: /workstation/nav2_ws/install/nav2_behavior_tree/share/nav2_behavior_tree/package.dsv
[295.290s] -- Installing: /workstation/nav2_ws/install/nav2_behavior_tree/share/ament_index/resource_index/packages/nav2_behavior_tree
[295.290s] -- Installing: /workstation/nav2_ws/install/nav2_behavior_tree/share/nav2_behavior_tree/cmake/ament_cmake_export_include_directories-extras.cmake
[295.290s] -- Installing: /workstation/nav2_ws/install/nav2_behavior_tree/share/nav2_behavior_tree/cmake/ament_cmake_export_libraries-extras.cmake
[295.291s] -- Installing: /workstation/nav2_ws/install/nav2_behavior_tree/share/nav2_behavior_tree/cmake/ament_cmake_export_dependencies-extras.cmake
[295.291s] -- Installing: /workstation/nav2_ws/install/nav2_behavior_tree/share/nav2_behavior_tree/cmake/nav2_behavior_treeConfig.cmake
[295.292s] -- Installing: /workstation/nav2_ws/install/nav2_behavior_tree/share/nav2_behavior_tree/cmake/nav2_behavior_treeConfig-version.cmake
[295.292s] -- Installing: /workstation/nav2_ws/install/nav2_behavior_tree/share/nav2_behavior_tree/package.xml
[295.297s] Invoked command in '/workstation/nav2_ws/build/nav2_behavior_tree' returned '0': AMENT_PREFIX_PATH=/workstation/nav2_ws/install/nav2_util:/workstation/nav2_ws/install/nav2_msgs:/workstation/nav2_ws/install/nav2_common:${AMENT_PREFIX_PATH} CMAKE_PREFIX_PATH=/workstation/nav2_ws/install/nav2_util:/workstation/nav2_ws/install/nav2_msgs:/workstation/nav2_ws/install/nav2_common:/opt/ros/humble LD_LIBRARY_PATH=/workstation/nav2_ws/install/nav2_util/lib:/workstation/nav2_ws/install/nav2_msgs/lib:${LD_LIBRARY_PATH} PYTHONPATH=/workstation/nav2_ws/install/nav2_msgs/local/lib/python3.10/dist-packages:/workstation/nav2_ws/install/nav2_common/local/lib/python3.10/dist-packages:${PYTHONPATH} /usr/bin/cmake --install /workstation/nav2_ws/build/nav2_behavior_tree
