[0.078s] Invoking command in '/workstation/nav2_ws/build/nav2_planner': AMENT_PREFIX_PATH=/workstation/nav2_ws/install/nav2_core:/workstation/nav2_ws/install/nav2_costmap_2d:/workstation/nav2_ws/install/nav2_map_server:/workstation/nav2_ws/install/nav2_lifecycle_manager:/workstation/nav2_ws/install/nav2_util:/workstation/nav2_ws/install/nav2_voxel_grid:/workstation/nav2_ws/install/nav2_msgs:/workstation/nav2_ws/install/nav2_common:${AMENT_PREFIX_PATH} CMAKE_PREFIX_PATH=/workstation/nav2_ws/install/nav2_core:/workstation/nav2_ws/install/nav2_costmap_2d:/workstation/nav2_ws/install/nav2_map_server:/workstation/nav2_ws/install/nav2_lifecycle_manager:/workstation/nav2_ws/install/nav2_util:/workstation/nav2_ws/install/nav2_voxel_grid:/workstation/nav2_ws/install/nav2_msgs:/workstation/nav2_ws/install/nav2_common:/opt/ros/humble LD_LIBRARY_PATH=/workstation/nav2_ws/install/nav2_costmap_2d/lib:/workstation/nav2_ws/install/nav2_map_server/lib:/workstation/nav2_ws/install/nav2_lifecycle_manager/lib:/workstation/nav2_ws/install/nav2_util/lib:/workstation/nav2_ws/install/nav2_voxel_grid/lib:/workstation/nav2_ws/install/nav2_msgs/lib:${LD_LIBRARY_PATH} PYTHONPATH=/workstation/nav2_ws/install/nav2_msgs/local/lib/python3.10/dist-packages:/workstation/nav2_ws/install/nav2_common/local/lib/python3.10/dist-packages:${PYTHONPATH} /usr/bin/cmake --build /workstation/nav2_ws/build/nav2_planner -- -j12 -l12
[0.339s] [ 20%] Built target gtest
[0.340s] [ 40%] Built target gtest_main
[0.340s] [ 60%] Built target planner_server_core
[0.461s] [ 80%] Built target planner_server
[0.475s] [100%] Built target test_dynamic_parameters
[0.570s] Invoked command in '/workstation/nav2_ws/build/nav2_planner' returned '0': AMENT_PREFIX_PATH=/workstation/nav2_ws/install/nav2_core:/workstation/nav2_ws/install/nav2_costmap_2d:/workstation/nav2_ws/install/nav2_map_server:/workstation/nav2_ws/install/nav2_lifecycle_manager:/workstation/nav2_ws/install/nav2_util:/workstation/nav2_ws/install/nav2_voxel_grid:/workstation/nav2_ws/install/nav2_msgs:/workstation/nav2_ws/install/nav2_common:${AMENT_PREFIX_PATH} CMAKE_PREFIX_PATH=/workstation/nav2_ws/install/nav2_core:/workstation/nav2_ws/install/nav2_costmap_2d:/workstation/nav2_ws/install/nav2_map_server:/workstation/nav2_ws/install/nav2_lifecycle_manager:/workstation/nav2_ws/install/nav2_util:/workstation/nav2_ws/install/nav2_voxel_grid:/workstation/nav2_ws/install/nav2_msgs:/workstation/nav2_ws/install/nav2_common:/opt/ros/humble LD_LIBRARY_PATH=/workstation/nav2_ws/install/nav2_costmap_2d/lib:/workstation/nav2_ws/install/nav2_map_server/lib:/workstation/nav2_ws/install/nav2_lifecycle_manager/lib:/workstation/nav2_ws/install/nav2_util/lib:/workstation/nav2_ws/install/nav2_voxel_grid/lib:/workstation/nav2_ws/install/nav2_msgs/lib:${LD_LIBRARY_PATH} PYTHONPATH=/workstation/nav2_ws/install/nav2_msgs/local/lib/python3.10/dist-packages:/workstation/nav2_ws/install/nav2_common/local/lib/python3.10/dist-packages:${PYTHONPATH} /usr/bin/cmake --build /workstation/nav2_ws/build/nav2_planner -- -j12 -l12
[0.706s] Invoking command in '/workstation/nav2_ws/build/nav2_planner': AMENT_PREFIX_PATH=/workstation/nav2_ws/install/nav2_core:/workstation/nav2_ws/install/nav2_costmap_2d:/workstation/nav2_ws/install/nav2_map_server:/workstation/nav2_ws/install/nav2_lifecycle_manager:/workstation/nav2_ws/install/nav2_util:/workstation/nav2_ws/install/nav2_voxel_grid:/workstation/nav2_ws/install/nav2_msgs:/workstation/nav2_ws/install/nav2_common:${AMENT_PREFIX_PATH} CMAKE_PREFIX_PATH=/workstation/nav2_ws/install/nav2_core:/workstation/nav2_ws/install/nav2_costmap_2d:/workstation/nav2_ws/install/nav2_map_server:/workstation/nav2_ws/install/nav2_lifecycle_manager:/workstation/nav2_ws/install/nav2_util:/workstation/nav2_ws/install/nav2_voxel_grid:/workstation/nav2_ws/install/nav2_msgs:/workstation/nav2_ws/install/nav2_common:/opt/ros/humble LD_LIBRARY_PATH=/workstation/nav2_ws/install/nav2_costmap_2d/lib:/workstation/nav2_ws/install/nav2_map_server/lib:/workstation/nav2_ws/install/nav2_lifecycle_manager/lib:/workstation/nav2_ws/install/nav2_util/lib:/workstation/nav2_ws/install/nav2_voxel_grid/lib:/workstation/nav2_ws/install/nav2_msgs/lib:${LD_LIBRARY_PATH} PYTHONPATH=/workstation/nav2_ws/install/nav2_msgs/local/lib/python3.10/dist-packages:/workstation/nav2_ws/install/nav2_common/local/lib/python3.10/dist-packages:${PYTHONPATH} /usr/bin/cmake --install /workstation/nav2_ws/build/nav2_planner
[0.720s] -- Install configuration: "Release"
[0.720s] -- Up-to-date: /workstation/nav2_ws/install/nav2_planner/lib/libplanner_server_core.so
[0.720s] -- Up-to-date: /workstation/nav2_ws/install/nav2_planner/lib/nav2_planner/planner_server
[0.720s] -- Up-to-date: /workstation/nav2_ws/install/nav2_planner/include/
[0.720s] -- Up-to-date: /workstation/nav2_ws/install/nav2_planner/include//nav2_planner
[0.721s] -- Up-to-date: /workstation/nav2_ws/install/nav2_planner/include//nav2_planner/planner_server.hpp
[0.721s] -- Up-to-date: /workstation/nav2_ws/install/nav2_planner/share/nav2_planner/environment/library_path.sh
[0.721s] -- Up-to-date: /workstation/nav2_ws/install/nav2_planner/share/nav2_planner/environment/library_path.dsv
[0.721s] -- Up-to-date: /workstation/nav2_ws/install/nav2_planner/share/ament_index/resource_index/package_run_dependencies/nav2_planner
[0.721s] -- Up-to-date: /workstation/nav2_ws/install/nav2_planner/share/ament_index/resource_index/parent_prefix_path/nav2_planner
[0.721s] -- Up-to-date: /workstation/nav2_ws/install/nav2_planner/share/nav2_planner/environment/ament_prefix_path.sh
[0.721s] -- Up-to-date: /workstation/nav2_ws/install/nav2_planner/share/nav2_planner/environment/ament_prefix_path.dsv
[0.721s] -- Up-to-date: /workstation/nav2_ws/install/nav2_planner/share/nav2_planner/environment/path.sh
[0.721s] -- Up-to-date: /workstation/nav2_ws/install/nav2_planner/share/nav2_planner/environment/path.dsv
[0.721s] -- Up-to-date: /workstation/nav2_ws/install/nav2_planner/share/nav2_planner/local_setup.bash
[0.721s] -- Up-to-date: /workstation/nav2_ws/install/nav2_planner/share/nav2_planner/local_setup.sh
[0.721s] -- Up-to-date: /workstation/nav2_ws/install/nav2_planner/share/nav2_planner/local_setup.zsh
[0.722s] -- Up-to-date: /workstation/nav2_ws/install/nav2_planner/share/nav2_planner/local_setup.dsv
[0.722s] -- Installing: /workstation/nav2_ws/install/nav2_planner/share/nav2_planner/package.dsv
[0.722s] -- Up-to-date: /workstation/nav2_ws/install/nav2_planner/share/ament_index/resource_index/packages/nav2_planner
[0.722s] -- Up-to-date: /workstation/nav2_ws/install/nav2_planner/share/ament_index/resource_index/rclcpp_components/nav2_planner
[0.722s] -- Up-to-date: /workstation/nav2_ws/install/nav2_planner/share/nav2_planner/cmake/ament_cmake_export_include_directories-extras.cmake
[0.722s] -- Up-to-date: /workstation/nav2_ws/install/nav2_planner/share/nav2_planner/cmake/ament_cmake_export_libraries-extras.cmake
[0.722s] -- Up-to-date: /workstation/nav2_ws/install/nav2_planner/share/nav2_planner/cmake/ament_cmake_export_dependencies-extras.cmake
[0.722s] -- Up-to-date: /workstation/nav2_ws/install/nav2_planner/share/nav2_planner/cmake/nav2_plannerConfig.cmake
[0.722s] -- Up-to-date: /workstation/nav2_ws/install/nav2_planner/share/nav2_planner/cmake/nav2_plannerConfig-version.cmake
[0.722s] -- Up-to-date: /workstation/nav2_ws/install/nav2_planner/share/nav2_planner/package.xml
[0.791s] Invoked command in '/workstation/nav2_ws/build/nav2_planner' returned '0': AMENT_PREFIX_PATH=/workstation/nav2_ws/install/nav2_core:/workstation/nav2_ws/install/nav2_costmap_2d:/workstation/nav2_ws/install/nav2_map_server:/workstation/nav2_ws/install/nav2_lifecycle_manager:/workstation/nav2_ws/install/nav2_util:/workstation/nav2_ws/install/nav2_voxel_grid:/workstation/nav2_ws/install/nav2_msgs:/workstation/nav2_ws/install/nav2_common:${AMENT_PREFIX_PATH} CMAKE_PREFIX_PATH=/workstation/nav2_ws/install/nav2_core:/workstation/nav2_ws/install/nav2_costmap_2d:/workstation/nav2_ws/install/nav2_map_server:/workstation/nav2_ws/install/nav2_lifecycle_manager:/workstation/nav2_ws/install/nav2_util:/workstation/nav2_ws/install/nav2_voxel_grid:/workstation/nav2_ws/install/nav2_msgs:/workstation/nav2_ws/install/nav2_common:/opt/ros/humble LD_LIBRARY_PATH=/workstation/nav2_ws/install/nav2_costmap_2d/lib:/workstation/nav2_ws/install/nav2_map_server/lib:/workstation/nav2_ws/install/nav2_lifecycle_manager/lib:/workstation/nav2_ws/install/nav2_util/lib:/workstation/nav2_ws/install/nav2_voxel_grid/lib:/workstation/nav2_ws/install/nav2_msgs/lib:${LD_LIBRARY_PATH} PYTHONPATH=/workstation/nav2_ws/install/nav2_msgs/local/lib/python3.10/dist-packages:/workstation/nav2_ws/install/nav2_common/local/lib/python3.10/dist-packages:${PYTHONPATH} /usr/bin/cmake --install /workstation/nav2_ws/build/nav2_planner
