[0.012s] Invoking command in '/workstation/nav2_ws/build/nav2_util': AMENT_PREFIX_PATH=/workstation/nav2_ws/install/nav2_msgs:/workstation/nav2_ws/install/nav2_common:${AMENT_PREFIX_PATH} CMAKE_PREFIX_PATH=/workstation/nav2_ws/install/nav2_msgs:/workstation/nav2_ws/install/nav2_common:/opt/ros/humble LD_LIBRARY_PATH=/workstation/nav2_ws/install/nav2_msgs/lib:${LD_LIBRARY_PATH} PYTHONPATH=/workstation/nav2_ws/install/nav2_msgs/local/lib/python3.10/dist-packages:/workstation/nav2_ws/install/nav2_common/local/lib/python3.10/dist-packages:${PYTHONPATH} /usr/bin/cmake --build /workstation/nav2_ws/build/nav2_util -- -j12 -l12
[0.086s] [  5%] Built target gtest_main
[0.087s] [ 10%] Built target gtest
[0.108s] [ 35%] Built target nav2_util_core
[0.126s] [ 40%] Built target test_execution_timer
[0.156s] [ 45%] Built target test_string_utils
[0.161s] [ 50%] Built target test_node_utils
[0.161s] [ 55%] Built target lifecycle_bringup
[0.163s] [ 60%] Built target test_lifecycle_cli_node
[0.168s] [ 65%] Built target test_actions
[0.170s] [ 70%] Built target test_geometry_utils
[0.170s] [ 75%] Built target test_lifecycle_utils
[0.170s] [ 85%] Built target test_lifecycle_node
[0.170s] [ 85%] Built target test_odometry_utils
[0.171s] [ 90%] Built target test_service_client
[0.172s] [ 95%] Built target test_validation_messages
[0.173s] [100%] Built target test_robot_utils
[0.355s] Invoked command in '/workstation/nav2_ws/build/nav2_util' returned '0': AMENT_PREFIX_PATH=/workstation/nav2_ws/install/nav2_msgs:/workstation/nav2_ws/install/nav2_common:${AMENT_PREFIX_PATH} CMAKE_PREFIX_PATH=/workstation/nav2_ws/install/nav2_msgs:/workstation/nav2_ws/install/nav2_common:/opt/ros/humble LD_LIBRARY_PATH=/workstation/nav2_ws/install/nav2_msgs/lib:${LD_LIBRARY_PATH} PYTHONPATH=/workstation/nav2_ws/install/nav2_msgs/local/lib/python3.10/dist-packages:/workstation/nav2_ws/install/nav2_common/local/lib/python3.10/dist-packages:${PYTHONPATH} /usr/bin/cmake --build /workstation/nav2_ws/build/nav2_util -- -j12 -l12
[0.394s] Invoking command in '/workstation/nav2_ws/build/nav2_util': AMENT_PREFIX_PATH=/workstation/nav2_ws/install/nav2_msgs:/workstation/nav2_ws/install/nav2_common:${AMENT_PREFIX_PATH} CMAKE_PREFIX_PATH=/workstation/nav2_ws/install/nav2_msgs:/workstation/nav2_ws/install/nav2_common:/opt/ros/humble LD_LIBRARY_PATH=/workstation/nav2_ws/install/nav2_msgs/lib:${LD_LIBRARY_PATH} PYTHONPATH=/workstation/nav2_ws/install/nav2_msgs/local/lib/python3.10/dist-packages:/workstation/nav2_ws/install/nav2_common/local/lib/python3.10/dist-packages:${PYTHONPATH} /usr/bin/cmake --install /workstation/nav2_ws/build/nav2_util
[0.404s] -- Install configuration: "Release"
[0.404s] -- Up-to-date: /workstation/nav2_ws/install/nav2_util/include/
[0.404s] -- Up-to-date: /workstation/nav2_ws/install/nav2_util/include//nav2_util
[0.404s] -- Up-to-date: /workstation/nav2_ws/install/nav2_util/include//nav2_util/lifecycle_service_client.hpp
[0.404s] -- Up-to-date: /workstation/nav2_ws/install/nav2_util/include//nav2_util/lifecycle_utils.hpp
[0.405s] -- Up-to-date: /workstation/nav2_ws/install/nav2_util/include//nav2_util/node_thread.hpp
[0.405s] -- Up-to-date: /workstation/nav2_ws/install/nav2_util/include//nav2_util/node_utils.hpp
[0.405s] -- Up-to-date: /workstation/nav2_ws/install/nav2_util/include//nav2_util/validate_messages.hpp
[0.405s] -- Up-to-date: /workstation/nav2_ws/install/nav2_util/include//nav2_util/line_iterator.hpp
[0.405s] -- Up-to-date: /workstation/nav2_ws/install/nav2_util/include//nav2_util/geometry_utils.hpp
[0.405s] -- Up-to-date: /workstation/nav2_ws/install/nav2_util/include//nav2_util/execution_timer.hpp
[0.406s] -- Up-to-date: /workstation/nav2_ws/install/nav2_util/include//nav2_util/string_utils.hpp
[0.406s] -- Up-to-date: /workstation/nav2_ws/install/nav2_util/include//nav2_util/robot_utils.hpp
[0.406s] -- Up-to-date: /workstation/nav2_ws/install/nav2_util/include//nav2_util/lifecycle_node.hpp
[0.406s] -- Up-to-date: /workstation/nav2_ws/install/nav2_util/include//nav2_util/odometry_utils.hpp
[0.406s] -- Up-to-date: /workstation/nav2_ws/install/nav2_util/include//nav2_util/costmap.hpp
[0.406s] -- Up-to-date: /workstation/nav2_ws/install/nav2_util/include//nav2_util/simple_action_server.hpp
[0.406s] -- Up-to-date: /workstation/nav2_ws/install/nav2_util/include//nav2_util/service_client.hpp
[0.406s] -- Up-to-date: /workstation/nav2_ws/install/nav2_util/include//nav2_util/occ_grid_values.hpp
[0.407s] -- Up-to-date: /workstation/nav2_ws/install/nav2_util/include//nav2_util/clear_entirely_costmap_service_client.hpp
[0.407s] -- Up-to-date: /workstation/nav2_ws/install/nav2_util/share/nav2_util/environment/library_path.sh
[0.407s] -- Up-to-date: /workstation/nav2_ws/install/nav2_util/share/nav2_util/environment/library_path.dsv
[0.407s] -- Up-to-date: /workstation/nav2_ws/install/nav2_util/share/ament_index/resource_index/package_run_dependencies/nav2_util
[0.407s] -- Up-to-date: /workstation/nav2_ws/install/nav2_util/share/ament_index/resource_index/parent_prefix_path/nav2_util
[0.407s] -- Up-to-date: /workstation/nav2_ws/install/nav2_util/share/nav2_util/environment/ament_prefix_path.sh
[0.407s] -- Up-to-date: /workstation/nav2_ws/install/nav2_util/share/nav2_util/environment/ament_prefix_path.dsv
[0.407s] -- Up-to-date: /workstation/nav2_ws/install/nav2_util/share/nav2_util/environment/path.sh
[0.407s] -- Up-to-date: /workstation/nav2_ws/install/nav2_util/share/nav2_util/environment/path.dsv
[0.408s] -- Up-to-date: /workstation/nav2_ws/install/nav2_util/share/nav2_util/local_setup.bash
[0.408s] -- Up-to-date: /workstation/nav2_ws/install/nav2_util/share/nav2_util/local_setup.sh
[0.408s] -- Up-to-date: /workstation/nav2_ws/install/nav2_util/share/nav2_util/local_setup.zsh
[0.408s] -- Up-to-date: /workstation/nav2_ws/install/nav2_util/share/nav2_util/local_setup.dsv
[0.408s] -- Installing: /workstation/nav2_ws/install/nav2_util/share/nav2_util/package.dsv
[0.408s] -- Up-to-date: /workstation/nav2_ws/install/nav2_util/share/ament_index/resource_index/packages/nav2_util
[0.408s] -- Up-to-date: /workstation/nav2_ws/install/nav2_util/share/nav2_util/cmake/ament_cmake_export_include_directories-extras.cmake
[0.408s] -- Up-to-date: /workstation/nav2_ws/install/nav2_util/share/nav2_util/cmake/ament_cmake_export_libraries-extras.cmake
[0.409s] -- Up-to-date: /workstation/nav2_ws/install/nav2_util/share/nav2_util/cmake/ament_cmake_export_dependencies-extras.cmake
[0.409s] -- Up-to-date: /workstation/nav2_ws/install/nav2_util/share/nav2_util/cmake/nav2_utilConfig.cmake
[0.409s] -- Up-to-date: /workstation/nav2_ws/install/nav2_util/share/nav2_util/cmake/nav2_utilConfig-version.cmake
[0.409s] -- Up-to-date: /workstation/nav2_ws/install/nav2_util/share/nav2_util/package.xml
[0.409s] -- Up-to-date: /workstation/nav2_ws/install/nav2_util/lib/libnav2_util_core.so
[0.409s] -- Up-to-date: /workstation/nav2_ws/install/nav2_util/lib/nav2_util/lifecycle_bringup
[0.413s] Invoked command in '/workstation/nav2_ws/build/nav2_util' returned '0': AMENT_PREFIX_PATH=/workstation/nav2_ws/install/nav2_msgs:/workstation/nav2_ws/install/nav2_common:${AMENT_PREFIX_PATH} CMAKE_PREFIX_PATH=/workstation/nav2_ws/install/nav2_msgs:/workstation/nav2_ws/install/nav2_common:/opt/ros/humble LD_LIBRARY_PATH=/workstation/nav2_ws/install/nav2_msgs/lib:${LD_LIBRARY_PATH} PYTHONPATH=/workstation/nav2_ws/install/nav2_msgs/local/lib/python3.10/dist-packages:/workstation/nav2_ws/install/nav2_common/local/lib/python3.10/dist-packages:${PYTHONPATH} /usr/bin/cmake --install /workstation/nav2_ws/build/nav2_util
