[0.060s] Invoking command in '/workstation/nav2_ws/build/nav2_behaviors': AMENT_PREFIX_PATH=/workstation/nav2_ws/install/nav2_core:/workstation/nav2_ws/install/nav2_costmap_2d:/workstation/nav2_ws/install/nav2_map_server:/workstation/nav2_ws/install/nav2_lifecycle_manager:/workstation/nav2_ws/install/nav2_behavior_tree:/workstation/nav2_ws/install/nav2_util:/workstation/nav2_ws/install/nav2_voxel_grid:/workstation/nav2_ws/install/nav2_msgs:/workstation/nav2_ws/install/nav2_common:${AMENT_PREFIX_PATH} CMAKE_PREFIX_PATH=/workstation/nav2_ws/install/nav2_core:/workstation/nav2_ws/install/nav2_costmap_2d:/workstation/nav2_ws/install/nav2_map_server:/workstation/nav2_ws/install/nav2_lifecycle_manager:/workstation/nav2_ws/install/nav2_behavior_tree:/workstation/nav2_ws/install/nav2_util:/workstation/nav2_ws/install/nav2_voxel_grid:/workstation/nav2_ws/install/nav2_msgs:/workstation/nav2_ws/install/nav2_common:/opt/ros/humble LD_LIBRARY_PATH=/workstation/nav2_ws/install/nav2_costmap_2d/lib:/workstation/nav2_ws/install/nav2_map_server/lib:/workstation/nav2_ws/install/nav2_lifecycle_manager/lib:/workstation/nav2_ws/install/nav2_behavior_tree/lib:/workstation/nav2_ws/install/nav2_util/lib:/workstation/nav2_ws/install/nav2_voxel_grid/lib:/workstation/nav2_ws/install/nav2_msgs/lib:${LD_LIBRARY_PATH} PYTHONPATH=/workstation/nav2_ws/install/nav2_msgs/local/lib/python3.10/dist-packages:/workstation/nav2_ws/install/nav2_common/local/lib/python3.10/dist-packages:${PYTHONPATH} /usr/bin/cmake /workstation/nav2_ws/src/navigation2/nav2_behaviors -DCMAKE_INSTALL_PREFIX=/workstation/nav2_ws/install/nav2_behaviors
[0.183s] -- The C compiler identification is GNU 11.4.0
[0.294s] -- The CXX compiler identification is GNU 11.4.0
[0.307s] -- Detecting C compiler ABI info
[0.457s] -- Detecting C compiler ABI info - done
[0.484s] -- Check for working C compiler: /usr/bin/cc - skipped
[0.484s] -- Detecting C compile features
[0.489s] -- Detecting C compile features - done
[0.505s] -- Detecting CXX compiler ABI info
[0.692s] -- Detecting CXX compiler ABI info - done
[0.726s] -- Check for working CXX compiler: /usr/bin/c++ - skipped
[0.726s] -- Detecting CXX compile features
[0.738s] -- Detecting CXX compile features - done
[0.743s] -- Found ament_cmake: 1.3.10 (/opt/ros/humble/share/ament_cmake/cmake)
[1.330s] -- Found Python3: /usr/bin/python3 (found version "3.10.12") found components: Interpreter 
[1.867s] -- Found nav2_common: 1.1.16 (/workstation/nav2_ws/install/nav2_common/share/nav2_common/cmake)
[1.900s] -- Found rclcpp: 16.0.10 (/opt/ros/humble/share/rclcpp/cmake)
[2.192s] -- Found rosidl_generator_c: 3.1.5 (/opt/ros/humble/share/rosidl_generator_c/cmake)
[2.232s] -- Found rosidl_adapter: 3.1.5 (/opt/ros/humble/share/rosidl_adapter/cmake)
[2.279s] -- Found rosidl_generator_cpp: 3.1.5 (/opt/ros/humble/share/rosidl_generator_cpp/cmake)
[2.362s] -- Using all available rosidl_typesupport_c: rosidl_typesupport_fastrtps_c;rosidl_typesupport_introspection_c
[2.465s] -- Using all available rosidl_typesupport_cpp: rosidl_typesupport_fastrtps_cpp;rosidl_typesupport_introspection_cpp
[2.729s] -- Found rmw_implementation_cmake: 6.1.2 (/opt/ros/humble/share/rmw_implementation_cmake/cmake)
[2.745s] -- Found rmw_fastrtps_cpp: 6.2.7 (/opt/ros/humble/share/rmw_fastrtps_cpp/cmake)
[3.110s] -- Found OpenSSL: /usr/lib/x86_64-linux-gnu/libcrypto.so (found version "3.0.2")  
[3.214s] -- Found FastRTPS: /opt/ros/humble/include  
[3.317s] -- Using RMW implementation 'rmw_fastrtps_cpp' as default
[3.338s] -- Looking for pthread.h
[3.559s] -- Looking for pthread.h - found
[3.560s] -- Performing Test CMAKE_HAVE_LIBC_PTHREAD
[3.747s] -- Performing Test CMAKE_HAVE_LIBC_PTHREAD - Success
[3.755s] -- Found Threads: TRUE  
[3.923s] -- Found rclcpp_action: 16.0.10 (/opt/ros/humble/share/rclcpp_action/cmake)
[4.045s] -- Found rclcpp_lifecycle: 16.0.10 (/opt/ros/humble/share/rclcpp_lifecycle/cmake)
[4.145s] -- Found rclcpp_components: 16.0.10 (/opt/ros/humble/share/rclcpp_components/cmake)
[4.299s] -- Found nav2_behavior_tree: 1.1.16 (/workstation/nav2_ws/install/nav2_behavior_tree/share/nav2_behavior_tree/cmake)
[4.837s] -- Found eigen3_cmake_module: 0.1.1 (/opt/ros/humble/share/eigen3_cmake_module/cmake)
[4.844s] -- Found Eigen3: TRUE (found version "3.4.0") 
[4.844s] -- Ensuring Eigen3 include directory is part of orocos-kdl CMake target
[4.993s] -- Found nav2_costmap_2d: 1.1.16 (/workstation/nav2_ws/install/nav2_costmap_2d/share/nav2_costmap_2d/cmake)
[5.310s] -- Found nav2_core: 1.1.16 (/workstation/nav2_ws/install/nav2_core/share/nav2_core/cmake)
[5.399s] -- Setting build type to Release as none was specified.
[8.509s] -- Found ament_lint_auto: 0.12.11 (/opt/ros/humble/share/ament_lint_auto/cmake)
[8.795s] -- Found gtest sources under '/opt/ros/humble/src/gtest_vendor': C++ tests using 'Google Test' will be built
[9.648s] -- Added test 'copyright' to check source files copyright and LICENSE
[9.662s] -- Added test 'cppcheck' to perform static code analysis on C / C++ code
[9.682s] -- Configured cppcheck include dirs: /workstation/nav2_ws/src/navigation2/nav2_behaviors/include
[9.682s] -- Configured cppcheck exclude dirs and/or files: 
[9.692s] -- Added test 'cpplint' to check C / C++ code against the Google style
[9.692s] -- Configured cpplint exclude dirs and/or files: 
[9.693s] -- Added test 'lint_cmake' to check CMake code style
[9.703s] -- Added test 'uncrustify' to check C / C++ code style
[9.703s] -- Configured uncrustify additional arguments: 
[9.708s] -- Added test 'xmllint' to check XML markup files
[9.718s] -- Configuring done
[11.625s] -- Generating done
[11.632s] -- Build files have been written to: /workstation/nav2_ws/build/nav2_behaviors
[11.682s] Invoked command in '/workstation/nav2_ws/build/nav2_behaviors' returned '0': AMENT_PREFIX_PATH=/workstation/nav2_ws/install/nav2_core:/workstation/nav2_ws/install/nav2_costmap_2d:/workstation/nav2_ws/install/nav2_map_server:/workstation/nav2_ws/install/nav2_lifecycle_manager:/workstation/nav2_ws/install/nav2_behavior_tree:/workstation/nav2_ws/install/nav2_util:/workstation/nav2_ws/install/nav2_voxel_grid:/workstation/nav2_ws/install/nav2_msgs:/workstation/nav2_ws/install/nav2_common:${AMENT_PREFIX_PATH} CMAKE_PREFIX_PATH=/workstation/nav2_ws/install/nav2_core:/workstation/nav2_ws/install/nav2_costmap_2d:/workstation/nav2_ws/install/nav2_map_server:/workstation/nav2_ws/install/nav2_lifecycle_manager:/workstation/nav2_ws/install/nav2_behavior_tree:/workstation/nav2_ws/install/nav2_util:/workstation/nav2_ws/install/nav2_voxel_grid:/workstation/nav2_ws/install/nav2_msgs:/workstation/nav2_ws/install/nav2_common:/opt/ros/humble LD_LIBRARY_PATH=/workstation/nav2_ws/install/nav2_costmap_2d/lib:/workstation/nav2_ws/install/nav2_map_server/lib:/workstation/nav2_ws/install/nav2_lifecycle_manager/lib:/workstation/nav2_ws/install/nav2_behavior_tree/lib:/workstation/nav2_ws/install/nav2_util/lib:/workstation/nav2_ws/install/nav2_voxel_grid/lib:/workstation/nav2_ws/install/nav2_msgs/lib:${LD_LIBRARY_PATH} PYTHONPATH=/workstation/nav2_ws/install/nav2_msgs/local/lib/python3.10/dist-packages:/workstation/nav2_ws/install/nav2_common/local/lib/python3.10/dist-packages:${PYTHONPATH} /usr/bin/cmake /workstation/nav2_ws/src/navigation2/nav2_behaviors -DCMAKE_INSTALL_PREFIX=/workstation/nav2_ws/install/nav2_behaviors
[11.684s] Invoking command in '/workstation/nav2_ws/build/nav2_behaviors': AMENT_PREFIX_PATH=/workstation/nav2_ws/install/nav2_core:/workstation/nav2_ws/install/nav2_costmap_2d:/workstation/nav2_ws/install/nav2_map_server:/workstation/nav2_ws/install/nav2_lifecycle_manager:/workstation/nav2_ws/install/nav2_behavior_tree:/workstation/nav2_ws/install/nav2_util:/workstation/nav2_ws/install/nav2_voxel_grid:/workstation/nav2_ws/install/nav2_msgs:/workstation/nav2_ws/install/nav2_common:${AMENT_PREFIX_PATH} CMAKE_PREFIX_PATH=/workstation/nav2_ws/install/nav2_core:/workstation/nav2_ws/install/nav2_costmap_2d:/workstation/nav2_ws/install/nav2_map_server:/workstation/nav2_ws/install/nav2_lifecycle_manager:/workstation/nav2_ws/install/nav2_behavior_tree:/workstation/nav2_ws/install/nav2_util:/workstation/nav2_ws/install/nav2_voxel_grid:/workstation/nav2_ws/install/nav2_msgs:/workstation/nav2_ws/install/nav2_common:/opt/ros/humble LD_LIBRARY_PATH=/workstation/nav2_ws/install/nav2_costmap_2d/lib:/workstation/nav2_ws/install/nav2_map_server/lib:/workstation/nav2_ws/install/nav2_lifecycle_manager/lib:/workstation/nav2_ws/install/nav2_behavior_tree/lib:/workstation/nav2_ws/install/nav2_util/lib:/workstation/nav2_ws/install/nav2_voxel_grid/lib:/workstation/nav2_ws/install/nav2_msgs/lib:${LD_LIBRARY_PATH} PYTHONPATH=/workstation/nav2_ws/install/nav2_msgs/local/lib/python3.10/dist-packages:/workstation/nav2_ws/install/nav2_common/local/lib/python3.10/dist-packages:${PYTHONPATH} /usr/bin/cmake --build /workstation/nav2_ws/build/nav2_behaviors -- -j12 -l12
[77.315s] [  5%] [32mBuilding CXX object CMakeFiles/nav2_spin_behavior.dir/plugins/spin.cpp.o[0m
[77.316s] [ 10%] [32m[1mLinking CXX shared library libnav2_spin_behavior.so[0m
[77.316s] [ 10%] Built target nav2_spin_behavior
[77.316s] [ 15%] [32mBuilding CXX object gtest/CMakeFiles/gtest.dir/src/gtest-all.cc.o[0m
[77.316s] [ 20%] [32m[1mLinking CXX static library libgtest.a[0m
[77.316s] [ 20%] Built target gtest
[77.317s] [ 25%] [32mBuilding CXX object gtest/CMakeFiles/gtest_main.dir/src/gtest_main.cc.o[0m
[77.317s] [ 30%] [32m[1mLinking CXX static library libgtest_main.a[0m
[77.317s] [ 30%] Built target gtest_main
[77.317s] [ 35%] [32mBuilding CXX object CMakeFiles/behavior_server_core.dir/src/behavior_server.cpp.o[0m
[77.931s] [ 40%] [32m[1mLinking CXX shared library libbehavior_server_core.so[0m
[78.718s] [ 40%] Built target behavior_server_core
[78.750s] [ 45%] [32mBuilding CXX object test/CMakeFiles/test_behaviors.dir/test_behaviors.cpp.o[0m
[100.785s] [ 50%] [32m[1mLinking CXX executable test_behaviors[0m
[101.768s] [ 50%] Built target test_behaviors
[101.811s] [ 55%] [32mBuilding CXX object CMakeFiles/behavior_server.dir/src/main.cpp.o[0m
[110.147s] [ 60%] [32m[1mLinking CXX executable behavior_server[0m
[110.789s] [ 60%] Built target behavior_server
[110.829s] [ 65%] [32mBuilding CXX object CMakeFiles/nav2_assisted_teleop_behavior.dir/plugins/assisted_teleop.cpp.o[0m
[142.943s] [ 70%] [32m[1mLinking CXX shared library libnav2_assisted_teleop_behavior.so[0m
[143.865s] [ 70%] Built target nav2_assisted_teleop_behavior
[143.914s] [ 75%] [32mBuilding CXX object CMakeFiles/nav2_back_up_behavior.dir/plugins/back_up.cpp.o[0m
[160.843s] [ 80%] [32m[1mLinking CXX shared library libnav2_back_up_behavior.so[0m
[161.699s] [ 80%] Built target nav2_back_up_behavior
[161.732s] [ 85%] [32mBuilding CXX object CMakeFiles/nav2_drive_on_heading_behavior.dir/plugins/drive_on_heading.cpp.o[0m
[178.933s] [ 90%] [32m[1mLinking CXX shared library libnav2_drive_on_heading_behavior.so[0m
[180.010s] [ 90%] Built target nav2_drive_on_heading_behavior
[180.106s] [ 95%] [32mBuilding CXX object CMakeFiles/nav2_wait_behavior.dir/plugins/wait.cpp.o[0m
[209.701s] [100%] [32m[1mLinking CXX shared library libnav2_wait_behavior.so[0m
[210.247s] [100%] Built target nav2_wait_behavior
[210.265s] Invoked command in '/workstation/nav2_ws/build/nav2_behaviors' returned '0': AMENT_PREFIX_PATH=/workstation/nav2_ws/install/nav2_core:/workstation/nav2_ws/install/nav2_costmap_2d:/workstation/nav2_ws/install/nav2_map_server:/workstation/nav2_ws/install/nav2_lifecycle_manager:/workstation/nav2_ws/install/nav2_behavior_tree:/workstation/nav2_ws/install/nav2_util:/workstation/nav2_ws/install/nav2_voxel_grid:/workstation/nav2_ws/install/nav2_msgs:/workstation/nav2_ws/install/nav2_common:${AMENT_PREFIX_PATH} CMAKE_PREFIX_PATH=/workstation/nav2_ws/install/nav2_core:/workstation/nav2_ws/install/nav2_costmap_2d:/workstation/nav2_ws/install/nav2_map_server:/workstation/nav2_ws/install/nav2_lifecycle_manager:/workstation/nav2_ws/install/nav2_behavior_tree:/workstation/nav2_ws/install/nav2_util:/workstation/nav2_ws/install/nav2_voxel_grid:/workstation/nav2_ws/install/nav2_msgs:/workstation/nav2_ws/install/nav2_common:/opt/ros/humble LD_LIBRARY_PATH=/workstation/nav2_ws/install/nav2_costmap_2d/lib:/workstation/nav2_ws/install/nav2_map_server/lib:/workstation/nav2_ws/install/nav2_lifecycle_manager/lib:/workstation/nav2_ws/install/nav2_behavior_tree/lib:/workstation/nav2_ws/install/nav2_util/lib:/workstation/nav2_ws/install/nav2_voxel_grid/lib:/workstation/nav2_ws/install/nav2_msgs/lib:${LD_LIBRARY_PATH} PYTHONPATH=/workstation/nav2_ws/install/nav2_msgs/local/lib/python3.10/dist-packages:/workstation/nav2_ws/install/nav2_common/local/lib/python3.10/dist-packages:${PYTHONPATH} /usr/bin/cmake --build /workstation/nav2_ws/build/nav2_behaviors -- -j12 -l12
[210.337s] Invoking command in '/workstation/nav2_ws/build/nav2_behaviors': AMENT_PREFIX_PATH=/workstation/nav2_ws/install/nav2_core:/workstation/nav2_ws/install/nav2_costmap_2d:/workstation/nav2_ws/install/nav2_map_server:/workstation/nav2_ws/install/nav2_lifecycle_manager:/workstation/nav2_ws/install/nav2_behavior_tree:/workstation/nav2_ws/install/nav2_util:/workstation/nav2_ws/install/nav2_voxel_grid:/workstation/nav2_ws/install/nav2_msgs:/workstation/nav2_ws/install/nav2_common:${AMENT_PREFIX_PATH} CMAKE_PREFIX_PATH=/workstation/nav2_ws/install/nav2_core:/workstation/nav2_ws/install/nav2_costmap_2d:/workstation/nav2_ws/install/nav2_map_server:/workstation/nav2_ws/install/nav2_lifecycle_manager:/workstation/nav2_ws/install/nav2_behavior_tree:/workstation/nav2_ws/install/nav2_util:/workstation/nav2_ws/install/nav2_voxel_grid:/workstation/nav2_ws/install/nav2_msgs:/workstation/nav2_ws/install/nav2_common:/opt/ros/humble LD_LIBRARY_PATH=/workstation/nav2_ws/install/nav2_costmap_2d/lib:/workstation/nav2_ws/install/nav2_map_server/lib:/workstation/nav2_ws/install/nav2_lifecycle_manager/lib:/workstation/nav2_ws/install/nav2_behavior_tree/lib:/workstation/nav2_ws/install/nav2_util/lib:/workstation/nav2_ws/install/nav2_voxel_grid/lib:/workstation/nav2_ws/install/nav2_msgs/lib:${LD_LIBRARY_PATH} PYTHONPATH=/workstation/nav2_ws/install/nav2_msgs/local/lib/python3.10/dist-packages:/workstation/nav2_ws/install/nav2_common/local/lib/python3.10/dist-packages:${PYTHONPATH} /usr/bin/cmake --install /workstation/nav2_ws/build/nav2_behaviors
[210.350s] -- Install configuration: "Release"
[210.351s] -- Installing: /workstation/nav2_ws/install/nav2_behaviors/share/nav2_behaviors/behavior_plugin.xml
[210.351s] -- Installing: /workstation/nav2_ws/install/nav2_behaviors/lib/libbehavior_server_core.so
[210.353s] -- Set runtime path of "/workstation/nav2_ws/install/nav2_behaviors/lib/libbehavior_server_core.so" to ""
[210.354s] -- Installing: /workstation/nav2_ws/install/nav2_behaviors/lib/libnav2_spin_behavior.so
[210.354s] -- Set runtime path of "/workstation/nav2_ws/install/nav2_behaviors/lib/libnav2_spin_behavior.so" to ""
[210.356s] -- Installing: /workstation/nav2_ws/install/nav2_behaviors/lib/libnav2_wait_behavior.so
[210.356s] -- Set runtime path of "/workstation/nav2_ws/install/nav2_behaviors/lib/libnav2_wait_behavior.so" to ""
[210.357s] -- Installing: /workstation/nav2_ws/install/nav2_behaviors/lib/libnav2_assisted_teleop_behavior.so
[210.361s] -- Set runtime path of "/workstation/nav2_ws/install/nav2_behaviors/lib/libnav2_assisted_teleop_behavior.so" to ""
[210.362s] -- Installing: /workstation/nav2_ws/install/nav2_behaviors/lib/libnav2_drive_on_heading_behavior.so
[210.365s] -- Set runtime path of "/workstation/nav2_ws/install/nav2_behaviors/lib/libnav2_drive_on_heading_behavior.so" to ""
[210.365s] -- Installing: /workstation/nav2_ws/install/nav2_behaviors/lib/libnav2_back_up_behavior.so
[210.366s] -- Set runtime path of "/workstation/nav2_ws/install/nav2_behaviors/lib/libnav2_back_up_behavior.so" to ""
[210.366s] -- Installing: /workstation/nav2_ws/install/nav2_behaviors/lib/nav2_behaviors/behavior_server
[210.367s] -- Set runtime path of "/workstation/nav2_ws/install/nav2_behaviors/lib/nav2_behaviors/behavior_server" to ""
[210.367s] -- Installing: /workstation/nav2_ws/install/nav2_behaviors/include/
[210.367s] -- Installing: /workstation/nav2_ws/install/nav2_behaviors/include//nav2_behaviors
[210.368s] -- Installing: /workstation/nav2_ws/install/nav2_behaviors/include//nav2_behaviors/plugins
[210.368s] -- Installing: /workstation/nav2_ws/install/nav2_behaviors/include//nav2_behaviors/plugins/drive_on_heading.hpp
[210.368s] -- Installing: /workstation/nav2_ws/install/nav2_behaviors/include//nav2_behaviors/plugins/back_up.hpp
[210.368s] -- Installing: /workstation/nav2_ws/install/nav2_behaviors/include//nav2_behaviors/plugins/wait.hpp
[210.369s] -- Installing: /workstation/nav2_ws/install/nav2_behaviors/include//nav2_behaviors/plugins/spin.hpp
[210.369s] -- Installing: /workstation/nav2_ws/install/nav2_behaviors/include//nav2_behaviors/plugins/assisted_teleop.hpp
[210.369s] -- Installing: /workstation/nav2_ws/install/nav2_behaviors/include//nav2_behaviors/behavior_server.hpp
[210.370s] -- Installing: /workstation/nav2_ws/install/nav2_behaviors/include//nav2_behaviors/timed_behavior.hpp
[210.370s] -- Up-to-date: /workstation/nav2_ws/install/nav2_behaviors/share/nav2_behaviors/behavior_plugin.xml
[210.370s] -- Installing: /workstation/nav2_ws/install/nav2_behaviors/share/nav2_behaviors/plugins/
[210.371s] -- Installing: /workstation/nav2_ws/install/nav2_behaviors/share/nav2_behaviors/plugins//drive_on_heading.cpp
[210.371s] -- Installing: /workstation/nav2_ws/install/nav2_behaviors/share/nav2_behaviors/plugins//back_up.cpp
[210.372s] -- Installing: /workstation/nav2_ws/install/nav2_behaviors/share/nav2_behaviors/plugins//spin.cpp
[210.372s] -- Installing: /workstation/nav2_ws/install/nav2_behaviors/share/nav2_behaviors/plugins//wait.cpp
[210.373s] -- Installing: /workstation/nav2_ws/install/nav2_behaviors/share/nav2_behaviors/plugins//assisted_teleop.cpp
[210.374s] -- Installing: /workstation/nav2_ws/install/nav2_behaviors/share/nav2_behaviors/environment/library_path.sh
[210.374s] -- Installing: /workstation/nav2_ws/install/nav2_behaviors/share/nav2_behaviors/environment/library_path.dsv
[210.381s] -- Installing: /workstation/nav2_ws/install/nav2_behaviors/share/ament_index/resource_index/package_run_dependencies/nav2_behaviors
[210.381s] -- Installing: /workstation/nav2_ws/install/nav2_behaviors/share/ament_index/resource_index/parent_prefix_path/nav2_behaviors
[210.381s] -- Installing: /workstation/nav2_ws/install/nav2_behaviors/share/nav2_behaviors/environment/ament_prefix_path.sh
[210.381s] -- Installing: /workstation/nav2_ws/install/nav2_behaviors/share/nav2_behaviors/environment/ament_prefix_path.dsv
[210.381s] -- Installing: /workstation/nav2_ws/install/nav2_behaviors/share/nav2_behaviors/environment/path.sh
[210.381s] -- Installing: /workstation/nav2_ws/install/nav2_behaviors/share/nav2_behaviors/environment/path.dsv
[210.382s] -- Installing: /workstation/nav2_ws/install/nav2_behaviors/share/nav2_behaviors/local_setup.bash
[210.382s] -- Installing: /workstation/nav2_ws/install/nav2_behaviors/share/nav2_behaviors/local_setup.sh
[210.382s] -- Installing: /workstation/nav2_ws/install/nav2_behaviors/share/nav2_behaviors/local_setup.zsh
[210.382s] -- Installing: /workstation/nav2_ws/install/nav2_behaviors/share/nav2_behaviors/local_setup.dsv
[210.382s] -- Installing: /workstation/nav2_ws/install/nav2_behaviors/share/nav2_behaviors/package.dsv
[210.382s] -- Installing: /workstation/nav2_ws/install/nav2_behaviors/share/ament_index/resource_index/packages/nav2_behaviors
[210.383s] -- Installing: /workstation/nav2_ws/install/nav2_behaviors/share/ament_index/resource_index/nav2_core__pluginlib__plugin/nav2_behaviors
[210.383s] -- Installing: /workstation/nav2_ws/install/nav2_behaviors/share/ament_index/resource_index/rclcpp_components/nav2_behaviors
[210.383s] -- Installing: /workstation/nav2_ws/install/nav2_behaviors/share/nav2_behaviors/cmake/ament_cmake_export_include_directories-extras.cmake
[210.383s] -- Installing: /workstation/nav2_ws/install/nav2_behaviors/share/nav2_behaviors/cmake/ament_cmake_export_libraries-extras.cmake
[210.383s] -- Installing: /workstation/nav2_ws/install/nav2_behaviors/share/nav2_behaviors/cmake/ament_cmake_export_dependencies-extras.cmake
[210.383s] -- Installing: /workstation/nav2_ws/install/nav2_behaviors/share/nav2_behaviors/cmake/nav2_behaviorsConfig.cmake
[210.384s] -- Installing: /workstation/nav2_ws/install/nav2_behaviors/share/nav2_behaviors/cmake/nav2_behaviorsConfig-version.cmake
[210.384s] -- Installing: /workstation/nav2_ws/install/nav2_behaviors/share/nav2_behaviors/package.xml
[210.396s] Invoked command in '/workstation/nav2_ws/build/nav2_behaviors' returned '0': AMENT_PREFIX_PATH=/workstation/nav2_ws/install/nav2_core:/workstation/nav2_ws/install/nav2_costmap_2d:/workstation/nav2_ws/install/nav2_map_server:/workstation/nav2_ws/install/nav2_lifecycle_manager:/workstation/nav2_ws/install/nav2_behavior_tree:/workstation/nav2_ws/install/nav2_util:/workstation/nav2_ws/install/nav2_voxel_grid:/workstation/nav2_ws/install/nav2_msgs:/workstation/nav2_ws/install/nav2_common:${AMENT_PREFIX_PATH} CMAKE_PREFIX_PATH=/workstation/nav2_ws/install/nav2_core:/workstation/nav2_ws/install/nav2_costmap_2d:/workstation/nav2_ws/install/nav2_map_server:/workstation/nav2_ws/install/nav2_lifecycle_manager:/workstation/nav2_ws/install/nav2_behavior_tree:/workstation/nav2_ws/install/nav2_util:/workstation/nav2_ws/install/nav2_voxel_grid:/workstation/nav2_ws/install/nav2_msgs:/workstation/nav2_ws/install/nav2_common:/opt/ros/humble LD_LIBRARY_PATH=/workstation/nav2_ws/install/nav2_costmap_2d/lib:/workstation/nav2_ws/install/nav2_map_server/lib:/workstation/nav2_ws/install/nav2_lifecycle_manager/lib:/workstation/nav2_ws/install/nav2_behavior_tree/lib:/workstation/nav2_ws/install/nav2_util/lib:/workstation/nav2_ws/install/nav2_voxel_grid/lib:/workstation/nav2_ws/install/nav2_msgs/lib:${LD_LIBRARY_PATH} PYTHONPATH=/workstation/nav2_ws/install/nav2_msgs/local/lib/python3.10/dist-packages:/workstation/nav2_ws/install/nav2_common/local/lib/python3.10/dist-packages:${PYTHONPATH} /usr/bin/cmake --install /workstation/nav2_ws/build/nav2_behaviors
