[0.083s] Invoking command in '/workstation/nav2_ws/build/nav2_graceful_controller': AMENT_PREFIX_PATH=/workstation/nav2_ws/install/nav2_controller:/workstation/nav2_ws/install/nav2_core:/workstation/nav2_ws/install/nav2_costmap_2d:/workstation/nav2_ws/install/nav_2d_utils:/workstation/nav2_ws/install/nav2_map_server:/workstation/nav2_ws/install/nav2_lifecycle_manager:/workstation/nav2_ws/install/nav2_util:/workstation/nav2_ws/install/nav2_voxel_grid:/workstation/nav2_ws/install/nav2_msgs:/workstation/nav2_ws/install/nav_2d_msgs:/workstation/nav2_ws/install/nav2_common:${AMENT_PREFIX_PATH} CMAKE_PREFIX_PATH=/workstation/nav2_ws/install/nav2_controller:/workstation/nav2_ws/install/nav2_core:/workstation/nav2_ws/install/nav2_costmap_2d:/workstation/nav2_ws/install/nav_2d_utils:/workstation/nav2_ws/install/nav2_map_server:/workstation/nav2_ws/install/nav2_lifecycle_manager:/workstation/nav2_ws/install/nav2_util:/workstation/nav2_ws/install/nav2_voxel_grid:/workstation/nav2_ws/install/nav2_msgs:/workstation/nav2_ws/install/nav_2d_msgs:/workstation/nav2_ws/install/nav2_common:/opt/ros/humble LD_LIBRARY_PATH=/workstation/nav2_ws/install/nav2_controller/lib:/workstation/nav2_ws/install/nav2_costmap_2d/lib:/workstation/nav2_ws/install/nav_2d_utils/lib:/workstation/nav2_ws/install/nav2_map_server/lib:/workstation/nav2_ws/install/nav2_lifecycle_manager/lib:/workstation/nav2_ws/install/nav2_util/lib:/workstation/nav2_ws/install/nav2_voxel_grid/lib:/workstation/nav2_ws/install/nav2_msgs/lib:/workstation/nav2_ws/install/nav_2d_msgs/lib:${LD_LIBRARY_PATH} PYTHONPATH=/workstation/nav2_ws/install/nav2_msgs/local/lib/python3.10/dist-packages:/workstation/nav2_ws/install/nav_2d_msgs/local/lib/python3.10/dist-packages:/workstation/nav2_ws/install/nav2_common/local/lib/python3.10/dist-packages:${PYTHONPATH} /usr/bin/cmake /workstation/nav2_ws/src/navigation2/nav2_graceful_controller -DCMAKE_INSTALL_PREFIX=/workstation/nav2_ws/install/nav2_graceful_controller
[4.912s] -- The C compiler identification is GNU 11.4.0
[4.913s] -- The CXX compiler identification is GNU 11.4.0
[4.913s] -- Detecting C compiler ABI info
[4.913s] -- Detecting C compiler ABI info - done
[4.913s] -- Check for working C compiler: /usr/bin/cc - skipped
[4.914s] -- Detecting C compile features
[4.914s] -- Detecting C compile features - done
[4.914s] -- Detecting CXX compiler ABI info
[4.914s] -- Detecting CXX compiler ABI info - done
[4.914s] -- Check for working CXX compiler: /usr/bin/c++ - skipped
[4.914s] -- Detecting CXX compile features
[4.914s] -- Detecting CXX compile features - done
[4.914s] -- Found ament_cmake: 1.3.10 (/opt/ros/humble/share/ament_cmake/cmake)
[4.915s] -- Found Python3: /usr/bin/python3 (found version "3.10.12") found components: Interpreter 
[4.915s] -- Found nav2_common: 1.1.16 (/workstation/nav2_ws/install/nav2_common/share/nav2_common/cmake)
[4.915s] -- Found nav2_core: 1.1.16 (/workstation/nav2_ws/install/nav2_core/share/nav2_core/cmake)
[4.915s] -- Found rosidl_generator_c: 3.1.5 (/opt/ros/humble/share/rosidl_generator_c/cmake)
[4.915s] -- Found rosidl_adapter: 3.1.5 (/opt/ros/humble/share/rosidl_adapter/cmake)
[4.915s] -- Found rosidl_generator_cpp: 3.1.5 (/opt/ros/humble/share/rosidl_generator_cpp/cmake)
[4.915s] -- Using all available rosidl_typesupport_c: rosidl_typesupport_fastrtps_c;rosidl_typesupport_introspection_c
[4.915s] -- Using all available rosidl_typesupport_cpp: rosidl_typesupport_fastrtps_cpp;rosidl_typesupport_introspection_cpp
[4.916s] -- Found rmw_implementation_cmake: 6.1.2 (/opt/ros/humble/share/rmw_implementation_cmake/cmake)
[4.916s] -- Found rmw_fastrtps_cpp: 6.2.7 (/opt/ros/humble/share/rmw_fastrtps_cpp/cmake)
[4.916s] -- Found OpenSSL: /usr/lib/x86_64-linux-gnu/libcrypto.so (found version "3.0.2")  
[4.916s] -- Found FastRTPS: /opt/ros/humble/include  
[4.916s] -- Using RMW implementation 'rmw_fastrtps_cpp' as default
[4.916s] -- Looking for pthread.h
[4.916s] -- Looking for pthread.h - found
[4.916s] -- Performing Test CMAKE_HAVE_LIBC_PTHREAD
[4.916s] -- Performing Test CMAKE_HAVE_LIBC_PTHREAD - Success
[4.917s] -- Found Threads: TRUE  
[4.917s] -- Found Eigen3: TRUE (found version "3.4.0") 
[4.917s] -- Ensuring Eigen3 include directory is part of orocos-kdl CMake target
[4.917s] -- Found nav_2d_utils: 1.1.16 (/workstation/nav2_ws/install/nav_2d_utils/share/nav_2d_utils/cmake)
[4.921s] -- Setting build type to Release as none was specified.
[4.921s] -- Found ament_lint_auto: 0.12.11 (/opt/ros/humble/share/ament_lint_auto/cmake)
[4.921s] -- Found gtest sources under '/opt/ros/humble/src/gtest_vendor': C++ tests using 'Google Test' will be built
[5.306s] -- Added test 'cppcheck' to perform static code analysis on C / C++ code
[5.308s] -- Configured cppcheck include dirs: /workstation/nav2_ws/src/navigation2/nav2_graceful_controller/include
[5.308s] -- Configured cppcheck exclude dirs and/or files: 
[5.310s] -- Added test 'cpplint' to check C / C++ code against the Google style
[5.310s] -- Configured cpplint exclude dirs and/or files: 
[5.312s] -- Added test 'lint_cmake' to check CMake code style
[5.320s] -- Added test 'uncrustify' to check C / C++ code style
[5.320s] -- Configured uncrustify additional arguments: 
[5.320s] -- Added test 'xmllint' to check XML markup files
[5.325s] -- Configuring done
[5.780s] -- Generating done
[5.787s] -- Build files have been written to: /workstation/nav2_ws/build/nav2_graceful_controller
[5.825s] Invoked command in '/workstation/nav2_ws/build/nav2_graceful_controller' returned '0': AMENT_PREFIX_PATH=/workstation/nav2_ws/install/nav2_controller:/workstation/nav2_ws/install/nav2_core:/workstation/nav2_ws/install/nav2_costmap_2d:/workstation/nav2_ws/install/nav_2d_utils:/workstation/nav2_ws/install/nav2_map_server:/workstation/nav2_ws/install/nav2_lifecycle_manager:/workstation/nav2_ws/install/nav2_util:/workstation/nav2_ws/install/nav2_voxel_grid:/workstation/nav2_ws/install/nav2_msgs:/workstation/nav2_ws/install/nav_2d_msgs:/workstation/nav2_ws/install/nav2_common:${AMENT_PREFIX_PATH} CMAKE_PREFIX_PATH=/workstation/nav2_ws/install/nav2_controller:/workstation/nav2_ws/install/nav2_core:/workstation/nav2_ws/install/nav2_costmap_2d:/workstation/nav2_ws/install/nav_2d_utils:/workstation/nav2_ws/install/nav2_map_server:/workstation/nav2_ws/install/nav2_lifecycle_manager:/workstation/nav2_ws/install/nav2_util:/workstation/nav2_ws/install/nav2_voxel_grid:/workstation/nav2_ws/install/nav2_msgs:/workstation/nav2_ws/install/nav_2d_msgs:/workstation/nav2_ws/install/nav2_common:/opt/ros/humble LD_LIBRARY_PATH=/workstation/nav2_ws/install/nav2_controller/lib:/workstation/nav2_ws/install/nav2_costmap_2d/lib:/workstation/nav2_ws/install/nav_2d_utils/lib:/workstation/nav2_ws/install/nav2_map_server/lib:/workstation/nav2_ws/install/nav2_lifecycle_manager/lib:/workstation/nav2_ws/install/nav2_util/lib:/workstation/nav2_ws/install/nav2_voxel_grid/lib:/workstation/nav2_ws/install/nav2_msgs/lib:/workstation/nav2_ws/install/nav_2d_msgs/lib:${LD_LIBRARY_PATH} PYTHONPATH=/workstation/nav2_ws/install/nav2_msgs/local/lib/python3.10/dist-packages:/workstation/nav2_ws/install/nav_2d_msgs/local/lib/python3.10/dist-packages:/workstation/nav2_ws/install/nav2_common/local/lib/python3.10/dist-packages:${PYTHONPATH} /usr/bin/cmake /workstation/nav2_ws/src/navigation2/nav2_graceful_controller -DCMAKE_INSTALL_PREFIX=/workstation/nav2_ws/install/nav2_graceful_controller
[5.832s] Invoking command in '/workstation/nav2_ws/build/nav2_graceful_controller': AMENT_PREFIX_PATH=/workstation/nav2_ws/install/nav2_controller:/workstation/nav2_ws/install/nav2_core:/workstation/nav2_ws/install/nav2_costmap_2d:/workstation/nav2_ws/install/nav_2d_utils:/workstation/nav2_ws/install/nav2_map_server:/workstation/nav2_ws/install/nav2_lifecycle_manager:/workstation/nav2_ws/install/nav2_util:/workstation/nav2_ws/install/nav2_voxel_grid:/workstation/nav2_ws/install/nav2_msgs:/workstation/nav2_ws/install/nav_2d_msgs:/workstation/nav2_ws/install/nav2_common:${AMENT_PREFIX_PATH} CMAKE_PREFIX_PATH=/workstation/nav2_ws/install/nav2_controller:/workstation/nav2_ws/install/nav2_core:/workstation/nav2_ws/install/nav2_costmap_2d:/workstation/nav2_ws/install/nav_2d_utils:/workstation/nav2_ws/install/nav2_map_server:/workstation/nav2_ws/install/nav2_lifecycle_manager:/workstation/nav2_ws/install/nav2_util:/workstation/nav2_ws/install/nav2_voxel_grid:/workstation/nav2_ws/install/nav2_msgs:/workstation/nav2_ws/install/nav_2d_msgs:/workstation/nav2_ws/install/nav2_common:/opt/ros/humble LD_LIBRARY_PATH=/workstation/nav2_ws/install/nav2_controller/lib:/workstation/nav2_ws/install/nav2_costmap_2d/lib:/workstation/nav2_ws/install/nav_2d_utils/lib:/workstation/nav2_ws/install/nav2_map_server/lib:/workstation/nav2_ws/install/nav2_lifecycle_manager/lib:/workstation/nav2_ws/install/nav2_util/lib:/workstation/nav2_ws/install/nav2_voxel_grid/lib:/workstation/nav2_ws/install/nav2_msgs/lib:/workstation/nav2_ws/install/nav_2d_msgs/lib:${LD_LIBRARY_PATH} PYTHONPATH=/workstation/nav2_ws/install/nav2_msgs/local/lib/python3.10/dist-packages:/workstation/nav2_ws/install/nav_2d_msgs/local/lib/python3.10/dist-packages:/workstation/nav2_ws/install/nav2_common/local/lib/python3.10/dist-packages:${PYTHONPATH} /usr/bin/cmake --build /workstation/nav2_ws/build/nav2_graceful_controller -- -j12 -l12
[25.237s] [  6%] [32mBuilding CXX object CMakeFiles/smooth_control_law.dir/src/smooth_control_law.cpp.o[0m
[25.238s] [ 13%] [32m[1mLinking CXX shared library libsmooth_control_law.so[0m
[47.562s] [ 13%] Built target smooth_control_law
[47.586s] [ 20%] [32mBuilding CXX object gtest/CMakeFiles/gtest.dir/src/gtest-all.cc.o[0m
[60.875s] [ 26%] [32m[1mLinking CXX static library libgtest.a[0m
[60.977s] [ 26%] Built target gtest
[61.037s] [ 33%] [32mBuilding CXX object CMakeFiles/nav2_graceful_controller.dir/src/graceful_controller.cpp.o[0m
[76.363s] [ 40%] [32mBuilding CXX object CMakeFiles/nav2_graceful_controller.dir/src/path_handler.cpp.o[0m
[76.367s] [ 46%] [32mBuilding CXX object CMakeFiles/nav2_graceful_controller.dir/src/utils.cpp.o[0m
[76.367s] [ 53%] [32mBuilding CXX object CMakeFiles/nav2_graceful_controller.dir/src/parameter_handler.cpp.o[0m
[85.730s] [ 60%] [32m[1mLinking CXX shared library libnav2_graceful_controller.so[0m
[86.162s] [ 60%] Built target nav2_graceful_controller
[86.189s] [ 66%] [32mBuilding CXX object gtest/CMakeFiles/gtest_main.dir/src/gtest_main.cc.o[0m
[87.371s] [ 73%] [32m[1mLinking CXX static library libgtest_main.a[0m
[87.409s] [ 73%] Built target gtest_main
[87.434s] [ 80%] [32mBuilding CXX object test/CMakeFiles/test_graceful_controller.dir/test_graceful_controller.cpp.o[0m
[99.023s] [ 86%] [32m[1mLinking CXX executable test_graceful_controller[0m
[99.604s] [ 86%] Built target test_graceful_controller
[99.629s] [ 93%] [32mBuilding CXX object test/CMakeFiles/test_egopolar.dir/test_egopolar.cpp.o[0m
[104.807s] [100%] [32m[1mLinking CXX executable test_egopolar[0m
[105.016s] [100%] Built target test_egopolar
[105.033s] Invoked command in '/workstation/nav2_ws/build/nav2_graceful_controller' returned '0': AMENT_PREFIX_PATH=/workstation/nav2_ws/install/nav2_controller:/workstation/nav2_ws/install/nav2_core:/workstation/nav2_ws/install/nav2_costmap_2d:/workstation/nav2_ws/install/nav_2d_utils:/workstation/nav2_ws/install/nav2_map_server:/workstation/nav2_ws/install/nav2_lifecycle_manager:/workstation/nav2_ws/install/nav2_util:/workstation/nav2_ws/install/nav2_voxel_grid:/workstation/nav2_ws/install/nav2_msgs:/workstation/nav2_ws/install/nav_2d_msgs:/workstation/nav2_ws/install/nav2_common:${AMENT_PREFIX_PATH} CMAKE_PREFIX_PATH=/workstation/nav2_ws/install/nav2_controller:/workstation/nav2_ws/install/nav2_core:/workstation/nav2_ws/install/nav2_costmap_2d:/workstation/nav2_ws/install/nav_2d_utils:/workstation/nav2_ws/install/nav2_map_server:/workstation/nav2_ws/install/nav2_lifecycle_manager:/workstation/nav2_ws/install/nav2_util:/workstation/nav2_ws/install/nav2_voxel_grid:/workstation/nav2_ws/install/nav2_msgs:/workstation/nav2_ws/install/nav_2d_msgs:/workstation/nav2_ws/install/nav2_common:/opt/ros/humble LD_LIBRARY_PATH=/workstation/nav2_ws/install/nav2_controller/lib:/workstation/nav2_ws/install/nav2_costmap_2d/lib:/workstation/nav2_ws/install/nav_2d_utils/lib:/workstation/nav2_ws/install/nav2_map_server/lib:/workstation/nav2_ws/install/nav2_lifecycle_manager/lib:/workstation/nav2_ws/install/nav2_util/lib:/workstation/nav2_ws/install/nav2_voxel_grid/lib:/workstation/nav2_ws/install/nav2_msgs/lib:/workstation/nav2_ws/install/nav_2d_msgs/lib:${LD_LIBRARY_PATH} PYTHONPATH=/workstation/nav2_ws/install/nav2_msgs/local/lib/python3.10/dist-packages:/workstation/nav2_ws/install/nav_2d_msgs/local/lib/python3.10/dist-packages:/workstation/nav2_ws/install/nav2_common/local/lib/python3.10/dist-packages:${PYTHONPATH} /usr/bin/cmake --build /workstation/nav2_ws/build/nav2_graceful_controller -- -j12 -l12
[105.081s] Invoking command in '/workstation/nav2_ws/build/nav2_graceful_controller': AMENT_PREFIX_PATH=/workstation/nav2_ws/install/nav2_controller:/workstation/nav2_ws/install/nav2_core:/workstation/nav2_ws/install/nav2_costmap_2d:/workstation/nav2_ws/install/nav_2d_utils:/workstation/nav2_ws/install/nav2_map_server:/workstation/nav2_ws/install/nav2_lifecycle_manager:/workstation/nav2_ws/install/nav2_util:/workstation/nav2_ws/install/nav2_voxel_grid:/workstation/nav2_ws/install/nav2_msgs:/workstation/nav2_ws/install/nav_2d_msgs:/workstation/nav2_ws/install/nav2_common:${AMENT_PREFIX_PATH} CMAKE_PREFIX_PATH=/workstation/nav2_ws/install/nav2_controller:/workstation/nav2_ws/install/nav2_core:/workstation/nav2_ws/install/nav2_costmap_2d:/workstation/nav2_ws/install/nav_2d_utils:/workstation/nav2_ws/install/nav2_map_server:/workstation/nav2_ws/install/nav2_lifecycle_manager:/workstation/nav2_ws/install/nav2_util:/workstation/nav2_ws/install/nav2_voxel_grid:/workstation/nav2_ws/install/nav2_msgs:/workstation/nav2_ws/install/nav_2d_msgs:/workstation/nav2_ws/install/nav2_common:/opt/ros/humble LD_LIBRARY_PATH=/workstation/nav2_ws/install/nav2_controller/lib:/workstation/nav2_ws/install/nav2_costmap_2d/lib:/workstation/nav2_ws/install/nav_2d_utils/lib:/workstation/nav2_ws/install/nav2_map_server/lib:/workstation/nav2_ws/install/nav2_lifecycle_manager/lib:/workstation/nav2_ws/install/nav2_util/lib:/workstation/nav2_ws/install/nav2_voxel_grid/lib:/workstation/nav2_ws/install/nav2_msgs/lib:/workstation/nav2_ws/install/nav_2d_msgs/lib:${LD_LIBRARY_PATH} PYTHONPATH=/workstation/nav2_ws/install/nav2_msgs/local/lib/python3.10/dist-packages:/workstation/nav2_ws/install/nav_2d_msgs/local/lib/python3.10/dist-packages:/workstation/nav2_ws/install/nav2_common/local/lib/python3.10/dist-packages:${PYTHONPATH} /usr/bin/cmake --install /workstation/nav2_ws/build/nav2_graceful_controller
[105.092s] -- Install configuration: "Release"
[105.092s] -- Installing: /workstation/nav2_ws/install/nav2_graceful_controller/lib/libsmooth_control_law.so
[105.092s] -- Set runtime path of "/workstation/nav2_ws/install/nav2_graceful_controller/lib/libsmooth_control_law.so" to ""
[105.092s] -- Installing: /workstation/nav2_ws/install/nav2_graceful_controller/lib/libnav2_graceful_controller.so
[105.093s] -- Set runtime path of "/workstation/nav2_ws/install/nav2_graceful_controller/lib/libnav2_graceful_controller.so" to ""
[105.093s] -- Installing: /workstation/nav2_ws/install/nav2_graceful_controller/include/
[105.094s] -- Installing: /workstation/nav2_ws/install/nav2_graceful_controller/include//nav2_graceful_controller
[105.094s] -- Installing: /workstation/nav2_ws/install/nav2_graceful_controller/include//nav2_graceful_controller/utils.hpp
[105.094s] -- Installing: /workstation/nav2_ws/install/nav2_graceful_controller/include//nav2_graceful_controller/graceful_controller.hpp
[105.094s] -- Installing: /workstation/nav2_ws/install/nav2_graceful_controller/include//nav2_graceful_controller/ego_polar_coords.hpp
[105.094s] -- Installing: /workstation/nav2_ws/install/nav2_graceful_controller/include//nav2_graceful_controller/smooth_control_law.hpp
[105.094s] -- Installing: /workstation/nav2_ws/install/nav2_graceful_controller/include//nav2_graceful_controller/parameter_handler.hpp
[105.094s] -- Installing: /workstation/nav2_ws/install/nav2_graceful_controller/include//nav2_graceful_controller/path_handler.hpp
[105.095s] -- Installing: /workstation/nav2_ws/install/nav2_graceful_controller/share/nav2_graceful_controller/environment/library_path.sh
[105.095s] -- Installing: /workstation/nav2_ws/install/nav2_graceful_controller/share/nav2_graceful_controller/environment/library_path.dsv
[105.095s] -- Installing: /workstation/nav2_ws/install/nav2_graceful_controller/share/nav2_graceful_controller/graceful_controller_plugin.xml
[105.095s] -- Installing: /workstation/nav2_ws/install/nav2_graceful_controller/share/ament_index/resource_index/package_run_dependencies/nav2_graceful_controller
[105.095s] -- Installing: /workstation/nav2_ws/install/nav2_graceful_controller/share/ament_index/resource_index/parent_prefix_path/nav2_graceful_controller
[105.095s] -- Installing: /workstation/nav2_ws/install/nav2_graceful_controller/share/nav2_graceful_controller/environment/ament_prefix_path.sh
[105.096s] -- Installing: /workstation/nav2_ws/install/nav2_graceful_controller/share/nav2_graceful_controller/environment/ament_prefix_path.dsv
[105.096s] -- Installing: /workstation/nav2_ws/install/nav2_graceful_controller/share/nav2_graceful_controller/environment/path.sh
[105.096s] -- Installing: /workstation/nav2_ws/install/nav2_graceful_controller/share/nav2_graceful_controller/environment/path.dsv
[105.096s] -- Installing: /workstation/nav2_ws/install/nav2_graceful_controller/share/nav2_graceful_controller/local_setup.bash
[105.096s] -- Installing: /workstation/nav2_ws/install/nav2_graceful_controller/share/nav2_graceful_controller/local_setup.sh
[105.096s] -- Installing: /workstation/nav2_ws/install/nav2_graceful_controller/share/nav2_graceful_controller/local_setup.zsh
[105.097s] -- Installing: /workstation/nav2_ws/install/nav2_graceful_controller/share/nav2_graceful_controller/local_setup.dsv
[105.097s] -- Installing: /workstation/nav2_ws/install/nav2_graceful_controller/share/nav2_graceful_controller/package.dsv
[105.097s] -- Installing: /workstation/nav2_ws/install/nav2_graceful_controller/share/ament_index/resource_index/packages/nav2_graceful_controller
[105.097s] -- Installing: /workstation/nav2_ws/install/nav2_graceful_controller/share/ament_index/resource_index/nav2_core__pluginlib__plugin/nav2_graceful_controller
[105.097s] -- Installing: /workstation/nav2_ws/install/nav2_graceful_controller/share/nav2_graceful_controller/cmake/ament_cmake_export_include_directories-extras.cmake
[105.097s] -- Installing: /workstation/nav2_ws/install/nav2_graceful_controller/share/nav2_graceful_controller/cmake/ament_cmake_export_libraries-extras.cmake
[105.098s] -- Installing: /workstation/nav2_ws/install/nav2_graceful_controller/share/nav2_graceful_controller/cmake/ament_cmake_export_dependencies-extras.cmake
[105.098s] -- Installing: /workstation/nav2_ws/install/nav2_graceful_controller/share/nav2_graceful_controller/cmake/nav2_graceful_controllerConfig.cmake
[105.098s] -- Installing: /workstation/nav2_ws/install/nav2_graceful_controller/share/nav2_graceful_controller/cmake/nav2_graceful_controllerConfig-version.cmake
[105.098s] -- Installing: /workstation/nav2_ws/install/nav2_graceful_controller/share/nav2_graceful_controller/package.xml
[105.103s] Invoked command in '/workstation/nav2_ws/build/nav2_graceful_controller' returned '0': AMENT_PREFIX_PATH=/workstation/nav2_ws/install/nav2_controller:/workstation/nav2_ws/install/nav2_core:/workstation/nav2_ws/install/nav2_costmap_2d:/workstation/nav2_ws/install/nav_2d_utils:/workstation/nav2_ws/install/nav2_map_server:/workstation/nav2_ws/install/nav2_lifecycle_manager:/workstation/nav2_ws/install/nav2_util:/workstation/nav2_ws/install/nav2_voxel_grid:/workstation/nav2_ws/install/nav2_msgs:/workstation/nav2_ws/install/nav_2d_msgs:/workstation/nav2_ws/install/nav2_common:${AMENT_PREFIX_PATH} CMAKE_PREFIX_PATH=/workstation/nav2_ws/install/nav2_controller:/workstation/nav2_ws/install/nav2_core:/workstation/nav2_ws/install/nav2_costmap_2d:/workstation/nav2_ws/install/nav_2d_utils:/workstation/nav2_ws/install/nav2_map_server:/workstation/nav2_ws/install/nav2_lifecycle_manager:/workstation/nav2_ws/install/nav2_util:/workstation/nav2_ws/install/nav2_voxel_grid:/workstation/nav2_ws/install/nav2_msgs:/workstation/nav2_ws/install/nav_2d_msgs:/workstation/nav2_ws/install/nav2_common:/opt/ros/humble LD_LIBRARY_PATH=/workstation/nav2_ws/install/nav2_controller/lib:/workstation/nav2_ws/install/nav2_costmap_2d/lib:/workstation/nav2_ws/install/nav_2d_utils/lib:/workstation/nav2_ws/install/nav2_map_server/lib:/workstation/nav2_ws/install/nav2_lifecycle_manager/lib:/workstation/nav2_ws/install/nav2_util/lib:/workstation/nav2_ws/install/nav2_voxel_grid/lib:/workstation/nav2_ws/install/nav2_msgs/lib:/workstation/nav2_ws/install/nav_2d_msgs/lib:${LD_LIBRARY_PATH} PYTHONPATH=/workstation/nav2_ws/install/nav2_msgs/local/lib/python3.10/dist-packages:/workstation/nav2_ws/install/nav_2d_msgs/local/lib/python3.10/dist-packages:/workstation/nav2_ws/install/nav2_common/local/lib/python3.10/dist-packages:${PYTHONPATH} /usr/bin/cmake --install /workstation/nav2_ws/build/nav2_graceful_controller
