[0.040s] Invoking command in '/workstation/nav2_ws/build/nav2_amcl': AMENT_PREFIX_PATH=/workstation/nav2_ws/install/nav2_util:/workstation/nav2_ws/install/nav2_msgs:/workstation/nav2_ws/install/nav2_common:${AMENT_PREFIX_PATH} CMAKE_PREFIX_PATH=/workstation/nav2_ws/install/nav2_util:/workstation/nav2_ws/install/nav2_msgs:/workstation/nav2_ws/install/nav2_common:/opt/ros/humble LD_LIBRARY_PATH=/workstation/nav2_ws/install/nav2_util/lib:/workstation/nav2_ws/install/nav2_msgs/lib:${LD_LIBRARY_PATH} PYTHONPATH=/workstation/nav2_ws/install/nav2_msgs/local/lib/python3.10/dist-packages:/workstation/nav2_ws/install/nav2_common/local/lib/python3.10/dist-packages:${PYTHONPATH} /usr/bin/cmake --build /workstation/nav2_ws/build/nav2_amcl -- -j12 -l12
[0.159s] [ 29%] Built target pf_lib
[0.161s] [ 50%] Built target map_lib
[0.267s] [ 62%] Built target motions_lib
[0.269s] [ 83%] Built target sensors_lib
[0.376s] [ 91%] Built target amcl_core
[0.467s] [100%] Built target amcl
[0.489s] Invoked command in '/workstation/nav2_ws/build/nav2_amcl' returned '0': AMENT_PREFIX_PATH=/workstation/nav2_ws/install/nav2_util:/workstation/nav2_ws/install/nav2_msgs:/workstation/nav2_ws/install/nav2_common:${AMENT_PREFIX_PATH} CMAKE_PREFIX_PATH=/workstation/nav2_ws/install/nav2_util:/workstation/nav2_ws/install/nav2_msgs:/workstation/nav2_ws/install/nav2_common:/opt/ros/humble LD_LIBRARY_PATH=/workstation/nav2_ws/install/nav2_util/lib:/workstation/nav2_ws/install/nav2_msgs/lib:${LD_LIBRARY_PATH} PYTHONPATH=/workstation/nav2_ws/install/nav2_msgs/local/lib/python3.10/dist-packages:/workstation/nav2_ws/install/nav2_common/local/lib/python3.10/dist-packages:${PYTHONPATH} /usr/bin/cmake --build /workstation/nav2_ws/build/nav2_amcl -- -j12 -l12
[0.605s] Invoking command in '/workstation/nav2_ws/build/nav2_amcl': AMENT_PREFIX_PATH=/workstation/nav2_ws/install/nav2_util:/workstation/nav2_ws/install/nav2_msgs:/workstation/nav2_ws/install/nav2_common:${AMENT_PREFIX_PATH} CMAKE_PREFIX_PATH=/workstation/nav2_ws/install/nav2_util:/workstation/nav2_ws/install/nav2_msgs:/workstation/nav2_ws/install/nav2_common:/opt/ros/humble LD_LIBRARY_PATH=/workstation/nav2_ws/install/nav2_util/lib:/workstation/nav2_ws/install/nav2_msgs/lib:${LD_LIBRARY_PATH} PYTHONPATH=/workstation/nav2_ws/install/nav2_msgs/local/lib/python3.10/dist-packages:/workstation/nav2_ws/install/nav2_common/local/lib/python3.10/dist-packages:${PYTHONPATH} /usr/bin/cmake --install /workstation/nav2_ws/build/nav2_amcl
[0.622s] -- Install configuration: "Release"
[0.623s] -- Up-to-date: /workstation/nav2_ws/install/nav2_amcl/lib/libamcl_core.so
[0.625s] -- Up-to-date: /workstation/nav2_ws/install/nav2_amcl/lib/nav2_amcl/amcl
[0.626s] -- Up-to-date: /workstation/nav2_ws/install/nav2_amcl/include/
[0.632s] -- Up-to-date: /workstation/nav2_ws/install/nav2_amcl/include//nav2_amcl
[0.632s] -- Up-to-date: /workstation/nav2_ws/install/nav2_amcl/include//nav2_amcl/pf
[0.632s] -- Up-to-date: /workstation/nav2_ws/install/nav2_amcl/include//nav2_amcl/pf/eig3.hpp
[0.632s] -- Up-to-date: /workstation/nav2_ws/install/nav2_amcl/include//nav2_amcl/pf/pf_kdtree.hpp
[0.633s] -- Up-to-date: /workstation/nav2_ws/install/nav2_amcl/include//nav2_amcl/pf/pf_pdf.hpp
[0.633s] -- Up-to-date: /workstation/nav2_ws/install/nav2_amcl/include//nav2_amcl/pf/pf_vector.hpp
[0.633s] -- Up-to-date: /workstation/nav2_ws/install/nav2_amcl/include//nav2_amcl/pf/pf.hpp
[0.633s] -- Up-to-date: /workstation/nav2_ws/install/nav2_amcl/include//nav2_amcl/angleutils.hpp
[0.633s] -- Up-to-date: /workstation/nav2_ws/install/nav2_amcl/include//nav2_amcl/motion_model
[0.633s] -- Up-to-date: /workstation/nav2_ws/install/nav2_amcl/include//nav2_amcl/motion_model/motion_model.hpp
[0.633s] -- Up-to-date: /workstation/nav2_ws/install/nav2_amcl/include//nav2_amcl/motion_model/differential_motion_model.hpp
[0.633s] -- Up-to-date: /workstation/nav2_ws/install/nav2_amcl/include//nav2_amcl/motion_model/omni_motion_model.hpp
[0.633s] -- Up-to-date: /workstation/nav2_ws/install/nav2_amcl/include//nav2_amcl/amcl_node.hpp
[0.634s] -- Up-to-date: /workstation/nav2_ws/install/nav2_amcl/include//nav2_amcl/map
[0.635s] -- Up-to-date: /workstation/nav2_ws/install/nav2_amcl/include//nav2_amcl/map/map.hpp
[0.635s] -- Up-to-date: /workstation/nav2_ws/install/nav2_amcl/include//nav2_amcl/sensors
[0.635s] -- Up-to-date: /workstation/nav2_ws/install/nav2_amcl/include//nav2_amcl/sensors/laser
[0.635s] -- Up-to-date: /workstation/nav2_ws/install/nav2_amcl/include//nav2_amcl/sensors/laser/laser.hpp
[0.635s] -- Up-to-date: /workstation/nav2_ws/install/nav2_amcl/include//nav2_amcl/portable_utils.hpp
[0.635s] -- Up-to-date: /workstation/nav2_ws/install/nav2_amcl/share/nav2_amcl/environment/library_path.sh
[0.636s] -- Up-to-date: /workstation/nav2_ws/install/nav2_amcl/share/nav2_amcl/environment/library_path.dsv
[0.636s] -- Up-to-date: /workstation/nav2_ws/install/nav2_amcl/share/nav2_amcl/plugins.xml
[0.636s] -- Up-to-date: /workstation/nav2_ws/install/nav2_amcl/share/ament_index/resource_index/package_run_dependencies/nav2_amcl
[0.636s] -- Up-to-date: /workstation/nav2_ws/install/nav2_amcl/share/ament_index/resource_index/parent_prefix_path/nav2_amcl
[0.636s] -- Up-to-date: /workstation/nav2_ws/install/nav2_amcl/share/nav2_amcl/environment/ament_prefix_path.sh
[0.636s] -- Up-to-date: /workstation/nav2_ws/install/nav2_amcl/share/nav2_amcl/environment/ament_prefix_path.dsv
[0.636s] -- Up-to-date: /workstation/nav2_ws/install/nav2_amcl/share/nav2_amcl/environment/path.sh
[0.637s] -- Up-to-date: /workstation/nav2_ws/install/nav2_amcl/share/nav2_amcl/environment/path.dsv
[0.637s] -- Up-to-date: /workstation/nav2_ws/install/nav2_amcl/share/nav2_amcl/local_setup.bash
[0.637s] -- Up-to-date: /workstation/nav2_ws/install/nav2_amcl/share/nav2_amcl/local_setup.sh
[0.637s] -- Up-to-date: /workstation/nav2_ws/install/nav2_amcl/share/nav2_amcl/local_setup.zsh
[0.637s] -- Up-to-date: /workstation/nav2_ws/install/nav2_amcl/share/nav2_amcl/local_setup.dsv
[0.637s] -- Installing: /workstation/nav2_ws/install/nav2_amcl/share/nav2_amcl/package.dsv
[0.637s] -- Up-to-date: /workstation/nav2_ws/install/nav2_amcl/share/ament_index/resource_index/packages/nav2_amcl
[0.637s] -- Up-to-date: /workstation/nav2_ws/install/nav2_amcl/share/ament_index/resource_index/nav2_amcl__pluginlib__plugin/nav2_amcl
[0.637s] -- Up-to-date: /workstation/nav2_ws/install/nav2_amcl/share/ament_index/resource_index/rclcpp_components/nav2_amcl
[0.638s] -- Up-to-date: /workstation/nav2_ws/install/nav2_amcl/share/nav2_amcl/cmake/ament_cmake_export_include_directories-extras.cmake
[0.638s] -- Up-to-date: /workstation/nav2_ws/install/nav2_amcl/share/nav2_amcl/cmake/ament_cmake_export_libraries-extras.cmake
[0.638s] -- Up-to-date: /workstation/nav2_ws/install/nav2_amcl/share/nav2_amcl/cmake/ament_cmake_export_dependencies-extras.cmake
[0.638s] -- Up-to-date: /workstation/nav2_ws/install/nav2_amcl/share/nav2_amcl/cmake/nav2_amclConfig.cmake
[0.638s] -- Up-to-date: /workstation/nav2_ws/install/nav2_amcl/share/nav2_amcl/cmake/nav2_amclConfig-version.cmake
[0.638s] -- Up-to-date: /workstation/nav2_ws/install/nav2_amcl/share/nav2_amcl/package.xml
[0.638s] -- Up-to-date: /workstation/nav2_ws/install/nav2_amcl/lib/libpf_lib.so
[0.639s] -- Up-to-date: /workstation/nav2_ws/install/nav2_amcl/lib/libmap_lib.so
[0.639s] -- Up-to-date: /workstation/nav2_ws/install/nav2_amcl/lib/libmotions_lib.so
[0.639s] -- Up-to-date: /workstation/nav2_ws/install/nav2_amcl/lib/libsensors_lib.so
[0.724s] Invoked command in '/workstation/nav2_ws/build/nav2_amcl' returned '0': AMENT_PREFIX_PATH=/workstation/nav2_ws/install/nav2_util:/workstation/nav2_ws/install/nav2_msgs:/workstation/nav2_ws/install/nav2_common:${AMENT_PREFIX_PATH} CMAKE_PREFIX_PATH=/workstation/nav2_ws/install/nav2_util:/workstation/nav2_ws/install/nav2_msgs:/workstation/nav2_ws/install/nav2_common:/opt/ros/humble LD_LIBRARY_PATH=/workstation/nav2_ws/install/nav2_util/lib:/workstation/nav2_ws/install/nav2_msgs/lib:${LD_LIBRARY_PATH} PYTHONPATH=/workstation/nav2_ws/install/nav2_msgs/local/lib/python3.10/dist-packages:/workstation/nav2_ws/install/nav2_common/local/lib/python3.10/dist-packages:${PYTHONPATH} /usr/bin/cmake --install /workstation/nav2_ws/build/nav2_amcl
