[0.142s] Invoking command in '/workstation/nav2_ws/build/dwb_plugins': AMENT_PREFIX_PATH=/workstation/nav2_ws/install/dwb_core:/workstation/nav2_ws/install/nav2_core:/workstation/nav2_ws/install/nav2_costmap_2d:/workstation/nav2_ws/install/nav_2d_utils:/workstation/nav2_ws/install/nav2_map_server:/workstation/nav2_ws/install/nav2_lifecycle_manager:/workstation/nav2_ws/install/nav2_util:/workstation/nav2_ws/install/nav2_voxel_grid:/workstation/nav2_ws/install/nav2_msgs:/workstation/nav2_ws/install/dwb_msgs:/workstation/nav2_ws/install/nav_2d_msgs:/workstation/nav2_ws/install/nav2_common:${AMENT_PREFIX_PATH} CMAKE_PREFIX_PATH=/workstation/nav2_ws/install/dwb_core:/workstation/nav2_ws/install/nav2_core:/workstation/nav2_ws/install/nav2_costmap_2d:/workstation/nav2_ws/install/nav_2d_utils:/workstation/nav2_ws/install/nav2_map_server:/workstation/nav2_ws/install/nav2_lifecycle_manager:/workstation/nav2_ws/install/nav2_util:/workstation/nav2_ws/install/nav2_voxel_grid:/workstation/nav2_ws/install/nav2_msgs:/workstation/nav2_ws/install/dwb_msgs:/workstation/nav2_ws/install/nav_2d_msgs:/workstation/nav2_ws/install/nav2_common:/opt/ros/humble LD_LIBRARY_PATH=/workstation/nav2_ws/install/dwb_core/lib:/workstation/nav2_ws/install/nav2_costmap_2d/lib:/workstation/nav2_ws/install/nav_2d_utils/lib:/workstation/nav2_ws/install/nav2_map_server/lib:/workstation/nav2_ws/install/nav2_lifecycle_manager/lib:/workstation/nav2_ws/install/nav2_util/lib:/workstation/nav2_ws/install/nav2_voxel_grid/lib:/workstation/nav2_ws/install/nav2_msgs/lib:/workstation/nav2_ws/install/dwb_msgs/lib:/workstation/nav2_ws/install/nav_2d_msgs/lib:${LD_LIBRARY_PATH} PYTHONPATH=/workstation/nav2_ws/install/nav2_msgs/local/lib/python3.10/dist-packages:/workstation/nav2_ws/install/dwb_msgs/local/lib/python3.10/dist-packages:/workstation/nav2_ws/install/nav_2d_msgs/local/lib/python3.10/dist-packages:/workstation/nav2_ws/install/nav2_common/local/lib/python3.10/dist-packages:${PYTHONPATH} /usr/bin/cmake --build /workstation/nav2_ws/build/dwb_plugins -- -j12 -l12
[0.226s] [ 11%] Built target gtest_main
[0.227s] [ 23%] Built target gtest
[0.245s] [ 52%] Built target standard_traj_generator
[0.278s] [ 64%] Built target vtest
[0.309s] [ 76%] Built target twist_gen_test
[0.310s] [ 88%] Built target speed_limit_test
[0.310s] [100%] Built target kinematic_parameters_test
[0.382s] Invoked command in '/workstation/nav2_ws/build/dwb_plugins' returned '0': AMENT_PREFIX_PATH=/workstation/nav2_ws/install/dwb_core:/workstation/nav2_ws/install/nav2_core:/workstation/nav2_ws/install/nav2_costmap_2d:/workstation/nav2_ws/install/nav_2d_utils:/workstation/nav2_ws/install/nav2_map_server:/workstation/nav2_ws/install/nav2_lifecycle_manager:/workstation/nav2_ws/install/nav2_util:/workstation/nav2_ws/install/nav2_voxel_grid:/workstation/nav2_ws/install/nav2_msgs:/workstation/nav2_ws/install/dwb_msgs:/workstation/nav2_ws/install/nav_2d_msgs:/workstation/nav2_ws/install/nav2_common:${AMENT_PREFIX_PATH} CMAKE_PREFIX_PATH=/workstation/nav2_ws/install/dwb_core:/workstation/nav2_ws/install/nav2_core:/workstation/nav2_ws/install/nav2_costmap_2d:/workstation/nav2_ws/install/nav_2d_utils:/workstation/nav2_ws/install/nav2_map_server:/workstation/nav2_ws/install/nav2_lifecycle_manager:/workstation/nav2_ws/install/nav2_util:/workstation/nav2_ws/install/nav2_voxel_grid:/workstation/nav2_ws/install/nav2_msgs:/workstation/nav2_ws/install/dwb_msgs:/workstation/nav2_ws/install/nav_2d_msgs:/workstation/nav2_ws/install/nav2_common:/opt/ros/humble LD_LIBRARY_PATH=/workstation/nav2_ws/install/dwb_core/lib:/workstation/nav2_ws/install/nav2_costmap_2d/lib:/workstation/nav2_ws/install/nav_2d_utils/lib:/workstation/nav2_ws/install/nav2_map_server/lib:/workstation/nav2_ws/install/nav2_lifecycle_manager/lib:/workstation/nav2_ws/install/nav2_util/lib:/workstation/nav2_ws/install/nav2_voxel_grid/lib:/workstation/nav2_ws/install/nav2_msgs/lib:/workstation/nav2_ws/install/dwb_msgs/lib:/workstation/nav2_ws/install/nav_2d_msgs/lib:${LD_LIBRARY_PATH} PYTHONPATH=/workstation/nav2_ws/install/nav2_msgs/local/lib/python3.10/dist-packages:/workstation/nav2_ws/install/dwb_msgs/local/lib/python3.10/dist-packages:/workstation/nav2_ws/install/nav_2d_msgs/local/lib/python3.10/dist-packages:/workstation/nav2_ws/install/nav2_common/local/lib/python3.10/dist-packages:${PYTHONPATH} /usr/bin/cmake --build /workstation/nav2_ws/build/dwb_plugins -- -j12 -l12
[0.452s] Invoking command in '/workstation/nav2_ws/build/dwb_plugins': AMENT_PREFIX_PATH=/workstation/nav2_ws/install/dwb_core:/workstation/nav2_ws/install/nav2_core:/workstation/nav2_ws/install/nav2_costmap_2d:/workstation/nav2_ws/install/nav_2d_utils:/workstation/nav2_ws/install/nav2_map_server:/workstation/nav2_ws/install/nav2_lifecycle_manager:/workstation/nav2_ws/install/nav2_util:/workstation/nav2_ws/install/nav2_voxel_grid:/workstation/nav2_ws/install/nav2_msgs:/workstation/nav2_ws/install/dwb_msgs:/workstation/nav2_ws/install/nav_2d_msgs:/workstation/nav2_ws/install/nav2_common:${AMENT_PREFIX_PATH} CMAKE_PREFIX_PATH=/workstation/nav2_ws/install/dwb_core:/workstation/nav2_ws/install/nav2_core:/workstation/nav2_ws/install/nav2_costmap_2d:/workstation/nav2_ws/install/nav_2d_utils:/workstation/nav2_ws/install/nav2_map_server:/workstation/nav2_ws/install/nav2_lifecycle_manager:/workstation/nav2_ws/install/nav2_util:/workstation/nav2_ws/install/nav2_voxel_grid:/workstation/nav2_ws/install/nav2_msgs:/workstation/nav2_ws/install/dwb_msgs:/workstation/nav2_ws/install/nav_2d_msgs:/workstation/nav2_ws/install/nav2_common:/opt/ros/humble LD_LIBRARY_PATH=/workstation/nav2_ws/install/dwb_core/lib:/workstation/nav2_ws/install/nav2_costmap_2d/lib:/workstation/nav2_ws/install/nav_2d_utils/lib:/workstation/nav2_ws/install/nav2_map_server/lib:/workstation/nav2_ws/install/nav2_lifecycle_manager/lib:/workstation/nav2_ws/install/nav2_util/lib:/workstation/nav2_ws/install/nav2_voxel_grid/lib:/workstation/nav2_ws/install/nav2_msgs/lib:/workstation/nav2_ws/install/dwb_msgs/lib:/workstation/nav2_ws/install/nav_2d_msgs/lib:${LD_LIBRARY_PATH} PYTHONPATH=/workstation/nav2_ws/install/nav2_msgs/local/lib/python3.10/dist-packages:/workstation/nav2_ws/install/dwb_msgs/local/lib/python3.10/dist-packages:/workstation/nav2_ws/install/nav_2d_msgs/local/lib/python3.10/dist-packages:/workstation/nav2_ws/install/nav2_common/local/lib/python3.10/dist-packages:${PYTHONPATH} /usr/bin/cmake --install /workstation/nav2_ws/build/dwb_plugins
[0.468s] -- Install configuration: "Release"
[0.468s] -- Up-to-date: /workstation/nav2_ws/install/dwb_plugins/lib/libstandard_traj_generator.so
[0.468s] -- Up-to-date: /workstation/nav2_ws/install/dwb_plugins/include/
[0.468s] -- Up-to-date: /workstation/nav2_ws/install/dwb_plugins/include//dwb_plugins
[0.468s] -- Up-to-date: /workstation/nav2_ws/install/dwb_plugins/include//dwb_plugins/limited_accel_generator.hpp
[0.469s] -- Up-to-date: /workstation/nav2_ws/install/dwb_plugins/include//dwb_plugins/xy_theta_iterator.hpp
[0.469s] -- Up-to-date: /workstation/nav2_ws/install/dwb_plugins/include//dwb_plugins/standard_traj_generator.hpp
[0.469s] -- Up-to-date: /workstation/nav2_ws/install/dwb_plugins/include//dwb_plugins/one_d_velocity_iterator.hpp
[0.469s] -- Up-to-date: /workstation/nav2_ws/install/dwb_plugins/include//dwb_plugins/velocity_iterator.hpp
[0.469s] -- Up-to-date: /workstation/nav2_ws/install/dwb_plugins/include//dwb_plugins/kinematic_parameters.hpp
[0.469s] -- Up-to-date: /workstation/nav2_ws/install/dwb_plugins/share/dwb_plugins/plugins.xml
[0.469s] -- Up-to-date: /workstation/nav2_ws/install/dwb_plugins/share/dwb_plugins/environment/library_path.sh
[0.470s] -- Up-to-date: /workstation/nav2_ws/install/dwb_plugins/share/dwb_plugins/environment/library_path.dsv
[0.470s] -- Up-to-date: /workstation/nav2_ws/install/dwb_plugins/share/dwb_plugins/plugins.xml
[0.470s] -- Up-to-date: /workstation/nav2_ws/install/dwb_plugins/share/ament_index/resource_index/package_run_dependencies/dwb_plugins
[0.470s] -- Up-to-date: /workstation/nav2_ws/install/dwb_plugins/share/ament_index/resource_index/parent_prefix_path/dwb_plugins
[0.471s] -- Up-to-date: /workstation/nav2_ws/install/dwb_plugins/share/dwb_plugins/environment/ament_prefix_path.sh
[0.472s] -- Up-to-date: /workstation/nav2_ws/install/dwb_plugins/share/dwb_plugins/environment/ament_prefix_path.dsv
[0.472s] -- Up-to-date: /workstation/nav2_ws/install/dwb_plugins/share/dwb_plugins/environment/path.sh
[0.472s] -- Up-to-date: /workstation/nav2_ws/install/dwb_plugins/share/dwb_plugins/environment/path.dsv
[0.472s] -- Up-to-date: /workstation/nav2_ws/install/dwb_plugins/share/dwb_plugins/local_setup.bash
[0.473s] -- Up-to-date: /workstation/nav2_ws/install/dwb_plugins/share/dwb_plugins/local_setup.sh
[0.473s] -- Up-to-date: /workstation/nav2_ws/install/dwb_plugins/share/dwb_plugins/local_setup.zsh
[0.473s] -- Up-to-date: /workstation/nav2_ws/install/dwb_plugins/share/dwb_plugins/local_setup.dsv
[0.473s] -- Installing: /workstation/nav2_ws/install/dwb_plugins/share/dwb_plugins/package.dsv
[0.473s] -- Up-to-date: /workstation/nav2_ws/install/dwb_plugins/share/ament_index/resource_index/packages/dwb_plugins
[0.474s] -- Up-to-date: /workstation/nav2_ws/install/dwb_plugins/share/ament_index/resource_index/dwb_core__pluginlib__plugin/dwb_plugins
[0.474s] -- Up-to-date: /workstation/nav2_ws/install/dwb_plugins/share/dwb_plugins/cmake/ament_cmake_export_include_directories-extras.cmake
[0.474s] -- Up-to-date: /workstation/nav2_ws/install/dwb_plugins/share/dwb_plugins/cmake/ament_cmake_export_libraries-extras.cmake
[0.474s] -- Up-to-date: /workstation/nav2_ws/install/dwb_plugins/share/dwb_plugins/cmake/dwb_pluginsConfig.cmake
[0.474s] -- Up-to-date: /workstation/nav2_ws/install/dwb_plugins/share/dwb_plugins/cmake/dwb_pluginsConfig-version.cmake
[0.474s] -- Up-to-date: /workstation/nav2_ws/install/dwb_plugins/share/dwb_plugins/package.xml
[0.489s] Invoked command in '/workstation/nav2_ws/build/dwb_plugins' returned '0': AMENT_PREFIX_PATH=/workstation/nav2_ws/install/dwb_core:/workstation/nav2_ws/install/nav2_core:/workstation/nav2_ws/install/nav2_costmap_2d:/workstation/nav2_ws/install/nav_2d_utils:/workstation/nav2_ws/install/nav2_map_server:/workstation/nav2_ws/install/nav2_lifecycle_manager:/workstation/nav2_ws/install/nav2_util:/workstation/nav2_ws/install/nav2_voxel_grid:/workstation/nav2_ws/install/nav2_msgs:/workstation/nav2_ws/install/dwb_msgs:/workstation/nav2_ws/install/nav_2d_msgs:/workstation/nav2_ws/install/nav2_common:${AMENT_PREFIX_PATH} CMAKE_PREFIX_PATH=/workstation/nav2_ws/install/dwb_core:/workstation/nav2_ws/install/nav2_core:/workstation/nav2_ws/install/nav2_costmap_2d:/workstation/nav2_ws/install/nav_2d_utils:/workstation/nav2_ws/install/nav2_map_server:/workstation/nav2_ws/install/nav2_lifecycle_manager:/workstation/nav2_ws/install/nav2_util:/workstation/nav2_ws/install/nav2_voxel_grid:/workstation/nav2_ws/install/nav2_msgs:/workstation/nav2_ws/install/dwb_msgs:/workstation/nav2_ws/install/nav_2d_msgs:/workstation/nav2_ws/install/nav2_common:/opt/ros/humble LD_LIBRARY_PATH=/workstation/nav2_ws/install/dwb_core/lib:/workstation/nav2_ws/install/nav2_costmap_2d/lib:/workstation/nav2_ws/install/nav_2d_utils/lib:/workstation/nav2_ws/install/nav2_map_server/lib:/workstation/nav2_ws/install/nav2_lifecycle_manager/lib:/workstation/nav2_ws/install/nav2_util/lib:/workstation/nav2_ws/install/nav2_voxel_grid/lib:/workstation/nav2_ws/install/nav2_msgs/lib:/workstation/nav2_ws/install/dwb_msgs/lib:/workstation/nav2_ws/install/nav_2d_msgs/lib:${LD_LIBRARY_PATH} PYTHONPATH=/workstation/nav2_ws/install/nav2_msgs/local/lib/python3.10/dist-packages:/workstation/nav2_ws/install/dwb_msgs/local/lib/python3.10/dist-packages:/workstation/nav2_ws/install/nav_2d_msgs/local/lib/python3.10/dist-packages:/workstation/nav2_ws/install/nav2_common/local/lib/python3.10/dist-packages:${PYTHONPATH} /usr/bin/cmake --install /workstation/nav2_ws/build/dwb_plugins
