[0.019s] Invoking command in '/workstation/nav2_ws/build/custom_msgs': CMAKE_PREFIX_PATH=/opt/ros/humble /usr/bin/cmake --build /workstation/nav2_ws/build/custom_msgs -- -j12 -l12
[0.082s] [  2%] Built target custom_msgs__cpp
[0.089s] [ 12%] Built target custom_msgs__rosidl_generator_c
[0.101s] [ 12%] Built target ament_cmake_python_copy_custom_msgs
[0.130s] [ 23%] Built target custom_msgs__rosidl_typesupport_fastrtps_cpp
[0.141s] [ 33%] Built target custom_msgs__rosidl_typesupport_introspection_cpp
[0.144s] [ 43%] Built target custom_msgs__rosidl_typesupport_c
[0.145s] [ 74%] Built target custom_msgs__rosidl_typesupport_fastrtps_c
[0.146s] [ 74%] Built target custom_msgs__rosidl_typesupport_introspection_c
[0.146s] [ 74%] Built target custom_msgs__rosidl_typesupport_cpp
[0.172s] [ 74%] Built target custom_msgs
[0.200s] [ 76%] Built target custom_msgs__py
[0.232s] [ 84%] Built target custom_msgs__rosidl_generator_py
[0.270s] [ 92%] Built target custom_msgs__rosidl_typesupport_fastrtps_c__pyext
[0.270s] [ 94%] Built target custom_msgs__rosidl_typesupport_c__pyext
[0.273s] [100%] Built target custom_msgs__rosidl_typesupport_introspection_c__pyext
[0.422s] running egg_info
[0.426s] writing custom_msgs.egg-info/PKG-INFO
[0.426s] writing dependency_links to custom_msgs.egg-info/dependency_links.txt
[0.426s] writing top-level names to custom_msgs.egg-info/top_level.txt
[0.428s] reading manifest file 'custom_msgs.egg-info/SOURCES.txt'
[0.430s] writing manifest file 'custom_msgs.egg-info/SOURCES.txt'
[0.490s] [100%] Built target ament_cmake_python_build_custom_msgs_egg
[0.506s] Invoked command in '/workstation/nav2_ws/build/custom_msgs' returned '0': CMAKE_PREFIX_PATH=/opt/ros/humble /usr/bin/cmake --build /workstation/nav2_ws/build/custom_msgs -- -j12 -l12
[0.585s] Invoking command in '/workstation/nav2_ws/build/custom_msgs': CMAKE_PREFIX_PATH=/opt/ros/humble /usr/bin/cmake --install /workstation/nav2_ws/build/custom_msgs
[0.595s] -- Install configuration: ""
[0.596s] -- Up-to-date: /workstation/nav2_ws/install/custom_msgs/share/ament_index/resource_index/rosidl_interfaces/custom_msgs
[0.596s] -- Up-to-date: /workstation/nav2_ws/install/custom_msgs/include/custom_msgs/custom_msgs
[0.598s] -- Up-to-date: /workstation/nav2_ws/install/custom_msgs/include/custom_msgs/custom_msgs/msg
[0.598s] -- Up-to-date: /workstation/nav2_ws/install/custom_msgs/include/custom_msgs/custom_msgs/msg/detail
[0.599s] -- Up-to-date: /workstation/nav2_ws/install/custom_msgs/include/custom_msgs/custom_msgs/msg/detail/obstacle_data__struct.h
[0.599s] -- Up-to-date: /workstation/nav2_ws/install/custom_msgs/include/custom_msgs/custom_msgs/msg/detail/obstacles__struct.h
[0.599s] -- Up-to-date: /workstation/nav2_ws/install/custom_msgs/include/custom_msgs/custom_msgs/msg/detail/obstacles__type_support.h
[0.600s] -- Up-to-date: /workstation/nav2_ws/install/custom_msgs/include/custom_msgs/custom_msgs/msg/detail/obstacles__functions.c
[0.600s] -- Up-to-date: /workstation/nav2_ws/install/custom_msgs/include/custom_msgs/custom_msgs/msg/detail/obstacle_data__functions.c
[0.600s] -- Up-to-date: /workstation/nav2_ws/install/custom_msgs/include/custom_msgs/custom_msgs/msg/detail/obstacle_data__type_support.h
[0.600s] -- Up-to-date: /workstation/nav2_ws/install/custom_msgs/include/custom_msgs/custom_msgs/msg/detail/obstacle_data__functions.h
[0.600s] -- Up-to-date: /workstation/nav2_ws/install/custom_msgs/include/custom_msgs/custom_msgs/msg/detail/obstacles__functions.h
[0.601s] -- Up-to-date: /workstation/nav2_ws/install/custom_msgs/include/custom_msgs/custom_msgs/msg/obstacles.h
[0.601s] -- Up-to-date: /workstation/nav2_ws/install/custom_msgs/include/custom_msgs/custom_msgs/msg/rosidl_generator_c__visibility_control.h
[0.601s] -- Up-to-date: /workstation/nav2_ws/install/custom_msgs/include/custom_msgs/custom_msgs/msg/obstacle_data.h
[0.601s] -- Up-to-date: /workstation/nav2_ws/install/custom_msgs/share/custom_msgs/environment/library_path.sh
[0.601s] -- Up-to-date: /workstation/nav2_ws/install/custom_msgs/share/custom_msgs/environment/library_path.dsv
[0.602s] -- Up-to-date: /workstation/nav2_ws/install/custom_msgs/lib/libcustom_msgs__rosidl_generator_c.so
[0.602s] -- Up-to-date: /workstation/nav2_ws/install/custom_msgs/include/custom_msgs/custom_msgs
[0.602s] -- Up-to-date: /workstation/nav2_ws/install/custom_msgs/include/custom_msgs/custom_msgs/msg
[0.602s] -- Up-to-date: /workstation/nav2_ws/install/custom_msgs/include/custom_msgs/custom_msgs/msg/detail
[0.602s] -- Up-to-date: /workstation/nav2_ws/install/custom_msgs/include/custom_msgs/custom_msgs/msg/detail/obstacles__rosidl_typesupport_fastrtps_c.h
[0.603s] -- Up-to-date: /workstation/nav2_ws/install/custom_msgs/include/custom_msgs/custom_msgs/msg/detail/obstacle_data__rosidl_typesupport_fastrtps_c.h
[0.603s] -- Up-to-date: /workstation/nav2_ws/install/custom_msgs/include/custom_msgs/custom_msgs/msg/rosidl_typesupport_fastrtps_c__visibility_control.h
[0.603s] -- Up-to-date: /workstation/nav2_ws/install/custom_msgs/lib/libcustom_msgs__rosidl_typesupport_fastrtps_c.so
[0.603s] -- Up-to-date: /workstation/nav2_ws/install/custom_msgs/include/custom_msgs/custom_msgs
[0.603s] -- Up-to-date: /workstation/nav2_ws/install/custom_msgs/include/custom_msgs/custom_msgs/msg
[0.603s] -- Up-to-date: /workstation/nav2_ws/install/custom_msgs/include/custom_msgs/custom_msgs/msg/detail
[0.603s] -- Up-to-date: /workstation/nav2_ws/install/custom_msgs/include/custom_msgs/custom_msgs/msg/detail/obstacle_data__traits.hpp
[0.604s] -- Up-to-date: /workstation/nav2_ws/install/custom_msgs/include/custom_msgs/custom_msgs/msg/detail/obstacles__builder.hpp
[0.604s] -- Up-to-date: /workstation/nav2_ws/install/custom_msgs/include/custom_msgs/custom_msgs/msg/detail/obstacle_data__builder.hpp
[0.604s] -- Up-to-date: /workstation/nav2_ws/install/custom_msgs/include/custom_msgs/custom_msgs/msg/detail/obstacle_data__struct.hpp
[0.604s] -- Up-to-date: /workstation/nav2_ws/install/custom_msgs/include/custom_msgs/custom_msgs/msg/detail/obstacles__struct.hpp
[0.604s] -- Up-to-date: /workstation/nav2_ws/install/custom_msgs/include/custom_msgs/custom_msgs/msg/detail/obstacles__traits.hpp
[0.604s] -- Up-to-date: /workstation/nav2_ws/install/custom_msgs/include/custom_msgs/custom_msgs/msg/obstacles.hpp
[0.604s] -- Up-to-date: /workstation/nav2_ws/install/custom_msgs/include/custom_msgs/custom_msgs/msg/obstacle_data.hpp
[0.604s] -- Up-to-date: /workstation/nav2_ws/install/custom_msgs/include/custom_msgs/custom_msgs
[0.604s] -- Up-to-date: /workstation/nav2_ws/install/custom_msgs/include/custom_msgs/custom_msgs/msg
[0.604s] -- Up-to-date: /workstation/nav2_ws/install/custom_msgs/include/custom_msgs/custom_msgs/msg/detail
[0.605s] -- Up-to-date: /workstation/nav2_ws/install/custom_msgs/include/custom_msgs/custom_msgs/msg/detail/obstacle_data__rosidl_typesupport_fastrtps_cpp.hpp
[0.605s] -- Up-to-date: /workstation/nav2_ws/install/custom_msgs/include/custom_msgs/custom_msgs/msg/detail/obstacles__rosidl_typesupport_fastrtps_cpp.hpp
[0.605s] -- Up-to-date: /workstation/nav2_ws/install/custom_msgs/include/custom_msgs/custom_msgs/msg/detail/dds_fastrtps
[0.605s] -- Up-to-date: /workstation/nav2_ws/install/custom_msgs/include/custom_msgs/custom_msgs/msg/rosidl_typesupport_fastrtps_cpp__visibility_control.h
[0.605s] -- Up-to-date: /workstation/nav2_ws/install/custom_msgs/lib/libcustom_msgs__rosidl_typesupport_fastrtps_cpp.so
[0.605s] -- Up-to-date: /workstation/nav2_ws/install/custom_msgs/include/custom_msgs/custom_msgs
[0.606s] -- Up-to-date: /workstation/nav2_ws/install/custom_msgs/include/custom_msgs/custom_msgs/msg
[0.606s] -- Up-to-date: /workstation/nav2_ws/install/custom_msgs/include/custom_msgs/custom_msgs/msg/detail
[0.606s] -- Up-to-date: /workstation/nav2_ws/install/custom_msgs/include/custom_msgs/custom_msgs/msg/detail/obstacles__type_support.c
[0.606s] -- Up-to-date: /workstation/nav2_ws/install/custom_msgs/include/custom_msgs/custom_msgs/msg/detail/obstacle_data__type_support.c
[0.606s] -- Up-to-date: /workstation/nav2_ws/install/custom_msgs/include/custom_msgs/custom_msgs/msg/detail/obstacle_data__rosidl_typesupport_introspection_c.h
[0.606s] -- Up-to-date: /workstation/nav2_ws/install/custom_msgs/include/custom_msgs/custom_msgs/msg/detail/obstacles__rosidl_typesupport_introspection_c.h
[0.606s] -- Up-to-date: /workstation/nav2_ws/install/custom_msgs/include/custom_msgs/custom_msgs/msg/rosidl_typesupport_introspection_c__visibility_control.h
[0.606s] -- Up-to-date: /workstation/nav2_ws/install/custom_msgs/lib/libcustom_msgs__rosidl_typesupport_introspection_c.so
[0.606s] -- Up-to-date: /workstation/nav2_ws/install/custom_msgs/lib/libcustom_msgs__rosidl_typesupport_c.so
[0.606s] -- Up-to-date: /workstation/nav2_ws/install/custom_msgs/include/custom_msgs/custom_msgs
[0.606s] -- Up-to-date: /workstation/nav2_ws/install/custom_msgs/include/custom_msgs/custom_msgs/msg
[0.607s] -- Up-to-date: /workstation/nav2_ws/install/custom_msgs/include/custom_msgs/custom_msgs/msg/detail
[0.607s] -- Up-to-date: /workstation/nav2_ws/install/custom_msgs/include/custom_msgs/custom_msgs/msg/detail/obstacles__type_support.cpp
[0.607s] -- Up-to-date: /workstation/nav2_ws/install/custom_msgs/include/custom_msgs/custom_msgs/msg/detail/obstacle_data__rosidl_typesupport_introspection_cpp.hpp
[0.607s] -- Up-to-date: /workstation/nav2_ws/install/custom_msgs/include/custom_msgs/custom_msgs/msg/detail/obstacles__rosidl_typesupport_introspection_cpp.hpp
[0.607s] -- Up-to-date: /workstation/nav2_ws/install/custom_msgs/include/custom_msgs/custom_msgs/msg/detail/obstacle_data__type_support.cpp
[0.607s] -- Up-to-date: /workstation/nav2_ws/install/custom_msgs/lib/libcustom_msgs__rosidl_typesupport_introspection_cpp.so
[0.607s] -- Up-to-date: /workstation/nav2_ws/install/custom_msgs/lib/libcustom_msgs__rosidl_typesupport_cpp.so
[0.607s] -- Up-to-date: /workstation/nav2_ws/install/custom_msgs/share/custom_msgs/environment/pythonpath.sh
[0.608s] -- Up-to-date: /workstation/nav2_ws/install/custom_msgs/share/custom_msgs/environment/pythonpath.dsv
[0.608s] -- Up-to-date: /workstation/nav2_ws/install/custom_msgs/local/lib/python3.10/dist-packages/custom_msgs-0.0.0-py3.10.egg-info
[0.608s] -- Installing: /workstation/nav2_ws/install/custom_msgs/local/lib/python3.10/dist-packages/custom_msgs-0.0.0-py3.10.egg-info/SOURCES.txt
[0.608s] -- Installing: /workstation/nav2_ws/install/custom_msgs/local/lib/python3.10/dist-packages/custom_msgs-0.0.0-py3.10.egg-info/PKG-INFO
[0.608s] -- Installing: /workstation/nav2_ws/install/custom_msgs/local/lib/python3.10/dist-packages/custom_msgs-0.0.0-py3.10.egg-info/top_level.txt
[0.608s] -- Installing: /workstation/nav2_ws/install/custom_msgs/local/lib/python3.10/dist-packages/custom_msgs-0.0.0-py3.10.egg-info/dependency_links.txt
[0.608s] -- Up-to-date: /workstation/nav2_ws/install/custom_msgs/local/lib/python3.10/dist-packages/custom_msgs
[0.608s] -- Up-to-date: /workstation/nav2_ws/install/custom_msgs/local/lib/python3.10/dist-packages/custom_msgs/custom_msgs_s__rosidl_typesupport_c.cpython-310-x86_64-linux-gnu.so
[0.609s] -- Up-to-date: /workstation/nav2_ws/install/custom_msgs/local/lib/python3.10/dist-packages/custom_msgs/custom_msgs_s__rosidl_typesupport_introspection_c.cpython-310-x86_64-linux-gnu.so
[0.609s] -- Up-to-date: /workstation/nav2_ws/install/custom_msgs/local/lib/python3.10/dist-packages/custom_msgs/_custom_msgs_s.ep.rosidl_typesupport_introspection_c.c
[0.609s] -- Up-to-date: /workstation/nav2_ws/install/custom_msgs/local/lib/python3.10/dist-packages/custom_msgs/_custom_msgs_s.ep.rosidl_typesupport_c.c
[0.609s] -- Up-to-date: /workstation/nav2_ws/install/custom_msgs/local/lib/python3.10/dist-packages/custom_msgs/custom_msgs_s__rosidl_typesupport_fastrtps_c.cpython-310-x86_64-linux-gnu.so
[0.610s] -- Up-to-date: /workstation/nav2_ws/install/custom_msgs/local/lib/python3.10/dist-packages/custom_msgs/__init__.py
[0.610s] -- Up-to-date: /workstation/nav2_ws/install/custom_msgs/local/lib/python3.10/dist-packages/custom_msgs/msg
[0.610s] -- Up-to-date: /workstation/nav2_ws/install/custom_msgs/local/lib/python3.10/dist-packages/custom_msgs/msg/_obstacles.py
[0.610s] -- Up-to-date: /workstation/nav2_ws/install/custom_msgs/local/lib/python3.10/dist-packages/custom_msgs/msg/_obstacle_data_s.c
[0.610s] -- Up-to-date: /workstation/nav2_ws/install/custom_msgs/local/lib/python3.10/dist-packages/custom_msgs/msg/_obstacle_data.py
[0.611s] -- Up-to-date: /workstation/nav2_ws/install/custom_msgs/local/lib/python3.10/dist-packages/custom_msgs/msg/__init__.py
[0.611s] -- Up-to-date: /workstation/nav2_ws/install/custom_msgs/local/lib/python3.10/dist-packages/custom_msgs/msg/_obstacles_s.c
[0.611s] -- Up-to-date: /workstation/nav2_ws/install/custom_msgs/local/lib/python3.10/dist-packages/custom_msgs/libcustom_msgs__rosidl_generator_py.so
[0.611s] -- Up-to-date: /workstation/nav2_ws/install/custom_msgs/local/lib/python3.10/dist-packages/custom_msgs/_custom_msgs_s.ep.rosidl_typesupport_fastrtps_c.c
[0.642s] Listing '/workstation/nav2_ws/install/custom_msgs/local/lib/python3.10/dist-packages/custom_msgs'...
[0.643s] Listing '/workstation/nav2_ws/install/custom_msgs/local/lib/python3.10/dist-packages/custom_msgs/msg'...
[0.653s] -- Up-to-date: /workstation/nav2_ws/install/custom_msgs/local/lib/python3.10/dist-packages/custom_msgs/custom_msgs_s__rosidl_typesupport_fastrtps_c.cpython-310-x86_64-linux-gnu.so
[0.653s] -- Up-to-date: /workstation/nav2_ws/install/custom_msgs/local/lib/python3.10/dist-packages/custom_msgs/custom_msgs_s__rosidl_typesupport_introspection_c.cpython-310-x86_64-linux-gnu.so
[0.653s] -- Up-to-date: /workstation/nav2_ws/install/custom_msgs/local/lib/python3.10/dist-packages/custom_msgs/custom_msgs_s__rosidl_typesupport_c.cpython-310-x86_64-linux-gnu.so
[0.653s] -- Up-to-date: /workstation/nav2_ws/install/custom_msgs/lib/libcustom_msgs__rosidl_generator_py.so
[0.654s] -- Up-to-date: /workstation/nav2_ws/install/custom_msgs/share/custom_msgs/msg/ObstacleData.idl
[0.654s] -- Up-to-date: /workstation/nav2_ws/install/custom_msgs/share/custom_msgs/msg/Obstacles.idl
[0.654s] -- Up-to-date: /workstation/nav2_ws/install/custom_msgs/share/custom_msgs/msg/ObstacleData.msg
[0.654s] -- Up-to-date: /workstation/nav2_ws/install/custom_msgs/share/custom_msgs/msg/Obstacles.msg
[0.654s] -- Up-to-date: /workstation/nav2_ws/install/custom_msgs/share/ament_index/resource_index/package_run_dependencies/custom_msgs
[0.654s] -- Up-to-date: /workstation/nav2_ws/install/custom_msgs/share/ament_index/resource_index/parent_prefix_path/custom_msgs
[0.655s] -- Up-to-date: /workstation/nav2_ws/install/custom_msgs/share/custom_msgs/environment/ament_prefix_path.sh
[0.655s] -- Up-to-date: /workstation/nav2_ws/install/custom_msgs/share/custom_msgs/environment/ament_prefix_path.dsv
[0.655s] -- Up-to-date: /workstation/nav2_ws/install/custom_msgs/share/custom_msgs/environment/path.sh
[0.655s] -- Up-to-date: /workstation/nav2_ws/install/custom_msgs/share/custom_msgs/environment/path.dsv
[0.655s] -- Up-to-date: /workstation/nav2_ws/install/custom_msgs/share/custom_msgs/local_setup.bash
[0.656s] -- Up-to-date: /workstation/nav2_ws/install/custom_msgs/share/custom_msgs/local_setup.sh
[0.656s] -- Up-to-date: /workstation/nav2_ws/install/custom_msgs/share/custom_msgs/local_setup.zsh
[0.656s] -- Up-to-date: /workstation/nav2_ws/install/custom_msgs/share/custom_msgs/local_setup.dsv
[0.656s] -- Installing: /workstation/nav2_ws/install/custom_msgs/share/custom_msgs/package.dsv
[0.656s] -- Up-to-date: /workstation/nav2_ws/install/custom_msgs/share/ament_index/resource_index/packages/custom_msgs
[0.656s] -- Up-to-date: /workstation/nav2_ws/install/custom_msgs/share/custom_msgs/cmake/export_custom_msgs__rosidl_generator_cExport.cmake
[0.656s] -- Up-to-date: /workstation/nav2_ws/install/custom_msgs/share/custom_msgs/cmake/export_custom_msgs__rosidl_generator_cExport-noconfig.cmake
[0.656s] -- Up-to-date: /workstation/nav2_ws/install/custom_msgs/share/custom_msgs/cmake/export_custom_msgs__rosidl_typesupport_fastrtps_cExport.cmake
[0.656s] -- Up-to-date: /workstation/nav2_ws/install/custom_msgs/share/custom_msgs/cmake/export_custom_msgs__rosidl_typesupport_fastrtps_cExport-noconfig.cmake
[0.656s] -- Up-to-date: /workstation/nav2_ws/install/custom_msgs/share/custom_msgs/cmake/export_custom_msgs__rosidl_generator_cppExport.cmake
[0.657s] -- Up-to-date: /workstation/nav2_ws/install/custom_msgs/share/custom_msgs/cmake/export_custom_msgs__rosidl_typesupport_fastrtps_cppExport.cmake
[0.657s] -- Up-to-date: /workstation/nav2_ws/install/custom_msgs/share/custom_msgs/cmake/export_custom_msgs__rosidl_typesupport_fastrtps_cppExport-noconfig.cmake
[0.657s] -- Up-to-date: /workstation/nav2_ws/install/custom_msgs/share/custom_msgs/cmake/custom_msgs__rosidl_typesupport_introspection_cExport.cmake
[0.658s] -- Up-to-date: /workstation/nav2_ws/install/custom_msgs/share/custom_msgs/cmake/custom_msgs__rosidl_typesupport_introspection_cExport-noconfig.cmake
[0.659s] -- Up-to-date: /workstation/nav2_ws/install/custom_msgs/share/custom_msgs/cmake/custom_msgs__rosidl_typesupport_cExport.cmake
[0.659s] -- Up-to-date: /workstation/nav2_ws/install/custom_msgs/share/custom_msgs/cmake/custom_msgs__rosidl_typesupport_cExport-noconfig.cmake
[0.659s] -- Up-to-date: /workstation/nav2_ws/install/custom_msgs/share/custom_msgs/cmake/custom_msgs__rosidl_typesupport_introspection_cppExport.cmake
[0.660s] -- Up-to-date: /workstation/nav2_ws/install/custom_msgs/share/custom_msgs/cmake/custom_msgs__rosidl_typesupport_introspection_cppExport-noconfig.cmake
[0.660s] -- Up-to-date: /workstation/nav2_ws/install/custom_msgs/share/custom_msgs/cmake/custom_msgs__rosidl_typesupport_cppExport.cmake
[0.660s] -- Up-to-date: /workstation/nav2_ws/install/custom_msgs/share/custom_msgs/cmake/custom_msgs__rosidl_typesupport_cppExport-noconfig.cmake
[0.661s] -- Up-to-date: /workstation/nav2_ws/install/custom_msgs/share/custom_msgs/cmake/export_custom_msgs__rosidl_generator_pyExport.cmake
[0.661s] -- Up-to-date: /workstation/nav2_ws/install/custom_msgs/share/custom_msgs/cmake/export_custom_msgs__rosidl_generator_pyExport-noconfig.cmake
[0.661s] -- Up-to-date: /workstation/nav2_ws/install/custom_msgs/share/custom_msgs/cmake/rosidl_cmake-extras.cmake
[0.662s] -- Up-to-date: /workstation/nav2_ws/install/custom_msgs/share/custom_msgs/cmake/ament_cmake_export_dependencies-extras.cmake
[0.662s] -- Up-to-date: /workstation/nav2_ws/install/custom_msgs/share/custom_msgs/cmake/ament_cmake_export_include_directories-extras.cmake
[0.662s] -- Up-to-date: /workstation/nav2_ws/install/custom_msgs/share/custom_msgs/cmake/ament_cmake_export_libraries-extras.cmake
[0.662s] -- Up-to-date: /workstation/nav2_ws/install/custom_msgs/share/custom_msgs/cmake/ament_cmake_export_targets-extras.cmake
[0.664s] -- Up-to-date: /workstation/nav2_ws/install/custom_msgs/share/custom_msgs/cmake/rosidl_cmake_export_typesupport_targets-extras.cmake
[0.665s] -- Up-to-date: /workstation/nav2_ws/install/custom_msgs/share/custom_msgs/cmake/rosidl_cmake_export_typesupport_libraries-extras.cmake
[0.665s] -- Up-to-date: /workstation/nav2_ws/install/custom_msgs/share/custom_msgs/cmake/custom_msgsConfig.cmake
[0.665s] -- Up-to-date: /workstation/nav2_ws/install/custom_msgs/share/custom_msgs/cmake/custom_msgsConfig-version.cmake
[0.665s] -- Up-to-date: /workstation/nav2_ws/install/custom_msgs/share/custom_msgs/package.xml
[0.681s] Invoked command in '/workstation/nav2_ws/build/custom_msgs' returned '0': CMAKE_PREFIX_PATH=/opt/ros/humble /usr/bin/cmake --install /workstation/nav2_ws/build/custom_msgs
