[0.018s] Invoking command in '/workstation/nav2_ws/build/nav2_common': CMAKE_PREFIX_PATH=/opt/ros/humble /usr/bin/cmake --build /workstation/nav2_ws/build/nav2_common -- -j12 -l12
[0.085s] Built target ament_cmake_python_copy_nav2_common
[0.417s] running egg_info
[0.418s] writing nav2_common.egg-info/PKG-INFO
[0.418s] writing dependency_links to nav2_common.egg-info/dependency_links.txt
[0.419s] writing top-level names to nav2_common.egg-info/top_level.txt
[0.426s] reading manifest file 'nav2_common.egg-info/SOURCES.txt'
[0.428s] writing manifest file 'nav2_common.egg-info/SOURCES.txt'
[0.491s] Built target ament_cmake_python_build_nav2_common_egg
[0.506s] Invoked command in '/workstation/nav2_ws/build/nav2_common' returned '0': CMAKE_PREFIX_PATH=/opt/ros/humble /usr/bin/cmake --build /workstation/nav2_ws/build/nav2_common -- -j12 -l12
[0.544s] Invoking command in '/workstation/nav2_ws/build/nav2_common': CMAKE_PREFIX_PATH=/opt/ros/humble /usr/bin/cmake --install /workstation/nav2_ws/build/nav2_common
[0.559s] -- Install configuration: ""
[0.560s] -- Up-to-date: /workstation/nav2_ws/install/nav2_common/share/nav2_common/environment/pythonpath.sh
[0.560s] -- Up-to-date: /workstation/nav2_ws/install/nav2_common/share/nav2_common/environment/pythonpath.dsv
[0.560s] -- Up-to-date: /workstation/nav2_ws/install/nav2_common/local/lib/python3.10/dist-packages/nav2_common-1.1.16-py3.10.egg-info
[0.560s] -- Installing: /workstation/nav2_ws/install/nav2_common/local/lib/python3.10/dist-packages/nav2_common-1.1.16-py3.10.egg-info/SOURCES.txt
[0.560s] -- Installing: /workstation/nav2_ws/install/nav2_common/local/lib/python3.10/dist-packages/nav2_common-1.1.16-py3.10.egg-info/PKG-INFO
[0.560s] -- Installing: /workstation/nav2_ws/install/nav2_common/local/lib/python3.10/dist-packages/nav2_common-1.1.16-py3.10.egg-info/top_level.txt
[0.561s] -- Installing: /workstation/nav2_ws/install/nav2_common/local/lib/python3.10/dist-packages/nav2_common-1.1.16-py3.10.egg-info/dependency_links.txt
[0.561s] -- Up-to-date: /workstation/nav2_ws/install/nav2_common/local/lib/python3.10/dist-packages/nav2_common
[0.561s] -- Up-to-date: /workstation/nav2_ws/install/nav2_common/local/lib/python3.10/dist-packages/nav2_common/launch
[0.561s] -- Up-to-date: /workstation/nav2_ws/install/nav2_common/local/lib/python3.10/dist-packages/nav2_common/launch/parse_multirobot_pose.py
[0.561s] -- Up-to-date: /workstation/nav2_ws/install/nav2_common/local/lib/python3.10/dist-packages/nav2_common/launch/replace_string.py
[0.561s] -- Up-to-date: /workstation/nav2_ws/install/nav2_common/local/lib/python3.10/dist-packages/nav2_common/launch/has_node_params.py
[0.561s] -- Up-to-date: /workstation/nav2_ws/install/nav2_common/local/lib/python3.10/dist-packages/nav2_common/launch/rewritten_yaml.py
[0.562s] -- Up-to-date: /workstation/nav2_ws/install/nav2_common/local/lib/python3.10/dist-packages/nav2_common/launch/__init__.py
[0.562s] -- Up-to-date: /workstation/nav2_ws/install/nav2_common/local/lib/python3.10/dist-packages/nav2_common/__init__.py
[0.599s] Listing '/workstation/nav2_ws/install/nav2_common/local/lib/python3.10/dist-packages/nav2_common'...
[0.600s] Listing '/workstation/nav2_ws/install/nav2_common/local/lib/python3.10/dist-packages/nav2_common/launch'...
[0.608s] -- Up-to-date: /workstation/nav2_ws/install/nav2_common/share/ament_index/resource_index/package_run_dependencies/nav2_common
[0.608s] -- Up-to-date: /workstation/nav2_ws/install/nav2_common/share/ament_index/resource_index/parent_prefix_path/nav2_common
[0.608s] -- Up-to-date: /workstation/nav2_ws/install/nav2_common/share/nav2_common/environment/ament_prefix_path.sh
[0.609s] -- Up-to-date: /workstation/nav2_ws/install/nav2_common/share/nav2_common/environment/ament_prefix_path.dsv
[0.609s] -- Up-to-date: /workstation/nav2_ws/install/nav2_common/share/nav2_common/environment/path.sh
[0.609s] -- Up-to-date: /workstation/nav2_ws/install/nav2_common/share/nav2_common/environment/path.dsv
[0.609s] -- Up-to-date: /workstation/nav2_ws/install/nav2_common/share/nav2_common/local_setup.bash
[0.609s] -- Up-to-date: /workstation/nav2_ws/install/nav2_common/share/nav2_common/local_setup.sh
[0.609s] -- Up-to-date: /workstation/nav2_ws/install/nav2_common/share/nav2_common/local_setup.zsh
[0.611s] -- Up-to-date: /workstation/nav2_ws/install/nav2_common/share/nav2_common/local_setup.dsv
[0.611s] -- Installing: /workstation/nav2_ws/install/nav2_common/share/nav2_common/package.dsv
[0.612s] -- Up-to-date: /workstation/nav2_ws/install/nav2_common/share/ament_index/resource_index/packages/nav2_common
[0.613s] -- Up-to-date: /workstation/nav2_ws/install/nav2_common/share/nav2_common/cmake/nav2_common-extras.cmake
[0.613s] -- Up-to-date: /workstation/nav2_ws/install/nav2_common/share/nav2_common/cmake/nav2_commonConfig.cmake
[0.613s] -- Up-to-date: /workstation/nav2_ws/install/nav2_common/share/nav2_common/cmake/nav2_commonConfig-version.cmake
[0.613s] -- Up-to-date: /workstation/nav2_ws/install/nav2_common/share/nav2_common/package.xml
[0.613s] -- Up-to-date: /workstation/nav2_ws/install/nav2_common/share/nav2_common/cmake
[0.613s] -- Up-to-date: /workstation/nav2_ws/install/nav2_common/share/nav2_common/cmake/nav2_package.cmake
[0.616s] Invoked command in '/workstation/nav2_ws/build/nav2_common' returned '0': CMAKE_PREFIX_PATH=/opt/ros/humble /usr/bin/cmake --install /workstation/nav2_ws/build/nav2_common
