[0.011s] Invoking command in '/workstation/nav2_ws/build/custom_msgs': CMAKE_PREFIX_PATH=/opt/ros/humble /usr/bin/cmake /workstation/nav2_ws/src/custom_msgs -DCMAKE_INSTALL_PREFIX=/workstation/nav2_ws/install/custom_msgs
[0.058s] -- The C compiler identification is GNU 11.4.0
[0.107s] -- The CXX compiler identification is GNU 11.4.0
[0.114s] -- Detecting C compiler ABI info
[0.171s] -- Detecting C compiler ABI info - done
[0.179s] -- Check for working C compiler: /usr/bin/cc - skipped
[0.179s] -- Detecting C compile features
[0.179s] -- Detecting C compile features - done
[0.182s] -- Detecting CXX compiler ABI info
[0.250s] -- Detecting CXX compiler ABI info - done
[0.264s] -- Check for working CXX compiler: /usr/bin/c++ - skipped
[0.264s] -- Detecting CXX compile features
[0.265s] -- Detecting CXX compile features - done
[0.268s] -- Found ament_cmake: 1.3.10 (/opt/ros/humble/share/ament_cmake/cmake)
[0.404s] -- Found Python3: /usr/bin/python3 (found version "3.10.12") found components: Interpreter 
[0.487s] -- Found geometry_msgs: 4.2.4 (/opt/ros/humble/share/geometry_msgs/cmake)
[0.521s] -- Found rosidl_generator_c: 3.1.5 (/opt/ros/humble/share/rosidl_generator_c/cmake)
[0.526s] -- Found rosidl_adapter: 3.1.5 (/opt/ros/humble/share/rosidl_adapter/cmake)
[0.535s] -- Found rosidl_generator_cpp: 3.1.5 (/opt/ros/humble/share/rosidl_generator_cpp/cmake)
[0.547s] -- Using all available rosidl_typesupport_c: rosidl_typesupport_fastrtps_c;rosidl_typesupport_introspection_c
[0.563s] -- Using all available rosidl_typesupport_cpp: rosidl_typesupport_fastrtps_cpp;rosidl_typesupport_introspection_cpp
[0.602s] -- Found rosidl_default_generators: 1.2.0 (/opt/ros/humble/share/rosidl_default_generators/cmake)
[0.890s] -- Found ament_cmake_ros: 0.10.0 (/opt/ros/humble/share/ament_cmake_ros/cmake)
[1.289s] -- Using all available rosidl_typesupport_c: rosidl_typesupport_fastrtps_c;rosidl_typesupport_introspection_c
[1.446s] -- Using all available rosidl_typesupport_cpp: rosidl_typesupport_fastrtps_cpp;rosidl_typesupport_introspection_cpp
[1.466s] -- Found PythonInterp: /usr/bin/python3 (found suitable version "3.10.12", minimum required is "3.6") 
[1.469s] -- Found python_cmake_module: 0.10.0 (/opt/ros/humble/share/python_cmake_module/cmake)
[1.495s] -- Found PythonLibs: /usr/lib/x86_64-linux-gnu/libpython3.10.so (found suitable version "3.10.12", minimum required is "3.5") 
[1.495s] -- Using PYTHON_EXECUTABLE: /usr/bin/python3
[1.495s] -- Using PYTHON_INCLUDE_DIRS: /usr/include/python3.10
[1.496s] -- Using PYTHON_LIBRARIES: /usr/lib/x86_64-linux-gnu/libpython3.10.so
[1.514s] -- Found PythonExtra: .so  
[1.570s] -- Found ament_lint_auto: 0.12.11 (/opt/ros/humble/share/ament_lint_auto/cmake)
[1.596s] -- Added test 'lint_cmake' to check CMake code style
[1.598s] -- Added test 'xmllint' to check XML markup files
[1.602s] -- Configuring done
[1.644s] -- Generating done
[1.646s] -- Build files have been written to: /workstation/nav2_ws/build/custom_msgs
[1.653s] Invoked command in '/workstation/nav2_ws/build/custom_msgs' returned '0': CMAKE_PREFIX_PATH=/opt/ros/humble /usr/bin/cmake /workstation/nav2_ws/src/custom_msgs -DCMAKE_INSTALL_PREFIX=/workstation/nav2_ws/install/custom_msgs
[1.654s] Invoking command in '/workstation/nav2_ws/build/custom_msgs': CMAKE_PREFIX_PATH=/opt/ros/humble /usr/bin/cmake --build /workstation/nav2_ws/build/custom_msgs -- -j12 -l12
[1.688s] [  2%] [34m[1mGenerating C code for ROS interfaces[0m
[1.699s] [  5%] [34m[1mGenerating C++ code for ROS interfaces[0m
[1.704s] [  5%] Built target ament_cmake_python_copy_custom_msgs
[1.938s] running egg_info
[1.939s] creating custom_msgs.egg-info
[1.940s] writing custom_msgs.egg-info/PKG-INFO
[1.940s] writing dependency_links to custom_msgs.egg-info/dependency_links.txt
[1.940s] writing top-level names to custom_msgs.egg-info/top_level.txt
[1.940s] writing manifest file 'custom_msgs.egg-info/SOURCES.txt'
[1.942s] reading manifest file 'custom_msgs.egg-info/SOURCES.txt'
[1.943s] writing manifest file 'custom_msgs.egg-info/SOURCES.txt'
[1.967s] [  5%] Built target ament_cmake_python_build_custom_msgs_egg
[2.095s] [  5%] Built target custom_msgs__cpp
[2.104s] [  7%] [34m[1mGenerating C++ type support dispatch for ROS interfaces[0m
[2.108s] [ 12%] [34m[1mGenerating C++ type support for eProsima Fast-RTPS[0m
[2.108s] [ 12%] [34m[1mGenerating C++ introspection for ROS interfaces[0m
[2.347s] [ 15%] [32mBuilding C object CMakeFiles/custom_msgs__rosidl_generator_c.dir/rosidl_generator_c/custom_msgs/msg/detail/obstacles__functions.c.o[0m
[2.355s] [ 17%] [32mBuilding C object CMakeFiles/custom_msgs__rosidl_generator_c.dir/rosidl_generator_c/custom_msgs/msg/detail/obstacle_data__functions.c.o[0m
[2.448s] [ 20%] [32m[1mLinking C shared library libcustom_msgs__rosidl_generator_c.so[0m
[2.498s] [ 20%] Built target custom_msgs__rosidl_generator_c
[2.515s] [ 23%] [34m[1mGenerating C type support for eProsima Fast-RTPS[0m
[2.533s] [ 25%] [34m[1mGenerating C introspection for ROS interfaces[0m
[2.536s] [ 28%] [34m[1mGenerating C type support dispatch for ROS interfaces[0m
[2.648s] [ 30%] [32mBuilding CXX object CMakeFiles/custom_msgs__rosidl_typesupport_cpp.dir/rosidl_typesupport_cpp/custom_msgs/msg/obstacle_data__type_support.cpp.o[0m
[2.658s] [ 33%] [32mBuilding CXX object CMakeFiles/custom_msgs__rosidl_typesupport_cpp.dir/rosidl_typesupport_cpp/custom_msgs/msg/obstacles__type_support.cpp.o[0m
[2.808s] [ 35%] [32mBuilding CXX object CMakeFiles/custom_msgs__rosidl_typesupport_introspection_cpp.dir/rosidl_typesupport_introspection_cpp/custom_msgs/msg/detail/obstacles__type_support.cpp.o[0m
[2.808s] [ 38%] [32mBuilding CXX object CMakeFiles/custom_msgs__rosidl_typesupport_introspection_cpp.dir/rosidl_typesupport_introspection_cpp/custom_msgs/msg/detail/obstacle_data__type_support.cpp.o[0m
[2.849s] [ 41%] [32mBuilding CXX object CMakeFiles/custom_msgs__rosidl_typesupport_fastrtps_cpp.dir/rosidl_typesupport_fastrtps_cpp/custom_msgs/msg/detail/dds_fastrtps/obstacle_data__type_support.cpp.o[0m
[2.859s] [ 43%] [32mBuilding CXX object CMakeFiles/custom_msgs__rosidl_typesupport_fastrtps_cpp.dir/rosidl_typesupport_fastrtps_cpp/custom_msgs/msg/detail/dds_fastrtps/obstacles__type_support.cpp.o[0m
[3.196s] [ 46%] [32mBuilding CXX object CMakeFiles/custom_msgs__rosidl_typesupport_c.dir/rosidl_typesupport_c/custom_msgs/msg/obstacle_data__type_support.cpp.o[0m
[3.212s] [ 48%] [32mBuilding CXX object CMakeFiles/custom_msgs__rosidl_typesupport_c.dir/rosidl_typesupport_c/custom_msgs/msg/obstacles__type_support.cpp.o[0m
[3.291s] [ 51%] [32m[1mLinking CXX shared library libcustom_msgs__rosidl_typesupport_c.so[0m
[3.422s] [ 51%] Built target custom_msgs__rosidl_typesupport_c
[3.525s] [ 53%] [32mBuilding C object CMakeFiles/custom_msgs__rosidl_typesupport_introspection_c.dir/rosidl_typesupport_introspection_c/custom_msgs/msg/detail/obstacles__type_support.c.o[0m
[3.526s] [ 56%] [32m[1mLinking CXX shared library libcustom_msgs__rosidl_typesupport_cpp.so[0m
[3.531s] [ 58%] [32mBuilding C object CMakeFiles/custom_msgs__rosidl_typesupport_introspection_c.dir/rosidl_typesupport_introspection_c/custom_msgs/msg/detail/obstacle_data__type_support.c.o[0m
[3.662s] [ 58%] Built target custom_msgs__rosidl_typesupport_cpp
[3.672s] [ 61%] [32m[1mLinking C shared library libcustom_msgs__rosidl_typesupport_introspection_c.so[0m
[3.681s] [ 64%] [32mBuilding CXX object CMakeFiles/custom_msgs__rosidl_typesupport_fastrtps_c.dir/rosidl_typesupport_fastrtps_c/custom_msgs/msg/detail/obstacle_data__type_support_c.cpp.o[0m
[3.693s] [ 66%] [32mBuilding CXX object CMakeFiles/custom_msgs__rosidl_typesupport_fastrtps_c.dir/rosidl_typesupport_fastrtps_c/custom_msgs/msg/detail/obstacles__type_support_c.cpp.o[0m
[3.795s] [ 66%] Built target custom_msgs__rosidl_typesupport_introspection_c
[4.195s] [ 69%] [32m[1mLinking CXX shared library libcustom_msgs__rosidl_typesupport_introspection_cpp.so[0m
[4.372s] [ 69%] Built target custom_msgs__rosidl_typesupport_introspection_cpp
[4.420s] [ 71%] [32m[1mLinking CXX shared library libcustom_msgs__rosidl_typesupport_fastrtps_cpp.so[0m
[4.673s] [ 71%] Built target custom_msgs__rosidl_typesupport_fastrtps_cpp
[4.721s] [ 74%] [32m[1mLinking CXX shared library libcustom_msgs__rosidl_typesupport_fastrtps_c.so[0m
[4.918s] [ 74%] Built target custom_msgs__rosidl_typesupport_fastrtps_c
[4.983s] [ 74%] Built target custom_msgs
[5.036s] [ 76%] [34m[1mGenerating Python code for ROS interfaces[0m
[5.776s] [ 76%] Built target custom_msgs__py
[5.793s] [ 79%] [32mBuilding C object CMakeFiles/custom_msgs__rosidl_generator_py.dir/rosidl_generator_py/custom_msgs/msg/_obstacle_data_s.c.o[0m
[5.796s] [ 82%] [32mBuilding C object CMakeFiles/custom_msgs__rosidl_generator_py.dir/rosidl_generator_py/custom_msgs/msg/_obstacles_s.c.o[0m
[5.949s] [ 84%] [32m[1mLinking C shared library rosidl_generator_py/custom_msgs/libcustom_msgs__rosidl_generator_py.so[0m
[5.986s] [ 84%] Built target custom_msgs__rosidl_generator_py
[6.007s] [ 87%] [32mBuilding C object CMakeFiles/custom_msgs__rosidl_typesupport_c__pyext.dir/rosidl_generator_py/custom_msgs/_custom_msgs_s.ep.rosidl_typesupport_c.c.o[0m
[6.010s] [ 92%] [32mBuilding C object CMakeFiles/custom_msgs__rosidl_typesupport_introspection_c__pyext.dir/rosidl_generator_py/custom_msgs/_custom_msgs_s.ep.rosidl_typesupport_introspection_c.c.o[0m
[6.010s] [ 92%] [32mBuilding C object CMakeFiles/custom_msgs__rosidl_typesupport_fastrtps_c__pyext.dir/rosidl_generator_py/custom_msgs/_custom_msgs_s.ep.rosidl_typesupport_fastrtps_c.c.o[0m
[6.163s] [ 94%] [32m[1mLinking C shared library rosidl_generator_py/custom_msgs/custom_msgs_s__rosidl_typesupport_fastrtps_c.cpython-310-x86_64-linux-gnu.so[0m
[6.164s] [ 97%] [32m[1mLinking C shared library rosidl_generator_py/custom_msgs/custom_msgs_s__rosidl_typesupport_c.cpython-310-x86_64-linux-gnu.so[0m
[6.169s] [100%] [32m[1mLinking C shared library rosidl_generator_py/custom_msgs/custom_msgs_s__rosidl_typesupport_introspection_c.cpython-310-x86_64-linux-gnu.so[0m
[6.203s] [100%] Built target custom_msgs__rosidl_typesupport_c__pyext
[6.214s] [100%] Built target custom_msgs__rosidl_typesupport_fastrtps_c__pyext
[6.221s] [100%] Built target custom_msgs__rosidl_typesupport_introspection_c__pyext
[6.231s] Invoked command in '/workstation/nav2_ws/build/custom_msgs' returned '0': CMAKE_PREFIX_PATH=/opt/ros/humble /usr/bin/cmake --build /workstation/nav2_ws/build/custom_msgs -- -j12 -l12
[6.299s] Invoking command in '/workstation/nav2_ws/build/custom_msgs': CMAKE_PREFIX_PATH=/opt/ros/humble /usr/bin/cmake --install /workstation/nav2_ws/build/custom_msgs
[6.305s] -- Install configuration: ""
[6.305s] -- Installing: /workstation/nav2_ws/install/custom_msgs/share/ament_index/resource_index/rosidl_interfaces/custom_msgs
[6.306s] -- Installing: /workstation/nav2_ws/install/custom_msgs/include/custom_msgs/custom_msgs
[6.306s] -- Installing: /workstation/nav2_ws/install/custom_msgs/include/custom_msgs/custom_msgs/msg
[6.306s] -- Installing: /workstation/nav2_ws/install/custom_msgs/include/custom_msgs/custom_msgs/msg/detail
[6.306s] -- Installing: /workstation/nav2_ws/install/custom_msgs/include/custom_msgs/custom_msgs/msg/detail/obstacle_data__struct.h
[6.306s] -- Installing: /workstation/nav2_ws/install/custom_msgs/include/custom_msgs/custom_msgs/msg/detail/obstacles__struct.h
[6.306s] -- Installing: /workstation/nav2_ws/install/custom_msgs/include/custom_msgs/custom_msgs/msg/detail/obstacles__type_support.h
[6.306s] -- Installing: /workstation/nav2_ws/install/custom_msgs/include/custom_msgs/custom_msgs/msg/detail/obstacles__functions.c
[6.307s] -- Installing: /workstation/nav2_ws/install/custom_msgs/include/custom_msgs/custom_msgs/msg/detail/obstacle_data__functions.c
[6.307s] -- Installing: /workstation/nav2_ws/install/custom_msgs/include/custom_msgs/custom_msgs/msg/detail/obstacle_data__type_support.h
[6.307s] -- Installing: /workstation/nav2_ws/install/custom_msgs/include/custom_msgs/custom_msgs/msg/detail/obstacle_data__functions.h
[6.307s] -- Installing: /workstation/nav2_ws/install/custom_msgs/include/custom_msgs/custom_msgs/msg/detail/obstacles__functions.h
[6.307s] -- Installing: /workstation/nav2_ws/install/custom_msgs/include/custom_msgs/custom_msgs/msg/obstacles.h
[6.307s] -- Installing: /workstation/nav2_ws/install/custom_msgs/include/custom_msgs/custom_msgs/msg/rosidl_generator_c__visibility_control.h
[6.307s] -- Installing: /workstation/nav2_ws/install/custom_msgs/include/custom_msgs/custom_msgs/msg/obstacle_data.h
[6.307s] -- Installing: /workstation/nav2_ws/install/custom_msgs/share/custom_msgs/environment/library_path.sh
[6.308s] -- Installing: /workstation/nav2_ws/install/custom_msgs/share/custom_msgs/environment/library_path.dsv
[6.308s] -- Installing: /workstation/nav2_ws/install/custom_msgs/lib/libcustom_msgs__rosidl_generator_c.so
[6.308s] -- Set runtime path of "/workstation/nav2_ws/install/custom_msgs/lib/libcustom_msgs__rosidl_generator_c.so" to ""
[6.308s] -- Up-to-date: /workstation/nav2_ws/install/custom_msgs/include/custom_msgs/custom_msgs
[6.308s] -- Up-to-date: /workstation/nav2_ws/install/custom_msgs/include/custom_msgs/custom_msgs/msg
[6.308s] -- Up-to-date: /workstation/nav2_ws/install/custom_msgs/include/custom_msgs/custom_msgs/msg/detail
[6.308s] -- Installing: /workstation/nav2_ws/install/custom_msgs/include/custom_msgs/custom_msgs/msg/detail/obstacles__rosidl_typesupport_fastrtps_c.h
[6.309s] -- Installing: /workstation/nav2_ws/install/custom_msgs/include/custom_msgs/custom_msgs/msg/detail/obstacle_data__rosidl_typesupport_fastrtps_c.h
[6.309s] -- Installing: /workstation/nav2_ws/install/custom_msgs/include/custom_msgs/custom_msgs/msg/rosidl_typesupport_fastrtps_c__visibility_control.h
[6.309s] -- Installing: /workstation/nav2_ws/install/custom_msgs/lib/libcustom_msgs__rosidl_typesupport_fastrtps_c.so
[6.309s] -- Set runtime path of "/workstation/nav2_ws/install/custom_msgs/lib/libcustom_msgs__rosidl_typesupport_fastrtps_c.so" to ""
[6.309s] -- Up-to-date: /workstation/nav2_ws/install/custom_msgs/include/custom_msgs/custom_msgs
[6.309s] -- Up-to-date: /workstation/nav2_ws/install/custom_msgs/include/custom_msgs/custom_msgs/msg
[6.309s] -- Up-to-date: /workstation/nav2_ws/install/custom_msgs/include/custom_msgs/custom_msgs/msg/detail
[6.310s] -- Installing: /workstation/nav2_ws/install/custom_msgs/include/custom_msgs/custom_msgs/msg/detail/obstacle_data__traits.hpp
[6.310s] -- Installing: /workstation/nav2_ws/install/custom_msgs/include/custom_msgs/custom_msgs/msg/detail/obstacles__builder.hpp
[6.310s] -- Installing: /workstation/nav2_ws/install/custom_msgs/include/custom_msgs/custom_msgs/msg/detail/obstacle_data__builder.hpp
[6.310s] -- Installing: /workstation/nav2_ws/install/custom_msgs/include/custom_msgs/custom_msgs/msg/detail/obstacle_data__struct.hpp
[6.310s] -- Installing: /workstation/nav2_ws/install/custom_msgs/include/custom_msgs/custom_msgs/msg/detail/obstacles__struct.hpp
[6.310s] -- Installing: /workstation/nav2_ws/install/custom_msgs/include/custom_msgs/custom_msgs/msg/detail/obstacles__traits.hpp
[6.310s] -- Installing: /workstation/nav2_ws/install/custom_msgs/include/custom_msgs/custom_msgs/msg/obstacles.hpp
[6.310s] -- Installing: /workstation/nav2_ws/install/custom_msgs/include/custom_msgs/custom_msgs/msg/obstacle_data.hpp
[6.311s] -- Up-to-date: /workstation/nav2_ws/install/custom_msgs/include/custom_msgs/custom_msgs
[6.311s] -- Up-to-date: /workstation/nav2_ws/install/custom_msgs/include/custom_msgs/custom_msgs/msg
[6.311s] -- Up-to-date: /workstation/nav2_ws/install/custom_msgs/include/custom_msgs/custom_msgs/msg/detail
[6.311s] -- Installing: /workstation/nav2_ws/install/custom_msgs/include/custom_msgs/custom_msgs/msg/detail/obstacle_data__rosidl_typesupport_fastrtps_cpp.hpp
[6.311s] -- Installing: /workstation/nav2_ws/install/custom_msgs/include/custom_msgs/custom_msgs/msg/detail/obstacles__rosidl_typesupport_fastrtps_cpp.hpp
[6.311s] -- Installing: /workstation/nav2_ws/install/custom_msgs/include/custom_msgs/custom_msgs/msg/detail/dds_fastrtps
[6.311s] -- Installing: /workstation/nav2_ws/install/custom_msgs/include/custom_msgs/custom_msgs/msg/rosidl_typesupport_fastrtps_cpp__visibility_control.h
[6.311s] -- Installing: /workstation/nav2_ws/install/custom_msgs/lib/libcustom_msgs__rosidl_typesupport_fastrtps_cpp.so
[6.311s] -- Set runtime path of "/workstation/nav2_ws/install/custom_msgs/lib/libcustom_msgs__rosidl_typesupport_fastrtps_cpp.so" to ""
[6.312s] -- Up-to-date: /workstation/nav2_ws/install/custom_msgs/include/custom_msgs/custom_msgs
[6.312s] -- Up-to-date: /workstation/nav2_ws/install/custom_msgs/include/custom_msgs/custom_msgs/msg
[6.312s] -- Up-to-date: /workstation/nav2_ws/install/custom_msgs/include/custom_msgs/custom_msgs/msg/detail
[6.312s] -- Installing: /workstation/nav2_ws/install/custom_msgs/include/custom_msgs/custom_msgs/msg/detail/obstacles__type_support.c
[6.312s] -- Installing: /workstation/nav2_ws/install/custom_msgs/include/custom_msgs/custom_msgs/msg/detail/obstacle_data__type_support.c
[6.312s] -- Installing: /workstation/nav2_ws/install/custom_msgs/include/custom_msgs/custom_msgs/msg/detail/obstacle_data__rosidl_typesupport_introspection_c.h
[6.312s] -- Installing: /workstation/nav2_ws/install/custom_msgs/include/custom_msgs/custom_msgs/msg/detail/obstacles__rosidl_typesupport_introspection_c.h
[6.312s] -- Installing: /workstation/nav2_ws/install/custom_msgs/include/custom_msgs/custom_msgs/msg/rosidl_typesupport_introspection_c__visibility_control.h
[6.313s] -- Installing: /workstation/nav2_ws/install/custom_msgs/lib/libcustom_msgs__rosidl_typesupport_introspection_c.so
[6.313s] -- Set runtime path of "/workstation/nav2_ws/install/custom_msgs/lib/libcustom_msgs__rosidl_typesupport_introspection_c.so" to ""
[6.313s] -- Installing: /workstation/nav2_ws/install/custom_msgs/lib/libcustom_msgs__rosidl_typesupport_c.so
[6.313s] -- Set runtime path of "/workstation/nav2_ws/install/custom_msgs/lib/libcustom_msgs__rosidl_typesupport_c.so" to ""
[6.313s] -- Up-to-date: /workstation/nav2_ws/install/custom_msgs/include/custom_msgs/custom_msgs
[6.313s] -- Up-to-date: /workstation/nav2_ws/install/custom_msgs/include/custom_msgs/custom_msgs/msg
[6.313s] -- Up-to-date: /workstation/nav2_ws/install/custom_msgs/include/custom_msgs/custom_msgs/msg/detail
[6.313s] -- Installing: /workstation/nav2_ws/install/custom_msgs/include/custom_msgs/custom_msgs/msg/detail/obstacles__type_support.cpp
[6.314s] -- Installing: /workstation/nav2_ws/install/custom_msgs/include/custom_msgs/custom_msgs/msg/detail/obstacle_data__rosidl_typesupport_introspection_cpp.hpp
[6.314s] -- Installing: /workstation/nav2_ws/install/custom_msgs/include/custom_msgs/custom_msgs/msg/detail/obstacles__rosidl_typesupport_introspection_cpp.hpp
[6.314s] -- Installing: /workstation/nav2_ws/install/custom_msgs/include/custom_msgs/custom_msgs/msg/detail/obstacle_data__type_support.cpp
[6.314s] -- Installing: /workstation/nav2_ws/install/custom_msgs/lib/libcustom_msgs__rosidl_typesupport_introspection_cpp.so
[6.314s] -- Set runtime path of "/workstation/nav2_ws/install/custom_msgs/lib/libcustom_msgs__rosidl_typesupport_introspection_cpp.so" to ""
[6.314s] -- Installing: /workstation/nav2_ws/install/custom_msgs/lib/libcustom_msgs__rosidl_typesupport_cpp.so
[6.314s] -- Set runtime path of "/workstation/nav2_ws/install/custom_msgs/lib/libcustom_msgs__rosidl_typesupport_cpp.so" to ""
[6.314s] -- Installing: /workstation/nav2_ws/install/custom_msgs/share/custom_msgs/environment/pythonpath.sh
[6.315s] -- Installing: /workstation/nav2_ws/install/custom_msgs/share/custom_msgs/environment/pythonpath.dsv
[6.315s] -- Installing: /workstation/nav2_ws/install/custom_msgs/local/lib/python3.10/dist-packages/custom_msgs-0.0.0-py3.10.egg-info
[6.315s] -- Installing: /workstation/nav2_ws/install/custom_msgs/local/lib/python3.10/dist-packages/custom_msgs-0.0.0-py3.10.egg-info/SOURCES.txt
[6.315s] -- Installing: /workstation/nav2_ws/install/custom_msgs/local/lib/python3.10/dist-packages/custom_msgs-0.0.0-py3.10.egg-info/PKG-INFO
[6.315s] -- Installing: /workstation/nav2_ws/install/custom_msgs/local/lib/python3.10/dist-packages/custom_msgs-0.0.0-py3.10.egg-info/top_level.txt
[6.315s] -- Installing: /workstation/nav2_ws/install/custom_msgs/local/lib/python3.10/dist-packages/custom_msgs-0.0.0-py3.10.egg-info/dependency_links.txt
[6.315s] -- Installing: /workstation/nav2_ws/install/custom_msgs/local/lib/python3.10/dist-packages/custom_msgs
[6.315s] -- Installing: /workstation/nav2_ws/install/custom_msgs/local/lib/python3.10/dist-packages/custom_msgs/custom_msgs_s__rosidl_typesupport_c.cpython-310-x86_64-linux-gnu.so
[6.316s] -- Installing: /workstation/nav2_ws/install/custom_msgs/local/lib/python3.10/dist-packages/custom_msgs/custom_msgs_s__rosidl_typesupport_introspection_c.cpython-310-x86_64-linux-gnu.so
[6.316s] -- Installing: /workstation/nav2_ws/install/custom_msgs/local/lib/python3.10/dist-packages/custom_msgs/_custom_msgs_s.ep.rosidl_typesupport_introspection_c.c
[6.316s] -- Installing: /workstation/nav2_ws/install/custom_msgs/local/lib/python3.10/dist-packages/custom_msgs/_custom_msgs_s.ep.rosidl_typesupport_c.c
[6.316s] -- Installing: /workstation/nav2_ws/install/custom_msgs/local/lib/python3.10/dist-packages/custom_msgs/custom_msgs_s__rosidl_typesupport_fastrtps_c.cpython-310-x86_64-linux-gnu.so
[6.316s] -- Installing: /workstation/nav2_ws/install/custom_msgs/local/lib/python3.10/dist-packages/custom_msgs/__init__.py
[6.316s] -- Installing: /workstation/nav2_ws/install/custom_msgs/local/lib/python3.10/dist-packages/custom_msgs/msg
[6.316s] -- Installing: /workstation/nav2_ws/install/custom_msgs/local/lib/python3.10/dist-packages/custom_msgs/msg/_obstacles.py
[6.316s] -- Installing: /workstation/nav2_ws/install/custom_msgs/local/lib/python3.10/dist-packages/custom_msgs/msg/_obstacle_data_s.c
[6.317s] -- Installing: /workstation/nav2_ws/install/custom_msgs/local/lib/python3.10/dist-packages/custom_msgs/msg/_obstacle_data.py
[6.317s] -- Installing: /workstation/nav2_ws/install/custom_msgs/local/lib/python3.10/dist-packages/custom_msgs/msg/__init__.py
[6.317s] -- Installing: /workstation/nav2_ws/install/custom_msgs/local/lib/python3.10/dist-packages/custom_msgs/msg/_obstacles_s.c
[6.317s] -- Installing: /workstation/nav2_ws/install/custom_msgs/local/lib/python3.10/dist-packages/custom_msgs/libcustom_msgs__rosidl_generator_py.so
[6.317s] -- Installing: /workstation/nav2_ws/install/custom_msgs/local/lib/python3.10/dist-packages/custom_msgs/_custom_msgs_s.ep.rosidl_typesupport_fastrtps_c.c
[6.367s] Listing '/workstation/nav2_ws/install/custom_msgs/local/lib/python3.10/dist-packages/custom_msgs'...
[6.368s] Compiling '/workstation/nav2_ws/install/custom_msgs/local/lib/python3.10/dist-packages/custom_msgs/__init__.py'...
[6.368s] Listing '/workstation/nav2_ws/install/custom_msgs/local/lib/python3.10/dist-packages/custom_msgs/msg'...
[6.368s] Compiling '/workstation/nav2_ws/install/custom_msgs/local/lib/python3.10/dist-packages/custom_msgs/msg/__init__.py'...
[6.368s] Compiling '/workstation/nav2_ws/install/custom_msgs/local/lib/python3.10/dist-packages/custom_msgs/msg/_obstacle_data.py'...
[6.368s] Compiling '/workstation/nav2_ws/install/custom_msgs/local/lib/python3.10/dist-packages/custom_msgs/msg/_obstacles.py'...
[6.370s] -- Installing: /workstation/nav2_ws/install/custom_msgs/local/lib/python3.10/dist-packages/custom_msgs/custom_msgs_s__rosidl_typesupport_fastrtps_c.cpython-310-x86_64-linux-gnu.so
[6.370s] -- Set runtime path of "/workstation/nav2_ws/install/custom_msgs/local/lib/python3.10/dist-packages/custom_msgs/custom_msgs_s__rosidl_typesupport_fastrtps_c.cpython-310-x86_64-linux-gnu.so" to ""
[6.370s] -- Installing: /workstation/nav2_ws/install/custom_msgs/local/lib/python3.10/dist-packages/custom_msgs/custom_msgs_s__rosidl_typesupport_introspection_c.cpython-310-x86_64-linux-gnu.so
[6.371s] -- Set runtime path of "/workstation/nav2_ws/install/custom_msgs/local/lib/python3.10/dist-packages/custom_msgs/custom_msgs_s__rosidl_typesupport_introspection_c.cpython-310-x86_64-linux-gnu.so" to ""
[6.371s] -- Installing: /workstation/nav2_ws/install/custom_msgs/local/lib/python3.10/dist-packages/custom_msgs/custom_msgs_s__rosidl_typesupport_c.cpython-310-x86_64-linux-gnu.so
[6.372s] -- Set runtime path of "/workstation/nav2_ws/install/custom_msgs/local/lib/python3.10/dist-packages/custom_msgs/custom_msgs_s__rosidl_typesupport_c.cpython-310-x86_64-linux-gnu.so" to ""
[6.372s] -- Installing: /workstation/nav2_ws/install/custom_msgs/lib/libcustom_msgs__rosidl_generator_py.so
[6.373s] -- Set runtime path of "/workstation/nav2_ws/install/custom_msgs/lib/libcustom_msgs__rosidl_generator_py.so" to ""
[6.373s] -- Installing: /workstation/nav2_ws/install/custom_msgs/share/custom_msgs/msg/ObstacleData.idl
[6.374s] -- Installing: /workstation/nav2_ws/install/custom_msgs/share/custom_msgs/msg/Obstacles.idl
[6.374s] -- Installing: /workstation/nav2_ws/install/custom_msgs/share/custom_msgs/msg/ObstacleData.msg
[6.375s] -- Installing: /workstation/nav2_ws/install/custom_msgs/share/custom_msgs/msg/Obstacles.msg
[6.375s] -- Installing: /workstation/nav2_ws/install/custom_msgs/share/ament_index/resource_index/package_run_dependencies/custom_msgs
[6.376s] -- Installing: /workstation/nav2_ws/install/custom_msgs/share/ament_index/resource_index/parent_prefix_path/custom_msgs
[6.376s] -- Installing: /workstation/nav2_ws/install/custom_msgs/share/custom_msgs/environment/ament_prefix_path.sh
[6.376s] -- Installing: /workstation/nav2_ws/install/custom_msgs/share/custom_msgs/environment/ament_prefix_path.dsv
[6.377s] -- Installing: /workstation/nav2_ws/install/custom_msgs/share/custom_msgs/environment/path.sh
[6.377s] -- Installing: /workstation/nav2_ws/install/custom_msgs/share/custom_msgs/environment/path.dsv
[6.378s] -- Installing: /workstation/nav2_ws/install/custom_msgs/share/custom_msgs/local_setup.bash
[6.378s] -- Installing: /workstation/nav2_ws/install/custom_msgs/share/custom_msgs/local_setup.sh
[6.378s] -- Installing: /workstation/nav2_ws/install/custom_msgs/share/custom_msgs/local_setup.zsh
[6.379s] -- Installing: /workstation/nav2_ws/install/custom_msgs/share/custom_msgs/local_setup.dsv
[6.379s] -- Installing: /workstation/nav2_ws/install/custom_msgs/share/custom_msgs/package.dsv
[6.380s] -- Installing: /workstation/nav2_ws/install/custom_msgs/share/ament_index/resource_index/packages/custom_msgs
[6.380s] -- Installing: /workstation/nav2_ws/install/custom_msgs/share/custom_msgs/cmake/export_custom_msgs__rosidl_generator_cExport.cmake
[6.381s] -- Installing: /workstation/nav2_ws/install/custom_msgs/share/custom_msgs/cmake/export_custom_msgs__rosidl_generator_cExport-noconfig.cmake
[6.381s] -- Installing: /workstation/nav2_ws/install/custom_msgs/share/custom_msgs/cmake/export_custom_msgs__rosidl_typesupport_fastrtps_cExport.cmake
[6.381s] -- Installing: /workstation/nav2_ws/install/custom_msgs/share/custom_msgs/cmake/export_custom_msgs__rosidl_typesupport_fastrtps_cExport-noconfig.cmake
[6.382s] -- Installing: /workstation/nav2_ws/install/custom_msgs/share/custom_msgs/cmake/export_custom_msgs__rosidl_generator_cppExport.cmake
[6.382s] -- Installing: /workstation/nav2_ws/install/custom_msgs/share/custom_msgs/cmake/export_custom_msgs__rosidl_typesupport_fastrtps_cppExport.cmake
[6.383s] -- Installing: /workstation/nav2_ws/install/custom_msgs/share/custom_msgs/cmake/export_custom_msgs__rosidl_typesupport_fastrtps_cppExport-noconfig.cmake
[6.383s] -- Installing: /workstation/nav2_ws/install/custom_msgs/share/custom_msgs/cmake/custom_msgs__rosidl_typesupport_introspection_cExport.cmake
[6.384s] -- Installing: /workstation/nav2_ws/install/custom_msgs/share/custom_msgs/cmake/custom_msgs__rosidl_typesupport_introspection_cExport-noconfig.cmake
[6.384s] -- Installing: /workstation/nav2_ws/install/custom_msgs/share/custom_msgs/cmake/custom_msgs__rosidl_typesupport_cExport.cmake
[6.384s] -- Installing: /workstation/nav2_ws/install/custom_msgs/share/custom_msgs/cmake/custom_msgs__rosidl_typesupport_cExport-noconfig.cmake
[6.385s] -- Installing: /workstation/nav2_ws/install/custom_msgs/share/custom_msgs/cmake/custom_msgs__rosidl_typesupport_introspection_cppExport.cmake
[6.385s] -- Installing: /workstation/nav2_ws/install/custom_msgs/share/custom_msgs/cmake/custom_msgs__rosidl_typesupport_introspection_cppExport-noconfig.cmake
[6.386s] -- Installing: /workstation/nav2_ws/install/custom_msgs/share/custom_msgs/cmake/custom_msgs__rosidl_typesupport_cppExport.cmake
[6.386s] -- Installing: /workstation/nav2_ws/install/custom_msgs/share/custom_msgs/cmake/custom_msgs__rosidl_typesupport_cppExport-noconfig.cmake
[6.387s] -- Installing: /workstation/nav2_ws/install/custom_msgs/share/custom_msgs/cmake/export_custom_msgs__rosidl_generator_pyExport.cmake
[6.387s] -- Installing: /workstation/nav2_ws/install/custom_msgs/share/custom_msgs/cmake/export_custom_msgs__rosidl_generator_pyExport-noconfig.cmake
[6.388s] -- Installing: /workstation/nav2_ws/install/custom_msgs/share/custom_msgs/cmake/rosidl_cmake-extras.cmake
[6.388s] -- Installing: /workstation/nav2_ws/install/custom_msgs/share/custom_msgs/cmake/ament_cmake_export_dependencies-extras.cmake
[6.388s] -- Installing: /workstation/nav2_ws/install/custom_msgs/share/custom_msgs/cmake/ament_cmake_export_include_directories-extras.cmake
[6.389s] -- Installing: /workstation/nav2_ws/install/custom_msgs/share/custom_msgs/cmake/ament_cmake_export_libraries-extras.cmake
[6.389s] -- Installing: /workstation/nav2_ws/install/custom_msgs/share/custom_msgs/cmake/ament_cmake_export_targets-extras.cmake
[6.389s] -- Installing: /workstation/nav2_ws/install/custom_msgs/share/custom_msgs/cmake/rosidl_cmake_export_typesupport_targets-extras.cmake
[6.390s] -- Installing: /workstation/nav2_ws/install/custom_msgs/share/custom_msgs/cmake/rosidl_cmake_export_typesupport_libraries-extras.cmake
[6.390s] -- Installing: /workstation/nav2_ws/install/custom_msgs/share/custom_msgs/cmake/custom_msgsConfig.cmake
[6.390s] -- Installing: /workstation/nav2_ws/install/custom_msgs/share/custom_msgs/cmake/custom_msgsConfig-version.cmake
[6.394s] -- Installing: /workstation/nav2_ws/install/custom_msgs/share/custom_msgs/package.xml
[6.394s] Invoked command in '/workstation/nav2_ws/build/custom_msgs' returned '0': CMAKE_PREFIX_PATH=/opt/ros/humble /usr/bin/cmake --install /workstation/nav2_ws/build/custom_msgs
