[0.045s] Invoking command in '/workstation/nav2_ws/build/nav2_behaviors': AMENT_PREFIX_PATH=/workstation/nav2_ws/install/nav2_core:/workstation/nav2_ws/install/nav2_costmap_2d:/workstation/nav2_ws/install/nav2_map_server:/workstation/nav2_ws/install/nav2_lifecycle_manager:/workstation/nav2_ws/install/nav2_behavior_tree:/workstation/nav2_ws/install/nav2_util:/workstation/nav2_ws/install/nav2_voxel_grid:/workstation/nav2_ws/install/nav2_msgs:/workstation/nav2_ws/install/nav2_common:${AMENT_PREFIX_PATH} CMAKE_PREFIX_PATH=/workstation/nav2_ws/install/nav2_core:/workstation/nav2_ws/install/nav2_costmap_2d:/workstation/nav2_ws/install/nav2_map_server:/workstation/nav2_ws/install/nav2_lifecycle_manager:/workstation/nav2_ws/install/nav2_behavior_tree:/workstation/nav2_ws/install/nav2_util:/workstation/nav2_ws/install/nav2_voxel_grid:/workstation/nav2_ws/install/nav2_msgs:/workstation/nav2_ws/install/nav2_common:/opt/ros/humble LD_LIBRARY_PATH=/workstation/nav2_ws/install/nav2_costmap_2d/lib:/workstation/nav2_ws/install/nav2_map_server/lib:/workstation/nav2_ws/install/nav2_lifecycle_manager/lib:/workstation/nav2_ws/install/nav2_behavior_tree/lib:/workstation/nav2_ws/install/nav2_util/lib:/workstation/nav2_ws/install/nav2_voxel_grid/lib:/workstation/nav2_ws/install/nav2_msgs/lib:${LD_LIBRARY_PATH} PYTHONPATH=/workstation/nav2_ws/install/nav2_msgs/local/lib/python3.10/dist-packages:/workstation/nav2_ws/install/nav2_common/local/lib/python3.10/dist-packages:${PYTHONPATH} /usr/bin/cmake --build /workstation/nav2_ws/build/nav2_behaviors -- -j12 -l12
[0.115s] [35m[1mConsolidate compiler generated dependencies of target nav2_spin_behavior[0m
[0.115s] [35m[1mConsolidate compiler generated dependencies of target nav2_wait_behavior[0m
[0.126s] [35m[1mConsolidate compiler generated dependencies of target behavior_server_core[0m
[0.131s] [35m[1mConsolidate compiler generated dependencies of target nav2_drive_on_heading_behavior[0m
[0.134s] [35m[1mConsolidate compiler generated dependencies of target nav2_assisted_teleop_behavior[0m
[0.142s] [35m[1mConsolidate compiler generated dependencies of target nav2_back_up_behavior[0m
[0.148s] [35m[1mConsolidate compiler generated dependencies of target gtest_main[0m
[0.148s] [35m[1mConsolidate compiler generated dependencies of target gtest[0m
[0.171s] [ 10%] Built target nav2_wait_behavior
[0.197s] [ 20%] Built target nav2_spin_behavior
[0.199s] [ 30%] Built target gtest
[0.199s] [ 40%] Built target behavior_server_core
[0.214s] [ 50%] Built target nav2_drive_on_heading_behavior
[0.215s] [ 60%] Built target nav2_assisted_teleop_behavior
[0.222s] [ 70%] Built target nav2_back_up_behavior
[0.229s] [ 80%] Built target gtest_main
[0.240s] [35m[1mConsolidate compiler generated dependencies of target behavior_server[0m
[0.269s] [35m[1mConsolidate compiler generated dependencies of target test_behaviors[0m
[0.290s] [ 90%] Built target behavior_server
[0.307s] [100%] Built target test_behaviors
[0.373s] Invoked command in '/workstation/nav2_ws/build/nav2_behaviors' returned '0': AMENT_PREFIX_PATH=/workstation/nav2_ws/install/nav2_core:/workstation/nav2_ws/install/nav2_costmap_2d:/workstation/nav2_ws/install/nav2_map_server:/workstation/nav2_ws/install/nav2_lifecycle_manager:/workstation/nav2_ws/install/nav2_behavior_tree:/workstation/nav2_ws/install/nav2_util:/workstation/nav2_ws/install/nav2_voxel_grid:/workstation/nav2_ws/install/nav2_msgs:/workstation/nav2_ws/install/nav2_common:${AMENT_PREFIX_PATH} CMAKE_PREFIX_PATH=/workstation/nav2_ws/install/nav2_core:/workstation/nav2_ws/install/nav2_costmap_2d:/workstation/nav2_ws/install/nav2_map_server:/workstation/nav2_ws/install/nav2_lifecycle_manager:/workstation/nav2_ws/install/nav2_behavior_tree:/workstation/nav2_ws/install/nav2_util:/workstation/nav2_ws/install/nav2_voxel_grid:/workstation/nav2_ws/install/nav2_msgs:/workstation/nav2_ws/install/nav2_common:/opt/ros/humble LD_LIBRARY_PATH=/workstation/nav2_ws/install/nav2_costmap_2d/lib:/workstation/nav2_ws/install/nav2_map_server/lib:/workstation/nav2_ws/install/nav2_lifecycle_manager/lib:/workstation/nav2_ws/install/nav2_behavior_tree/lib:/workstation/nav2_ws/install/nav2_util/lib:/workstation/nav2_ws/install/nav2_voxel_grid/lib:/workstation/nav2_ws/install/nav2_msgs/lib:${LD_LIBRARY_PATH} PYTHONPATH=/workstation/nav2_ws/install/nav2_msgs/local/lib/python3.10/dist-packages:/workstation/nav2_ws/install/nav2_common/local/lib/python3.10/dist-packages:${PYTHONPATH} /usr/bin/cmake --build /workstation/nav2_ws/build/nav2_behaviors -- -j12 -l12
[0.559s] Invoking command in '/workstation/nav2_ws/build/nav2_behaviors': AMENT_PREFIX_PATH=/workstation/nav2_ws/install/nav2_core:/workstation/nav2_ws/install/nav2_costmap_2d:/workstation/nav2_ws/install/nav2_map_server:/workstation/nav2_ws/install/nav2_lifecycle_manager:/workstation/nav2_ws/install/nav2_behavior_tree:/workstation/nav2_ws/install/nav2_util:/workstation/nav2_ws/install/nav2_voxel_grid:/workstation/nav2_ws/install/nav2_msgs:/workstation/nav2_ws/install/nav2_common:${AMENT_PREFIX_PATH} CMAKE_PREFIX_PATH=/workstation/nav2_ws/install/nav2_core:/workstation/nav2_ws/install/nav2_costmap_2d:/workstation/nav2_ws/install/nav2_map_server:/workstation/nav2_ws/install/nav2_lifecycle_manager:/workstation/nav2_ws/install/nav2_behavior_tree:/workstation/nav2_ws/install/nav2_util:/workstation/nav2_ws/install/nav2_voxel_grid:/workstation/nav2_ws/install/nav2_msgs:/workstation/nav2_ws/install/nav2_common:/opt/ros/humble LD_LIBRARY_PATH=/workstation/nav2_ws/install/nav2_costmap_2d/lib:/workstation/nav2_ws/install/nav2_map_server/lib:/workstation/nav2_ws/install/nav2_lifecycle_manager/lib:/workstation/nav2_ws/install/nav2_behavior_tree/lib:/workstation/nav2_ws/install/nav2_util/lib:/workstation/nav2_ws/install/nav2_voxel_grid/lib:/workstation/nav2_ws/install/nav2_msgs/lib:${LD_LIBRARY_PATH} PYTHONPATH=/workstation/nav2_ws/install/nav2_msgs/local/lib/python3.10/dist-packages:/workstation/nav2_ws/install/nav2_common/local/lib/python3.10/dist-packages:${PYTHONPATH} /usr/bin/cmake --install /workstation/nav2_ws/build/nav2_behaviors
[0.590s] -- Install configuration: "Release"
[0.591s] -- Up-to-date: /workstation/nav2_ws/install/nav2_behaviors/share/nav2_behaviors/behavior_plugin.xml
[0.591s] -- Up-to-date: /workstation/nav2_ws/install/nav2_behaviors/lib/libbehavior_server_core.so
[0.591s] -- Up-to-date: /workstation/nav2_ws/install/nav2_behaviors/lib/libnav2_spin_behavior.so
[0.591s] -- Up-to-date: /workstation/nav2_ws/install/nav2_behaviors/lib/libnav2_wait_behavior.so
[0.591s] -- Up-to-date: /workstation/nav2_ws/install/nav2_behaviors/lib/libnav2_assisted_teleop_behavior.so
[0.591s] -- Up-to-date: /workstation/nav2_ws/install/nav2_behaviors/lib/libnav2_drive_on_heading_behavior.so
[0.591s] -- Up-to-date: /workstation/nav2_ws/install/nav2_behaviors/lib/libnav2_back_up_behavior.so
[0.591s] -- Up-to-date: /workstation/nav2_ws/install/nav2_behaviors/lib/nav2_behaviors/behavior_server
[0.591s] -- Up-to-date: /workstation/nav2_ws/install/nav2_behaviors/include/
[0.591s] -- Up-to-date: /workstation/nav2_ws/install/nav2_behaviors/include//nav2_behaviors
[0.591s] -- Up-to-date: /workstation/nav2_ws/install/nav2_behaviors/include//nav2_behaviors/plugins
[0.591s] -- Up-to-date: /workstation/nav2_ws/install/nav2_behaviors/include//nav2_behaviors/plugins/drive_on_heading.hpp
[0.591s] -- Up-to-date: /workstation/nav2_ws/install/nav2_behaviors/include//nav2_behaviors/plugins/back_up.hpp
[0.591s] -- Up-to-date: /workstation/nav2_ws/install/nav2_behaviors/include//nav2_behaviors/plugins/wait.hpp
[0.592s] -- Up-to-date: /workstation/nav2_ws/install/nav2_behaviors/include//nav2_behaviors/plugins/spin.hpp
[0.592s] -- Up-to-date: /workstation/nav2_ws/install/nav2_behaviors/include//nav2_behaviors/plugins/assisted_teleop.hpp
[0.592s] -- Up-to-date: /workstation/nav2_ws/install/nav2_behaviors/include//nav2_behaviors/behavior_server.hpp
[0.592s] -- Up-to-date: /workstation/nav2_ws/install/nav2_behaviors/include//nav2_behaviors/timed_behavior.hpp
[0.592s] -- Up-to-date: /workstation/nav2_ws/install/nav2_behaviors/share/nav2_behaviors/behavior_plugin.xml
[0.592s] -- Up-to-date: /workstation/nav2_ws/install/nav2_behaviors/share/nav2_behaviors/plugins/
[0.592s] -- Up-to-date: /workstation/nav2_ws/install/nav2_behaviors/share/nav2_behaviors/plugins//drive_on_heading.cpp
[0.592s] -- Up-to-date: /workstation/nav2_ws/install/nav2_behaviors/share/nav2_behaviors/plugins//back_up.cpp
[0.592s] -- Up-to-date: /workstation/nav2_ws/install/nav2_behaviors/share/nav2_behaviors/plugins//spin.cpp
[0.592s] -- Up-to-date: /workstation/nav2_ws/install/nav2_behaviors/share/nav2_behaviors/plugins//wait.cpp
[0.592s] -- Up-to-date: /workstation/nav2_ws/install/nav2_behaviors/share/nav2_behaviors/plugins//assisted_teleop.cpp
[0.592s] -- Up-to-date: /workstation/nav2_ws/install/nav2_behaviors/share/nav2_behaviors/environment/library_path.sh
[0.592s] -- Up-to-date: /workstation/nav2_ws/install/nav2_behaviors/share/nav2_behaviors/environment/library_path.dsv
[0.592s] -- Up-to-date: /workstation/nav2_ws/install/nav2_behaviors/share/ament_index/resource_index/package_run_dependencies/nav2_behaviors
[0.592s] -- Up-to-date: /workstation/nav2_ws/install/nav2_behaviors/share/ament_index/resource_index/parent_prefix_path/nav2_behaviors
[0.592s] -- Up-to-date: /workstation/nav2_ws/install/nav2_behaviors/share/nav2_behaviors/environment/ament_prefix_path.sh
[0.592s] -- Up-to-date: /workstation/nav2_ws/install/nav2_behaviors/share/nav2_behaviors/environment/ament_prefix_path.dsv
[0.593s] -- Up-to-date: /workstation/nav2_ws/install/nav2_behaviors/share/nav2_behaviors/environment/path.sh
[0.593s] -- Up-to-date: /workstation/nav2_ws/install/nav2_behaviors/share/nav2_behaviors/environment/path.dsv
[0.593s] -- Up-to-date: /workstation/nav2_ws/install/nav2_behaviors/share/nav2_behaviors/local_setup.bash
[0.593s] -- Up-to-date: /workstation/nav2_ws/install/nav2_behaviors/share/nav2_behaviors/local_setup.sh
[0.593s] -- Up-to-date: /workstation/nav2_ws/install/nav2_behaviors/share/nav2_behaviors/local_setup.zsh
[0.593s] -- Up-to-date: /workstation/nav2_ws/install/nav2_behaviors/share/nav2_behaviors/local_setup.dsv
[0.593s] -- Installing: /workstation/nav2_ws/install/nav2_behaviors/share/nav2_behaviors/package.dsv
[0.593s] -- Up-to-date: /workstation/nav2_ws/install/nav2_behaviors/share/ament_index/resource_index/packages/nav2_behaviors
[0.593s] -- Up-to-date: /workstation/nav2_ws/install/nav2_behaviors/share/ament_index/resource_index/nav2_core__pluginlib__plugin/nav2_behaviors
[0.593s] -- Up-to-date: /workstation/nav2_ws/install/nav2_behaviors/share/ament_index/resource_index/rclcpp_components/nav2_behaviors
[0.593s] -- Up-to-date: /workstation/nav2_ws/install/nav2_behaviors/share/nav2_behaviors/cmake/ament_cmake_export_include_directories-extras.cmake
[0.593s] -- Up-to-date: /workstation/nav2_ws/install/nav2_behaviors/share/nav2_behaviors/cmake/ament_cmake_export_libraries-extras.cmake
[0.593s] -- Up-to-date: /workstation/nav2_ws/install/nav2_behaviors/share/nav2_behaviors/cmake/ament_cmake_export_dependencies-extras.cmake
[0.593s] -- Up-to-date: /workstation/nav2_ws/install/nav2_behaviors/share/nav2_behaviors/cmake/nav2_behaviorsConfig.cmake
[0.593s] -- Up-to-date: /workstation/nav2_ws/install/nav2_behaviors/share/nav2_behaviors/cmake/nav2_behaviorsConfig-version.cmake
[0.593s] -- Up-to-date: /workstation/nav2_ws/install/nav2_behaviors/share/nav2_behaviors/package.xml
[0.625s] Invoked command in '/workstation/nav2_ws/build/nav2_behaviors' returned '0': AMENT_PREFIX_PATH=/workstation/nav2_ws/install/nav2_core:/workstation/nav2_ws/install/nav2_costmap_2d:/workstation/nav2_ws/install/nav2_map_server:/workstation/nav2_ws/install/nav2_lifecycle_manager:/workstation/nav2_ws/install/nav2_behavior_tree:/workstation/nav2_ws/install/nav2_util:/workstation/nav2_ws/install/nav2_voxel_grid:/workstation/nav2_ws/install/nav2_msgs:/workstation/nav2_ws/install/nav2_common:${AMENT_PREFIX_PATH} CMAKE_PREFIX_PATH=/workstation/nav2_ws/install/nav2_core:/workstation/nav2_ws/install/nav2_costmap_2d:/workstation/nav2_ws/install/nav2_map_server:/workstation/nav2_ws/install/nav2_lifecycle_manager:/workstation/nav2_ws/install/nav2_behavior_tree:/workstation/nav2_ws/install/nav2_util:/workstation/nav2_ws/install/nav2_voxel_grid:/workstation/nav2_ws/install/nav2_msgs:/workstation/nav2_ws/install/nav2_common:/opt/ros/humble LD_LIBRARY_PATH=/workstation/nav2_ws/install/nav2_costmap_2d/lib:/workstation/nav2_ws/install/nav2_map_server/lib:/workstation/nav2_ws/install/nav2_lifecycle_manager/lib:/workstation/nav2_ws/install/nav2_behavior_tree/lib:/workstation/nav2_ws/install/nav2_util/lib:/workstation/nav2_ws/install/nav2_voxel_grid/lib:/workstation/nav2_ws/install/nav2_msgs/lib:${LD_LIBRARY_PATH} PYTHONPATH=/workstation/nav2_ws/install/nav2_msgs/local/lib/python3.10/dist-packages:/workstation/nav2_ws/install/nav2_common/local/lib/python3.10/dist-packages:${PYTHONPATH} /usr/bin/cmake --install /workstation/nav2_ws/build/nav2_behaviors
