[0.057s] Invoking command in '/workstation/nav2_ws/build/nav2_mppi_controller': AMENT_PREFIX_PATH=/workstation/nav2_ws/install/nav2_core:/workstation/nav2_ws/install/nav2_costmap_2d:/workstation/nav2_ws/install/nav2_map_server:/workstation/nav2_ws/install/nav2_lifecycle_manager:/workstation/nav2_ws/install/nav2_util:/workstation/nav2_ws/install/nav2_voxel_grid:/workstation/nav2_ws/install/nav2_msgs:/workstation/nav2_ws/install/nav2_common:/workstation/nav2_ws/install/custom_msgs:${AMENT_PREFIX_PATH} CMAKE_PREFIX_PATH=/workstation/nav2_ws/install/nav2_core:/workstation/nav2_ws/install/nav2_costmap_2d:/workstation/nav2_ws/install/nav2_map_server:/workstation/nav2_ws/install/nav2_lifecycle_manager:/workstation/nav2_ws/install/nav2_util:/workstation/nav2_ws/install/nav2_voxel_grid:/workstation/nav2_ws/install/nav2_msgs:/workstation/nav2_ws/install/nav2_common:/workstation/nav2_ws/install/custom_msgs:/opt/ros/humble LD_LIBRARY_PATH=/workstation/nav2_ws/install/nav2_costmap_2d/lib:/workstation/nav2_ws/install/nav2_map_server/lib:/workstation/nav2_ws/install/nav2_lifecycle_manager/lib:/workstation/nav2_ws/install/nav2_util/lib:/workstation/nav2_ws/install/nav2_voxel_grid/lib:/workstation/nav2_ws/install/nav2_msgs/lib:/workstation/nav2_ws/install/custom_msgs/lib:${LD_LIBRARY_PATH} PYTHONPATH=/workstation/nav2_ws/install/nav2_msgs/local/lib/python3.10/dist-packages:/workstation/nav2_ws/install/nav2_common/local/lib/python3.10/dist-packages:/workstation/nav2_ws/install/custom_msgs/local/lib/python3.10/dist-packages:${PYTHONPATH} /usr/bin/cmake /workstation/nav2_ws/src/navigation2/nav2_mppi_controller -DCMAKE_INSTALL_PREFIX=/workstation/nav2_ws/install/nav2_mppi_controller
[0.525s] -- The C compiler identification is GNU 11.4.0
[0.525s] -- The CXX compiler identification is GNU 11.4.0
[0.525s] -- Detecting C compiler ABI info
[0.526s] -- Detecting C compiler ABI info - done
[0.526s] -- Check for working C compiler: /usr/bin/cc - skipped
[0.526s] -- Detecting C compile features
[0.526s] -- Detecting C compile features - done
[0.526s] -- Detecting CXX compiler ABI info
[0.732s] -- Detecting CXX compiler ABI info - done
[0.768s] -- Check for working CXX compiler: /usr/bin/c++ - skipped
[0.769s] -- Detecting CXX compile features
[0.770s] -- Detecting CXX compile features - done
[0.794s] -- Found ament_cmake: 1.3.10 (/opt/ros/humble/share/ament_cmake/cmake)
[1.460s] -- Found Python3: /usr/bin/python3 (found version "3.10.12") found components: Interpreter 
[1.962s] -- Performing Test arch_native_supported
[2.159s] -- Performing Test arch_native_supported - Success
[2.206s] -- Found grid_map_msgs: 2.0.0 (/opt/ros/humble/share/grid_map_msgs/cmake)
[2.444s] -- Found rosidl_generator_c: 3.1.5 (/opt/ros/humble/share/rosidl_generator_c/cmake)
[2.460s] -- Found rosidl_adapter: 3.1.5 (/opt/ros/humble/share/rosidl_adapter/cmake)
[2.494s] -- Found rosidl_generator_cpp: 3.1.5 (/opt/ros/humble/share/rosidl_generator_cpp/cmake)
[2.571s] -- Using all available rosidl_typesupport_c: rosidl_typesupport_fastrtps_c;rosidl_typesupport_introspection_c
[2.697s] -- Using all available rosidl_typesupport_cpp: rosidl_typesupport_fastrtps_cpp;rosidl_typesupport_introspection_cpp
[2.948s] -- Found grid_map_core: 2.0.0 (/opt/ros/humble/share/grid_map_core/cmake)
[2.964s] -- Found custom_msgs: 0.0.0 (/workstation/nav2_ws/install/custom_msgs/share/custom_msgs/cmake)
[3.053s] -- Found rclcpp: 16.0.10 (/opt/ros/humble/share/rclcpp/cmake)
[3.198s] -- Found rmw_implementation_cmake: 6.1.2 (/opt/ros/humble/share/rmw_implementation_cmake/cmake)
[3.209s] -- Found rmw_fastrtps_cpp: 6.2.7 (/opt/ros/humble/share/rmw_fastrtps_cpp/cmake)
[3.536s] -- Found OpenSSL: /usr/lib/x86_64-linux-gnu/libcrypto.so (found version "3.0.2")  
[3.636s] -- Found FastRTPS: /opt/ros/humble/include  
[3.751s] -- Using RMW implementation 'rmw_fastrtps_cpp' as default
[3.788s] -- Looking for pthread.h
[3.984s] -- Looking for pthread.h - found
[3.985s] -- Performing Test CMAKE_HAVE_LIBC_PTHREAD
[4.106s] -- Performing Test CMAKE_HAVE_LIBC_PTHREAD - Success
[4.109s] -- Found Threads: TRUE  
[4.263s] -- Found nav2_common: 1.1.16 (/workstation/nav2_ws/install/nav2_common/share/nav2_common/cmake)
[4.275s] -- Found pluginlib: 5.1.0 (/opt/ros/humble/share/pluginlib/cmake)
[4.406s] -- Found tf2: 0.25.8 (/opt/ros/humble/share/tf2/cmake)
[4.417s] -- Found visualization_msgs: 4.2.4 (/opt/ros/humble/share/visualization_msgs/cmake)
[4.579s] -- Found nav_msgs: 4.2.4 (/opt/ros/humble/share/nav_msgs/cmake)
[4.629s] -- Found nav2_core: 1.1.16 (/workstation/nav2_ws/install/nav2_core/share/nav2_core/cmake)
[5.238s] -- Found Eigen3: TRUE (found version "3.4.0") 
[5.238s] -- Ensuring Eigen3 include directory is part of orocos-kdl CMake target
[5.646s] -- Found tf2_eigen: 0.25.7 (/opt/ros/humble/share/tf2_eigen/cmake)
[5.659s] -- Setting build type to Release as none was specified.
[5.661s] -- Performing Test COMPILER_SUPPORTS_AVX512
[5.936s] -- Performing Test COMPILER_SUPPORTS_AVX512 - Success
[5.939s] -- Performing Test COMPILER_SUPPORTS_SSE4
[6.208s] -- Performing Test COMPILER_SUPPORTS_SSE4 - Success
[6.208s] -- Performing Test COMPILER_SUPPORTS_AVX2
[6.501s] -- Performing Test COMPILER_SUPPORTS_AVX2 - Success
[6.503s] -- Performing Test COMPILER_SUPPORTS_FMA
[6.704s] -- Performing Test COMPILER_SUPPORTS_FMA - Success
[6.956s] -- Found ament_lint_auto: 0.12.11 (/opt/ros/humble/share/ament_lint_auto/cmake)
[6.959s] -- Found ament_cmake_gtest: 1.3.10 (/opt/ros/humble/share/ament_cmake_gtest/cmake)
[7.487s] -- Found gtest sources under '/opt/ros/humble/src/gtest_vendor': C++ tests using 'Google Test' will be built
[8.947s] -- Added test 'cppcheck' to perform static code analysis on C / C++ code
[8.948s] -- Configured cppcheck include dirs: /workstation/nav2_ws/src/navigation2/nav2_mppi_controller/include
[8.948s] -- Configured cppcheck exclude dirs and/or files: 
[8.966s] -- Added test 'cpplint' to check C / C++ code against the Google style
[8.966s] -- Configured cpplint exclude dirs and/or files: 
[8.975s] -- Added test 'lint_cmake' to check CMake code style
[8.993s] -- Added test 'uncrustify' to check C / C++ code style
[8.993s] -- Configured uncrustify additional arguments: 
[8.995s] -- Added test 'xmllint' to check XML markup files
[9.001s] -- Configuring done
[10.349s] -- Generating done
[10.356s] -- Build files have been written to: /workstation/nav2_ws/build/nav2_mppi_controller
[10.388s] Invoked command in '/workstation/nav2_ws/build/nav2_mppi_controller' returned '0': AMENT_PREFIX_PATH=/workstation/nav2_ws/install/nav2_core:/workstation/nav2_ws/install/nav2_costmap_2d:/workstation/nav2_ws/install/nav2_map_server:/workstation/nav2_ws/install/nav2_lifecycle_manager:/workstation/nav2_ws/install/nav2_util:/workstation/nav2_ws/install/nav2_voxel_grid:/workstation/nav2_ws/install/nav2_msgs:/workstation/nav2_ws/install/nav2_common:/workstation/nav2_ws/install/custom_msgs:${AMENT_PREFIX_PATH} CMAKE_PREFIX_PATH=/workstation/nav2_ws/install/nav2_core:/workstation/nav2_ws/install/nav2_costmap_2d:/workstation/nav2_ws/install/nav2_map_server:/workstation/nav2_ws/install/nav2_lifecycle_manager:/workstation/nav2_ws/install/nav2_util:/workstation/nav2_ws/install/nav2_voxel_grid:/workstation/nav2_ws/install/nav2_msgs:/workstation/nav2_ws/install/nav2_common:/workstation/nav2_ws/install/custom_msgs:/opt/ros/humble LD_LIBRARY_PATH=/workstation/nav2_ws/install/nav2_costmap_2d/lib:/workstation/nav2_ws/install/nav2_map_server/lib:/workstation/nav2_ws/install/nav2_lifecycle_manager/lib:/workstation/nav2_ws/install/nav2_util/lib:/workstation/nav2_ws/install/nav2_voxel_grid/lib:/workstation/nav2_ws/install/nav2_msgs/lib:/workstation/nav2_ws/install/custom_msgs/lib:${LD_LIBRARY_PATH} PYTHONPATH=/workstation/nav2_ws/install/nav2_msgs/local/lib/python3.10/dist-packages:/workstation/nav2_ws/install/nav2_common/local/lib/python3.10/dist-packages:/workstation/nav2_ws/install/custom_msgs/local/lib/python3.10/dist-packages:${PYTHONPATH} /usr/bin/cmake /workstation/nav2_ws/src/navigation2/nav2_mppi_controller -DCMAKE_INSTALL_PREFIX=/workstation/nav2_ws/install/nav2_mppi_controller
[10.396s] Invoking command in '/workstation/nav2_ws/build/nav2_mppi_controller': AMENT_PREFIX_PATH=/workstation/nav2_ws/install/nav2_core:/workstation/nav2_ws/install/nav2_costmap_2d:/workstation/nav2_ws/install/nav2_map_server:/workstation/nav2_ws/install/nav2_lifecycle_manager:/workstation/nav2_ws/install/nav2_util:/workstation/nav2_ws/install/nav2_voxel_grid:/workstation/nav2_ws/install/nav2_msgs:/workstation/nav2_ws/install/nav2_common:/workstation/nav2_ws/install/custom_msgs:${AMENT_PREFIX_PATH} CMAKE_PREFIX_PATH=/workstation/nav2_ws/install/nav2_core:/workstation/nav2_ws/install/nav2_costmap_2d:/workstation/nav2_ws/install/nav2_map_server:/workstation/nav2_ws/install/nav2_lifecycle_manager:/workstation/nav2_ws/install/nav2_util:/workstation/nav2_ws/install/nav2_voxel_grid:/workstation/nav2_ws/install/nav2_msgs:/workstation/nav2_ws/install/nav2_common:/workstation/nav2_ws/install/custom_msgs:/opt/ros/humble LD_LIBRARY_PATH=/workstation/nav2_ws/install/nav2_costmap_2d/lib:/workstation/nav2_ws/install/nav2_map_server/lib:/workstation/nav2_ws/install/nav2_lifecycle_manager/lib:/workstation/nav2_ws/install/nav2_util/lib:/workstation/nav2_ws/install/nav2_voxel_grid/lib:/workstation/nav2_ws/install/nav2_msgs/lib:/workstation/nav2_ws/install/custom_msgs/lib:${LD_LIBRARY_PATH} PYTHONPATH=/workstation/nav2_ws/install/nav2_msgs/local/lib/python3.10/dist-packages:/workstation/nav2_ws/install/nav2_common/local/lib/python3.10/dist-packages:/workstation/nav2_ws/install/custom_msgs/local/lib/python3.10/dist-packages:${PYTHONPATH} /usr/bin/cmake --build /workstation/nav2_ws/build/nav2_mppi_controller -- -j12 -l12
[59.379s] [  1%] [32mBuilding CXX object CMakeFiles/mppi_controller.dir/src/controller.cpp.o[0m
[59.379s] [  3%] [32mBuilding CXX object CMakeFiles/mppi_controller.dir/src/noise_generator.cpp.o[0m
[59.379s] [  5%] [32mBuilding CXX object CMakeFiles/mppi_controller.dir/src/parameters_handler.cpp.o[0m
[61.368s] [  7%] [32mBuilding CXX object CMakeFiles/mppi_controller.dir/src/path_handler.cpp.o[0m
[77.991s] [  9%] [32mBuilding CXX object CMakeFiles/mppi_controller.dir/src/trajectory_visualizer.cpp.o[0m
[99.102s] [ 11%] [32mBuilding CXX object CMakeFiles/mppi_controller.dir/src/critic_manager.cpp.o[0m
[121.780s] [ 13%] [32mBuilding CXX object CMakeFiles/mppi_controller.dir/src/optimizer.cpp.o[0m
[155.608s] [ 15%] [32mBuilding CXX object CMakeFiles/mppi_controller.dir/src/test_controller.cpp.o[0m
[177.779s] [ 17%] [32m[1mLinking CXX shared library libmppi_controller.so[0m
[179.030s] [ 17%] Built target mppi_controller
[179.081s] [ 19%] [32mBuilding CXX object gtest/CMakeFiles/gtest.dir/src/gtest-all.cc.o[0m
[206.881s] [ 21%] [32m[1mLinking CXX static library libgtest.a[0m
[206.930s] [ 21%] Built target gtest
[206.960s] [ 23%] [32mBuilding CXX object gtest/CMakeFiles/gtest_main.dir/src/gtest_main.cc.o[0m
[208.268s] [ 25%] [32m[1mLinking CXX static library libgtest_main.a[0m
[208.311s] [ 25%] Built target gtest_main
[208.339s] [ 26%] [32mBuilding CXX object CMakeFiles/mppi_critics.dir/src/critics/avoid_slope_critic.cpp.o[0m
[230.033s] [ 28%] [32mBuilding CXX object CMakeFiles/mppi_critics.dir/src/critics/avoid_rocks_critic.cpp.o[0m
[258.591s] [ 30%] [32mBuilding CXX object CMakeFiles/mppi_critics.dir/src/critics/obstacles_critic.cpp.o[0m
[272.104s] [ 32%] [32mBuilding CXX object CMakeFiles/mppi_critics.dir/src/critics/cost_critic.cpp.o[0m
[284.019s] [ 34%] [32mBuilding CXX object CMakeFiles/mppi_critics.dir/src/critics/goal_critic.cpp.o[0m
[296.356s] [ 36%] [32mBuilding CXX object CMakeFiles/mppi_critics.dir/src/critics/goal_angle_critic.cpp.o[0m
[312.255s] [ 38%] [32mBuilding CXX object CMakeFiles/mppi_critics.dir/src/critics/path_align_critic.cpp.o[0m
[322.335s] [ 40%] [32mBuilding CXX object CMakeFiles/mppi_critics.dir/src/critics/path_align_legacy_critic.cpp.o[0m
[332.018s] [ 42%] [32mBuilding CXX object CMakeFiles/mppi_critics.dir/src/critics/path_follow_critic.cpp.o[0m
[342.396s] [ 44%] [32mBuilding CXX object CMakeFiles/mppi_critics.dir/src/critics/path_angle_critic.cpp.o[0m
[354.847s] [ 46%] [32mBuilding CXX object CMakeFiles/mppi_critics.dir/src/critics/prefer_forward_critic.cpp.o[0m
[364.631s] [ 48%] [32mBuilding CXX object CMakeFiles/mppi_critics.dir/src/critics/twirling_critic.cpp.o[0m
[374.053s] [ 50%] [32mBuilding CXX object CMakeFiles/mppi_critics.dir/src/critics/constraint_critic.cpp.o[0m
[385.809s] [ 51%] [32mBuilding CXX object CMakeFiles/mppi_critics.dir/src/critics/velocity_deadband_critic.cpp.o[0m
[396.496s] [ 53%] [32m[1mLinking CXX shared library libmppi_critics.so[0m
[396.971s] [ 53%] Built target mppi_critics
[397.005s] [ 61%] [32mBuilding CXX object test/CMakeFiles/parameter_handler_test.dir/parameter_handler_test.cpp.o[0m
[397.005s] [ 61%] [32mBuilding CXX object test/CMakeFiles/path_handler_test.dir/path_handler_test.cpp.o[0m
[397.005s] [ 65%] [32mBuilding CXX object test/CMakeFiles/critic_manager_test.dir/critic_manager_test.cpp.o[0m
[397.005s] [ 65%] [32mBuilding CXX object test/CMakeFiles/motion_model_tests.dir/motion_model_tests.cpp.o[0m
[397.005s] [ 65%] [32mBuilding CXX object test/CMakeFiles/trajectory_visualizer_tests.dir/trajectory_visualizer_tests.cpp.o[0m
[397.006s] [ 65%] [32mBuilding CXX object test/CMakeFiles/utils_test.dir/utils_test.cpp.o[0m
[397.006s] [ 67%] [32mBuilding CXX object test/CMakeFiles/noise_generator_test.dir/noise_generator_test.cpp.o[0m
[397.006s] [ 73%] [32mBuilding CXX object test/CMakeFiles/optimizer_smoke_test.dir/optimizer_smoke_test.cpp.o[0m
[397.006s] [ 73%] [32mBuilding CXX object test/CMakeFiles/optimizer_unit_tests.dir/optimizer_unit_tests.cpp.o[0m
[397.007s] [ 75%] [32mBuilding CXX object test/CMakeFiles/models_test.dir/models_test.cpp.o[0m
[397.007s] [ 75%] [32mBuilding CXX object test/CMakeFiles/controller_state_transition_test.dir/controller_state_transition_test.cpp.o[0m
[397.010s] [ 76%] [32mBuilding CXX object test/CMakeFiles/critics_tests.dir/critics_tests.cpp.o[0m
[410.657s] [ 78%] [32m[1mLinking CXX executable parameter_handler_test[0m
[411.587s] [ 78%] Built target parameter_handler_test
[412.645s] [ 80%] [32m[1mLinking CXX executable models_test[0m
[413.174s] [ 80%] Built target models_test
[413.220s] [ 82%] [32m[1mLinking CXX executable noise_generator_test[0m
[413.851s] [ 82%] Built target noise_generator_test
[414.601s] [ 84%] [32m[1mLinking CXX executable path_handler_test[0m
[415.097s] [ 84%] Built target path_handler_test
[415.620s] [ 86%] [32m[1mLinking CXX executable motion_model_tests[0m
[416.011s] [ 86%] Built target motion_model_tests
[419.629s] [ 88%] [32m[1mLinking CXX executable utils_test[0m
[420.034s] [ 88%] Built target utils_test
[420.935s] [ 90%] [32m[1mLinking CXX executable controller_state_transition_test[0m
[421.264s] [ 92%] [32m[1mLinking CXX executable critic_manager_test[0m
[421.400s] [ 92%] Built target controller_state_transition_test
[421.703s] [ 92%] Built target critic_manager_test
[422.240s] [ 94%] [32m[1mLinking CXX executable optimizer_smoke_test[0m
[422.644s] [ 94%] Built target optimizer_smoke_test
[425.160s] [ 96%] [32m[1mLinking CXX executable optimizer_unit_tests[0m
[425.556s] [ 96%] Built target optimizer_unit_tests
[426.332s] [ 98%] [32m[1mLinking CXX executable critics_tests[0m
[426.740s] [ 98%] Built target critics_tests
[428.245s] [100%] [32m[1mLinking CXX executable trajectory_visualizer_tests[0m
[428.624s] [100%] Built target trajectory_visualizer_tests
[428.635s] Invoked command in '/workstation/nav2_ws/build/nav2_mppi_controller' returned '0': AMENT_PREFIX_PATH=/workstation/nav2_ws/install/nav2_core:/workstation/nav2_ws/install/nav2_costmap_2d:/workstation/nav2_ws/install/nav2_map_server:/workstation/nav2_ws/install/nav2_lifecycle_manager:/workstation/nav2_ws/install/nav2_util:/workstation/nav2_ws/install/nav2_voxel_grid:/workstation/nav2_ws/install/nav2_msgs:/workstation/nav2_ws/install/nav2_common:/workstation/nav2_ws/install/custom_msgs:${AMENT_PREFIX_PATH} CMAKE_PREFIX_PATH=/workstation/nav2_ws/install/nav2_core:/workstation/nav2_ws/install/nav2_costmap_2d:/workstation/nav2_ws/install/nav2_map_server:/workstation/nav2_ws/install/nav2_lifecycle_manager:/workstation/nav2_ws/install/nav2_util:/workstation/nav2_ws/install/nav2_voxel_grid:/workstation/nav2_ws/install/nav2_msgs:/workstation/nav2_ws/install/nav2_common:/workstation/nav2_ws/install/custom_msgs:/opt/ros/humble LD_LIBRARY_PATH=/workstation/nav2_ws/install/nav2_costmap_2d/lib:/workstation/nav2_ws/install/nav2_map_server/lib:/workstation/nav2_ws/install/nav2_lifecycle_manager/lib:/workstation/nav2_ws/install/nav2_util/lib:/workstation/nav2_ws/install/nav2_voxel_grid/lib:/workstation/nav2_ws/install/nav2_msgs/lib:/workstation/nav2_ws/install/custom_msgs/lib:${LD_LIBRARY_PATH} PYTHONPATH=/workstation/nav2_ws/install/nav2_msgs/local/lib/python3.10/dist-packages:/workstation/nav2_ws/install/nav2_common/local/lib/python3.10/dist-packages:/workstation/nav2_ws/install/custom_msgs/local/lib/python3.10/dist-packages:${PYTHONPATH} /usr/bin/cmake --build /workstation/nav2_ws/build/nav2_mppi_controller -- -j12 -l12
[428.697s] Invoking command in '/workstation/nav2_ws/build/nav2_mppi_controller': AMENT_PREFIX_PATH=/workstation/nav2_ws/install/nav2_core:/workstation/nav2_ws/install/nav2_costmap_2d:/workstation/nav2_ws/install/nav2_map_server:/workstation/nav2_ws/install/nav2_lifecycle_manager:/workstation/nav2_ws/install/nav2_util:/workstation/nav2_ws/install/nav2_voxel_grid:/workstation/nav2_ws/install/nav2_msgs:/workstation/nav2_ws/install/nav2_common:/workstation/nav2_ws/install/custom_msgs:${AMENT_PREFIX_PATH} CMAKE_PREFIX_PATH=/workstation/nav2_ws/install/nav2_core:/workstation/nav2_ws/install/nav2_costmap_2d:/workstation/nav2_ws/install/nav2_map_server:/workstation/nav2_ws/install/nav2_lifecycle_manager:/workstation/nav2_ws/install/nav2_util:/workstation/nav2_ws/install/nav2_voxel_grid:/workstation/nav2_ws/install/nav2_msgs:/workstation/nav2_ws/install/nav2_common:/workstation/nav2_ws/install/custom_msgs:/opt/ros/humble LD_LIBRARY_PATH=/workstation/nav2_ws/install/nav2_costmap_2d/lib:/workstation/nav2_ws/install/nav2_map_server/lib:/workstation/nav2_ws/install/nav2_lifecycle_manager/lib:/workstation/nav2_ws/install/nav2_util/lib:/workstation/nav2_ws/install/nav2_voxel_grid/lib:/workstation/nav2_ws/install/nav2_msgs/lib:/workstation/nav2_ws/install/custom_msgs/lib:${LD_LIBRARY_PATH} PYTHONPATH=/workstation/nav2_ws/install/nav2_msgs/local/lib/python3.10/dist-packages:/workstation/nav2_ws/install/nav2_common/local/lib/python3.10/dist-packages:/workstation/nav2_ws/install/custom_msgs/local/lib/python3.10/dist-packages:${PYTHONPATH} /usr/bin/cmake --install /workstation/nav2_ws/build/nav2_mppi_controller
[428.704s] -- Install configuration: "Release"
[428.704s] -- Installing: /workstation/nav2_ws/install/nav2_mppi_controller/lib/libmppi_controller.so
[428.705s] -- Set runtime path of "/workstation/nav2_ws/install/nav2_mppi_controller/lib/libmppi_controller.so" to ""
[428.705s] -- Installing: /workstation/nav2_ws/install/nav2_mppi_controller/lib/libmppi_critics.so
[428.707s] -- Set runtime path of "/workstation/nav2_ws/install/nav2_mppi_controller/lib/libmppi_critics.so" to ""
[428.707s] -- Installing: /workstation/nav2_ws/install/nav2_mppi_controller/include/
[428.707s] -- Installing: /workstation/nav2_ws/install/nav2_mppi_controller/include//nav2_mppi_controller
[428.707s] -- Installing: /workstation/nav2_ws/install/nav2_mppi_controller/include//nav2_mppi_controller/critic_data.hpp
[428.707s] -- Installing: /workstation/nav2_ws/install/nav2_mppi_controller/include//nav2_mppi_controller/motion_models.hpp
[428.707s] -- Installing: /workstation/nav2_ws/install/nav2_mppi_controller/include//nav2_mppi_controller/critics
[428.707s] -- Installing: /workstation/nav2_ws/install/nav2_mppi_controller/include//nav2_mppi_controller/critics/path_follow_critic.hpp
[428.707s] -- Installing: /workstation/nav2_ws/install/nav2_mppi_controller/include//nav2_mppi_controller/critics/cost_critic.hpp
[428.707s] -- Installing: /workstation/nav2_ws/install/nav2_mppi_controller/include//nav2_mppi_controller/critics/avoid_slope_critic.hpp
[428.708s] -- Installing: /workstation/nav2_ws/install/nav2_mppi_controller/include//nav2_mppi_controller/critics/constraint_critic.hpp
[428.708s] -- Installing: /workstation/nav2_ws/install/nav2_mppi_controller/include//nav2_mppi_controller/critics/prefer_forward_critic.hpp
[428.708s] -- Installing: /workstation/nav2_ws/install/nav2_mppi_controller/include//nav2_mppi_controller/critics/obstacles_critic.hpp
[428.708s] -- Installing: /workstation/nav2_ws/install/nav2_mppi_controller/include//nav2_mppi_controller/critics/path_angle_critic.hpp
[428.708s] -- Installing: /workstation/nav2_ws/install/nav2_mppi_controller/include//nav2_mppi_controller/critics/velocity_deadband_critic.hpp
[428.708s] -- Installing: /workstation/nav2_ws/install/nav2_mppi_controller/include//nav2_mppi_controller/critics/path_align_legacy_critic.hpp
[428.708s] -- Installing: /workstation/nav2_ws/install/nav2_mppi_controller/include//nav2_mppi_controller/critics/path_align_critic.hpp
[428.708s] -- Installing: /workstation/nav2_ws/install/nav2_mppi_controller/include//nav2_mppi_controller/critics/twirling_critic.hpp
[428.708s] -- Installing: /workstation/nav2_ws/install/nav2_mppi_controller/include//nav2_mppi_controller/critics/goal_angle_critic.hpp
[428.708s] -- Installing: /workstation/nav2_ws/install/nav2_mppi_controller/include//nav2_mppi_controller/critics/goal_critic.hpp
[428.709s] -- Installing: /workstation/nav2_ws/install/nav2_mppi_controller/include//nav2_mppi_controller/critics/avoid_rocks_critic.hpp
[428.709s] -- Installing: /workstation/nav2_ws/install/nav2_mppi_controller/include//nav2_mppi_controller/optimizer.hpp
[428.709s] -- Installing: /workstation/nav2_ws/install/nav2_mppi_controller/include//nav2_mppi_controller/controller.hpp
[428.709s] -- Installing: /workstation/nav2_ws/install/nav2_mppi_controller/include//nav2_mppi_controller/critic_function.hpp
[428.709s] -- Installing: /workstation/nav2_ws/install/nav2_mppi_controller/include//nav2_mppi_controller/test_controller.hpp
[428.709s] -- Installing: /workstation/nav2_ws/install/nav2_mppi_controller/include//nav2_mppi_controller/tools
[428.709s] -- Installing: /workstation/nav2_ws/install/nav2_mppi_controller/include//nav2_mppi_controller/tools/parameters_handler.hpp
[428.709s] -- Installing: /workstation/nav2_ws/install/nav2_mppi_controller/include//nav2_mppi_controller/tools/noise_generator.hpp
[428.709s] -- Installing: /workstation/nav2_ws/install/nav2_mppi_controller/include//nav2_mppi_controller/tools/utils.hpp
[428.709s] -- Installing: /workstation/nav2_ws/install/nav2_mppi_controller/include//nav2_mppi_controller/tools/trajectory_visualizer.hpp
[428.709s] -- Installing: /workstation/nav2_ws/install/nav2_mppi_controller/include//nav2_mppi_controller/tools/path_handler.hpp
[428.710s] -- Installing: /workstation/nav2_ws/install/nav2_mppi_controller/include//nav2_mppi_controller/models
[428.710s] -- Installing: /workstation/nav2_ws/install/nav2_mppi_controller/include//nav2_mppi_controller/models/trajectories.hpp
[428.710s] -- Installing: /workstation/nav2_ws/install/nav2_mppi_controller/include//nav2_mppi_controller/models/constraints.hpp
[428.710s] -- Installing: /workstation/nav2_ws/install/nav2_mppi_controller/include//nav2_mppi_controller/models/control_sequence.hpp
[428.710s] -- Installing: /workstation/nav2_ws/install/nav2_mppi_controller/include//nav2_mppi_controller/models/optimizer_settings.hpp
[428.710s] -- Installing: /workstation/nav2_ws/install/nav2_mppi_controller/include//nav2_mppi_controller/models/state.hpp
[428.710s] -- Installing: /workstation/nav2_ws/install/nav2_mppi_controller/include//nav2_mppi_controller/models/path.hpp
[428.710s] -- Installing: /workstation/nav2_ws/install/nav2_mppi_controller/include//nav2_mppi_controller/critic_manager.hpp
[428.710s] -- Installing: /workstation/nav2_ws/install/nav2_mppi_controller/share/nav2_mppi_controller/environment/library_path.sh
[428.711s] -- Installing: /workstation/nav2_ws/install/nav2_mppi_controller/share/nav2_mppi_controller/environment/library_path.dsv
[428.711s] -- Installing: /workstation/nav2_ws/install/nav2_mppi_controller/share/nav2_mppi_controller/mppic.xml
[428.711s] -- Installing: /workstation/nav2_ws/install/nav2_mppi_controller/share/nav2_mppi_controller/test_mppic.xml
[428.711s] -- Installing: /workstation/nav2_ws/install/nav2_mppi_controller/share/nav2_mppi_controller/critics.xml
[428.711s] -- Installing: /workstation/nav2_ws/install/nav2_mppi_controller/share/ament_index/resource_index/package_run_dependencies/nav2_mppi_controller
[428.712s] -- Installing: /workstation/nav2_ws/install/nav2_mppi_controller/share/ament_index/resource_index/parent_prefix_path/nav2_mppi_controller
[428.712s] -- Installing: /workstation/nav2_ws/install/nav2_mppi_controller/share/nav2_mppi_controller/environment/ament_prefix_path.sh
[428.712s] -- Installing: /workstation/nav2_ws/install/nav2_mppi_controller/share/nav2_mppi_controller/environment/ament_prefix_path.dsv
[428.712s] -- Installing: /workstation/nav2_ws/install/nav2_mppi_controller/share/nav2_mppi_controller/environment/path.sh
[428.712s] -- Installing: /workstation/nav2_ws/install/nav2_mppi_controller/share/nav2_mppi_controller/environment/path.dsv
[428.712s] -- Installing: /workstation/nav2_ws/install/nav2_mppi_controller/share/nav2_mppi_controller/local_setup.bash
[428.712s] -- Installing: /workstation/nav2_ws/install/nav2_mppi_controller/share/nav2_mppi_controller/local_setup.sh
[428.713s] -- Installing: /workstation/nav2_ws/install/nav2_mppi_controller/share/nav2_mppi_controller/local_setup.zsh
[428.713s] -- Installing: /workstation/nav2_ws/install/nav2_mppi_controller/share/nav2_mppi_controller/local_setup.dsv
[428.713s] -- Installing: /workstation/nav2_ws/install/nav2_mppi_controller/share/nav2_mppi_controller/package.dsv
[428.713s] -- Installing: /workstation/nav2_ws/install/nav2_mppi_controller/share/ament_index/resource_index/packages/nav2_mppi_controller
[428.713s] -- Installing: /workstation/nav2_ws/install/nav2_mppi_controller/share/ament_index/resource_index/nav2_core__pluginlib__plugin/nav2_mppi_controller
[428.713s] -- Installing: /workstation/nav2_ws/install/nav2_mppi_controller/share/ament_index/resource_index/nav2_mppi_controller__pluginlib__plugin/nav2_mppi_controller
[428.713s] -- Installing: /workstation/nav2_ws/install/nav2_mppi_controller/share/nav2_mppi_controller/cmake/ament_cmake_export_libraries-extras.cmake
[428.714s] -- Installing: /workstation/nav2_ws/install/nav2_mppi_controller/share/nav2_mppi_controller/cmake/ament_cmake_export_dependencies-extras.cmake
[428.714s] -- Installing: /workstation/nav2_ws/install/nav2_mppi_controller/share/nav2_mppi_controller/cmake/ament_cmake_export_include_directories-extras.cmake
[428.714s] -- Installing: /workstation/nav2_ws/install/nav2_mppi_controller/share/nav2_mppi_controller/cmake/nav2_mppi_controllerConfig.cmake
[428.714s] -- Installing: /workstation/nav2_ws/install/nav2_mppi_controller/share/nav2_mppi_controller/cmake/nav2_mppi_controllerConfig-version.cmake
[428.714s] -- Installing: /workstation/nav2_ws/install/nav2_mppi_controller/share/nav2_mppi_controller/package.xml
[428.716s] Invoked command in '/workstation/nav2_ws/build/nav2_mppi_controller' returned '0': AMENT_PREFIX_PATH=/workstation/nav2_ws/install/nav2_core:/workstation/nav2_ws/install/nav2_costmap_2d:/workstation/nav2_ws/install/nav2_map_server:/workstation/nav2_ws/install/nav2_lifecycle_manager:/workstation/nav2_ws/install/nav2_util:/workstation/nav2_ws/install/nav2_voxel_grid:/workstation/nav2_ws/install/nav2_msgs:/workstation/nav2_ws/install/nav2_common:/workstation/nav2_ws/install/custom_msgs:${AMENT_PREFIX_PATH} CMAKE_PREFIX_PATH=/workstation/nav2_ws/install/nav2_core:/workstation/nav2_ws/install/nav2_costmap_2d:/workstation/nav2_ws/install/nav2_map_server:/workstation/nav2_ws/install/nav2_lifecycle_manager:/workstation/nav2_ws/install/nav2_util:/workstation/nav2_ws/install/nav2_voxel_grid:/workstation/nav2_ws/install/nav2_msgs:/workstation/nav2_ws/install/nav2_common:/workstation/nav2_ws/install/custom_msgs:/opt/ros/humble LD_LIBRARY_PATH=/workstation/nav2_ws/install/nav2_costmap_2d/lib:/workstation/nav2_ws/install/nav2_map_server/lib:/workstation/nav2_ws/install/nav2_lifecycle_manager/lib:/workstation/nav2_ws/install/nav2_util/lib:/workstation/nav2_ws/install/nav2_voxel_grid/lib:/workstation/nav2_ws/install/nav2_msgs/lib:/workstation/nav2_ws/install/custom_msgs/lib:${LD_LIBRARY_PATH} PYTHONPATH=/workstation/nav2_ws/install/nav2_msgs/local/lib/python3.10/dist-packages:/workstation/nav2_ws/install/nav2_common/local/lib/python3.10/dist-packages:/workstation/nav2_ws/install/custom_msgs/local/lib/python3.10/dist-packages:${PYTHONPATH} /usr/bin/cmake --install /workstation/nav2_ws/build/nav2_mppi_controller
