[0.032s] Invoking command in '/workstation/nav2_ws/build/nav2_behavior_tree': AMENT_PREFIX_PATH=/workstation/nav2_ws/install/nav2_util:/workstation/nav2_ws/install/nav2_msgs:/workstation/nav2_ws/install/nav2_common:${AMENT_PREFIX_PATH} CMAKE_PREFIX_PATH=/workstation/nav2_ws/install/nav2_util:/workstation/nav2_ws/install/nav2_msgs:/workstation/nav2_ws/install/nav2_common:/opt/ros/humble LD_LIBRARY_PATH=/workstation/nav2_ws/install/nav2_util/lib:/workstation/nav2_ws/install/nav2_msgs/lib:${LD_LIBRARY_PATH} PYTHONPATH=/workstation/nav2_ws/install/nav2_msgs/local/lib/python3.10/dist-packages:/workstation/nav2_ws/install/nav2_common/local/lib/python3.10/dist-packages:${PYTHONPATH} /usr/bin/cmake --build /workstation/nav2_ws/build/nav2_behavior_tree -- -j12 -l12
[0.091s] [35m[1mConsolidate compiler generated dependencies of target nav2_behavior_tree[0m
[0.095s] [35m[1mConsolidate compiler generated dependencies of target nav2_compute_path_to_pose_action_bt_node[0m
[0.109s] [35m[1mConsolidate compiler generated dependencies of target nav2_compute_path_through_poses_action_bt_node[0m
[0.109s] [35m[1mConsolidate compiler generated dependencies of target nav2_wait_cancel_bt_node[0m
[0.109s] [35m[1mConsolidate compiler generated dependencies of target nav2_controller_cancel_bt_node[0m
[0.122s] [35m[1mConsolidate compiler generated dependencies of target nav2_assisted_teleop_cancel_bt_node[0m
[0.123s] [35m[1mConsolidate compiler generated dependencies of target nav2_spin_cancel_bt_node[0m
[0.123s] [35m[1mConsolidate compiler generated dependencies of target nav2_back_up_cancel_bt_node[0m
[0.128s] [35m[1mConsolidate compiler generated dependencies of target nav2_smooth_path_action_bt_node[0m
[0.131s] [35m[1mConsolidate compiler generated dependencies of target nav2_drive_on_heading_cancel_bt_node[0m
[0.131s] [35m[1mConsolidate compiler generated dependencies of target nav2_follow_path_action_bt_node[0m
[0.131s] [35m[1mConsolidate compiler generated dependencies of target nav2_back_up_action_bt_node[0m
[0.134s] [  1%] Built target nav2_compute_path_to_pose_action_bt_node
[0.163s] [  2%] Built target nav2_behavior_tree
[0.173s] [  3%] Built target nav2_wait_cancel_bt_node
[0.182s] [  4%] Built target nav2_compute_path_through_poses_action_bt_node
[0.183s] [  5%] Built target nav2_controller_cancel_bt_node
[0.183s] [  6%] Built target nav2_back_up_cancel_bt_node
[0.186s] [  7%] Built target nav2_drive_on_heading_cancel_bt_node
[0.187s] [  8%] Built target nav2_spin_cancel_bt_node
[0.193s] [35m[1mConsolidate compiler generated dependencies of target nav2_drive_on_heading_bt_node[0m
[0.193s] [  9%] Built target nav2_assisted_teleop_cancel_bt_node
[0.194s] [  9%] Built target nav2_smooth_path_action_bt_node
[0.198s] [ 10%] Built target nav2_back_up_action_bt_node
[0.201s] [ 11%] Built target nav2_follow_path_action_bt_node
[0.203s] [35m[1mConsolidate compiler generated dependencies of target nav2_spin_action_bt_node[0m
[0.203s] [35m[1mConsolidate compiler generated dependencies of target nav2_wait_action_bt_node[0m
[0.212s] [35m[1mConsolidate compiler generated dependencies of target nav2_goal_reached_condition_bt_node[0m
[0.214s] [35m[1mConsolidate compiler generated dependencies of target nav2_clear_costmap_service_bt_node[0m
[0.215s] [35m[1mConsolidate compiler generated dependencies of target nav2_is_stuck_condition_bt_node[0m
[0.217s] [35m[1mConsolidate compiler generated dependencies of target nav2_globally_updated_goal_condition_bt_node[0m
[0.221s] [35m[1mConsolidate compiler generated dependencies of target nav2_assisted_teleop_action_bt_node[0m
[0.224s] [35m[1mConsolidate compiler generated dependencies of target nav2_transform_available_condition_bt_node[0m
[0.225s] [35m[1mConsolidate compiler generated dependencies of target nav2_goal_updated_condition_bt_node[0m
[0.230s] [35m[1mConsolidate compiler generated dependencies of target nav2_time_expired_condition_bt_node[0m
[0.240s] [35m[1mConsolidate compiler generated dependencies of target nav2_is_path_valid_condition_bt_node[0m
[0.243s] [ 12%] Built target nav2_wait_action_bt_node
[0.250s] [ 13%] Built target nav2_drive_on_heading_bt_node
[0.256s] [ 14%] Built target nav2_spin_action_bt_node
[0.261s] [ 15%] Built target nav2_is_stuck_condition_bt_node
[0.262s] [ 16%] Built target nav2_goal_reached_condition_bt_node
[0.262s] [ 16%] Built target nav2_goal_updated_condition_bt_node
[0.274s] [ 17%] Built target nav2_transform_available_condition_bt_node
[0.275s] [ 18%] Built target nav2_assisted_teleop_action_bt_node
[0.275s] [ 19%] Built target nav2_time_expired_condition_bt_node
[0.281s] [ 20%] Built target nav2_globally_updated_goal_condition_bt_node
[0.284s] [ 21%] Built target nav2_clear_costmap_service_bt_node
[0.284s] [35m[1mConsolidate compiler generated dependencies of target nav2_path_expiring_timer_condition[0m
[0.284s] [35m[1mConsolidate compiler generated dependencies of target nav2_initial_pose_received_condition_bt_node[0m
[0.288s] [35m[1mConsolidate compiler generated dependencies of target nav2_is_battery_charging_condition_bt_node[0m
[0.293s] [35m[1mConsolidate compiler generated dependencies of target nav2_is_battery_low_condition_bt_node[0m
[0.294s] [35m[1mConsolidate compiler generated dependencies of target nav2_distance_traveled_condition_bt_node[0m
[0.296s] [35m[1mConsolidate compiler generated dependencies of target nav2_reinitialize_global_localization_service_bt_node[0m
[0.308s] [ 22%] Built target nav2_is_path_valid_condition_bt_node
[0.308s] [35m[1mConsolidate compiler generated dependencies of target nav2_speed_controller_bt_node[0m
[0.308s] [35m[1mConsolidate compiler generated dependencies of target nav2_rate_controller_bt_node[0m
[0.308s] [35m[1mConsolidate compiler generated dependencies of target nav2_truncate_path_action_bt_node[0m
[0.308s] [35m[1mConsolidate compiler generated dependencies of target nav2_distance_controller_bt_node[0m
[0.313s] [35m[1mConsolidate compiler generated dependencies of target nav2_truncate_path_local_action_bt_node[0m
[0.321s] [ 23%] Built target nav2_path_expiring_timer_condition
[0.325s] [ 24%] Built target nav2_is_battery_charging_condition_bt_node
[0.325s] [ 25%] Built target nav2_initial_pose_received_condition_bt_node
[0.325s] [ 26%] Built target nav2_is_battery_low_condition_bt_node
[0.325s] [ 27%] Built target nav2_distance_traveled_condition_bt_node
[0.337s] [ 28%] Built target nav2_rate_controller_bt_node
[0.338s] [35m[1mConsolidate compiler generated dependencies of target nav2_goal_updater_node_bt_node[0m
[0.346s] [ 29%] Built target nav2_truncate_path_action_bt_node
[0.347s] [ 30%] Built target nav2_reinitialize_global_localization_service_bt_node
[0.347s] [ 31%] Built target nav2_distance_controller_bt_node
[0.347s] [35m[1mConsolidate compiler generated dependencies of target nav2_recovery_node_bt_node[0m
[0.347s] [35m[1mConsolidate compiler generated dependencies of target nav2_navigate_to_pose_action_bt_node[0m
[0.347s] [35m[1mConsolidate compiler generated dependencies of target nav2_navigate_through_poses_action_bt_node[0m
[0.347s] [35m[1mConsolidate compiler generated dependencies of target nav2_remove_passed_goals_action_bt_node[0m
[0.348s] [35m[1mConsolidate compiler generated dependencies of target nav2_path_longer_on_approach_bt_node[0m
[0.349s] [ 32%] Built target nav2_speed_controller_bt_node
[0.355s] [35m[1mConsolidate compiler generated dependencies of target nav2_pipeline_sequence_bt_node[0m
[0.355s] [ 33%] Built target nav2_truncate_path_local_action_bt_node
[0.359s] [35m[1mConsolidate compiler generated dependencies of target nav2_single_trigger_bt_node[0m
[0.361s] [35m[1mConsolidate compiler generated dependencies of target nav2_round_robin_node_bt_node[0m
[0.362s] [35m[1mConsolidate compiler generated dependencies of target nav2_get_pose_from_path_action_bt_node[0m
[0.363s] [35m[1mConsolidate compiler generated dependencies of target nav2_planner_selector_bt_node[0m
[0.376s] [35m[1mConsolidate compiler generated dependencies of target nav2_controller_selector_bt_node[0m
[0.378s] [ 34%] Built target nav2_navigate_through_poses_action_bt_node
[0.382s] [ 35%] Built target nav2_pipeline_sequence_bt_node
[0.382s] [ 36%] Built target nav2_navigate_to_pose_action_bt_node
[0.382s] [ 37%] Built target nav2_path_longer_on_approach_bt_node
[0.382s] [ 38%] Built target nav2_remove_passed_goals_action_bt_node
[0.395s] [ 39%] Built target nav2_single_trigger_bt_node
[0.395s] [ 40%] Built target nav2_round_robin_node_bt_node
[0.395s] [ 41%] Built target nav2_goal_updater_node_bt_node
[0.395s] [ 42%] Built target nav2_recovery_node_bt_node
[0.396s] [35m[1mConsolidate compiler generated dependencies of target nav2_goal_checker_selector_bt_node[0m
[0.396s] [35m[1mConsolidate compiler generated dependencies of target nav2_progress_checker_selector_bt_node[0m
[0.399s] [35m[1mConsolidate compiler generated dependencies of target gtest_main[0m
[0.399s] [35m[1mConsolidate compiler generated dependencies of target nav2_smoother_selector_bt_node[0m
[0.399s] [35m[1mConsolidate compiler generated dependencies of target nav2_goal_updated_controller_bt_node[0m
[0.401s] [ 43%] Built target nav2_get_pose_from_path_action_bt_node
[0.406s] [ 44%] Built target nav2_planner_selector_bt_node
[0.408s] [35m[1mConsolidate compiler generated dependencies of target gtest[0m
[0.413s] [ 45%] Built target nav2_controller_selector_bt_node
[0.419s] [ 46%] Built target nav2_progress_checker_selector_bt_node
[0.420s] [ 47%] Built target gtest_main
[0.420s] [ 48%] Built target nav2_goal_checker_selector_bt_node
[0.423s] [ 49%] Built target nav2_smoother_selector_bt_node
[0.424s] [ 49%] Built target gtest
[0.435s] [ 50%] Built target nav2_goal_updated_controller_bt_node
[0.443s] [35m[1mConsolidate compiler generated dependencies of target test_bt_conversions[0m
[0.444s] [35m[1mConsolidate compiler generated dependencies of target test_condition_goal_reached[0m
[0.444s] [35m[1mConsolidate compiler generated dependencies of target test_condition_time_expired[0m
[0.444s] [35m[1mConsolidate compiler generated dependencies of target test_condition_path_expiring_timer[0m
[0.444s] [35m[1mConsolidate compiler generated dependencies of target test_condition_is_stuck[0m
[0.444s] [35m[1mConsolidate compiler generated dependencies of target test_condition_globally_updated_goal[0m
[0.445s] [35m[1mConsolidate compiler generated dependencies of target test_condition_transform_available[0m
[0.445s] [35m[1mConsolidate compiler generated dependencies of target test_condition_goal_updated[0m
[0.447s] [35m[1mConsolidate compiler generated dependencies of target test_condition_distance_traveled[0m
[0.459s] [35m[1mConsolidate compiler generated dependencies of target test_condition_is_battery_low[0m
[0.459s] [35m[1mConsolidate compiler generated dependencies of target test_condition_is_battery_charging[0m
[0.460s] [35m[1mConsolidate compiler generated dependencies of target test_condition_initial_pose_received[0m
[0.460s] [ 51%] Built target test_bt_conversions
[0.476s] [ 52%] Built target test_condition_path_expiring_timer
[0.477s] [ 54%] Built target test_condition_transform_available
[0.477s] [ 54%] Built target test_condition_goal_reached
[0.477s] [ 54%] Built target test_condition_time_expired
[0.477s] [ 55%] Built target test_condition_is_stuck
[0.477s] [ 56%] Built target test_condition_globally_updated_goal
[0.482s] [35m[1mConsolidate compiler generated dependencies of target test_condition_is_path_valid[0m
[0.482s] [ 60%] Built target test_condition_is_battery_low
[0.483s] [ 60%] Built target test_condition_is_battery_charging
[0.483s] [ 60%] Built target test_condition_distance_traveled
[0.483s] [ 60%] Built target test_condition_goal_updated
[0.483s] [ 61%] Built target test_condition_initial_pose_received
[0.492s] [35m[1mConsolidate compiler generated dependencies of target test_decorator_distance_controller[0m
[0.492s] [35m[1mConsolidate compiler generated dependencies of target test_decorator_rate_controller[0m
[0.499s] [35m[1mConsolidate compiler generated dependencies of target test_single_trigger_node[0m
[0.499s] [35m[1mConsolidate compiler generated dependencies of target test_goal_updated_controller[0m
[0.499s] [35m[1mConsolidate compiler generated dependencies of target test_control_recovery_node[0m
[0.500s] [35m[1mConsolidate compiler generated dependencies of target test_control_pipeline_sequence[0m
[0.500s] [35m[1mConsolidate compiler generated dependencies of target test_decorator_speed_controller[0m
[0.500s] [35m[1mConsolidate compiler generated dependencies of target test_goal_updater_node[0m
[0.500s] [35m[1mConsolidate compiler generated dependencies of target test_control_round_robin_node[0m
[0.504s] [35m[1mConsolidate compiler generated dependencies of target test_decorator_path_longer_on_approach[0m
[0.505s] [ 62%] Built target test_condition_is_path_valid
[0.508s] [35m[1mConsolidate compiler generated dependencies of target test_bt_action_node[0m
[0.522s] [ 63%] Built target test_decorator_distance_controller
[0.523s] [ 64%] Built target test_decorator_rate_controller
[0.524s] [ 65%] Built target test_control_pipeline_sequence
[0.524s] [ 66%] Built target test_single_trigger_node
[0.525s] [35m[1mConsolidate compiler generated dependencies of target test_action_spin_action[0m
[0.529s] [ 67%] Built target test_goal_updated_controller
[0.529s] [ 68%] Built target test_decorator_speed_controller
[0.529s] [ 69%] Built target test_control_round_robin_node
[0.537s] [ 70%] Built target test_decorator_path_longer_on_approach
[0.537s] [35m[1mConsolidate compiler generated dependencies of target test_action_back_up_action[0m
[0.538s] [ 71%] Built target test_control_recovery_node
[0.540s] [ 72%] Built target test_bt_action_node
[0.540s] [35m[1mConsolidate compiler generated dependencies of target test_action_wait_action[0m
[0.540s] [35m[1mConsolidate compiler generated dependencies of target test_action_drive_on_heading[0m
[0.544s] [ 73%] Built target test_goal_updater_node
[0.551s] [35m[1mConsolidate compiler generated dependencies of target test_action_assisted_teleop_action[0m
[0.551s] [35m[1mConsolidate compiler generated dependencies of target test_action_controller_cancel_action[0m
[0.551s] [35m[1mConsolidate compiler generated dependencies of target test_action_spin_cancel_action[0m
[0.560s] [ 74%] Built target test_action_spin_action
[0.560s] [35m[1mConsolidate compiler generated dependencies of target test_action_back_up_cancel_action[0m
[0.560s] [35m[1mConsolidate compiler generated dependencies of target test_action_clear_costmap_service[0m
[0.560s] [35m[1mConsolidate compiler generated dependencies of target test_action_wait_cancel_action[0m
[0.561s] [35m[1mConsolidate compiler generated dependencies of target test_action_drive_on_heading_cancel_action[0m
[0.564s] [35m[1mConsolidate compiler generated dependencies of target test_action_assisted_teleop_cancel_action[0m
[0.575s] [35m[1mConsolidate compiler generated dependencies of target test_action_reinitialize_global_localization_service[0m
[0.575s] [ 75%] Built target test_action_drive_on_heading
[0.580s] [ 76%] Built target test_action_wait_action
[0.586s] [ 77%] Built target test_action_back_up_cancel_action
[0.591s] [ 79%] Built target test_action_spin_cancel_action
[0.591s] [ 79%] Built target test_action_back_up_action
[0.593s] [ 80%] Built target test_action_assisted_teleop_action
[0.595s] [ 81%] Built target test_action_controller_cancel_action
[0.596s] [ 82%] Built target test_action_clear_costmap_service
[0.599s] [ 83%] Built target test_action_assisted_teleop_cancel_action
[0.600s] [ 84%] Built target test_action_wait_cancel_action
[0.601s] [ 85%] Built target test_action_reinitialize_global_localization_service
[0.601s] [35m[1mConsolidate compiler generated dependencies of target test_action_compute_path_to_pose_action[0m
[0.601s] [ 86%] Built target test_action_drive_on_heading_cancel_action
[0.603s] [35m[1mConsolidate compiler generated dependencies of target test_action_compute_path_through_poses_action[0m
[0.609s] [35m[1mConsolidate compiler generated dependencies of target test_action_smooth_path_action[0m
[0.611s] [35m[1mConsolidate compiler generated dependencies of target test_action_follow_path_action[0m
[0.618s] [35m[1mConsolidate compiler generated dependencies of target test_action_navigate_to_pose_action[0m
[0.619s] [35m[1mConsolidate compiler generated dependencies of target test_truncate_path_action[0m
[0.619s] [35m[1mConsolidate compiler generated dependencies of target test_action_navigate_through_poses_action[0m
[0.622s] [35m[1mConsolidate compiler generated dependencies of target test_controller_selector_node[0m
[0.622s] [35m[1mConsolidate compiler generated dependencies of target test_planner_selector_node[0m
[0.623s] [35m[1mConsolidate compiler generated dependencies of target test_truncate_path_local_action[0m
[0.629s] [35m[1mConsolidate compiler generated dependencies of target test_get_pose_from_path_action[0m
[0.635s] [ 87%] Built target test_action_compute_path_to_pose_action
[0.635s] [35m[1mConsolidate compiler generated dependencies of target test_remove_passed_goals_action[0m
[0.635s] [ 88%] Built target test_action_compute_path_through_poses_action
[0.649s] [ 88%] Built target test_action_follow_path_action
[0.649s] [ 89%] Built target test_action_smooth_path_action
[0.649s] [ 90%] Built target test_controller_selector_node
[0.649s] [35m[1mConsolidate compiler generated dependencies of target test_smoother_selector_node[0m
[0.649s] [ 91%] Built target test_action_navigate_through_poses_action
[0.654s] [ 92%] Built target test_truncate_path_action
[0.655s] [ 93%] Built target test_truncate_path_local_action
[0.655s] [35m[1mConsolidate compiler generated dependencies of target test_progress_checker_selector_node[0m
[0.659s] [ 94%] Built target test_action_navigate_to_pose_action
[0.659s] [ 95%] Built target test_get_pose_from_path_action
[0.659s] [ 96%] Built target test_planner_selector_node
[0.659s] [35m[1mConsolidate compiler generated dependencies of target test_goal_checker_selector_node[0m
[0.662s] [ 97%] Built target test_remove_passed_goals_action
[0.670s] [ 98%] Built target test_smoother_selector_node
[0.676s] [ 99%] Built target test_progress_checker_selector_node
[0.679s] [100%] Built target test_goal_checker_selector_node
[0.689s] Invoked command in '/workstation/nav2_ws/build/nav2_behavior_tree' returned '0': AMENT_PREFIX_PATH=/workstation/nav2_ws/install/nav2_util:/workstation/nav2_ws/install/nav2_msgs:/workstation/nav2_ws/install/nav2_common:${AMENT_PREFIX_PATH} CMAKE_PREFIX_PATH=/workstation/nav2_ws/install/nav2_util:/workstation/nav2_ws/install/nav2_msgs:/workstation/nav2_ws/install/nav2_common:/opt/ros/humble LD_LIBRARY_PATH=/workstation/nav2_ws/install/nav2_util/lib:/workstation/nav2_ws/install/nav2_msgs/lib:${LD_LIBRARY_PATH} PYTHONPATH=/workstation/nav2_ws/install/nav2_msgs/local/lib/python3.10/dist-packages:/workstation/nav2_ws/install/nav2_common/local/lib/python3.10/dist-packages:${PYTHONPATH} /usr/bin/cmake --build /workstation/nav2_ws/build/nav2_behavior_tree -- -j12 -l12
[0.911s] Invoking command in '/workstation/nav2_ws/build/nav2_behavior_tree': AMENT_PREFIX_PATH=/workstation/nav2_ws/install/nav2_util:/workstation/nav2_ws/install/nav2_msgs:/workstation/nav2_ws/install/nav2_common:${AMENT_PREFIX_PATH} CMAKE_PREFIX_PATH=/workstation/nav2_ws/install/nav2_util:/workstation/nav2_ws/install/nav2_msgs:/workstation/nav2_ws/install/nav2_common:/opt/ros/humble LD_LIBRARY_PATH=/workstation/nav2_ws/install/nav2_util/lib:/workstation/nav2_ws/install/nav2_msgs/lib:${LD_LIBRARY_PATH} PYTHONPATH=/workstation/nav2_ws/install/nav2_msgs/local/lib/python3.10/dist-packages:/workstation/nav2_ws/install/nav2_common/local/lib/python3.10/dist-packages:${PYTHONPATH} /usr/bin/cmake --install /workstation/nav2_ws/build/nav2_behavior_tree
[0.919s] -- Install configuration: "Release"
[0.919s] -- Up-to-date: /workstation/nav2_ws/install/nav2_behavior_tree/lib/libnav2_behavior_tree.so
[0.919s] -- Up-to-date: /workstation/nav2_ws/install/nav2_behavior_tree/lib/libnav2_compute_path_to_pose_action_bt_node.so
[0.920s] -- Up-to-date: /workstation/nav2_ws/install/nav2_behavior_tree/lib/libnav2_compute_path_through_poses_action_bt_node.so
[0.920s] -- Up-to-date: /workstation/nav2_ws/install/nav2_behavior_tree/lib/libnav2_controller_cancel_bt_node.so
[0.920s] -- Up-to-date: /workstation/nav2_ws/install/nav2_behavior_tree/lib/libnav2_wait_cancel_bt_node.so
[0.920s] -- Up-to-date: /workstation/nav2_ws/install/nav2_behavior_tree/lib/libnav2_spin_cancel_bt_node.so
[0.920s] -- Up-to-date: /workstation/nav2_ws/install/nav2_behavior_tree/lib/libnav2_back_up_cancel_bt_node.so
[0.920s] -- Up-to-date: /workstation/nav2_ws/install/nav2_behavior_tree/lib/libnav2_assisted_teleop_cancel_bt_node.so
[0.920s] -- Up-to-date: /workstation/nav2_ws/install/nav2_behavior_tree/lib/libnav2_drive_on_heading_cancel_bt_node.so
[0.921s] -- Up-to-date: /workstation/nav2_ws/install/nav2_behavior_tree/lib/libnav2_smooth_path_action_bt_node.so
[0.921s] -- Up-to-date: /workstation/nav2_ws/install/nav2_behavior_tree/lib/libnav2_follow_path_action_bt_node.so
[0.921s] -- Up-to-date: /workstation/nav2_ws/install/nav2_behavior_tree/lib/libnav2_back_up_action_bt_node.so
[0.921s] -- Up-to-date: /workstation/nav2_ws/install/nav2_behavior_tree/lib/libnav2_drive_on_heading_bt_node.so
[0.922s] -- Up-to-date: /workstation/nav2_ws/install/nav2_behavior_tree/lib/libnav2_spin_action_bt_node.so
[0.922s] -- Up-to-date: /workstation/nav2_ws/install/nav2_behavior_tree/lib/libnav2_wait_action_bt_node.so
[0.922s] -- Up-to-date: /workstation/nav2_ws/install/nav2_behavior_tree/lib/libnav2_assisted_teleop_action_bt_node.so
[0.922s] -- Up-to-date: /workstation/nav2_ws/install/nav2_behavior_tree/lib/libnav2_clear_costmap_service_bt_node.so
[0.922s] -- Up-to-date: /workstation/nav2_ws/install/nav2_behavior_tree/lib/libnav2_is_stuck_condition_bt_node.so
[0.923s] -- Up-to-date: /workstation/nav2_ws/install/nav2_behavior_tree/lib/libnav2_transform_available_condition_bt_node.so
[0.923s] -- Up-to-date: /workstation/nav2_ws/install/nav2_behavior_tree/lib/libnav2_goal_reached_condition_bt_node.so
[0.923s] -- Up-to-date: /workstation/nav2_ws/install/nav2_behavior_tree/lib/libnav2_globally_updated_goal_condition_bt_node.so
[0.923s] -- Up-to-date: /workstation/nav2_ws/install/nav2_behavior_tree/lib/libnav2_goal_updated_condition_bt_node.so
[0.924s] -- Up-to-date: /workstation/nav2_ws/install/nav2_behavior_tree/lib/libnav2_is_path_valid_condition_bt_node.so
[0.924s] -- Up-to-date: /workstation/nav2_ws/install/nav2_behavior_tree/lib/libnav2_time_expired_condition_bt_node.so
[0.924s] -- Up-to-date: /workstation/nav2_ws/install/nav2_behavior_tree/lib/libnav2_path_expiring_timer_condition.so
[0.924s] -- Up-to-date: /workstation/nav2_ws/install/nav2_behavior_tree/lib/libnav2_distance_traveled_condition_bt_node.so
[0.925s] -- Up-to-date: /workstation/nav2_ws/install/nav2_behavior_tree/lib/libnav2_initial_pose_received_condition_bt_node.so
[0.925s] -- Up-to-date: /workstation/nav2_ws/install/nav2_behavior_tree/lib/libnav2_is_battery_charging_condition_bt_node.so
[0.925s] -- Up-to-date: /workstation/nav2_ws/install/nav2_behavior_tree/lib/libnav2_is_battery_low_condition_bt_node.so
[0.925s] -- Up-to-date: /workstation/nav2_ws/install/nav2_behavior_tree/lib/libnav2_reinitialize_global_localization_service_bt_node.so
[0.925s] -- Up-to-date: /workstation/nav2_ws/install/nav2_behavior_tree/lib/libnav2_rate_controller_bt_node.so
[0.926s] -- Up-to-date: /workstation/nav2_ws/install/nav2_behavior_tree/lib/libnav2_distance_controller_bt_node.so
[0.926s] -- Up-to-date: /workstation/nav2_ws/install/nav2_behavior_tree/lib/libnav2_speed_controller_bt_node.so
[0.926s] -- Up-to-date: /workstation/nav2_ws/install/nav2_behavior_tree/lib/libnav2_truncate_path_action_bt_node.so
[0.926s] -- Up-to-date: /workstation/nav2_ws/install/nav2_behavior_tree/lib/libnav2_truncate_path_local_action_bt_node.so
[0.927s] -- Up-to-date: /workstation/nav2_ws/install/nav2_behavior_tree/lib/libnav2_goal_updater_node_bt_node.so
[0.927s] -- Up-to-date: /workstation/nav2_ws/install/nav2_behavior_tree/lib/libnav2_path_longer_on_approach_bt_node.so
[0.927s] -- Up-to-date: /workstation/nav2_ws/install/nav2_behavior_tree/lib/libnav2_recovery_node_bt_node.so
[0.927s] -- Up-to-date: /workstation/nav2_ws/install/nav2_behavior_tree/lib/libnav2_navigate_to_pose_action_bt_node.so
[0.927s] -- Up-to-date: /workstation/nav2_ws/install/nav2_behavior_tree/lib/libnav2_navigate_through_poses_action_bt_node.so
[0.928s] -- Up-to-date: /workstation/nav2_ws/install/nav2_behavior_tree/lib/libnav2_remove_passed_goals_action_bt_node.so
[0.928s] -- Up-to-date: /workstation/nav2_ws/install/nav2_behavior_tree/lib/libnav2_get_pose_from_path_action_bt_node.so
[0.928s] -- Up-to-date: /workstation/nav2_ws/install/nav2_behavior_tree/lib/libnav2_pipeline_sequence_bt_node.so
[0.928s] -- Up-to-date: /workstation/nav2_ws/install/nav2_behavior_tree/lib/libnav2_round_robin_node_bt_node.so
[0.929s] -- Up-to-date: /workstation/nav2_ws/install/nav2_behavior_tree/lib/libnav2_single_trigger_bt_node.so
[0.929s] -- Up-to-date: /workstation/nav2_ws/install/nav2_behavior_tree/lib/libnav2_planner_selector_bt_node.so
[0.929s] -- Up-to-date: /workstation/nav2_ws/install/nav2_behavior_tree/lib/libnav2_controller_selector_bt_node.so
[0.929s] -- Up-to-date: /workstation/nav2_ws/install/nav2_behavior_tree/lib/libnav2_smoother_selector_bt_node.so
[0.929s] -- Up-to-date: /workstation/nav2_ws/install/nav2_behavior_tree/lib/libnav2_goal_checker_selector_bt_node.so
[0.930s] -- Up-to-date: /workstation/nav2_ws/install/nav2_behavior_tree/lib/libnav2_progress_checker_selector_bt_node.so
[0.930s] -- Up-to-date: /workstation/nav2_ws/install/nav2_behavior_tree/lib/libnav2_goal_updated_controller_bt_node.so
[0.930s] -- Up-to-date: /workstation/nav2_ws/install/nav2_behavior_tree/include/
[0.930s] -- Up-to-date: /workstation/nav2_ws/install/nav2_behavior_tree/include//nav2_behavior_tree
[0.930s] -- Up-to-date: /workstation/nav2_ws/install/nav2_behavior_tree/include//nav2_behavior_tree/bt_conversions.hpp
[0.930s] -- Up-to-date: /workstation/nav2_ws/install/nav2_behavior_tree/include//nav2_behavior_tree/ros_topic_logger.hpp
[0.930s] -- Up-to-date: /workstation/nav2_ws/install/nav2_behavior_tree/include//nav2_behavior_tree/plugins
[0.930s] -- Up-to-date: /workstation/nav2_ws/install/nav2_behavior_tree/include//nav2_behavior_tree/plugins/action
[0.930s] -- Up-to-date: /workstation/nav2_ws/install/nav2_behavior_tree/include//nav2_behavior_tree/plugins/action/clear_costmap_service.hpp
[0.931s] -- Up-to-date: /workstation/nav2_ws/install/nav2_behavior_tree/include//nav2_behavior_tree/plugins/action/back_up_cancel_node.hpp
[0.931s] -- Up-to-date: /workstation/nav2_ws/install/nav2_behavior_tree/include//nav2_behavior_tree/plugins/action/goal_checker_selector_node.hpp
[0.931s] -- Up-to-date: /workstation/nav2_ws/install/nav2_behavior_tree/include//nav2_behavior_tree/plugins/action/remove_passed_goals_action.hpp
[0.931s] -- Up-to-date: /workstation/nav2_ws/install/nav2_behavior_tree/include//nav2_behavior_tree/plugins/action/assisted_teleop_action.hpp
[0.931s] -- Up-to-date: /workstation/nav2_ws/install/nav2_behavior_tree/include//nav2_behavior_tree/plugins/action/spin_cancel_node.hpp
[0.931s] -- Up-to-date: /workstation/nav2_ws/install/nav2_behavior_tree/include//nav2_behavior_tree/plugins/action/compute_path_through_poses_action.hpp
[0.931s] -- Up-to-date: /workstation/nav2_ws/install/nav2_behavior_tree/include//nav2_behavior_tree/plugins/action/controller_selector_node.hpp
[0.931s] -- Up-to-date: /workstation/nav2_ws/install/nav2_behavior_tree/include//nav2_behavior_tree/plugins/action/reinitialize_global_localization_service.hpp
[0.931s] -- Up-to-date: /workstation/nav2_ws/install/nav2_behavior_tree/include//nav2_behavior_tree/plugins/action/wait_action.hpp
[0.931s] -- Up-to-date: /workstation/nav2_ws/install/nav2_behavior_tree/include//nav2_behavior_tree/plugins/action/truncate_path_action.hpp
[0.931s] -- Up-to-date: /workstation/nav2_ws/install/nav2_behavior_tree/include//nav2_behavior_tree/plugins/action/follow_path_action.hpp
[0.931s] -- Up-to-date: /workstation/nav2_ws/install/nav2_behavior_tree/include//nav2_behavior_tree/plugins/action/truncate_path_local_action.hpp
[0.931s] -- Up-to-date: /workstation/nav2_ws/install/nav2_behavior_tree/include//nav2_behavior_tree/plugins/action/navigate_through_poses_action.hpp
[0.931s] -- Up-to-date: /workstation/nav2_ws/install/nav2_behavior_tree/include//nav2_behavior_tree/plugins/action/planner_selector_node.hpp
[0.932s] -- Up-to-date: /workstation/nav2_ws/install/nav2_behavior_tree/include//nav2_behavior_tree/plugins/action/compute_path_to_pose_action.hpp
[0.932s] -- Up-to-date: /workstation/nav2_ws/install/nav2_behavior_tree/include//nav2_behavior_tree/plugins/action/wait_cancel_node.hpp
[0.932s] -- Up-to-date: /workstation/nav2_ws/install/nav2_behavior_tree/include//nav2_behavior_tree/plugins/action/assisted_teleop_cancel_node.hpp
[0.932s] -- Up-to-date: /workstation/nav2_ws/install/nav2_behavior_tree/include//nav2_behavior_tree/plugins/action/get_pose_from_path_action.hpp
[0.932s] -- Up-to-date: /workstation/nav2_ws/install/nav2_behavior_tree/include//nav2_behavior_tree/plugins/action/back_up_action.hpp
[0.932s] -- Up-to-date: /workstation/nav2_ws/install/nav2_behavior_tree/include//nav2_behavior_tree/plugins/action/spin_action.hpp
[0.932s] -- Up-to-date: /workstation/nav2_ws/install/nav2_behavior_tree/include//nav2_behavior_tree/plugins/action/drive_on_heading_cancel_node.hpp
[0.932s] -- Up-to-date: /workstation/nav2_ws/install/nav2_behavior_tree/include//nav2_behavior_tree/plugins/action/progress_checker_selector_node.hpp
[0.932s] -- Up-to-date: /workstation/nav2_ws/install/nav2_behavior_tree/include//nav2_behavior_tree/plugins/action/navigate_to_pose_action.hpp
[0.932s] -- Up-to-date: /workstation/nav2_ws/install/nav2_behavior_tree/include//nav2_behavior_tree/plugins/action/smooth_path_action.hpp
[0.932s] -- Up-to-date: /workstation/nav2_ws/install/nav2_behavior_tree/include//nav2_behavior_tree/plugins/action/drive_on_heading_action.hpp
[0.932s] -- Up-to-date: /workstation/nav2_ws/install/nav2_behavior_tree/include//nav2_behavior_tree/plugins/action/smoother_selector_node.hpp
[0.932s] -- Up-to-date: /workstation/nav2_ws/install/nav2_behavior_tree/include//nav2_behavior_tree/plugins/action/controller_cancel_node.hpp
[0.932s] -- Up-to-date: /workstation/nav2_ws/install/nav2_behavior_tree/include//nav2_behavior_tree/plugins/control
[0.932s] -- Up-to-date: /workstation/nav2_ws/install/nav2_behavior_tree/include//nav2_behavior_tree/plugins/control/recovery_node.hpp
[0.933s] -- Up-to-date: /workstation/nav2_ws/install/nav2_behavior_tree/include//nav2_behavior_tree/plugins/control/round_robin_node.hpp
[0.933s] -- Up-to-date: /workstation/nav2_ws/install/nav2_behavior_tree/include//nav2_behavior_tree/plugins/control/pipeline_sequence.hpp
[0.933s] -- Up-to-date: /workstation/nav2_ws/install/nav2_behavior_tree/include//nav2_behavior_tree/plugins/decorator
[0.933s] -- Up-to-date: /workstation/nav2_ws/install/nav2_behavior_tree/include//nav2_behavior_tree/plugins/decorator/distance_controller.hpp
[0.933s] -- Up-to-date: /workstation/nav2_ws/install/nav2_behavior_tree/include//nav2_behavior_tree/plugins/decorator/rate_controller.hpp
[0.933s] -- Up-to-date: /workstation/nav2_ws/install/nav2_behavior_tree/include//nav2_behavior_tree/plugins/decorator/path_longer_on_approach.hpp
[0.933s] -- Up-to-date: /workstation/nav2_ws/install/nav2_behavior_tree/include//nav2_behavior_tree/plugins/decorator/goal_updated_controller.hpp
[0.933s] -- Up-to-date: /workstation/nav2_ws/install/nav2_behavior_tree/include//nav2_behavior_tree/plugins/decorator/goal_updater_node.hpp
[0.933s] -- Up-to-date: /workstation/nav2_ws/install/nav2_behavior_tree/include//nav2_behavior_tree/plugins/decorator/speed_controller.hpp
[0.933s] -- Up-to-date: /workstation/nav2_ws/install/nav2_behavior_tree/include//nav2_behavior_tree/plugins/decorator/single_trigger_node.hpp
[0.933s] -- Up-to-date: /workstation/nav2_ws/install/nav2_behavior_tree/include//nav2_behavior_tree/plugins/condition
[0.933s] -- Up-to-date: /workstation/nav2_ws/install/nav2_behavior_tree/include//nav2_behavior_tree/plugins/condition/globally_updated_goal_condition.hpp
[0.933s] -- Up-to-date: /workstation/nav2_ws/install/nav2_behavior_tree/include//nav2_behavior_tree/plugins/condition/goal_reached_condition.hpp
[0.933s] -- Up-to-date: /workstation/nav2_ws/install/nav2_behavior_tree/include//nav2_behavior_tree/plugins/condition/goal_updated_condition.hpp
[0.933s] -- Up-to-date: /workstation/nav2_ws/install/nav2_behavior_tree/include//nav2_behavior_tree/plugins/condition/transform_available_condition.hpp
[0.933s] -- Up-to-date: /workstation/nav2_ws/install/nav2_behavior_tree/include//nav2_behavior_tree/plugins/condition/is_stuck_condition.hpp
[0.933s] -- Up-to-date: /workstation/nav2_ws/install/nav2_behavior_tree/include//nav2_behavior_tree/plugins/condition/is_battery_low_condition.hpp
[0.934s] -- Up-to-date: /workstation/nav2_ws/install/nav2_behavior_tree/include//nav2_behavior_tree/plugins/condition/initial_pose_received_condition.hpp
[0.934s] -- Up-to-date: /workstation/nav2_ws/install/nav2_behavior_tree/include//nav2_behavior_tree/plugins/condition/is_battery_charging_condition.hpp
[0.934s] -- Up-to-date: /workstation/nav2_ws/install/nav2_behavior_tree/include//nav2_behavior_tree/plugins/condition/is_path_valid_condition.hpp
[0.934s] -- Up-to-date: /workstation/nav2_ws/install/nav2_behavior_tree/include//nav2_behavior_tree/plugins/condition/path_expiring_timer_condition.hpp
[0.934s] -- Up-to-date: /workstation/nav2_ws/install/nav2_behavior_tree/include//nav2_behavior_tree/plugins/condition/time_expired_condition.hpp
[0.934s] -- Up-to-date: /workstation/nav2_ws/install/nav2_behavior_tree/include//nav2_behavior_tree/plugins/condition/distance_traveled_condition.hpp
[0.934s] -- Up-to-date: /workstation/nav2_ws/install/nav2_behavior_tree/include//nav2_behavior_tree/behavior_tree_engine.hpp
[0.934s] -- Up-to-date: /workstation/nav2_ws/install/nav2_behavior_tree/include//nav2_behavior_tree/bt_action_node.hpp
[0.934s] -- Up-to-date: /workstation/nav2_ws/install/nav2_behavior_tree/include//nav2_behavior_tree/bt_action_server.hpp
[0.934s] -- Up-to-date: /workstation/nav2_ws/install/nav2_behavior_tree/include//nav2_behavior_tree/bt_cancel_action_node.hpp
[0.934s] -- Up-to-date: /workstation/nav2_ws/install/nav2_behavior_tree/include//nav2_behavior_tree/bt_action_server_impl.hpp
[0.934s] -- Up-to-date: /workstation/nav2_ws/install/nav2_behavior_tree/include//nav2_behavior_tree/bt_service_node.hpp
[0.934s] -- Up-to-date: /workstation/nav2_ws/install/nav2_behavior_tree/share/nav2_behavior_tree/nav2_tree_nodes.xml
[0.934s] -- Up-to-date: /workstation/nav2_ws/install/nav2_behavior_tree/share/nav2_behavior_tree/environment/library_path.sh
[0.934s] -- Up-to-date: /workstation/nav2_ws/install/nav2_behavior_tree/share/nav2_behavior_tree/environment/library_path.dsv
[0.934s] -- Up-to-date: /workstation/nav2_ws/install/nav2_behavior_tree/share/ament_index/resource_index/package_run_dependencies/nav2_behavior_tree
[0.934s] -- Up-to-date: /workstation/nav2_ws/install/nav2_behavior_tree/share/ament_index/resource_index/parent_prefix_path/nav2_behavior_tree
[0.934s] -- Up-to-date: /workstation/nav2_ws/install/nav2_behavior_tree/share/nav2_behavior_tree/environment/ament_prefix_path.sh
[0.935s] -- Up-to-date: /workstation/nav2_ws/install/nav2_behavior_tree/share/nav2_behavior_tree/environment/ament_prefix_path.dsv
[0.935s] -- Up-to-date: /workstation/nav2_ws/install/nav2_behavior_tree/share/nav2_behavior_tree/environment/path.sh
[0.935s] -- Up-to-date: /workstation/nav2_ws/install/nav2_behavior_tree/share/nav2_behavior_tree/environment/path.dsv
[0.935s] -- Up-to-date: /workstation/nav2_ws/install/nav2_behavior_tree/share/nav2_behavior_tree/local_setup.bash
[0.935s] -- Up-to-date: /workstation/nav2_ws/install/nav2_behavior_tree/share/nav2_behavior_tree/local_setup.sh
[0.935s] -- Up-to-date: /workstation/nav2_ws/install/nav2_behavior_tree/share/nav2_behavior_tree/local_setup.zsh
[0.935s] -- Up-to-date: /workstation/nav2_ws/install/nav2_behavior_tree/share/nav2_behavior_tree/local_setup.dsv
[0.935s] -- Installing: /workstation/nav2_ws/install/nav2_behavior_tree/share/nav2_behavior_tree/package.dsv
[0.935s] -- Up-to-date: /workstation/nav2_ws/install/nav2_behavior_tree/share/ament_index/resource_index/packages/nav2_behavior_tree
[0.935s] -- Up-to-date: /workstation/nav2_ws/install/nav2_behavior_tree/share/nav2_behavior_tree/cmake/ament_cmake_export_include_directories-extras.cmake
[0.935s] -- Up-to-date: /workstation/nav2_ws/install/nav2_behavior_tree/share/nav2_behavior_tree/cmake/ament_cmake_export_libraries-extras.cmake
[0.935s] -- Up-to-date: /workstation/nav2_ws/install/nav2_behavior_tree/share/nav2_behavior_tree/cmake/ament_cmake_export_dependencies-extras.cmake
[0.935s] -- Up-to-date: /workstation/nav2_ws/install/nav2_behavior_tree/share/nav2_behavior_tree/cmake/nav2_behavior_treeConfig.cmake
[0.935s] -- Up-to-date: /workstation/nav2_ws/install/nav2_behavior_tree/share/nav2_behavior_tree/cmake/nav2_behavior_treeConfig-version.cmake
[0.935s] -- Up-to-date: /workstation/nav2_ws/install/nav2_behavior_tree/share/nav2_behavior_tree/package.xml
[0.936s] Invoked command in '/workstation/nav2_ws/build/nav2_behavior_tree' returned '0': AMENT_PREFIX_PATH=/workstation/nav2_ws/install/nav2_util:/workstation/nav2_ws/install/nav2_msgs:/workstation/nav2_ws/install/nav2_common:${AMENT_PREFIX_PATH} CMAKE_PREFIX_PATH=/workstation/nav2_ws/install/nav2_util:/workstation/nav2_ws/install/nav2_msgs:/workstation/nav2_ws/install/nav2_common:/opt/ros/humble LD_LIBRARY_PATH=/workstation/nav2_ws/install/nav2_util/lib:/workstation/nav2_ws/install/nav2_msgs/lib:${LD_LIBRARY_PATH} PYTHONPATH=/workstation/nav2_ws/install/nav2_msgs/local/lib/python3.10/dist-packages:/workstation/nav2_ws/install/nav2_common/local/lib/python3.10/dist-packages:${PYTHONPATH} /usr/bin/cmake --install /workstation/nav2_ws/build/nav2_behavior_tree
