[0.044s] Invoking command in '/workstation/nav2_ws/build/nav2_behavior_tree': AMENT_PREFIX_PATH=/workstation/nav2_ws/install/nav2_util:/workstation/nav2_ws/install/nav2_msgs:/workstation/nav2_ws/install/nav2_common:${AMENT_PREFIX_PATH} CMAKE_PREFIX_PATH=/workstation/nav2_ws/install/nav2_util:/workstation/nav2_ws/install/nav2_msgs:/workstation/nav2_ws/install/nav2_common:/opt/ros/humble LD_LIBRARY_PATH=/workstation/nav2_ws/install/nav2_util/lib:/workstation/nav2_ws/install/nav2_msgs/lib:${LD_LIBRARY_PATH} PYTHONPATH=/workstation/nav2_ws/install/nav2_msgs/local/lib/python3.10/dist-packages:/workstation/nav2_ws/install/nav2_common/local/lib/python3.10/dist-packages:${PYTHONPATH} /usr/bin/cmake --build /workstation/nav2_ws/build/nav2_behavior_tree -- -j12 -l12
[0.249s] [  1%] Built target nav2_compute_path_to_pose_action_bt_node
[0.249s] [  2%] Built target nav2_back_up_cancel_bt_node
[0.250s] [  2%] Built target nav2_smooth_path_action_bt_node
[0.262s] [  3%] Built target nav2_wait_cancel_bt_node
[0.264s] [  4%] Built target nav2_spin_cancel_bt_node
[0.266s] [  5%] Built target nav2_controller_cancel_bt_node
[0.272s] [  6%] Built target nav2_behavior_tree
[0.280s] [  7%] Built target nav2_drive_on_heading_cancel_bt_node
[0.280s] [  8%] Built target nav2_assisted_teleop_cancel_bt_node
[0.281s] [  9%] Built target nav2_back_up_action_bt_node
[0.282s] [ 10%] Built target nav2_follow_path_action_bt_node
[0.283s] [ 11%] Built target nav2_compute_path_through_poses_action_bt_node
[0.380s] [ 12%] Built target nav2_drive_on_heading_bt_node
[0.387s] [ 13%] Built target nav2_spin_action_bt_node
[0.400s] [ 14%] Built target nav2_assisted_teleop_action_bt_node
[0.404s] [ 14%] Built target nav2_goal_updated_condition_bt_node
[0.417s] [ 15%] Built target nav2_is_stuck_condition_bt_node
[0.426s] [ 16%] Built target nav2_transform_available_condition_bt_node
[0.433s] [ 17%] Built target nav2_time_expired_condition_bt_node
[0.436s] [ 18%] Built target nav2_goal_reached_condition_bt_node
[0.439s] [ 19%] Built target nav2_wait_action_bt_node
[0.439s] [ 20%] Built target nav2_clear_costmap_service_bt_node
[0.442s] [ 21%] Built target nav2_globally_updated_goal_condition_bt_node
[0.451s] [ 22%] Built target nav2_is_path_valid_condition_bt_node
[0.535s] [ 23%] Built target nav2_reinitialize_global_localization_service_bt_node
[0.542s] [ 24%] Built target nav2_is_battery_charging_condition_bt_node
[0.542s] [ 25%] Built target nav2_rate_controller_bt_node
[0.545s] [ 26%] Built target nav2_is_battery_low_condition_bt_node
[0.553s] [ 27%] Built target nav2_path_expiring_timer_condition
[0.562s] [ 28%] Built target nav2_distance_traveled_condition_bt_node
[0.563s] [ 29%] Built target nav2_speed_controller_bt_node
[0.563s] [ 30%] Built target nav2_goal_updater_node_bt_node
[0.563s] [ 31%] Built target nav2_initial_pose_received_condition_bt_node
[0.563s] [ 32%] Built target nav2_truncate_path_local_action_bt_node
[0.563s] [ 33%] Built target nav2_truncate_path_action_bt_node
[0.589s] [ 34%] Built target nav2_distance_controller_bt_node
[0.618s] [ 35%] Built target nav2_single_trigger_bt_node
[0.618s] [ 36%] Built target nav2_pipeline_sequence_bt_node
[0.624s] [ 37%] Built target nav2_navigate_through_poses_action_bt_node
[0.625s] [ 38%] Built target nav2_recovery_node_bt_node
[0.634s] [ 39%] Built target nav2_get_pose_from_path_action_bt_node
[0.634s] [ 40%] Built target nav2_path_longer_on_approach_bt_node
[0.634s] [ 41%] Built target nav2_navigate_to_pose_action_bt_node
[0.642s] [ 42%] Built target nav2_round_robin_node_bt_node
[0.646s] [ 43%] Built target nav2_remove_passed_goals_action_bt_node
[0.647s] [ 44%] Built target nav2_planner_selector_bt_node
[0.682s] [ 45%] Built target nav2_smoother_selector_bt_node
[0.682s] [ 46%] Built target nav2_controller_selector_bt_node
[0.691s] [ 47%] Built target gtest_main
[0.691s] [ 48%] Built target nav2_goal_checker_selector_bt_node
[0.702s] [ 50%] Built target nav2_goal_updated_controller_bt_node
[0.702s] [ 50%] Built target nav2_progress_checker_selector_bt_node
[0.702s] [ 50%] Built target gtest
[0.762s] [ 51%] Built target test_condition_is_stuck
[0.768s] [ 53%] Built target test_bt_conversions
[0.768s] [ 52%] Built target test_condition_distance_traveled
[0.768s] [ 54%] Built target test_condition_globally_updated_goal
[0.768s] [ 55%] Built target test_condition_transform_available
[0.771s] [ 56%] Built target test_condition_goal_updated
[0.774s] [ 58%] Built target test_condition_initial_pose_received
[0.776s] [ 58%] Built target test_condition_is_battery_charging
[0.779s] [ 59%] Built target test_condition_path_expiring_timer
[0.779s] [ 60%] Built target test_condition_goal_reached
[0.780s] [ 61%] Built target test_condition_is_battery_low
[0.790s] [ 61%] Built target test_condition_time_expired
[0.842s] [ 62%] Built target test_condition_is_path_valid
[0.848s] [ 63%] Built target test_decorator_speed_controller
[0.853s] [ 64%] Built target test_decorator_rate_controller
[0.863s] [ 65%] Built target test_decorator_distance_controller
[0.863s] [ 66%] Built target test_goal_updated_controller
[0.863s] [ 67%] Built target test_decorator_path_longer_on_approach
[0.870s] [ 69%] Built target test_control_pipeline_sequence
[0.870s] [ 69%] Built target test_control_recovery_node
[0.871s] [ 70%] Built target test_bt_action_node
[0.871s] [ 71%] Built target test_single_trigger_node
[0.871s] [ 72%] Built target test_goal_updater_node
[0.886s] [ 73%] Built target test_control_round_robin_node
[0.943s] [ 74%] Built target test_action_drive_on_heading
[0.949s] [ 76%] Built target test_action_assisted_teleop_action
[0.949s] [ 76%] Built target test_action_spin_cancel_action
[0.949s] [ 78%] Built target test_action_back_up_action
[0.949s] [ 78%] Built target test_action_wait_action
[0.953s] [ 79%] Built target test_action_spin_action
[0.964s] [ 80%] Built target test_action_back_up_cancel_action
[0.968s] [ 82%] Built target test_action_wait_cancel_action
[0.972s] [ 83%] Built target test_action_drive_on_heading_cancel_action
[0.972s] [ 83%] Built target test_action_assisted_teleop_cancel_action
[0.983s] [ 84%] Built target test_action_controller_cancel_action
[0.996s] [ 85%] Built target test_action_clear_costmap_service
[1.013s] [ 86%] Built target test_action_reinitialize_global_localization_service
[1.021s] [ 87%] Built target test_action_smooth_path_action
[1.026s] [ 89%] Built target test_action_compute_path_through_poses_action
[1.026s] [ 89%] Built target test_action_compute_path_to_pose_action
[1.029s] [ 89%] Built target test_action_follow_path_action
[1.032s] [ 90%] Built target test_action_navigate_to_pose_action
[1.053s] [ 91%] Built target test_action_navigate_through_poses_action
[1.054s] [ 93%] Built target test_truncate_path_local_action
[1.058s] [ 93%] Built target test_remove_passed_goals_action
[1.060s] [ 94%] Built target test_truncate_path_action
[1.062s] [ 95%] Built target test_get_pose_from_path_action
[1.064s] [ 96%] Built target test_planner_selector_node
[1.075s] [ 97%] Built target test_controller_selector_node
[1.081s] [ 99%] Built target test_smoother_selector_node
[1.081s] [ 99%] Built target test_goal_checker_selector_node
[1.090s] [100%] Built target test_progress_checker_selector_node
[1.107s] Invoked command in '/workstation/nav2_ws/build/nav2_behavior_tree' returned '0': AMENT_PREFIX_PATH=/workstation/nav2_ws/install/nav2_util:/workstation/nav2_ws/install/nav2_msgs:/workstation/nav2_ws/install/nav2_common:${AMENT_PREFIX_PATH} CMAKE_PREFIX_PATH=/workstation/nav2_ws/install/nav2_util:/workstation/nav2_ws/install/nav2_msgs:/workstation/nav2_ws/install/nav2_common:/opt/ros/humble LD_LIBRARY_PATH=/workstation/nav2_ws/install/nav2_util/lib:/workstation/nav2_ws/install/nav2_msgs/lib:${LD_LIBRARY_PATH} PYTHONPATH=/workstation/nav2_ws/install/nav2_msgs/local/lib/python3.10/dist-packages:/workstation/nav2_ws/install/nav2_common/local/lib/python3.10/dist-packages:${PYTHONPATH} /usr/bin/cmake --build /workstation/nav2_ws/build/nav2_behavior_tree -- -j12 -l12
[1.416s] Invoking command in '/workstation/nav2_ws/build/nav2_behavior_tree': AMENT_PREFIX_PATH=/workstation/nav2_ws/install/nav2_util:/workstation/nav2_ws/install/nav2_msgs:/workstation/nav2_ws/install/nav2_common:${AMENT_PREFIX_PATH} CMAKE_PREFIX_PATH=/workstation/nav2_ws/install/nav2_util:/workstation/nav2_ws/install/nav2_msgs:/workstation/nav2_ws/install/nav2_common:/opt/ros/humble LD_LIBRARY_PATH=/workstation/nav2_ws/install/nav2_util/lib:/workstation/nav2_ws/install/nav2_msgs/lib:${LD_LIBRARY_PATH} PYTHONPATH=/workstation/nav2_ws/install/nav2_msgs/local/lib/python3.10/dist-packages:/workstation/nav2_ws/install/nav2_common/local/lib/python3.10/dist-packages:${PYTHONPATH} /usr/bin/cmake --install /workstation/nav2_ws/build/nav2_behavior_tree
[1.431s] -- Install configuration: "Release"
[1.431s] -- Up-to-date: /workstation/nav2_ws/install/nav2_behavior_tree/lib/libnav2_behavior_tree.so
[1.432s] -- Up-to-date: /workstation/nav2_ws/install/nav2_behavior_tree/lib/libnav2_compute_path_to_pose_action_bt_node.so
[1.432s] -- Up-to-date: /workstation/nav2_ws/install/nav2_behavior_tree/lib/libnav2_compute_path_through_poses_action_bt_node.so
[1.433s] -- Up-to-date: /workstation/nav2_ws/install/nav2_behavior_tree/lib/libnav2_controller_cancel_bt_node.so
[1.433s] -- Up-to-date: /workstation/nav2_ws/install/nav2_behavior_tree/lib/libnav2_wait_cancel_bt_node.so
[1.434s] -- Up-to-date: /workstation/nav2_ws/install/nav2_behavior_tree/lib/libnav2_spin_cancel_bt_node.so
[1.435s] -- Up-to-date: /workstation/nav2_ws/install/nav2_behavior_tree/lib/libnav2_back_up_cancel_bt_node.so
[1.436s] -- Up-to-date: /workstation/nav2_ws/install/nav2_behavior_tree/lib/libnav2_assisted_teleop_cancel_bt_node.so
[1.436s] -- Up-to-date: /workstation/nav2_ws/install/nav2_behavior_tree/lib/libnav2_drive_on_heading_cancel_bt_node.so
[1.437s] -- Up-to-date: /workstation/nav2_ws/install/nav2_behavior_tree/lib/libnav2_smooth_path_action_bt_node.so
[1.438s] -- Up-to-date: /workstation/nav2_ws/install/nav2_behavior_tree/lib/libnav2_follow_path_action_bt_node.so
[1.439s] -- Up-to-date: /workstation/nav2_ws/install/nav2_behavior_tree/lib/libnav2_back_up_action_bt_node.so
[1.439s] -- Up-to-date: /workstation/nav2_ws/install/nav2_behavior_tree/lib/libnav2_drive_on_heading_bt_node.so
[1.440s] -- Up-to-date: /workstation/nav2_ws/install/nav2_behavior_tree/lib/libnav2_spin_action_bt_node.so
[1.441s] -- Up-to-date: /workstation/nav2_ws/install/nav2_behavior_tree/lib/libnav2_wait_action_bt_node.so
[1.441s] -- Up-to-date: /workstation/nav2_ws/install/nav2_behavior_tree/lib/libnav2_assisted_teleop_action_bt_node.so
[1.442s] -- Up-to-date: /workstation/nav2_ws/install/nav2_behavior_tree/lib/libnav2_clear_costmap_service_bt_node.so
[1.443s] -- Up-to-date: /workstation/nav2_ws/install/nav2_behavior_tree/lib/libnav2_is_stuck_condition_bt_node.so
[1.443s] -- Up-to-date: /workstation/nav2_ws/install/nav2_behavior_tree/lib/libnav2_transform_available_condition_bt_node.so
[1.444s] -- Up-to-date: /workstation/nav2_ws/install/nav2_behavior_tree/lib/libnav2_goal_reached_condition_bt_node.so
[1.444s] -- Up-to-date: /workstation/nav2_ws/install/nav2_behavior_tree/lib/libnav2_globally_updated_goal_condition_bt_node.so
[1.445s] -- Up-to-date: /workstation/nav2_ws/install/nav2_behavior_tree/lib/libnav2_goal_updated_condition_bt_node.so
[1.446s] -- Up-to-date: /workstation/nav2_ws/install/nav2_behavior_tree/lib/libnav2_is_path_valid_condition_bt_node.so
[1.446s] -- Up-to-date: /workstation/nav2_ws/install/nav2_behavior_tree/lib/libnav2_time_expired_condition_bt_node.so
[1.447s] -- Up-to-date: /workstation/nav2_ws/install/nav2_behavior_tree/lib/libnav2_path_expiring_timer_condition.so
[1.447s] -- Up-to-date: /workstation/nav2_ws/install/nav2_behavior_tree/lib/libnav2_distance_traveled_condition_bt_node.so
[1.448s] -- Up-to-date: /workstation/nav2_ws/install/nav2_behavior_tree/lib/libnav2_initial_pose_received_condition_bt_node.so
[1.449s] -- Up-to-date: /workstation/nav2_ws/install/nav2_behavior_tree/lib/libnav2_is_battery_charging_condition_bt_node.so
[1.450s] -- Up-to-date: /workstation/nav2_ws/install/nav2_behavior_tree/lib/libnav2_is_battery_low_condition_bt_node.so
[1.451s] -- Up-to-date: /workstation/nav2_ws/install/nav2_behavior_tree/lib/libnav2_reinitialize_global_localization_service_bt_node.so
[1.451s] -- Up-to-date: /workstation/nav2_ws/install/nav2_behavior_tree/lib/libnav2_rate_controller_bt_node.so
[1.452s] -- Up-to-date: /workstation/nav2_ws/install/nav2_behavior_tree/lib/libnav2_distance_controller_bt_node.so
[1.452s] -- Up-to-date: /workstation/nav2_ws/install/nav2_behavior_tree/lib/libnav2_speed_controller_bt_node.so
[1.453s] -- Up-to-date: /workstation/nav2_ws/install/nav2_behavior_tree/lib/libnav2_truncate_path_action_bt_node.so
[1.454s] -- Up-to-date: /workstation/nav2_ws/install/nav2_behavior_tree/lib/libnav2_truncate_path_local_action_bt_node.so
[1.455s] -- Up-to-date: /workstation/nav2_ws/install/nav2_behavior_tree/lib/libnav2_goal_updater_node_bt_node.so
[1.456s] -- Up-to-date: /workstation/nav2_ws/install/nav2_behavior_tree/lib/libnav2_path_longer_on_approach_bt_node.so
[1.457s] -- Up-to-date: /workstation/nav2_ws/install/nav2_behavior_tree/lib/libnav2_recovery_node_bt_node.so
[1.458s] -- Up-to-date: /workstation/nav2_ws/install/nav2_behavior_tree/lib/libnav2_navigate_to_pose_action_bt_node.so
[1.458s] -- Up-to-date: /workstation/nav2_ws/install/nav2_behavior_tree/lib/libnav2_navigate_through_poses_action_bt_node.so
[1.459s] -- Up-to-date: /workstation/nav2_ws/install/nav2_behavior_tree/lib/libnav2_remove_passed_goals_action_bt_node.so
[1.460s] -- Up-to-date: /workstation/nav2_ws/install/nav2_behavior_tree/lib/libnav2_get_pose_from_path_action_bt_node.so
[1.460s] -- Up-to-date: /workstation/nav2_ws/install/nav2_behavior_tree/lib/libnav2_pipeline_sequence_bt_node.so
[1.461s] -- Up-to-date: /workstation/nav2_ws/install/nav2_behavior_tree/lib/libnav2_round_robin_node_bt_node.so
[1.461s] -- Up-to-date: /workstation/nav2_ws/install/nav2_behavior_tree/lib/libnav2_single_trigger_bt_node.so
[1.462s] -- Up-to-date: /workstation/nav2_ws/install/nav2_behavior_tree/lib/libnav2_planner_selector_bt_node.so
[1.462s] -- Up-to-date: /workstation/nav2_ws/install/nav2_behavior_tree/lib/libnav2_controller_selector_bt_node.so
[1.463s] -- Up-to-date: /workstation/nav2_ws/install/nav2_behavior_tree/lib/libnav2_smoother_selector_bt_node.so
[1.464s] -- Up-to-date: /workstation/nav2_ws/install/nav2_behavior_tree/lib/libnav2_goal_checker_selector_bt_node.so
[1.465s] -- Up-to-date: /workstation/nav2_ws/install/nav2_behavior_tree/lib/libnav2_progress_checker_selector_bt_node.so
[1.465s] -- Up-to-date: /workstation/nav2_ws/install/nav2_behavior_tree/lib/libnav2_goal_updated_controller_bt_node.so
[1.465s] -- Up-to-date: /workstation/nav2_ws/install/nav2_behavior_tree/include/
[1.465s] -- Up-to-date: /workstation/nav2_ws/install/nav2_behavior_tree/include//nav2_behavior_tree
[1.466s] -- Up-to-date: /workstation/nav2_ws/install/nav2_behavior_tree/include//nav2_behavior_tree/bt_conversions.hpp
[1.466s] -- Up-to-date: /workstation/nav2_ws/install/nav2_behavior_tree/include//nav2_behavior_tree/ros_topic_logger.hpp
[1.466s] -- Up-to-date: /workstation/nav2_ws/install/nav2_behavior_tree/include//nav2_behavior_tree/plugins
[1.466s] -- Up-to-date: /workstation/nav2_ws/install/nav2_behavior_tree/include//nav2_behavior_tree/plugins/action
[1.466s] -- Up-to-date: /workstation/nav2_ws/install/nav2_behavior_tree/include//nav2_behavior_tree/plugins/action/clear_costmap_service.hpp
[1.466s] -- Up-to-date: /workstation/nav2_ws/install/nav2_behavior_tree/include//nav2_behavior_tree/plugins/action/back_up_cancel_node.hpp
[1.466s] -- Up-to-date: /workstation/nav2_ws/install/nav2_behavior_tree/include//nav2_behavior_tree/plugins/action/goal_checker_selector_node.hpp
[1.466s] -- Up-to-date: /workstation/nav2_ws/install/nav2_behavior_tree/include//nav2_behavior_tree/plugins/action/remove_passed_goals_action.hpp
[1.466s] -- Up-to-date: /workstation/nav2_ws/install/nav2_behavior_tree/include//nav2_behavior_tree/plugins/action/assisted_teleop_action.hpp
[1.466s] -- Up-to-date: /workstation/nav2_ws/install/nav2_behavior_tree/include//nav2_behavior_tree/plugins/action/spin_cancel_node.hpp
[1.467s] -- Up-to-date: /workstation/nav2_ws/install/nav2_behavior_tree/include//nav2_behavior_tree/plugins/action/compute_path_through_poses_action.hpp
[1.467s] -- Up-to-date: /workstation/nav2_ws/install/nav2_behavior_tree/include//nav2_behavior_tree/plugins/action/controller_selector_node.hpp
[1.467s] -- Up-to-date: /workstation/nav2_ws/install/nav2_behavior_tree/include//nav2_behavior_tree/plugins/action/reinitialize_global_localization_service.hpp
[1.467s] -- Up-to-date: /workstation/nav2_ws/install/nav2_behavior_tree/include//nav2_behavior_tree/plugins/action/wait_action.hpp
[1.467s] -- Up-to-date: /workstation/nav2_ws/install/nav2_behavior_tree/include//nav2_behavior_tree/plugins/action/truncate_path_action.hpp
[1.467s] -- Up-to-date: /workstation/nav2_ws/install/nav2_behavior_tree/include//nav2_behavior_tree/plugins/action/follow_path_action.hpp
[1.468s] -- Up-to-date: /workstation/nav2_ws/install/nav2_behavior_tree/include//nav2_behavior_tree/plugins/action/truncate_path_local_action.hpp
[1.468s] -- Up-to-date: /workstation/nav2_ws/install/nav2_behavior_tree/include//nav2_behavior_tree/plugins/action/navigate_through_poses_action.hpp
[1.468s] -- Up-to-date: /workstation/nav2_ws/install/nav2_behavior_tree/include//nav2_behavior_tree/plugins/action/planner_selector_node.hpp
[1.468s] -- Up-to-date: /workstation/nav2_ws/install/nav2_behavior_tree/include//nav2_behavior_tree/plugins/action/compute_path_to_pose_action.hpp
[1.468s] -- Up-to-date: /workstation/nav2_ws/install/nav2_behavior_tree/include//nav2_behavior_tree/plugins/action/wait_cancel_node.hpp
[1.468s] -- Up-to-date: /workstation/nav2_ws/install/nav2_behavior_tree/include//nav2_behavior_tree/plugins/action/assisted_teleop_cancel_node.hpp
[1.468s] -- Up-to-date: /workstation/nav2_ws/install/nav2_behavior_tree/include//nav2_behavior_tree/plugins/action/get_pose_from_path_action.hpp
[1.468s] -- Up-to-date: /workstation/nav2_ws/install/nav2_behavior_tree/include//nav2_behavior_tree/plugins/action/back_up_action.hpp
[1.468s] -- Up-to-date: /workstation/nav2_ws/install/nav2_behavior_tree/include//nav2_behavior_tree/plugins/action/spin_action.hpp
[1.468s] -- Up-to-date: /workstation/nav2_ws/install/nav2_behavior_tree/include//nav2_behavior_tree/plugins/action/drive_on_heading_cancel_node.hpp
[1.469s] -- Up-to-date: /workstation/nav2_ws/install/nav2_behavior_tree/include//nav2_behavior_tree/plugins/action/progress_checker_selector_node.hpp
[1.469s] -- Up-to-date: /workstation/nav2_ws/install/nav2_behavior_tree/include//nav2_behavior_tree/plugins/action/navigate_to_pose_action.hpp
[1.469s] -- Up-to-date: /workstation/nav2_ws/install/nav2_behavior_tree/include//nav2_behavior_tree/plugins/action/smooth_path_action.hpp
[1.469s] -- Up-to-date: /workstation/nav2_ws/install/nav2_behavior_tree/include//nav2_behavior_tree/plugins/action/drive_on_heading_action.hpp
[1.469s] -- Up-to-date: /workstation/nav2_ws/install/nav2_behavior_tree/include//nav2_behavior_tree/plugins/action/smoother_selector_node.hpp
[1.469s] -- Up-to-date: /workstation/nav2_ws/install/nav2_behavior_tree/include//nav2_behavior_tree/plugins/action/controller_cancel_node.hpp
[1.469s] -- Up-to-date: /workstation/nav2_ws/install/nav2_behavior_tree/include//nav2_behavior_tree/plugins/control
[1.469s] -- Up-to-date: /workstation/nav2_ws/install/nav2_behavior_tree/include//nav2_behavior_tree/plugins/control/recovery_node.hpp
[1.469s] -- Up-to-date: /workstation/nav2_ws/install/nav2_behavior_tree/include//nav2_behavior_tree/plugins/control/round_robin_node.hpp
[1.469s] -- Up-to-date: /workstation/nav2_ws/install/nav2_behavior_tree/include//nav2_behavior_tree/plugins/control/pipeline_sequence.hpp
[1.469s] -- Up-to-date: /workstation/nav2_ws/install/nav2_behavior_tree/include//nav2_behavior_tree/plugins/decorator
[1.469s] -- Up-to-date: /workstation/nav2_ws/install/nav2_behavior_tree/include//nav2_behavior_tree/plugins/decorator/distance_controller.hpp
[1.470s] -- Up-to-date: /workstation/nav2_ws/install/nav2_behavior_tree/include//nav2_behavior_tree/plugins/decorator/rate_controller.hpp
[1.470s] -- Up-to-date: /workstation/nav2_ws/install/nav2_behavior_tree/include//nav2_behavior_tree/plugins/decorator/path_longer_on_approach.hpp
[1.470s] -- Up-to-date: /workstation/nav2_ws/install/nav2_behavior_tree/include//nav2_behavior_tree/plugins/decorator/goal_updated_controller.hpp
[1.470s] -- Up-to-date: /workstation/nav2_ws/install/nav2_behavior_tree/include//nav2_behavior_tree/plugins/decorator/goal_updater_node.hpp
[1.470s] -- Up-to-date: /workstation/nav2_ws/install/nav2_behavior_tree/include//nav2_behavior_tree/plugins/decorator/speed_controller.hpp
[1.470s] -- Up-to-date: /workstation/nav2_ws/install/nav2_behavior_tree/include//nav2_behavior_tree/plugins/decorator/single_trigger_node.hpp
[1.470s] -- Up-to-date: /workstation/nav2_ws/install/nav2_behavior_tree/include//nav2_behavior_tree/plugins/condition
[1.470s] -- Up-to-date: /workstation/nav2_ws/install/nav2_behavior_tree/include//nav2_behavior_tree/plugins/condition/globally_updated_goal_condition.hpp
[1.470s] -- Up-to-date: /workstation/nav2_ws/install/nav2_behavior_tree/include//nav2_behavior_tree/plugins/condition/goal_reached_condition.hpp
[1.470s] -- Up-to-date: /workstation/nav2_ws/install/nav2_behavior_tree/include//nav2_behavior_tree/plugins/condition/goal_updated_condition.hpp
[1.471s] -- Up-to-date: /workstation/nav2_ws/install/nav2_behavior_tree/include//nav2_behavior_tree/plugins/condition/transform_available_condition.hpp
[1.471s] -- Up-to-date: /workstation/nav2_ws/install/nav2_behavior_tree/include//nav2_behavior_tree/plugins/condition/is_stuck_condition.hpp
[1.471s] -- Up-to-date: /workstation/nav2_ws/install/nav2_behavior_tree/include//nav2_behavior_tree/plugins/condition/is_battery_low_condition.hpp
[1.471s] -- Up-to-date: /workstation/nav2_ws/install/nav2_behavior_tree/include//nav2_behavior_tree/plugins/condition/initial_pose_received_condition.hpp
[1.471s] -- Up-to-date: /workstation/nav2_ws/install/nav2_behavior_tree/include//nav2_behavior_tree/plugins/condition/is_battery_charging_condition.hpp
[1.471s] -- Up-to-date: /workstation/nav2_ws/install/nav2_behavior_tree/include//nav2_behavior_tree/plugins/condition/is_path_valid_condition.hpp
[1.471s] -- Up-to-date: /workstation/nav2_ws/install/nav2_behavior_tree/include//nav2_behavior_tree/plugins/condition/path_expiring_timer_condition.hpp
[1.471s] -- Up-to-date: /workstation/nav2_ws/install/nav2_behavior_tree/include//nav2_behavior_tree/plugins/condition/time_expired_condition.hpp
[1.471s] -- Up-to-date: /workstation/nav2_ws/install/nav2_behavior_tree/include//nav2_behavior_tree/plugins/condition/distance_traveled_condition.hpp
[1.471s] -- Up-to-date: /workstation/nav2_ws/install/nav2_behavior_tree/include//nav2_behavior_tree/behavior_tree_engine.hpp
[1.471s] -- Up-to-date: /workstation/nav2_ws/install/nav2_behavior_tree/include//nav2_behavior_tree/bt_action_node.hpp
[1.471s] -- Up-to-date: /workstation/nav2_ws/install/nav2_behavior_tree/include//nav2_behavior_tree/bt_action_server.hpp
[1.472s] -- Up-to-date: /workstation/nav2_ws/install/nav2_behavior_tree/include//nav2_behavior_tree/bt_cancel_action_node.hpp
[1.472s] -- Up-to-date: /workstation/nav2_ws/install/nav2_behavior_tree/include//nav2_behavior_tree/bt_action_server_impl.hpp
[1.472s] -- Up-to-date: /workstation/nav2_ws/install/nav2_behavior_tree/include//nav2_behavior_tree/bt_service_node.hpp
[1.472s] -- Up-to-date: /workstation/nav2_ws/install/nav2_behavior_tree/share/nav2_behavior_tree/nav2_tree_nodes.xml
[1.472s] -- Up-to-date: /workstation/nav2_ws/install/nav2_behavior_tree/share/nav2_behavior_tree/environment/library_path.sh
[1.472s] -- Up-to-date: /workstation/nav2_ws/install/nav2_behavior_tree/share/nav2_behavior_tree/environment/library_path.dsv
[1.472s] -- Up-to-date: /workstation/nav2_ws/install/nav2_behavior_tree/share/ament_index/resource_index/package_run_dependencies/nav2_behavior_tree
[1.472s] -- Up-to-date: /workstation/nav2_ws/install/nav2_behavior_tree/share/ament_index/resource_index/parent_prefix_path/nav2_behavior_tree
[1.472s] -- Up-to-date: /workstation/nav2_ws/install/nav2_behavior_tree/share/nav2_behavior_tree/environment/ament_prefix_path.sh
[1.472s] -- Up-to-date: /workstation/nav2_ws/install/nav2_behavior_tree/share/nav2_behavior_tree/environment/ament_prefix_path.dsv
[1.472s] -- Up-to-date: /workstation/nav2_ws/install/nav2_behavior_tree/share/nav2_behavior_tree/environment/path.sh
[1.473s] -- Up-to-date: /workstation/nav2_ws/install/nav2_behavior_tree/share/nav2_behavior_tree/environment/path.dsv
[1.473s] -- Up-to-date: /workstation/nav2_ws/install/nav2_behavior_tree/share/nav2_behavior_tree/local_setup.bash
[1.473s] -- Up-to-date: /workstation/nav2_ws/install/nav2_behavior_tree/share/nav2_behavior_tree/local_setup.sh
[1.473s] -- Up-to-date: /workstation/nav2_ws/install/nav2_behavior_tree/share/nav2_behavior_tree/local_setup.zsh
[1.473s] -- Up-to-date: /workstation/nav2_ws/install/nav2_behavior_tree/share/nav2_behavior_tree/local_setup.dsv
[1.473s] -- Installing: /workstation/nav2_ws/install/nav2_behavior_tree/share/nav2_behavior_tree/package.dsv
[1.473s] -- Up-to-date: /workstation/nav2_ws/install/nav2_behavior_tree/share/ament_index/resource_index/packages/nav2_behavior_tree
[1.473s] -- Up-to-date: /workstation/nav2_ws/install/nav2_behavior_tree/share/nav2_behavior_tree/cmake/ament_cmake_export_include_directories-extras.cmake
[1.473s] -- Up-to-date: /workstation/nav2_ws/install/nav2_behavior_tree/share/nav2_behavior_tree/cmake/ament_cmake_export_libraries-extras.cmake
[1.474s] -- Up-to-date: /workstation/nav2_ws/install/nav2_behavior_tree/share/nav2_behavior_tree/cmake/ament_cmake_export_dependencies-extras.cmake
[1.474s] -- Up-to-date: /workstation/nav2_ws/install/nav2_behavior_tree/share/nav2_behavior_tree/cmake/nav2_behavior_treeConfig.cmake
[1.474s] -- Up-to-date: /workstation/nav2_ws/install/nav2_behavior_tree/share/nav2_behavior_tree/cmake/nav2_behavior_treeConfig-version.cmake
[1.474s] -- Up-to-date: /workstation/nav2_ws/install/nav2_behavior_tree/share/nav2_behavior_tree/package.xml
[1.475s] Invoked command in '/workstation/nav2_ws/build/nav2_behavior_tree' returned '0': AMENT_PREFIX_PATH=/workstation/nav2_ws/install/nav2_util:/workstation/nav2_ws/install/nav2_msgs:/workstation/nav2_ws/install/nav2_common:${AMENT_PREFIX_PATH} CMAKE_PREFIX_PATH=/workstation/nav2_ws/install/nav2_util:/workstation/nav2_ws/install/nav2_msgs:/workstation/nav2_ws/install/nav2_common:/opt/ros/humble LD_LIBRARY_PATH=/workstation/nav2_ws/install/nav2_util/lib:/workstation/nav2_ws/install/nav2_msgs/lib:${LD_LIBRARY_PATH} PYTHONPATH=/workstation/nav2_ws/install/nav2_msgs/local/lib/python3.10/dist-packages:/workstation/nav2_ws/install/nav2_common/local/lib/python3.10/dist-packages:${PYTHONPATH} /usr/bin/cmake --install /workstation/nav2_ws/build/nav2_behavior_tree
