[1.150s] Invoking command in '/workstation/nav2_ws/src/navigation2/nav2_simple_commander': AMENT_PREFIX_PATH=/workstation/nav2_ws/install/nav2_msgs:/workstation/nav2_ws/install/nav2_common:${AMENT_PREFIX_PATH} CMAKE_PREFIX_PATH=/workstation/nav2_ws/install/nav2_msgs:/workstation/nav2_ws/install/nav2_common LD_LIBRARY_PATH=/workstation/nav2_ws/install/nav2_msgs/lib:${LD_LIBRARY_PATH} PYTHONPATH=/workstation/nav2_ws/build/nav2_simple_commander/prefix_override:/usr/lib/python3/dist-packages/colcon_core/task/python/colcon_distutils_commands:/workstation/nav2_ws/install/nav2_simple_commander/lib/python3.10/site-packages:/workstation/nav2_ws/install/nav2_msgs/local/lib/python3.10/dist-packages:/workstation/nav2_ws/install/nav2_common/local/lib/python3.10/dist-packages:${PYTHONPATH} /usr/bin/python3 -W ignore:setup.py install is deprecated setup.py egg_info --egg-base ../../../build/nav2_simple_commander build --build-base /workstation/nav2_ws/build/nav2_simple_commander/build install --record /workstation/nav2_ws/build/nav2_simple_commander/install.log --single-version-externally-managed install_data
[1.593s] running egg_info
[1.594s] writing ../../../build/nav2_simple_commander/nav2_simple_commander.egg-info/PKG-INFO
[1.594s] writing dependency_links to ../../../build/nav2_simple_commander/nav2_simple_commander.egg-info/dependency_links.txt
[1.594s] writing entry points to ../../../build/nav2_simple_commander/nav2_simple_commander.egg-info/entry_points.txt
[1.595s] writing requirements to ../../../build/nav2_simple_commander/nav2_simple_commander.egg-info/requires.txt
[1.595s] writing top-level names to ../../../build/nav2_simple_commander/nav2_simple_commander.egg-info/top_level.txt
[1.597s] reading manifest file '../../../build/nav2_simple_commander/nav2_simple_commander.egg-info/SOURCES.txt'
[1.598s] writing manifest file '../../../build/nav2_simple_commander/nav2_simple_commander.egg-info/SOURCES.txt'
[1.599s] running build
[1.599s] running build_py
[1.599s] running install
[1.600s] running install_lib
[1.603s] running install_data
[1.603s] running install_egg_info
[1.605s] removing '/workstation/nav2_ws/install/nav2_simple_commander/lib/python3.10/site-packages/nav2_simple_commander-1.0.0-py3.10.egg-info' (and everything under it)
[1.606s] Copying ../../../build/nav2_simple_commander/nav2_simple_commander.egg-info to /workstation/nav2_ws/install/nav2_simple_commander/lib/python3.10/site-packages/nav2_simple_commander-1.0.0-py3.10.egg-info
[1.607s] running install_scripts
[1.684s] Installing demo_inspection script to /workstation/nav2_ws/install/nav2_simple_commander/lib/nav2_simple_commander
[1.685s] Installing demo_picking script to /workstation/nav2_ws/install/nav2_simple_commander/lib/nav2_simple_commander
[1.685s] Installing demo_recoveries script to /workstation/nav2_ws/install/nav2_simple_commander/lib/nav2_simple_commander
[1.685s] Installing demo_security script to /workstation/nav2_ws/install/nav2_simple_commander/lib/nav2_simple_commander
[1.685s] Installing example_assisted_teleop script to /workstation/nav2_ws/install/nav2_simple_commander/lib/nav2_simple_commander
[1.685s] Installing example_follow_path script to /workstation/nav2_ws/install/nav2_simple_commander/lib/nav2_simple_commander
[1.685s] Installing example_nav_through_poses script to /workstation/nav2_ws/install/nav2_simple_commander/lib/nav2_simple_commander
[1.685s] Installing example_nav_to_pose script to /workstation/nav2_ws/install/nav2_simple_commander/lib/nav2_simple_commander
[1.685s] Installing example_waypoint_follower script to /workstation/nav2_ws/install/nav2_simple_commander/lib/nav2_simple_commander
[1.686s] writing list of installed files to '/workstation/nav2_ws/build/nav2_simple_commander/install.log'
[1.737s] Invoked command in '/workstation/nav2_ws/src/navigation2/nav2_simple_commander' returned '0': AMENT_PREFIX_PATH=/workstation/nav2_ws/install/nav2_msgs:/workstation/nav2_ws/install/nav2_common:${AMENT_PREFIX_PATH} CMAKE_PREFIX_PATH=/workstation/nav2_ws/install/nav2_msgs:/workstation/nav2_ws/install/nav2_common LD_LIBRARY_PATH=/workstation/nav2_ws/install/nav2_msgs/lib:${LD_LIBRARY_PATH} PYTHONPATH=/workstation/nav2_ws/build/nav2_simple_commander/prefix_override:/usr/lib/python3/dist-packages/colcon_core/task/python/colcon_distutils_commands:/workstation/nav2_ws/install/nav2_simple_commander/lib/python3.10/site-packages:/workstation/nav2_ws/install/nav2_msgs/local/lib/python3.10/dist-packages:/workstation/nav2_ws/install/nav2_common/local/lib/python3.10/dist-packages:${PYTHONPATH} /usr/bin/python3 -W ignore:setup.py install is deprecated setup.py egg_info --egg-base ../../../build/nav2_simple_commander build --build-base /workstation/nav2_ws/build/nav2_simple_commander/build install --record /workstation/nav2_ws/build/nav2_simple_commander/install.log --single-version-externally-managed install_data
