[0.073s] Invoking command in '/workstation/nav2_ws/build/nav2_constrained_smoother': AMENT_PREFIX_PATH=/workstation/nav2_ws/install/nav2_core:/workstation/nav2_ws/install/nav2_costmap_2d:/workstation/nav2_ws/install/nav2_map_server:/workstation/nav2_ws/install/nav2_lifecycle_manager:/workstation/nav2_ws/install/nav2_util:/workstation/nav2_ws/install/nav2_voxel_grid:/workstation/nav2_ws/install/nav2_msgs:/workstation/nav2_ws/install/nav2_common:${AMENT_PREFIX_PATH} CMAKE_PREFIX_PATH=/workstation/nav2_ws/install/nav2_core:/workstation/nav2_ws/install/nav2_costmap_2d:/workstation/nav2_ws/install/nav2_map_server:/workstation/nav2_ws/install/nav2_lifecycle_manager:/workstation/nav2_ws/install/nav2_util:/workstation/nav2_ws/install/nav2_voxel_grid:/workstation/nav2_ws/install/nav2_msgs:/workstation/nav2_ws/install/nav2_common:/opt/ros/humble LD_LIBRARY_PATH=/workstation/nav2_ws/install/nav2_costmap_2d/lib:/workstation/nav2_ws/install/nav2_map_server/lib:/workstation/nav2_ws/install/nav2_lifecycle_manager/lib:/workstation/nav2_ws/install/nav2_util/lib:/workstation/nav2_ws/install/nav2_voxel_grid/lib:/workstation/nav2_ws/install/nav2_msgs/lib:${LD_LIBRARY_PATH} PYTHONPATH=/workstation/nav2_ws/install/nav2_msgs/local/lib/python3.10/dist-packages:/workstation/nav2_ws/install/nav2_common/local/lib/python3.10/dist-packages:${PYTHONPATH} /usr/bin/cmake --build /workstation/nav2_ws/build/nav2_constrained_smoother -- -j12 -l12
[0.320s] [ 20%] Built target gtest_main
[0.321s] [ 40%] Built target nav2_constrained_smoother
[0.335s] [ 60%] Built target gtest
[0.512s] [ 80%] Built target test_smoother_cost_function
[0.513s] [100%] Built target test_constrained_smoother
[0.638s] Invoked command in '/workstation/nav2_ws/build/nav2_constrained_smoother' returned '0': AMENT_PREFIX_PATH=/workstation/nav2_ws/install/nav2_core:/workstation/nav2_ws/install/nav2_costmap_2d:/workstation/nav2_ws/install/nav2_map_server:/workstation/nav2_ws/install/nav2_lifecycle_manager:/workstation/nav2_ws/install/nav2_util:/workstation/nav2_ws/install/nav2_voxel_grid:/workstation/nav2_ws/install/nav2_msgs:/workstation/nav2_ws/install/nav2_common:${AMENT_PREFIX_PATH} CMAKE_PREFIX_PATH=/workstation/nav2_ws/install/nav2_core:/workstation/nav2_ws/install/nav2_costmap_2d:/workstation/nav2_ws/install/nav2_map_server:/workstation/nav2_ws/install/nav2_lifecycle_manager:/workstation/nav2_ws/install/nav2_util:/workstation/nav2_ws/install/nav2_voxel_grid:/workstation/nav2_ws/install/nav2_msgs:/workstation/nav2_ws/install/nav2_common:/opt/ros/humble LD_LIBRARY_PATH=/workstation/nav2_ws/install/nav2_costmap_2d/lib:/workstation/nav2_ws/install/nav2_map_server/lib:/workstation/nav2_ws/install/nav2_lifecycle_manager/lib:/workstation/nav2_ws/install/nav2_util/lib:/workstation/nav2_ws/install/nav2_voxel_grid/lib:/workstation/nav2_ws/install/nav2_msgs/lib:${LD_LIBRARY_PATH} PYTHONPATH=/workstation/nav2_ws/install/nav2_msgs/local/lib/python3.10/dist-packages:/workstation/nav2_ws/install/nav2_common/local/lib/python3.10/dist-packages:${PYTHONPATH} /usr/bin/cmake --build /workstation/nav2_ws/build/nav2_constrained_smoother -- -j12 -l12
[0.794s] Invoking command in '/workstation/nav2_ws/build/nav2_constrained_smoother': AMENT_PREFIX_PATH=/workstation/nav2_ws/install/nav2_core:/workstation/nav2_ws/install/nav2_costmap_2d:/workstation/nav2_ws/install/nav2_map_server:/workstation/nav2_ws/install/nav2_lifecycle_manager:/workstation/nav2_ws/install/nav2_util:/workstation/nav2_ws/install/nav2_voxel_grid:/workstation/nav2_ws/install/nav2_msgs:/workstation/nav2_ws/install/nav2_common:${AMENT_PREFIX_PATH} CMAKE_PREFIX_PATH=/workstation/nav2_ws/install/nav2_core:/workstation/nav2_ws/install/nav2_costmap_2d:/workstation/nav2_ws/install/nav2_map_server:/workstation/nav2_ws/install/nav2_lifecycle_manager:/workstation/nav2_ws/install/nav2_util:/workstation/nav2_ws/install/nav2_voxel_grid:/workstation/nav2_ws/install/nav2_msgs:/workstation/nav2_ws/install/nav2_common:/opt/ros/humble LD_LIBRARY_PATH=/workstation/nav2_ws/install/nav2_costmap_2d/lib:/workstation/nav2_ws/install/nav2_map_server/lib:/workstation/nav2_ws/install/nav2_lifecycle_manager/lib:/workstation/nav2_ws/install/nav2_util/lib:/workstation/nav2_ws/install/nav2_voxel_grid/lib:/workstation/nav2_ws/install/nav2_msgs/lib:${LD_LIBRARY_PATH} PYTHONPATH=/workstation/nav2_ws/install/nav2_msgs/local/lib/python3.10/dist-packages:/workstation/nav2_ws/install/nav2_common/local/lib/python3.10/dist-packages:${PYTHONPATH} /usr/bin/cmake --install /workstation/nav2_ws/build/nav2_constrained_smoother
[0.825s] -- Install configuration: "Release"
[0.825s] -- Up-to-date: /workstation/nav2_ws/install/nav2_constrained_smoother/lib/libnav2_constrained_smoother.so
[0.825s] -- Up-to-date: /workstation/nav2_ws/install/nav2_constrained_smoother/include/
[0.825s] -- Up-to-date: /workstation/nav2_ws/install/nav2_constrained_smoother/include//nav2_constrained_smoother
[0.825s] -- Up-to-date: /workstation/nav2_ws/install/nav2_constrained_smoother/include//nav2_constrained_smoother/smoother.hpp
[0.825s] -- Up-to-date: /workstation/nav2_ws/install/nav2_constrained_smoother/include//nav2_constrained_smoother/utils.hpp
[0.825s] -- Up-to-date: /workstation/nav2_ws/install/nav2_constrained_smoother/include//nav2_constrained_smoother/constrained_smoother.hpp
[0.825s] -- Up-to-date: /workstation/nav2_ws/install/nav2_constrained_smoother/include//nav2_constrained_smoother/smoother_cost_function.hpp
[0.826s] -- Up-to-date: /workstation/nav2_ws/install/nav2_constrained_smoother/include//nav2_constrained_smoother/options.hpp
[0.826s] -- Up-to-date: /workstation/nav2_ws/install/nav2_constrained_smoother/share/nav2_constrained_smoother/environment/library_path.sh
[0.826s] -- Up-to-date: /workstation/nav2_ws/install/nav2_constrained_smoother/share/nav2_constrained_smoother/environment/library_path.dsv
[0.826s] -- Up-to-date: /workstation/nav2_ws/install/nav2_constrained_smoother/share/nav2_constrained_smoother/nav2_constrained_smoother.xml
[0.826s] -- Up-to-date: /workstation/nav2_ws/install/nav2_constrained_smoother/share/ament_index/resource_index/package_run_dependencies/nav2_constrained_smoother
[0.826s] -- Up-to-date: /workstation/nav2_ws/install/nav2_constrained_smoother/share/ament_index/resource_index/parent_prefix_path/nav2_constrained_smoother
[0.826s] -- Up-to-date: /workstation/nav2_ws/install/nav2_constrained_smoother/share/nav2_constrained_smoother/environment/ament_prefix_path.sh
[0.826s] -- Up-to-date: /workstation/nav2_ws/install/nav2_constrained_smoother/share/nav2_constrained_smoother/environment/ament_prefix_path.dsv
[0.827s] -- Up-to-date: /workstation/nav2_ws/install/nav2_constrained_smoother/share/nav2_constrained_smoother/environment/path.sh
[0.827s] -- Up-to-date: /workstation/nav2_ws/install/nav2_constrained_smoother/share/nav2_constrained_smoother/environment/path.dsv
[0.827s] -- Up-to-date: /workstation/nav2_ws/install/nav2_constrained_smoother/share/nav2_constrained_smoother/local_setup.bash
[0.827s] -- Up-to-date: /workstation/nav2_ws/install/nav2_constrained_smoother/share/nav2_constrained_smoother/local_setup.sh
[0.827s] -- Up-to-date: /workstation/nav2_ws/install/nav2_constrained_smoother/share/nav2_constrained_smoother/local_setup.zsh
[0.827s] -- Up-to-date: /workstation/nav2_ws/install/nav2_constrained_smoother/share/nav2_constrained_smoother/local_setup.dsv
[0.827s] -- Installing: /workstation/nav2_ws/install/nav2_constrained_smoother/share/nav2_constrained_smoother/package.dsv
[0.835s] -- Up-to-date: /workstation/nav2_ws/install/nav2_constrained_smoother/share/ament_index/resource_index/packages/nav2_constrained_smoother
[0.838s] -- Up-to-date: /workstation/nav2_ws/install/nav2_constrained_smoother/share/ament_index/resource_index/nav2_core__pluginlib__plugin/nav2_constrained_smoother
[0.838s] -- Up-to-date: /workstation/nav2_ws/install/nav2_constrained_smoother/share/nav2_constrained_smoother/cmake/ament_cmake_export_include_directories-extras.cmake
[0.838s] -- Up-to-date: /workstation/nav2_ws/install/nav2_constrained_smoother/share/nav2_constrained_smoother/cmake/ament_cmake_export_libraries-extras.cmake
[0.839s] -- Up-to-date: /workstation/nav2_ws/install/nav2_constrained_smoother/share/nav2_constrained_smoother/cmake/ament_cmake_export_dependencies-extras.cmake
[0.839s] -- Up-to-date: /workstation/nav2_ws/install/nav2_constrained_smoother/share/nav2_constrained_smoother/cmake/nav2_constrained_smootherConfig.cmake
[0.839s] -- Up-to-date: /workstation/nav2_ws/install/nav2_constrained_smoother/share/nav2_constrained_smoother/cmake/nav2_constrained_smootherConfig-version.cmake
[0.839s] -- Up-to-date: /workstation/nav2_ws/install/nav2_constrained_smoother/share/nav2_constrained_smoother/package.xml
[0.996s] Invoked command in '/workstation/nav2_ws/build/nav2_constrained_smoother' returned '0': AMENT_PREFIX_PATH=/workstation/nav2_ws/install/nav2_core:/workstation/nav2_ws/install/nav2_costmap_2d:/workstation/nav2_ws/install/nav2_map_server:/workstation/nav2_ws/install/nav2_lifecycle_manager:/workstation/nav2_ws/install/nav2_util:/workstation/nav2_ws/install/nav2_voxel_grid:/workstation/nav2_ws/install/nav2_msgs:/workstation/nav2_ws/install/nav2_common:${AMENT_PREFIX_PATH} CMAKE_PREFIX_PATH=/workstation/nav2_ws/install/nav2_core:/workstation/nav2_ws/install/nav2_costmap_2d:/workstation/nav2_ws/install/nav2_map_server:/workstation/nav2_ws/install/nav2_lifecycle_manager:/workstation/nav2_ws/install/nav2_util:/workstation/nav2_ws/install/nav2_voxel_grid:/workstation/nav2_ws/install/nav2_msgs:/workstation/nav2_ws/install/nav2_common:/opt/ros/humble LD_LIBRARY_PATH=/workstation/nav2_ws/install/nav2_costmap_2d/lib:/workstation/nav2_ws/install/nav2_map_server/lib:/workstation/nav2_ws/install/nav2_lifecycle_manager/lib:/workstation/nav2_ws/install/nav2_util/lib:/workstation/nav2_ws/install/nav2_voxel_grid/lib:/workstation/nav2_ws/install/nav2_msgs/lib:${LD_LIBRARY_PATH} PYTHONPATH=/workstation/nav2_ws/install/nav2_msgs/local/lib/python3.10/dist-packages:/workstation/nav2_ws/install/nav2_common/local/lib/python3.10/dist-packages:${PYTHONPATH} /usr/bin/cmake --install /workstation/nav2_ws/build/nav2_constrained_smoother
