[0.026s] Invoking command in '/workstation/nav2_ws/build/nav2_map_server': AMENT_PREFIX_PATH=/workstation/nav2_ws/install/nav2_util:/workstation/nav2_ws/install/nav2_msgs:/workstation/nav2_ws/install/nav2_common:${AMENT_PREFIX_PATH} CMAKE_PREFIX_PATH=/workstation/nav2_ws/install/nav2_util:/workstation/nav2_ws/install/nav2_msgs:/workstation/nav2_ws/install/nav2_common:/opt/ros/humble LD_LIBRARY_PATH=/workstation/nav2_ws/install/nav2_util/lib:/workstation/nav2_ws/install/nav2_msgs/lib:${LD_LIBRARY_PATH} PYTHONPATH=/workstation/nav2_ws/install/nav2_msgs/local/lib/python3.10/dist-packages:/workstation/nav2_ws/install/nav2_common/local/lib/python3.10/dist-packages:${PYTHONPATH} /usr/bin/cmake --build /workstation/nav2_ws/build/nav2_map_server -- -j12 -l12
[0.074s] [35m[1mConsolidate compiler generated dependencies of target gtest_main[0m
[0.074s] [35m[1mConsolidate compiler generated dependencies of target gtest[0m
[0.074s] [35m[1mConsolidate compiler generated dependencies of target map_io[0m
[0.097s] [  5%] Built target gtest_main
[0.105s] [ 13%] Built target map_io
[0.108s] [ 19%] Built target gtest
[0.131s] [35m[1mConsolidate compiler generated dependencies of target test_map_io[0m
[0.140s] [35m[1mConsolidate compiler generated dependencies of target test_map_saver_publisher[0m
[0.154s] [35m[1mConsolidate compiler generated dependencies of target map_server_core[0m
[0.155s] [35m[1mConsolidate compiler generated dependencies of target test_map_saver_cli[0m
[0.179s] [ 27%] Built target test_map_io
[0.181s] [ 36%] Built target test_map_saver_publisher
[0.202s] [ 44%] Built target test_map_saver_cli
[0.210s] [ 55%] Built target map_server_core
[0.234s] [35m[1mConsolidate compiler generated dependencies of target map_server[0m
[0.235s] [35m[1mConsolidate compiler generated dependencies of target costmap_filter_info_server[0m
[0.241s] [35m[1mConsolidate compiler generated dependencies of target map_saver_server[0m
[0.248s] [35m[1mConsolidate compiler generated dependencies of target test_map_server_node[0m
[0.248s] [35m[1mConsolidate compiler generated dependencies of target test_costmap_filter_info_server[0m
[0.255s] [35m[1mConsolidate compiler generated dependencies of target map_saver_cli[0m
[0.258s] [35m[1mConsolidate compiler generated dependencies of target test_map_saver_node[0m
[0.286s] [ 61%] Built target map_server
[0.286s] [ 66%] Built target costmap_filter_info_server
[0.292s] [ 72%] Built target map_saver_cli
[0.293s] [ 77%] Built target test_costmap_filter_info_server
[0.294s] [ 86%] Built target test_map_server_node
[0.301s] [ 91%] Built target map_saver_server
[0.301s] [100%] Built target test_map_saver_node
[0.333s] Invoked command in '/workstation/nav2_ws/build/nav2_map_server' returned '0': AMENT_PREFIX_PATH=/workstation/nav2_ws/install/nav2_util:/workstation/nav2_ws/install/nav2_msgs:/workstation/nav2_ws/install/nav2_common:${AMENT_PREFIX_PATH} CMAKE_PREFIX_PATH=/workstation/nav2_ws/install/nav2_util:/workstation/nav2_ws/install/nav2_msgs:/workstation/nav2_ws/install/nav2_common:/opt/ros/humble LD_LIBRARY_PATH=/workstation/nav2_ws/install/nav2_util/lib:/workstation/nav2_ws/install/nav2_msgs/lib:${LD_LIBRARY_PATH} PYTHONPATH=/workstation/nav2_ws/install/nav2_msgs/local/lib/python3.10/dist-packages:/workstation/nav2_ws/install/nav2_common/local/lib/python3.10/dist-packages:${PYTHONPATH} /usr/bin/cmake --build /workstation/nav2_ws/build/nav2_map_server -- -j12 -l12
[0.430s] Invoking command in '/workstation/nav2_ws/build/nav2_map_server': AMENT_PREFIX_PATH=/workstation/nav2_ws/install/nav2_util:/workstation/nav2_ws/install/nav2_msgs:/workstation/nav2_ws/install/nav2_common:${AMENT_PREFIX_PATH} CMAKE_PREFIX_PATH=/workstation/nav2_ws/install/nav2_util:/workstation/nav2_ws/install/nav2_msgs:/workstation/nav2_ws/install/nav2_common:/opt/ros/humble LD_LIBRARY_PATH=/workstation/nav2_ws/install/nav2_util/lib:/workstation/nav2_ws/install/nav2_msgs/lib:${LD_LIBRARY_PATH} PYTHONPATH=/workstation/nav2_ws/install/nav2_msgs/local/lib/python3.10/dist-packages:/workstation/nav2_ws/install/nav2_common/local/lib/python3.10/dist-packages:${PYTHONPATH} /usr/bin/cmake --install /workstation/nav2_ws/build/nav2_map_server
[0.486s] -- Install configuration: "Release"
[0.486s] -- Up-to-date: /workstation/nav2_ws/install/nav2_map_server/lib/libmap_server_core.so
[0.486s] -- Up-to-date: /workstation/nav2_ws/install/nav2_map_server/lib/libmap_io.so
[0.486s] -- Up-to-date: /workstation/nav2_ws/install/nav2_map_server/lib/nav2_map_server/map_server
[0.486s] -- Up-to-date: /workstation/nav2_ws/install/nav2_map_server/lib/nav2_map_server/map_saver_cli
[0.486s] -- Up-to-date: /workstation/nav2_ws/install/nav2_map_server/lib/nav2_map_server/map_saver_server
[0.486s] -- Up-to-date: /workstation/nav2_ws/install/nav2_map_server/lib/nav2_map_server/costmap_filter_info_server
[0.486s] -- Up-to-date: /workstation/nav2_ws/install/nav2_map_server/include/
[0.488s] -- Up-to-date: /workstation/nav2_ws/install/nav2_map_server/include//nav2_map_server
[0.488s] -- Up-to-date: /workstation/nav2_ws/install/nav2_map_server/include//nav2_map_server/map_server.hpp
[0.488s] -- Up-to-date: /workstation/nav2_ws/install/nav2_map_server/include//nav2_map_server/costmap_filter_info_server.hpp
[0.488s] -- Up-to-date: /workstation/nav2_ws/install/nav2_map_server/include//nav2_map_server/map_mode.hpp
[0.488s] -- Up-to-date: /workstation/nav2_ws/install/nav2_map_server/include//nav2_map_server/map_saver.hpp
[0.489s] -- Up-to-date: /workstation/nav2_ws/install/nav2_map_server/include//nav2_map_server/map_io.hpp
[0.489s] -- Up-to-date: /workstation/nav2_ws/install/nav2_map_server/share/nav2_map_server/launch
[0.489s] -- Up-to-date: /workstation/nav2_ws/install/nav2_map_server/share/nav2_map_server/launch/map_saver_server.launch.py
[0.489s] -- Up-to-date: /workstation/nav2_ws/install/nav2_map_server/share/nav2_map_server/environment/library_path.sh
[0.489s] -- Up-to-date: /workstation/nav2_ws/install/nav2_map_server/share/nav2_map_server/environment/library_path.dsv
[0.489s] -- Up-to-date: /workstation/nav2_ws/install/nav2_map_server/share/ament_index/resource_index/package_run_dependencies/nav2_map_server
[0.489s] -- Up-to-date: /workstation/nav2_ws/install/nav2_map_server/share/ament_index/resource_index/parent_prefix_path/nav2_map_server
[0.489s] -- Up-to-date: /workstation/nav2_ws/install/nav2_map_server/share/nav2_map_server/environment/ament_prefix_path.sh
[0.489s] -- Up-to-date: /workstation/nav2_ws/install/nav2_map_server/share/nav2_map_server/environment/ament_prefix_path.dsv
[0.489s] -- Up-to-date: /workstation/nav2_ws/install/nav2_map_server/share/nav2_map_server/environment/path.sh
[0.489s] -- Up-to-date: /workstation/nav2_ws/install/nav2_map_server/share/nav2_map_server/environment/path.dsv
[0.490s] -- Up-to-date: /workstation/nav2_ws/install/nav2_map_server/share/nav2_map_server/local_setup.bash
[0.490s] -- Up-to-date: /workstation/nav2_ws/install/nav2_map_server/share/nav2_map_server/local_setup.sh
[0.490s] -- Up-to-date: /workstation/nav2_ws/install/nav2_map_server/share/nav2_map_server/local_setup.zsh
[0.490s] -- Up-to-date: /workstation/nav2_ws/install/nav2_map_server/share/nav2_map_server/local_setup.dsv
[0.490s] -- Installing: /workstation/nav2_ws/install/nav2_map_server/share/nav2_map_server/package.dsv
[0.490s] -- Up-to-date: /workstation/nav2_ws/install/nav2_map_server/share/ament_index/resource_index/packages/nav2_map_server
[0.490s] -- Up-to-date: /workstation/nav2_ws/install/nav2_map_server/share/ament_index/resource_index/rclcpp_components/nav2_map_server
[0.490s] -- Up-to-date: /workstation/nav2_ws/install/nav2_map_server/share/nav2_map_server/cmake/ament_cmake_export_include_directories-extras.cmake
[0.490s] -- Up-to-date: /workstation/nav2_ws/install/nav2_map_server/share/nav2_map_server/cmake/ament_cmake_export_libraries-extras.cmake
[0.490s] -- Up-to-date: /workstation/nav2_ws/install/nav2_map_server/share/nav2_map_server/cmake/ament_cmake_export_dependencies-extras.cmake
[0.490s] -- Up-to-date: /workstation/nav2_ws/install/nav2_map_server/share/nav2_map_server/cmake/nav2_map_serverConfig.cmake
[0.491s] -- Up-to-date: /workstation/nav2_ws/install/nav2_map_server/share/nav2_map_server/cmake/nav2_map_serverConfig-version.cmake
[0.491s] -- Up-to-date: /workstation/nav2_ws/install/nav2_map_server/share/nav2_map_server/package.xml
[0.545s] Invoked command in '/workstation/nav2_ws/build/nav2_map_server' returned '0': AMENT_PREFIX_PATH=/workstation/nav2_ws/install/nav2_util:/workstation/nav2_ws/install/nav2_msgs:/workstation/nav2_ws/install/nav2_common:${AMENT_PREFIX_PATH} CMAKE_PREFIX_PATH=/workstation/nav2_ws/install/nav2_util:/workstation/nav2_ws/install/nav2_msgs:/workstation/nav2_ws/install/nav2_common:/opt/ros/humble LD_LIBRARY_PATH=/workstation/nav2_ws/install/nav2_util/lib:/workstation/nav2_ws/install/nav2_msgs/lib:${LD_LIBRARY_PATH} PYTHONPATH=/workstation/nav2_ws/install/nav2_msgs/local/lib/python3.10/dist-packages:/workstation/nav2_ws/install/nav2_common/local/lib/python3.10/dist-packages:${PYTHONPATH} /usr/bin/cmake --install /workstation/nav2_ws/build/nav2_map_server
