[0.076s] Invoking command in '/workstation/nav2_ws/build/nav2_controller': AMENT_PREFIX_PATH=/workstation/nav2_ws/install/nav2_core:/workstation/nav2_ws/install/nav2_costmap_2d:/workstation/nav2_ws/install/nav_2d_utils:/workstation/nav2_ws/install/nav2_map_server:/workstation/nav2_ws/install/nav2_lifecycle_manager:/workstation/nav2_ws/install/nav2_util:/workstation/nav2_ws/install/nav2_voxel_grid:/workstation/nav2_ws/install/nav2_msgs:/workstation/nav2_ws/install/nav_2d_msgs:/workstation/nav2_ws/install/nav2_common:${AMENT_PREFIX_PATH} CMAKE_PREFIX_PATH=/workstation/nav2_ws/install/nav2_core:/workstation/nav2_ws/install/nav2_costmap_2d:/workstation/nav2_ws/install/nav_2d_utils:/workstation/nav2_ws/install/nav2_map_server:/workstation/nav2_ws/install/nav2_lifecycle_manager:/workstation/nav2_ws/install/nav2_util:/workstation/nav2_ws/install/nav2_voxel_grid:/workstation/nav2_ws/install/nav2_msgs:/workstation/nav2_ws/install/nav_2d_msgs:/workstation/nav2_ws/install/nav2_common:/opt/ros/humble LD_LIBRARY_PATH=/workstation/nav2_ws/install/nav2_costmap_2d/lib:/workstation/nav2_ws/install/nav_2d_utils/lib:/workstation/nav2_ws/install/nav2_map_server/lib:/workstation/nav2_ws/install/nav2_lifecycle_manager/lib:/workstation/nav2_ws/install/nav2_util/lib:/workstation/nav2_ws/install/nav2_voxel_grid/lib:/workstation/nav2_ws/install/nav2_msgs/lib:/workstation/nav2_ws/install/nav_2d_msgs/lib:${LD_LIBRARY_PATH} PYTHONPATH=/workstation/nav2_ws/install/nav2_msgs/local/lib/python3.10/dist-packages:/workstation/nav2_ws/install/nav_2d_msgs/local/lib/python3.10/dist-packages:/workstation/nav2_ws/install/nav2_common/local/lib/python3.10/dist-packages:${PYTHONPATH} /usr/bin/cmake --build /workstation/nav2_ws/build/nav2_controller -- -j12 -l12
[0.323s] [  9%] Built target simple_progress_checker
[0.323s] [ 18%] Built target gtest
[0.323s] [ 27%] Built target gtest_main
[0.346s] [ 36%] Built target controller_server_core
[0.354s] [ 45%] Built target simple_goal_checker
[0.433s] [ 54%] Built target pose_progress_checker
[0.467s] [ 63%] Built target test_dynamic_parameters
[0.467s] [ 72%] Built target stopped_goal_checker
[0.500s] [ 81%] Built target controller_server
[0.614s] [ 90%] Built target pctest
[0.633s] [100%] Built target gctest
[0.682s] Invoked command in '/workstation/nav2_ws/build/nav2_controller' returned '0': AMENT_PREFIX_PATH=/workstation/nav2_ws/install/nav2_core:/workstation/nav2_ws/install/nav2_costmap_2d:/workstation/nav2_ws/install/nav_2d_utils:/workstation/nav2_ws/install/nav2_map_server:/workstation/nav2_ws/install/nav2_lifecycle_manager:/workstation/nav2_ws/install/nav2_util:/workstation/nav2_ws/install/nav2_voxel_grid:/workstation/nav2_ws/install/nav2_msgs:/workstation/nav2_ws/install/nav_2d_msgs:/workstation/nav2_ws/install/nav2_common:${AMENT_PREFIX_PATH} CMAKE_PREFIX_PATH=/workstation/nav2_ws/install/nav2_core:/workstation/nav2_ws/install/nav2_costmap_2d:/workstation/nav2_ws/install/nav_2d_utils:/workstation/nav2_ws/install/nav2_map_server:/workstation/nav2_ws/install/nav2_lifecycle_manager:/workstation/nav2_ws/install/nav2_util:/workstation/nav2_ws/install/nav2_voxel_grid:/workstation/nav2_ws/install/nav2_msgs:/workstation/nav2_ws/install/nav_2d_msgs:/workstation/nav2_ws/install/nav2_common:/opt/ros/humble LD_LIBRARY_PATH=/workstation/nav2_ws/install/nav2_costmap_2d/lib:/workstation/nav2_ws/install/nav_2d_utils/lib:/workstation/nav2_ws/install/nav2_map_server/lib:/workstation/nav2_ws/install/nav2_lifecycle_manager/lib:/workstation/nav2_ws/install/nav2_util/lib:/workstation/nav2_ws/install/nav2_voxel_grid/lib:/workstation/nav2_ws/install/nav2_msgs/lib:/workstation/nav2_ws/install/nav_2d_msgs/lib:${LD_LIBRARY_PATH} PYTHONPATH=/workstation/nav2_ws/install/nav2_msgs/local/lib/python3.10/dist-packages:/workstation/nav2_ws/install/nav_2d_msgs/local/lib/python3.10/dist-packages:/workstation/nav2_ws/install/nav2_common/local/lib/python3.10/dist-packages:${PYTHONPATH} /usr/bin/cmake --build /workstation/nav2_ws/build/nav2_controller -- -j12 -l12
[1.002s] Invoking command in '/workstation/nav2_ws/build/nav2_controller': AMENT_PREFIX_PATH=/workstation/nav2_ws/install/nav2_core:/workstation/nav2_ws/install/nav2_costmap_2d:/workstation/nav2_ws/install/nav_2d_utils:/workstation/nav2_ws/install/nav2_map_server:/workstation/nav2_ws/install/nav2_lifecycle_manager:/workstation/nav2_ws/install/nav2_util:/workstation/nav2_ws/install/nav2_voxel_grid:/workstation/nav2_ws/install/nav2_msgs:/workstation/nav2_ws/install/nav_2d_msgs:/workstation/nav2_ws/install/nav2_common:${AMENT_PREFIX_PATH} CMAKE_PREFIX_PATH=/workstation/nav2_ws/install/nav2_core:/workstation/nav2_ws/install/nav2_costmap_2d:/workstation/nav2_ws/install/nav_2d_utils:/workstation/nav2_ws/install/nav2_map_server:/workstation/nav2_ws/install/nav2_lifecycle_manager:/workstation/nav2_ws/install/nav2_util:/workstation/nav2_ws/install/nav2_voxel_grid:/workstation/nav2_ws/install/nav2_msgs:/workstation/nav2_ws/install/nav_2d_msgs:/workstation/nav2_ws/install/nav2_common:/opt/ros/humble LD_LIBRARY_PATH=/workstation/nav2_ws/install/nav2_costmap_2d/lib:/workstation/nav2_ws/install/nav_2d_utils/lib:/workstation/nav2_ws/install/nav2_map_server/lib:/workstation/nav2_ws/install/nav2_lifecycle_manager/lib:/workstation/nav2_ws/install/nav2_util/lib:/workstation/nav2_ws/install/nav2_voxel_grid/lib:/workstation/nav2_ws/install/nav2_msgs/lib:/workstation/nav2_ws/install/nav_2d_msgs/lib:${LD_LIBRARY_PATH} PYTHONPATH=/workstation/nav2_ws/install/nav2_msgs/local/lib/python3.10/dist-packages:/workstation/nav2_ws/install/nav_2d_msgs/local/lib/python3.10/dist-packages:/workstation/nav2_ws/install/nav2_common/local/lib/python3.10/dist-packages:${PYTHONPATH} /usr/bin/cmake --install /workstation/nav2_ws/build/nav2_controller
[1.044s] -- Install configuration: "Release"
[1.044s] -- Up-to-date: /workstation/nav2_ws/install/nav2_controller/lib/libsimple_progress_checker.so
[1.044s] -- Up-to-date: /workstation/nav2_ws/install/nav2_controller/lib/libpose_progress_checker.so
[1.044s] -- Up-to-date: /workstation/nav2_ws/install/nav2_controller/lib/libsimple_goal_checker.so
[1.044s] -- Up-to-date: /workstation/nav2_ws/install/nav2_controller/lib/libstopped_goal_checker.so
[1.044s] -- Up-to-date: /workstation/nav2_ws/install/nav2_controller/lib/libcontroller_server_core.so
[1.044s] -- Up-to-date: /workstation/nav2_ws/install/nav2_controller/lib/nav2_controller/controller_server
[1.044s] -- Up-to-date: /workstation/nav2_ws/install/nav2_controller/include/
[1.045s] -- Up-to-date: /workstation/nav2_ws/install/nav2_controller/include//nav2_controller
[1.045s] -- Up-to-date: /workstation/nav2_ws/install/nav2_controller/include//nav2_controller/plugins
[1.045s] -- Up-to-date: /workstation/nav2_ws/install/nav2_controller/include//nav2_controller/plugins/simple_progress_checker.hpp
[1.045s] -- Up-to-date: /workstation/nav2_ws/install/nav2_controller/include//nav2_controller/plugins/simple_goal_checker.hpp
[1.045s] -- Up-to-date: /workstation/nav2_ws/install/nav2_controller/include//nav2_controller/plugins/stopped_goal_checker.hpp
[1.045s] -- Up-to-date: /workstation/nav2_ws/install/nav2_controller/include//nav2_controller/plugins/pose_progress_checker.hpp
[1.045s] -- Up-to-date: /workstation/nav2_ws/install/nav2_controller/include//nav2_controller/controller_server.hpp
[1.046s] -- Up-to-date: /workstation/nav2_ws/install/nav2_controller/share/nav2_controller/environment/library_path.sh
[1.046s] -- Up-to-date: /workstation/nav2_ws/install/nav2_controller/share/nav2_controller/environment/library_path.dsv
[1.046s] -- Up-to-date: /workstation/nav2_ws/install/nav2_controller/share/nav2_controller/plugins.xml
[1.046s] -- Up-to-date: /workstation/nav2_ws/install/nav2_controller/share/ament_index/resource_index/package_run_dependencies/nav2_controller
[1.046s] -- Up-to-date: /workstation/nav2_ws/install/nav2_controller/share/ament_index/resource_index/parent_prefix_path/nav2_controller
[1.046s] -- Up-to-date: /workstation/nav2_ws/install/nav2_controller/share/nav2_controller/environment/ament_prefix_path.sh
[1.046s] -- Up-to-date: /workstation/nav2_ws/install/nav2_controller/share/nav2_controller/environment/ament_prefix_path.dsv
[1.047s] -- Up-to-date: /workstation/nav2_ws/install/nav2_controller/share/nav2_controller/environment/path.sh
[1.047s] -- Up-to-date: /workstation/nav2_ws/install/nav2_controller/share/nav2_controller/environment/path.dsv
[1.047s] -- Up-to-date: /workstation/nav2_ws/install/nav2_controller/share/nav2_controller/local_setup.bash
[1.047s] -- Up-to-date: /workstation/nav2_ws/install/nav2_controller/share/nav2_controller/local_setup.sh
[1.047s] -- Up-to-date: /workstation/nav2_ws/install/nav2_controller/share/nav2_controller/local_setup.zsh
[1.047s] -- Up-to-date: /workstation/nav2_ws/install/nav2_controller/share/nav2_controller/local_setup.dsv
[1.047s] -- Installing: /workstation/nav2_ws/install/nav2_controller/share/nav2_controller/package.dsv
[1.047s] -- Up-to-date: /workstation/nav2_ws/install/nav2_controller/share/ament_index/resource_index/packages/nav2_controller
[1.048s] -- Up-to-date: /workstation/nav2_ws/install/nav2_controller/share/ament_index/resource_index/nav2_core__pluginlib__plugin/nav2_controller
[1.048s] -- Up-to-date: /workstation/nav2_ws/install/nav2_controller/share/ament_index/resource_index/rclcpp_components/nav2_controller
[1.048s] -- Up-to-date: /workstation/nav2_ws/install/nav2_controller/share/nav2_controller/cmake/ament_cmake_export_include_directories-extras.cmake
[1.048s] -- Up-to-date: /workstation/nav2_ws/install/nav2_controller/share/nav2_controller/cmake/ament_cmake_export_libraries-extras.cmake
[1.048s] -- Up-to-date: /workstation/nav2_ws/install/nav2_controller/share/nav2_controller/cmake/ament_cmake_export_dependencies-extras.cmake
[1.048s] -- Up-to-date: /workstation/nav2_ws/install/nav2_controller/share/nav2_controller/cmake/nav2_controllerConfig.cmake
[1.048s] -- Up-to-date: /workstation/nav2_ws/install/nav2_controller/share/nav2_controller/cmake/nav2_controllerConfig-version.cmake
[1.048s] -- Up-to-date: /workstation/nav2_ws/install/nav2_controller/share/nav2_controller/package.xml
[1.176s] Invoked command in '/workstation/nav2_ws/build/nav2_controller' returned '0': AMENT_PREFIX_PATH=/workstation/nav2_ws/install/nav2_core:/workstation/nav2_ws/install/nav2_costmap_2d:/workstation/nav2_ws/install/nav_2d_utils:/workstation/nav2_ws/install/nav2_map_server:/workstation/nav2_ws/install/nav2_lifecycle_manager:/workstation/nav2_ws/install/nav2_util:/workstation/nav2_ws/install/nav2_voxel_grid:/workstation/nav2_ws/install/nav2_msgs:/workstation/nav2_ws/install/nav_2d_msgs:/workstation/nav2_ws/install/nav2_common:${AMENT_PREFIX_PATH} CMAKE_PREFIX_PATH=/workstation/nav2_ws/install/nav2_core:/workstation/nav2_ws/install/nav2_costmap_2d:/workstation/nav2_ws/install/nav_2d_utils:/workstation/nav2_ws/install/nav2_map_server:/workstation/nav2_ws/install/nav2_lifecycle_manager:/workstation/nav2_ws/install/nav2_util:/workstation/nav2_ws/install/nav2_voxel_grid:/workstation/nav2_ws/install/nav2_msgs:/workstation/nav2_ws/install/nav_2d_msgs:/workstation/nav2_ws/install/nav2_common:/opt/ros/humble LD_LIBRARY_PATH=/workstation/nav2_ws/install/nav2_costmap_2d/lib:/workstation/nav2_ws/install/nav_2d_utils/lib:/workstation/nav2_ws/install/nav2_map_server/lib:/workstation/nav2_ws/install/nav2_lifecycle_manager/lib:/workstation/nav2_ws/install/nav2_util/lib:/workstation/nav2_ws/install/nav2_voxel_grid/lib:/workstation/nav2_ws/install/nav2_msgs/lib:/workstation/nav2_ws/install/nav_2d_msgs/lib:${LD_LIBRARY_PATH} PYTHONPATH=/workstation/nav2_ws/install/nav2_msgs/local/lib/python3.10/dist-packages:/workstation/nav2_ws/install/nav_2d_msgs/local/lib/python3.10/dist-packages:/workstation/nav2_ws/install/nav2_common/local/lib/python3.10/dist-packages:${PYTHONPATH} /usr/bin/cmake --install /workstation/nav2_ws/build/nav2_controller
