[0.042s] Invoking command in '/workstation/nav2_ws/build/nav2_velocity_smoother': AMENT_PREFIX_PATH=/workstation/nav2_ws/install/nav2_util:/workstation/nav2_ws/install/nav2_msgs:/workstation/nav2_ws/install/nav2_common:${AMENT_PREFIX_PATH} CMAKE_PREFIX_PATH=/workstation/nav2_ws/install/nav2_util:/workstation/nav2_ws/install/nav2_msgs:/workstation/nav2_ws/install/nav2_common:/opt/ros/humble LD_LIBRARY_PATH=/workstation/nav2_ws/install/nav2_util/lib:/workstation/nav2_ws/install/nav2_msgs/lib:${LD_LIBRARY_PATH} PYTHONPATH=/workstation/nav2_ws/install/nav2_msgs/local/lib/python3.10/dist-packages:/workstation/nav2_ws/install/nav2_common/local/lib/python3.10/dist-packages:${PYTHONPATH} /usr/bin/cmake --build /workstation/nav2_ws/build/nav2_velocity_smoother -- -j12 -l12
[0.197s] [ 20%] Built target gtest
[0.199s] [ 40%] Built target gtest_main
[0.231s] [ 60%] Built target velocity_smoother_core
[0.353s] [ 80%] Built target velocity_smoother
[0.358s] [100%] Built target velocity_smoother_tests
[0.428s] Invoked command in '/workstation/nav2_ws/build/nav2_velocity_smoother' returned '0': AMENT_PREFIX_PATH=/workstation/nav2_ws/install/nav2_util:/workstation/nav2_ws/install/nav2_msgs:/workstation/nav2_ws/install/nav2_common:${AMENT_PREFIX_PATH} CMAKE_PREFIX_PATH=/workstation/nav2_ws/install/nav2_util:/workstation/nav2_ws/install/nav2_msgs:/workstation/nav2_ws/install/nav2_common:/opt/ros/humble LD_LIBRARY_PATH=/workstation/nav2_ws/install/nav2_util/lib:/workstation/nav2_ws/install/nav2_msgs/lib:${LD_LIBRARY_PATH} PYTHONPATH=/workstation/nav2_ws/install/nav2_msgs/local/lib/python3.10/dist-packages:/workstation/nav2_ws/install/nav2_common/local/lib/python3.10/dist-packages:${PYTHONPATH} /usr/bin/cmake --build /workstation/nav2_ws/build/nav2_velocity_smoother -- -j12 -l12
[0.621s] Invoking command in '/workstation/nav2_ws/build/nav2_velocity_smoother': AMENT_PREFIX_PATH=/workstation/nav2_ws/install/nav2_util:/workstation/nav2_ws/install/nav2_msgs:/workstation/nav2_ws/install/nav2_common:${AMENT_PREFIX_PATH} CMAKE_PREFIX_PATH=/workstation/nav2_ws/install/nav2_util:/workstation/nav2_ws/install/nav2_msgs:/workstation/nav2_ws/install/nav2_common:/opt/ros/humble LD_LIBRARY_PATH=/workstation/nav2_ws/install/nav2_util/lib:/workstation/nav2_ws/install/nav2_msgs/lib:${LD_LIBRARY_PATH} PYTHONPATH=/workstation/nav2_ws/install/nav2_msgs/local/lib/python3.10/dist-packages:/workstation/nav2_ws/install/nav2_common/local/lib/python3.10/dist-packages:${PYTHONPATH} /usr/bin/cmake --install /workstation/nav2_ws/build/nav2_velocity_smoother
[0.640s] -- Install configuration: "Release"
[0.641s] -- Up-to-date: /workstation/nav2_ws/install/nav2_velocity_smoother/lib/libvelocity_smoother_core.so
[0.645s] -- Up-to-date: /workstation/nav2_ws/install/nav2_velocity_smoother/lib/nav2_velocity_smoother/velocity_smoother
[0.652s] -- Up-to-date: /workstation/nav2_ws/install/nav2_velocity_smoother/include/
[0.652s] -- Up-to-date: /workstation/nav2_ws/install/nav2_velocity_smoother/include//nav2_velocity_smoother
[0.652s] -- Up-to-date: /workstation/nav2_ws/install/nav2_velocity_smoother/include//nav2_velocity_smoother/velocity_smoother.hpp
[0.653s] -- Up-to-date: /workstation/nav2_ws/install/nav2_velocity_smoother/share/nav2_velocity_smoother/environment/library_path.sh
[0.654s] -- Up-to-date: /workstation/nav2_ws/install/nav2_velocity_smoother/share/nav2_velocity_smoother/environment/library_path.dsv
[0.654s] -- Up-to-date: /workstation/nav2_ws/install/nav2_velocity_smoother/share/ament_index/resource_index/package_run_dependencies/nav2_velocity_smoother
[0.654s] -- Up-to-date: /workstation/nav2_ws/install/nav2_velocity_smoother/share/ament_index/resource_index/parent_prefix_path/nav2_velocity_smoother
[0.654s] -- Up-to-date: /workstation/nav2_ws/install/nav2_velocity_smoother/share/nav2_velocity_smoother/environment/ament_prefix_path.sh
[0.654s] -- Up-to-date: /workstation/nav2_ws/install/nav2_velocity_smoother/share/nav2_velocity_smoother/environment/ament_prefix_path.dsv
[0.655s] -- Up-to-date: /workstation/nav2_ws/install/nav2_velocity_smoother/share/nav2_velocity_smoother/environment/path.sh
[0.655s] -- Up-to-date: /workstation/nav2_ws/install/nav2_velocity_smoother/share/nav2_velocity_smoother/environment/path.dsv
[0.655s] -- Up-to-date: /workstation/nav2_ws/install/nav2_velocity_smoother/share/nav2_velocity_smoother/local_setup.bash
[0.656s] -- Up-to-date: /workstation/nav2_ws/install/nav2_velocity_smoother/share/nav2_velocity_smoother/local_setup.sh
[0.661s] -- Up-to-date: /workstation/nav2_ws/install/nav2_velocity_smoother/share/nav2_velocity_smoother/local_setup.zsh
[0.661s] -- Up-to-date: /workstation/nav2_ws/install/nav2_velocity_smoother/share/nav2_velocity_smoother/local_setup.dsv
[0.661s] -- Installing: /workstation/nav2_ws/install/nav2_velocity_smoother/share/nav2_velocity_smoother/package.dsv
[0.662s] -- Up-to-date: /workstation/nav2_ws/install/nav2_velocity_smoother/share/ament_index/resource_index/packages/nav2_velocity_smoother
[0.662s] -- Up-to-date: /workstation/nav2_ws/install/nav2_velocity_smoother/share/ament_index/resource_index/rclcpp_components/nav2_velocity_smoother
[0.662s] -- Up-to-date: /workstation/nav2_ws/install/nav2_velocity_smoother/share/nav2_velocity_smoother/cmake/ament_cmake_export_include_directories-extras.cmake
[0.663s] -- Up-to-date: /workstation/nav2_ws/install/nav2_velocity_smoother/share/nav2_velocity_smoother/cmake/ament_cmake_export_libraries-extras.cmake
[0.664s] -- Up-to-date: /workstation/nav2_ws/install/nav2_velocity_smoother/share/nav2_velocity_smoother/cmake/ament_cmake_export_dependencies-extras.cmake
[0.665s] -- Up-to-date: /workstation/nav2_ws/install/nav2_velocity_smoother/share/nav2_velocity_smoother/cmake/nav2_velocity_smootherConfig.cmake
[0.666s] -- Up-to-date: /workstation/nav2_ws/install/nav2_velocity_smoother/share/nav2_velocity_smoother/cmake/nav2_velocity_smootherConfig-version.cmake
[0.667s] -- Up-to-date: /workstation/nav2_ws/install/nav2_velocity_smoother/share/nav2_velocity_smoother/package.xml
[0.678s] Invoked command in '/workstation/nav2_ws/build/nav2_velocity_smoother' returned '0': AMENT_PREFIX_PATH=/workstation/nav2_ws/install/nav2_util:/workstation/nav2_ws/install/nav2_msgs:/workstation/nav2_ws/install/nav2_common:${AMENT_PREFIX_PATH} CMAKE_PREFIX_PATH=/workstation/nav2_ws/install/nav2_util:/workstation/nav2_ws/install/nav2_msgs:/workstation/nav2_ws/install/nav2_common:/opt/ros/humble LD_LIBRARY_PATH=/workstation/nav2_ws/install/nav2_util/lib:/workstation/nav2_ws/install/nav2_msgs/lib:${LD_LIBRARY_PATH} PYTHONPATH=/workstation/nav2_ws/install/nav2_msgs/local/lib/python3.10/dist-packages:/workstation/nav2_ws/install/nav2_common/local/lib/python3.10/dist-packages:${PYTHONPATH} /usr/bin/cmake --install /workstation/nav2_ws/build/nav2_velocity_smoother
