[0.016s] Invoking command in '/workstation/nav2_ws/build/nav2_common': CMAKE_PREFIX_PATH=/opt/ros/humble /usr/bin/cmake --build /workstation/nav2_ws/build/nav2_common -- -j12 -l12
[0.074s] Built target ament_cmake_python_copy_nav2_common
[0.306s] running egg_info
[0.307s] writing nav2_common.egg-info/PKG-INFO
[0.307s] writing dependency_links to nav2_common.egg-info/dependency_links.txt
[0.307s] writing top-level names to nav2_common.egg-info/top_level.txt
[0.309s] reading manifest file 'nav2_common.egg-info/SOURCES.txt'
[0.310s] writing manifest file 'nav2_common.egg-info/SOURCES.txt'
[0.334s] Built target ament_cmake_python_build_nav2_common_egg
[0.343s] Invoked command in '/workstation/nav2_ws/build/nav2_common' returned '0': CMAKE_PREFIX_PATH=/opt/ros/humble /usr/bin/cmake --build /workstation/nav2_ws/build/nav2_common -- -j12 -l12
[0.367s] Invoking command in '/workstation/nav2_ws/build/nav2_common': CMAKE_PREFIX_PATH=/opt/ros/humble /usr/bin/cmake --install /workstation/nav2_ws/build/nav2_common
[0.373s] -- Install configuration: ""
[0.373s] -- Up-to-date: /workstation/nav2_ws/install/nav2_common/share/nav2_common/environment/pythonpath.sh
[0.373s] -- Up-to-date: /workstation/nav2_ws/install/nav2_common/share/nav2_common/environment/pythonpath.dsv
[0.373s] -- Up-to-date: /workstation/nav2_ws/install/nav2_common/local/lib/python3.10/dist-packages/nav2_common-1.1.16-py3.10.egg-info
[0.373s] -- Installing: /workstation/nav2_ws/install/nav2_common/local/lib/python3.10/dist-packages/nav2_common-1.1.16-py3.10.egg-info/SOURCES.txt
[0.374s] -- Installing: /workstation/nav2_ws/install/nav2_common/local/lib/python3.10/dist-packages/nav2_common-1.1.16-py3.10.egg-info/PKG-INFO
[0.374s] -- Installing: /workstation/nav2_ws/install/nav2_common/local/lib/python3.10/dist-packages/nav2_common-1.1.16-py3.10.egg-info/top_level.txt
[0.374s] -- Installing: /workstation/nav2_ws/install/nav2_common/local/lib/python3.10/dist-packages/nav2_common-1.1.16-py3.10.egg-info/dependency_links.txt
[0.374s] -- Up-to-date: /workstation/nav2_ws/install/nav2_common/local/lib/python3.10/dist-packages/nav2_common
[0.374s] -- Up-to-date: /workstation/nav2_ws/install/nav2_common/local/lib/python3.10/dist-packages/nav2_common/launch
[0.374s] -- Up-to-date: /workstation/nav2_ws/install/nav2_common/local/lib/python3.10/dist-packages/nav2_common/launch/parse_multirobot_pose.py
[0.374s] -- Up-to-date: /workstation/nav2_ws/install/nav2_common/local/lib/python3.10/dist-packages/nav2_common/launch/replace_string.py
[0.374s] -- Up-to-date: /workstation/nav2_ws/install/nav2_common/local/lib/python3.10/dist-packages/nav2_common/launch/has_node_params.py
[0.374s] -- Up-to-date: /workstation/nav2_ws/install/nav2_common/local/lib/python3.10/dist-packages/nav2_common/launch/rewritten_yaml.py
[0.374s] -- Up-to-date: /workstation/nav2_ws/install/nav2_common/local/lib/python3.10/dist-packages/nav2_common/launch/__init__.py
[0.374s] -- Up-to-date: /workstation/nav2_ws/install/nav2_common/local/lib/python3.10/dist-packages/nav2_common/__init__.py
[0.402s] Listing '/workstation/nav2_ws/install/nav2_common/local/lib/python3.10/dist-packages/nav2_common'...
[0.402s] Listing '/workstation/nav2_ws/install/nav2_common/local/lib/python3.10/dist-packages/nav2_common/launch'...
[0.406s] -- Up-to-date: /workstation/nav2_ws/install/nav2_common/share/ament_index/resource_index/package_run_dependencies/nav2_common
[0.406s] -- Up-to-date: /workstation/nav2_ws/install/nav2_common/share/ament_index/resource_index/parent_prefix_path/nav2_common
[0.406s] -- Up-to-date: /workstation/nav2_ws/install/nav2_common/share/nav2_common/environment/ament_prefix_path.sh
[0.406s] -- Up-to-date: /workstation/nav2_ws/install/nav2_common/share/nav2_common/environment/ament_prefix_path.dsv
[0.406s] -- Up-to-date: /workstation/nav2_ws/install/nav2_common/share/nav2_common/environment/path.sh
[0.406s] -- Up-to-date: /workstation/nav2_ws/install/nav2_common/share/nav2_common/environment/path.dsv
[0.407s] -- Up-to-date: /workstation/nav2_ws/install/nav2_common/share/nav2_common/local_setup.bash
[0.407s] -- Up-to-date: /workstation/nav2_ws/install/nav2_common/share/nav2_common/local_setup.sh
[0.407s] -- Up-to-date: /workstation/nav2_ws/install/nav2_common/share/nav2_common/local_setup.zsh
[0.407s] -- Up-to-date: /workstation/nav2_ws/install/nav2_common/share/nav2_common/local_setup.dsv
[0.407s] -- Up-to-date: /workstation/nav2_ws/install/nav2_common/share/nav2_common/package.dsv
[0.407s] -- Up-to-date: /workstation/nav2_ws/install/nav2_common/share/ament_index/resource_index/packages/nav2_common
[0.407s] -- Up-to-date: /workstation/nav2_ws/install/nav2_common/share/nav2_common/cmake/nav2_common-extras.cmake
[0.407s] -- Up-to-date: /workstation/nav2_ws/install/nav2_common/share/nav2_common/cmake/nav2_commonConfig.cmake
[0.407s] -- Up-to-date: /workstation/nav2_ws/install/nav2_common/share/nav2_common/cmake/nav2_commonConfig-version.cmake
[0.407s] -- Up-to-date: /workstation/nav2_ws/install/nav2_common/share/nav2_common/package.xml
[0.407s] -- Up-to-date: /workstation/nav2_ws/install/nav2_common/share/nav2_common/cmake
[0.408s] -- Up-to-date: /workstation/nav2_ws/install/nav2_common/share/nav2_common/cmake/nav2_package.cmake
[0.408s] Invoked command in '/workstation/nav2_ws/build/nav2_common' returned '0': CMAKE_PREFIX_PATH=/opt/ros/humble /usr/bin/cmake --install /workstation/nav2_ws/build/nav2_common
