[0.007s] Invoking command in '/workstation/ros_ws/build/leo_simulator': AMENT_PREFIX_PATH=/workstation/ros_ws/install/leo_gz_bringup:/workstation/ros_ws/install/leo_gz_worlds:/workstation/ros_ws/install/leo_gz_plugins:${AMENT_PREFIX_PATH} CMAKE_PREFIX_PATH=/workstation/ros_ws/install/leo_gz_bringup:/workstation/ros_ws/install/leo_gz_worlds:/workstation/ros_ws/install/leo_gz_plugins:/opt/ros/humble LD_LIBRARY_PATH=/workstation/ros_ws/install/leo_gz_plugins/lib:${LD_LIBRARY_PATH} /usr/bin/cmake /workstation/ros_ws/src/leo_simulator-ros2/leo_simulator -DCMAKE_INSTALL_PREFIX=/workstation/ros_ws/install/leo_simulator
[0.022s] -- Found ament_cmake: 1.3.10 (/opt/ros/humble/share/ament_cmake/cmake)
[0.200s] -- Found Python3: /usr/bin/python3 (found version "3.10.12") found components: Interpreter 
[0.363s] -- Configuring done
[0.366s] -- Generating done
[0.366s] -- Build files have been written to: /workstation/ros_ws/build/leo_simulator
[0.368s] Invoked command in '/workstation/ros_ws/build/leo_simulator' returned '0': AMENT_PREFIX_PATH=/workstation/ros_ws/install/leo_gz_bringup:/workstation/ros_ws/install/leo_gz_worlds:/workstation/ros_ws/install/leo_gz_plugins:${AMENT_PREFIX_PATH} CMAKE_PREFIX_PATH=/workstation/ros_ws/install/leo_gz_bringup:/workstation/ros_ws/install/leo_gz_worlds:/workstation/ros_ws/install/leo_gz_plugins:/opt/ros/humble LD_LIBRARY_PATH=/workstation/ros_ws/install/leo_gz_plugins/lib:${LD_LIBRARY_PATH} /usr/bin/cmake /workstation/ros_ws/src/leo_simulator-ros2/leo_simulator -DCMAKE_INSTALL_PREFIX=/workstation/ros_ws/install/leo_simulator
[0.369s] Invoking command in '/workstation/ros_ws/build/leo_simulator': AMENT_PREFIX_PATH=/workstation/ros_ws/install/leo_gz_bringup:/workstation/ros_ws/install/leo_gz_worlds:/workstation/ros_ws/install/leo_gz_plugins:${AMENT_PREFIX_PATH} CMAKE_PREFIX_PATH=/workstation/ros_ws/install/leo_gz_bringup:/workstation/ros_ws/install/leo_gz_worlds:/workstation/ros_ws/install/leo_gz_plugins:/opt/ros/humble LD_LIBRARY_PATH=/workstation/ros_ws/install/leo_gz_plugins/lib:${LD_LIBRARY_PATH} /usr/bin/cmake --build /workstation/ros_ws/build/leo_simulator -- -j12 -l12
[0.405s] Invoked command in '/workstation/ros_ws/build/leo_simulator' returned '0': AMENT_PREFIX_PATH=/workstation/ros_ws/install/leo_gz_bringup:/workstation/ros_ws/install/leo_gz_worlds:/workstation/ros_ws/install/leo_gz_plugins:${AMENT_PREFIX_PATH} CMAKE_PREFIX_PATH=/workstation/ros_ws/install/leo_gz_bringup:/workstation/ros_ws/install/leo_gz_worlds:/workstation/ros_ws/install/leo_gz_plugins:/opt/ros/humble LD_LIBRARY_PATH=/workstation/ros_ws/install/leo_gz_plugins/lib:${LD_LIBRARY_PATH} /usr/bin/cmake --build /workstation/ros_ws/build/leo_simulator -- -j12 -l12
[0.425s] Invoking command in '/workstation/ros_ws/build/leo_simulator': AMENT_PREFIX_PATH=/workstation/ros_ws/install/leo_gz_bringup:/workstation/ros_ws/install/leo_gz_worlds:/workstation/ros_ws/install/leo_gz_plugins:${AMENT_PREFIX_PATH} CMAKE_PREFIX_PATH=/workstation/ros_ws/install/leo_gz_bringup:/workstation/ros_ws/install/leo_gz_worlds:/workstation/ros_ws/install/leo_gz_plugins:/opt/ros/humble LD_LIBRARY_PATH=/workstation/ros_ws/install/leo_gz_plugins/lib:${LD_LIBRARY_PATH} /usr/bin/cmake --install /workstation/ros_ws/build/leo_simulator
[0.435s] -- Install configuration: ""
[0.435s] -- Installing: /workstation/ros_ws/install/leo_simulator/share/ament_index/resource_index/package_run_dependencies/leo_simulator
[0.435s] -- Installing: /workstation/ros_ws/install/leo_simulator/share/ament_index/resource_index/parent_prefix_path/leo_simulator
[0.435s] -- Installing: /workstation/ros_ws/install/leo_simulator/share/leo_simulator/environment/ament_prefix_path.sh
[0.435s] -- Installing: /workstation/ros_ws/install/leo_simulator/share/leo_simulator/environment/ament_prefix_path.dsv
[0.435s] -- Installing: /workstation/ros_ws/install/leo_simulator/share/leo_simulator/environment/path.sh
[0.436s] -- Installing: /workstation/ros_ws/install/leo_simulator/share/leo_simulator/environment/path.dsv
[0.436s] -- Installing: /workstation/ros_ws/install/leo_simulator/share/leo_simulator/local_setup.bash
[0.436s] -- Installing: /workstation/ros_ws/install/leo_simulator/share/leo_simulator/local_setup.sh
[0.436s] -- Installing: /workstation/ros_ws/install/leo_simulator/share/leo_simulator/local_setup.zsh
[0.436s] -- Installing: /workstation/ros_ws/install/leo_simulator/share/leo_simulator/local_setup.dsv
[0.436s] -- Installing: /workstation/ros_ws/install/leo_simulator/share/leo_simulator/package.dsv
[0.437s] -- Installing: /workstation/ros_ws/install/leo_simulator/share/ament_index/resource_index/packages/leo_simulator
[0.437s] -- Installing: /workstation/ros_ws/install/leo_simulator/share/leo_simulator/cmake/leo_simulatorConfig.cmake
[0.437s] -- Installing: /workstation/ros_ws/install/leo_simulator/share/leo_simulator/cmake/leo_simulatorConfig-version.cmake
[0.437s] -- Installing: /workstation/ros_ws/install/leo_simulator/share/leo_simulator/package.xml
[0.439s] Invoked command in '/workstation/ros_ws/build/leo_simulator' returned '0': AMENT_PREFIX_PATH=/workstation/ros_ws/install/leo_gz_bringup:/workstation/ros_ws/install/leo_gz_worlds:/workstation/ros_ws/install/leo_gz_plugins:${AMENT_PREFIX_PATH} CMAKE_PREFIX_PATH=/workstation/ros_ws/install/leo_gz_bringup:/workstation/ros_ws/install/leo_gz_worlds:/workstation/ros_ws/install/leo_gz_plugins:/opt/ros/humble LD_LIBRARY_PATH=/workstation/ros_ws/install/leo_gz_plugins/lib:${LD_LIBRARY_PATH} /usr/bin/cmake --install /workstation/ros_ws/build/leo_simulator
