[0.025s] Invoking command in '/workstation/ros_ws/build/grid_map_publisher': CMAKE_PREFIX_PATH=/opt/ros/humble /usr/bin/cmake /workstation/ros_ws/src/grid_map_publisher -DCMAKE_INSTALL_PREFIX=/workstation/ros_ws/install/grid_map_publisher
[0.097s] -- The C compiler identification is GNU 11.4.0
[0.173s] -- The CXX compiler identification is GNU 11.4.0
[0.182s] -- Detecting C compiler ABI info
[0.264s] -- Detecting C compiler ABI info - done
[0.275s] -- Check for working C compiler: /usr/bin/cc - skipped
[0.275s] -- Detecting C compile features
[0.276s] -- Detecting C compile features - done
[0.281s] -- Detecting CXX compiler ABI info
[0.385s] -- Detecting CXX compiler ABI info - done
[0.399s] -- Check for working CXX compiler: /usr/bin/c++ - skipped
[0.399s] -- Detecting CXX compile features
[0.401s] -- Detecting CXX compile features - done
[0.411s] -- Found ament_cmake: 1.3.10 (/opt/ros/humble/share/ament_cmake/cmake)
[0.644s] -- Found Python3: /usr/bin/python3 (found version "3.10.12") found components: Interpreter 
[0.757s] -- Found rclcpp: 16.0.10 (/opt/ros/humble/share/rclcpp/cmake)
[0.826s] -- Found rosidl_generator_c: 3.1.5 (/opt/ros/humble/share/rosidl_generator_c/cmake)
[0.833s] -- Found rosidl_adapter: 3.1.5 (/opt/ros/humble/share/rosidl_adapter/cmake)
[0.845s] -- Found rosidl_generator_cpp: 3.1.5 (/opt/ros/humble/share/rosidl_generator_cpp/cmake)
[0.864s] -- Using all available rosidl_typesupport_c: rosidl_typesupport_fastrtps_c;rosidl_typesupport_introspection_c
[0.915s] -- Using all available rosidl_typesupport_cpp: rosidl_typesupport_fastrtps_cpp;rosidl_typesupport_introspection_cpp
[0.994s] -- Found rmw_implementation_cmake: 6.1.2 (/opt/ros/humble/share/rmw_implementation_cmake/cmake)
[0.997s] -- Found rmw_fastrtps_cpp: 6.2.7 (/opt/ros/humble/share/rmw_fastrtps_cpp/cmake)
[1.119s] -- Found OpenSSL: /usr/lib/x86_64-linux-gnu/libcrypto.so (found version "3.0.2")  
[1.166s] -- Found FastRTPS: /opt/ros/humble/include  
[1.223s] -- Using RMW implementation 'rmw_fastrtps_cpp' as default
[1.235s] -- Looking for pthread.h
[1.316s] -- Looking for pthread.h - found
[1.318s] -- Performing Test CMAKE_HAVE_LIBC_PTHREAD
[1.405s] -- Performing Test CMAKE_HAVE_LIBC_PTHREAD - Success
[1.407s] -- Found Threads: TRUE  
[1.498s] -- Found grid_map_msgs: 2.0.0 (/opt/ros/humble/share/grid_map_msgs/cmake)
[1.534s] -- Found grid_map_core: 2.0.0 (/opt/ros/humble/share/grid_map_core/cmake)
[1.538s] -- Found sensor_msgs: 4.2.4 (/opt/ros/humble/share/sensor_msgs/cmake)
[1.558s] -- Found nav_msgs: 4.2.4 (/opt/ros/humble/share/nav_msgs/cmake)
[1.590s] -- Found cv_bridge: 3.2.1 (/opt/ros/humble/share/cv_bridge/cmake)
[1.612s] -- Found OpenCV: /usr (found version "4.5.4") 
[1.620s] -- Found ament_lint_auto: 0.12.11 (/opt/ros/humble/share/ament_lint_auto/cmake)
[1.717s] -- Added test 'cppcheck' to perform static code analysis on C / C++ code
[1.717s] -- Configured cppcheck include dirs: 
[1.718s] -- Configured cppcheck exclude dirs and/or files: 
[1.718s] -- Added test 'lint_cmake' to check CMake code style
[1.720s] -- Added test 'uncrustify' to check C / C++ code style
[1.720s] -- Configured uncrustify additional arguments: 
[1.720s] -- Added test 'xmllint' to check XML markup files
[1.721s] -- Configuring done
[1.742s] -- Generating done
[1.744s] -- Build files have been written to: /workstation/ros_ws/build/grid_map_publisher
[1.757s] Invoked command in '/workstation/ros_ws/build/grid_map_publisher' returned '0': CMAKE_PREFIX_PATH=/opt/ros/humble /usr/bin/cmake /workstation/ros_ws/src/grid_map_publisher -DCMAKE_INSTALL_PREFIX=/workstation/ros_ws/install/grid_map_publisher
[1.759s] Invoking command in '/workstation/ros_ws/build/grid_map_publisher': CMAKE_PREFIX_PATH=/opt/ros/humble /usr/bin/cmake --build /workstation/ros_ws/build/grid_map_publisher -- -j12 -l12
[1.808s] [ 25%] [32mBuilding CXX object CMakeFiles/grid_map_publisher_node.dir/src/grid_map_publisher_node.cpp.o[0m
[1.808s] [ 50%] [32mBuilding CXX object CMakeFiles/grid_map_subscriber_node.dir/src/grid_map_subscriber_node.cpp.o[0m
[8.043s] [01m[K/workstation/ros_ws/src/grid_map_publisher/src/grid_map_subscriber_node.cpp:[m[K In member function ‘[01m[Kvoid GridMapSubscriber::gridMapCallback(grid_map_msgs::msg::GridMap_<std::allocator<void> >::SharedPtr)[m[K’:
[8.044s] [01m[K/workstation/ros_ws/src/grid_map_publisher/src/grid_map_subscriber_node.cpp:28:29:[m[K [01;35m[Kwarning: [m[Kcomparison of integer expressions of different signedness: ‘[01m[Kstd::vector<float>::size_type[m[K’ {aka ‘[01m[Klong unsigned int[m[K’} and ‘[01m[Kint[m[K’ [[01;35m[K-Wsign-compare[m[K]
[8.044s]    28 |             if ([01;35m[Kdata.size() > (height_index-1)[m[K) {
[8.044s]       |                 [01;35m[K~~~~~~~~~~~~^~~~~~~~~~~~~~~~~~[m[K
[16.890s] [ 75%] [32m[1mLinking CXX executable grid_map_subscriber_node[0m
[17.409s] [ 75%] Built target grid_map_subscriber_node
[20.907s] [100%] [32m[1mLinking CXX executable grid_map_publisher_node[0m
[21.776s] [100%] Built target grid_map_publisher_node
[21.788s] Invoked command in '/workstation/ros_ws/build/grid_map_publisher' returned '0': CMAKE_PREFIX_PATH=/opt/ros/humble /usr/bin/cmake --build /workstation/ros_ws/build/grid_map_publisher -- -j12 -l12
[21.814s] Invoking command in '/workstation/ros_ws/build/grid_map_publisher': CMAKE_PREFIX_PATH=/opt/ros/humble /usr/bin/cmake --install /workstation/ros_ws/build/grid_map_publisher
[21.821s] -- Install configuration: ""
[21.821s] -- Installing: /workstation/ros_ws/install/grid_map_publisher/lib/grid_map_publisher/grid_map_publisher_node
[21.824s] -- Set runtime path of "/workstation/ros_ws/install/grid_map_publisher/lib/grid_map_publisher/grid_map_publisher_node" to ""
[21.824s] -- Installing: /workstation/ros_ws/install/grid_map_publisher/lib/grid_map_publisher/grid_map_subscriber_node
[21.826s] -- Set runtime path of "/workstation/ros_ws/install/grid_map_publisher/lib/grid_map_publisher/grid_map_subscriber_node" to ""
[21.827s] -- Installing: /workstation/ros_ws/install/grid_map_publisher/share/ament_index/resource_index/package_run_dependencies/grid_map_publisher
[21.827s] -- Installing: /workstation/ros_ws/install/grid_map_publisher/share/ament_index/resource_index/parent_prefix_path/grid_map_publisher
[21.827s] -- Installing: /workstation/ros_ws/install/grid_map_publisher/share/grid_map_publisher/environment/ament_prefix_path.sh
[21.827s] -- Installing: /workstation/ros_ws/install/grid_map_publisher/share/grid_map_publisher/environment/ament_prefix_path.dsv
[21.827s] -- Installing: /workstation/ros_ws/install/grid_map_publisher/share/grid_map_publisher/environment/path.sh
[21.827s] -- Installing: /workstation/ros_ws/install/grid_map_publisher/share/grid_map_publisher/environment/path.dsv
[21.827s] -- Installing: /workstation/ros_ws/install/grid_map_publisher/share/grid_map_publisher/local_setup.bash
[21.828s] -- Installing: /workstation/ros_ws/install/grid_map_publisher/share/grid_map_publisher/local_setup.sh
[21.828s] -- Installing: /workstation/ros_ws/install/grid_map_publisher/share/grid_map_publisher/local_setup.zsh
[21.828s] -- Installing: /workstation/ros_ws/install/grid_map_publisher/share/grid_map_publisher/local_setup.dsv
[21.828s] -- Installing: /workstation/ros_ws/install/grid_map_publisher/share/grid_map_publisher/package.dsv
[21.828s] -- Installing: /workstation/ros_ws/install/grid_map_publisher/share/ament_index/resource_index/packages/grid_map_publisher
[21.828s] -- Installing: /workstation/ros_ws/install/grid_map_publisher/share/grid_map_publisher/cmake/grid_map_publisherConfig.cmake
[21.828s] -- Installing: /workstation/ros_ws/install/grid_map_publisher/share/grid_map_publisher/cmake/grid_map_publisherConfig-version.cmake
[21.828s] -- Installing: /workstation/ros_ws/install/grid_map_publisher/share/grid_map_publisher/package.xml
[21.830s] Invoked command in '/workstation/ros_ws/build/grid_map_publisher' returned '0': CMAKE_PREFIX_PATH=/opt/ros/humble /usr/bin/cmake --install /workstation/ros_ws/build/grid_map_publisher
