[0.020s] Invoking command in '/workstation/nav2_ws/build/nav_2d_utils': AMENT_PREFIX_PATH=/workstation/nav2_ws/install/nav2_util:/workstation/nav2_ws/install/nav2_msgs:/workstation/nav2_ws/install/nav_2d_msgs:/workstation/nav2_ws/install/nav2_common:${AMENT_PREFIX_PATH} CMAKE_PREFIX_PATH=/workstation/nav2_ws/install/nav2_util:/workstation/nav2_ws/install/nav2_msgs:/workstation/nav2_ws/install/nav_2d_msgs:/workstation/nav2_ws/install/nav2_common:/opt/ros/humble LD_LIBRARY_PATH=/workstation/nav2_ws/install/nav2_util/lib:/workstation/nav2_ws/install/nav2_msgs/lib:/workstation/nav2_ws/install/nav_2d_msgs/lib:${LD_LIBRARY_PATH} PYTHONPATH=/workstation/nav2_ws/install/nav2_msgs/local/lib/python3.10/dist-packages:/workstation/nav2_ws/install/nav_2d_msgs/local/lib/python3.10/dist-packages:/workstation/nav2_ws/install/nav2_common/local/lib/python3.10/dist-packages:${PYTHONPATH} /usr/bin/cmake /workstation/nav2_ws/src/navigation2/nav2_dwb_controller/nav_2d_utils -DCMAKE_INSTALL_PREFIX=/workstation/nav2_ws/install/nav_2d_utils
[0.072s] -- The C compiler identification is GNU 11.4.0
[0.128s] -- The CXX compiler identification is GNU 11.4.0
[0.135s] -- Detecting C compiler ABI info
[0.194s] -- Detecting C compiler ABI info - done
[0.208s] -- Check for working C compiler: /usr/bin/cc - skipped
[0.208s] -- Detecting C compile features
[0.209s] -- Detecting C compile features - done
[0.213s] -- Detecting CXX compiler ABI info
[0.288s] -- Detecting CXX compiler ABI info - done
[0.302s] -- Check for working CXX compiler: /usr/bin/c++ - skipped
[0.302s] -- Detecting CXX compile features
[0.303s] -- Detecting CXX compile features - done
[0.305s] -- Found ament_cmake: 1.3.10 (/opt/ros/humble/share/ament_cmake/cmake)
[0.471s] -- Found Python3: /usr/bin/python3 (found version "3.10.12") found components: Interpreter 
[0.572s] -- Found nav2_common: 1.1.16 (/workstation/nav2_ws/install/nav2_common/share/nav2_common/cmake)
[0.574s] -- Found geometry_msgs: 4.2.4 (/opt/ros/humble/share/geometry_msgs/cmake)
[0.612s] -- Found rosidl_generator_c: 3.1.5 (/opt/ros/humble/share/rosidl_generator_c/cmake)
[0.618s] -- Found rosidl_adapter: 3.1.5 (/opt/ros/humble/share/rosidl_adapter/cmake)
[0.627s] -- Found rosidl_generator_cpp: 3.1.5 (/opt/ros/humble/share/rosidl_generator_cpp/cmake)
[0.640s] -- Using all available rosidl_typesupport_c: rosidl_typesupport_fastrtps_c;rosidl_typesupport_introspection_c
[0.657s] -- Using all available rosidl_typesupport_cpp: rosidl_typesupport_fastrtps_cpp;rosidl_typesupport_introspection_cpp
[0.697s] -- Found nav_2d_msgs: 1.1.16 (/workstation/nav2_ws/install/nav_2d_msgs/share/nav_2d_msgs/cmake)
[0.713s] -- Found nav_msgs: 4.2.4 (/opt/ros/humble/share/nav_msgs/cmake)
[0.731s] -- Found rclcpp: 16.0.10 (/opt/ros/humble/share/rclcpp/cmake)
[0.772s] -- Found rmw_implementation_cmake: 6.1.2 (/opt/ros/humble/share/rmw_implementation_cmake/cmake)
[0.775s] -- Found rmw_fastrtps_cpp: 6.2.7 (/opt/ros/humble/share/rmw_fastrtps_cpp/cmake)
[0.856s] -- Found OpenSSL: /usr/lib/x86_64-linux-gnu/libcrypto.so (found version "3.0.2")  
[0.897s] -- Found FastRTPS: /opt/ros/humble/include  
[0.941s] -- Using RMW implementation 'rmw_fastrtps_cpp' as default
[0.951s] -- Looking for pthread.h
[1.014s] -- Looking for pthread.h - found
[1.014s] -- Performing Test CMAKE_HAVE_LIBC_PTHREAD
[1.081s] -- Performing Test CMAKE_HAVE_LIBC_PTHREAD - Success
[1.082s] -- Found Threads: TRUE  
[1.123s] -- Found tf2: 0.25.8 (/opt/ros/humble/share/tf2/cmake)
[1.136s] -- Found tf2_geometry_msgs: 0.25.8 (/opt/ros/humble/share/tf2_geometry_msgs/cmake)
[1.150s] -- Found eigen3_cmake_module: 0.1.1 (/opt/ros/humble/share/eigen3_cmake_module/cmake)
[1.151s] -- Found Eigen3: TRUE (found version "3.4.0") 
[1.151s] -- Ensuring Eigen3 include directory is part of orocos-kdl CMake target
[1.246s] -- Found nav2_msgs: 1.1.16 (/workstation/nav2_ws/install/nav2_msgs/share/nav2_msgs/cmake)
[1.269s] -- Found nav2_util: 1.1.16 (/workstation/nav2_ws/install/nav2_util/share/nav2_util/cmake)
[1.323s] -- Setting build type to Release as none was specified.
[1.379s] -- Found ament_lint_auto: 0.12.11 (/opt/ros/humble/share/ament_lint_auto/cmake)
[1.469s] -- Found gtest sources under '/opt/ros/humble/src/gtest_vendor': C++ tests using 'Google Test' will be built
[1.488s] -- Added test 'cppcheck' to perform static code analysis on C / C++ code
[1.489s] -- Configured cppcheck include dirs: /workstation/nav2_ws/src/navigation2/nav2_dwb_controller/nav_2d_utils/include
[1.490s] -- Configured cppcheck exclude dirs and/or files: 
[1.492s] -- Added test 'cpplint' to check C / C++ code against the Google style
[1.492s] -- Configured cpplint exclude dirs and/or files: 
[1.494s] -- Added test 'lint_cmake' to check CMake code style
[1.496s] -- Added test 'uncrustify' to check C / C++ code style
[1.496s] -- Configured uncrustify additional arguments: 
[1.496s] -- Added test 'xmllint' to check XML markup files
[1.499s] -- Configuring done
[1.642s] -- Generating done
[1.645s] -- Build files have been written to: /workstation/nav2_ws/build/nav_2d_utils
[1.656s] Invoked command in '/workstation/nav2_ws/build/nav_2d_utils' returned '0': AMENT_PREFIX_PATH=/workstation/nav2_ws/install/nav2_util:/workstation/nav2_ws/install/nav2_msgs:/workstation/nav2_ws/install/nav_2d_msgs:/workstation/nav2_ws/install/nav2_common:${AMENT_PREFIX_PATH} CMAKE_PREFIX_PATH=/workstation/nav2_ws/install/nav2_util:/workstation/nav2_ws/install/nav2_msgs:/workstation/nav2_ws/install/nav_2d_msgs:/workstation/nav2_ws/install/nav2_common:/opt/ros/humble LD_LIBRARY_PATH=/workstation/nav2_ws/install/nav2_util/lib:/workstation/nav2_ws/install/nav2_msgs/lib:/workstation/nav2_ws/install/nav_2d_msgs/lib:${LD_LIBRARY_PATH} PYTHONPATH=/workstation/nav2_ws/install/nav2_msgs/local/lib/python3.10/dist-packages:/workstation/nav2_ws/install/nav_2d_msgs/local/lib/python3.10/dist-packages:/workstation/nav2_ws/install/nav2_common/local/lib/python3.10/dist-packages:${PYTHONPATH} /usr/bin/cmake /workstation/nav2_ws/src/navigation2/nav2_dwb_controller/nav_2d_utils -DCMAKE_INSTALL_PREFIX=/workstation/nav2_ws/install/nav_2d_utils
[1.658s] Invoking command in '/workstation/nav2_ws/build/nav_2d_utils': AMENT_PREFIX_PATH=/workstation/nav2_ws/install/nav2_util:/workstation/nav2_ws/install/nav2_msgs:/workstation/nav2_ws/install/nav_2d_msgs:/workstation/nav2_ws/install/nav2_common:${AMENT_PREFIX_PATH} CMAKE_PREFIX_PATH=/workstation/nav2_ws/install/nav2_util:/workstation/nav2_ws/install/nav2_msgs:/workstation/nav2_ws/install/nav_2d_msgs:/workstation/nav2_ws/install/nav2_common:/opt/ros/humble LD_LIBRARY_PATH=/workstation/nav2_ws/install/nav2_util/lib:/workstation/nav2_ws/install/nav2_msgs/lib:/workstation/nav2_ws/install/nav_2d_msgs/lib:${LD_LIBRARY_PATH} PYTHONPATH=/workstation/nav2_ws/install/nav2_msgs/local/lib/python3.10/dist-packages:/workstation/nav2_ws/install/nav_2d_msgs/local/lib/python3.10/dist-packages:/workstation/nav2_ws/install/nav2_common/local/lib/python3.10/dist-packages:${PYTHONPATH} /usr/bin/cmake --build /workstation/nav2_ws/build/nav_2d_utils -- -j12 -l12
[1.714s] [ 18%] [32mBuilding CXX object gtest/CMakeFiles/gtest_main.dir/src/gtest_main.cc.o[0m
[1.714s] [ 18%] [32mBuilding CXX object CMakeFiles/conversions.dir/src/conversions.cpp.o[0m
[1.715s] [ 18%] [32mBuilding CXX object gtest/CMakeFiles/gtest.dir/src/gtest-all.cc.o[0m
[1.715s] [ 25%] [32mBuilding CXX object CMakeFiles/path_ops.dir/src/path_ops.cpp.o[0m
[3.053s] [ 31%] [32m[1mLinking CXX shared library libpath_ops.so[0m
[4.589s] [ 37%] [32m[1mLinking CXX static library libgtest_main.a[0m
[4.691s] [ 37%] Built target gtest_main
[7.756s] [ 37%] Built target path_ops
[7.846s] [ 43%] [32m[1mLinking CXX shared library libconversions.so[0m
[8.199s] [ 43%] Built target conversions
[8.235s] [ 50%] [32mBuilding CXX object CMakeFiles/tf_help.dir/src/tf_help.cpp.o[0m
[21.318s] [ 56%] [32m[1mLinking CXX shared library libtf_help.so[0m
[21.356s] [ 62%] [32m[1mLinking CXX static library libgtest.a[0m
[21.515s] [ 62%] Built target gtest
[21.615s] [ 68%] [32mBuilding CXX object test/CMakeFiles/2d_utils_tests.dir/2d_utils_test.cpp.o[0m
[21.707s] [ 75%] [32mBuilding CXX object test/CMakeFiles/path_ops_tests.dir/path_ops_test.cpp.o[0m
[23.156s] [ 75%] Built target tf_help
[23.235s] [ 81%] [32mBuilding CXX object test/CMakeFiles/tf_help_tests.dir/tf_help_test.cpp.o[0m
[30.719s] [ 87%] [32m[1mLinking CXX executable path_ops_tests[0m
[33.549s] [ 87%] Built target path_ops_tests
[41.094s] [ 93%] [32m[1mLinking CXX executable tf_help_tests[0m
[41.455s] [ 93%] Built target tf_help_tests
[42.574s] [100%] [32m[1mLinking CXX executable 2d_utils_tests[0m
[42.856s] [100%] Built target 2d_utils_tests
[42.922s] Invoked command in '/workstation/nav2_ws/build/nav_2d_utils' returned '0': AMENT_PREFIX_PATH=/workstation/nav2_ws/install/nav2_util:/workstation/nav2_ws/install/nav2_msgs:/workstation/nav2_ws/install/nav_2d_msgs:/workstation/nav2_ws/install/nav2_common:${AMENT_PREFIX_PATH} CMAKE_PREFIX_PATH=/workstation/nav2_ws/install/nav2_util:/workstation/nav2_ws/install/nav2_msgs:/workstation/nav2_ws/install/nav_2d_msgs:/workstation/nav2_ws/install/nav2_common:/opt/ros/humble LD_LIBRARY_PATH=/workstation/nav2_ws/install/nav2_util/lib:/workstation/nav2_ws/install/nav2_msgs/lib:/workstation/nav2_ws/install/nav_2d_msgs/lib:${LD_LIBRARY_PATH} PYTHONPATH=/workstation/nav2_ws/install/nav2_msgs/local/lib/python3.10/dist-packages:/workstation/nav2_ws/install/nav_2d_msgs/local/lib/python3.10/dist-packages:/workstation/nav2_ws/install/nav2_common/local/lib/python3.10/dist-packages:${PYTHONPATH} /usr/bin/cmake --build /workstation/nav2_ws/build/nav_2d_utils -- -j12 -l12
[42.989s] Invoking command in '/workstation/nav2_ws/build/nav_2d_utils': AMENT_PREFIX_PATH=/workstation/nav2_ws/install/nav2_util:/workstation/nav2_ws/install/nav2_msgs:/workstation/nav2_ws/install/nav_2d_msgs:/workstation/nav2_ws/install/nav2_common:${AMENT_PREFIX_PATH} CMAKE_PREFIX_PATH=/workstation/nav2_ws/install/nav2_util:/workstation/nav2_ws/install/nav2_msgs:/workstation/nav2_ws/install/nav_2d_msgs:/workstation/nav2_ws/install/nav2_common:/opt/ros/humble LD_LIBRARY_PATH=/workstation/nav2_ws/install/nav2_util/lib:/workstation/nav2_ws/install/nav2_msgs/lib:/workstation/nav2_ws/install/nav_2d_msgs/lib:${LD_LIBRARY_PATH} PYTHONPATH=/workstation/nav2_ws/install/nav2_msgs/local/lib/python3.10/dist-packages:/workstation/nav2_ws/install/nav_2d_msgs/local/lib/python3.10/dist-packages:/workstation/nav2_ws/install/nav2_common/local/lib/python3.10/dist-packages:${PYTHONPATH} /usr/bin/cmake --install /workstation/nav2_ws/build/nav_2d_utils
[43.001s] -- Install configuration: "Release"
[43.002s] -- Installing: /workstation/nav2_ws/install/nav_2d_utils/lib/libconversions.so
[43.002s] -- Set runtime path of "/workstation/nav2_ws/install/nav_2d_utils/lib/libconversions.so" to ""
[43.003s] -- Installing: /workstation/nav2_ws/install/nav_2d_utils/lib/libpath_ops.so
[43.003s] -- Set runtime path of "/workstation/nav2_ws/install/nav_2d_utils/lib/libpath_ops.so" to ""
[43.003s] -- Installing: /workstation/nav2_ws/install/nav_2d_utils/lib/libtf_help.so
[43.003s] -- Set runtime path of "/workstation/nav2_ws/install/nav_2d_utils/lib/libtf_help.so" to ""
[43.003s] -- Installing: /workstation/nav2_ws/install/nav_2d_utils/include/
[43.003s] -- Installing: /workstation/nav2_ws/install/nav_2d_utils/include//nav_2d_utils
[43.003s] -- Installing: /workstation/nav2_ws/install/nav_2d_utils/include//nav_2d_utils/path_ops.hpp
[43.004s] -- Installing: /workstation/nav2_ws/install/nav_2d_utils/include//nav_2d_utils/odom_subscriber.hpp
[43.004s] -- Installing: /workstation/nav2_ws/install/nav_2d_utils/include//nav_2d_utils/conversions.hpp
[43.004s] -- Installing: /workstation/nav2_ws/install/nav_2d_utils/include//nav_2d_utils/tf_help.hpp
[43.004s] -- Installing: /workstation/nav2_ws/install/nav_2d_utils/include//nav_2d_utils/parameters.hpp
[43.005s] -- Installing: /workstation/nav2_ws/install/nav_2d_utils/share/nav_2d_utils/environment/library_path.sh
[43.005s] -- Installing: /workstation/nav2_ws/install/nav_2d_utils/share/nav_2d_utils/environment/library_path.dsv
[43.006s] -- Installing: /workstation/nav2_ws/install/nav_2d_utils/share/ament_index/resource_index/package_run_dependencies/nav_2d_utils
[43.006s] -- Installing: /workstation/nav2_ws/install/nav_2d_utils/share/ament_index/resource_index/parent_prefix_path/nav_2d_utils
[43.006s] -- Installing: /workstation/nav2_ws/install/nav_2d_utils/share/nav_2d_utils/environment/ament_prefix_path.sh
[43.007s] -- Installing: /workstation/nav2_ws/install/nav_2d_utils/share/nav_2d_utils/environment/ament_prefix_path.dsv
[43.007s] -- Installing: /workstation/nav2_ws/install/nav_2d_utils/share/nav_2d_utils/environment/path.sh
[43.008s] -- Installing: /workstation/nav2_ws/install/nav_2d_utils/share/nav_2d_utils/environment/path.dsv
[43.009s] -- Installing: /workstation/nav2_ws/install/nav_2d_utils/share/nav_2d_utils/local_setup.bash
[43.009s] -- Installing: /workstation/nav2_ws/install/nav_2d_utils/share/nav_2d_utils/local_setup.sh
[43.009s] -- Installing: /workstation/nav2_ws/install/nav_2d_utils/share/nav_2d_utils/local_setup.zsh
[43.010s] -- Installing: /workstation/nav2_ws/install/nav_2d_utils/share/nav_2d_utils/local_setup.dsv
[43.010s] -- Installing: /workstation/nav2_ws/install/nav_2d_utils/share/nav_2d_utils/package.dsv
[43.010s] -- Installing: /workstation/nav2_ws/install/nav_2d_utils/share/ament_index/resource_index/packages/nav_2d_utils
[43.010s] -- Installing: /workstation/nav2_ws/install/nav_2d_utils/share/nav_2d_utils/cmake/ament_cmake_export_include_directories-extras.cmake
[43.010s] -- Installing: /workstation/nav2_ws/install/nav_2d_utils/share/nav_2d_utils/cmake/ament_cmake_export_libraries-extras.cmake
[43.011s] -- Installing: /workstation/nav2_ws/install/nav_2d_utils/share/nav_2d_utils/cmake/ament_cmake_export_dependencies-extras.cmake
[43.011s] -- Installing: /workstation/nav2_ws/install/nav_2d_utils/share/nav_2d_utils/cmake/nav_2d_utilsConfig.cmake
[43.011s] -- Installing: /workstation/nav2_ws/install/nav_2d_utils/share/nav_2d_utils/cmake/nav_2d_utilsConfig-version.cmake
[43.011s] -- Installing: /workstation/nav2_ws/install/nav_2d_utils/share/nav_2d_utils/package.xml
[43.025s] Invoked command in '/workstation/nav2_ws/build/nav_2d_utils' returned '0': AMENT_PREFIX_PATH=/workstation/nav2_ws/install/nav2_util:/workstation/nav2_ws/install/nav2_msgs:/workstation/nav2_ws/install/nav_2d_msgs:/workstation/nav2_ws/install/nav2_common:${AMENT_PREFIX_PATH} CMAKE_PREFIX_PATH=/workstation/nav2_ws/install/nav2_util:/workstation/nav2_ws/install/nav2_msgs:/workstation/nav2_ws/install/nav_2d_msgs:/workstation/nav2_ws/install/nav2_common:/opt/ros/humble LD_LIBRARY_PATH=/workstation/nav2_ws/install/nav2_util/lib:/workstation/nav2_ws/install/nav2_msgs/lib:/workstation/nav2_ws/install/nav_2d_msgs/lib:${LD_LIBRARY_PATH} PYTHONPATH=/workstation/nav2_ws/install/nav2_msgs/local/lib/python3.10/dist-packages:/workstation/nav2_ws/install/nav_2d_msgs/local/lib/python3.10/dist-packages:/workstation/nav2_ws/install/nav2_common/local/lib/python3.10/dist-packages:${PYTHONPATH} /usr/bin/cmake --install /workstation/nav2_ws/build/nav_2d_utils
