[0.093s] Invoking command in '/workstation/nav2_ws/build/nav2_rotation_shim_controller': AMENT_PREFIX_PATH=/workstation/nav2_ws/install/nav2_regulated_pure_pursuit_controller:/workstation/nav2_ws/install/nav2_controller:/workstation/nav2_ws/install/nav2_core:/workstation/nav2_ws/install/nav2_costmap_2d:/workstation/nav2_ws/install/nav_2d_utils:/workstation/nav2_ws/install/nav2_map_server:/workstation/nav2_ws/install/nav2_lifecycle_manager:/workstation/nav2_ws/install/nav2_util:/workstation/nav2_ws/install/nav2_voxel_grid:/workstation/nav2_ws/install/nav2_msgs:/workstation/nav2_ws/install/nav_2d_msgs:/workstation/nav2_ws/install/nav2_common:${AMENT_PREFIX_PATH} CMAKE_PREFIX_PATH=/workstation/nav2_ws/install/nav2_regulated_pure_pursuit_controller:/workstation/nav2_ws/install/nav2_controller:/workstation/nav2_ws/install/nav2_core:/workstation/nav2_ws/install/nav2_costmap_2d:/workstation/nav2_ws/install/nav_2d_utils:/workstation/nav2_ws/install/nav2_map_server:/workstation/nav2_ws/install/nav2_lifecycle_manager:/workstation/nav2_ws/install/nav2_util:/workstation/nav2_ws/install/nav2_voxel_grid:/workstation/nav2_ws/install/nav2_msgs:/workstation/nav2_ws/install/nav_2d_msgs:/workstation/nav2_ws/install/nav2_common:/opt/ros/humble LD_LIBRARY_PATH=/workstation/nav2_ws/install/nav2_regulated_pure_pursuit_controller/lib:/workstation/nav2_ws/install/nav2_controller/lib:/workstation/nav2_ws/install/nav2_costmap_2d/lib:/workstation/nav2_ws/install/nav_2d_utils/lib:/workstation/nav2_ws/install/nav2_map_server/lib:/workstation/nav2_ws/install/nav2_lifecycle_manager/lib:/workstation/nav2_ws/install/nav2_util/lib:/workstation/nav2_ws/install/nav2_voxel_grid/lib:/workstation/nav2_ws/install/nav2_msgs/lib:/workstation/nav2_ws/install/nav_2d_msgs/lib:${LD_LIBRARY_PATH} PYTHONPATH=/workstation/nav2_ws/install/nav2_msgs/local/lib/python3.10/dist-packages:/workstation/nav2_ws/install/nav_2d_msgs/local/lib/python3.10/dist-packages:/workstation/nav2_ws/install/nav2_common/local/lib/python3.10/dist-packages:${PYTHONPATH} /usr/bin/cmake /workstation/nav2_ws/src/navigation2/nav2_rotation_shim_controller -DCMAKE_INSTALL_PREFIX=/workstation/nav2_ws/install/nav2_rotation_shim_controller
[0.211s] -- The C compiler identification is GNU 11.4.0
[0.327s] -- The CXX compiler identification is GNU 11.4.0
[0.341s] -- Detecting C compiler ABI info
[0.492s] -- Detecting C compiler ABI info - done
[0.509s] -- Check for working C compiler: /usr/bin/cc - skipped
[0.510s] -- Detecting C compile features
[0.511s] -- Detecting C compile features - done
[0.517s] -- Detecting CXX compiler ABI info
[0.688s] -- Detecting CXX compiler ABI info - done
[0.706s] -- Check for working CXX compiler: /usr/bin/c++ - skipped
[0.707s] -- Detecting CXX compile features
[0.711s] -- Detecting CXX compile features - done
[0.716s] -- Found ament_cmake: 1.3.10 (/opt/ros/humble/share/ament_cmake/cmake)
[1.058s] -- Found Python3: /usr/bin/python3 (found version "3.10.12") found components: Interpreter 
[1.293s] -- Found nav2_common: 1.1.16 (/workstation/nav2_ws/install/nav2_common/share/nav2_common/cmake)
[1.293s] -- Found nav2_core: 1.1.16 (/workstation/nav2_ws/install/nav2_core/share/nav2_core/cmake)
[1.421s] -- Found rosidl_generator_c: 3.1.5 (/opt/ros/humble/share/rosidl_generator_c/cmake)
[1.445s] -- Found rosidl_adapter: 3.1.5 (/opt/ros/humble/share/rosidl_adapter/cmake)
[1.473s] -- Found rosidl_generator_cpp: 3.1.5 (/opt/ros/humble/share/rosidl_generator_cpp/cmake)
[1.508s] -- Using all available rosidl_typesupport_c: rosidl_typesupport_fastrtps_c;rosidl_typesupport_introspection_c
[1.557s] -- Using all available rosidl_typesupport_cpp: rosidl_typesupport_fastrtps_cpp;rosidl_typesupport_introspection_cpp
[1.693s] -- Found rmw_implementation_cmake: 6.1.2 (/opt/ros/humble/share/rmw_implementation_cmake/cmake)
[1.701s] -- Found rmw_fastrtps_cpp: 6.2.7 (/opt/ros/humble/share/rmw_fastrtps_cpp/cmake)
[1.948s] -- Found OpenSSL: /usr/lib/x86_64-linux-gnu/libcrypto.so (found version "3.0.2")  
[2.018s] -- Found FastRTPS: /opt/ros/humble/include  
[2.116s] -- Using RMW implementation 'rmw_fastrtps_cpp' as default
[2.140s] -- Looking for pthread.h
[2.296s] -- Looking for pthread.h - found
[2.297s] -- Performing Test CMAKE_HAVE_LIBC_PTHREAD
[2.460s] -- Performing Test CMAKE_HAVE_LIBC_PTHREAD - Success
[2.463s] -- Found Threads: TRUE  
[3.202s] -- Found Eigen3: TRUE (found version "3.4.0") 
[3.204s] -- Ensuring Eigen3 include directory is part of orocos-kdl CMake target
[3.457s] -- Setting build type to Release as none was specified.
[3.598s] -- Found ament_lint_auto: 0.12.11 (/opt/ros/humble/share/ament_lint_auto/cmake)
[3.960s] -- Found gtest sources under '/opt/ros/humble/src/gtest_vendor': C++ tests using 'Google Test' will be built
[4.593s] -- Added test 'cppcheck' to perform static code analysis on C / C++ code
[4.593s] -- Configured cppcheck include dirs: /workstation/nav2_ws/src/navigation2/nav2_rotation_shim_controller/include
[4.593s] -- Configured cppcheck exclude dirs and/or files: 
[4.595s] -- Added test 'cpplint' to check C / C++ code against the Google style
[4.595s] -- Configured cpplint exclude dirs and/or files: 
[4.597s] -- Added test 'lint_cmake' to check CMake code style
[4.600s] -- Added test 'uncrustify' to check C / C++ code style
[4.600s] -- Configured uncrustify additional arguments: 
[4.605s] -- Added test 'xmllint' to check XML markup files
[4.607s] -- Configuring done
[4.881s] -- Generating done
[4.889s] -- Build files have been written to: /workstation/nav2_ws/build/nav2_rotation_shim_controller
[4.938s] Invoked command in '/workstation/nav2_ws/build/nav2_rotation_shim_controller' returned '0': AMENT_PREFIX_PATH=/workstation/nav2_ws/install/nav2_regulated_pure_pursuit_controller:/workstation/nav2_ws/install/nav2_controller:/workstation/nav2_ws/install/nav2_core:/workstation/nav2_ws/install/nav2_costmap_2d:/workstation/nav2_ws/install/nav_2d_utils:/workstation/nav2_ws/install/nav2_map_server:/workstation/nav2_ws/install/nav2_lifecycle_manager:/workstation/nav2_ws/install/nav2_util:/workstation/nav2_ws/install/nav2_voxel_grid:/workstation/nav2_ws/install/nav2_msgs:/workstation/nav2_ws/install/nav_2d_msgs:/workstation/nav2_ws/install/nav2_common:${AMENT_PREFIX_PATH} CMAKE_PREFIX_PATH=/workstation/nav2_ws/install/nav2_regulated_pure_pursuit_controller:/workstation/nav2_ws/install/nav2_controller:/workstation/nav2_ws/install/nav2_core:/workstation/nav2_ws/install/nav2_costmap_2d:/workstation/nav2_ws/install/nav_2d_utils:/workstation/nav2_ws/install/nav2_map_server:/workstation/nav2_ws/install/nav2_lifecycle_manager:/workstation/nav2_ws/install/nav2_util:/workstation/nav2_ws/install/nav2_voxel_grid:/workstation/nav2_ws/install/nav2_msgs:/workstation/nav2_ws/install/nav_2d_msgs:/workstation/nav2_ws/install/nav2_common:/opt/ros/humble LD_LIBRARY_PATH=/workstation/nav2_ws/install/nav2_regulated_pure_pursuit_controller/lib:/workstation/nav2_ws/install/nav2_controller/lib:/workstation/nav2_ws/install/nav2_costmap_2d/lib:/workstation/nav2_ws/install/nav_2d_utils/lib:/workstation/nav2_ws/install/nav2_map_server/lib:/workstation/nav2_ws/install/nav2_lifecycle_manager/lib:/workstation/nav2_ws/install/nav2_util/lib:/workstation/nav2_ws/install/nav2_voxel_grid/lib:/workstation/nav2_ws/install/nav2_msgs/lib:/workstation/nav2_ws/install/nav_2d_msgs/lib:${LD_LIBRARY_PATH} PYTHONPATH=/workstation/nav2_ws/install/nav2_msgs/local/lib/python3.10/dist-packages:/workstation/nav2_ws/install/nav_2d_msgs/local/lib/python3.10/dist-packages:/workstation/nav2_ws/install/nav2_common/local/lib/python3.10/dist-packages:${PYTHONPATH} /usr/bin/cmake /workstation/nav2_ws/src/navigation2/nav2_rotation_shim_controller -DCMAKE_INSTALL_PREFIX=/workstation/nav2_ws/install/nav2_rotation_shim_controller
[4.938s] Invoking command in '/workstation/nav2_ws/build/nav2_rotation_shim_controller': AMENT_PREFIX_PATH=/workstation/nav2_ws/install/nav2_regulated_pure_pursuit_controller:/workstation/nav2_ws/install/nav2_controller:/workstation/nav2_ws/install/nav2_core:/workstation/nav2_ws/install/nav2_costmap_2d:/workstation/nav2_ws/install/nav_2d_utils:/workstation/nav2_ws/install/nav2_map_server:/workstation/nav2_ws/install/nav2_lifecycle_manager:/workstation/nav2_ws/install/nav2_util:/workstation/nav2_ws/install/nav2_voxel_grid:/workstation/nav2_ws/install/nav2_msgs:/workstation/nav2_ws/install/nav_2d_msgs:/workstation/nav2_ws/install/nav2_common:${AMENT_PREFIX_PATH} CMAKE_PREFIX_PATH=/workstation/nav2_ws/install/nav2_regulated_pure_pursuit_controller:/workstation/nav2_ws/install/nav2_controller:/workstation/nav2_ws/install/nav2_core:/workstation/nav2_ws/install/nav2_costmap_2d:/workstation/nav2_ws/install/nav_2d_utils:/workstation/nav2_ws/install/nav2_map_server:/workstation/nav2_ws/install/nav2_lifecycle_manager:/workstation/nav2_ws/install/nav2_util:/workstation/nav2_ws/install/nav2_voxel_grid:/workstation/nav2_ws/install/nav2_msgs:/workstation/nav2_ws/install/nav_2d_msgs:/workstation/nav2_ws/install/nav2_common:/opt/ros/humble LD_LIBRARY_PATH=/workstation/nav2_ws/install/nav2_regulated_pure_pursuit_controller/lib:/workstation/nav2_ws/install/nav2_controller/lib:/workstation/nav2_ws/install/nav2_costmap_2d/lib:/workstation/nav2_ws/install/nav_2d_utils/lib:/workstation/nav2_ws/install/nav2_map_server/lib:/workstation/nav2_ws/install/nav2_lifecycle_manager/lib:/workstation/nav2_ws/install/nav2_util/lib:/workstation/nav2_ws/install/nav2_voxel_grid/lib:/workstation/nav2_ws/install/nav2_msgs/lib:/workstation/nav2_ws/install/nav_2d_msgs/lib:${LD_LIBRARY_PATH} PYTHONPATH=/workstation/nav2_ws/install/nav2_msgs/local/lib/python3.10/dist-packages:/workstation/nav2_ws/install/nav_2d_msgs/local/lib/python3.10/dist-packages:/workstation/nav2_ws/install/nav2_common/local/lib/python3.10/dist-packages:${PYTHONPATH} /usr/bin/cmake --build /workstation/nav2_ws/build/nav2_rotation_shim_controller -- -j12 -l12
[5.848s] [ 12%] [32mBuilding CXX object CMakeFiles/nav2_rotation_shim_controller.dir/src/nav2_rotation_shim_controller.cpp.o[0m
[35.910s] [ 25%] [32m[1mLinking CXX shared library libnav2_rotation_shim_controller.so[0m
[36.565s] [ 25%] Built target nav2_rotation_shim_controller
[36.601s] [ 37%] [32mBuilding CXX object gtest/CMakeFiles/gtest.dir/src/gtest-all.cc.o[0m
[46.840s] [ 50%] [32m[1mLinking CXX static library libgtest.a[0m
[46.878s] [ 50%] Built target gtest
[46.900s] [ 62%] [32mBuilding CXX object gtest/CMakeFiles/gtest_main.dir/src/gtest_main.cc.o[0m
[47.901s] [ 75%] [32m[1mLinking CXX static library libgtest_main.a[0m
[47.938s] [ 75%] Built target gtest_main
[47.966s] [ 87%] [32mBuilding CXX object test/CMakeFiles/test_shim_controller.dir/test_shim_controller.cpp.o[0m
[81.381s] [100%] [32m[1mLinking CXX executable test_shim_controller[0m
[82.426s] [100%] Built target test_shim_controller
[82.456s] Invoked command in '/workstation/nav2_ws/build/nav2_rotation_shim_controller' returned '0': AMENT_PREFIX_PATH=/workstation/nav2_ws/install/nav2_regulated_pure_pursuit_controller:/workstation/nav2_ws/install/nav2_controller:/workstation/nav2_ws/install/nav2_core:/workstation/nav2_ws/install/nav2_costmap_2d:/workstation/nav2_ws/install/nav_2d_utils:/workstation/nav2_ws/install/nav2_map_server:/workstation/nav2_ws/install/nav2_lifecycle_manager:/workstation/nav2_ws/install/nav2_util:/workstation/nav2_ws/install/nav2_voxel_grid:/workstation/nav2_ws/install/nav2_msgs:/workstation/nav2_ws/install/nav_2d_msgs:/workstation/nav2_ws/install/nav2_common:${AMENT_PREFIX_PATH} CMAKE_PREFIX_PATH=/workstation/nav2_ws/install/nav2_regulated_pure_pursuit_controller:/workstation/nav2_ws/install/nav2_controller:/workstation/nav2_ws/install/nav2_core:/workstation/nav2_ws/install/nav2_costmap_2d:/workstation/nav2_ws/install/nav_2d_utils:/workstation/nav2_ws/install/nav2_map_server:/workstation/nav2_ws/install/nav2_lifecycle_manager:/workstation/nav2_ws/install/nav2_util:/workstation/nav2_ws/install/nav2_voxel_grid:/workstation/nav2_ws/install/nav2_msgs:/workstation/nav2_ws/install/nav_2d_msgs:/workstation/nav2_ws/install/nav2_common:/opt/ros/humble LD_LIBRARY_PATH=/workstation/nav2_ws/install/nav2_regulated_pure_pursuit_controller/lib:/workstation/nav2_ws/install/nav2_controller/lib:/workstation/nav2_ws/install/nav2_costmap_2d/lib:/workstation/nav2_ws/install/nav_2d_utils/lib:/workstation/nav2_ws/install/nav2_map_server/lib:/workstation/nav2_ws/install/nav2_lifecycle_manager/lib:/workstation/nav2_ws/install/nav2_util/lib:/workstation/nav2_ws/install/nav2_voxel_grid/lib:/workstation/nav2_ws/install/nav2_msgs/lib:/workstation/nav2_ws/install/nav_2d_msgs/lib:${LD_LIBRARY_PATH} PYTHONPATH=/workstation/nav2_ws/install/nav2_msgs/local/lib/python3.10/dist-packages:/workstation/nav2_ws/install/nav_2d_msgs/local/lib/python3.10/dist-packages:/workstation/nav2_ws/install/nav2_common/local/lib/python3.10/dist-packages:${PYTHONPATH} /usr/bin/cmake --build /workstation/nav2_ws/build/nav2_rotation_shim_controller -- -j12 -l12
[82.505s] Invoking command in '/workstation/nav2_ws/build/nav2_rotation_shim_controller': AMENT_PREFIX_PATH=/workstation/nav2_ws/install/nav2_regulated_pure_pursuit_controller:/workstation/nav2_ws/install/nav2_controller:/workstation/nav2_ws/install/nav2_core:/workstation/nav2_ws/install/nav2_costmap_2d:/workstation/nav2_ws/install/nav_2d_utils:/workstation/nav2_ws/install/nav2_map_server:/workstation/nav2_ws/install/nav2_lifecycle_manager:/workstation/nav2_ws/install/nav2_util:/workstation/nav2_ws/install/nav2_voxel_grid:/workstation/nav2_ws/install/nav2_msgs:/workstation/nav2_ws/install/nav_2d_msgs:/workstation/nav2_ws/install/nav2_common:${AMENT_PREFIX_PATH} CMAKE_PREFIX_PATH=/workstation/nav2_ws/install/nav2_regulated_pure_pursuit_controller:/workstation/nav2_ws/install/nav2_controller:/workstation/nav2_ws/install/nav2_core:/workstation/nav2_ws/install/nav2_costmap_2d:/workstation/nav2_ws/install/nav_2d_utils:/workstation/nav2_ws/install/nav2_map_server:/workstation/nav2_ws/install/nav2_lifecycle_manager:/workstation/nav2_ws/install/nav2_util:/workstation/nav2_ws/install/nav2_voxel_grid:/workstation/nav2_ws/install/nav2_msgs:/workstation/nav2_ws/install/nav_2d_msgs:/workstation/nav2_ws/install/nav2_common:/opt/ros/humble LD_LIBRARY_PATH=/workstation/nav2_ws/install/nav2_regulated_pure_pursuit_controller/lib:/workstation/nav2_ws/install/nav2_controller/lib:/workstation/nav2_ws/install/nav2_costmap_2d/lib:/workstation/nav2_ws/install/nav_2d_utils/lib:/workstation/nav2_ws/install/nav2_map_server/lib:/workstation/nav2_ws/install/nav2_lifecycle_manager/lib:/workstation/nav2_ws/install/nav2_util/lib:/workstation/nav2_ws/install/nav2_voxel_grid/lib:/workstation/nav2_ws/install/nav2_msgs/lib:/workstation/nav2_ws/install/nav_2d_msgs/lib:${LD_LIBRARY_PATH} PYTHONPATH=/workstation/nav2_ws/install/nav2_msgs/local/lib/python3.10/dist-packages:/workstation/nav2_ws/install/nav_2d_msgs/local/lib/python3.10/dist-packages:/workstation/nav2_ws/install/nav2_common/local/lib/python3.10/dist-packages:${PYTHONPATH} /usr/bin/cmake --install /workstation/nav2_ws/build/nav2_rotation_shim_controller
[82.518s] -- Install configuration: "Release"
[82.518s] -- Installing: /workstation/nav2_ws/install/nav2_rotation_shim_controller/lib/libnav2_rotation_shim_controller.so
[82.519s] -- Set runtime path of "/workstation/nav2_ws/install/nav2_rotation_shim_controller/lib/libnav2_rotation_shim_controller.so" to ""
[82.519s] -- Installing: /workstation/nav2_ws/install/nav2_rotation_shim_controller/include/
[82.520s] -- Installing: /workstation/nav2_ws/install/nav2_rotation_shim_controller/include//nav2_rotation_shim_controller
[82.520s] -- Installing: /workstation/nav2_ws/install/nav2_rotation_shim_controller/include//nav2_rotation_shim_controller/nav2_rotation_shim_controller.hpp
[82.520s] -- Installing: /workstation/nav2_ws/install/nav2_rotation_shim_controller/include//nav2_rotation_shim_controller/tools
[82.520s] -- Installing: /workstation/nav2_ws/install/nav2_rotation_shim_controller/include//nav2_rotation_shim_controller/tools/utils.hpp
[82.521s] -- Installing: /workstation/nav2_ws/install/nav2_rotation_shim_controller/share/nav2_rotation_shim_controller/environment/library_path.sh
[82.521s] -- Installing: /workstation/nav2_ws/install/nav2_rotation_shim_controller/share/nav2_rotation_shim_controller/environment/library_path.dsv
[82.521s] -- Installing: /workstation/nav2_ws/install/nav2_rotation_shim_controller/share/nav2_rotation_shim_controller/nav2_rotation_shim_controller.xml
[82.521s] -- Installing: /workstation/nav2_ws/install/nav2_rotation_shim_controller/share/ament_index/resource_index/package_run_dependencies/nav2_rotation_shim_controller
[82.521s] -- Installing: /workstation/nav2_ws/install/nav2_rotation_shim_controller/share/ament_index/resource_index/parent_prefix_path/nav2_rotation_shim_controller
[82.522s] -- Installing: /workstation/nav2_ws/install/nav2_rotation_shim_controller/share/nav2_rotation_shim_controller/environment/ament_prefix_path.sh
[82.522s] -- Installing: /workstation/nav2_ws/install/nav2_rotation_shim_controller/share/nav2_rotation_shim_controller/environment/ament_prefix_path.dsv
[82.522s] -- Installing: /workstation/nav2_ws/install/nav2_rotation_shim_controller/share/nav2_rotation_shim_controller/environment/path.sh
[82.522s] -- Installing: /workstation/nav2_ws/install/nav2_rotation_shim_controller/share/nav2_rotation_shim_controller/environment/path.dsv
[82.522s] -- Installing: /workstation/nav2_ws/install/nav2_rotation_shim_controller/share/nav2_rotation_shim_controller/local_setup.bash
[82.522s] -- Installing: /workstation/nav2_ws/install/nav2_rotation_shim_controller/share/nav2_rotation_shim_controller/local_setup.sh
[82.523s] -- Installing: /workstation/nav2_ws/install/nav2_rotation_shim_controller/share/nav2_rotation_shim_controller/local_setup.zsh
[82.523s] -- Installing: /workstation/nav2_ws/install/nav2_rotation_shim_controller/share/nav2_rotation_shim_controller/local_setup.dsv
[82.523s] -- Installing: /workstation/nav2_ws/install/nav2_rotation_shim_controller/share/nav2_rotation_shim_controller/package.dsv
[82.523s] -- Installing: /workstation/nav2_ws/install/nav2_rotation_shim_controller/share/ament_index/resource_index/packages/nav2_rotation_shim_controller
[82.523s] -- Installing: /workstation/nav2_ws/install/nav2_rotation_shim_controller/share/ament_index/resource_index/nav2_core__pluginlib__plugin/nav2_rotation_shim_controller
[82.523s] -- Installing: /workstation/nav2_ws/install/nav2_rotation_shim_controller/share/nav2_rotation_shim_controller/cmake/ament_cmake_export_include_directories-extras.cmake
[82.524s] -- Installing: /workstation/nav2_ws/install/nav2_rotation_shim_controller/share/nav2_rotation_shim_controller/cmake/ament_cmake_export_libraries-extras.cmake
[82.524s] -- Installing: /workstation/nav2_ws/install/nav2_rotation_shim_controller/share/nav2_rotation_shim_controller/cmake/ament_cmake_export_dependencies-extras.cmake
[82.524s] -- Installing: /workstation/nav2_ws/install/nav2_rotation_shim_controller/share/nav2_rotation_shim_controller/cmake/nav2_rotation_shim_controllerConfig.cmake
[82.524s] -- Installing: /workstation/nav2_ws/install/nav2_rotation_shim_controller/share/nav2_rotation_shim_controller/cmake/nav2_rotation_shim_controllerConfig-version.cmake
[82.524s] -- Installing: /workstation/nav2_ws/install/nav2_rotation_shim_controller/share/nav2_rotation_shim_controller/package.xml
[82.528s] Invoked command in '/workstation/nav2_ws/build/nav2_rotation_shim_controller' returned '0': AMENT_PREFIX_PATH=/workstation/nav2_ws/install/nav2_regulated_pure_pursuit_controller:/workstation/nav2_ws/install/nav2_controller:/workstation/nav2_ws/install/nav2_core:/workstation/nav2_ws/install/nav2_costmap_2d:/workstation/nav2_ws/install/nav_2d_utils:/workstation/nav2_ws/install/nav2_map_server:/workstation/nav2_ws/install/nav2_lifecycle_manager:/workstation/nav2_ws/install/nav2_util:/workstation/nav2_ws/install/nav2_voxel_grid:/workstation/nav2_ws/install/nav2_msgs:/workstation/nav2_ws/install/nav_2d_msgs:/workstation/nav2_ws/install/nav2_common:${AMENT_PREFIX_PATH} CMAKE_PREFIX_PATH=/workstation/nav2_ws/install/nav2_regulated_pure_pursuit_controller:/workstation/nav2_ws/install/nav2_controller:/workstation/nav2_ws/install/nav2_core:/workstation/nav2_ws/install/nav2_costmap_2d:/workstation/nav2_ws/install/nav_2d_utils:/workstation/nav2_ws/install/nav2_map_server:/workstation/nav2_ws/install/nav2_lifecycle_manager:/workstation/nav2_ws/install/nav2_util:/workstation/nav2_ws/install/nav2_voxel_grid:/workstation/nav2_ws/install/nav2_msgs:/workstation/nav2_ws/install/nav_2d_msgs:/workstation/nav2_ws/install/nav2_common:/opt/ros/humble LD_LIBRARY_PATH=/workstation/nav2_ws/install/nav2_regulated_pure_pursuit_controller/lib:/workstation/nav2_ws/install/nav2_controller/lib:/workstation/nav2_ws/install/nav2_costmap_2d/lib:/workstation/nav2_ws/install/nav_2d_utils/lib:/workstation/nav2_ws/install/nav2_map_server/lib:/workstation/nav2_ws/install/nav2_lifecycle_manager/lib:/workstation/nav2_ws/install/nav2_util/lib:/workstation/nav2_ws/install/nav2_voxel_grid/lib:/workstation/nav2_ws/install/nav2_msgs/lib:/workstation/nav2_ws/install/nav_2d_msgs/lib:${LD_LIBRARY_PATH} PYTHONPATH=/workstation/nav2_ws/install/nav2_msgs/local/lib/python3.10/dist-packages:/workstation/nav2_ws/install/nav_2d_msgs/local/lib/python3.10/dist-packages:/workstation/nav2_ws/install/nav2_common/local/lib/python3.10/dist-packages:${PYTHONPATH} /usr/bin/cmake --install /workstation/nav2_ws/build/nav2_rotation_shim_controller
