[0.127s] Invoking command in '/workstation/nav2_ws/build/nav2_graceful_controller': AMENT_PREFIX_PATH=/workstation/nav2_ws/install/nav2_controller:/workstation/nav2_ws/install/nav2_core:/workstation/nav2_ws/install/nav2_costmap_2d:/workstation/nav2_ws/install/nav_2d_utils:/workstation/nav2_ws/install/nav2_map_server:/workstation/nav2_ws/install/nav2_lifecycle_manager:/workstation/nav2_ws/install/nav2_util:/workstation/nav2_ws/install/nav2_voxel_grid:/workstation/nav2_ws/install/nav2_msgs:/workstation/nav2_ws/install/nav_2d_msgs:/workstation/nav2_ws/install/nav2_common:${AMENT_PREFIX_PATH} CMAKE_PREFIX_PATH=/workstation/nav2_ws/install/nav2_controller:/workstation/nav2_ws/install/nav2_core:/workstation/nav2_ws/install/nav2_costmap_2d:/workstation/nav2_ws/install/nav_2d_utils:/workstation/nav2_ws/install/nav2_map_server:/workstation/nav2_ws/install/nav2_lifecycle_manager:/workstation/nav2_ws/install/nav2_util:/workstation/nav2_ws/install/nav2_voxel_grid:/workstation/nav2_ws/install/nav2_msgs:/workstation/nav2_ws/install/nav_2d_msgs:/workstation/nav2_ws/install/nav2_common:/opt/ros/humble LD_LIBRARY_PATH=/workstation/nav2_ws/install/nav2_controller/lib:/workstation/nav2_ws/install/nav2_costmap_2d/lib:/workstation/nav2_ws/install/nav_2d_utils/lib:/workstation/nav2_ws/install/nav2_map_server/lib:/workstation/nav2_ws/install/nav2_lifecycle_manager/lib:/workstation/nav2_ws/install/nav2_util/lib:/workstation/nav2_ws/install/nav2_voxel_grid/lib:/workstation/nav2_ws/install/nav2_msgs/lib:/workstation/nav2_ws/install/nav_2d_msgs/lib:${LD_LIBRARY_PATH} PYTHONPATH=/workstation/nav2_ws/install/nav2_msgs/local/lib/python3.10/dist-packages:/workstation/nav2_ws/install/nav_2d_msgs/local/lib/python3.10/dist-packages:/workstation/nav2_ws/install/nav2_common/local/lib/python3.10/dist-packages:${PYTHONPATH} /usr/bin/cmake --build /workstation/nav2_ws/build/nav2_graceful_controller -- -j12 -l12
[0.255s] [ 13%] Built target smooth_control_law
[0.257s] [ 26%] Built target gtest_main
[0.267s] [ 40%] Built target gtest
[0.310s] [ 53%] Built target test_egopolar
[0.314s] [ 86%] Built target nav2_graceful_controller
[0.358s] [100%] Built target test_graceful_controller
[0.395s] Invoked command in '/workstation/nav2_ws/build/nav2_graceful_controller' returned '0': AMENT_PREFIX_PATH=/workstation/nav2_ws/install/nav2_controller:/workstation/nav2_ws/install/nav2_core:/workstation/nav2_ws/install/nav2_costmap_2d:/workstation/nav2_ws/install/nav_2d_utils:/workstation/nav2_ws/install/nav2_map_server:/workstation/nav2_ws/install/nav2_lifecycle_manager:/workstation/nav2_ws/install/nav2_util:/workstation/nav2_ws/install/nav2_voxel_grid:/workstation/nav2_ws/install/nav2_msgs:/workstation/nav2_ws/install/nav_2d_msgs:/workstation/nav2_ws/install/nav2_common:${AMENT_PREFIX_PATH} CMAKE_PREFIX_PATH=/workstation/nav2_ws/install/nav2_controller:/workstation/nav2_ws/install/nav2_core:/workstation/nav2_ws/install/nav2_costmap_2d:/workstation/nav2_ws/install/nav_2d_utils:/workstation/nav2_ws/install/nav2_map_server:/workstation/nav2_ws/install/nav2_lifecycle_manager:/workstation/nav2_ws/install/nav2_util:/workstation/nav2_ws/install/nav2_voxel_grid:/workstation/nav2_ws/install/nav2_msgs:/workstation/nav2_ws/install/nav_2d_msgs:/workstation/nav2_ws/install/nav2_common:/opt/ros/humble LD_LIBRARY_PATH=/workstation/nav2_ws/install/nav2_controller/lib:/workstation/nav2_ws/install/nav2_costmap_2d/lib:/workstation/nav2_ws/install/nav_2d_utils/lib:/workstation/nav2_ws/install/nav2_map_server/lib:/workstation/nav2_ws/install/nav2_lifecycle_manager/lib:/workstation/nav2_ws/install/nav2_util/lib:/workstation/nav2_ws/install/nav2_voxel_grid/lib:/workstation/nav2_ws/install/nav2_msgs/lib:/workstation/nav2_ws/install/nav_2d_msgs/lib:${LD_LIBRARY_PATH} PYTHONPATH=/workstation/nav2_ws/install/nav2_msgs/local/lib/python3.10/dist-packages:/workstation/nav2_ws/install/nav_2d_msgs/local/lib/python3.10/dist-packages:/workstation/nav2_ws/install/nav2_common/local/lib/python3.10/dist-packages:${PYTHONPATH} /usr/bin/cmake --build /workstation/nav2_ws/build/nav2_graceful_controller -- -j12 -l12
[0.450s] Invoking command in '/workstation/nav2_ws/build/nav2_graceful_controller': AMENT_PREFIX_PATH=/workstation/nav2_ws/install/nav2_controller:/workstation/nav2_ws/install/nav2_core:/workstation/nav2_ws/install/nav2_costmap_2d:/workstation/nav2_ws/install/nav_2d_utils:/workstation/nav2_ws/install/nav2_map_server:/workstation/nav2_ws/install/nav2_lifecycle_manager:/workstation/nav2_ws/install/nav2_util:/workstation/nav2_ws/install/nav2_voxel_grid:/workstation/nav2_ws/install/nav2_msgs:/workstation/nav2_ws/install/nav_2d_msgs:/workstation/nav2_ws/install/nav2_common:${AMENT_PREFIX_PATH} CMAKE_PREFIX_PATH=/workstation/nav2_ws/install/nav2_controller:/workstation/nav2_ws/install/nav2_core:/workstation/nav2_ws/install/nav2_costmap_2d:/workstation/nav2_ws/install/nav_2d_utils:/workstation/nav2_ws/install/nav2_map_server:/workstation/nav2_ws/install/nav2_lifecycle_manager:/workstation/nav2_ws/install/nav2_util:/workstation/nav2_ws/install/nav2_voxel_grid:/workstation/nav2_ws/install/nav2_msgs:/workstation/nav2_ws/install/nav_2d_msgs:/workstation/nav2_ws/install/nav2_common:/opt/ros/humble LD_LIBRARY_PATH=/workstation/nav2_ws/install/nav2_controller/lib:/workstation/nav2_ws/install/nav2_costmap_2d/lib:/workstation/nav2_ws/install/nav_2d_utils/lib:/workstation/nav2_ws/install/nav2_map_server/lib:/workstation/nav2_ws/install/nav2_lifecycle_manager/lib:/workstation/nav2_ws/install/nav2_util/lib:/workstation/nav2_ws/install/nav2_voxel_grid/lib:/workstation/nav2_ws/install/nav2_msgs/lib:/workstation/nav2_ws/install/nav_2d_msgs/lib:${LD_LIBRARY_PATH} PYTHONPATH=/workstation/nav2_ws/install/nav2_msgs/local/lib/python3.10/dist-packages:/workstation/nav2_ws/install/nav_2d_msgs/local/lib/python3.10/dist-packages:/workstation/nav2_ws/install/nav2_common/local/lib/python3.10/dist-packages:${PYTHONPATH} /usr/bin/cmake --install /workstation/nav2_ws/build/nav2_graceful_controller
[0.459s] -- Install configuration: "Release"
[0.460s] -- Up-to-date: /workstation/nav2_ws/install/nav2_graceful_controller/lib/libsmooth_control_law.so
[0.460s] -- Up-to-date: /workstation/nav2_ws/install/nav2_graceful_controller/lib/libnav2_graceful_controller.so
[0.461s] -- Up-to-date: /workstation/nav2_ws/install/nav2_graceful_controller/include/
[0.461s] -- Up-to-date: /workstation/nav2_ws/install/nav2_graceful_controller/include//nav2_graceful_controller
[0.461s] -- Up-to-date: /workstation/nav2_ws/install/nav2_graceful_controller/include//nav2_graceful_controller/utils.hpp
[0.461s] -- Up-to-date: /workstation/nav2_ws/install/nav2_graceful_controller/include//nav2_graceful_controller/graceful_controller.hpp
[0.461s] -- Up-to-date: /workstation/nav2_ws/install/nav2_graceful_controller/include//nav2_graceful_controller/ego_polar_coords.hpp
[0.461s] -- Up-to-date: /workstation/nav2_ws/install/nav2_graceful_controller/include//nav2_graceful_controller/smooth_control_law.hpp
[0.461s] -- Up-to-date: /workstation/nav2_ws/install/nav2_graceful_controller/include//nav2_graceful_controller/parameter_handler.hpp
[0.461s] -- Up-to-date: /workstation/nav2_ws/install/nav2_graceful_controller/include//nav2_graceful_controller/path_handler.hpp
[0.461s] -- Up-to-date: /workstation/nav2_ws/install/nav2_graceful_controller/share/nav2_graceful_controller/environment/library_path.sh
[0.461s] -- Up-to-date: /workstation/nav2_ws/install/nav2_graceful_controller/share/nav2_graceful_controller/environment/library_path.dsv
[0.462s] -- Up-to-date: /workstation/nav2_ws/install/nav2_graceful_controller/share/nav2_graceful_controller/graceful_controller_plugin.xml
[0.462s] -- Up-to-date: /workstation/nav2_ws/install/nav2_graceful_controller/share/ament_index/resource_index/package_run_dependencies/nav2_graceful_controller
[0.462s] -- Up-to-date: /workstation/nav2_ws/install/nav2_graceful_controller/share/ament_index/resource_index/parent_prefix_path/nav2_graceful_controller
[0.462s] -- Up-to-date: /workstation/nav2_ws/install/nav2_graceful_controller/share/nav2_graceful_controller/environment/ament_prefix_path.sh
[0.462s] -- Up-to-date: /workstation/nav2_ws/install/nav2_graceful_controller/share/nav2_graceful_controller/environment/ament_prefix_path.dsv
[0.462s] -- Up-to-date: /workstation/nav2_ws/install/nav2_graceful_controller/share/nav2_graceful_controller/environment/path.sh
[0.462s] -- Up-to-date: /workstation/nav2_ws/install/nav2_graceful_controller/share/nav2_graceful_controller/environment/path.dsv
[0.463s] -- Up-to-date: /workstation/nav2_ws/install/nav2_graceful_controller/share/nav2_graceful_controller/local_setup.bash
[0.463s] -- Up-to-date: /workstation/nav2_ws/install/nav2_graceful_controller/share/nav2_graceful_controller/local_setup.sh
[0.463s] -- Up-to-date: /workstation/nav2_ws/install/nav2_graceful_controller/share/nav2_graceful_controller/local_setup.zsh
[0.463s] -- Up-to-date: /workstation/nav2_ws/install/nav2_graceful_controller/share/nav2_graceful_controller/local_setup.dsv
[0.463s] -- Installing: /workstation/nav2_ws/install/nav2_graceful_controller/share/nav2_graceful_controller/package.dsv
[0.463s] -- Up-to-date: /workstation/nav2_ws/install/nav2_graceful_controller/share/ament_index/resource_index/packages/nav2_graceful_controller
[0.463s] -- Up-to-date: /workstation/nav2_ws/install/nav2_graceful_controller/share/ament_index/resource_index/nav2_core__pluginlib__plugin/nav2_graceful_controller
[0.464s] -- Up-to-date: /workstation/nav2_ws/install/nav2_graceful_controller/share/nav2_graceful_controller/cmake/ament_cmake_export_include_directories-extras.cmake
[0.464s] -- Up-to-date: /workstation/nav2_ws/install/nav2_graceful_controller/share/nav2_graceful_controller/cmake/ament_cmake_export_libraries-extras.cmake
[0.464s] -- Up-to-date: /workstation/nav2_ws/install/nav2_graceful_controller/share/nav2_graceful_controller/cmake/ament_cmake_export_dependencies-extras.cmake
[0.464s] -- Up-to-date: /workstation/nav2_ws/install/nav2_graceful_controller/share/nav2_graceful_controller/cmake/nav2_graceful_controllerConfig.cmake
[0.464s] -- Up-to-date: /workstation/nav2_ws/install/nav2_graceful_controller/share/nav2_graceful_controller/cmake/nav2_graceful_controllerConfig-version.cmake
[0.464s] -- Up-to-date: /workstation/nav2_ws/install/nav2_graceful_controller/share/nav2_graceful_controller/package.xml
[0.478s] Invoked command in '/workstation/nav2_ws/build/nav2_graceful_controller' returned '0': AMENT_PREFIX_PATH=/workstation/nav2_ws/install/nav2_controller:/workstation/nav2_ws/install/nav2_core:/workstation/nav2_ws/install/nav2_costmap_2d:/workstation/nav2_ws/install/nav_2d_utils:/workstation/nav2_ws/install/nav2_map_server:/workstation/nav2_ws/install/nav2_lifecycle_manager:/workstation/nav2_ws/install/nav2_util:/workstation/nav2_ws/install/nav2_voxel_grid:/workstation/nav2_ws/install/nav2_msgs:/workstation/nav2_ws/install/nav_2d_msgs:/workstation/nav2_ws/install/nav2_common:${AMENT_PREFIX_PATH} CMAKE_PREFIX_PATH=/workstation/nav2_ws/install/nav2_controller:/workstation/nav2_ws/install/nav2_core:/workstation/nav2_ws/install/nav2_costmap_2d:/workstation/nav2_ws/install/nav_2d_utils:/workstation/nav2_ws/install/nav2_map_server:/workstation/nav2_ws/install/nav2_lifecycle_manager:/workstation/nav2_ws/install/nav2_util:/workstation/nav2_ws/install/nav2_voxel_grid:/workstation/nav2_ws/install/nav2_msgs:/workstation/nav2_ws/install/nav_2d_msgs:/workstation/nav2_ws/install/nav2_common:/opt/ros/humble LD_LIBRARY_PATH=/workstation/nav2_ws/install/nav2_controller/lib:/workstation/nav2_ws/install/nav2_costmap_2d/lib:/workstation/nav2_ws/install/nav_2d_utils/lib:/workstation/nav2_ws/install/nav2_map_server/lib:/workstation/nav2_ws/install/nav2_lifecycle_manager/lib:/workstation/nav2_ws/install/nav2_util/lib:/workstation/nav2_ws/install/nav2_voxel_grid/lib:/workstation/nav2_ws/install/nav2_msgs/lib:/workstation/nav2_ws/install/nav_2d_msgs/lib:${LD_LIBRARY_PATH} PYTHONPATH=/workstation/nav2_ws/install/nav2_msgs/local/lib/python3.10/dist-packages:/workstation/nav2_ws/install/nav_2d_msgs/local/lib/python3.10/dist-packages:/workstation/nav2_ws/install/nav2_common/local/lib/python3.10/dist-packages:${PYTHONPATH} /usr/bin/cmake --install /workstation/nav2_ws/build/nav2_graceful_controller
