[0.054s] Invoking command in '/workstation/nav2_ws/build/nav2_navfn_planner': AMENT_PREFIX_PATH=/workstation/nav2_ws/install/nav2_core:/workstation/nav2_ws/install/nav2_costmap_2d:/workstation/nav2_ws/install/nav2_map_server:/workstation/nav2_ws/install/nav2_lifecycle_manager:/workstation/nav2_ws/install/nav2_util:/workstation/nav2_ws/install/nav2_voxel_grid:/workstation/nav2_ws/install/nav2_msgs:/workstation/nav2_ws/install/nav2_common:${AMENT_PREFIX_PATH} CMAKE_PREFIX_PATH=/workstation/nav2_ws/install/nav2_core:/workstation/nav2_ws/install/nav2_costmap_2d:/workstation/nav2_ws/install/nav2_map_server:/workstation/nav2_ws/install/nav2_lifecycle_manager:/workstation/nav2_ws/install/nav2_util:/workstation/nav2_ws/install/nav2_voxel_grid:/workstation/nav2_ws/install/nav2_msgs:/workstation/nav2_ws/install/nav2_common:/opt/ros/humble LD_LIBRARY_PATH=/workstation/nav2_ws/install/nav2_costmap_2d/lib:/workstation/nav2_ws/install/nav2_map_server/lib:/workstation/nav2_ws/install/nav2_lifecycle_manager/lib:/workstation/nav2_ws/install/nav2_util/lib:/workstation/nav2_ws/install/nav2_voxel_grid/lib:/workstation/nav2_ws/install/nav2_msgs/lib:${LD_LIBRARY_PATH} PYTHONPATH=/workstation/nav2_ws/install/nav2_msgs/local/lib/python3.10/dist-packages:/workstation/nav2_ws/install/nav2_common/local/lib/python3.10/dist-packages:${PYTHONPATH} /usr/bin/cmake /workstation/nav2_ws/src/navigation2/nav2_navfn_planner -DCMAKE_INSTALL_PREFIX=/workstation/nav2_ws/install/nav2_navfn_planner
[6.142s] -- The C compiler identification is GNU 11.4.0
[6.143s] -- The CXX compiler identification is GNU 11.4.0
[6.143s] -- Detecting C compiler ABI info
[6.143s] -- Detecting C compiler ABI info - done
[6.143s] -- Check for working C compiler: /usr/bin/cc - skipped
[6.144s] -- Detecting C compile features
[6.144s] -- Detecting C compile features - done
[6.144s] -- Detecting CXX compiler ABI info
[6.145s] -- Detecting CXX compiler ABI info - done
[6.145s] -- Check for working CXX compiler: /usr/bin/c++ - skipped
[6.145s] -- Detecting CXX compile features
[6.145s] -- Detecting CXX compile features - done
[6.145s] -- Found ament_cmake: 1.3.10 (/opt/ros/humble/share/ament_cmake/cmake)
[6.145s] -- Found Python3: /usr/bin/python3 (found version "3.10.12") found components: Interpreter 
[6.145s] -- Found nav2_common: 1.1.16 (/workstation/nav2_ws/install/nav2_common/share/nav2_common/cmake)
[6.145s] -- Found rclcpp: 16.0.10 (/opt/ros/humble/share/rclcpp/cmake)
[6.146s] -- Found rosidl_generator_c: 3.1.5 (/opt/ros/humble/share/rosidl_generator_c/cmake)
[6.146s] -- Found rosidl_adapter: 3.1.5 (/opt/ros/humble/share/rosidl_adapter/cmake)
[6.146s] -- Found rosidl_generator_cpp: 3.1.5 (/opt/ros/humble/share/rosidl_generator_cpp/cmake)
[6.146s] -- Using all available rosidl_typesupport_c: rosidl_typesupport_fastrtps_c;rosidl_typesupport_introspection_c
[6.146s] -- Using all available rosidl_typesupport_cpp: rosidl_typesupport_fastrtps_cpp;rosidl_typesupport_introspection_cpp
[6.146s] -- Found rmw_implementation_cmake: 6.1.2 (/opt/ros/humble/share/rmw_implementation_cmake/cmake)
[6.149s] -- Found rmw_fastrtps_cpp: 6.2.7 (/opt/ros/humble/share/rmw_fastrtps_cpp/cmake)
[6.149s] -- Found OpenSSL: /usr/lib/x86_64-linux-gnu/libcrypto.so (found version "3.0.2")  
[6.149s] -- Found FastRTPS: /opt/ros/humble/include  
[6.149s] -- Using RMW implementation 'rmw_fastrtps_cpp' as default
[6.150s] -- Looking for pthread.h
[6.150s] -- Looking for pthread.h - found
[6.150s] -- Performing Test CMAKE_HAVE_LIBC_PTHREAD
[6.150s] -- Performing Test CMAKE_HAVE_LIBC_PTHREAD - Success
[6.150s] -- Found Threads: TRUE  
[6.150s] -- Found rclcpp_action: 16.0.10 (/opt/ros/humble/share/rclcpp_action/cmake)
[6.150s] -- Found rclcpp_lifecycle: 16.0.10 (/opt/ros/humble/share/rclcpp_lifecycle/cmake)
[6.151s] -- Found visualization_msgs: 4.2.4 (/opt/ros/humble/share/visualization_msgs/cmake)
[6.151s] -- Found nav2_util: 1.1.16 (/workstation/nav2_ws/install/nav2_util/share/nav2_util/cmake)
[6.151s] -- Found eigen3_cmake_module: 0.1.1 (/opt/ros/humble/share/eigen3_cmake_module/cmake)
[6.151s] -- Found Eigen3: TRUE (found version "3.4.0") 
[6.151s] -- Ensuring Eigen3 include directory is part of orocos-kdl CMake target
[6.151s] -- Found nav2_core: 1.1.16 (/workstation/nav2_ws/install/nav2_core/share/nav2_core/cmake)
[6.151s] -- Setting build type to Release as none was specified.
[6.152s] -- Found ament_lint_auto: 0.12.11 (/opt/ros/humble/share/ament_lint_auto/cmake)
[6.152s] -- Found ament_cmake_gtest: 1.3.10 (/opt/ros/humble/share/ament_cmake_gtest/cmake)
[6.152s] -- Found gtest sources under '/opt/ros/humble/src/gtest_vendor': C++ tests using 'Google Test' will be built
[6.384s] -- Added test 'copyright' to check source files copyright and LICENSE
[6.385s] -- Added test 'cppcheck' to perform static code analysis on C / C++ code
[6.391s] -- Configured cppcheck include dirs: /workstation/nav2_ws/src/navigation2/nav2_navfn_planner/include
[6.391s] -- Configured cppcheck exclude dirs and/or files: 
[6.397s] -- Added test 'cpplint' to check C / C++ code against the Google style
[6.398s] -- Configured cpplint exclude dirs and/or files: 
[6.399s] -- Added test 'lint_cmake' to check CMake code style
[6.405s] -- Added test 'uncrustify' to check C / C++ code style
[6.405s] -- Configured uncrustify additional arguments: 
[6.412s] -- Added test 'xmllint' to check XML markup files
[6.426s] -- Configuring done
[6.761s] -- Generating done
[6.769s] -- Build files have been written to: /workstation/nav2_ws/build/nav2_navfn_planner
[6.856s] Invoked command in '/workstation/nav2_ws/build/nav2_navfn_planner' returned '0': AMENT_PREFIX_PATH=/workstation/nav2_ws/install/nav2_core:/workstation/nav2_ws/install/nav2_costmap_2d:/workstation/nav2_ws/install/nav2_map_server:/workstation/nav2_ws/install/nav2_lifecycle_manager:/workstation/nav2_ws/install/nav2_util:/workstation/nav2_ws/install/nav2_voxel_grid:/workstation/nav2_ws/install/nav2_msgs:/workstation/nav2_ws/install/nav2_common:${AMENT_PREFIX_PATH} CMAKE_PREFIX_PATH=/workstation/nav2_ws/install/nav2_core:/workstation/nav2_ws/install/nav2_costmap_2d:/workstation/nav2_ws/install/nav2_map_server:/workstation/nav2_ws/install/nav2_lifecycle_manager:/workstation/nav2_ws/install/nav2_util:/workstation/nav2_ws/install/nav2_voxel_grid:/workstation/nav2_ws/install/nav2_msgs:/workstation/nav2_ws/install/nav2_common:/opt/ros/humble LD_LIBRARY_PATH=/workstation/nav2_ws/install/nav2_costmap_2d/lib:/workstation/nav2_ws/install/nav2_map_server/lib:/workstation/nav2_ws/install/nav2_lifecycle_manager/lib:/workstation/nav2_ws/install/nav2_util/lib:/workstation/nav2_ws/install/nav2_voxel_grid/lib:/workstation/nav2_ws/install/nav2_msgs/lib:${LD_LIBRARY_PATH} PYTHONPATH=/workstation/nav2_ws/install/nav2_msgs/local/lib/python3.10/dist-packages:/workstation/nav2_ws/install/nav2_common/local/lib/python3.10/dist-packages:${PYTHONPATH} /usr/bin/cmake /workstation/nav2_ws/src/navigation2/nav2_navfn_planner -DCMAKE_INSTALL_PREFIX=/workstation/nav2_ws/install/nav2_navfn_planner
[6.858s] Invoking command in '/workstation/nav2_ws/build/nav2_navfn_planner': AMENT_PREFIX_PATH=/workstation/nav2_ws/install/nav2_core:/workstation/nav2_ws/install/nav2_costmap_2d:/workstation/nav2_ws/install/nav2_map_server:/workstation/nav2_ws/install/nav2_lifecycle_manager:/workstation/nav2_ws/install/nav2_util:/workstation/nav2_ws/install/nav2_voxel_grid:/workstation/nav2_ws/install/nav2_msgs:/workstation/nav2_ws/install/nav2_common:${AMENT_PREFIX_PATH} CMAKE_PREFIX_PATH=/workstation/nav2_ws/install/nav2_core:/workstation/nav2_ws/install/nav2_costmap_2d:/workstation/nav2_ws/install/nav2_map_server:/workstation/nav2_ws/install/nav2_lifecycle_manager:/workstation/nav2_ws/install/nav2_util:/workstation/nav2_ws/install/nav2_voxel_grid:/workstation/nav2_ws/install/nav2_msgs:/workstation/nav2_ws/install/nav2_common:/opt/ros/humble LD_LIBRARY_PATH=/workstation/nav2_ws/install/nav2_costmap_2d/lib:/workstation/nav2_ws/install/nav2_map_server/lib:/workstation/nav2_ws/install/nav2_lifecycle_manager/lib:/workstation/nav2_ws/install/nav2_util/lib:/workstation/nav2_ws/install/nav2_voxel_grid/lib:/workstation/nav2_ws/install/nav2_msgs/lib:${LD_LIBRARY_PATH} PYTHONPATH=/workstation/nav2_ws/install/nav2_msgs/local/lib/python3.10/dist-packages:/workstation/nav2_ws/install/nav2_common/local/lib/python3.10/dist-packages:${PYTHONPATH} /usr/bin/cmake --build /workstation/nav2_ws/build/nav2_navfn_planner -- -j12 -l12
[10.380s] [ 10%] [32mBuilding CXX object gtest/CMakeFiles/gtest.dir/src/gtest-all.cc.o[0m
[10.380s] [ 20%] [32mBuilding CXX object CMakeFiles/nav2_navfn_planner.dir/src/navfn_planner.cpp.o[0m
[10.380s] [ 30%] [32mBuilding CXX object CMakeFiles/nav2_navfn_planner.dir/src/test_navfn_planner.cpp.o[0m
[30.994s] [ 40%] [32mBuilding CXX object CMakeFiles/nav2_navfn_planner.dir/src/navfn.cpp.o[0m
[34.758s] [ 50%] [32m[1mLinking CXX static library libgtest.a[0m
[34.834s] [ 50%] Built target gtest
[41.130s] [ 60%] [32m[1mLinking CXX shared library libnav2_navfn_planner.so[0m
[42.209s] [ 60%] Built target nav2_navfn_planner
[42.310s] [ 70%] [32mBuilding CXX object gtest/CMakeFiles/gtest_main.dir/src/gtest_main.cc.o[0m
[44.864s] [ 80%] [32m[1mLinking CXX static library libgtest_main.a[0m
[44.972s] [ 80%] Built target gtest_main
[45.035s] [ 90%] [32mBuilding CXX object test/CMakeFiles/test_dynamic_parameters.dir/test_dynamic_parameters.cpp.o[0m
[58.508s] [100%] [32m[1mLinking CXX executable test_dynamic_parameters[0m
[59.351s] [100%] Built target test_dynamic_parameters
[59.379s] Invoked command in '/workstation/nav2_ws/build/nav2_navfn_planner' returned '0': AMENT_PREFIX_PATH=/workstation/nav2_ws/install/nav2_core:/workstation/nav2_ws/install/nav2_costmap_2d:/workstation/nav2_ws/install/nav2_map_server:/workstation/nav2_ws/install/nav2_lifecycle_manager:/workstation/nav2_ws/install/nav2_util:/workstation/nav2_ws/install/nav2_voxel_grid:/workstation/nav2_ws/install/nav2_msgs:/workstation/nav2_ws/install/nav2_common:${AMENT_PREFIX_PATH} CMAKE_PREFIX_PATH=/workstation/nav2_ws/install/nav2_core:/workstation/nav2_ws/install/nav2_costmap_2d:/workstation/nav2_ws/install/nav2_map_server:/workstation/nav2_ws/install/nav2_lifecycle_manager:/workstation/nav2_ws/install/nav2_util:/workstation/nav2_ws/install/nav2_voxel_grid:/workstation/nav2_ws/install/nav2_msgs:/workstation/nav2_ws/install/nav2_common:/opt/ros/humble LD_LIBRARY_PATH=/workstation/nav2_ws/install/nav2_costmap_2d/lib:/workstation/nav2_ws/install/nav2_map_server/lib:/workstation/nav2_ws/install/nav2_lifecycle_manager/lib:/workstation/nav2_ws/install/nav2_util/lib:/workstation/nav2_ws/install/nav2_voxel_grid/lib:/workstation/nav2_ws/install/nav2_msgs/lib:${LD_LIBRARY_PATH} PYTHONPATH=/workstation/nav2_ws/install/nav2_msgs/local/lib/python3.10/dist-packages:/workstation/nav2_ws/install/nav2_common/local/lib/python3.10/dist-packages:${PYTHONPATH} /usr/bin/cmake --build /workstation/nav2_ws/build/nav2_navfn_planner -- -j12 -l12
[59.438s] Invoking command in '/workstation/nav2_ws/build/nav2_navfn_planner': AMENT_PREFIX_PATH=/workstation/nav2_ws/install/nav2_core:/workstation/nav2_ws/install/nav2_costmap_2d:/workstation/nav2_ws/install/nav2_map_server:/workstation/nav2_ws/install/nav2_lifecycle_manager:/workstation/nav2_ws/install/nav2_util:/workstation/nav2_ws/install/nav2_voxel_grid:/workstation/nav2_ws/install/nav2_msgs:/workstation/nav2_ws/install/nav2_common:${AMENT_PREFIX_PATH} CMAKE_PREFIX_PATH=/workstation/nav2_ws/install/nav2_core:/workstation/nav2_ws/install/nav2_costmap_2d:/workstation/nav2_ws/install/nav2_map_server:/workstation/nav2_ws/install/nav2_lifecycle_manager:/workstation/nav2_ws/install/nav2_util:/workstation/nav2_ws/install/nav2_voxel_grid:/workstation/nav2_ws/install/nav2_msgs:/workstation/nav2_ws/install/nav2_common:/opt/ros/humble LD_LIBRARY_PATH=/workstation/nav2_ws/install/nav2_costmap_2d/lib:/workstation/nav2_ws/install/nav2_map_server/lib:/workstation/nav2_ws/install/nav2_lifecycle_manager/lib:/workstation/nav2_ws/install/nav2_util/lib:/workstation/nav2_ws/install/nav2_voxel_grid/lib:/workstation/nav2_ws/install/nav2_msgs/lib:${LD_LIBRARY_PATH} PYTHONPATH=/workstation/nav2_ws/install/nav2_msgs/local/lib/python3.10/dist-packages:/workstation/nav2_ws/install/nav2_common/local/lib/python3.10/dist-packages:${PYTHONPATH} /usr/bin/cmake --install /workstation/nav2_ws/build/nav2_navfn_planner
[86.225s] -- Install configuration: "Release"
[86.225s] -- Installing: /workstation/nav2_ws/install/nav2_navfn_planner/share/nav2_navfn_planner/global_planner_plugin.xml
[86.226s] -- Installing: /workstation/nav2_ws/install/nav2_navfn_planner/share/nav2_navfn_planner/test_global_planner_plugin.xml
[86.226s] -- Installing: /workstation/nav2_ws/install/nav2_navfn_planner/lib/libnav2_navfn_planner.so
[86.226s] -- Set runtime path of "/workstation/nav2_ws/install/nav2_navfn_planner/lib/libnav2_navfn_planner.so" to ""
[86.226s] -- Installing: /workstation/nav2_ws/install/nav2_navfn_planner/include/
[86.226s] -- Installing: /workstation/nav2_ws/install/nav2_navfn_planner/include//nav2_navfn_planner
[86.227s] -- Installing: /workstation/nav2_ws/install/nav2_navfn_planner/include//nav2_navfn_planner/navfn.hpp
[86.227s] -- Installing: /workstation/nav2_ws/install/nav2_navfn_planner/include//nav2_navfn_planner/navfn_planner.hpp
[86.227s] -- Installing: /workstation/nav2_ws/install/nav2_navfn_planner/include//nav2_navfn_planner/test_navfn_planner.hpp
[86.229s] -- Up-to-date: /workstation/nav2_ws/install/nav2_navfn_planner/share/nav2_navfn_planner/global_planner_plugin.xml
[86.229s] -- Installing: /workstation/nav2_ws/install/nav2_navfn_planner/share/nav2_navfn_planner/environment/library_path.sh
[86.230s] -- Installing: /workstation/nav2_ws/install/nav2_navfn_planner/share/nav2_navfn_planner/environment/library_path.dsv
[86.230s] -- Installing: /workstation/nav2_ws/install/nav2_navfn_planner/share/ament_index/resource_index/package_run_dependencies/nav2_navfn_planner
[86.230s] -- Installing: /workstation/nav2_ws/install/nav2_navfn_planner/share/ament_index/resource_index/parent_prefix_path/nav2_navfn_planner
[86.230s] -- Installing: /workstation/nav2_ws/install/nav2_navfn_planner/share/nav2_navfn_planner/environment/ament_prefix_path.sh
[86.231s] -- Installing: /workstation/nav2_ws/install/nav2_navfn_planner/share/nav2_navfn_planner/environment/ament_prefix_path.dsv
[86.231s] -- Installing: /workstation/nav2_ws/install/nav2_navfn_planner/share/nav2_navfn_planner/environment/path.sh
[86.231s] -- Installing: /workstation/nav2_ws/install/nav2_navfn_planner/share/nav2_navfn_planner/environment/path.dsv
[86.231s] -- Installing: /workstation/nav2_ws/install/nav2_navfn_planner/share/nav2_navfn_planner/local_setup.bash
[86.231s] -- Installing: /workstation/nav2_ws/install/nav2_navfn_planner/share/nav2_navfn_planner/local_setup.sh
[86.232s] -- Installing: /workstation/nav2_ws/install/nav2_navfn_planner/share/nav2_navfn_planner/local_setup.zsh
[86.232s] -- Installing: /workstation/nav2_ws/install/nav2_navfn_planner/share/nav2_navfn_planner/local_setup.dsv
[86.232s] -- Installing: /workstation/nav2_ws/install/nav2_navfn_planner/share/nav2_navfn_planner/package.dsv
[86.232s] -- Installing: /workstation/nav2_ws/install/nav2_navfn_planner/share/ament_index/resource_index/packages/nav2_navfn_planner
[86.232s] -- Installing: /workstation/nav2_ws/install/nav2_navfn_planner/share/ament_index/resource_index/nav2_core__pluginlib__plugin/nav2_navfn_planner
[86.232s] -- Installing: /workstation/nav2_ws/install/nav2_navfn_planner/share/nav2_navfn_planner/cmake/ament_cmake_export_include_directories-extras.cmake
[86.233s] -- Installing: /workstation/nav2_ws/install/nav2_navfn_planner/share/nav2_navfn_planner/cmake/ament_cmake_export_libraries-extras.cmake
[86.233s] -- Installing: /workstation/nav2_ws/install/nav2_navfn_planner/share/nav2_navfn_planner/cmake/ament_cmake_export_dependencies-extras.cmake
[86.233s] -- Installing: /workstation/nav2_ws/install/nav2_navfn_planner/share/nav2_navfn_planner/cmake/nav2_navfn_plannerConfig.cmake
[86.233s] -- Installing: /workstation/nav2_ws/install/nav2_navfn_planner/share/nav2_navfn_planner/cmake/nav2_navfn_plannerConfig-version.cmake
[86.233s] -- Installing: /workstation/nav2_ws/install/nav2_navfn_planner/share/nav2_navfn_planner/package.xml
[86.252s] Invoked command in '/workstation/nav2_ws/build/nav2_navfn_planner' returned '0': AMENT_PREFIX_PATH=/workstation/nav2_ws/install/nav2_core:/workstation/nav2_ws/install/nav2_costmap_2d:/workstation/nav2_ws/install/nav2_map_server:/workstation/nav2_ws/install/nav2_lifecycle_manager:/workstation/nav2_ws/install/nav2_util:/workstation/nav2_ws/install/nav2_voxel_grid:/workstation/nav2_ws/install/nav2_msgs:/workstation/nav2_ws/install/nav2_common:${AMENT_PREFIX_PATH} CMAKE_PREFIX_PATH=/workstation/nav2_ws/install/nav2_core:/workstation/nav2_ws/install/nav2_costmap_2d:/workstation/nav2_ws/install/nav2_map_server:/workstation/nav2_ws/install/nav2_lifecycle_manager:/workstation/nav2_ws/install/nav2_util:/workstation/nav2_ws/install/nav2_voxel_grid:/workstation/nav2_ws/install/nav2_msgs:/workstation/nav2_ws/install/nav2_common:/opt/ros/humble LD_LIBRARY_PATH=/workstation/nav2_ws/install/nav2_costmap_2d/lib:/workstation/nav2_ws/install/nav2_map_server/lib:/workstation/nav2_ws/install/nav2_lifecycle_manager/lib:/workstation/nav2_ws/install/nav2_util/lib:/workstation/nav2_ws/install/nav2_voxel_grid/lib:/workstation/nav2_ws/install/nav2_msgs/lib:${LD_LIBRARY_PATH} PYTHONPATH=/workstation/nav2_ws/install/nav2_msgs/local/lib/python3.10/dist-packages:/workstation/nav2_ws/install/nav2_common/local/lib/python3.10/dist-packages:${PYTHONPATH} /usr/bin/cmake --install /workstation/nav2_ws/build/nav2_navfn_planner
