[0.067s] Invoking command in '/workstation/nav2_ws/build/dwb_critics': AMENT_PREFIX_PATH=/workstation/nav2_ws/install/dwb_core:/workstation/nav2_ws/install/nav2_core:/workstation/nav2_ws/install/costmap_queue:/workstation/nav2_ws/install/nav2_costmap_2d:/workstation/nav2_ws/install/nav_2d_utils:/workstation/nav2_ws/install/nav2_map_server:/workstation/nav2_ws/install/nav2_lifecycle_manager:/workstation/nav2_ws/install/nav2_util:/workstation/nav2_ws/install/nav2_voxel_grid:/workstation/nav2_ws/install/nav2_msgs:/workstation/nav2_ws/install/dwb_msgs:/workstation/nav2_ws/install/nav_2d_msgs:/workstation/nav2_ws/install/nav2_common:${AMENT_PREFIX_PATH} CMAKE_PREFIX_PATH=/workstation/nav2_ws/install/dwb_core:/workstation/nav2_ws/install/nav2_core:/workstation/nav2_ws/install/costmap_queue:/workstation/nav2_ws/install/nav2_costmap_2d:/workstation/nav2_ws/install/nav_2d_utils:/workstation/nav2_ws/install/nav2_map_server:/workstation/nav2_ws/install/nav2_lifecycle_manager:/workstation/nav2_ws/install/nav2_util:/workstation/nav2_ws/install/nav2_voxel_grid:/workstation/nav2_ws/install/nav2_msgs:/workstation/nav2_ws/install/dwb_msgs:/workstation/nav2_ws/install/nav_2d_msgs:/workstation/nav2_ws/install/nav2_common:/opt/ros/humble LD_LIBRARY_PATH=/workstation/nav2_ws/install/dwb_core/lib:/workstation/nav2_ws/install/costmap_queue/lib:/workstation/nav2_ws/install/nav2_costmap_2d/lib:/workstation/nav2_ws/install/nav_2d_utils/lib:/workstation/nav2_ws/install/nav2_map_server/lib:/workstation/nav2_ws/install/nav2_lifecycle_manager/lib:/workstation/nav2_ws/install/nav2_util/lib:/workstation/nav2_ws/install/nav2_voxel_grid/lib:/workstation/nav2_ws/install/nav2_msgs/lib:/workstation/nav2_ws/install/dwb_msgs/lib:/workstation/nav2_ws/install/nav_2d_msgs/lib:${LD_LIBRARY_PATH} PYTHONPATH=/workstation/nav2_ws/install/nav2_msgs/local/lib/python3.10/dist-packages:/workstation/nav2_ws/install/dwb_msgs/local/lib/python3.10/dist-packages:/workstation/nav2_ws/install/nav_2d_msgs/local/lib/python3.10/dist-packages:/workstation/nav2_ws/install/nav2_common/local/lib/python3.10/dist-packages:${PYTHONPATH} /usr/bin/cmake /workstation/nav2_ws/src/navigation2/nav2_dwb_controller/dwb_critics -DCMAKE_INSTALL_PREFIX=/workstation/nav2_ws/install/dwb_critics
[4.857s] -- The C compiler identification is GNU 11.4.0
[4.857s] -- The CXX compiler identification is GNU 11.4.0
[4.857s] -- Detecting C compiler ABI info
[4.857s] -- Detecting C compiler ABI info - done
[4.858s] -- Check for working C compiler: /usr/bin/cc - skipped
[4.858s] -- Detecting C compile features
[4.858s] -- Detecting C compile features - done
[4.858s] -- Detecting CXX compiler ABI info
[4.858s] -- Detecting CXX compiler ABI info - done
[4.858s] -- Check for working CXX compiler: /usr/bin/c++ - skipped
[4.858s] -- Detecting CXX compile features
[4.858s] -- Detecting CXX compile features - done
[4.859s] -- Found ament_cmake: 1.3.10 (/opt/ros/humble/share/ament_cmake/cmake)
[4.859s] -- Found Python3: /usr/bin/python3 (found version "3.10.12") found components: Interpreter 
[4.861s] -- Found nav2_common: 1.1.16 (/workstation/nav2_ws/install/nav2_common/share/nav2_common/cmake)
[4.862s] -- Found angles: 1.15.0 (/opt/ros/humble/share/angles/cmake)
[4.863s] -- Found nav2_costmap_2d: 1.1.16 (/workstation/nav2_ws/install/nav2_costmap_2d/share/nav2_costmap_2d/cmake)
[4.864s] -- Found rosidl_generator_c: 3.1.5 (/opt/ros/humble/share/rosidl_generator_c/cmake)
[4.864s] -- Found rosidl_adapter: 3.1.5 (/opt/ros/humble/share/rosidl_adapter/cmake)
[4.865s] -- Found rosidl_generator_cpp: 3.1.5 (/opt/ros/humble/share/rosidl_generator_cpp/cmake)
[4.866s] -- Using all available rosidl_typesupport_c: rosidl_typesupport_fastrtps_c;rosidl_typesupport_introspection_c
[4.867s] -- Using all available rosidl_typesupport_cpp: rosidl_typesupport_fastrtps_cpp;rosidl_typesupport_introspection_cpp
[4.867s] -- Found rmw_implementation_cmake: 6.1.2 (/opt/ros/humble/share/rmw_implementation_cmake/cmake)
[4.867s] -- Found rmw_fastrtps_cpp: 6.2.7 (/opt/ros/humble/share/rmw_fastrtps_cpp/cmake)
[4.867s] -- Found OpenSSL: /usr/lib/x86_64-linux-gnu/libcrypto.so (found version "3.0.2")  
[4.867s] -- Found FastRTPS: /opt/ros/humble/include  
[4.873s] -- Using RMW implementation 'rmw_fastrtps_cpp' as default
[4.874s] -- Looking for pthread.h
[4.874s] -- Looking for pthread.h - found
[4.874s] -- Performing Test CMAKE_HAVE_LIBC_PTHREAD
[4.874s] -- Performing Test CMAKE_HAVE_LIBC_PTHREAD - Success
[4.874s] -- Found Threads: TRUE  
[4.874s] -- Found Eigen3: TRUE (found version "3.4.0") 
[4.874s] -- Ensuring Eigen3 include directory is part of orocos-kdl CMake target
[4.875s] -- Found costmap_queue: 1.1.16 (/workstation/nav2_ws/install/costmap_queue/share/costmap_queue/cmake)
[4.875s] -- Found dwb_core: 1.1.16 (/workstation/nav2_ws/install/dwb_core/share/dwb_core/cmake)
[4.877s] -- Setting build type to Release as none was specified.
[4.877s] -- Found ament_lint_auto: 0.12.11 (/opt/ros/humble/share/ament_lint_auto/cmake)
[4.877s] -- Found gtest sources under '/opt/ros/humble/src/gtest_vendor': C++ tests using 'Google Test' will be built
[4.877s] -- Added test 'cppcheck' to perform static code analysis on C / C++ code
[4.878s] -- Configured cppcheck include dirs: /workstation/nav2_ws/src/navigation2/nav2_dwb_controller/dwb_critics/include
[4.878s] -- Configured cppcheck exclude dirs and/or files: 
[4.878s] -- Added test 'cpplint' to check C / C++ code against the Google style
[4.878s] -- Configured cpplint exclude dirs and/or files: 
[4.878s] -- Added test 'lint_cmake' to check CMake code style
[4.878s] -- Added test 'uncrustify' to check C / C++ code style
[4.878s] -- Configured uncrustify additional arguments: 
[4.879s] -- Added test 'xmllint' to check XML markup files
[4.879s] -- Configuring done
[4.879s] -- Generating done
[4.879s] -- Build files have been written to: /workstation/nav2_ws/build/dwb_critics
[4.906s] Invoked command in '/workstation/nav2_ws/build/dwb_critics' returned '0': AMENT_PREFIX_PATH=/workstation/nav2_ws/install/dwb_core:/workstation/nav2_ws/install/nav2_core:/workstation/nav2_ws/install/costmap_queue:/workstation/nav2_ws/install/nav2_costmap_2d:/workstation/nav2_ws/install/nav_2d_utils:/workstation/nav2_ws/install/nav2_map_server:/workstation/nav2_ws/install/nav2_lifecycle_manager:/workstation/nav2_ws/install/nav2_util:/workstation/nav2_ws/install/nav2_voxel_grid:/workstation/nav2_ws/install/nav2_msgs:/workstation/nav2_ws/install/dwb_msgs:/workstation/nav2_ws/install/nav_2d_msgs:/workstation/nav2_ws/install/nav2_common:${AMENT_PREFIX_PATH} CMAKE_PREFIX_PATH=/workstation/nav2_ws/install/dwb_core:/workstation/nav2_ws/install/nav2_core:/workstation/nav2_ws/install/costmap_queue:/workstation/nav2_ws/install/nav2_costmap_2d:/workstation/nav2_ws/install/nav_2d_utils:/workstation/nav2_ws/install/nav2_map_server:/workstation/nav2_ws/install/nav2_lifecycle_manager:/workstation/nav2_ws/install/nav2_util:/workstation/nav2_ws/install/nav2_voxel_grid:/workstation/nav2_ws/install/nav2_msgs:/workstation/nav2_ws/install/dwb_msgs:/workstation/nav2_ws/install/nav_2d_msgs:/workstation/nav2_ws/install/nav2_common:/opt/ros/humble LD_LIBRARY_PATH=/workstation/nav2_ws/install/dwb_core/lib:/workstation/nav2_ws/install/costmap_queue/lib:/workstation/nav2_ws/install/nav2_costmap_2d/lib:/workstation/nav2_ws/install/nav_2d_utils/lib:/workstation/nav2_ws/install/nav2_map_server/lib:/workstation/nav2_ws/install/nav2_lifecycle_manager/lib:/workstation/nav2_ws/install/nav2_util/lib:/workstation/nav2_ws/install/nav2_voxel_grid/lib:/workstation/nav2_ws/install/nav2_msgs/lib:/workstation/nav2_ws/install/dwb_msgs/lib:/workstation/nav2_ws/install/nav_2d_msgs/lib:${LD_LIBRARY_PATH} PYTHONPATH=/workstation/nav2_ws/install/nav2_msgs/local/lib/python3.10/dist-packages:/workstation/nav2_ws/install/dwb_msgs/local/lib/python3.10/dist-packages:/workstation/nav2_ws/install/nav_2d_msgs/local/lib/python3.10/dist-packages:/workstation/nav2_ws/install/nav2_common/local/lib/python3.10/dist-packages:${PYTHONPATH} /usr/bin/cmake /workstation/nav2_ws/src/navigation2/nav2_dwb_controller/dwb_critics -DCMAKE_INSTALL_PREFIX=/workstation/nav2_ws/install/dwb_critics
[4.906s] Invoking command in '/workstation/nav2_ws/build/dwb_critics': AMENT_PREFIX_PATH=/workstation/nav2_ws/install/dwb_core:/workstation/nav2_ws/install/nav2_core:/workstation/nav2_ws/install/costmap_queue:/workstation/nav2_ws/install/nav2_costmap_2d:/workstation/nav2_ws/install/nav_2d_utils:/workstation/nav2_ws/install/nav2_map_server:/workstation/nav2_ws/install/nav2_lifecycle_manager:/workstation/nav2_ws/install/nav2_util:/workstation/nav2_ws/install/nav2_voxel_grid:/workstation/nav2_ws/install/nav2_msgs:/workstation/nav2_ws/install/dwb_msgs:/workstation/nav2_ws/install/nav_2d_msgs:/workstation/nav2_ws/install/nav2_common:${AMENT_PREFIX_PATH} CMAKE_PREFIX_PATH=/workstation/nav2_ws/install/dwb_core:/workstation/nav2_ws/install/nav2_core:/workstation/nav2_ws/install/costmap_queue:/workstation/nav2_ws/install/nav2_costmap_2d:/workstation/nav2_ws/install/nav_2d_utils:/workstation/nav2_ws/install/nav2_map_server:/workstation/nav2_ws/install/nav2_lifecycle_manager:/workstation/nav2_ws/install/nav2_util:/workstation/nav2_ws/install/nav2_voxel_grid:/workstation/nav2_ws/install/nav2_msgs:/workstation/nav2_ws/install/dwb_msgs:/workstation/nav2_ws/install/nav_2d_msgs:/workstation/nav2_ws/install/nav2_common:/opt/ros/humble LD_LIBRARY_PATH=/workstation/nav2_ws/install/dwb_core/lib:/workstation/nav2_ws/install/costmap_queue/lib:/workstation/nav2_ws/install/nav2_costmap_2d/lib:/workstation/nav2_ws/install/nav_2d_utils/lib:/workstation/nav2_ws/install/nav2_map_server/lib:/workstation/nav2_ws/install/nav2_lifecycle_manager/lib:/workstation/nav2_ws/install/nav2_util/lib:/workstation/nav2_ws/install/nav2_voxel_grid/lib:/workstation/nav2_ws/install/nav2_msgs/lib:/workstation/nav2_ws/install/dwb_msgs/lib:/workstation/nav2_ws/install/nav_2d_msgs/lib:${LD_LIBRARY_PATH} PYTHONPATH=/workstation/nav2_ws/install/nav2_msgs/local/lib/python3.10/dist-packages:/workstation/nav2_ws/install/dwb_msgs/local/lib/python3.10/dist-packages:/workstation/nav2_ws/install/nav_2d_msgs/local/lib/python3.10/dist-packages:/workstation/nav2_ws/install/nav2_common/local/lib/python3.10/dist-packages:${PYTHONPATH} /usr/bin/cmake --build /workstation/nav2_ws/build/dwb_critics -- -j12 -l12
[5.842s] [  3%] [32mBuilding CXX object CMakeFiles/dwb_critics.dir/src/alignment_util.cpp.o[0m
[6.341s] [  7%] [32mBuilding CXX object CMakeFiles/dwb_critics.dir/src/prefer_forward.cpp.o[0m
[16.245s] [ 11%] [32mBuilding CXX object CMakeFiles/dwb_critics.dir/src/rotate_to_goal.cpp.o[0m
[24.885s] [ 14%] [32mBuilding CXX object CMakeFiles/dwb_critics.dir/src/twirling.cpp.o[0m
[33.984s] [ 18%] [32mBuilding CXX object CMakeFiles/dwb_critics.dir/src/oscillation.cpp.o[0m
[44.323s] [ 22%] [32mBuilding CXX object CMakeFiles/dwb_critics.dir/src/obstacle_footprint.cpp.o[0m
[53.776s] [ 25%] [32mBuilding CXX object CMakeFiles/dwb_critics.dir/src/base_obstacle.cpp.o[0m
[63.524s] [ 29%] [32mBuilding CXX object CMakeFiles/dwb_critics.dir/src/path_align.cpp.o[0m
[71.992s] [ 33%] [32mBuilding CXX object CMakeFiles/dwb_critics.dir/src/goal_align.cpp.o[0m
[81.816s] [ 37%] [32mBuilding CXX object CMakeFiles/dwb_critics.dir/src/path_dist.cpp.o[0m
[93.299s] [ 40%] [32mBuilding CXX object CMakeFiles/dwb_critics.dir/src/goal_dist.cpp.o[0m
[113.695s] [ 44%] [32mBuilding CXX object CMakeFiles/dwb_critics.dir/src/map_grid.cpp.o[0m
[125.939s] [ 48%] [32m[1mLinking CXX shared library libdwb_critics.so[0m
[126.326s] [ 48%] Built target dwb_critics
[126.355s] [ 51%] [32mBuilding CXX object gtest/CMakeFiles/gtest.dir/src/gtest-all.cc.o[0m
[135.469s] [ 55%] [32m[1mLinking CXX static library libgtest.a[0m
[135.518s] [ 55%] Built target gtest
[135.543s] [ 59%] [32mBuilding CXX object gtest/CMakeFiles/gtest_main.dir/src/gtest_main.cc.o[0m
[136.643s] [ 62%] [32m[1mLinking CXX static library libgtest_main.a[0m
[136.684s] [ 62%] Built target gtest_main
[136.712s] [ 66%] [32mBuilding CXX object test/CMakeFiles/prefer_forward_tests.dir/prefer_forward_test.cpp.o[0m
[144.777s] [ 70%] [32m[1mLinking CXX executable prefer_forward_tests[0m
[145.110s] [ 70%] Built target prefer_forward_tests
[145.144s] [ 74%] [32mBuilding CXX object test/CMakeFiles/alignment_util_tests.dir/alignment_util_test.cpp.o[0m
[145.145s] [ 77%] [32mBuilding CXX object test/CMakeFiles/obstacle_footprint_tests.dir/obstacle_footprint_test.cpp.o[0m
[145.146s] [ 81%] [32mBuilding CXX object test/CMakeFiles/twirling_tests.dir/twirling_test.cpp.o[0m
[153.280s] [ 85%] [32m[1mLinking CXX executable alignment_util_tests[0m
[154.037s] [ 85%] Built target alignment_util_tests
[158.264s] [ 88%] [32m[1mLinking CXX executable twirling_tests[0m
[158.938s] [ 88%] Built target twirling_tests
[160.385s] [ 92%] [32m[1mLinking CXX executable obstacle_footprint_tests[0m
[161.233s] [ 92%] Built target obstacle_footprint_tests
[161.284s] [ 96%] [32mBuilding CXX object test/CMakeFiles/base_obstacle_tests.dir/base_obstacle_test.cpp.o[0m
[169.456s] [100%] [32m[1mLinking CXX executable base_obstacle_tests[0m
[169.852s] [100%] Built target base_obstacle_tests
[169.866s] Invoked command in '/workstation/nav2_ws/build/dwb_critics' returned '0': AMENT_PREFIX_PATH=/workstation/nav2_ws/install/dwb_core:/workstation/nav2_ws/install/nav2_core:/workstation/nav2_ws/install/costmap_queue:/workstation/nav2_ws/install/nav2_costmap_2d:/workstation/nav2_ws/install/nav_2d_utils:/workstation/nav2_ws/install/nav2_map_server:/workstation/nav2_ws/install/nav2_lifecycle_manager:/workstation/nav2_ws/install/nav2_util:/workstation/nav2_ws/install/nav2_voxel_grid:/workstation/nav2_ws/install/nav2_msgs:/workstation/nav2_ws/install/dwb_msgs:/workstation/nav2_ws/install/nav_2d_msgs:/workstation/nav2_ws/install/nav2_common:${AMENT_PREFIX_PATH} CMAKE_PREFIX_PATH=/workstation/nav2_ws/install/dwb_core:/workstation/nav2_ws/install/nav2_core:/workstation/nav2_ws/install/costmap_queue:/workstation/nav2_ws/install/nav2_costmap_2d:/workstation/nav2_ws/install/nav_2d_utils:/workstation/nav2_ws/install/nav2_map_server:/workstation/nav2_ws/install/nav2_lifecycle_manager:/workstation/nav2_ws/install/nav2_util:/workstation/nav2_ws/install/nav2_voxel_grid:/workstation/nav2_ws/install/nav2_msgs:/workstation/nav2_ws/install/dwb_msgs:/workstation/nav2_ws/install/nav_2d_msgs:/workstation/nav2_ws/install/nav2_common:/opt/ros/humble LD_LIBRARY_PATH=/workstation/nav2_ws/install/dwb_core/lib:/workstation/nav2_ws/install/costmap_queue/lib:/workstation/nav2_ws/install/nav2_costmap_2d/lib:/workstation/nav2_ws/install/nav_2d_utils/lib:/workstation/nav2_ws/install/nav2_map_server/lib:/workstation/nav2_ws/install/nav2_lifecycle_manager/lib:/workstation/nav2_ws/install/nav2_util/lib:/workstation/nav2_ws/install/nav2_voxel_grid/lib:/workstation/nav2_ws/install/nav2_msgs/lib:/workstation/nav2_ws/install/dwb_msgs/lib:/workstation/nav2_ws/install/nav_2d_msgs/lib:${LD_LIBRARY_PATH} PYTHONPATH=/workstation/nav2_ws/install/nav2_msgs/local/lib/python3.10/dist-packages:/workstation/nav2_ws/install/dwb_msgs/local/lib/python3.10/dist-packages:/workstation/nav2_ws/install/nav_2d_msgs/local/lib/python3.10/dist-packages:/workstation/nav2_ws/install/nav2_common/local/lib/python3.10/dist-packages:${PYTHONPATH} /usr/bin/cmake --build /workstation/nav2_ws/build/dwb_critics -- -j12 -l12
[169.921s] Invoking command in '/workstation/nav2_ws/build/dwb_critics': AMENT_PREFIX_PATH=/workstation/nav2_ws/install/dwb_core:/workstation/nav2_ws/install/nav2_core:/workstation/nav2_ws/install/costmap_queue:/workstation/nav2_ws/install/nav2_costmap_2d:/workstation/nav2_ws/install/nav_2d_utils:/workstation/nav2_ws/install/nav2_map_server:/workstation/nav2_ws/install/nav2_lifecycle_manager:/workstation/nav2_ws/install/nav2_util:/workstation/nav2_ws/install/nav2_voxel_grid:/workstation/nav2_ws/install/nav2_msgs:/workstation/nav2_ws/install/dwb_msgs:/workstation/nav2_ws/install/nav_2d_msgs:/workstation/nav2_ws/install/nav2_common:${AMENT_PREFIX_PATH} CMAKE_PREFIX_PATH=/workstation/nav2_ws/install/dwb_core:/workstation/nav2_ws/install/nav2_core:/workstation/nav2_ws/install/costmap_queue:/workstation/nav2_ws/install/nav2_costmap_2d:/workstation/nav2_ws/install/nav_2d_utils:/workstation/nav2_ws/install/nav2_map_server:/workstation/nav2_ws/install/nav2_lifecycle_manager:/workstation/nav2_ws/install/nav2_util:/workstation/nav2_ws/install/nav2_voxel_grid:/workstation/nav2_ws/install/nav2_msgs:/workstation/nav2_ws/install/dwb_msgs:/workstation/nav2_ws/install/nav_2d_msgs:/workstation/nav2_ws/install/nav2_common:/opt/ros/humble LD_LIBRARY_PATH=/workstation/nav2_ws/install/dwb_core/lib:/workstation/nav2_ws/install/costmap_queue/lib:/workstation/nav2_ws/install/nav2_costmap_2d/lib:/workstation/nav2_ws/install/nav_2d_utils/lib:/workstation/nav2_ws/install/nav2_map_server/lib:/workstation/nav2_ws/install/nav2_lifecycle_manager/lib:/workstation/nav2_ws/install/nav2_util/lib:/workstation/nav2_ws/install/nav2_voxel_grid/lib:/workstation/nav2_ws/install/nav2_msgs/lib:/workstation/nav2_ws/install/dwb_msgs/lib:/workstation/nav2_ws/install/nav_2d_msgs/lib:${LD_LIBRARY_PATH} PYTHONPATH=/workstation/nav2_ws/install/nav2_msgs/local/lib/python3.10/dist-packages:/workstation/nav2_ws/install/dwb_msgs/local/lib/python3.10/dist-packages:/workstation/nav2_ws/install/nav_2d_msgs/local/lib/python3.10/dist-packages:/workstation/nav2_ws/install/nav2_common/local/lib/python3.10/dist-packages:${PYTHONPATH} /usr/bin/cmake --install /workstation/nav2_ws/build/dwb_critics
[169.932s] -- Install configuration: "Release"
[169.932s] -- Installing: /workstation/nav2_ws/install/dwb_critics/lib/libdwb_critics.so
[169.933s] -- Set runtime path of "/workstation/nav2_ws/install/dwb_critics/lib/libdwb_critics.so" to ""
[169.933s] -- Installing: /workstation/nav2_ws/install/dwb_critics/include/
[169.933s] -- Installing: /workstation/nav2_ws/install/dwb_critics/include//dwb_critics
[169.933s] -- Installing: /workstation/nav2_ws/install/dwb_critics/include//dwb_critics/alignment_util.hpp
[169.933s] -- Installing: /workstation/nav2_ws/install/dwb_critics/include//dwb_critics/goal_dist.hpp
[169.934s] -- Installing: /workstation/nav2_ws/install/dwb_critics/include//dwb_critics/obstacle_footprint.hpp
[169.934s] -- Installing: /workstation/nav2_ws/install/dwb_critics/include//dwb_critics/path_dist.hpp
[169.934s] -- Installing: /workstation/nav2_ws/install/dwb_critics/include//dwb_critics/path_align.hpp
[169.934s] -- Installing: /workstation/nav2_ws/install/dwb_critics/include//dwb_critics/rotate_to_goal.hpp
[169.934s] -- Installing: /workstation/nav2_ws/install/dwb_critics/include//dwb_critics/oscillation.hpp
[169.934s] -- Installing: /workstation/nav2_ws/install/dwb_critics/include//dwb_critics/goal_align.hpp
[169.935s] -- Installing: /workstation/nav2_ws/install/dwb_critics/include//dwb_critics/line_iterator.hpp
[169.935s] -- Installing: /workstation/nav2_ws/install/dwb_critics/include//dwb_critics/twirling.hpp
[169.935s] -- Installing: /workstation/nav2_ws/install/dwb_critics/include//dwb_critics/prefer_forward.hpp
[169.935s] -- Installing: /workstation/nav2_ws/install/dwb_critics/include//dwb_critics/map_grid.hpp
[169.935s] -- Installing: /workstation/nav2_ws/install/dwb_critics/include//dwb_critics/base_obstacle.hpp
[169.936s] -- Installing: /workstation/nav2_ws/install/dwb_critics/share/dwb_critics/default_critics.xml
[169.936s] -- Installing: /workstation/nav2_ws/install/dwb_critics/share/dwb_critics/environment/library_path.sh
[169.937s] -- Installing: /workstation/nav2_ws/install/dwb_critics/share/dwb_critics/environment/library_path.dsv
[169.938s] -- Up-to-date: /workstation/nav2_ws/install/dwb_critics/share/dwb_critics/default_critics.xml
[169.938s] -- Installing: /workstation/nav2_ws/install/dwb_critics/share/ament_index/resource_index/package_run_dependencies/dwb_critics
[169.938s] -- Installing: /workstation/nav2_ws/install/dwb_critics/share/ament_index/resource_index/parent_prefix_path/dwb_critics
[169.938s] -- Installing: /workstation/nav2_ws/install/dwb_critics/share/dwb_critics/environment/ament_prefix_path.sh
[169.938s] -- Installing: /workstation/nav2_ws/install/dwb_critics/share/dwb_critics/environment/ament_prefix_path.dsv
[169.938s] -- Installing: /workstation/nav2_ws/install/dwb_critics/share/dwb_critics/environment/path.sh
[169.939s] -- Installing: /workstation/nav2_ws/install/dwb_critics/share/dwb_critics/environment/path.dsv
[169.939s] -- Installing: /workstation/nav2_ws/install/dwb_critics/share/dwb_critics/local_setup.bash
[169.939s] -- Installing: /workstation/nav2_ws/install/dwb_critics/share/dwb_critics/local_setup.sh
[169.939s] -- Installing: /workstation/nav2_ws/install/dwb_critics/share/dwb_critics/local_setup.zsh
[169.939s] -- Installing: /workstation/nav2_ws/install/dwb_critics/share/dwb_critics/local_setup.dsv
[169.939s] -- Installing: /workstation/nav2_ws/install/dwb_critics/share/dwb_critics/package.dsv
[169.939s] -- Installing: /workstation/nav2_ws/install/dwb_critics/share/ament_index/resource_index/packages/dwb_critics
[169.940s] -- Installing: /workstation/nav2_ws/install/dwb_critics/share/ament_index/resource_index/dwb_core__pluginlib__plugin/dwb_critics
[169.940s] -- Installing: /workstation/nav2_ws/install/dwb_critics/share/dwb_critics/cmake/ament_cmake_export_include_directories-extras.cmake
[169.940s] -- Installing: /workstation/nav2_ws/install/dwb_critics/share/dwb_critics/cmake/ament_cmake_export_libraries-extras.cmake
[169.940s] -- Installing: /workstation/nav2_ws/install/dwb_critics/share/dwb_critics/cmake/ament_cmake_export_dependencies-extras.cmake
[169.940s] -- Installing: /workstation/nav2_ws/install/dwb_critics/share/dwb_critics/cmake/dwb_criticsConfig.cmake
[169.940s] -- Installing: /workstation/nav2_ws/install/dwb_critics/share/dwb_critics/cmake/dwb_criticsConfig-version.cmake
[169.940s] -- Installing: /workstation/nav2_ws/install/dwb_critics/share/dwb_critics/package.xml
[169.943s] Invoked command in '/workstation/nav2_ws/build/dwb_critics' returned '0': AMENT_PREFIX_PATH=/workstation/nav2_ws/install/dwb_core:/workstation/nav2_ws/install/nav2_core:/workstation/nav2_ws/install/costmap_queue:/workstation/nav2_ws/install/nav2_costmap_2d:/workstation/nav2_ws/install/nav_2d_utils:/workstation/nav2_ws/install/nav2_map_server:/workstation/nav2_ws/install/nav2_lifecycle_manager:/workstation/nav2_ws/install/nav2_util:/workstation/nav2_ws/install/nav2_voxel_grid:/workstation/nav2_ws/install/nav2_msgs:/workstation/nav2_ws/install/dwb_msgs:/workstation/nav2_ws/install/nav_2d_msgs:/workstation/nav2_ws/install/nav2_common:${AMENT_PREFIX_PATH} CMAKE_PREFIX_PATH=/workstation/nav2_ws/install/dwb_core:/workstation/nav2_ws/install/nav2_core:/workstation/nav2_ws/install/costmap_queue:/workstation/nav2_ws/install/nav2_costmap_2d:/workstation/nav2_ws/install/nav_2d_utils:/workstation/nav2_ws/install/nav2_map_server:/workstation/nav2_ws/install/nav2_lifecycle_manager:/workstation/nav2_ws/install/nav2_util:/workstation/nav2_ws/install/nav2_voxel_grid:/workstation/nav2_ws/install/nav2_msgs:/workstation/nav2_ws/install/dwb_msgs:/workstation/nav2_ws/install/nav_2d_msgs:/workstation/nav2_ws/install/nav2_common:/opt/ros/humble LD_LIBRARY_PATH=/workstation/nav2_ws/install/dwb_core/lib:/workstation/nav2_ws/install/costmap_queue/lib:/workstation/nav2_ws/install/nav2_costmap_2d/lib:/workstation/nav2_ws/install/nav_2d_utils/lib:/workstation/nav2_ws/install/nav2_map_server/lib:/workstation/nav2_ws/install/nav2_lifecycle_manager/lib:/workstation/nav2_ws/install/nav2_util/lib:/workstation/nav2_ws/install/nav2_voxel_grid/lib:/workstation/nav2_ws/install/nav2_msgs/lib:/workstation/nav2_ws/install/dwb_msgs/lib:/workstation/nav2_ws/install/nav_2d_msgs/lib:${LD_LIBRARY_PATH} PYTHONPATH=/workstation/nav2_ws/install/nav2_msgs/local/lib/python3.10/dist-packages:/workstation/nav2_ws/install/dwb_msgs/local/lib/python3.10/dist-packages:/workstation/nav2_ws/install/nav_2d_msgs/local/lib/python3.10/dist-packages:/workstation/nav2_ws/install/nav2_common/local/lib/python3.10/dist-packages:${PYTHONPATH} /usr/bin/cmake --install /workstation/nav2_ws/build/dwb_critics
