[0.028s] Invoking command in '/workstation/ros_ws/build/leo_description': CMAKE_PREFIX_PATH=/opt/ros/humble /usr/bin/cmake /workstation/ros_ws/src/leo_common-ros2/leo_description -DCMAKE_INSTALL_PREFIX=/workstation/ros_ws/install/leo_description
[0.108s] -- The C compiler identification is GNU 11.4.0
[0.197s] -- The CXX compiler identification is GNU 11.4.0
[0.208s] -- Detecting C compiler ABI info
[0.301s] -- Detecting C compiler ABI info - done
[0.313s] -- Check for working C compiler: /usr/bin/cc - skipped
[0.313s] -- Detecting C compile features
[0.314s] -- Detecting C compile features - done
[0.318s] -- Detecting CXX compiler ABI info
[0.416s] -- Detecting CXX compiler ABI info - done
[0.430s] -- Check for working CXX compiler: /usr/bin/c++ - skipped
[0.431s] -- Detecting CXX compile features
[0.431s] -- Detecting CXX compile features - done
[0.435s] -- Found ament_cmake: 1.3.10 (/opt/ros/humble/share/ament_cmake/cmake)
[0.660s] -- Found Python3: /usr/bin/python3 (found version "3.10.12") found components: Interpreter 
[0.805s] -- Found ament_lint_auto: 0.12.11 (/opt/ros/humble/share/ament_lint_auto/cmake)
[0.939s] -- Added test 'lint_cmake' to check CMake code style
[0.943s] -- Added test 'xmllint' to check XML markup files
[0.945s] -- Configuring done
[0.946s] -- Generating done
[0.946s] -- Build files have been written to: /workstation/ros_ws/build/leo_description
[0.949s] Invoked command in '/workstation/ros_ws/build/leo_description' returned '0': CMAKE_PREFIX_PATH=/opt/ros/humble /usr/bin/cmake /workstation/ros_ws/src/leo_common-ros2/leo_description -DCMAKE_INSTALL_PREFIX=/workstation/ros_ws/install/leo_description
[0.953s] Invoking command in '/workstation/ros_ws/build/leo_description': CMAKE_PREFIX_PATH=/opt/ros/humble /usr/bin/cmake --build /workstation/ros_ws/build/leo_description -- -j12 -l12
[0.998s] Invoked command in '/workstation/ros_ws/build/leo_description' returned '0': CMAKE_PREFIX_PATH=/opt/ros/humble /usr/bin/cmake --build /workstation/ros_ws/build/leo_description -- -j12 -l12
[1.035s] Invoking command in '/workstation/ros_ws/build/leo_description': CMAKE_PREFIX_PATH=/opt/ros/humble /usr/bin/cmake --install /workstation/ros_ws/build/leo_description
[1.044s] -- Install configuration: ""
[1.045s] -- Installing: /workstation/ros_ws/install/leo_description/share/leo_description/launch
[1.045s] -- Installing: /workstation/ros_ws/install/leo_description/share/leo_description/launch/state_publisher.launch.xml
[1.045s] -- Installing: /workstation/ros_ws/install/leo_description/share/leo_description/models
[1.045s] -- Installing: /workstation/ros_ws/install/leo_description/share/leo_description/models/WheelA.dae
[1.050s] -- Installing: /workstation/ros_ws/install/leo_description/share/leo_description/models/Rocker.dae
[1.055s] -- Installing: /workstation/ros_ws/install/leo_description/share/leo_description/models/Chassis.dae
[1.071s] -- Installing: /workstation/ros_ws/install/leo_description/share/leo_description/models/WheelMecanumB.dae
[1.079s] -- Installing: /workstation/ros_ws/install/leo_description/share/leo_description/models/Mecanum_wheel_outline.stl
[1.079s] -- Installing: /workstation/ros_ws/install/leo_description/share/leo_description/models/Rocker_outline.stl
[1.080s] -- Installing: /workstation/ros_ws/install/leo_description/share/leo_description/models/WheelB.dae
[1.085s] -- Installing: /workstation/ros_ws/install/leo_description/share/leo_description/models/Chassis_outline.stl
[1.085s] -- Installing: /workstation/ros_ws/install/leo_description/share/leo_description/models/WheelMecanumA.dae
[1.099s] -- Installing: /workstation/ros_ws/install/leo_description/share/leo_description/models/Antenna.dae
[1.100s] -- Installing: /workstation/ros_ws/install/leo_description/share/leo_description/models/Wheel_outline.stl
[1.100s] -- Installing: /workstation/ros_ws/install/leo_description/share/leo_description/urdf
[1.100s] -- Installing: /workstation/ros_ws/install/leo_description/share/leo_description/urdf/leo_sim.urdf.xacro
[1.100s] -- Installing: /workstation/ros_ws/install/leo_description/share/leo_description/urdf/leo.urdf.xacro
[1.101s] -- Installing: /workstation/ros_ws/install/leo_description/share/leo_description/urdf/macros.xacro
[1.102s] -- Installing: /workstation/ros_ws/install/leo_description/share/leo_description/environment/gz_sim_resource_path.dsv
[1.102s] -- Installing: /workstation/ros_ws/install/leo_description/share/ament_index/resource_index/package_run_dependencies/leo_description
[1.102s] -- Installing: /workstation/ros_ws/install/leo_description/share/ament_index/resource_index/parent_prefix_path/leo_description
[1.102s] -- Installing: /workstation/ros_ws/install/leo_description/share/leo_description/environment/ament_prefix_path.sh
[1.103s] -- Installing: /workstation/ros_ws/install/leo_description/share/leo_description/environment/ament_prefix_path.dsv
[1.103s] -- Installing: /workstation/ros_ws/install/leo_description/share/leo_description/environment/path.sh
[1.103s] -- Installing: /workstation/ros_ws/install/leo_description/share/leo_description/environment/path.dsv
[1.104s] -- Installing: /workstation/ros_ws/install/leo_description/share/leo_description/local_setup.bash
[1.104s] -- Installing: /workstation/ros_ws/install/leo_description/share/leo_description/local_setup.sh
[1.105s] -- Installing: /workstation/ros_ws/install/leo_description/share/leo_description/local_setup.zsh
[1.105s] -- Installing: /workstation/ros_ws/install/leo_description/share/leo_description/local_setup.dsv
[1.105s] -- Installing: /workstation/ros_ws/install/leo_description/share/leo_description/package.dsv
[1.105s] -- Installing: /workstation/ros_ws/install/leo_description/share/ament_index/resource_index/packages/leo_description
[1.105s] -- Installing: /workstation/ros_ws/install/leo_description/share/leo_description/cmake/leo_descriptionConfig.cmake
[1.105s] -- Installing: /workstation/ros_ws/install/leo_description/share/leo_description/cmake/leo_descriptionConfig-version.cmake
[1.105s] -- Installing: /workstation/ros_ws/install/leo_description/share/leo_description/package.xml
[1.111s] Invoked command in '/workstation/ros_ws/build/leo_description' returned '0': CMAKE_PREFIX_PATH=/opt/ros/humble /usr/bin/cmake --install /workstation/ros_ws/build/leo_description
