[0.047s] Invoking command in '/workstation/nav2_ws/build/nav2_mppi_controller': AMENT_PREFIX_PATH=/workstation/nav2_ws/install/nav2_core:/workstation/nav2_ws/install/nav2_costmap_2d:/workstation/nav2_ws/install/nav2_map_server:/workstation/nav2_ws/install/nav2_lifecycle_manager:/workstation/nav2_ws/install/nav2_util:/workstation/nav2_ws/install/nav2_voxel_grid:/workstation/nav2_ws/install/nav2_msgs:/workstation/nav2_ws/install/nav2_common:/workstation/nav2_ws/install/custom_msgs:${AMENT_PREFIX_PATH} CMAKE_PREFIX_PATH=/workstation/nav2_ws/install/nav2_core:/workstation/nav2_ws/install/nav2_costmap_2d:/workstation/nav2_ws/install/nav2_map_server:/workstation/nav2_ws/install/nav2_lifecycle_manager:/workstation/nav2_ws/install/nav2_util:/workstation/nav2_ws/install/nav2_voxel_grid:/workstation/nav2_ws/install/nav2_msgs:/workstation/nav2_ws/install/nav2_common:/workstation/nav2_ws/install/custom_msgs:/opt/ros/humble LD_LIBRARY_PATH=/workstation/nav2_ws/install/nav2_costmap_2d/lib:/workstation/nav2_ws/install/nav2_map_server/lib:/workstation/nav2_ws/install/nav2_lifecycle_manager/lib:/workstation/nav2_ws/install/nav2_util/lib:/workstation/nav2_ws/install/nav2_voxel_grid/lib:/workstation/nav2_ws/install/nav2_msgs/lib:/workstation/nav2_ws/install/custom_msgs/lib:${LD_LIBRARY_PATH} PYTHONPATH=/workstation/nav2_ws/install/nav2_msgs/local/lib/python3.10/dist-packages:/workstation/nav2_ws/install/nav2_common/local/lib/python3.10/dist-packages:/workstation/nav2_ws/install/custom_msgs/local/lib/python3.10/dist-packages:${PYTHONPATH} /usr/bin/cmake --build /workstation/nav2_ws/build/nav2_mppi_controller -- -j12 -l12
[0.178s] [35m[1mConsolidate compiler generated dependencies of target gtest_main[0m
[0.187s] [35m[1mConsolidate compiler generated dependencies of target mppi_controller[0m
[0.194s] [35m[1mConsolidate compiler generated dependencies of target gtest[0m
[0.227s] [35m[1mConsolidate compiler generated dependencies of target mppi_critics[0m
[0.231s] [  3%] Built target gtest_main
[0.248s] [  7%] Built target gtest
[0.312s] [ 25%] Built target mppi_controller
[0.335s] [35m[1mConsolidate compiler generated dependencies of target optimizer_smoke_test[0m
[0.335s] [35m[1mConsolidate compiler generated dependencies of target controller_state_transition_test[0m
[0.346s] [35m[1mConsolidate compiler generated dependencies of target parameter_handler_test[0m
[0.348s] [35m[1mConsolidate compiler generated dependencies of target models_test[0m
[0.353s] [ 53%] Built target mppi_critics
[0.368s] [35m[1mConsolidate compiler generated dependencies of target noise_generator_test[0m
[0.368s] [35m[1mConsolidate compiler generated dependencies of target trajectory_visualizer_tests[0m
[0.368s] [35m[1mConsolidate compiler generated dependencies of target utils_test[0m
[0.368s] [35m[1mConsolidate compiler generated dependencies of target motion_model_tests[0m
[0.370s] [35m[1mConsolidate compiler generated dependencies of target critic_manager_test[0m
[0.374s] [35m[1mConsolidate compiler generated dependencies of target optimizer_unit_tests[0m
[0.382s] [35m[1mConsolidate compiler generated dependencies of target path_handler_test[0m
[0.401s] [ 57%] Built target optimizer_smoke_test
[0.402s] [35m[1mConsolidate compiler generated dependencies of target critics_tests[0m
[0.406s] [ 61%] Built target models_test
[0.419s] [ 65%] Built target utils_test
[0.425s] [ 69%] Built target controller_state_transition_test
[0.432s] [ 73%] Built target critic_manager_test
[0.433s] [ 76%] Built target parameter_handler_test
[0.436s] [ 80%] Built target motion_model_tests
[0.436s] [ 84%] Built target noise_generator_test
[0.437s] [ 88%] Built target trajectory_visualizer_tests
[0.441s] [ 92%] Built target optimizer_unit_tests
[0.445s] [ 96%] Built target path_handler_test
[0.446s] [100%] Built target critics_tests
[0.499s] Invoked command in '/workstation/nav2_ws/build/nav2_mppi_controller' returned '0': AMENT_PREFIX_PATH=/workstation/nav2_ws/install/nav2_core:/workstation/nav2_ws/install/nav2_costmap_2d:/workstation/nav2_ws/install/nav2_map_server:/workstation/nav2_ws/install/nav2_lifecycle_manager:/workstation/nav2_ws/install/nav2_util:/workstation/nav2_ws/install/nav2_voxel_grid:/workstation/nav2_ws/install/nav2_msgs:/workstation/nav2_ws/install/nav2_common:/workstation/nav2_ws/install/custom_msgs:${AMENT_PREFIX_PATH} CMAKE_PREFIX_PATH=/workstation/nav2_ws/install/nav2_core:/workstation/nav2_ws/install/nav2_costmap_2d:/workstation/nav2_ws/install/nav2_map_server:/workstation/nav2_ws/install/nav2_lifecycle_manager:/workstation/nav2_ws/install/nav2_util:/workstation/nav2_ws/install/nav2_voxel_grid:/workstation/nav2_ws/install/nav2_msgs:/workstation/nav2_ws/install/nav2_common:/workstation/nav2_ws/install/custom_msgs:/opt/ros/humble LD_LIBRARY_PATH=/workstation/nav2_ws/install/nav2_costmap_2d/lib:/workstation/nav2_ws/install/nav2_map_server/lib:/workstation/nav2_ws/install/nav2_lifecycle_manager/lib:/workstation/nav2_ws/install/nav2_util/lib:/workstation/nav2_ws/install/nav2_voxel_grid/lib:/workstation/nav2_ws/install/nav2_msgs/lib:/workstation/nav2_ws/install/custom_msgs/lib:${LD_LIBRARY_PATH} PYTHONPATH=/workstation/nav2_ws/install/nav2_msgs/local/lib/python3.10/dist-packages:/workstation/nav2_ws/install/nav2_common/local/lib/python3.10/dist-packages:/workstation/nav2_ws/install/custom_msgs/local/lib/python3.10/dist-packages:${PYTHONPATH} /usr/bin/cmake --build /workstation/nav2_ws/build/nav2_mppi_controller -- -j12 -l12
[0.656s] Invoking command in '/workstation/nav2_ws/build/nav2_mppi_controller': AMENT_PREFIX_PATH=/workstation/nav2_ws/install/nav2_core:/workstation/nav2_ws/install/nav2_costmap_2d:/workstation/nav2_ws/install/nav2_map_server:/workstation/nav2_ws/install/nav2_lifecycle_manager:/workstation/nav2_ws/install/nav2_util:/workstation/nav2_ws/install/nav2_voxel_grid:/workstation/nav2_ws/install/nav2_msgs:/workstation/nav2_ws/install/nav2_common:/workstation/nav2_ws/install/custom_msgs:${AMENT_PREFIX_PATH} CMAKE_PREFIX_PATH=/workstation/nav2_ws/install/nav2_core:/workstation/nav2_ws/install/nav2_costmap_2d:/workstation/nav2_ws/install/nav2_map_server:/workstation/nav2_ws/install/nav2_lifecycle_manager:/workstation/nav2_ws/install/nav2_util:/workstation/nav2_ws/install/nav2_voxel_grid:/workstation/nav2_ws/install/nav2_msgs:/workstation/nav2_ws/install/nav2_common:/workstation/nav2_ws/install/custom_msgs:/opt/ros/humble LD_LIBRARY_PATH=/workstation/nav2_ws/install/nav2_costmap_2d/lib:/workstation/nav2_ws/install/nav2_map_server/lib:/workstation/nav2_ws/install/nav2_lifecycle_manager/lib:/workstation/nav2_ws/install/nav2_util/lib:/workstation/nav2_ws/install/nav2_voxel_grid/lib:/workstation/nav2_ws/install/nav2_msgs/lib:/workstation/nav2_ws/install/custom_msgs/lib:${LD_LIBRARY_PATH} PYTHONPATH=/workstation/nav2_ws/install/nav2_msgs/local/lib/python3.10/dist-packages:/workstation/nav2_ws/install/nav2_common/local/lib/python3.10/dist-packages:/workstation/nav2_ws/install/custom_msgs/local/lib/python3.10/dist-packages:${PYTHONPATH} /usr/bin/cmake --install /workstation/nav2_ws/build/nav2_mppi_controller
[0.664s] -- Install configuration: "Release"
[0.665s] -- Up-to-date: /workstation/nav2_ws/install/nav2_mppi_controller/lib/libmppi_controller.so
[0.665s] -- Up-to-date: /workstation/nav2_ws/install/nav2_mppi_controller/lib/libmppi_critics.so
[0.665s] -- Up-to-date: /workstation/nav2_ws/install/nav2_mppi_controller/include/
[0.665s] -- Up-to-date: /workstation/nav2_ws/install/nav2_mppi_controller/include//nav2_mppi_controller
[0.665s] -- Up-to-date: /workstation/nav2_ws/install/nav2_mppi_controller/include//nav2_mppi_controller/critic_data.hpp
[0.665s] -- Up-to-date: /workstation/nav2_ws/install/nav2_mppi_controller/include//nav2_mppi_controller/motion_models.hpp
[0.665s] -- Up-to-date: /workstation/nav2_ws/install/nav2_mppi_controller/include//nav2_mppi_controller/critics
[0.665s] -- Up-to-date: /workstation/nav2_ws/install/nav2_mppi_controller/include//nav2_mppi_controller/critics/path_follow_critic.hpp
[0.666s] -- Up-to-date: /workstation/nav2_ws/install/nav2_mppi_controller/include//nav2_mppi_controller/critics/cost_critic.hpp
[0.666s] -- Up-to-date: /workstation/nav2_ws/install/nav2_mppi_controller/include//nav2_mppi_controller/critics/avoid_slope_critic.hpp
[0.666s] -- Up-to-date: /workstation/nav2_ws/install/nav2_mppi_controller/include//nav2_mppi_controller/critics/constraint_critic.hpp
[0.666s] -- Up-to-date: /workstation/nav2_ws/install/nav2_mppi_controller/include//nav2_mppi_controller/critics/prefer_forward_critic.hpp
[0.666s] -- Up-to-date: /workstation/nav2_ws/install/nav2_mppi_controller/include//nav2_mppi_controller/critics/obstacles_critic.hpp
[0.666s] -- Up-to-date: /workstation/nav2_ws/install/nav2_mppi_controller/include//nav2_mppi_controller/critics/path_angle_critic.hpp
[0.666s] -- Up-to-date: /workstation/nav2_ws/install/nav2_mppi_controller/include//nav2_mppi_controller/critics/velocity_deadband_critic.hpp
[0.666s] -- Up-to-date: /workstation/nav2_ws/install/nav2_mppi_controller/include//nav2_mppi_controller/critics/path_align_legacy_critic.hpp
[0.666s] -- Up-to-date: /workstation/nav2_ws/install/nav2_mppi_controller/include//nav2_mppi_controller/critics/path_align_critic.hpp
[0.666s] -- Up-to-date: /workstation/nav2_ws/install/nav2_mppi_controller/include//nav2_mppi_controller/critics/twirling_critic.hpp
[0.666s] -- Up-to-date: /workstation/nav2_ws/install/nav2_mppi_controller/include//nav2_mppi_controller/critics/goal_angle_critic.hpp
[0.667s] -- Up-to-date: /workstation/nav2_ws/install/nav2_mppi_controller/include//nav2_mppi_controller/critics/goal_critic.hpp
[0.667s] -- Up-to-date: /workstation/nav2_ws/install/nav2_mppi_controller/include//nav2_mppi_controller/critics/avoid_rocks_critic.hpp
[0.667s] -- Up-to-date: /workstation/nav2_ws/install/nav2_mppi_controller/include//nav2_mppi_controller/optimizer.hpp
[0.667s] -- Up-to-date: /workstation/nav2_ws/install/nav2_mppi_controller/include//nav2_mppi_controller/controller.hpp
[0.667s] -- Up-to-date: /workstation/nav2_ws/install/nav2_mppi_controller/include//nav2_mppi_controller/critic_function.hpp
[0.667s] -- Up-to-date: /workstation/nav2_ws/install/nav2_mppi_controller/include//nav2_mppi_controller/test_controller.hpp
[0.667s] -- Up-to-date: /workstation/nav2_ws/install/nav2_mppi_controller/include//nav2_mppi_controller/tools
[0.667s] -- Up-to-date: /workstation/nav2_ws/install/nav2_mppi_controller/include//nav2_mppi_controller/tools/parameters_handler.hpp
[0.667s] -- Up-to-date: /workstation/nav2_ws/install/nav2_mppi_controller/include//nav2_mppi_controller/tools/noise_generator.hpp
[0.667s] -- Up-to-date: /workstation/nav2_ws/install/nav2_mppi_controller/include//nav2_mppi_controller/tools/utils.hpp
[0.667s] -- Up-to-date: /workstation/nav2_ws/install/nav2_mppi_controller/include//nav2_mppi_controller/tools/trajectory_visualizer.hpp
[0.667s] -- Up-to-date: /workstation/nav2_ws/install/nav2_mppi_controller/include//nav2_mppi_controller/tools/path_handler.hpp
[0.667s] -- Up-to-date: /workstation/nav2_ws/install/nav2_mppi_controller/include//nav2_mppi_controller/models
[0.668s] -- Up-to-date: /workstation/nav2_ws/install/nav2_mppi_controller/include//nav2_mppi_controller/models/trajectories.hpp
[0.668s] -- Up-to-date: /workstation/nav2_ws/install/nav2_mppi_controller/include//nav2_mppi_controller/models/constraints.hpp
[0.668s] -- Up-to-date: /workstation/nav2_ws/install/nav2_mppi_controller/include//nav2_mppi_controller/models/control_sequence.hpp
[0.668s] -- Up-to-date: /workstation/nav2_ws/install/nav2_mppi_controller/include//nav2_mppi_controller/models/optimizer_settings.hpp
[0.668s] -- Up-to-date: /workstation/nav2_ws/install/nav2_mppi_controller/include//nav2_mppi_controller/models/state.hpp
[0.668s] -- Up-to-date: /workstation/nav2_ws/install/nav2_mppi_controller/include//nav2_mppi_controller/models/path.hpp
[0.668s] -- Up-to-date: /workstation/nav2_ws/install/nav2_mppi_controller/include//nav2_mppi_controller/critic_manager.hpp
[0.668s] -- Up-to-date: /workstation/nav2_ws/install/nav2_mppi_controller/share/nav2_mppi_controller/environment/library_path.sh
[0.668s] -- Up-to-date: /workstation/nav2_ws/install/nav2_mppi_controller/share/nav2_mppi_controller/environment/library_path.dsv
[0.668s] -- Up-to-date: /workstation/nav2_ws/install/nav2_mppi_controller/share/nav2_mppi_controller/mppic.xml
[0.668s] -- Up-to-date: /workstation/nav2_ws/install/nav2_mppi_controller/share/nav2_mppi_controller/test_mppic.xml
[0.668s] -- Up-to-date: /workstation/nav2_ws/install/nav2_mppi_controller/share/nav2_mppi_controller/critics.xml
[0.668s] -- Up-to-date: /workstation/nav2_ws/install/nav2_mppi_controller/share/ament_index/resource_index/package_run_dependencies/nav2_mppi_controller
[0.668s] -- Up-to-date: /workstation/nav2_ws/install/nav2_mppi_controller/share/ament_index/resource_index/parent_prefix_path/nav2_mppi_controller
[0.669s] -- Up-to-date: /workstation/nav2_ws/install/nav2_mppi_controller/share/nav2_mppi_controller/environment/ament_prefix_path.sh
[0.669s] -- Up-to-date: /workstation/nav2_ws/install/nav2_mppi_controller/share/nav2_mppi_controller/environment/ament_prefix_path.dsv
[0.669s] -- Up-to-date: /workstation/nav2_ws/install/nav2_mppi_controller/share/nav2_mppi_controller/environment/path.sh
[0.669s] -- Up-to-date: /workstation/nav2_ws/install/nav2_mppi_controller/share/nav2_mppi_controller/environment/path.dsv
[0.669s] -- Up-to-date: /workstation/nav2_ws/install/nav2_mppi_controller/share/nav2_mppi_controller/local_setup.bash
[0.669s] -- Up-to-date: /workstation/nav2_ws/install/nav2_mppi_controller/share/nav2_mppi_controller/local_setup.sh
[0.669s] -- Up-to-date: /workstation/nav2_ws/install/nav2_mppi_controller/share/nav2_mppi_controller/local_setup.zsh
[0.669s] -- Up-to-date: /workstation/nav2_ws/install/nav2_mppi_controller/share/nav2_mppi_controller/local_setup.dsv
[0.669s] -- Installing: /workstation/nav2_ws/install/nav2_mppi_controller/share/nav2_mppi_controller/package.dsv
[0.669s] -- Up-to-date: /workstation/nav2_ws/install/nav2_mppi_controller/share/ament_index/resource_index/packages/nav2_mppi_controller
[0.669s] -- Up-to-date: /workstation/nav2_ws/install/nav2_mppi_controller/share/ament_index/resource_index/nav2_core__pluginlib__plugin/nav2_mppi_controller
[0.669s] -- Up-to-date: /workstation/nav2_ws/install/nav2_mppi_controller/share/ament_index/resource_index/nav2_mppi_controller__pluginlib__plugin/nav2_mppi_controller
[0.669s] -- Up-to-date: /workstation/nav2_ws/install/nav2_mppi_controller/share/nav2_mppi_controller/cmake/ament_cmake_export_libraries-extras.cmake
[0.669s] -- Up-to-date: /workstation/nav2_ws/install/nav2_mppi_controller/share/nav2_mppi_controller/cmake/ament_cmake_export_dependencies-extras.cmake
[0.670s] -- Up-to-date: /workstation/nav2_ws/install/nav2_mppi_controller/share/nav2_mppi_controller/cmake/ament_cmake_export_include_directories-extras.cmake
[0.670s] -- Up-to-date: /workstation/nav2_ws/install/nav2_mppi_controller/share/nav2_mppi_controller/cmake/nav2_mppi_controllerConfig.cmake
[0.670s] -- Up-to-date: /workstation/nav2_ws/install/nav2_mppi_controller/share/nav2_mppi_controller/cmake/nav2_mppi_controllerConfig-version.cmake
[0.670s] -- Up-to-date: /workstation/nav2_ws/install/nav2_mppi_controller/share/nav2_mppi_controller/package.xml
[0.711s] Invoked command in '/workstation/nav2_ws/build/nav2_mppi_controller' returned '0': AMENT_PREFIX_PATH=/workstation/nav2_ws/install/nav2_core:/workstation/nav2_ws/install/nav2_costmap_2d:/workstation/nav2_ws/install/nav2_map_server:/workstation/nav2_ws/install/nav2_lifecycle_manager:/workstation/nav2_ws/install/nav2_util:/workstation/nav2_ws/install/nav2_voxel_grid:/workstation/nav2_ws/install/nav2_msgs:/workstation/nav2_ws/install/nav2_common:/workstation/nav2_ws/install/custom_msgs:${AMENT_PREFIX_PATH} CMAKE_PREFIX_PATH=/workstation/nav2_ws/install/nav2_core:/workstation/nav2_ws/install/nav2_costmap_2d:/workstation/nav2_ws/install/nav2_map_server:/workstation/nav2_ws/install/nav2_lifecycle_manager:/workstation/nav2_ws/install/nav2_util:/workstation/nav2_ws/install/nav2_voxel_grid:/workstation/nav2_ws/install/nav2_msgs:/workstation/nav2_ws/install/nav2_common:/workstation/nav2_ws/install/custom_msgs:/opt/ros/humble LD_LIBRARY_PATH=/workstation/nav2_ws/install/nav2_costmap_2d/lib:/workstation/nav2_ws/install/nav2_map_server/lib:/workstation/nav2_ws/install/nav2_lifecycle_manager/lib:/workstation/nav2_ws/install/nav2_util/lib:/workstation/nav2_ws/install/nav2_voxel_grid/lib:/workstation/nav2_ws/install/nav2_msgs/lib:/workstation/nav2_ws/install/custom_msgs/lib:${LD_LIBRARY_PATH} PYTHONPATH=/workstation/nav2_ws/install/nav2_msgs/local/lib/python3.10/dist-packages:/workstation/nav2_ws/install/nav2_common/local/lib/python3.10/dist-packages:/workstation/nav2_ws/install/custom_msgs/local/lib/python3.10/dist-packages:${PYTHONPATH} /usr/bin/cmake --install /workstation/nav2_ws/build/nav2_mppi_controller
