[0.020s] Invoking command in '/workstation/nav2_ws/build/nav2_costmap_2d': AMENT_PREFIX_PATH=/workstation/nav2_ws/install/nav2_map_server:/workstation/nav2_ws/install/nav2_lifecycle_manager:/workstation/nav2_ws/install/nav2_util:/workstation/nav2_ws/install/nav2_voxel_grid:/workstation/nav2_ws/install/nav2_msgs:/workstation/nav2_ws/install/nav2_common:${AMENT_PREFIX_PATH} CMAKE_PREFIX_PATH=/workstation/nav2_ws/install/nav2_map_server:/workstation/nav2_ws/install/nav2_lifecycle_manager:/workstation/nav2_ws/install/nav2_util:/workstation/nav2_ws/install/nav2_voxel_grid:/workstation/nav2_ws/install/nav2_msgs:/workstation/nav2_ws/install/nav2_common:/opt/ros/humble LD_LIBRARY_PATH=/workstation/nav2_ws/install/nav2_map_server/lib:/workstation/nav2_ws/install/nav2_lifecycle_manager/lib:/workstation/nav2_ws/install/nav2_util/lib:/workstation/nav2_ws/install/nav2_voxel_grid/lib:/workstation/nav2_ws/install/nav2_msgs/lib:${LD_LIBRARY_PATH} PYTHONPATH=/workstation/nav2_ws/install/nav2_msgs/local/lib/python3.10/dist-packages:/workstation/nav2_ws/install/nav2_common/local/lib/python3.10/dist-packages:${PYTHONPATH} /usr/bin/cmake --build /workstation/nav2_ws/build/nav2_costmap_2d -- -j12 -l12
[0.060s] [35m[1mConsolidate compiler generated dependencies of target gtest_main[0m
[0.060s] [35m[1mConsolidate compiler generated dependencies of target gtest[0m
[0.068s] [35m[1mConsolidate compiler generated dependencies of target nav2_costmap_2d_core[0m
[0.072s] [  4%] Built target gtest
[0.072s] [  4%] Built target gtest_main
[0.107s] [ 21%] Built target nav2_costmap_2d_core
[0.125s] [35m[1mConsolidate compiler generated dependencies of target collision_footprint_test[0m
[0.125s] [35m[1mConsolidate compiler generated dependencies of target array_parser_test[0m
[0.125s] [35m[1mConsolidate compiler generated dependencies of target nav2_costmap_2d_markers[0m
[0.125s] [35m[1mConsolidate compiler generated dependencies of target declare_parameter_test[0m
[0.126s] [35m[1mConsolidate compiler generated dependencies of target nav2_costmap_2d_client[0m
[0.126s] [35m[1mConsolidate compiler generated dependencies of target filters[0m
[0.127s] [35m[1mConsolidate compiler generated dependencies of target nav2_costmap_2d_cloud[0m
[0.127s] [35m[1mConsolidate compiler generated dependencies of target costmap_convesion_test[0m
[0.128s] [35m[1mConsolidate compiler generated dependencies of target copy_window_test[0m
[0.130s] [35m[1mConsolidate compiler generated dependencies of target costmap_filter_service_test[0m
[0.134s] [35m[1mConsolidate compiler generated dependencies of target costmap_filter_test[0m
[0.139s] [35m[1mConsolidate compiler generated dependencies of target layers[0m
[0.154s] [ 24%] Built target array_parser_test
[0.155s] [ 26%] Built target declare_parameter_test
[0.163s] [ 29%] Built target copy_window_test
[0.164s] [ 31%] Built target nav2_costmap_2d_markers
[0.165s] [ 34%] Built target collision_footprint_test
[0.165s] [ 36%] Built target costmap_convesion_test
[0.165s] [ 39%] Built target nav2_costmap_2d_cloud
[0.165s] [ 41%] Built target costmap_filter_service_test
[0.167s] [ 46%] Built target nav2_costmap_2d_client
[0.168s] [ 51%] Built target filters
[0.176s] [ 53%] Built target costmap_filter_test
[0.176s] [35m[1mConsolidate compiler generated dependencies of target costmap_bresenham_2d[0m
[0.176s] [35m[1mConsolidate compiler generated dependencies of target dyn_params_tests[0m
[0.176s] [35m[1mConsolidate compiler generated dependencies of target order_layer[0m
[0.177s] [35m[1mConsolidate compiler generated dependencies of target plugin_api_order[0m
[0.182s] [35m[1mConsolidate compiler generated dependencies of target binary_filter_test[0m
[0.183s] [35m[1mConsolidate compiler generated dependencies of target keepout_filter_test[0m
[0.183s] [35m[1mConsolidate compiler generated dependencies of target speed_filter_test[0m
[0.192s] [ 56%] Built target costmap_bresenham_2d
[0.198s] [ 65%] Built target layers
[0.201s] [ 68%] Built target order_layer
[0.202s] [ 70%] Built target dyn_params_tests
[0.206s] [ 73%] Built target plugin_api_order
[0.211s] [ 75%] Built target speed_filter_test
[0.211s] [ 78%] Built target keepout_filter_test
[0.213s] [ 80%] Built target binary_filter_test
[0.213s] [35m[1mConsolidate compiler generated dependencies of target footprint_tests_exec[0m
[0.214s] [35m[1mConsolidate compiler generated dependencies of target nav2_costmap_2d[0m
[0.214s] [35m[1mConsolidate compiler generated dependencies of target denoise_layer_test[0m
[0.215s] [35m[1mConsolidate compiler generated dependencies of target obstacle_tests_exec[0m
[0.216s] [35m[1mConsolidate compiler generated dependencies of target inflation_tests_exec[0m
[0.217s] [35m[1mConsolidate compiler generated dependencies of target test_collision_checker_exec[0m
[0.221s] [35m[1mConsolidate compiler generated dependencies of target range_tests_exec[0m
[0.238s] [ 82%] Built target footprint_tests_exec
[0.241s] [ 87%] Built target denoise_layer_test
[0.241s] [ 90%] Built target nav2_costmap_2d
[0.245s] [ 92%] Built target test_collision_checker_exec
[0.247s] [ 95%] Built target inflation_tests_exec
[0.248s] [ 97%] Built target range_tests_exec
[0.249s] [100%] Built target obstacle_tests_exec
[0.259s] Invoked command in '/workstation/nav2_ws/build/nav2_costmap_2d' returned '0': AMENT_PREFIX_PATH=/workstation/nav2_ws/install/nav2_map_server:/workstation/nav2_ws/install/nav2_lifecycle_manager:/workstation/nav2_ws/install/nav2_util:/workstation/nav2_ws/install/nav2_voxel_grid:/workstation/nav2_ws/install/nav2_msgs:/workstation/nav2_ws/install/nav2_common:${AMENT_PREFIX_PATH} CMAKE_PREFIX_PATH=/workstation/nav2_ws/install/nav2_map_server:/workstation/nav2_ws/install/nav2_lifecycle_manager:/workstation/nav2_ws/install/nav2_util:/workstation/nav2_ws/install/nav2_voxel_grid:/workstation/nav2_ws/install/nav2_msgs:/workstation/nav2_ws/install/nav2_common:/opt/ros/humble LD_LIBRARY_PATH=/workstation/nav2_ws/install/nav2_map_server/lib:/workstation/nav2_ws/install/nav2_lifecycle_manager/lib:/workstation/nav2_ws/install/nav2_util/lib:/workstation/nav2_ws/install/nav2_voxel_grid/lib:/workstation/nav2_ws/install/nav2_msgs/lib:${LD_LIBRARY_PATH} PYTHONPATH=/workstation/nav2_ws/install/nav2_msgs/local/lib/python3.10/dist-packages:/workstation/nav2_ws/install/nav2_common/local/lib/python3.10/dist-packages:${PYTHONPATH} /usr/bin/cmake --build /workstation/nav2_ws/build/nav2_costmap_2d -- -j12 -l12
[0.339s] Invoking command in '/workstation/nav2_ws/build/nav2_costmap_2d': AMENT_PREFIX_PATH=/workstation/nav2_ws/install/nav2_map_server:/workstation/nav2_ws/install/nav2_lifecycle_manager:/workstation/nav2_ws/install/nav2_util:/workstation/nav2_ws/install/nav2_voxel_grid:/workstation/nav2_ws/install/nav2_msgs:/workstation/nav2_ws/install/nav2_common:${AMENT_PREFIX_PATH} CMAKE_PREFIX_PATH=/workstation/nav2_ws/install/nav2_map_server:/workstation/nav2_ws/install/nav2_lifecycle_manager:/workstation/nav2_ws/install/nav2_util:/workstation/nav2_ws/install/nav2_voxel_grid:/workstation/nav2_ws/install/nav2_msgs:/workstation/nav2_ws/install/nav2_common:/opt/ros/humble LD_LIBRARY_PATH=/workstation/nav2_ws/install/nav2_map_server/lib:/workstation/nav2_ws/install/nav2_lifecycle_manager/lib:/workstation/nav2_ws/install/nav2_util/lib:/workstation/nav2_ws/install/nav2_voxel_grid/lib:/workstation/nav2_ws/install/nav2_msgs/lib:${LD_LIBRARY_PATH} PYTHONPATH=/workstation/nav2_ws/install/nav2_msgs/local/lib/python3.10/dist-packages:/workstation/nav2_ws/install/nav2_common/local/lib/python3.10/dist-packages:${PYTHONPATH} /usr/bin/cmake --install /workstation/nav2_ws/build/nav2_costmap_2d
[0.345s] -- Install configuration: "Release"
[0.346s] -- Up-to-date: /workstation/nav2_ws/install/nav2_costmap_2d/lib/liblayers.so
[0.346s] -- Up-to-date: /workstation/nav2_ws/install/nav2_costmap_2d/lib/libfilters.so
[0.346s] -- Up-to-date: /workstation/nav2_ws/install/nav2_costmap_2d/lib/libnav2_costmap_2d_core.so
[0.346s] -- Up-to-date: /workstation/nav2_ws/install/nav2_costmap_2d/lib/libnav2_costmap_2d_client.so
[0.347s] -- Up-to-date: /workstation/nav2_ws/install/nav2_costmap_2d/lib/nav2_costmap_2d/nav2_costmap_2d_markers
[0.347s] -- Up-to-date: /workstation/nav2_ws/install/nav2_costmap_2d/lib/nav2_costmap_2d/nav2_costmap_2d_cloud
[0.347s] -- Up-to-date: /workstation/nav2_ws/install/nav2_costmap_2d/lib/nav2_costmap_2d/nav2_costmap_2d
[0.347s] -- Up-to-date: /workstation/nav2_ws/install/nav2_costmap_2d/share/nav2_costmap_2d/costmap_plugins.xml
[0.347s] -- Up-to-date: /workstation/nav2_ws/install/nav2_costmap_2d/include/nav2_costmap_2d
[0.347s] -- Up-to-date: /workstation/nav2_ws/install/nav2_costmap_2d/include/nav2_costmap_2d/nav2_costmap_2d
[0.347s] -- Up-to-date: /workstation/nav2_ws/install/nav2_costmap_2d/include/nav2_costmap_2d/nav2_costmap_2d/costmap_2d.hpp
[0.348s] -- Up-to-date: /workstation/nav2_ws/install/nav2_costmap_2d/include/nav2_costmap_2d/nav2_costmap_2d/static_layer.hpp
[0.348s] -- Up-to-date: /workstation/nav2_ws/install/nav2_costmap_2d/include/nav2_costmap_2d/nav2_costmap_2d/clear_costmap_service.hpp
[0.348s] -- Up-to-date: /workstation/nav2_ws/install/nav2_costmap_2d/include/nav2_costmap_2d/nav2_costmap_2d/footprint_collision_checker.hpp
[0.348s] -- Up-to-date: /workstation/nav2_ws/install/nav2_costmap_2d/include/nav2_costmap_2d/nav2_costmap_2d/range_sensor_layer.hpp
[0.348s] -- Up-to-date: /workstation/nav2_ws/install/nav2_costmap_2d/include/nav2_costmap_2d/nav2_costmap_2d/costmap_2d_publisher.hpp
[0.348s] -- Up-to-date: /workstation/nav2_ws/install/nav2_costmap_2d/include/nav2_costmap_2d/nav2_costmap_2d/obstacle_layer.hpp
[0.348s] -- Up-to-date: /workstation/nav2_ws/install/nav2_costmap_2d/include/nav2_costmap_2d/nav2_costmap_2d/cost_values.hpp
[0.348s] -- Up-to-date: /workstation/nav2_ws/install/nav2_costmap_2d/include/nav2_costmap_2d/nav2_costmap_2d/denoise
[0.348s] -- Up-to-date: /workstation/nav2_ws/install/nav2_costmap_2d/include/nav2_costmap_2d/nav2_costmap_2d/denoise/image.hpp
[0.348s] -- Up-to-date: /workstation/nav2_ws/install/nav2_costmap_2d/include/nav2_costmap_2d/nav2_costmap_2d/denoise/image_processing.hpp
[0.348s] -- Up-to-date: /workstation/nav2_ws/install/nav2_costmap_2d/include/nav2_costmap_2d/nav2_costmap_2d/footprint_subscriber.hpp
[0.348s] -- Up-to-date: /workstation/nav2_ws/install/nav2_costmap_2d/include/nav2_costmap_2d/nav2_costmap_2d/layer.hpp
[0.348s] -- Up-to-date: /workstation/nav2_ws/install/nav2_costmap_2d/include/nav2_costmap_2d/nav2_costmap_2d/footprint.hpp
[0.349s] -- Up-to-date: /workstation/nav2_ws/install/nav2_costmap_2d/include/nav2_costmap_2d/nav2_costmap_2d/costmap_layer.hpp
[0.349s] -- Up-to-date: /workstation/nav2_ws/install/nav2_costmap_2d/include/nav2_costmap_2d/nav2_costmap_2d/inflation_layer.hpp
[0.349s] -- Up-to-date: /workstation/nav2_ws/install/nav2_costmap_2d/include/nav2_costmap_2d/nav2_costmap_2d/layered_costmap.hpp
[0.349s] -- Up-to-date: /workstation/nav2_ws/install/nav2_costmap_2d/include/nav2_costmap_2d/nav2_costmap_2d/observation.hpp
[0.349s] -- Up-to-date: /workstation/nav2_ws/install/nav2_costmap_2d/include/nav2_costmap_2d/nav2_costmap_2d/array_parser.hpp
[0.349s] -- Up-to-date: /workstation/nav2_ws/install/nav2_costmap_2d/include/nav2_costmap_2d/nav2_costmap_2d/denoise_layer.hpp
[0.349s] -- Up-to-date: /workstation/nav2_ws/install/nav2_costmap_2d/include/nav2_costmap_2d/nav2_costmap_2d/costmap_math.hpp
[0.349s] -- Up-to-date: /workstation/nav2_ws/install/nav2_costmap_2d/include/nav2_costmap_2d/nav2_costmap_2d/costmap_subscriber.hpp
[0.349s] -- Up-to-date: /workstation/nav2_ws/install/nav2_costmap_2d/include/nav2_costmap_2d/nav2_costmap_2d/costmap_filters
[0.349s] -- Up-to-date: /workstation/nav2_ws/install/nav2_costmap_2d/include/nav2_costmap_2d/nav2_costmap_2d/costmap_filters/binary_filter.hpp
[0.349s] -- Up-to-date: /workstation/nav2_ws/install/nav2_costmap_2d/include/nav2_costmap_2d/nav2_costmap_2d/costmap_filters/speed_filter.hpp
[0.349s] -- Up-to-date: /workstation/nav2_ws/install/nav2_costmap_2d/include/nav2_costmap_2d/nav2_costmap_2d/costmap_filters/keepout_filter.hpp
[0.349s] -- Up-to-date: /workstation/nav2_ws/install/nav2_costmap_2d/include/nav2_costmap_2d/nav2_costmap_2d/costmap_filters/filter_values.hpp
[0.350s] -- Up-to-date: /workstation/nav2_ws/install/nav2_costmap_2d/include/nav2_costmap_2d/nav2_costmap_2d/costmap_filters/costmap_filter.hpp
[0.350s] -- Up-to-date: /workstation/nav2_ws/install/nav2_costmap_2d/include/nav2_costmap_2d/nav2_costmap_2d/voxel_layer.hpp
[0.350s] -- Up-to-date: /workstation/nav2_ws/install/nav2_costmap_2d/include/nav2_costmap_2d/nav2_costmap_2d/observation_buffer.hpp
[0.350s] -- Up-to-date: /workstation/nav2_ws/install/nav2_costmap_2d/include/nav2_costmap_2d/nav2_costmap_2d/costmap_2d_ros.hpp
[0.350s] -- Up-to-date: /workstation/nav2_ws/install/nav2_costmap_2d/include/nav2_costmap_2d/nav2_costmap_2d/costmap_topic_collision_checker.hpp
[0.350s] -- Up-to-date: /workstation/nav2_ws/install/nav2_costmap_2d/include/nav2_costmap_2d/nav2_costmap_2d/exceptions.hpp
[0.350s] -- Up-to-date: /workstation/nav2_ws/install/nav2_costmap_2d/share/nav2_costmap_2d/test/regression/order_layer.xml
[0.350s] -- Up-to-date: /workstation/nav2_ws/install/nav2_costmap_2d/share/nav2_costmap_2d/environment/library_path.sh
[0.350s] -- Up-to-date: /workstation/nav2_ws/install/nav2_costmap_2d/share/nav2_costmap_2d/environment/library_path.dsv
[0.350s] -- Up-to-date: /workstation/nav2_ws/install/nav2_costmap_2d/share/nav2_costmap_2d/costmap_plugins.xml
[0.350s] -- Up-to-date: /workstation/nav2_ws/install/nav2_costmap_2d/share/ament_index/resource_index/package_run_dependencies/nav2_costmap_2d
[0.350s] -- Up-to-date: /workstation/nav2_ws/install/nav2_costmap_2d/share/ament_index/resource_index/parent_prefix_path/nav2_costmap_2d
[0.350s] -- Up-to-date: /workstation/nav2_ws/install/nav2_costmap_2d/share/nav2_costmap_2d/environment/ament_prefix_path.sh
[0.351s] -- Up-to-date: /workstation/nav2_ws/install/nav2_costmap_2d/share/nav2_costmap_2d/environment/ament_prefix_path.dsv
[0.351s] -- Up-to-date: /workstation/nav2_ws/install/nav2_costmap_2d/share/nav2_costmap_2d/environment/path.sh
[0.351s] -- Up-to-date: /workstation/nav2_ws/install/nav2_costmap_2d/share/nav2_costmap_2d/environment/path.dsv
[0.351s] -- Up-to-date: /workstation/nav2_ws/install/nav2_costmap_2d/share/nav2_costmap_2d/local_setup.bash
[0.351s] -- Up-to-date: /workstation/nav2_ws/install/nav2_costmap_2d/share/nav2_costmap_2d/local_setup.sh
[0.351s] -- Up-to-date: /workstation/nav2_ws/install/nav2_costmap_2d/share/nav2_costmap_2d/local_setup.zsh
[0.351s] -- Up-to-date: /workstation/nav2_ws/install/nav2_costmap_2d/share/nav2_costmap_2d/local_setup.dsv
[0.351s] -- Installing: /workstation/nav2_ws/install/nav2_costmap_2d/share/nav2_costmap_2d/package.dsv
[0.351s] -- Up-to-date: /workstation/nav2_ws/install/nav2_costmap_2d/share/ament_index/resource_index/packages/nav2_costmap_2d
[0.351s] -- Up-to-date: /workstation/nav2_ws/install/nav2_costmap_2d/share/ament_index/resource_index/nav2_costmap_2d__pluginlib__plugin/nav2_costmap_2d
[0.351s] -- Up-to-date: /workstation/nav2_ws/install/nav2_costmap_2d/share/nav2_costmap_2d/cmake/export_nav2_costmap_2dExport.cmake
[0.351s] -- Up-to-date: /workstation/nav2_ws/install/nav2_costmap_2d/share/nav2_costmap_2d/cmake/export_nav2_costmap_2dExport-release.cmake
[0.351s] -- Up-to-date: /workstation/nav2_ws/install/nav2_costmap_2d/share/nav2_costmap_2d/cmake/ament_cmake_export_targets-extras.cmake
[0.351s] -- Up-to-date: /workstation/nav2_ws/install/nav2_costmap_2d/share/nav2_costmap_2d/cmake/ament_cmake_export_dependencies-extras.cmake
[0.351s] -- Up-to-date: /workstation/nav2_ws/install/nav2_costmap_2d/share/nav2_costmap_2d/cmake/nav2_costmap_2dConfig.cmake
[0.351s] -- Up-to-date: /workstation/nav2_ws/install/nav2_costmap_2d/share/nav2_costmap_2d/cmake/nav2_costmap_2dConfig-version.cmake
[0.352s] -- Up-to-date: /workstation/nav2_ws/install/nav2_costmap_2d/share/nav2_costmap_2d/package.xml
[0.352s] -- Up-to-date: /workstation/nav2_ws/install/nav2_costmap_2d/lib/liborder_layer.so
[0.353s] Invoked command in '/workstation/nav2_ws/build/nav2_costmap_2d' returned '0': AMENT_PREFIX_PATH=/workstation/nav2_ws/install/nav2_map_server:/workstation/nav2_ws/install/nav2_lifecycle_manager:/workstation/nav2_ws/install/nav2_util:/workstation/nav2_ws/install/nav2_voxel_grid:/workstation/nav2_ws/install/nav2_msgs:/workstation/nav2_ws/install/nav2_common:${AMENT_PREFIX_PATH} CMAKE_PREFIX_PATH=/workstation/nav2_ws/install/nav2_map_server:/workstation/nav2_ws/install/nav2_lifecycle_manager:/workstation/nav2_ws/install/nav2_util:/workstation/nav2_ws/install/nav2_voxel_grid:/workstation/nav2_ws/install/nav2_msgs:/workstation/nav2_ws/install/nav2_common:/opt/ros/humble LD_LIBRARY_PATH=/workstation/nav2_ws/install/nav2_map_server/lib:/workstation/nav2_ws/install/nav2_lifecycle_manager/lib:/workstation/nav2_ws/install/nav2_util/lib:/workstation/nav2_ws/install/nav2_voxel_grid/lib:/workstation/nav2_ws/install/nav2_msgs/lib:${LD_LIBRARY_PATH} PYTHONPATH=/workstation/nav2_ws/install/nav2_msgs/local/lib/python3.10/dist-packages:/workstation/nav2_ws/install/nav2_common/local/lib/python3.10/dist-packages:${PYTHONPATH} /usr/bin/cmake --install /workstation/nav2_ws/build/nav2_costmap_2d
