[0.014s] Invoking command in '/workstation/nav2_ws/build/custom_msgs': CMAKE_PREFIX_PATH=/opt/ros/humble /usr/bin/cmake --build /workstation/nav2_ws/build/custom_msgs -- -j12 -l12
[0.075s] [  2%] Built target custom_msgs__cpp
[0.075s] [ 12%] Built target custom_msgs__rosidl_generator_c
[0.093s] [ 12%] Built target ament_cmake_python_copy_custom_msgs
[0.120s] [ 23%] Built target custom_msgs__rosidl_typesupport_c
[0.125s] [ 33%] Built target custom_msgs__rosidl_typesupport_introspection_cpp
[0.125s] [ 43%] Built target custom_msgs__rosidl_typesupport_introspection_c
[0.130s] [ 53%] Built target custom_msgs__rosidl_typesupport_fastrtps_cpp
[0.137s] [ 64%] Built target custom_msgs__rosidl_typesupport_cpp
[0.141s] [ 74%] Built target custom_msgs__rosidl_typesupport_fastrtps_c
[0.166s] [ 74%] Built target custom_msgs
[0.191s] [ 76%] Built target custom_msgs__py
[0.216s] [ 84%] Built target custom_msgs__rosidl_generator_py
[0.250s] [ 94%] Built target custom_msgs__rosidl_typesupport_c__pyext
[0.251s] [ 94%] Built target custom_msgs__rosidl_typesupport_introspection_c__pyext
[0.251s] [100%] Built target custom_msgs__rosidl_typesupport_fastrtps_c__pyext
[0.381s] running egg_info
[0.382s] writing custom_msgs.egg-info/PKG-INFO
[0.383s] writing dependency_links to custom_msgs.egg-info/dependency_links.txt
[0.383s] writing top-level names to custom_msgs.egg-info/top_level.txt
[0.385s] reading manifest file 'custom_msgs.egg-info/SOURCES.txt'
[0.386s] writing manifest file 'custom_msgs.egg-info/SOURCES.txt'
[0.424s] [100%] Built target ament_cmake_python_build_custom_msgs_egg
[0.439s] Invoked command in '/workstation/nav2_ws/build/custom_msgs' returned '0': CMAKE_PREFIX_PATH=/opt/ros/humble /usr/bin/cmake --build /workstation/nav2_ws/build/custom_msgs -- -j12 -l12
[0.508s] Invoking command in '/workstation/nav2_ws/build/custom_msgs': CMAKE_PREFIX_PATH=/opt/ros/humble /usr/bin/cmake --install /workstation/nav2_ws/build/custom_msgs
[0.515s] -- Install configuration: ""
[0.515s] -- Up-to-date: /workstation/nav2_ws/install/custom_msgs/share/ament_index/resource_index/rosidl_interfaces/custom_msgs
[0.516s] -- Up-to-date: /workstation/nav2_ws/install/custom_msgs/include/custom_msgs/custom_msgs
[0.516s] -- Up-to-date: /workstation/nav2_ws/install/custom_msgs/include/custom_msgs/custom_msgs/msg
[0.516s] -- Up-to-date: /workstation/nav2_ws/install/custom_msgs/include/custom_msgs/custom_msgs/msg/detail
[0.516s] -- Up-to-date: /workstation/nav2_ws/install/custom_msgs/include/custom_msgs/custom_msgs/msg/detail/obstacle_data__struct.h
[0.516s] -- Up-to-date: /workstation/nav2_ws/install/custom_msgs/include/custom_msgs/custom_msgs/msg/detail/obstacles__struct.h
[0.516s] -- Up-to-date: /workstation/nav2_ws/install/custom_msgs/include/custom_msgs/custom_msgs/msg/detail/obstacles__type_support.h
[0.516s] -- Up-to-date: /workstation/nav2_ws/install/custom_msgs/include/custom_msgs/custom_msgs/msg/detail/obstacles__functions.c
[0.517s] -- Up-to-date: /workstation/nav2_ws/install/custom_msgs/include/custom_msgs/custom_msgs/msg/detail/obstacle_data__functions.c
[0.517s] -- Up-to-date: /workstation/nav2_ws/install/custom_msgs/include/custom_msgs/custom_msgs/msg/detail/obstacle_data__type_support.h
[0.517s] -- Up-to-date: /workstation/nav2_ws/install/custom_msgs/include/custom_msgs/custom_msgs/msg/detail/obstacle_data__functions.h
[0.517s] -- Up-to-date: /workstation/nav2_ws/install/custom_msgs/include/custom_msgs/custom_msgs/msg/detail/obstacles__functions.h
[0.517s] -- Up-to-date: /workstation/nav2_ws/install/custom_msgs/include/custom_msgs/custom_msgs/msg/obstacles.h
[0.517s] -- Up-to-date: /workstation/nav2_ws/install/custom_msgs/include/custom_msgs/custom_msgs/msg/rosidl_generator_c__visibility_control.h
[0.517s] -- Up-to-date: /workstation/nav2_ws/install/custom_msgs/include/custom_msgs/custom_msgs/msg/obstacle_data.h
[0.517s] -- Up-to-date: /workstation/nav2_ws/install/custom_msgs/share/custom_msgs/environment/library_path.sh
[0.517s] -- Up-to-date: /workstation/nav2_ws/install/custom_msgs/share/custom_msgs/environment/library_path.dsv
[0.517s] -- Up-to-date: /workstation/nav2_ws/install/custom_msgs/lib/libcustom_msgs__rosidl_generator_c.so
[0.517s] -- Up-to-date: /workstation/nav2_ws/install/custom_msgs/include/custom_msgs/custom_msgs
[0.518s] -- Up-to-date: /workstation/nav2_ws/install/custom_msgs/include/custom_msgs/custom_msgs/msg
[0.518s] -- Up-to-date: /workstation/nav2_ws/install/custom_msgs/include/custom_msgs/custom_msgs/msg/detail
[0.518s] -- Up-to-date: /workstation/nav2_ws/install/custom_msgs/include/custom_msgs/custom_msgs/msg/detail/obstacles__rosidl_typesupport_fastrtps_c.h
[0.518s] -- Up-to-date: /workstation/nav2_ws/install/custom_msgs/include/custom_msgs/custom_msgs/msg/detail/obstacle_data__rosidl_typesupport_fastrtps_c.h
[0.518s] -- Up-to-date: /workstation/nav2_ws/install/custom_msgs/include/custom_msgs/custom_msgs/msg/rosidl_typesupport_fastrtps_c__visibility_control.h
[0.518s] -- Up-to-date: /workstation/nav2_ws/install/custom_msgs/lib/libcustom_msgs__rosidl_typesupport_fastrtps_c.so
[0.518s] -- Up-to-date: /workstation/nav2_ws/install/custom_msgs/include/custom_msgs/custom_msgs
[0.518s] -- Up-to-date: /workstation/nav2_ws/install/custom_msgs/include/custom_msgs/custom_msgs/msg
[0.518s] -- Up-to-date: /workstation/nav2_ws/install/custom_msgs/include/custom_msgs/custom_msgs/msg/detail
[0.518s] -- Up-to-date: /workstation/nav2_ws/install/custom_msgs/include/custom_msgs/custom_msgs/msg/detail/obstacle_data__traits.hpp
[0.518s] -- Up-to-date: /workstation/nav2_ws/install/custom_msgs/include/custom_msgs/custom_msgs/msg/detail/obstacles__builder.hpp
[0.518s] -- Up-to-date: /workstation/nav2_ws/install/custom_msgs/include/custom_msgs/custom_msgs/msg/detail/obstacle_data__builder.hpp
[0.518s] -- Up-to-date: /workstation/nav2_ws/install/custom_msgs/include/custom_msgs/custom_msgs/msg/detail/obstacle_data__struct.hpp
[0.519s] -- Up-to-date: /workstation/nav2_ws/install/custom_msgs/include/custom_msgs/custom_msgs/msg/detail/obstacles__struct.hpp
[0.519s] -- Up-to-date: /workstation/nav2_ws/install/custom_msgs/include/custom_msgs/custom_msgs/msg/detail/obstacles__traits.hpp
[0.519s] -- Up-to-date: /workstation/nav2_ws/install/custom_msgs/include/custom_msgs/custom_msgs/msg/obstacles.hpp
[0.519s] -- Up-to-date: /workstation/nav2_ws/install/custom_msgs/include/custom_msgs/custom_msgs/msg/obstacle_data.hpp
[0.519s] -- Up-to-date: /workstation/nav2_ws/install/custom_msgs/include/custom_msgs/custom_msgs
[0.519s] -- Up-to-date: /workstation/nav2_ws/install/custom_msgs/include/custom_msgs/custom_msgs/msg
[0.519s] -- Up-to-date: /workstation/nav2_ws/install/custom_msgs/include/custom_msgs/custom_msgs/msg/detail
[0.519s] -- Up-to-date: /workstation/nav2_ws/install/custom_msgs/include/custom_msgs/custom_msgs/msg/detail/obstacle_data__rosidl_typesupport_fastrtps_cpp.hpp
[0.519s] -- Up-to-date: /workstation/nav2_ws/install/custom_msgs/include/custom_msgs/custom_msgs/msg/detail/obstacles__rosidl_typesupport_fastrtps_cpp.hpp
[0.520s] -- Up-to-date: /workstation/nav2_ws/install/custom_msgs/include/custom_msgs/custom_msgs/msg/detail/dds_fastrtps
[0.520s] -- Up-to-date: /workstation/nav2_ws/install/custom_msgs/include/custom_msgs/custom_msgs/msg/rosidl_typesupport_fastrtps_cpp__visibility_control.h
[0.520s] -- Up-to-date: /workstation/nav2_ws/install/custom_msgs/lib/libcustom_msgs__rosidl_typesupport_fastrtps_cpp.so
[0.520s] -- Up-to-date: /workstation/nav2_ws/install/custom_msgs/include/custom_msgs/custom_msgs
[0.520s] -- Up-to-date: /workstation/nav2_ws/install/custom_msgs/include/custom_msgs/custom_msgs/msg
[0.520s] -- Up-to-date: /workstation/nav2_ws/install/custom_msgs/include/custom_msgs/custom_msgs/msg/detail
[0.520s] -- Up-to-date: /workstation/nav2_ws/install/custom_msgs/include/custom_msgs/custom_msgs/msg/detail/obstacles__type_support.c
[0.520s] -- Up-to-date: /workstation/nav2_ws/install/custom_msgs/include/custom_msgs/custom_msgs/msg/detail/obstacle_data__type_support.c
[0.520s] -- Up-to-date: /workstation/nav2_ws/install/custom_msgs/include/custom_msgs/custom_msgs/msg/detail/obstacle_data__rosidl_typesupport_introspection_c.h
[0.520s] -- Up-to-date: /workstation/nav2_ws/install/custom_msgs/include/custom_msgs/custom_msgs/msg/detail/obstacles__rosidl_typesupport_introspection_c.h
[0.521s] -- Up-to-date: /workstation/nav2_ws/install/custom_msgs/include/custom_msgs/custom_msgs/msg/rosidl_typesupport_introspection_c__visibility_control.h
[0.521s] -- Up-to-date: /workstation/nav2_ws/install/custom_msgs/lib/libcustom_msgs__rosidl_typesupport_introspection_c.so
[0.521s] -- Up-to-date: /workstation/nav2_ws/install/custom_msgs/lib/libcustom_msgs__rosidl_typesupport_c.so
[0.521s] -- Up-to-date: /workstation/nav2_ws/install/custom_msgs/include/custom_msgs/custom_msgs
[0.521s] -- Up-to-date: /workstation/nav2_ws/install/custom_msgs/include/custom_msgs/custom_msgs/msg
[0.521s] -- Up-to-date: /workstation/nav2_ws/install/custom_msgs/include/custom_msgs/custom_msgs/msg/detail
[0.521s] -- Up-to-date: /workstation/nav2_ws/install/custom_msgs/include/custom_msgs/custom_msgs/msg/detail/obstacles__type_support.cpp
[0.521s] -- Up-to-date: /workstation/nav2_ws/install/custom_msgs/include/custom_msgs/custom_msgs/msg/detail/obstacle_data__rosidl_typesupport_introspection_cpp.hpp
[0.521s] -- Up-to-date: /workstation/nav2_ws/install/custom_msgs/include/custom_msgs/custom_msgs/msg/detail/obstacles__rosidl_typesupport_introspection_cpp.hpp
[0.521s] -- Up-to-date: /workstation/nav2_ws/install/custom_msgs/include/custom_msgs/custom_msgs/msg/detail/obstacle_data__type_support.cpp
[0.522s] -- Up-to-date: /workstation/nav2_ws/install/custom_msgs/lib/libcustom_msgs__rosidl_typesupport_introspection_cpp.so
[0.522s] -- Up-to-date: /workstation/nav2_ws/install/custom_msgs/lib/libcustom_msgs__rosidl_typesupport_cpp.so
[0.522s] -- Up-to-date: /workstation/nav2_ws/install/custom_msgs/share/custom_msgs/environment/pythonpath.sh
[0.522s] -- Up-to-date: /workstation/nav2_ws/install/custom_msgs/share/custom_msgs/environment/pythonpath.dsv
[0.522s] -- Up-to-date: /workstation/nav2_ws/install/custom_msgs/local/lib/python3.10/dist-packages/custom_msgs-0.0.0-py3.10.egg-info
[0.522s] -- Installing: /workstation/nav2_ws/install/custom_msgs/local/lib/python3.10/dist-packages/custom_msgs-0.0.0-py3.10.egg-info/SOURCES.txt
[0.522s] -- Installing: /workstation/nav2_ws/install/custom_msgs/local/lib/python3.10/dist-packages/custom_msgs-0.0.0-py3.10.egg-info/PKG-INFO
[0.522s] -- Installing: /workstation/nav2_ws/install/custom_msgs/local/lib/python3.10/dist-packages/custom_msgs-0.0.0-py3.10.egg-info/top_level.txt
[0.522s] -- Installing: /workstation/nav2_ws/install/custom_msgs/local/lib/python3.10/dist-packages/custom_msgs-0.0.0-py3.10.egg-info/dependency_links.txt
[0.522s] -- Up-to-date: /workstation/nav2_ws/install/custom_msgs/local/lib/python3.10/dist-packages/custom_msgs
[0.522s] -- Up-to-date: /workstation/nav2_ws/install/custom_msgs/local/lib/python3.10/dist-packages/custom_msgs/custom_msgs_s__rosidl_typesupport_c.cpython-310-x86_64-linux-gnu.so
[0.522s] -- Up-to-date: /workstation/nav2_ws/install/custom_msgs/local/lib/python3.10/dist-packages/custom_msgs/custom_msgs_s__rosidl_typesupport_introspection_c.cpython-310-x86_64-linux-gnu.so
[0.523s] -- Up-to-date: /workstation/nav2_ws/install/custom_msgs/local/lib/python3.10/dist-packages/custom_msgs/_custom_msgs_s.ep.rosidl_typesupport_introspection_c.c
[0.523s] -- Up-to-date: /workstation/nav2_ws/install/custom_msgs/local/lib/python3.10/dist-packages/custom_msgs/_custom_msgs_s.ep.rosidl_typesupport_c.c
[0.523s] -- Up-to-date: /workstation/nav2_ws/install/custom_msgs/local/lib/python3.10/dist-packages/custom_msgs/custom_msgs_s__rosidl_typesupport_fastrtps_c.cpython-310-x86_64-linux-gnu.so
[0.523s] -- Up-to-date: /workstation/nav2_ws/install/custom_msgs/local/lib/python3.10/dist-packages/custom_msgs/__init__.py
[0.523s] -- Up-to-date: /workstation/nav2_ws/install/custom_msgs/local/lib/python3.10/dist-packages/custom_msgs/msg
[0.523s] -- Up-to-date: /workstation/nav2_ws/install/custom_msgs/local/lib/python3.10/dist-packages/custom_msgs/msg/_obstacles.py
[0.523s] -- Up-to-date: /workstation/nav2_ws/install/custom_msgs/local/lib/python3.10/dist-packages/custom_msgs/msg/_obstacle_data_s.c
[0.523s] -- Up-to-date: /workstation/nav2_ws/install/custom_msgs/local/lib/python3.10/dist-packages/custom_msgs/msg/_obstacle_data.py
[0.523s] -- Up-to-date: /workstation/nav2_ws/install/custom_msgs/local/lib/python3.10/dist-packages/custom_msgs/msg/__init__.py
[0.523s] -- Up-to-date: /workstation/nav2_ws/install/custom_msgs/local/lib/python3.10/dist-packages/custom_msgs/msg/_obstacles_s.c
[0.523s] -- Up-to-date: /workstation/nav2_ws/install/custom_msgs/local/lib/python3.10/dist-packages/custom_msgs/libcustom_msgs__rosidl_generator_py.so
[0.523s] -- Up-to-date: /workstation/nav2_ws/install/custom_msgs/local/lib/python3.10/dist-packages/custom_msgs/_custom_msgs_s.ep.rosidl_typesupport_fastrtps_c.c
[0.553s] Listing '/workstation/nav2_ws/install/custom_msgs/local/lib/python3.10/dist-packages/custom_msgs'...
[0.553s] Listing '/workstation/nav2_ws/install/custom_msgs/local/lib/python3.10/dist-packages/custom_msgs/msg'...
[0.559s] -- Up-to-date: /workstation/nav2_ws/install/custom_msgs/local/lib/python3.10/dist-packages/custom_msgs/custom_msgs_s__rosidl_typesupport_fastrtps_c.cpython-310-x86_64-linux-gnu.so
[0.559s] -- Up-to-date: /workstation/nav2_ws/install/custom_msgs/local/lib/python3.10/dist-packages/custom_msgs/custom_msgs_s__rosidl_typesupport_introspection_c.cpython-310-x86_64-linux-gnu.so
[0.559s] -- Up-to-date: /workstation/nav2_ws/install/custom_msgs/local/lib/python3.10/dist-packages/custom_msgs/custom_msgs_s__rosidl_typesupport_c.cpython-310-x86_64-linux-gnu.so
[0.560s] -- Up-to-date: /workstation/nav2_ws/install/custom_msgs/lib/libcustom_msgs__rosidl_generator_py.so
[0.560s] -- Up-to-date: /workstation/nav2_ws/install/custom_msgs/share/custom_msgs/msg/ObstacleData.idl
[0.560s] -- Up-to-date: /workstation/nav2_ws/install/custom_msgs/share/custom_msgs/msg/Obstacles.idl
[0.560s] -- Up-to-date: /workstation/nav2_ws/install/custom_msgs/share/custom_msgs/msg/ObstacleData.msg
[0.560s] -- Up-to-date: /workstation/nav2_ws/install/custom_msgs/share/custom_msgs/msg/Obstacles.msg
[0.560s] -- Up-to-date: /workstation/nav2_ws/install/custom_msgs/share/ament_index/resource_index/package_run_dependencies/custom_msgs
[0.560s] -- Up-to-date: /workstation/nav2_ws/install/custom_msgs/share/ament_index/resource_index/parent_prefix_path/custom_msgs
[0.560s] -- Up-to-date: /workstation/nav2_ws/install/custom_msgs/share/custom_msgs/environment/ament_prefix_path.sh
[0.560s] -- Up-to-date: /workstation/nav2_ws/install/custom_msgs/share/custom_msgs/environment/ament_prefix_path.dsv
[0.560s] -- Up-to-date: /workstation/nav2_ws/install/custom_msgs/share/custom_msgs/environment/path.sh
[0.561s] -- Up-to-date: /workstation/nav2_ws/install/custom_msgs/share/custom_msgs/environment/path.dsv
[0.561s] -- Up-to-date: /workstation/nav2_ws/install/custom_msgs/share/custom_msgs/local_setup.bash
[0.561s] -- Up-to-date: /workstation/nav2_ws/install/custom_msgs/share/custom_msgs/local_setup.sh
[0.561s] -- Up-to-date: /workstation/nav2_ws/install/custom_msgs/share/custom_msgs/local_setup.zsh
[0.561s] -- Up-to-date: /workstation/nav2_ws/install/custom_msgs/share/custom_msgs/local_setup.dsv
[0.561s] -- Installing: /workstation/nav2_ws/install/custom_msgs/share/custom_msgs/package.dsv
[0.561s] -- Up-to-date: /workstation/nav2_ws/install/custom_msgs/share/ament_index/resource_index/packages/custom_msgs
[0.561s] -- Up-to-date: /workstation/nav2_ws/install/custom_msgs/share/custom_msgs/cmake/export_custom_msgs__rosidl_generator_cExport.cmake
[0.561s] -- Up-to-date: /workstation/nav2_ws/install/custom_msgs/share/custom_msgs/cmake/export_custom_msgs__rosidl_generator_cExport-noconfig.cmake
[0.561s] -- Up-to-date: /workstation/nav2_ws/install/custom_msgs/share/custom_msgs/cmake/export_custom_msgs__rosidl_typesupport_fastrtps_cExport.cmake
[0.561s] -- Up-to-date: /workstation/nav2_ws/install/custom_msgs/share/custom_msgs/cmake/export_custom_msgs__rosidl_typesupport_fastrtps_cExport-noconfig.cmake
[0.562s] -- Up-to-date: /workstation/nav2_ws/install/custom_msgs/share/custom_msgs/cmake/export_custom_msgs__rosidl_generator_cppExport.cmake
[0.562s] -- Up-to-date: /workstation/nav2_ws/install/custom_msgs/share/custom_msgs/cmake/export_custom_msgs__rosidl_typesupport_fastrtps_cppExport.cmake
[0.562s] -- Up-to-date: /workstation/nav2_ws/install/custom_msgs/share/custom_msgs/cmake/export_custom_msgs__rosidl_typesupport_fastrtps_cppExport-noconfig.cmake
[0.562s] -- Up-to-date: /workstation/nav2_ws/install/custom_msgs/share/custom_msgs/cmake/custom_msgs__rosidl_typesupport_introspection_cExport.cmake
[0.562s] -- Up-to-date: /workstation/nav2_ws/install/custom_msgs/share/custom_msgs/cmake/custom_msgs__rosidl_typesupport_introspection_cExport-noconfig.cmake
[0.562s] -- Up-to-date: /workstation/nav2_ws/install/custom_msgs/share/custom_msgs/cmake/custom_msgs__rosidl_typesupport_cExport.cmake
[0.562s] -- Up-to-date: /workstation/nav2_ws/install/custom_msgs/share/custom_msgs/cmake/custom_msgs__rosidl_typesupport_cExport-noconfig.cmake
[0.562s] -- Up-to-date: /workstation/nav2_ws/install/custom_msgs/share/custom_msgs/cmake/custom_msgs__rosidl_typesupport_introspection_cppExport.cmake
[0.562s] -- Up-to-date: /workstation/nav2_ws/install/custom_msgs/share/custom_msgs/cmake/custom_msgs__rosidl_typesupport_introspection_cppExport-noconfig.cmake
[0.562s] -- Up-to-date: /workstation/nav2_ws/install/custom_msgs/share/custom_msgs/cmake/custom_msgs__rosidl_typesupport_cppExport.cmake
[0.563s] -- Up-to-date: /workstation/nav2_ws/install/custom_msgs/share/custom_msgs/cmake/custom_msgs__rosidl_typesupport_cppExport-noconfig.cmake
[0.563s] -- Up-to-date: /workstation/nav2_ws/install/custom_msgs/share/custom_msgs/cmake/export_custom_msgs__rosidl_generator_pyExport.cmake
[0.563s] -- Up-to-date: /workstation/nav2_ws/install/custom_msgs/share/custom_msgs/cmake/export_custom_msgs__rosidl_generator_pyExport-noconfig.cmake
[0.563s] -- Up-to-date: /workstation/nav2_ws/install/custom_msgs/share/custom_msgs/cmake/rosidl_cmake-extras.cmake
[0.563s] -- Up-to-date: /workstation/nav2_ws/install/custom_msgs/share/custom_msgs/cmake/ament_cmake_export_dependencies-extras.cmake
[0.563s] -- Up-to-date: /workstation/nav2_ws/install/custom_msgs/share/custom_msgs/cmake/ament_cmake_export_include_directories-extras.cmake
[0.563s] -- Up-to-date: /workstation/nav2_ws/install/custom_msgs/share/custom_msgs/cmake/ament_cmake_export_libraries-extras.cmake
[0.563s] -- Up-to-date: /workstation/nav2_ws/install/custom_msgs/share/custom_msgs/cmake/ament_cmake_export_targets-extras.cmake
[0.563s] -- Up-to-date: /workstation/nav2_ws/install/custom_msgs/share/custom_msgs/cmake/rosidl_cmake_export_typesupport_targets-extras.cmake
[0.563s] -- Up-to-date: /workstation/nav2_ws/install/custom_msgs/share/custom_msgs/cmake/rosidl_cmake_export_typesupport_libraries-extras.cmake
[0.564s] -- Up-to-date: /workstation/nav2_ws/install/custom_msgs/share/custom_msgs/cmake/custom_msgsConfig.cmake
[0.564s] -- Up-to-date: /workstation/nav2_ws/install/custom_msgs/share/custom_msgs/cmake/custom_msgsConfig-version.cmake
[0.564s] -- Up-to-date: /workstation/nav2_ws/install/custom_msgs/share/custom_msgs/package.xml
[0.565s] Invoked command in '/workstation/nav2_ws/build/custom_msgs' returned '0': CMAKE_PREFIX_PATH=/opt/ros/humble /usr/bin/cmake --install /workstation/nav2_ws/build/custom_msgs
