[0.077s] Invoking command in '/workstation/nav2_ws/build/dwb_core': AMENT_PREFIX_PATH=/workstation/nav2_ws/install/nav2_core:/workstation/nav2_ws/install/nav2_costmap_2d:/workstation/nav2_ws/install/nav_2d_utils:/workstation/nav2_ws/install/nav2_map_server:/workstation/nav2_ws/install/nav2_lifecycle_manager:/workstation/nav2_ws/install/nav2_util:/workstation/nav2_ws/install/nav2_voxel_grid:/workstation/nav2_ws/install/nav2_msgs:/workstation/nav2_ws/install/dwb_msgs:/workstation/nav2_ws/install/nav_2d_msgs:/workstation/nav2_ws/install/nav2_common:${AMENT_PREFIX_PATH} CMAKE_PREFIX_PATH=/workstation/nav2_ws/install/nav2_core:/workstation/nav2_ws/install/nav2_costmap_2d:/workstation/nav2_ws/install/nav_2d_utils:/workstation/nav2_ws/install/nav2_map_server:/workstation/nav2_ws/install/nav2_lifecycle_manager:/workstation/nav2_ws/install/nav2_util:/workstation/nav2_ws/install/nav2_voxel_grid:/workstation/nav2_ws/install/nav2_msgs:/workstation/nav2_ws/install/dwb_msgs:/workstation/nav2_ws/install/nav_2d_msgs:/workstation/nav2_ws/install/nav2_common:/opt/ros/humble LD_LIBRARY_PATH=/workstation/nav2_ws/install/nav2_costmap_2d/lib:/workstation/nav2_ws/install/nav_2d_utils/lib:/workstation/nav2_ws/install/nav2_map_server/lib:/workstation/nav2_ws/install/nav2_lifecycle_manager/lib:/workstation/nav2_ws/install/nav2_util/lib:/workstation/nav2_ws/install/nav2_voxel_grid/lib:/workstation/nav2_ws/install/nav2_msgs/lib:/workstation/nav2_ws/install/dwb_msgs/lib:/workstation/nav2_ws/install/nav_2d_msgs/lib:${LD_LIBRARY_PATH} PYTHONPATH=/workstation/nav2_ws/install/nav2_msgs/local/lib/python3.10/dist-packages:/workstation/nav2_ws/install/dwb_msgs/local/lib/python3.10/dist-packages:/workstation/nav2_ws/install/nav_2d_msgs/local/lib/python3.10/dist-packages:/workstation/nav2_ws/install/nav2_common/local/lib/python3.10/dist-packages:${PYTHONPATH} /usr/bin/cmake --build /workstation/nav2_ws/build/dwb_core -- -j12 -l12
[0.229s] [ 18%] Built target gtest_main
[0.271s] [ 36%] Built target gtest
[0.317s] [ 81%] Built target dwb_core
[0.463s] [100%] Built target utils_test
[0.517s] Invoked command in '/workstation/nav2_ws/build/dwb_core' returned '0': AMENT_PREFIX_PATH=/workstation/nav2_ws/install/nav2_core:/workstation/nav2_ws/install/nav2_costmap_2d:/workstation/nav2_ws/install/nav_2d_utils:/workstation/nav2_ws/install/nav2_map_server:/workstation/nav2_ws/install/nav2_lifecycle_manager:/workstation/nav2_ws/install/nav2_util:/workstation/nav2_ws/install/nav2_voxel_grid:/workstation/nav2_ws/install/nav2_msgs:/workstation/nav2_ws/install/dwb_msgs:/workstation/nav2_ws/install/nav_2d_msgs:/workstation/nav2_ws/install/nav2_common:${AMENT_PREFIX_PATH} CMAKE_PREFIX_PATH=/workstation/nav2_ws/install/nav2_core:/workstation/nav2_ws/install/nav2_costmap_2d:/workstation/nav2_ws/install/nav_2d_utils:/workstation/nav2_ws/install/nav2_map_server:/workstation/nav2_ws/install/nav2_lifecycle_manager:/workstation/nav2_ws/install/nav2_util:/workstation/nav2_ws/install/nav2_voxel_grid:/workstation/nav2_ws/install/nav2_msgs:/workstation/nav2_ws/install/dwb_msgs:/workstation/nav2_ws/install/nav_2d_msgs:/workstation/nav2_ws/install/nav2_common:/opt/ros/humble LD_LIBRARY_PATH=/workstation/nav2_ws/install/nav2_costmap_2d/lib:/workstation/nav2_ws/install/nav_2d_utils/lib:/workstation/nav2_ws/install/nav2_map_server/lib:/workstation/nav2_ws/install/nav2_lifecycle_manager/lib:/workstation/nav2_ws/install/nav2_util/lib:/workstation/nav2_ws/install/nav2_voxel_grid/lib:/workstation/nav2_ws/install/nav2_msgs/lib:/workstation/nav2_ws/install/dwb_msgs/lib:/workstation/nav2_ws/install/nav_2d_msgs/lib:${LD_LIBRARY_PATH} PYTHONPATH=/workstation/nav2_ws/install/nav2_msgs/local/lib/python3.10/dist-packages:/workstation/nav2_ws/install/dwb_msgs/local/lib/python3.10/dist-packages:/workstation/nav2_ws/install/nav_2d_msgs/local/lib/python3.10/dist-packages:/workstation/nav2_ws/install/nav2_common/local/lib/python3.10/dist-packages:${PYTHONPATH} /usr/bin/cmake --build /workstation/nav2_ws/build/dwb_core -- -j12 -l12
[0.769s] Invoking command in '/workstation/nav2_ws/build/dwb_core': AMENT_PREFIX_PATH=/workstation/nav2_ws/install/nav2_core:/workstation/nav2_ws/install/nav2_costmap_2d:/workstation/nav2_ws/install/nav_2d_utils:/workstation/nav2_ws/install/nav2_map_server:/workstation/nav2_ws/install/nav2_lifecycle_manager:/workstation/nav2_ws/install/nav2_util:/workstation/nav2_ws/install/nav2_voxel_grid:/workstation/nav2_ws/install/nav2_msgs:/workstation/nav2_ws/install/dwb_msgs:/workstation/nav2_ws/install/nav_2d_msgs:/workstation/nav2_ws/install/nav2_common:${AMENT_PREFIX_PATH} CMAKE_PREFIX_PATH=/workstation/nav2_ws/install/nav2_core:/workstation/nav2_ws/install/nav2_costmap_2d:/workstation/nav2_ws/install/nav_2d_utils:/workstation/nav2_ws/install/nav2_map_server:/workstation/nav2_ws/install/nav2_lifecycle_manager:/workstation/nav2_ws/install/nav2_util:/workstation/nav2_ws/install/nav2_voxel_grid:/workstation/nav2_ws/install/nav2_msgs:/workstation/nav2_ws/install/dwb_msgs:/workstation/nav2_ws/install/nav_2d_msgs:/workstation/nav2_ws/install/nav2_common:/opt/ros/humble LD_LIBRARY_PATH=/workstation/nav2_ws/install/nav2_costmap_2d/lib:/workstation/nav2_ws/install/nav_2d_utils/lib:/workstation/nav2_ws/install/nav2_map_server/lib:/workstation/nav2_ws/install/nav2_lifecycle_manager/lib:/workstation/nav2_ws/install/nav2_util/lib:/workstation/nav2_ws/install/nav2_voxel_grid/lib:/workstation/nav2_ws/install/nav2_msgs/lib:/workstation/nav2_ws/install/dwb_msgs/lib:/workstation/nav2_ws/install/nav_2d_msgs/lib:${LD_LIBRARY_PATH} PYTHONPATH=/workstation/nav2_ws/install/nav2_msgs/local/lib/python3.10/dist-packages:/workstation/nav2_ws/install/dwb_msgs/local/lib/python3.10/dist-packages:/workstation/nav2_ws/install/nav_2d_msgs/local/lib/python3.10/dist-packages:/workstation/nav2_ws/install/nav2_common/local/lib/python3.10/dist-packages:${PYTHONPATH} /usr/bin/cmake --install /workstation/nav2_ws/build/dwb_core
[0.816s] -- Install configuration: "Release"
[0.816s] -- Up-to-date: /workstation/nav2_ws/install/dwb_core/lib/libdwb_core.so
[0.816s] -- Up-to-date: /workstation/nav2_ws/install/dwb_core/include/
[0.816s] -- Up-to-date: /workstation/nav2_ws/install/dwb_core/include//dwb_core
[0.818s] -- Up-to-date: /workstation/nav2_ws/install/dwb_core/include//dwb_core/illegal_trajectory_tracker.hpp
[0.818s] -- Up-to-date: /workstation/nav2_ws/install/dwb_core/include//dwb_core/trajectory_critic.hpp
[0.823s] -- Up-to-date: /workstation/nav2_ws/install/dwb_core/include//dwb_core/publisher.hpp
[0.823s] -- Up-to-date: /workstation/nav2_ws/install/dwb_core/include//dwb_core/trajectory_utils.hpp
[0.823s] -- Up-to-date: /workstation/nav2_ws/install/dwb_core/include//dwb_core/dwb_local_planner.hpp
[0.823s] -- Up-to-date: /workstation/nav2_ws/install/dwb_core/include//dwb_core/trajectory_generator.hpp
[0.823s] -- Up-to-date: /workstation/nav2_ws/install/dwb_core/include//dwb_core/exceptions.hpp
[0.823s] -- Up-to-date: /workstation/nav2_ws/install/dwb_core/share/dwb_core/environment/library_path.sh
[0.823s] -- Up-to-date: /workstation/nav2_ws/install/dwb_core/share/dwb_core/environment/library_path.dsv
[0.823s] -- Up-to-date: /workstation/nav2_ws/install/dwb_core/share/dwb_core/local_planner_plugin.xml
[0.824s] -- Up-to-date: /workstation/nav2_ws/install/dwb_core/share/ament_index/resource_index/package_run_dependencies/dwb_core
[0.824s] -- Up-to-date: /workstation/nav2_ws/install/dwb_core/share/ament_index/resource_index/parent_prefix_path/dwb_core
[0.824s] -- Up-to-date: /workstation/nav2_ws/install/dwb_core/share/dwb_core/environment/ament_prefix_path.sh
[0.827s] -- Up-to-date: /workstation/nav2_ws/install/dwb_core/share/dwb_core/environment/ament_prefix_path.dsv
[0.827s] -- Up-to-date: /workstation/nav2_ws/install/dwb_core/share/dwb_core/environment/path.sh
[0.827s] -- Up-to-date: /workstation/nav2_ws/install/dwb_core/share/dwb_core/environment/path.dsv
[0.827s] -- Up-to-date: /workstation/nav2_ws/install/dwb_core/share/dwb_core/local_setup.bash
[0.827s] -- Up-to-date: /workstation/nav2_ws/install/dwb_core/share/dwb_core/local_setup.sh
[0.827s] -- Up-to-date: /workstation/nav2_ws/install/dwb_core/share/dwb_core/local_setup.zsh
[0.827s] -- Up-to-date: /workstation/nav2_ws/install/dwb_core/share/dwb_core/local_setup.dsv
[0.827s] -- Installing: /workstation/nav2_ws/install/dwb_core/share/dwb_core/package.dsv
[0.828s] -- Up-to-date: /workstation/nav2_ws/install/dwb_core/share/ament_index/resource_index/packages/dwb_core
[0.828s] -- Up-to-date: /workstation/nav2_ws/install/dwb_core/share/ament_index/resource_index/nav2_core__pluginlib__plugin/dwb_core
[0.828s] -- Up-to-date: /workstation/nav2_ws/install/dwb_core/share/dwb_core/cmake/ament_cmake_export_include_directories-extras.cmake
[0.828s] -- Up-to-date: /workstation/nav2_ws/install/dwb_core/share/dwb_core/cmake/ament_cmake_export_libraries-extras.cmake
[0.828s] -- Up-to-date: /workstation/nav2_ws/install/dwb_core/share/dwb_core/cmake/ament_cmake_export_dependencies-extras.cmake
[0.828s] -- Up-to-date: /workstation/nav2_ws/install/dwb_core/share/dwb_core/cmake/dwb_coreConfig.cmake
[0.828s] -- Up-to-date: /workstation/nav2_ws/install/dwb_core/share/dwb_core/cmake/dwb_coreConfig-version.cmake
[0.829s] -- Up-to-date: /workstation/nav2_ws/install/dwb_core/share/dwb_core/package.xml
[0.982s] Invoked command in '/workstation/nav2_ws/build/dwb_core' returned '0': AMENT_PREFIX_PATH=/workstation/nav2_ws/install/nav2_core:/workstation/nav2_ws/install/nav2_costmap_2d:/workstation/nav2_ws/install/nav_2d_utils:/workstation/nav2_ws/install/nav2_map_server:/workstation/nav2_ws/install/nav2_lifecycle_manager:/workstation/nav2_ws/install/nav2_util:/workstation/nav2_ws/install/nav2_voxel_grid:/workstation/nav2_ws/install/nav2_msgs:/workstation/nav2_ws/install/dwb_msgs:/workstation/nav2_ws/install/nav_2d_msgs:/workstation/nav2_ws/install/nav2_common:${AMENT_PREFIX_PATH} CMAKE_PREFIX_PATH=/workstation/nav2_ws/install/nav2_core:/workstation/nav2_ws/install/nav2_costmap_2d:/workstation/nav2_ws/install/nav_2d_utils:/workstation/nav2_ws/install/nav2_map_server:/workstation/nav2_ws/install/nav2_lifecycle_manager:/workstation/nav2_ws/install/nav2_util:/workstation/nav2_ws/install/nav2_voxel_grid:/workstation/nav2_ws/install/nav2_msgs:/workstation/nav2_ws/install/dwb_msgs:/workstation/nav2_ws/install/nav_2d_msgs:/workstation/nav2_ws/install/nav2_common:/opt/ros/humble LD_LIBRARY_PATH=/workstation/nav2_ws/install/nav2_costmap_2d/lib:/workstation/nav2_ws/install/nav_2d_utils/lib:/workstation/nav2_ws/install/nav2_map_server/lib:/workstation/nav2_ws/install/nav2_lifecycle_manager/lib:/workstation/nav2_ws/install/nav2_util/lib:/workstation/nav2_ws/install/nav2_voxel_grid/lib:/workstation/nav2_ws/install/nav2_msgs/lib:/workstation/nav2_ws/install/dwb_msgs/lib:/workstation/nav2_ws/install/nav_2d_msgs/lib:${LD_LIBRARY_PATH} PYTHONPATH=/workstation/nav2_ws/install/nav2_msgs/local/lib/python3.10/dist-packages:/workstation/nav2_ws/install/dwb_msgs/local/lib/python3.10/dist-packages:/workstation/nav2_ws/install/nav_2d_msgs/local/lib/python3.10/dist-packages:/workstation/nav2_ws/install/nav2_common/local/lib/python3.10/dist-packages:${PYTHONPATH} /usr/bin/cmake --install /workstation/nav2_ws/build/dwb_core
