[0.025s] Invoking command in '/workstation/ros_ws/build/pointcloud_to_laserscan': CMAKE_PREFIX_PATH=/opt/ros/humble /usr/bin/cmake /workstation/ros_ws/src/pointcloud_to_laserscan -DCMAKE_INSTALL_PREFIX=/workstation/ros_ws/install/pointcloud_to_laserscan
[0.917s] -- The C compiler identification is GNU 11.4.0
[0.917s] -- The CXX compiler identification is GNU 11.4.0
[0.917s] -- Detecting C compiler ABI info
[0.917s] -- Detecting C compiler ABI info - done
[0.917s] -- Check for working C compiler: /usr/bin/cc - skipped
[0.917s] -- Detecting C compile features
[0.917s] -- Detecting C compile features - done
[0.917s] -- Detecting CXX compiler ABI info
[0.918s] -- Detecting CXX compiler ABI info - done
[0.918s] -- Check for working CXX compiler: /usr/bin/c++ - skipped
[0.921s] -- Detecting CXX compile features
[0.923s] -- Detecting CXX compile features - done
[0.923s] -- Found ament_cmake_auto: 1.3.10 (/opt/ros/humble/share/ament_cmake_auto/cmake)
[0.923s] -- Found Python3: /usr/bin/python3 (found version "3.10.12") found components: Interpreter 
[0.998s] -- Found rosidl_generator_c: 3.1.5 (/opt/ros/humble/share/rosidl_generator_c/cmake)
[1.006s] -- Found rosidl_adapter: 3.1.5 (/opt/ros/humble/share/rosidl_adapter/cmake)
[1.021s] -- Found rosidl_generator_cpp: 3.1.5 (/opt/ros/humble/share/rosidl_generator_cpp/cmake)
[1.039s] -- Using all available rosidl_typesupport_c: rosidl_typesupport_fastrtps_c;rosidl_typesupport_introspection_c
[1.066s] -- Using all available rosidl_typesupport_cpp: rosidl_typesupport_fastrtps_cpp;rosidl_typesupport_introspection_cpp
[1.132s] -- Found rmw_implementation_cmake: 6.1.2 (/opt/ros/humble/share/rmw_implementation_cmake/cmake)
[1.135s] -- Found rmw_fastrtps_cpp: 6.2.7 (/opt/ros/humble/share/rmw_fastrtps_cpp/cmake)
[1.251s] -- Found OpenSSL: /usr/lib/x86_64-linux-gnu/libcrypto.so (found version "3.0.2")  
[1.290s] -- Found FastRTPS: /opt/ros/humble/include  
[1.353s] -- Using RMW implementation 'rmw_fastrtps_cpp' as default
[1.364s] -- Looking for pthread.h
[1.443s] -- Looking for pthread.h - found
[1.444s] -- Performing Test CMAKE_HAVE_LIBC_PTHREAD
[1.513s] -- Performing Test CMAKE_HAVE_LIBC_PTHREAD - Success
[1.514s] -- Found Threads: TRUE  
[1.759s] -- Found ament_lint_auto: 0.12.11 (/opt/ros/humble/share/ament_lint_auto/cmake)
[1.786s] -- Added test 'cppcheck' to perform static code analysis on C / C++ code
[1.786s] -- Configured cppcheck include dirs: /workstation/ros_ws/src/pointcloud_to_laserscan/include
[1.786s] -- Configured cppcheck exclude dirs and/or files: 
[1.788s] -- Added test 'cpplint' to check C / C++ code against the Google style
[1.788s] -- Configured cpplint exclude dirs and/or files: 
[1.789s] -- Added test 'flake8' to check Python code syntax and style conventions
[1.789s] -- Added test 'lint_cmake' to check CMake code style
[1.790s] -- Added test 'pep257' to check Python code against some of the docstring style conventions in PEP 257
[1.791s] -- Added test 'uncrustify' to check C / C++ code style
[1.791s] -- Configured uncrustify additional arguments: 
[1.792s] -- Added test 'xmllint' to check XML markup files
[1.795s] -- Configuring done
[1.852s] -- Generating done
[1.855s] -- Build files have been written to: /workstation/ros_ws/build/pointcloud_to_laserscan
[1.869s] Invoked command in '/workstation/ros_ws/build/pointcloud_to_laserscan' returned '0': CMAKE_PREFIX_PATH=/opt/ros/humble /usr/bin/cmake /workstation/ros_ws/src/pointcloud_to_laserscan -DCMAKE_INSTALL_PREFIX=/workstation/ros_ws/install/pointcloud_to_laserscan
[1.871s] Invoking command in '/workstation/ros_ws/build/pointcloud_to_laserscan': CMAKE_PREFIX_PATH=/opt/ros/humble /usr/bin/cmake --build /workstation/ros_ws/build/pointcloud_to_laserscan -- -j12 -l12
[1.923s] [  8%] [32mBuilding CXX object CMakeFiles/laserscan_to_pointcloud.dir/src/laserscan_to_pointcloud_node.cpp.o[0m
[1.928s] [ 16%] [32mBuilding CXX object CMakeFiles/pointcloud_to_laserscan_node.dir/rclcpp_components/node_main_pointcloud_to_laserscan_node.cpp.o[0m
[1.929s] [ 25%] [32mBuilding CXX object CMakeFiles/laserscan_to_pointcloud_node.dir/rclcpp_components/node_main_laserscan_to_pointcloud_node.cpp.o[0m
[10.649s] [ 33%] [32m[1mLinking CXX executable pointcloud_to_laserscan_node[0m
[10.837s] [ 33%] Built target pointcloud_to_laserscan_node
[11.655s] [ 41%] [32m[1mLinking CXX executable laserscan_to_pointcloud_node[0m
[11.908s] [ 41%] Built target laserscan_to_pointcloud_node
[22.656s] [ 50%] [32m[1mLinking CXX shared library liblaserscan_to_pointcloud.so[0m
[23.358s] [ 50%] Built target laserscan_to_pointcloud
[23.377s] [ 58%] [32mBuilding CXX object CMakeFiles/pointcloud_to_laserscan.dir/src/pointcloud_to_laserscan_node.cpp.o[0m
[35.303s] [ 66%] [32m[1mLinking CXX shared library libpointcloud_to_laserscan.so[0m
[35.874s] [ 66%] Built target pointcloud_to_laserscan
[35.893s] [ 83%] [32mBuilding CXX object CMakeFiles/point_cloud_publisher.dir/src/publish_filter.cpp.o[0m
[35.893s] [ 83%] [32mBuilding CXX object CMakeFiles/dummy_pointcloud_publisher.dir/src/dummy_pointcloud_publisher.cpp.o[0m
[44.461s] [ 91%] [32m[1mLinking CXX executable dummy_pointcloud_publisher[0m
[44.588s] [100%] [32m[1mLinking CXX executable point_cloud_publisher[0m
[44.983s] [100%] Built target dummy_pointcloud_publisher
[45.100s] [100%] Built target point_cloud_publisher
[45.110s] Invoked command in '/workstation/ros_ws/build/pointcloud_to_laserscan' returned '0': CMAKE_PREFIX_PATH=/opt/ros/humble /usr/bin/cmake --build /workstation/ros_ws/build/pointcloud_to_laserscan -- -j12 -l12
[45.142s] Invoking command in '/workstation/ros_ws/build/pointcloud_to_laserscan': CMAKE_PREFIX_PATH=/opt/ros/humble /usr/bin/cmake --install /workstation/ros_ws/build/pointcloud_to_laserscan
[45.148s] -- Install configuration: ""
[45.149s] -- Installing: /workstation/ros_ws/install/pointcloud_to_laserscan/lib/pointcloud_to_laserscan/laserscan_to_pointcloud_node
[45.149s] -- Set runtime path of "/workstation/ros_ws/install/pointcloud_to_laserscan/lib/pointcloud_to_laserscan/laserscan_to_pointcloud_node" to ""
[45.149s] -- Installing: /workstation/ros_ws/install/pointcloud_to_laserscan/lib/pointcloud_to_laserscan/pointcloud_to_laserscan_node
[45.149s] -- Set runtime path of "/workstation/ros_ws/install/pointcloud_to_laserscan/lib/pointcloud_to_laserscan/pointcloud_to_laserscan_node" to ""
[45.150s] -- Installing: /workstation/ros_ws/install/pointcloud_to_laserscan/include
[45.150s] -- Installing: /workstation/ros_ws/install/pointcloud_to_laserscan/include/pointcloud_to_laserscan
[45.150s] -- Installing: /workstation/ros_ws/install/pointcloud_to_laserscan/include/pointcloud_to_laserscan/visibility_control.h
[45.150s] -- Installing: /workstation/ros_ws/install/pointcloud_to_laserscan/include/pointcloud_to_laserscan/laserscan_to_pointcloud_node.hpp
[45.150s] -- Installing: /workstation/ros_ws/install/pointcloud_to_laserscan/include/pointcloud_to_laserscan/pointcloud_to_laserscan_node.hpp
[45.150s] -- Installing: /workstation/ros_ws/install/pointcloud_to_laserscan/share/pointcloud_to_laserscan/environment/library_path.sh
[45.150s] -- Installing: /workstation/ros_ws/install/pointcloud_to_laserscan/share/pointcloud_to_laserscan/environment/library_path.dsv
[45.151s] -- Installing: /workstation/ros_ws/install/pointcloud_to_laserscan/lib/liblaserscan_to_pointcloud.so
[45.155s] -- Set runtime path of "/workstation/ros_ws/install/pointcloud_to_laserscan/lib/liblaserscan_to_pointcloud.so" to ""
[45.155s] -- Installing: /workstation/ros_ws/install/pointcloud_to_laserscan/lib/libpointcloud_to_laserscan.so
[45.161s] -- Set runtime path of "/workstation/ros_ws/install/pointcloud_to_laserscan/lib/libpointcloud_to_laserscan.so" to ""
[45.161s] -- Installing: /workstation/ros_ws/install/pointcloud_to_laserscan/lib/pointcloud_to_laserscan/dummy_pointcloud_publisher
[45.164s] -- Set runtime path of "/workstation/ros_ws/install/pointcloud_to_laserscan/lib/pointcloud_to_laserscan/dummy_pointcloud_publisher" to ""
[45.164s] -- Installing: /workstation/ros_ws/install/pointcloud_to_laserscan/lib/pointcloud_to_laserscan/point_cloud_publisher
[45.166s] -- Set runtime path of "/workstation/ros_ws/install/pointcloud_to_laserscan/lib/pointcloud_to_laserscan/point_cloud_publisher" to ""
[45.166s] -- Installing: /workstation/ros_ws/install/pointcloud_to_laserscan/share/pointcloud_to_laserscan/launch
[45.166s] -- Installing: /workstation/ros_ws/install/pointcloud_to_laserscan/share/pointcloud_to_laserscan/launch/sample_laserscan_to_pointcloud_launch.py
[45.166s] -- Installing: /workstation/ros_ws/install/pointcloud_to_laserscan/share/pointcloud_to_laserscan/launch/sample_pointcloud_to_laserscan_launch.py
[45.167s] -- Installing: /workstation/ros_ws/install/pointcloud_to_laserscan/share/ament_index/resource_index/package_run_dependencies/pointcloud_to_laserscan
[45.167s] -- Installing: /workstation/ros_ws/install/pointcloud_to_laserscan/share/ament_index/resource_index/parent_prefix_path/pointcloud_to_laserscan
[45.167s] -- Installing: /workstation/ros_ws/install/pointcloud_to_laserscan/share/pointcloud_to_laserscan/environment/ament_prefix_path.sh
[45.167s] -- Installing: /workstation/ros_ws/install/pointcloud_to_laserscan/share/pointcloud_to_laserscan/environment/ament_prefix_path.dsv
[45.167s] -- Installing: /workstation/ros_ws/install/pointcloud_to_laserscan/share/pointcloud_to_laserscan/environment/path.sh
[45.167s] -- Installing: /workstation/ros_ws/install/pointcloud_to_laserscan/share/pointcloud_to_laserscan/environment/path.dsv
[45.167s] -- Installing: /workstation/ros_ws/install/pointcloud_to_laserscan/share/pointcloud_to_laserscan/local_setup.bash
[45.167s] -- Installing: /workstation/ros_ws/install/pointcloud_to_laserscan/share/pointcloud_to_laserscan/local_setup.sh
[45.168s] -- Installing: /workstation/ros_ws/install/pointcloud_to_laserscan/share/pointcloud_to_laserscan/local_setup.zsh
[45.168s] -- Installing: /workstation/ros_ws/install/pointcloud_to_laserscan/share/pointcloud_to_laserscan/local_setup.dsv
[45.168s] -- Installing: /workstation/ros_ws/install/pointcloud_to_laserscan/share/pointcloud_to_laserscan/package.dsv
[45.168s] -- Installing: /workstation/ros_ws/install/pointcloud_to_laserscan/share/ament_index/resource_index/packages/pointcloud_to_laserscan
[45.168s] -- Installing: /workstation/ros_ws/install/pointcloud_to_laserscan/share/ament_index/resource_index/rclcpp_components/pointcloud_to_laserscan
[45.168s] -- Installing: /workstation/ros_ws/install/pointcloud_to_laserscan/share/pointcloud_to_laserscan/cmake/ament_cmake_export_dependencies-extras.cmake
[45.168s] -- Installing: /workstation/ros_ws/install/pointcloud_to_laserscan/share/pointcloud_to_laserscan/cmake/ament_cmake_export_include_directories-extras.cmake
[45.169s] -- Installing: /workstation/ros_ws/install/pointcloud_to_laserscan/share/pointcloud_to_laserscan/cmake/ament_cmake_export_libraries-extras.cmake
[45.169s] -- Installing: /workstation/ros_ws/install/pointcloud_to_laserscan/share/pointcloud_to_laserscan/cmake/pointcloud_to_laserscanConfig.cmake
[45.169s] -- Installing: /workstation/ros_ws/install/pointcloud_to_laserscan/share/pointcloud_to_laserscan/cmake/pointcloud_to_laserscanConfig-version.cmake
[45.169s] -- Installing: /workstation/ros_ws/install/pointcloud_to_laserscan/share/pointcloud_to_laserscan/package.xml
[45.170s] Invoked command in '/workstation/ros_ws/build/pointcloud_to_laserscan' returned '0': CMAKE_PREFIX_PATH=/opt/ros/humble /usr/bin/cmake --install /workstation/ros_ws/build/pointcloud_to_laserscan
