[0.020s] Invoking command in '/workstation/nav2_ws/build/nav2_costmap_2d': AMENT_PREFIX_PATH=/workstation/nav2_ws/install/nav2_map_server:/workstation/nav2_ws/install/nav2_lifecycle_manager:/workstation/nav2_ws/install/nav2_util:/workstation/nav2_ws/install/nav2_voxel_grid:/workstation/nav2_ws/install/nav2_msgs:/workstation/nav2_ws/install/nav2_common:${AMENT_PREFIX_PATH} CMAKE_PREFIX_PATH=/workstation/nav2_ws/install/nav2_map_server:/workstation/nav2_ws/install/nav2_lifecycle_manager:/workstation/nav2_ws/install/nav2_util:/workstation/nav2_ws/install/nav2_voxel_grid:/workstation/nav2_ws/install/nav2_msgs:/workstation/nav2_ws/install/nav2_common:/opt/ros/humble LD_LIBRARY_PATH=/workstation/nav2_ws/install/nav2_map_server/lib:/workstation/nav2_ws/install/nav2_lifecycle_manager/lib:/workstation/nav2_ws/install/nav2_util/lib:/workstation/nav2_ws/install/nav2_voxel_grid/lib:/workstation/nav2_ws/install/nav2_msgs/lib:${LD_LIBRARY_PATH} PYTHONPATH=/workstation/nav2_ws/install/nav2_msgs/local/lib/python3.10/dist-packages:/workstation/nav2_ws/install/nav2_common/local/lib/python3.10/dist-packages:${PYTHONPATH} /usr/bin/cmake /workstation/nav2_ws/src/navigation2/nav2_costmap_2d -DCMAKE_INSTALL_PREFIX=/workstation/nav2_ws/install/nav2_costmap_2d
[0.074s] -- The C compiler identification is GNU 11.4.0
[0.130s] -- The CXX compiler identification is GNU 11.4.0
[0.139s] -- Detecting C compiler ABI info
[0.209s] -- Detecting C compiler ABI info - done
[0.218s] -- Check for working C compiler: /usr/bin/cc - skipped
[0.218s] -- Detecting C compile features
[0.219s] -- Detecting C compile features - done
[0.222s] -- Detecting CXX compiler ABI info
[0.305s] -- Detecting CXX compiler ABI info - done
[0.313s] -- Check for working CXX compiler: /usr/bin/c++ - skipped
[0.313s] -- Detecting CXX compile features
[0.314s] -- Detecting CXX compile features - done
[0.319s] -- Found ament_cmake: 1.3.10 (/opt/ros/humble/share/ament_cmake/cmake)
[0.506s] -- Found Python3: /usr/bin/python3 (found version "3.10.12") found components: Interpreter 
[0.632s] -- Found geometry_msgs: 4.2.4 (/opt/ros/humble/share/geometry_msgs/cmake)
[0.681s] -- Found rosidl_generator_c: 3.1.5 (/opt/ros/humble/share/rosidl_generator_c/cmake)
[0.689s] -- Found rosidl_adapter: 3.1.5 (/opt/ros/humble/share/rosidl_adapter/cmake)
[0.699s] -- Found rosidl_generator_cpp: 3.1.5 (/opt/ros/humble/share/rosidl_generator_cpp/cmake)
[0.713s] -- Using all available rosidl_typesupport_c: rosidl_typesupport_fastrtps_c;rosidl_typesupport_introspection_c
[0.734s] -- Using all available rosidl_typesupport_cpp: rosidl_typesupport_fastrtps_cpp;rosidl_typesupport_introspection_cpp
[0.784s] -- Found laser_geometry: 2.4.0 (/opt/ros/humble/share/laser_geometry/cmake)
[0.844s] -- Found rmw_implementation_cmake: 6.1.2 (/opt/ros/humble/share/rmw_implementation_cmake/cmake)
[0.847s] -- Found rmw_fastrtps_cpp: 6.2.7 (/opt/ros/humble/share/rmw_fastrtps_cpp/cmake)
[0.945s] -- Found OpenSSL: /usr/lib/x86_64-linux-gnu/libcrypto.so (found version "3.0.2")  
[0.975s] -- Found FastRTPS: /opt/ros/humble/include  
[1.022s] -- Using RMW implementation 'rmw_fastrtps_cpp' as default
[1.033s] -- Looking for pthread.h
[1.105s] -- Looking for pthread.h - found
[1.105s] -- Performing Test CMAKE_HAVE_LIBC_PTHREAD
[1.180s] -- Performing Test CMAKE_HAVE_LIBC_PTHREAD - Success
[1.181s] -- Found Threads: TRUE  
[1.270s] -- Found map_msgs: 2.1.0 (/opt/ros/humble/share/map_msgs/cmake)
[1.314s] -- Found message_filters: 4.3.5 (/opt/ros/humble/share/message_filters/cmake)
[1.320s] -- Found nav2_common: 1.1.16 (/workstation/nav2_ws/install/nav2_common/share/nav2_common/cmake)
[1.321s] -- Found nav2_msgs: 1.1.16 (/workstation/nav2_ws/install/nav2_msgs/share/nav2_msgs/cmake)
[1.372s] -- Found nav2_util: 1.1.16 (/workstation/nav2_ws/install/nav2_util/share/nav2_util/cmake)
[1.459s] -- Found Eigen3: TRUE (found version "3.4.0") 
[1.459s] -- Ensuring Eigen3 include directory is part of orocos-kdl CMake target
[1.527s] -- Found nav2_voxel_grid: 1.1.16 (/workstation/nav2_ws/install/nav2_voxel_grid/share/nav2_voxel_grid/cmake)
[1.531s] -- Found pluginlib: 5.1.0 (/opt/ros/humble/share/pluginlib/cmake)
[1.554s] -- Found std_srvs: 4.2.4 (/opt/ros/humble/share/std_srvs/cmake)
[1.568s] -- Found tf2_sensor_msgs: 0.25.7 (/opt/ros/humble/share/tf2_sensor_msgs/cmake)
[1.574s] -- Found visualization_msgs: 4.2.4 (/opt/ros/humble/share/visualization_msgs/cmake)
[1.596s] -- Found angles: 1.15.0 (/opt/ros/humble/share/angles/cmake)
[1.600s] -- Found Eigen3: TRUE (found suitable version "3.4.0", minimum required is "3.3") 
[1.600s] -- Setting build type to Release as none was specified.
[1.768s] -- Found ament_lint_auto: 0.12.11 (/opt/ros/humble/share/ament_lint_auto/cmake)
[1.964s] -- Found gtest sources under '/opt/ros/humble/src/gtest_vendor': C++ tests using 'Google Test' will be built
[1.989s] -- Found gtest sources under '/opt/ros/humble/src/gtest_vendor': C++ tests using 'Google Test' will be built
[2.002s] -- Found gtest sources under '/opt/ros/humble/src/gtest_vendor': C++ tests using 'Google Test' will be built
[2.044s] -- Added test 'cppcheck' to perform static code analysis on C / C++ code
[2.046s] -- Configured cppcheck include dirs: $<BUILD_INTERFACE:/workstation/nav2_ws/src/navigation2/nav2_costmap_2d/include>
[2.046s] -- Configured cppcheck exclude dirs and/or files: 
[2.047s] -- Added test 'flake8' to check Python code syntax and style conventions
[2.050s] -- Added test 'lint_cmake' to check CMake code style
[2.053s] -- Added test 'pep257' to check Python code against some of the docstring style conventions in PEP 257
[2.059s] -- Added test 'uncrustify' to check C / C++ code style
[2.059s] -- Configured uncrustify additional arguments: 
[2.060s] -- Added test 'xmllint' to check XML markup files
[2.063s] -- Configuring done
[2.828s] -- Generating done
[2.833s] -- Build files have been written to: /workstation/nav2_ws/build/nav2_costmap_2d
[2.853s] Invoked command in '/workstation/nav2_ws/build/nav2_costmap_2d' returned '0': AMENT_PREFIX_PATH=/workstation/nav2_ws/install/nav2_map_server:/workstation/nav2_ws/install/nav2_lifecycle_manager:/workstation/nav2_ws/install/nav2_util:/workstation/nav2_ws/install/nav2_voxel_grid:/workstation/nav2_ws/install/nav2_msgs:/workstation/nav2_ws/install/nav2_common:${AMENT_PREFIX_PATH} CMAKE_PREFIX_PATH=/workstation/nav2_ws/install/nav2_map_server:/workstation/nav2_ws/install/nav2_lifecycle_manager:/workstation/nav2_ws/install/nav2_util:/workstation/nav2_ws/install/nav2_voxel_grid:/workstation/nav2_ws/install/nav2_msgs:/workstation/nav2_ws/install/nav2_common:/opt/ros/humble LD_LIBRARY_PATH=/workstation/nav2_ws/install/nav2_map_server/lib:/workstation/nav2_ws/install/nav2_lifecycle_manager/lib:/workstation/nav2_ws/install/nav2_util/lib:/workstation/nav2_ws/install/nav2_voxel_grid/lib:/workstation/nav2_ws/install/nav2_msgs/lib:${LD_LIBRARY_PATH} PYTHONPATH=/workstation/nav2_ws/install/nav2_msgs/local/lib/python3.10/dist-packages:/workstation/nav2_ws/install/nav2_common/local/lib/python3.10/dist-packages:${PYTHONPATH} /usr/bin/cmake /workstation/nav2_ws/src/navigation2/nav2_costmap_2d -DCMAKE_INSTALL_PREFIX=/workstation/nav2_ws/install/nav2_costmap_2d
[2.855s] Invoking command in '/workstation/nav2_ws/build/nav2_costmap_2d': AMENT_PREFIX_PATH=/workstation/nav2_ws/install/nav2_map_server:/workstation/nav2_ws/install/nav2_lifecycle_manager:/workstation/nav2_ws/install/nav2_util:/workstation/nav2_ws/install/nav2_voxel_grid:/workstation/nav2_ws/install/nav2_msgs:/workstation/nav2_ws/install/nav2_common:${AMENT_PREFIX_PATH} CMAKE_PREFIX_PATH=/workstation/nav2_ws/install/nav2_map_server:/workstation/nav2_ws/install/nav2_lifecycle_manager:/workstation/nav2_ws/install/nav2_util:/workstation/nav2_ws/install/nav2_voxel_grid:/workstation/nav2_ws/install/nav2_msgs:/workstation/nav2_ws/install/nav2_common:/opt/ros/humble LD_LIBRARY_PATH=/workstation/nav2_ws/install/nav2_map_server/lib:/workstation/nav2_ws/install/nav2_lifecycle_manager/lib:/workstation/nav2_ws/install/nav2_util/lib:/workstation/nav2_ws/install/nav2_voxel_grid/lib:/workstation/nav2_ws/install/nav2_msgs/lib:${LD_LIBRARY_PATH} PYTHONPATH=/workstation/nav2_ws/install/nav2_msgs/local/lib/python3.10/dist-packages:/workstation/nav2_ws/install/nav2_common/local/lib/python3.10/dist-packages:${PYTHONPATH} /usr/bin/cmake --build /workstation/nav2_ws/build/nav2_costmap_2d -- -j12 -l12
[2.917s] [  3%] [32mBuilding CXX object CMakeFiles/nav2_costmap_2d_core.dir/src/layered_costmap.cpp.o[0m
[2.918s] [  3%] [32mBuilding CXX object CMakeFiles/nav2_costmap_2d_core.dir/src/layer.cpp.o[0m
[2.918s] [  3%] [32mBuilding CXX object CMakeFiles/nav2_costmap_2d_core.dir/src/costmap_2d.cpp.o[0m
[2.918s] [  4%] [32mBuilding CXX object CMakeFiles/nav2_costmap_2d_core.dir/src/array_parser.cpp.o[0m
[2.922s] [  6%] [32mBuilding CXX object gtest/CMakeFiles/gtest.dir/src/gtest-all.cc.o[0m
[2.923s] [  7%] [32mBuilding CXX object gtest/CMakeFiles/gtest_main.dir/src/gtest_main.cc.o[0m
[3.882s] [  8%] [32mBuilding CXX object CMakeFiles/nav2_costmap_2d_core.dir/src/observation_buffer.cpp.o[0m
[3.897s] [  9%] [32mBuilding CXX object CMakeFiles/nav2_costmap_2d_core.dir/src/costmap_layer.cpp.o[0m
[4.928s] [ 10%] [32mBuilding CXX object CMakeFiles/nav2_costmap_2d_core.dir/src/clear_costmap_service.cpp.o[0m
[4.930s] [ 12%] [32mBuilding CXX object CMakeFiles/nav2_costmap_2d_core.dir/src/footprint.cpp.o[0m
[5.165s] [ 13%] [32m[1mLinking CXX static library libgtest_main.a[0m
[5.216s] [ 14%] [32mBuilding CXX object CMakeFiles/nav2_costmap_2d_core.dir/src/costmap_2d_publisher.cpp.o[0m
[5.223s] [ 15%] [32mBuilding CXX object CMakeFiles/nav2_costmap_2d_core.dir/src/costmap_math.cpp.o[0m
[5.286s] [ 15%] Built target gtest_main
[23.117s] [ 17%] [32m[1mLinking CXX static library libgtest.a[0m
[23.159s] [ 17%] Built target gtest
[23.352s] [ 18%] [32mBuilding CXX object CMakeFiles/nav2_costmap_2d_core.dir/plugins/costmap_filters/costmap_filter.cpp.o[0m
[28.747s] [ 19%] [32mBuilding CXX object CMakeFiles/nav2_costmap_2d_core.dir/src/footprint_collision_checker.cpp.o[0m
[32.129s] [ 20%] [32mBuilding CXX object CMakeFiles/nav2_costmap_2d_core.dir/src/costmap_2d_ros.cpp.o[0m
[72.246s] [ 21%] [32m[1mLinking CXX shared library libnav2_costmap_2d_core.so[0m
[72.597s] [ 21%] Built target nav2_costmap_2d_core
[72.617s] [ 25%] [32mBuilding CXX object CMakeFiles/filters.dir/plugins/costmap_filters/keepout_filter.cpp.o[0m
[72.617s] [ 25%] [32mBuilding CXX object CMakeFiles/layers.dir/plugins/inflation_layer.cpp.o[0m
[72.617s] [ 25%] [32mBuilding CXX object CMakeFiles/nav2_costmap_2d_client.dir/src/footprint_subscriber.cpp.o[0m
[73.642s] [ 26%] [32mBuilding CXX object test/unit/CMakeFiles/costmap_filter_service_test.dir/costmap_filter_service_test.cpp.o[0m
[74.662s] [ 28%] [32mBuilding CXX object test/unit/CMakeFiles/copy_window_test.dir/copy_window_test.cpp.o[0m
[75.684s] [ 29%] [32mBuilding CXX object test/unit/CMakeFiles/costmap_filter_test.dir/costmap_filter_test.cpp.o[0m
[76.743s] [ 30%] [32mBuilding CXX object test/unit/CMakeFiles/declare_parameter_test.dir/declare_parameter_test.cpp.o[0m
[77.784s] [ 31%] [32mBuilding CXX object test/unit/CMakeFiles/costmap_convesion_test.dir/costmap_conversion_test.cpp.o[0m
[78.811s] [ 32%] [32mBuilding CXX object test/unit/CMakeFiles/collision_footprint_test.dir/footprint_collision_checker_test.cpp.o[0m
[79.865s] [ 34%] [32mBuilding CXX object test/unit/CMakeFiles/array_parser_test.dir/array_parser_test.cpp.o[0m
[80.389s] [ 35%] [32mBuilding CXX object CMakeFiles/layers.dir/plugins/static_layer.cpp.o[0m
[80.895s] [ 36%] [32mBuilding CXX object CMakeFiles/nav2_costmap_2d_cloud.dir/src/costmap_2d_cloud.cpp.o[0m
[81.946s] [ 37%] [32mBuilding CXX object CMakeFiles/nav2_costmap_2d_markers.dir/src/costmap_2d_markers.cpp.o[0m
[85.016s] [ 39%] [32m[1mLinking CXX executable copy_window_test[0m
[86.122s] [ 40%] [32m[1mLinking CXX executable array_parser_test[0m
[86.160s] [ 40%] Built target copy_window_test
[86.592s] [ 40%] Built target array_parser_test
[87.752s] [ 41%] [32m[1mLinking CXX executable costmap_filter_test[0m
[88.395s] [ 41%] Built target costmap_filter_test
[89.540s] [ 42%] [32m[1mLinking CXX executable costmap_filter_service_test[0m
[90.122s] [ 42%] Built target costmap_filter_service_test
[90.518s] [ 43%] [32m[1mLinking CXX executable declare_parameter_test[0m
[90.635s] [ 45%] [32m[1mLinking CXX executable costmap_convesion_test[0m
[91.225s] [ 45%] Built target declare_parameter_test
[91.702s] [ 45%] Built target costmap_convesion_test
[94.725s] [ 46%] [32m[1mLinking CXX executable collision_footprint_test[0m
[95.168s] [ 46%] Built target collision_footprint_test
[95.715s] [ 47%] [32mBuilding CXX object CMakeFiles/nav2_costmap_2d_client.dir/src/costmap_topic_collision_checker.cpp.o[0m
[101.975s] [ 48%] [32mBuilding CXX object CMakeFiles/nav2_costmap_2d_client.dir/src/costmap_subscriber.cpp.o[0m
[102.741s] [ 50%] [32mBuilding CXX object CMakeFiles/filters.dir/plugins/costmap_filters/binary_filter.cpp.o[0m
[104.348s] [ 51%] [32m[1mLinking CXX executable nav2_costmap_2d_markers[0m
[104.438s] [ 52%] [32m[1mLinking CXX executable nav2_costmap_2d_cloud[0m
[104.659s] [ 52%] Built target nav2_costmap_2d_markers
[104.751s] [ 52%] Built target nav2_costmap_2d_cloud
[109.120s] [ 53%] [32mBuilding CXX object CMakeFiles/layers.dir/plugins/denoise_layer.cpp.o[0m
[114.279s] [ 54%] [32m[1mLinking CXX shared library libnav2_costmap_2d_client.so[0m
[114.779s] [ 56%] [32mBuilding CXX object CMakeFiles/layers.dir/plugins/range_sensor_layer.cpp.o[0m
[114.794s] [ 56%] Built target nav2_costmap_2d_client
[120.102s] [ 57%] [32mBuilding CXX object CMakeFiles/filters.dir/plugins/costmap_filters/speed_filter.cpp.o[0m
[133.295s] [ 58%] [32mBuilding CXX object CMakeFiles/layers.dir/plugins/voxel_layer.cpp.o[0m
[143.894s] [ 59%] [32m[1mLinking CXX shared library libfilters.so[0m
[144.468s] [ 59%] Built target filters
[144.492s] [ 60%] [32mBuilding CXX object test/regression/CMakeFiles/plugin_api_order.dir/plugin_api_order.cpp.o[0m
[148.448s] [ 62%] [32mBuilding CXX object CMakeFiles/layers.dir/plugins/obstacle_layer.cpp.o[0m
[148.448s] [ 63%] [32mBuilding CXX object CMakeFiles/layers.dir/src/observation_buffer.cpp.o[0m
[155.506s] [ 64%] [32m[1mLinking CXX executable plugin_api_order[0m
[156.393s] [ 64%] Built target plugin_api_order
[178.814s] [ 65%] [32m[1mLinking CXX shared library liblayers.so[0m
[180.096s] [ 65%] Built target layers
[180.143s] [ 67%] [32mBuilding CXX object test/unit/CMakeFiles/binary_filter_test.dir/binary_filter_test.cpp.o[0m
[180.143s] [ 68%] [32mBuilding CXX object test/unit/CMakeFiles/keepout_filter_test.dir/keepout_filter_test.cpp.o[0m
[180.143s] [ 69%] [32mBuilding CXX object test/integration/CMakeFiles/dyn_params_tests.dir/dyn_params_tests.cpp.o[0m
[180.144s] [ 70%] [32mBuilding CXX object test/unit/CMakeFiles/speed_filter_test.dir/speed_filter_test.cpp.o[0m
[180.147s] [ 73%] [32mBuilding CXX object test/regression/CMakeFiles/order_layer.dir/order_layer.cpp.o[0m
[180.147s] [ 73%] [32mBuilding CXX object test/regression/CMakeFiles/costmap_bresenham_2d.dir/costmap_bresenham_2d.cpp.o[0m
[180.154s] [ 74%] [32mBuilding CXX object CMakeFiles/nav2_costmap_2d.dir/src/costmap_2d_node.cpp.o[0m
[181.211s] [ 75%] [32mBuilding CXX object test/integration/CMakeFiles/inflation_tests_exec.dir/inflation_tests.cpp.o[0m
[181.212s] [ 76%] [32mBuilding CXX object test/integration/CMakeFiles/obstacle_tests_exec.dir/obstacle_tests.cpp.o[0m
[181.217s] [ 78%] [32mBuilding CXX object test/integration/CMakeFiles/test_collision_checker_exec.dir/test_costmap_topic_collision_checker.cpp.o[0m
[181.222s] [ 79%] [32mBuilding CXX object test/integration/CMakeFiles/footprint_tests_exec.dir/footprint_tests.cpp.o[0m
[182.271s] [ 80%] [32mBuilding CXX object test/unit/CMakeFiles/denoise_layer_test.dir/denoise_layer_test.cpp.o[0m
[186.182s] [ 81%] [32m[1mLinking CXX executable costmap_bresenham_2d[0m
[186.938s] [ 81%] Built target costmap_bresenham_2d
[187.017s] [ 82%] [32mBuilding CXX object test/integration/CMakeFiles/range_tests_exec.dir/range_tests.cpp.o[0m
[190.212s] [ 84%] [32m[1mLinking CXX shared library liborder_layer.so[0m
[190.953s] [ 84%] Built target order_layer
[195.599s] [ 85%] [32m[1mLinking CXX executable footprint_tests_exec[0m
[196.692s] [ 85%] Built target footprint_tests_exec
[197.300s] [ 86%] [32m[1mLinking CXX executable nav2_costmap_2d[0m
[198.191s] [ 86%] Built target nav2_costmap_2d
[199.111s] [ 87%] [32mBuilding CXX object test/unit/CMakeFiles/denoise_layer_test.dir/image_processing_test.cpp.o[0m
[200.237s] [ 89%] [32m[1mLinking CXX executable dyn_params_tests[0m
[200.820s] [ 89%] Built target dyn_params_tests
[204.104s] [ 90%] [32m[1mLinking CXX executable obstacle_tests_exec[0m
[204.109s] [ 91%] [32m[1mLinking CXX executable keepout_filter_test[0m
[204.647s] [ 91%] Built target keepout_filter_test
[204.803s] [ 91%] Built target obstacle_tests_exec
[204.877s] [ 92%] [32m[1mLinking CXX executable range_tests_exec[0m
[205.052s] [ 93%] [32mBuilding CXX object test/unit/CMakeFiles/denoise_layer_test.dir/image_test.cpp.o[0m
[205.343s] [ 93%] Built target range_tests_exec
[206.912s] [ 95%] [32m[1mLinking CXX executable inflation_tests_exec[0m
[206.916s] [ 96%] [32m[1mLinking CXX executable denoise_layer_test[0m
[207.353s] [ 97%] [32m[1mLinking CXX executable test_collision_checker_exec[0m
[207.455s] [ 97%] Built target inflation_tests_exec
[207.532s] [ 97%] Built target denoise_layer_test
[207.841s] [ 97%] Built target test_collision_checker_exec
[208.780s] [ 98%] [32m[1mLinking CXX executable speed_filter_test[0m
[209.149s] [ 98%] Built target speed_filter_test
[210.967s] [100%] [32m[1mLinking CXX executable binary_filter_test[0m
[211.324s] [100%] Built target binary_filter_test
[211.338s] Invoked command in '/workstation/nav2_ws/build/nav2_costmap_2d' returned '0': AMENT_PREFIX_PATH=/workstation/nav2_ws/install/nav2_map_server:/workstation/nav2_ws/install/nav2_lifecycle_manager:/workstation/nav2_ws/install/nav2_util:/workstation/nav2_ws/install/nav2_voxel_grid:/workstation/nav2_ws/install/nav2_msgs:/workstation/nav2_ws/install/nav2_common:${AMENT_PREFIX_PATH} CMAKE_PREFIX_PATH=/workstation/nav2_ws/install/nav2_map_server:/workstation/nav2_ws/install/nav2_lifecycle_manager:/workstation/nav2_ws/install/nav2_util:/workstation/nav2_ws/install/nav2_voxel_grid:/workstation/nav2_ws/install/nav2_msgs:/workstation/nav2_ws/install/nav2_common:/opt/ros/humble LD_LIBRARY_PATH=/workstation/nav2_ws/install/nav2_map_server/lib:/workstation/nav2_ws/install/nav2_lifecycle_manager/lib:/workstation/nav2_ws/install/nav2_util/lib:/workstation/nav2_ws/install/nav2_voxel_grid/lib:/workstation/nav2_ws/install/nav2_msgs/lib:${LD_LIBRARY_PATH} PYTHONPATH=/workstation/nav2_ws/install/nav2_msgs/local/lib/python3.10/dist-packages:/workstation/nav2_ws/install/nav2_common/local/lib/python3.10/dist-packages:${PYTHONPATH} /usr/bin/cmake --build /workstation/nav2_ws/build/nav2_costmap_2d -- -j12 -l12
[211.421s] Invoking command in '/workstation/nav2_ws/build/nav2_costmap_2d': AMENT_PREFIX_PATH=/workstation/nav2_ws/install/nav2_map_server:/workstation/nav2_ws/install/nav2_lifecycle_manager:/workstation/nav2_ws/install/nav2_util:/workstation/nav2_ws/install/nav2_voxel_grid:/workstation/nav2_ws/install/nav2_msgs:/workstation/nav2_ws/install/nav2_common:${AMENT_PREFIX_PATH} CMAKE_PREFIX_PATH=/workstation/nav2_ws/install/nav2_map_server:/workstation/nav2_ws/install/nav2_lifecycle_manager:/workstation/nav2_ws/install/nav2_util:/workstation/nav2_ws/install/nav2_voxel_grid:/workstation/nav2_ws/install/nav2_msgs:/workstation/nav2_ws/install/nav2_common:/opt/ros/humble LD_LIBRARY_PATH=/workstation/nav2_ws/install/nav2_map_server/lib:/workstation/nav2_ws/install/nav2_lifecycle_manager/lib:/workstation/nav2_ws/install/nav2_util/lib:/workstation/nav2_ws/install/nav2_voxel_grid/lib:/workstation/nav2_ws/install/nav2_msgs/lib:${LD_LIBRARY_PATH} PYTHONPATH=/workstation/nav2_ws/install/nav2_msgs/local/lib/python3.10/dist-packages:/workstation/nav2_ws/install/nav2_common/local/lib/python3.10/dist-packages:${PYTHONPATH} /usr/bin/cmake --install /workstation/nav2_ws/build/nav2_costmap_2d
[211.428s] -- Install configuration: "Release"
[211.428s] -- Installing: /workstation/nav2_ws/install/nav2_costmap_2d/lib/liblayers.so
[211.430s] -- Set runtime path of "/workstation/nav2_ws/install/nav2_costmap_2d/lib/liblayers.so" to ""
[211.430s] -- Installing: /workstation/nav2_ws/install/nav2_costmap_2d/lib/libfilters.so
[211.432s] -- Set runtime path of "/workstation/nav2_ws/install/nav2_costmap_2d/lib/libfilters.so" to ""
[211.432s] -- Installing: /workstation/nav2_ws/install/nav2_costmap_2d/lib/libnav2_costmap_2d_core.so
[211.436s] -- Set runtime path of "/workstation/nav2_ws/install/nav2_costmap_2d/lib/libnav2_costmap_2d_core.so" to ""
[211.436s] -- Installing: /workstation/nav2_ws/install/nav2_costmap_2d/lib/libnav2_costmap_2d_client.so
[211.437s] -- Set runtime path of "/workstation/nav2_ws/install/nav2_costmap_2d/lib/libnav2_costmap_2d_client.so" to ""
[211.437s] -- Installing: /workstation/nav2_ws/install/nav2_costmap_2d/lib/nav2_costmap_2d/nav2_costmap_2d_markers
[211.438s] -- Set runtime path of "/workstation/nav2_ws/install/nav2_costmap_2d/lib/nav2_costmap_2d/nav2_costmap_2d_markers" to ""
[211.438s] -- Installing: /workstation/nav2_ws/install/nav2_costmap_2d/lib/nav2_costmap_2d/nav2_costmap_2d_cloud
[211.439s] -- Set runtime path of "/workstation/nav2_ws/install/nav2_costmap_2d/lib/nav2_costmap_2d/nav2_costmap_2d_cloud" to ""
[211.439s] -- Installing: /workstation/nav2_ws/install/nav2_costmap_2d/lib/nav2_costmap_2d/nav2_costmap_2d
[211.439s] -- Set runtime path of "/workstation/nav2_ws/install/nav2_costmap_2d/lib/nav2_costmap_2d/nav2_costmap_2d" to ""
[211.439s] -- Installing: /workstation/nav2_ws/install/nav2_costmap_2d/share/nav2_costmap_2d/costmap_plugins.xml
[211.445s] -- Installing: /workstation/nav2_ws/install/nav2_costmap_2d/include/nav2_costmap_2d
[211.445s] -- Installing: /workstation/nav2_ws/install/nav2_costmap_2d/include/nav2_costmap_2d/nav2_costmap_2d
[211.446s] -- Installing: /workstation/nav2_ws/install/nav2_costmap_2d/include/nav2_costmap_2d/nav2_costmap_2d/costmap_2d.hpp
[211.446s] -- Installing: /workstation/nav2_ws/install/nav2_costmap_2d/include/nav2_costmap_2d/nav2_costmap_2d/static_layer.hpp
[211.446s] -- Installing: /workstation/nav2_ws/install/nav2_costmap_2d/include/nav2_costmap_2d/nav2_costmap_2d/clear_costmap_service.hpp
[211.446s] -- Installing: /workstation/nav2_ws/install/nav2_costmap_2d/include/nav2_costmap_2d/nav2_costmap_2d/footprint_collision_checker.hpp
[211.446s] -- Installing: /workstation/nav2_ws/install/nav2_costmap_2d/include/nav2_costmap_2d/nav2_costmap_2d/range_sensor_layer.hpp
[211.446s] -- Installing: /workstation/nav2_ws/install/nav2_costmap_2d/include/nav2_costmap_2d/nav2_costmap_2d/costmap_2d_publisher.hpp
[211.446s] -- Installing: /workstation/nav2_ws/install/nav2_costmap_2d/include/nav2_costmap_2d/nav2_costmap_2d/obstacle_layer.hpp
[211.446s] -- Installing: /workstation/nav2_ws/install/nav2_costmap_2d/include/nav2_costmap_2d/nav2_costmap_2d/cost_values.hpp
[211.446s] -- Installing: /workstation/nav2_ws/install/nav2_costmap_2d/include/nav2_costmap_2d/nav2_costmap_2d/denoise
[211.446s] -- Installing: /workstation/nav2_ws/install/nav2_costmap_2d/include/nav2_costmap_2d/nav2_costmap_2d/denoise/image.hpp
[211.447s] -- Installing: /workstation/nav2_ws/install/nav2_costmap_2d/include/nav2_costmap_2d/nav2_costmap_2d/denoise/image_processing.hpp
[211.447s] -- Installing: /workstation/nav2_ws/install/nav2_costmap_2d/include/nav2_costmap_2d/nav2_costmap_2d/footprint_subscriber.hpp
[211.447s] -- Installing: /workstation/nav2_ws/install/nav2_costmap_2d/include/nav2_costmap_2d/nav2_costmap_2d/layer.hpp
[211.447s] -- Installing: /workstation/nav2_ws/install/nav2_costmap_2d/include/nav2_costmap_2d/nav2_costmap_2d/footprint.hpp
[211.447s] -- Installing: /workstation/nav2_ws/install/nav2_costmap_2d/include/nav2_costmap_2d/nav2_costmap_2d/costmap_layer.hpp
[211.447s] -- Installing: /workstation/nav2_ws/install/nav2_costmap_2d/include/nav2_costmap_2d/nav2_costmap_2d/inflation_layer.hpp
[211.447s] -- Installing: /workstation/nav2_ws/install/nav2_costmap_2d/include/nav2_costmap_2d/nav2_costmap_2d/layered_costmap.hpp
[211.447s] -- Installing: /workstation/nav2_ws/install/nav2_costmap_2d/include/nav2_costmap_2d/nav2_costmap_2d/observation.hpp
[211.447s] -- Installing: /workstation/nav2_ws/install/nav2_costmap_2d/include/nav2_costmap_2d/nav2_costmap_2d/array_parser.hpp
[211.447s] -- Installing: /workstation/nav2_ws/install/nav2_costmap_2d/include/nav2_costmap_2d/nav2_costmap_2d/denoise_layer.hpp
[211.448s] -- Installing: /workstation/nav2_ws/install/nav2_costmap_2d/include/nav2_costmap_2d/nav2_costmap_2d/costmap_math.hpp
[211.448s] -- Installing: /workstation/nav2_ws/install/nav2_costmap_2d/include/nav2_costmap_2d/nav2_costmap_2d/costmap_subscriber.hpp
[211.448s] -- Installing: /workstation/nav2_ws/install/nav2_costmap_2d/include/nav2_costmap_2d/nav2_costmap_2d/costmap_filters
[211.448s] -- Installing: /workstation/nav2_ws/install/nav2_costmap_2d/include/nav2_costmap_2d/nav2_costmap_2d/costmap_filters/binary_filter.hpp
[211.448s] -- Installing: /workstation/nav2_ws/install/nav2_costmap_2d/include/nav2_costmap_2d/nav2_costmap_2d/costmap_filters/speed_filter.hpp
[211.448s] -- Installing: /workstation/nav2_ws/install/nav2_costmap_2d/include/nav2_costmap_2d/nav2_costmap_2d/costmap_filters/keepout_filter.hpp
[211.448s] -- Installing: /workstation/nav2_ws/install/nav2_costmap_2d/include/nav2_costmap_2d/nav2_costmap_2d/costmap_filters/filter_values.hpp
[211.448s] -- Installing: /workstation/nav2_ws/install/nav2_costmap_2d/include/nav2_costmap_2d/nav2_costmap_2d/costmap_filters/costmap_filter.hpp
[211.448s] -- Installing: /workstation/nav2_ws/install/nav2_costmap_2d/include/nav2_costmap_2d/nav2_costmap_2d/voxel_layer.hpp
[211.448s] -- Installing: /workstation/nav2_ws/install/nav2_costmap_2d/include/nav2_costmap_2d/nav2_costmap_2d/observation_buffer.hpp
[211.449s] -- Installing: /workstation/nav2_ws/install/nav2_costmap_2d/include/nav2_costmap_2d/nav2_costmap_2d/costmap_2d_ros.hpp
[211.449s] -- Installing: /workstation/nav2_ws/install/nav2_costmap_2d/include/nav2_costmap_2d/nav2_costmap_2d/costmap_topic_collision_checker.hpp
[211.449s] -- Installing: /workstation/nav2_ws/install/nav2_costmap_2d/include/nav2_costmap_2d/nav2_costmap_2d/exceptions.hpp
[211.449s] -- Installing: /workstation/nav2_ws/install/nav2_costmap_2d/share/nav2_costmap_2d/test/regression/order_layer.xml
[211.449s] -- Installing: /workstation/nav2_ws/install/nav2_costmap_2d/share/nav2_costmap_2d/environment/library_path.sh
[211.449s] -- Installing: /workstation/nav2_ws/install/nav2_costmap_2d/share/nav2_costmap_2d/environment/library_path.dsv
[211.449s] -- Up-to-date: /workstation/nav2_ws/install/nav2_costmap_2d/share/nav2_costmap_2d/costmap_plugins.xml
[211.450s] -- Installing: /workstation/nav2_ws/install/nav2_costmap_2d/share/ament_index/resource_index/package_run_dependencies/nav2_costmap_2d
[211.450s] -- Installing: /workstation/nav2_ws/install/nav2_costmap_2d/share/ament_index/resource_index/parent_prefix_path/nav2_costmap_2d
[211.450s] -- Installing: /workstation/nav2_ws/install/nav2_costmap_2d/share/nav2_costmap_2d/environment/ament_prefix_path.sh
[211.450s] -- Installing: /workstation/nav2_ws/install/nav2_costmap_2d/share/nav2_costmap_2d/environment/ament_prefix_path.dsv
[211.450s] -- Installing: /workstation/nav2_ws/install/nav2_costmap_2d/share/nav2_costmap_2d/environment/path.sh
[211.450s] -- Installing: /workstation/nav2_ws/install/nav2_costmap_2d/share/nav2_costmap_2d/environment/path.dsv
[211.450s] -- Installing: /workstation/nav2_ws/install/nav2_costmap_2d/share/nav2_costmap_2d/local_setup.bash
[211.450s] -- Installing: /workstation/nav2_ws/install/nav2_costmap_2d/share/nav2_costmap_2d/local_setup.sh
[211.450s] -- Installing: /workstation/nav2_ws/install/nav2_costmap_2d/share/nav2_costmap_2d/local_setup.zsh
[211.451s] -- Installing: /workstation/nav2_ws/install/nav2_costmap_2d/share/nav2_costmap_2d/local_setup.dsv
[211.451s] -- Installing: /workstation/nav2_ws/install/nav2_costmap_2d/share/nav2_costmap_2d/package.dsv
[211.451s] -- Installing: /workstation/nav2_ws/install/nav2_costmap_2d/share/ament_index/resource_index/packages/nav2_costmap_2d
[211.451s] -- Installing: /workstation/nav2_ws/install/nav2_costmap_2d/share/ament_index/resource_index/nav2_costmap_2d__pluginlib__plugin/nav2_costmap_2d
[211.451s] -- Installing: /workstation/nav2_ws/install/nav2_costmap_2d/share/nav2_costmap_2d/cmake/export_nav2_costmap_2dExport.cmake
[211.451s] -- Installing: /workstation/nav2_ws/install/nav2_costmap_2d/share/nav2_costmap_2d/cmake/export_nav2_costmap_2dExport-release.cmake
[211.452s] -- Installing: /workstation/nav2_ws/install/nav2_costmap_2d/share/nav2_costmap_2d/cmake/ament_cmake_export_targets-extras.cmake
[211.452s] -- Installing: /workstation/nav2_ws/install/nav2_costmap_2d/share/nav2_costmap_2d/cmake/ament_cmake_export_dependencies-extras.cmake
[211.452s] -- Installing: /workstation/nav2_ws/install/nav2_costmap_2d/share/nav2_costmap_2d/cmake/nav2_costmap_2dConfig.cmake
[211.452s] -- Installing: /workstation/nav2_ws/install/nav2_costmap_2d/share/nav2_costmap_2d/cmake/nav2_costmap_2dConfig-version.cmake
[211.452s] -- Installing: /workstation/nav2_ws/install/nav2_costmap_2d/share/nav2_costmap_2d/package.xml
[211.453s] -- Installing: /workstation/nav2_ws/install/nav2_costmap_2d/lib/liborder_layer.so
[211.453s] -- Set runtime path of "/workstation/nav2_ws/install/nav2_costmap_2d/lib/liborder_layer.so" to ""
[211.455s] Invoked command in '/workstation/nav2_ws/build/nav2_costmap_2d' returned '0': AMENT_PREFIX_PATH=/workstation/nav2_ws/install/nav2_map_server:/workstation/nav2_ws/install/nav2_lifecycle_manager:/workstation/nav2_ws/install/nav2_util:/workstation/nav2_ws/install/nav2_voxel_grid:/workstation/nav2_ws/install/nav2_msgs:/workstation/nav2_ws/install/nav2_common:${AMENT_PREFIX_PATH} CMAKE_PREFIX_PATH=/workstation/nav2_ws/install/nav2_map_server:/workstation/nav2_ws/install/nav2_lifecycle_manager:/workstation/nav2_ws/install/nav2_util:/workstation/nav2_ws/install/nav2_voxel_grid:/workstation/nav2_ws/install/nav2_msgs:/workstation/nav2_ws/install/nav2_common:/opt/ros/humble LD_LIBRARY_PATH=/workstation/nav2_ws/install/nav2_map_server/lib:/workstation/nav2_ws/install/nav2_lifecycle_manager/lib:/workstation/nav2_ws/install/nav2_util/lib:/workstation/nav2_ws/install/nav2_voxel_grid/lib:/workstation/nav2_ws/install/nav2_msgs/lib:${LD_LIBRARY_PATH} PYTHONPATH=/workstation/nav2_ws/install/nav2_msgs/local/lib/python3.10/dist-packages:/workstation/nav2_ws/install/nav2_common/local/lib/python3.10/dist-packages:${PYTHONPATH} /usr/bin/cmake --install /workstation/nav2_ws/build/nav2_costmap_2d
