[0.022s] Invoking command in '/workstation/nav2_ws/build/costmap_queue': AMENT_PREFIX_PATH=/workstation/nav2_ws/install/nav2_costmap_2d:/workstation/nav2_ws/install/nav2_map_server:/workstation/nav2_ws/install/nav2_lifecycle_manager:/workstation/nav2_ws/install/nav2_util:/workstation/nav2_ws/install/nav2_voxel_grid:/workstation/nav2_ws/install/nav2_msgs:/workstation/nav2_ws/install/nav2_common:${AMENT_PREFIX_PATH} CMAKE_PREFIX_PATH=/workstation/nav2_ws/install/nav2_costmap_2d:/workstation/nav2_ws/install/nav2_map_server:/workstation/nav2_ws/install/nav2_lifecycle_manager:/workstation/nav2_ws/install/nav2_util:/workstation/nav2_ws/install/nav2_voxel_grid:/workstation/nav2_ws/install/nav2_msgs:/workstation/nav2_ws/install/nav2_common:/opt/ros/humble LD_LIBRARY_PATH=/workstation/nav2_ws/install/nav2_costmap_2d/lib:/workstation/nav2_ws/install/nav2_map_server/lib:/workstation/nav2_ws/install/nav2_lifecycle_manager/lib:/workstation/nav2_ws/install/nav2_util/lib:/workstation/nav2_ws/install/nav2_voxel_grid/lib:/workstation/nav2_ws/install/nav2_msgs/lib:${LD_LIBRARY_PATH} PYTHONPATH=/workstation/nav2_ws/install/nav2_msgs/local/lib/python3.10/dist-packages:/workstation/nav2_ws/install/nav2_common/local/lib/python3.10/dist-packages:${PYTHONPATH} /usr/bin/cmake /workstation/nav2_ws/src/navigation2/nav2_dwb_controller/costmap_queue -DCMAKE_INSTALL_PREFIX=/workstation/nav2_ws/install/costmap_queue
[0.074s] -- The C compiler identification is GNU 11.4.0
[0.130s] -- The CXX compiler identification is GNU 11.4.0
[0.136s] -- Detecting C compiler ABI info
[0.201s] -- Detecting C compiler ABI info - done
[0.208s] -- Check for working C compiler: /usr/bin/cc - skipped
[0.208s] -- Detecting C compile features
[0.209s] -- Detecting C compile features - done
[0.212s] -- Detecting CXX compiler ABI info
[0.289s] -- Detecting CXX compiler ABI info - done
[0.297s] -- Check for working CXX compiler: /usr/bin/c++ - skipped
[0.298s] -- Detecting CXX compile features
[0.298s] -- Detecting CXX compile features - done
[0.301s] -- Found ament_cmake: 1.3.10 (/opt/ros/humble/share/ament_cmake/cmake)
[0.461s] -- Found Python3: /usr/bin/python3 (found version "3.10.12") found components: Interpreter 
[0.564s] -- Found nav2_common: 1.1.16 (/workstation/nav2_ws/install/nav2_common/share/nav2_common/cmake)
[0.565s] -- Found nav2_costmap_2d: 1.1.16 (/workstation/nav2_ws/install/nav2_costmap_2d/share/nav2_costmap_2d/cmake)
[0.616s] -- Found rosidl_generator_c: 3.1.5 (/opt/ros/humble/share/rosidl_generator_c/cmake)
[0.623s] -- Found rosidl_adapter: 3.1.5 (/opt/ros/humble/share/rosidl_adapter/cmake)
[0.633s] -- Found rosidl_generator_cpp: 3.1.5 (/opt/ros/humble/share/rosidl_generator_cpp/cmake)
[0.647s] -- Using all available rosidl_typesupport_c: rosidl_typesupport_fastrtps_c;rosidl_typesupport_introspection_c
[0.666s] -- Using all available rosidl_typesupport_cpp: rosidl_typesupport_fastrtps_cpp;rosidl_typesupport_introspection_cpp
[0.774s] -- Found rmw_implementation_cmake: 6.1.2 (/opt/ros/humble/share/rmw_implementation_cmake/cmake)
[0.779s] -- Found rmw_fastrtps_cpp: 6.2.7 (/opt/ros/humble/share/rmw_fastrtps_cpp/cmake)
[0.868s] -- Found OpenSSL: /usr/lib/x86_64-linux-gnu/libcrypto.so (found version "3.0.2")  
[0.895s] -- Found FastRTPS: /opt/ros/humble/include  
[0.940s] -- Using RMW implementation 'rmw_fastrtps_cpp' as default
[0.952s] -- Looking for pthread.h
[1.021s] -- Looking for pthread.h - found
[1.021s] -- Performing Test CMAKE_HAVE_LIBC_PTHREAD
[1.092s] -- Performing Test CMAKE_HAVE_LIBC_PTHREAD - Success
[1.093s] -- Found Threads: TRUE  
[1.360s] -- Found Eigen3: TRUE (found version "3.4.0") 
[1.360s] -- Ensuring Eigen3 include directory is part of orocos-kdl CMake target
[1.496s] -- Setting build type to Release as none was specified.
[1.501s] -- Found ament_lint_auto: 0.12.11 (/opt/ros/humble/share/ament_lint_auto/cmake)
[1.595s] -- Found gtest sources under '/opt/ros/humble/src/gtest_vendor': C++ tests using 'Google Test' will be built
[1.615s] -- Added test 'cppcheck' to perform static code analysis on C / C++ code
[1.615s] -- Configured cppcheck include dirs: /workstation/nav2_ws/src/navigation2/nav2_dwb_controller/costmap_queue/include
[1.615s] -- Configured cppcheck exclude dirs and/or files: 
[1.617s] -- Added test 'cpplint' to check C / C++ code against the Google style
[1.617s] -- Configured cpplint exclude dirs and/or files: 
[1.618s] -- Added test 'lint_cmake' to check CMake code style
[1.619s] -- Added test 'uncrustify' to check C / C++ code style
[1.619s] -- Configured uncrustify additional arguments: 
[1.620s] -- Added test 'xmllint' to check XML markup files
[1.622s] -- Configuring done
[1.728s] -- Generating done
[1.730s] -- Build files have been written to: /workstation/nav2_ws/build/costmap_queue
[1.741s] Invoked command in '/workstation/nav2_ws/build/costmap_queue' returned '0': AMENT_PREFIX_PATH=/workstation/nav2_ws/install/nav2_costmap_2d:/workstation/nav2_ws/install/nav2_map_server:/workstation/nav2_ws/install/nav2_lifecycle_manager:/workstation/nav2_ws/install/nav2_util:/workstation/nav2_ws/install/nav2_voxel_grid:/workstation/nav2_ws/install/nav2_msgs:/workstation/nav2_ws/install/nav2_common:${AMENT_PREFIX_PATH} CMAKE_PREFIX_PATH=/workstation/nav2_ws/install/nav2_costmap_2d:/workstation/nav2_ws/install/nav2_map_server:/workstation/nav2_ws/install/nav2_lifecycle_manager:/workstation/nav2_ws/install/nav2_util:/workstation/nav2_ws/install/nav2_voxel_grid:/workstation/nav2_ws/install/nav2_msgs:/workstation/nav2_ws/install/nav2_common:/opt/ros/humble LD_LIBRARY_PATH=/workstation/nav2_ws/install/nav2_costmap_2d/lib:/workstation/nav2_ws/install/nav2_map_server/lib:/workstation/nav2_ws/install/nav2_lifecycle_manager/lib:/workstation/nav2_ws/install/nav2_util/lib:/workstation/nav2_ws/install/nav2_voxel_grid/lib:/workstation/nav2_ws/install/nav2_msgs/lib:${LD_LIBRARY_PATH} PYTHONPATH=/workstation/nav2_ws/install/nav2_msgs/local/lib/python3.10/dist-packages:/workstation/nav2_ws/install/nav2_common/local/lib/python3.10/dist-packages:${PYTHONPATH} /usr/bin/cmake /workstation/nav2_ws/src/navigation2/nav2_dwb_controller/costmap_queue -DCMAKE_INSTALL_PREFIX=/workstation/nav2_ws/install/costmap_queue
[1.742s] Invoking command in '/workstation/nav2_ws/build/costmap_queue': AMENT_PREFIX_PATH=/workstation/nav2_ws/install/nav2_costmap_2d:/workstation/nav2_ws/install/nav2_map_server:/workstation/nav2_ws/install/nav2_lifecycle_manager:/workstation/nav2_ws/install/nav2_util:/workstation/nav2_ws/install/nav2_voxel_grid:/workstation/nav2_ws/install/nav2_msgs:/workstation/nav2_ws/install/nav2_common:${AMENT_PREFIX_PATH} CMAKE_PREFIX_PATH=/workstation/nav2_ws/install/nav2_costmap_2d:/workstation/nav2_ws/install/nav2_map_server:/workstation/nav2_ws/install/nav2_lifecycle_manager:/workstation/nav2_ws/install/nav2_util:/workstation/nav2_ws/install/nav2_voxel_grid:/workstation/nav2_ws/install/nav2_msgs:/workstation/nav2_ws/install/nav2_common:/opt/ros/humble LD_LIBRARY_PATH=/workstation/nav2_ws/install/nav2_costmap_2d/lib:/workstation/nav2_ws/install/nav2_map_server/lib:/workstation/nav2_ws/install/nav2_lifecycle_manager/lib:/workstation/nav2_ws/install/nav2_util/lib:/workstation/nav2_ws/install/nav2_voxel_grid/lib:/workstation/nav2_ws/install/nav2_msgs/lib:${LD_LIBRARY_PATH} PYTHONPATH=/workstation/nav2_ws/install/nav2_msgs/local/lib/python3.10/dist-packages:/workstation/nav2_ws/install/nav2_common/local/lib/python3.10/dist-packages:${PYTHONPATH} /usr/bin/cmake --build /workstation/nav2_ws/build/costmap_queue -- -j12 -l12
[1.804s] [  9%] [32mBuilding CXX object gtest/CMakeFiles/gtest_main.dir/src/gtest_main.cc.o[0m
[1.805s] [ 18%] [32mBuilding CXX object gtest/CMakeFiles/gtest.dir/src/gtest-all.cc.o[0m
[1.805s] [ 27%] [32mBuilding CXX object CMakeFiles/costmap_queue.dir/src/limited_costmap_queue.cpp.o[0m
[1.805s] [ 36%] [32mBuilding CXX object CMakeFiles/costmap_queue.dir/src/costmap_queue.cpp.o[0m
[4.013s] [ 45%] [32m[1mLinking CXX static library libgtest_main.a[0m
[4.094s] [ 45%] Built target gtest_main
[4.507s] [ 54%] [32m[1mLinking CXX shared library libcostmap_queue.so[0m
[4.988s] [ 54%] Built target costmap_queue
[25.523s] [ 63%] [32m[1mLinking CXX static library libgtest.a[0m
[25.624s] [ 63%] Built target gtest
[25.673s] [ 72%] [32mBuilding CXX object CMakeFiles/mbq_test.dir/test/mbq_test.cpp.o[0m
[31.260s] [ 81%] [32m[1mLinking CXX executable mbq_test[0m
[33.749s] [ 81%] Built target mbq_test
[33.836s] [ 90%] [32mBuilding CXX object CMakeFiles/utest.dir/test/utest.cpp.o[0m
[45.884s] [100%] [32m[1mLinking CXX executable utest[0m
[46.644s] [100%] Built target utest
[46.668s] Invoked command in '/workstation/nav2_ws/build/costmap_queue' returned '0': AMENT_PREFIX_PATH=/workstation/nav2_ws/install/nav2_costmap_2d:/workstation/nav2_ws/install/nav2_map_server:/workstation/nav2_ws/install/nav2_lifecycle_manager:/workstation/nav2_ws/install/nav2_util:/workstation/nav2_ws/install/nav2_voxel_grid:/workstation/nav2_ws/install/nav2_msgs:/workstation/nav2_ws/install/nav2_common:${AMENT_PREFIX_PATH} CMAKE_PREFIX_PATH=/workstation/nav2_ws/install/nav2_costmap_2d:/workstation/nav2_ws/install/nav2_map_server:/workstation/nav2_ws/install/nav2_lifecycle_manager:/workstation/nav2_ws/install/nav2_util:/workstation/nav2_ws/install/nav2_voxel_grid:/workstation/nav2_ws/install/nav2_msgs:/workstation/nav2_ws/install/nav2_common:/opt/ros/humble LD_LIBRARY_PATH=/workstation/nav2_ws/install/nav2_costmap_2d/lib:/workstation/nav2_ws/install/nav2_map_server/lib:/workstation/nav2_ws/install/nav2_lifecycle_manager/lib:/workstation/nav2_ws/install/nav2_util/lib:/workstation/nav2_ws/install/nav2_voxel_grid/lib:/workstation/nav2_ws/install/nav2_msgs/lib:${LD_LIBRARY_PATH} PYTHONPATH=/workstation/nav2_ws/install/nav2_msgs/local/lib/python3.10/dist-packages:/workstation/nav2_ws/install/nav2_common/local/lib/python3.10/dist-packages:${PYTHONPATH} /usr/bin/cmake --build /workstation/nav2_ws/build/costmap_queue -- -j12 -l12
[46.825s] Invoking command in '/workstation/nav2_ws/build/costmap_queue': AMENT_PREFIX_PATH=/workstation/nav2_ws/install/nav2_costmap_2d:/workstation/nav2_ws/install/nav2_map_server:/workstation/nav2_ws/install/nav2_lifecycle_manager:/workstation/nav2_ws/install/nav2_util:/workstation/nav2_ws/install/nav2_voxel_grid:/workstation/nav2_ws/install/nav2_msgs:/workstation/nav2_ws/install/nav2_common:${AMENT_PREFIX_PATH} CMAKE_PREFIX_PATH=/workstation/nav2_ws/install/nav2_costmap_2d:/workstation/nav2_ws/install/nav2_map_server:/workstation/nav2_ws/install/nav2_lifecycle_manager:/workstation/nav2_ws/install/nav2_util:/workstation/nav2_ws/install/nav2_voxel_grid:/workstation/nav2_ws/install/nav2_msgs:/workstation/nav2_ws/install/nav2_common:/opt/ros/humble LD_LIBRARY_PATH=/workstation/nav2_ws/install/nav2_costmap_2d/lib:/workstation/nav2_ws/install/nav2_map_server/lib:/workstation/nav2_ws/install/nav2_lifecycle_manager/lib:/workstation/nav2_ws/install/nav2_util/lib:/workstation/nav2_ws/install/nav2_voxel_grid/lib:/workstation/nav2_ws/install/nav2_msgs/lib:${LD_LIBRARY_PATH} PYTHONPATH=/workstation/nav2_ws/install/nav2_msgs/local/lib/python3.10/dist-packages:/workstation/nav2_ws/install/nav2_common/local/lib/python3.10/dist-packages:${PYTHONPATH} /usr/bin/cmake --install /workstation/nav2_ws/build/costmap_queue
[88.015s] -- Install configuration: "Release"
[88.017s] -- Installing: /workstation/nav2_ws/install/costmap_queue/lib/libcostmap_queue.so
[88.018s] -- Set runtime path of "/workstation/nav2_ws/install/costmap_queue/lib/libcostmap_queue.so" to ""
[88.020s] -- Installing: /workstation/nav2_ws/install/costmap_queue/include/
[88.021s] -- Installing: /workstation/nav2_ws/install/costmap_queue/include//costmap_queue
[88.021s] -- Installing: /workstation/nav2_ws/install/costmap_queue/include//costmap_queue/map_based_queue.hpp
[88.022s] -- Installing: /workstation/nav2_ws/install/costmap_queue/include//costmap_queue/costmap_queue.hpp
[88.022s] -- Installing: /workstation/nav2_ws/install/costmap_queue/include//costmap_queue/limited_costmap_queue.hpp
[88.022s] -- Installing: /workstation/nav2_ws/install/costmap_queue/share/costmap_queue/environment/library_path.sh
[88.022s] -- Installing: /workstation/nav2_ws/install/costmap_queue/share/costmap_queue/environment/library_path.dsv
[88.022s] -- Installing: /workstation/nav2_ws/install/costmap_queue/share/ament_index/resource_index/package_run_dependencies/costmap_queue
[88.022s] -- Installing: /workstation/nav2_ws/install/costmap_queue/share/ament_index/resource_index/parent_prefix_path/costmap_queue
[88.023s] -- Installing: /workstation/nav2_ws/install/costmap_queue/share/costmap_queue/environment/ament_prefix_path.sh
[88.023s] -- Installing: /workstation/nav2_ws/install/costmap_queue/share/costmap_queue/environment/ament_prefix_path.dsv
[88.023s] -- Installing: /workstation/nav2_ws/install/costmap_queue/share/costmap_queue/environment/path.sh
[88.023s] -- Installing: /workstation/nav2_ws/install/costmap_queue/share/costmap_queue/environment/path.dsv
[88.023s] -- Installing: /workstation/nav2_ws/install/costmap_queue/share/costmap_queue/local_setup.bash
[88.023s] -- Installing: /workstation/nav2_ws/install/costmap_queue/share/costmap_queue/local_setup.sh
[88.024s] -- Installing: /workstation/nav2_ws/install/costmap_queue/share/costmap_queue/local_setup.zsh
[88.024s] -- Installing: /workstation/nav2_ws/install/costmap_queue/share/costmap_queue/local_setup.dsv
[88.024s] -- Installing: /workstation/nav2_ws/install/costmap_queue/share/costmap_queue/package.dsv
[88.024s] -- Installing: /workstation/nav2_ws/install/costmap_queue/share/ament_index/resource_index/packages/costmap_queue
[88.024s] -- Installing: /workstation/nav2_ws/install/costmap_queue/share/costmap_queue/cmake/ament_cmake_export_include_directories-extras.cmake
[88.024s] -- Installing: /workstation/nav2_ws/install/costmap_queue/share/costmap_queue/cmake/ament_cmake_export_libraries-extras.cmake
[88.025s] -- Installing: /workstation/nav2_ws/install/costmap_queue/share/costmap_queue/cmake/costmap_queueConfig.cmake
[88.025s] -- Installing: /workstation/nav2_ws/install/costmap_queue/share/costmap_queue/cmake/costmap_queueConfig-version.cmake
[88.025s] -- Installing: /workstation/nav2_ws/install/costmap_queue/share/costmap_queue/package.xml
[88.060s] Invoked command in '/workstation/nav2_ws/build/costmap_queue' returned '0': AMENT_PREFIX_PATH=/workstation/nav2_ws/install/nav2_costmap_2d:/workstation/nav2_ws/install/nav2_map_server:/workstation/nav2_ws/install/nav2_lifecycle_manager:/workstation/nav2_ws/install/nav2_util:/workstation/nav2_ws/install/nav2_voxel_grid:/workstation/nav2_ws/install/nav2_msgs:/workstation/nav2_ws/install/nav2_common:${AMENT_PREFIX_PATH} CMAKE_PREFIX_PATH=/workstation/nav2_ws/install/nav2_costmap_2d:/workstation/nav2_ws/install/nav2_map_server:/workstation/nav2_ws/install/nav2_lifecycle_manager:/workstation/nav2_ws/install/nav2_util:/workstation/nav2_ws/install/nav2_voxel_grid:/workstation/nav2_ws/install/nav2_msgs:/workstation/nav2_ws/install/nav2_common:/opt/ros/humble LD_LIBRARY_PATH=/workstation/nav2_ws/install/nav2_costmap_2d/lib:/workstation/nav2_ws/install/nav2_map_server/lib:/workstation/nav2_ws/install/nav2_lifecycle_manager/lib:/workstation/nav2_ws/install/nav2_util/lib:/workstation/nav2_ws/install/nav2_voxel_grid/lib:/workstation/nav2_ws/install/nav2_msgs/lib:${LD_LIBRARY_PATH} PYTHONPATH=/workstation/nav2_ws/install/nav2_msgs/local/lib/python3.10/dist-packages:/workstation/nav2_ws/install/nav2_common/local/lib/python3.10/dist-packages:${PYTHONPATH} /usr/bin/cmake --install /workstation/nav2_ws/build/costmap_queue
