[0.024s] Invoking command in '/workstation/ros_ws/build/leo_pose': CMAKE_PREFIX_PATH=/opt/ros/humble /usr/bin/cmake /workstation/ros_ws/src/leo_pose -DCMAKE_INSTALL_PREFIX=/workstation/ros_ws/install/leo_pose
[0.089s] -- The C compiler identification is GNU 11.4.0
[0.161s] -- The CXX compiler identification is GNU 11.4.0
[0.173s] -- Detecting C compiler ABI info
[0.262s] -- Detecting C compiler ABI info - done
[0.276s] -- Check for working C compiler: /usr/bin/cc - skipped
[0.276s] -- Detecting C compile features
[0.276s] -- Detecting C compile features - done
[0.282s] -- Detecting CXX compiler ABI info
[0.389s] -- Detecting CXX compiler ABI info - done
[0.403s] -- Check for working CXX compiler: /usr/bin/c++ - skipped
[0.403s] -- Detecting CXX compile features
[0.404s] -- Detecting CXX compile features - done
[0.408s] -- Found ament_cmake_auto: 1.3.10 (/opt/ros/humble/share/ament_cmake_auto/cmake)
[0.620s] -- Found Python3: /usr/bin/python3 (found version "3.10.12") found components: Interpreter 
[0.955s] -- Found rosidl_generator_c: 3.1.5 (/opt/ros/humble/share/rosidl_generator_c/cmake)
[0.964s] -- Found rosidl_adapter: 3.1.5 (/opt/ros/humble/share/rosidl_adapter/cmake)
[0.976s] -- Found rosidl_generator_cpp: 3.1.5 (/opt/ros/humble/share/rosidl_generator_cpp/cmake)
[0.994s] -- Using all available rosidl_typesupport_c: rosidl_typesupport_fastrtps_c;rosidl_typesupport_introspection_c
[1.020s] -- Using all available rosidl_typesupport_cpp: rosidl_typesupport_fastrtps_cpp;rosidl_typesupport_introspection_cpp
[1.091s] -- Found rmw_implementation_cmake: 6.1.2 (/opt/ros/humble/share/rmw_implementation_cmake/cmake)
[1.095s] -- Found rmw_fastrtps_cpp: 6.2.7 (/opt/ros/humble/share/rmw_fastrtps_cpp/cmake)
[1.205s] -- Found OpenSSL: /usr/lib/x86_64-linux-gnu/libcrypto.so (found version "3.0.2")  
[1.245s] -- Found FastRTPS: /opt/ros/humble/include  
[1.320s] -- Using RMW implementation 'rmw_fastrtps_cpp' as default
[1.333s] -- Looking for pthread.h
[1.418s] -- Looking for pthread.h - found
[1.418s] -- Performing Test CMAKE_HAVE_LIBC_PTHREAD
[1.492s] -- Performing Test CMAKE_HAVE_LIBC_PTHREAD - Success
[1.493s] -- Found Threads: TRUE  
[1.768s] -- Found ament_lint_auto: 0.12.11 (/opt/ros/humble/share/ament_lint_auto/cmake)
[1.792s] -- Added test 'copyright' to check source files copyright and LICENSE
[1.794s] -- Added test 'cppcheck' to perform static code analysis on C / C++ code
[1.795s] -- Configured cppcheck include dirs: /workstation/ros_ws/src/leo_pose/include
[1.795s] -- Configured cppcheck exclude dirs and/or files: 
[1.796s] -- Added test 'cpplint' to check C / C++ code against the Google style
[1.796s] -- Configured cpplint exclude dirs and/or files: 
[1.797s] -- Added test 'flake8' to check Python code syntax and style conventions
[1.798s] -- Added test 'lint_cmake' to check CMake code style
[1.799s] -- Added test 'pep257' to check Python code against some of the docstring style conventions in PEP 257
[1.801s] -- Added test 'uncrustify' to check C / C++ code style
[1.801s] -- Configured uncrustify additional arguments: 
[1.801s] -- Added test 'xmllint' to check XML markup files
[1.805s] -- Configuring done
[1.822s] -- Generating done
[1.825s] -- Build files have been written to: /workstation/ros_ws/build/leo_pose
[1.837s] Invoked command in '/workstation/ros_ws/build/leo_pose' returned '0': CMAKE_PREFIX_PATH=/opt/ros/humble /usr/bin/cmake /workstation/ros_ws/src/leo_pose -DCMAKE_INSTALL_PREFIX=/workstation/ros_ws/install/leo_pose
[1.838s] Invoking command in '/workstation/ros_ws/build/leo_pose': CMAKE_PREFIX_PATH=/opt/ros/humble /usr/bin/cmake --build /workstation/ros_ws/build/leo_pose -- -j12 -l12
[1.892s] [ 25%] [32mBuilding CXX object CMakeFiles/leo_pose.dir/src/gt_odometry.cpp.o[0m
[18.193s] [ 50%] [32m[1mLinking CXX shared library libleo_pose.so[0m
[18.796s] [ 50%] Built target leo_pose
[18.816s] [ 75%] [32mBuilding CXX object CMakeFiles/gt_odometry.dir/src/gt_odometry.cpp.o[0m
[28.599s] [100%] [32m[1mLinking CXX executable gt_odometry[0m
[29.102s] [100%] Built target gt_odometry
[29.112s] Invoked command in '/workstation/ros_ws/build/leo_pose' returned '0': CMAKE_PREFIX_PATH=/opt/ros/humble /usr/bin/cmake --build /workstation/ros_ws/build/leo_pose -- -j12 -l12
[29.136s] Invoking command in '/workstation/ros_ws/build/leo_pose': CMAKE_PREFIX_PATH=/opt/ros/humble /usr/bin/cmake --install /workstation/ros_ws/build/leo_pose
[29.143s] -- Install configuration: ""
[29.143s] -- Installing: /workstation/ros_ws/install/leo_pose/include
[29.143s] -- Installing: /workstation/ros_ws/install/leo_pose/include/leo_pose
[29.143s] -- Installing: /workstation/ros_ws/install/leo_pose/share/leo_pose/environment/library_path.sh
[29.143s] -- Installing: /workstation/ros_ws/install/leo_pose/share/leo_pose/environment/library_path.dsv
[29.144s] -- Installing: /workstation/ros_ws/install/leo_pose/lib/libleo_pose.so
[29.150s] -- Set runtime path of "/workstation/ros_ws/install/leo_pose/lib/libleo_pose.so" to ""
[29.150s] -- Installing: /workstation/ros_ws/install/leo_pose/lib/leo_pose/gt_odometry
[29.153s] -- Set runtime path of "/workstation/ros_ws/install/leo_pose/lib/leo_pose/gt_odometry" to ""
[29.153s] -- Installing: /workstation/ros_ws/install/leo_pose/share/leo_pose/launch
[29.153s] -- Installing: /workstation/ros_ws/install/leo_pose/share/leo_pose/launch/__pycache__
[29.153s] -- Installing: /workstation/ros_ws/install/leo_pose/share/leo_pose/launch/__pycache__/lidar_pose_publisher_launch.cpython-310.pyc
[29.154s] -- Installing: /workstation/ros_ws/install/leo_pose/share/leo_pose/launch/gt_odometry_launch.py
[29.154s] -- Installing: /workstation/ros_ws/install/leo_pose/share/ament_index/resource_index/package_run_dependencies/leo_pose
[29.155s] -- Installing: /workstation/ros_ws/install/leo_pose/share/ament_index/resource_index/parent_prefix_path/leo_pose
[29.155s] -- Installing: /workstation/ros_ws/install/leo_pose/share/leo_pose/environment/ament_prefix_path.sh
[29.155s] -- Installing: /workstation/ros_ws/install/leo_pose/share/leo_pose/environment/ament_prefix_path.dsv
[29.155s] -- Installing: /workstation/ros_ws/install/leo_pose/share/leo_pose/environment/path.sh
[29.156s] -- Installing: /workstation/ros_ws/install/leo_pose/share/leo_pose/environment/path.dsv
[29.156s] -- Installing: /workstation/ros_ws/install/leo_pose/share/leo_pose/local_setup.bash
[29.156s] -- Installing: /workstation/ros_ws/install/leo_pose/share/leo_pose/local_setup.sh
[29.156s] -- Installing: /workstation/ros_ws/install/leo_pose/share/leo_pose/local_setup.zsh
[29.156s] -- Installing: /workstation/ros_ws/install/leo_pose/share/leo_pose/local_setup.dsv
[29.156s] -- Installing: /workstation/ros_ws/install/leo_pose/share/leo_pose/package.dsv
[29.156s] -- Installing: /workstation/ros_ws/install/leo_pose/share/ament_index/resource_index/packages/leo_pose
[29.157s] -- Installing: /workstation/ros_ws/install/leo_pose/share/leo_pose/cmake/ament_cmake_export_dependencies-extras.cmake
[29.157s] -- Installing: /workstation/ros_ws/install/leo_pose/share/leo_pose/cmake/ament_cmake_export_include_directories-extras.cmake
[29.157s] -- Installing: /workstation/ros_ws/install/leo_pose/share/leo_pose/cmake/ament_cmake_export_libraries-extras.cmake
[29.157s] -- Installing: /workstation/ros_ws/install/leo_pose/share/leo_pose/cmake/leo_poseConfig.cmake
[29.157s] -- Installing: /workstation/ros_ws/install/leo_pose/share/leo_pose/cmake/leo_poseConfig-version.cmake
[29.158s] -- Installing: /workstation/ros_ws/install/leo_pose/share/leo_pose/package.xml
[29.160s] Invoked command in '/workstation/ros_ws/build/leo_pose' returned '0': CMAKE_PREFIX_PATH=/opt/ros/humble /usr/bin/cmake --install /workstation/ros_ws/build/leo_pose
