[0.110s] Invoking command in '/workstation/nav2_ws/build/dwb_critics': AMENT_PREFIX_PATH=/workstation/nav2_ws/install/dwb_core:/workstation/nav2_ws/install/nav2_core:/workstation/nav2_ws/install/costmap_queue:/workstation/nav2_ws/install/nav2_costmap_2d:/workstation/nav2_ws/install/nav_2d_utils:/workstation/nav2_ws/install/nav2_map_server:/workstation/nav2_ws/install/nav2_lifecycle_manager:/workstation/nav2_ws/install/nav2_util:/workstation/nav2_ws/install/nav2_voxel_grid:/workstation/nav2_ws/install/nav2_msgs:/workstation/nav2_ws/install/dwb_msgs:/workstation/nav2_ws/install/nav_2d_msgs:/workstation/nav2_ws/install/nav2_common:${AMENT_PREFIX_PATH} CMAKE_PREFIX_PATH=/workstation/nav2_ws/install/dwb_core:/workstation/nav2_ws/install/nav2_core:/workstation/nav2_ws/install/costmap_queue:/workstation/nav2_ws/install/nav2_costmap_2d:/workstation/nav2_ws/install/nav_2d_utils:/workstation/nav2_ws/install/nav2_map_server:/workstation/nav2_ws/install/nav2_lifecycle_manager:/workstation/nav2_ws/install/nav2_util:/workstation/nav2_ws/install/nav2_voxel_grid:/workstation/nav2_ws/install/nav2_msgs:/workstation/nav2_ws/install/dwb_msgs:/workstation/nav2_ws/install/nav_2d_msgs:/workstation/nav2_ws/install/nav2_common:/opt/ros/humble LD_LIBRARY_PATH=/workstation/nav2_ws/install/dwb_core/lib:/workstation/nav2_ws/install/costmap_queue/lib:/workstation/nav2_ws/install/nav2_costmap_2d/lib:/workstation/nav2_ws/install/nav_2d_utils/lib:/workstation/nav2_ws/install/nav2_map_server/lib:/workstation/nav2_ws/install/nav2_lifecycle_manager/lib:/workstation/nav2_ws/install/nav2_util/lib:/workstation/nav2_ws/install/nav2_voxel_grid/lib:/workstation/nav2_ws/install/nav2_msgs/lib:/workstation/nav2_ws/install/dwb_msgs/lib:/workstation/nav2_ws/install/nav_2d_msgs/lib:${LD_LIBRARY_PATH} PYTHONPATH=/workstation/nav2_ws/install/nav2_msgs/local/lib/python3.10/dist-packages:/workstation/nav2_ws/install/dwb_msgs/local/lib/python3.10/dist-packages:/workstation/nav2_ws/install/nav_2d_msgs/local/lib/python3.10/dist-packages:/workstation/nav2_ws/install/nav2_common/local/lib/python3.10/dist-packages:${PYTHONPATH} /usr/bin/cmake --build /workstation/nav2_ws/build/dwb_critics -- -j12 -l12
[0.244s] [  7%] Built target gtest
[0.252s] [ 14%] Built target gtest_main
[0.286s] [ 62%] Built target dwb_critics
[0.361s] [ 70%] Built target obstacle_footprint_tests
[0.371s] [ 85%] Built target alignment_util_tests
[0.371s] [ 85%] Built target twirling_tests
[0.372s] [ 92%] Built target base_obstacle_tests
[0.384s] [100%] Built target prefer_forward_tests
[0.404s] Invoked command in '/workstation/nav2_ws/build/dwb_critics' returned '0': AMENT_PREFIX_PATH=/workstation/nav2_ws/install/dwb_core:/workstation/nav2_ws/install/nav2_core:/workstation/nav2_ws/install/costmap_queue:/workstation/nav2_ws/install/nav2_costmap_2d:/workstation/nav2_ws/install/nav_2d_utils:/workstation/nav2_ws/install/nav2_map_server:/workstation/nav2_ws/install/nav2_lifecycle_manager:/workstation/nav2_ws/install/nav2_util:/workstation/nav2_ws/install/nav2_voxel_grid:/workstation/nav2_ws/install/nav2_msgs:/workstation/nav2_ws/install/dwb_msgs:/workstation/nav2_ws/install/nav_2d_msgs:/workstation/nav2_ws/install/nav2_common:${AMENT_PREFIX_PATH} CMAKE_PREFIX_PATH=/workstation/nav2_ws/install/dwb_core:/workstation/nav2_ws/install/nav2_core:/workstation/nav2_ws/install/costmap_queue:/workstation/nav2_ws/install/nav2_costmap_2d:/workstation/nav2_ws/install/nav_2d_utils:/workstation/nav2_ws/install/nav2_map_server:/workstation/nav2_ws/install/nav2_lifecycle_manager:/workstation/nav2_ws/install/nav2_util:/workstation/nav2_ws/install/nav2_voxel_grid:/workstation/nav2_ws/install/nav2_msgs:/workstation/nav2_ws/install/dwb_msgs:/workstation/nav2_ws/install/nav_2d_msgs:/workstation/nav2_ws/install/nav2_common:/opt/ros/humble LD_LIBRARY_PATH=/workstation/nav2_ws/install/dwb_core/lib:/workstation/nav2_ws/install/costmap_queue/lib:/workstation/nav2_ws/install/nav2_costmap_2d/lib:/workstation/nav2_ws/install/nav_2d_utils/lib:/workstation/nav2_ws/install/nav2_map_server/lib:/workstation/nav2_ws/install/nav2_lifecycle_manager/lib:/workstation/nav2_ws/install/nav2_util/lib:/workstation/nav2_ws/install/nav2_voxel_grid/lib:/workstation/nav2_ws/install/nav2_msgs/lib:/workstation/nav2_ws/install/dwb_msgs/lib:/workstation/nav2_ws/install/nav_2d_msgs/lib:${LD_LIBRARY_PATH} PYTHONPATH=/workstation/nav2_ws/install/nav2_msgs/local/lib/python3.10/dist-packages:/workstation/nav2_ws/install/dwb_msgs/local/lib/python3.10/dist-packages:/workstation/nav2_ws/install/nav_2d_msgs/local/lib/python3.10/dist-packages:/workstation/nav2_ws/install/nav2_common/local/lib/python3.10/dist-packages:${PYTHONPATH} /usr/bin/cmake --build /workstation/nav2_ws/build/dwb_critics -- -j12 -l12
[0.467s] Invoking command in '/workstation/nav2_ws/build/dwb_critics': AMENT_PREFIX_PATH=/workstation/nav2_ws/install/dwb_core:/workstation/nav2_ws/install/nav2_core:/workstation/nav2_ws/install/costmap_queue:/workstation/nav2_ws/install/nav2_costmap_2d:/workstation/nav2_ws/install/nav_2d_utils:/workstation/nav2_ws/install/nav2_map_server:/workstation/nav2_ws/install/nav2_lifecycle_manager:/workstation/nav2_ws/install/nav2_util:/workstation/nav2_ws/install/nav2_voxel_grid:/workstation/nav2_ws/install/nav2_msgs:/workstation/nav2_ws/install/dwb_msgs:/workstation/nav2_ws/install/nav_2d_msgs:/workstation/nav2_ws/install/nav2_common:${AMENT_PREFIX_PATH} CMAKE_PREFIX_PATH=/workstation/nav2_ws/install/dwb_core:/workstation/nav2_ws/install/nav2_core:/workstation/nav2_ws/install/costmap_queue:/workstation/nav2_ws/install/nav2_costmap_2d:/workstation/nav2_ws/install/nav_2d_utils:/workstation/nav2_ws/install/nav2_map_server:/workstation/nav2_ws/install/nav2_lifecycle_manager:/workstation/nav2_ws/install/nav2_util:/workstation/nav2_ws/install/nav2_voxel_grid:/workstation/nav2_ws/install/nav2_msgs:/workstation/nav2_ws/install/dwb_msgs:/workstation/nav2_ws/install/nav_2d_msgs:/workstation/nav2_ws/install/nav2_common:/opt/ros/humble LD_LIBRARY_PATH=/workstation/nav2_ws/install/dwb_core/lib:/workstation/nav2_ws/install/costmap_queue/lib:/workstation/nav2_ws/install/nav2_costmap_2d/lib:/workstation/nav2_ws/install/nav_2d_utils/lib:/workstation/nav2_ws/install/nav2_map_server/lib:/workstation/nav2_ws/install/nav2_lifecycle_manager/lib:/workstation/nav2_ws/install/nav2_util/lib:/workstation/nav2_ws/install/nav2_voxel_grid/lib:/workstation/nav2_ws/install/nav2_msgs/lib:/workstation/nav2_ws/install/dwb_msgs/lib:/workstation/nav2_ws/install/nav_2d_msgs/lib:${LD_LIBRARY_PATH} PYTHONPATH=/workstation/nav2_ws/install/nav2_msgs/local/lib/python3.10/dist-packages:/workstation/nav2_ws/install/dwb_msgs/local/lib/python3.10/dist-packages:/workstation/nav2_ws/install/nav_2d_msgs/local/lib/python3.10/dist-packages:/workstation/nav2_ws/install/nav2_common/local/lib/python3.10/dist-packages:${PYTHONPATH} /usr/bin/cmake --install /workstation/nav2_ws/build/dwb_critics
[0.478s] -- Install configuration: "Release"
[0.478s] -- Up-to-date: /workstation/nav2_ws/install/dwb_critics/lib/libdwb_critics.so
[0.479s] -- Up-to-date: /workstation/nav2_ws/install/dwb_critics/include/
[0.479s] -- Up-to-date: /workstation/nav2_ws/install/dwb_critics/include//dwb_critics
[0.479s] -- Up-to-date: /workstation/nav2_ws/install/dwb_critics/include//dwb_critics/alignment_util.hpp
[0.479s] -- Up-to-date: /workstation/nav2_ws/install/dwb_critics/include//dwb_critics/goal_dist.hpp
[0.479s] -- Up-to-date: /workstation/nav2_ws/install/dwb_critics/include//dwb_critics/obstacle_footprint.hpp
[0.480s] -- Up-to-date: /workstation/nav2_ws/install/dwb_critics/include//dwb_critics/path_dist.hpp
[0.481s] -- Up-to-date: /workstation/nav2_ws/install/dwb_critics/include//dwb_critics/path_align.hpp
[0.481s] -- Up-to-date: /workstation/nav2_ws/install/dwb_critics/include//dwb_critics/rotate_to_goal.hpp
[0.482s] -- Up-to-date: /workstation/nav2_ws/install/dwb_critics/include//dwb_critics/oscillation.hpp
[0.482s] -- Up-to-date: /workstation/nav2_ws/install/dwb_critics/include//dwb_critics/goal_align.hpp
[0.482s] -- Up-to-date: /workstation/nav2_ws/install/dwb_critics/include//dwb_critics/line_iterator.hpp
[0.482s] -- Up-to-date: /workstation/nav2_ws/install/dwb_critics/include//dwb_critics/twirling.hpp
[0.482s] -- Up-to-date: /workstation/nav2_ws/install/dwb_critics/include//dwb_critics/prefer_forward.hpp
[0.482s] -- Up-to-date: /workstation/nav2_ws/install/dwb_critics/include//dwb_critics/map_grid.hpp
[0.482s] -- Up-to-date: /workstation/nav2_ws/install/dwb_critics/include//dwb_critics/base_obstacle.hpp
[0.482s] -- Up-to-date: /workstation/nav2_ws/install/dwb_critics/share/dwb_critics/default_critics.xml
[0.483s] -- Up-to-date: /workstation/nav2_ws/install/dwb_critics/share/dwb_critics/environment/library_path.sh
[0.484s] -- Up-to-date: /workstation/nav2_ws/install/dwb_critics/share/dwb_critics/environment/library_path.dsv
[0.484s] -- Up-to-date: /workstation/nav2_ws/install/dwb_critics/share/dwb_critics/default_critics.xml
[0.485s] -- Up-to-date: /workstation/nav2_ws/install/dwb_critics/share/ament_index/resource_index/package_run_dependencies/dwb_critics
[0.485s] -- Up-to-date: /workstation/nav2_ws/install/dwb_critics/share/ament_index/resource_index/parent_prefix_path/dwb_critics
[0.487s] -- Up-to-date: /workstation/nav2_ws/install/dwb_critics/share/dwb_critics/environment/ament_prefix_path.sh
[0.488s] -- Up-to-date: /workstation/nav2_ws/install/dwb_critics/share/dwb_critics/environment/ament_prefix_path.dsv
[0.488s] -- Up-to-date: /workstation/nav2_ws/install/dwb_critics/share/dwb_critics/environment/path.sh
[0.488s] -- Up-to-date: /workstation/nav2_ws/install/dwb_critics/share/dwb_critics/environment/path.dsv
[0.488s] -- Up-to-date: /workstation/nav2_ws/install/dwb_critics/share/dwb_critics/local_setup.bash
[0.488s] -- Up-to-date: /workstation/nav2_ws/install/dwb_critics/share/dwb_critics/local_setup.sh
[0.488s] -- Up-to-date: /workstation/nav2_ws/install/dwb_critics/share/dwb_critics/local_setup.zsh
[0.488s] -- Up-to-date: /workstation/nav2_ws/install/dwb_critics/share/dwb_critics/local_setup.dsv
[0.488s] -- Installing: /workstation/nav2_ws/install/dwb_critics/share/dwb_critics/package.dsv
[0.489s] -- Up-to-date: /workstation/nav2_ws/install/dwb_critics/share/ament_index/resource_index/packages/dwb_critics
[0.489s] -- Up-to-date: /workstation/nav2_ws/install/dwb_critics/share/ament_index/resource_index/dwb_core__pluginlib__plugin/dwb_critics
[0.489s] -- Up-to-date: /workstation/nav2_ws/install/dwb_critics/share/dwb_critics/cmake/ament_cmake_export_include_directories-extras.cmake
[0.489s] -- Up-to-date: /workstation/nav2_ws/install/dwb_critics/share/dwb_critics/cmake/ament_cmake_export_libraries-extras.cmake
[0.489s] -- Up-to-date: /workstation/nav2_ws/install/dwb_critics/share/dwb_critics/cmake/ament_cmake_export_dependencies-extras.cmake
[0.489s] -- Up-to-date: /workstation/nav2_ws/install/dwb_critics/share/dwb_critics/cmake/dwb_criticsConfig.cmake
[0.489s] -- Up-to-date: /workstation/nav2_ws/install/dwb_critics/share/dwb_critics/cmake/dwb_criticsConfig-version.cmake
[0.489s] -- Up-to-date: /workstation/nav2_ws/install/dwb_critics/share/dwb_critics/package.xml
[0.500s] Invoked command in '/workstation/nav2_ws/build/dwb_critics' returned '0': AMENT_PREFIX_PATH=/workstation/nav2_ws/install/dwb_core:/workstation/nav2_ws/install/nav2_core:/workstation/nav2_ws/install/costmap_queue:/workstation/nav2_ws/install/nav2_costmap_2d:/workstation/nav2_ws/install/nav_2d_utils:/workstation/nav2_ws/install/nav2_map_server:/workstation/nav2_ws/install/nav2_lifecycle_manager:/workstation/nav2_ws/install/nav2_util:/workstation/nav2_ws/install/nav2_voxel_grid:/workstation/nav2_ws/install/nav2_msgs:/workstation/nav2_ws/install/dwb_msgs:/workstation/nav2_ws/install/nav_2d_msgs:/workstation/nav2_ws/install/nav2_common:${AMENT_PREFIX_PATH} CMAKE_PREFIX_PATH=/workstation/nav2_ws/install/dwb_core:/workstation/nav2_ws/install/nav2_core:/workstation/nav2_ws/install/costmap_queue:/workstation/nav2_ws/install/nav2_costmap_2d:/workstation/nav2_ws/install/nav_2d_utils:/workstation/nav2_ws/install/nav2_map_server:/workstation/nav2_ws/install/nav2_lifecycle_manager:/workstation/nav2_ws/install/nav2_util:/workstation/nav2_ws/install/nav2_voxel_grid:/workstation/nav2_ws/install/nav2_msgs:/workstation/nav2_ws/install/dwb_msgs:/workstation/nav2_ws/install/nav_2d_msgs:/workstation/nav2_ws/install/nav2_common:/opt/ros/humble LD_LIBRARY_PATH=/workstation/nav2_ws/install/dwb_core/lib:/workstation/nav2_ws/install/costmap_queue/lib:/workstation/nav2_ws/install/nav2_costmap_2d/lib:/workstation/nav2_ws/install/nav_2d_utils/lib:/workstation/nav2_ws/install/nav2_map_server/lib:/workstation/nav2_ws/install/nav2_lifecycle_manager/lib:/workstation/nav2_ws/install/nav2_util/lib:/workstation/nav2_ws/install/nav2_voxel_grid/lib:/workstation/nav2_ws/install/nav2_msgs/lib:/workstation/nav2_ws/install/dwb_msgs/lib:/workstation/nav2_ws/install/nav_2d_msgs/lib:${LD_LIBRARY_PATH} PYTHONPATH=/workstation/nav2_ws/install/nav2_msgs/local/lib/python3.10/dist-packages:/workstation/nav2_ws/install/dwb_msgs/local/lib/python3.10/dist-packages:/workstation/nav2_ws/install/nav_2d_msgs/local/lib/python3.10/dist-packages:/workstation/nav2_ws/install/nav2_common/local/lib/python3.10/dist-packages:${PYTHONPATH} /usr/bin/cmake --install /workstation/nav2_ws/build/dwb_critics
