-- The C compiler identification is GNU 11.4.0
-- The CXX compiler identification is GNU 11.4.0
-- Detecting C compiler ABI info
-- Detecting C compiler ABI info - done
-- Check for working C compiler: /usr/bin/cc - skipped
-- Detecting C compile features
-- Detecting C compile features - done
-- Detecting CXX compiler ABI info
-- Detecting CXX compiler ABI info - done
-- Check for working CXX compiler: /usr/bin/c++ - skipped
-- Detecting CXX compile features
-- Detecting CXX compile features - done
-- Found ament_cmake: 1.3.10 (/opt/ros/humble/share/ament_cmake/cmake)
-- Found Python3: /usr/bin/python3 (found version "3.10.12") found components: Interpreter 
-- Found rclcpp: 16.0.10 (/opt/ros/humble/share/rclcpp/cmake)
-- Found rosidl_generator_c: 3.1.5 (/opt/ros/humble/share/rosidl_generator_c/cmake)
-- Found rosidl_adapter: 3.1.5 (/opt/ros/humble/share/rosidl_adapter/cmake)
-- Found rosidl_generator_cpp: 3.1.5 (/opt/ros/humble/share/rosidl_generator_cpp/cmake)
-- Using all available rosidl_typesupport_c: rosidl_typesupport_fastrtps_c;rosidl_typesupport_introspection_c
-- Using all available rosidl_typesupport_cpp: rosidl_typesupport_fastrtps_cpp;rosidl_typesupport_introspection_cpp
-- Found rmw_implementation_cmake: 6.1.2 (/opt/ros/humble/share/rmw_implementation_cmake/cmake)
-- Found rmw_fastrtps_cpp: 6.2.7 (/opt/ros/humble/share/rmw_fastrtps_cpp/cmake)
-- Found OpenSSL: /usr/lib/x86_64-linux-gnu/libcrypto.so (found version "3.0.2")  
-- Found FastRTPS: /opt/ros/humble/include  
-- Using RMW implementation 'rmw_fastrtps_cpp' as default
-- Looking for pthread.h
-- Looking for pthread.h - found
-- Performing Test CMAKE_HAVE_LIBC_PTHREAD
-- Performing Test CMAKE_HAVE_LIBC_PTHREAD - Success
-- Found Threads: TRUE  
-- Found nav_msgs: 4.2.4 (/opt/ros/humble/share/nav_msgs/cmake)
-- Found custom_msgs: 0.0.0 (/workstation/ros_ws/install/custom_msgs/share/custom_msgs/cmake)
-- Found ament_lint_auto: 0.12.11 (/opt/ros/humble/share/ament_lint_auto/cmake)
-- Added test 'cppcheck' to perform static code analysis on C / C++ code
-- Configured cppcheck include dirs: 
-- Configured cppcheck exclude dirs and/or files: 
-- Added test 'lint_cmake' to check CMake code style
-- Added test 'uncrustify' to check C / C++ code style
-- Configured uncrustify additional arguments: 
-- Added test 'xmllint' to check XML markup files
-- Configuring done
-- Generating done
-- Build files have been written to: /workstation/ros_ws/build/rocks_publisher
[ 50%] [32mBuilding CXX object CMakeFiles/rocks_publisher.dir/src/rocks_publisher.cpp.o[0m
[100%] [32m[1mLinking CXX executable rocks_publisher[0m
[100%] Built target rocks_publisher
-- Install configuration: ""
-- Installing: /workstation/ros_ws/install/rocks_publisher/lib/rocks_publisher/rocks_publisher
-- Set runtime path of "/workstation/ros_ws/install/rocks_publisher/lib/rocks_publisher/rocks_publisher" to ""
-- Installing: /workstation/ros_ws/install/rocks_publisher/share/ament_index/resource_index/package_run_dependencies/rocks_publisher
-- Installing: /workstation/ros_ws/install/rocks_publisher/share/ament_index/resource_index/parent_prefix_path/rocks_publisher
-- Installing: /workstation/ros_ws/install/rocks_publisher/share/rocks_publisher/environment/ament_prefix_path.sh
-- Installing: /workstation/ros_ws/install/rocks_publisher/share/rocks_publisher/environment/ament_prefix_path.dsv
-- Installing: /workstation/ros_ws/install/rocks_publisher/share/rocks_publisher/environment/path.sh
-- Installing: /workstation/ros_ws/install/rocks_publisher/share/rocks_publisher/environment/path.dsv
-- Installing: /workstation/ros_ws/install/rocks_publisher/share/rocks_publisher/local_setup.bash
-- Installing: /workstation/ros_ws/install/rocks_publisher/share/rocks_publisher/local_setup.sh
-- Installing: /workstation/ros_ws/install/rocks_publisher/share/rocks_publisher/local_setup.zsh
-- Installing: /workstation/ros_ws/install/rocks_publisher/share/rocks_publisher/local_setup.dsv
-- Installing: /workstation/ros_ws/install/rocks_publisher/share/rocks_publisher/package.dsv
-- Installing: /workstation/ros_ws/install/rocks_publisher/share/ament_index/resource_index/packages/rocks_publisher
-- Installing: /workstation/ros_ws/install/rocks_publisher/share/rocks_publisher/cmake/rocks_publisherConfig.cmake
-- Installing: /workstation/ros_ws/install/rocks_publisher/share/rocks_publisher/cmake/rocks_publisherConfig-version.cmake
-- Installing: /workstation/ros_ws/install/rocks_publisher/share/rocks_publisher/package.xml
