[0.013s] Invoking command in '/workstation/ros_ws/build/rocks_publisher': AMENT_PREFIX_PATH=/workstation/ros_ws/install/custom_msgs:${AMENT_PREFIX_PATH} CMAKE_PREFIX_PATH=/workstation/ros_ws/install/custom_msgs:/opt/ros/humble LD_LIBRARY_PATH=/workstation/ros_ws/install/custom_msgs/lib:${LD_LIBRARY_PATH} PYTHONPATH=/workstation/ros_ws/install/custom_msgs/local/lib/python3.10/dist-packages:${PYTHONPATH} /usr/bin/cmake /workstation/ros_ws/src/rocks_publisher -DCMAKE_INSTALL_PREFIX=/workstation/ros_ws/install/rocks_publisher
[0.108s] -- The C compiler identification is GNU 11.4.0
[0.188s] -- The CXX compiler identification is GNU 11.4.0
[0.202s] -- Detecting C compiler ABI info
[0.285s] -- Detecting C compiler ABI info - done
[0.299s] -- Check for working C compiler: /usr/bin/cc - skipped
[0.300s] -- Detecting C compile features
[0.300s] -- Detecting C compile features - done
[0.307s] -- Detecting CXX compiler ABI info
[0.401s] -- Detecting CXX compiler ABI info - done
[0.411s] -- Check for working CXX compiler: /usr/bin/c++ - skipped
[0.411s] -- Detecting CXX compile features
[0.412s] -- Detecting CXX compile features - done
[0.416s] -- Found ament_cmake: 1.3.10 (/opt/ros/humble/share/ament_cmake/cmake)
[0.628s] -- Found Python3: /usr/bin/python3 (found version "3.10.12") found components: Interpreter 
[0.787s] -- Found rclcpp: 16.0.10 (/opt/ros/humble/share/rclcpp/cmake)
[0.873s] -- Found rosidl_generator_c: 3.1.5 (/opt/ros/humble/share/rosidl_generator_c/cmake)
[0.883s] -- Found rosidl_adapter: 3.1.5 (/opt/ros/humble/share/rosidl_adapter/cmake)
[0.900s] -- Found rosidl_generator_cpp: 3.1.5 (/opt/ros/humble/share/rosidl_generator_cpp/cmake)
[0.926s] -- Using all available rosidl_typesupport_c: rosidl_typesupport_fastrtps_c;rosidl_typesupport_introspection_c
[0.960s] -- Using all available rosidl_typesupport_cpp: rosidl_typesupport_fastrtps_cpp;rosidl_typesupport_introspection_cpp
[1.053s] -- Found rmw_implementation_cmake: 6.1.2 (/opt/ros/humble/share/rmw_implementation_cmake/cmake)
[1.060s] -- Found rmw_fastrtps_cpp: 6.2.7 (/opt/ros/humble/share/rmw_fastrtps_cpp/cmake)
[1.220s] -- Found OpenSSL: /usr/lib/x86_64-linux-gnu/libcrypto.so (found version "3.0.2")  
[1.272s] -- Found FastRTPS: /opt/ros/humble/include  
[1.326s] -- Using RMW implementation 'rmw_fastrtps_cpp' as default
[1.340s] -- Looking for pthread.h
[1.418s] -- Looking for pthread.h - found
[1.418s] -- Performing Test CMAKE_HAVE_LIBC_PTHREAD
[1.515s] -- Performing Test CMAKE_HAVE_LIBC_PTHREAD - Success
[1.516s] -- Found Threads: TRUE  
[1.595s] -- Found nav_msgs: 4.2.4 (/opt/ros/humble/share/nav_msgs/cmake)
[1.642s] -- Found custom_msgs: 0.0.0 (/workstation/ros_ws/install/custom_msgs/share/custom_msgs/cmake)
[1.676s] -- Found ament_lint_auto: 0.12.11 (/opt/ros/humble/share/ament_lint_auto/cmake)
[1.795s] -- Added test 'cppcheck' to perform static code analysis on C / C++ code
[1.795s] -- Configured cppcheck include dirs: 
[1.796s] -- Configured cppcheck exclude dirs and/or files: 
[1.796s] -- Added test 'lint_cmake' to check CMake code style
[1.798s] -- Added test 'uncrustify' to check C / C++ code style
[1.798s] -- Configured uncrustify additional arguments: 
[1.799s] -- Added test 'xmllint' to check XML markup files
[1.800s] -- Configuring done
[1.814s] -- Generating done
[1.815s] -- Build files have been written to: /workstation/ros_ws/build/rocks_publisher
[1.829s] Invoked command in '/workstation/ros_ws/build/rocks_publisher' returned '0': AMENT_PREFIX_PATH=/workstation/ros_ws/install/custom_msgs:${AMENT_PREFIX_PATH} CMAKE_PREFIX_PATH=/workstation/ros_ws/install/custom_msgs:/opt/ros/humble LD_LIBRARY_PATH=/workstation/ros_ws/install/custom_msgs/lib:${LD_LIBRARY_PATH} PYTHONPATH=/workstation/ros_ws/install/custom_msgs/local/lib/python3.10/dist-packages:${PYTHONPATH} /usr/bin/cmake /workstation/ros_ws/src/rocks_publisher -DCMAKE_INSTALL_PREFIX=/workstation/ros_ws/install/rocks_publisher
[1.830s] Invoking command in '/workstation/ros_ws/build/rocks_publisher': AMENT_PREFIX_PATH=/workstation/ros_ws/install/custom_msgs:${AMENT_PREFIX_PATH} CMAKE_PREFIX_PATH=/workstation/ros_ws/install/custom_msgs:/opt/ros/humble LD_LIBRARY_PATH=/workstation/ros_ws/install/custom_msgs/lib:${LD_LIBRARY_PATH} PYTHONPATH=/workstation/ros_ws/install/custom_msgs/local/lib/python3.10/dist-packages:${PYTHONPATH} /usr/bin/cmake --build /workstation/ros_ws/build/rocks_publisher -- -j12 -l12
[1.895s] [ 50%] [32mBuilding CXX object CMakeFiles/rocks_publisher.dir/src/rocks_publisher.cpp.o[0m
[12.544s] [100%] [32m[1mLinking CXX executable rocks_publisher[0m
[13.042s] [100%] Built target rocks_publisher
[13.055s] Invoked command in '/workstation/ros_ws/build/rocks_publisher' returned '0': AMENT_PREFIX_PATH=/workstation/ros_ws/install/custom_msgs:${AMENT_PREFIX_PATH} CMAKE_PREFIX_PATH=/workstation/ros_ws/install/custom_msgs:/opt/ros/humble LD_LIBRARY_PATH=/workstation/ros_ws/install/custom_msgs/lib:${LD_LIBRARY_PATH} PYTHONPATH=/workstation/ros_ws/install/custom_msgs/local/lib/python3.10/dist-packages:${PYTHONPATH} /usr/bin/cmake --build /workstation/ros_ws/build/rocks_publisher -- -j12 -l12
[13.077s] Invoking command in '/workstation/ros_ws/build/rocks_publisher': AMENT_PREFIX_PATH=/workstation/ros_ws/install/custom_msgs:${AMENT_PREFIX_PATH} CMAKE_PREFIX_PATH=/workstation/ros_ws/install/custom_msgs:/opt/ros/humble LD_LIBRARY_PATH=/workstation/ros_ws/install/custom_msgs/lib:${LD_LIBRARY_PATH} PYTHONPATH=/workstation/ros_ws/install/custom_msgs/local/lib/python3.10/dist-packages:${PYTHONPATH} /usr/bin/cmake --install /workstation/ros_ws/build/rocks_publisher
[13.085s] -- Install configuration: ""
[13.085s] -- Installing: /workstation/ros_ws/install/rocks_publisher/lib/rocks_publisher/rocks_publisher
[13.088s] -- Set runtime path of "/workstation/ros_ws/install/rocks_publisher/lib/rocks_publisher/rocks_publisher" to ""
[13.088s] -- Installing: /workstation/ros_ws/install/rocks_publisher/share/ament_index/resource_index/package_run_dependencies/rocks_publisher
[13.088s] -- Installing: /workstation/ros_ws/install/rocks_publisher/share/ament_index/resource_index/parent_prefix_path/rocks_publisher
[13.088s] -- Installing: /workstation/ros_ws/install/rocks_publisher/share/rocks_publisher/environment/ament_prefix_path.sh
[13.088s] -- Installing: /workstation/ros_ws/install/rocks_publisher/share/rocks_publisher/environment/ament_prefix_path.dsv
[13.088s] -- Installing: /workstation/ros_ws/install/rocks_publisher/share/rocks_publisher/environment/path.sh
[13.089s] -- Installing: /workstation/ros_ws/install/rocks_publisher/share/rocks_publisher/environment/path.dsv
[13.089s] -- Installing: /workstation/ros_ws/install/rocks_publisher/share/rocks_publisher/local_setup.bash
[13.089s] -- Installing: /workstation/ros_ws/install/rocks_publisher/share/rocks_publisher/local_setup.sh
[13.089s] -- Installing: /workstation/ros_ws/install/rocks_publisher/share/rocks_publisher/local_setup.zsh
[13.089s] -- Installing: /workstation/ros_ws/install/rocks_publisher/share/rocks_publisher/local_setup.dsv
[13.089s] -- Installing: /workstation/ros_ws/install/rocks_publisher/share/rocks_publisher/package.dsv
[13.089s] -- Installing: /workstation/ros_ws/install/rocks_publisher/share/ament_index/resource_index/packages/rocks_publisher
[13.090s] -- Installing: /workstation/ros_ws/install/rocks_publisher/share/rocks_publisher/cmake/rocks_publisherConfig.cmake
[13.090s] -- Installing: /workstation/ros_ws/install/rocks_publisher/share/rocks_publisher/cmake/rocks_publisherConfig-version.cmake
[13.090s] -- Installing: /workstation/ros_ws/install/rocks_publisher/share/rocks_publisher/package.xml
[13.092s] Invoked command in '/workstation/ros_ws/build/rocks_publisher' returned '0': AMENT_PREFIX_PATH=/workstation/ros_ws/install/custom_msgs:${AMENT_PREFIX_PATH} CMAKE_PREFIX_PATH=/workstation/ros_ws/install/custom_msgs:/opt/ros/humble LD_LIBRARY_PATH=/workstation/ros_ws/install/custom_msgs/lib:${LD_LIBRARY_PATH} PYTHONPATH=/workstation/ros_ws/install/custom_msgs/local/lib/python3.10/dist-packages:${PYTHONPATH} /usr/bin/cmake --install /workstation/ros_ws/build/rocks_publisher
