[0.052s] Invoking command in '/workstation/nav2_ws/build/nav2_costmap_2d': AMENT_PREFIX_PATH=/workstation/nav2_ws/install/nav2_map_server:/workstation/nav2_ws/install/nav2_lifecycle_manager:/workstation/nav2_ws/install/nav2_util:/workstation/nav2_ws/install/nav2_voxel_grid:/workstation/nav2_ws/install/nav2_msgs:/workstation/nav2_ws/install/nav2_common:${AMENT_PREFIX_PATH} CMAKE_PREFIX_PATH=/workstation/nav2_ws/install/nav2_map_server:/workstation/nav2_ws/install/nav2_lifecycle_manager:/workstation/nav2_ws/install/nav2_util:/workstation/nav2_ws/install/nav2_voxel_grid:/workstation/nav2_ws/install/nav2_msgs:/workstation/nav2_ws/install/nav2_common:/opt/ros/humble LD_LIBRARY_PATH=/workstation/nav2_ws/install/nav2_map_server/lib:/workstation/nav2_ws/install/nav2_lifecycle_manager/lib:/workstation/nav2_ws/install/nav2_util/lib:/workstation/nav2_ws/install/nav2_voxel_grid/lib:/workstation/nav2_ws/install/nav2_msgs/lib:${LD_LIBRARY_PATH} PYTHONPATH=/workstation/nav2_ws/install/nav2_msgs/local/lib/python3.10/dist-packages:/workstation/nav2_ws/install/nav2_common/local/lib/python3.10/dist-packages:${PYTHONPATH} /usr/bin/cmake --build /workstation/nav2_ws/build/nav2_costmap_2d -- -j12 -l12
[0.128s] [  2%] Built target gtest_main
[0.133s] [  4%] Built target gtest
[0.161s] [ 21%] Built target nav2_costmap_2d_core
[0.248s] [ 24%] Built target nav2_costmap_2d_cloud
[0.259s] [ 28%] Built target costmap_convesion_test
[0.260s] [ 31%] Built target filters
[0.266s] [ 34%] Built target collision_footprint_test
[0.277s] [ 36%] Built target costmap_filter_service_test
[0.279s] [ 39%] Built target array_parser_test
[0.279s] [ 41%] Built target costmap_filter_test
[0.280s] [ 43%] Built target copy_window_test
[0.286s] [ 46%] Built target nav2_costmap_2d_markers
[0.293s] [ 48%] Built target declare_parameter_test
[0.296s] [ 53%] Built target nav2_costmap_2d_client
[0.301s] [ 63%] Built target layers
[0.335s] [ 65%] Built target dyn_params_tests
[0.335s] [ 68%] Built target costmap_bresenham_2d
[0.336s] [ 70%] Built target plugin_api_order
[0.341s] [ 73%] Built target order_layer
[0.347s] [ 75%] Built target keepout_filter_test
[0.357s] [ 78%] Built target speed_filter_test
[0.358s] [ 80%] Built target binary_filter_test
[0.369s] [ 82%] Built target footprint_tests_exec
[0.370s] [ 89%] Built target nav2_costmap_2d
[0.370s] [ 90%] Built target denoise_layer_test
[0.376s] [ 92%] Built target test_collision_checker_exec
[0.377s] [ 95%] Built target inflation_tests_exec
[0.386s] [100%] Built target obstacle_tests_exec
[0.386s] [100%] Built target range_tests_exec
[0.400s] Invoked command in '/workstation/nav2_ws/build/nav2_costmap_2d' returned '0': AMENT_PREFIX_PATH=/workstation/nav2_ws/install/nav2_map_server:/workstation/nav2_ws/install/nav2_lifecycle_manager:/workstation/nav2_ws/install/nav2_util:/workstation/nav2_ws/install/nav2_voxel_grid:/workstation/nav2_ws/install/nav2_msgs:/workstation/nav2_ws/install/nav2_common:${AMENT_PREFIX_PATH} CMAKE_PREFIX_PATH=/workstation/nav2_ws/install/nav2_map_server:/workstation/nav2_ws/install/nav2_lifecycle_manager:/workstation/nav2_ws/install/nav2_util:/workstation/nav2_ws/install/nav2_voxel_grid:/workstation/nav2_ws/install/nav2_msgs:/workstation/nav2_ws/install/nav2_common:/opt/ros/humble LD_LIBRARY_PATH=/workstation/nav2_ws/install/nav2_map_server/lib:/workstation/nav2_ws/install/nav2_lifecycle_manager/lib:/workstation/nav2_ws/install/nav2_util/lib:/workstation/nav2_ws/install/nav2_voxel_grid/lib:/workstation/nav2_ws/install/nav2_msgs/lib:${LD_LIBRARY_PATH} PYTHONPATH=/workstation/nav2_ws/install/nav2_msgs/local/lib/python3.10/dist-packages:/workstation/nav2_ws/install/nav2_common/local/lib/python3.10/dist-packages:${PYTHONPATH} /usr/bin/cmake --build /workstation/nav2_ws/build/nav2_costmap_2d -- -j12 -l12
[0.509s] Invoking command in '/workstation/nav2_ws/build/nav2_costmap_2d': AMENT_PREFIX_PATH=/workstation/nav2_ws/install/nav2_map_server:/workstation/nav2_ws/install/nav2_lifecycle_manager:/workstation/nav2_ws/install/nav2_util:/workstation/nav2_ws/install/nav2_voxel_grid:/workstation/nav2_ws/install/nav2_msgs:/workstation/nav2_ws/install/nav2_common:${AMENT_PREFIX_PATH} CMAKE_PREFIX_PATH=/workstation/nav2_ws/install/nav2_map_server:/workstation/nav2_ws/install/nav2_lifecycle_manager:/workstation/nav2_ws/install/nav2_util:/workstation/nav2_ws/install/nav2_voxel_grid:/workstation/nav2_ws/install/nav2_msgs:/workstation/nav2_ws/install/nav2_common:/opt/ros/humble LD_LIBRARY_PATH=/workstation/nav2_ws/install/nav2_map_server/lib:/workstation/nav2_ws/install/nav2_lifecycle_manager/lib:/workstation/nav2_ws/install/nav2_util/lib:/workstation/nav2_ws/install/nav2_voxel_grid/lib:/workstation/nav2_ws/install/nav2_msgs/lib:${LD_LIBRARY_PATH} PYTHONPATH=/workstation/nav2_ws/install/nav2_msgs/local/lib/python3.10/dist-packages:/workstation/nav2_ws/install/nav2_common/local/lib/python3.10/dist-packages:${PYTHONPATH} /usr/bin/cmake --install /workstation/nav2_ws/build/nav2_costmap_2d
[0.512s] -- Install configuration: "Release"
[0.512s] -- Up-to-date: /workstation/nav2_ws/install/nav2_costmap_2d/lib/liblayers.so
[0.513s] -- Up-to-date: /workstation/nav2_ws/install/nav2_costmap_2d/lib/libfilters.so
[0.514s] -- Up-to-date: /workstation/nav2_ws/install/nav2_costmap_2d/lib/libnav2_costmap_2d_core.so
[0.514s] -- Up-to-date: /workstation/nav2_ws/install/nav2_costmap_2d/lib/libnav2_costmap_2d_client.so
[0.515s] -- Up-to-date: /workstation/nav2_ws/install/nav2_costmap_2d/lib/nav2_costmap_2d/nav2_costmap_2d_markers
[0.516s] -- Up-to-date: /workstation/nav2_ws/install/nav2_costmap_2d/lib/nav2_costmap_2d/nav2_costmap_2d_cloud
[0.516s] -- Up-to-date: /workstation/nav2_ws/install/nav2_costmap_2d/lib/nav2_costmap_2d/nav2_costmap_2d
[0.516s] -- Up-to-date: /workstation/nav2_ws/install/nav2_costmap_2d/share/nav2_costmap_2d/costmap_plugins.xml
[0.516s] -- Up-to-date: /workstation/nav2_ws/install/nav2_costmap_2d/include/nav2_costmap_2d
[0.517s] -- Up-to-date: /workstation/nav2_ws/install/nav2_costmap_2d/include/nav2_costmap_2d/nav2_costmap_2d
[0.517s] -- Up-to-date: /workstation/nav2_ws/install/nav2_costmap_2d/include/nav2_costmap_2d/nav2_costmap_2d/costmap_2d.hpp
[0.519s] -- Up-to-date: /workstation/nav2_ws/install/nav2_costmap_2d/include/nav2_costmap_2d/nav2_costmap_2d/static_layer.hpp
[0.519s] -- Up-to-date: /workstation/nav2_ws/install/nav2_costmap_2d/include/nav2_costmap_2d/nav2_costmap_2d/clear_costmap_service.hpp
[0.519s] -- Up-to-date: /workstation/nav2_ws/install/nav2_costmap_2d/include/nav2_costmap_2d/nav2_costmap_2d/footprint_collision_checker.hpp
[0.519s] -- Up-to-date: /workstation/nav2_ws/install/nav2_costmap_2d/include/nav2_costmap_2d/nav2_costmap_2d/range_sensor_layer.hpp
[0.519s] -- Up-to-date: /workstation/nav2_ws/install/nav2_costmap_2d/include/nav2_costmap_2d/nav2_costmap_2d/costmap_2d_publisher.hpp
[0.519s] -- Up-to-date: /workstation/nav2_ws/install/nav2_costmap_2d/include/nav2_costmap_2d/nav2_costmap_2d/obstacle_layer.hpp
[0.520s] -- Up-to-date: /workstation/nav2_ws/install/nav2_costmap_2d/include/nav2_costmap_2d/nav2_costmap_2d/cost_values.hpp
[0.520s] -- Up-to-date: /workstation/nav2_ws/install/nav2_costmap_2d/include/nav2_costmap_2d/nav2_costmap_2d/denoise
[0.520s] -- Up-to-date: /workstation/nav2_ws/install/nav2_costmap_2d/include/nav2_costmap_2d/nav2_costmap_2d/denoise/image.hpp
[0.520s] -- Up-to-date: /workstation/nav2_ws/install/nav2_costmap_2d/include/nav2_costmap_2d/nav2_costmap_2d/denoise/image_processing.hpp
[0.520s] -- Up-to-date: /workstation/nav2_ws/install/nav2_costmap_2d/include/nav2_costmap_2d/nav2_costmap_2d/footprint_subscriber.hpp
[0.520s] -- Up-to-date: /workstation/nav2_ws/install/nav2_costmap_2d/include/nav2_costmap_2d/nav2_costmap_2d/layer.hpp
[0.520s] -- Up-to-date: /workstation/nav2_ws/install/nav2_costmap_2d/include/nav2_costmap_2d/nav2_costmap_2d/footprint.hpp
[0.520s] -- Up-to-date: /workstation/nav2_ws/install/nav2_costmap_2d/include/nav2_costmap_2d/nav2_costmap_2d/costmap_layer.hpp
[0.520s] -- Up-to-date: /workstation/nav2_ws/install/nav2_costmap_2d/include/nav2_costmap_2d/nav2_costmap_2d/inflation_layer.hpp
[0.521s] -- Up-to-date: /workstation/nav2_ws/install/nav2_costmap_2d/include/nav2_costmap_2d/nav2_costmap_2d/layered_costmap.hpp
[0.521s] -- Up-to-date: /workstation/nav2_ws/install/nav2_costmap_2d/include/nav2_costmap_2d/nav2_costmap_2d/observation.hpp
[0.521s] -- Up-to-date: /workstation/nav2_ws/install/nav2_costmap_2d/include/nav2_costmap_2d/nav2_costmap_2d/array_parser.hpp
[0.521s] -- Up-to-date: /workstation/nav2_ws/install/nav2_costmap_2d/include/nav2_costmap_2d/nav2_costmap_2d/denoise_layer.hpp
[0.521s] -- Up-to-date: /workstation/nav2_ws/install/nav2_costmap_2d/include/nav2_costmap_2d/nav2_costmap_2d/costmap_math.hpp
[0.521s] -- Up-to-date: /workstation/nav2_ws/install/nav2_costmap_2d/include/nav2_costmap_2d/nav2_costmap_2d/costmap_subscriber.hpp
[0.521s] -- Up-to-date: /workstation/nav2_ws/install/nav2_costmap_2d/include/nav2_costmap_2d/nav2_costmap_2d/costmap_filters
[0.521s] -- Up-to-date: /workstation/nav2_ws/install/nav2_costmap_2d/include/nav2_costmap_2d/nav2_costmap_2d/costmap_filters/binary_filter.hpp
[0.521s] -- Up-to-date: /workstation/nav2_ws/install/nav2_costmap_2d/include/nav2_costmap_2d/nav2_costmap_2d/costmap_filters/speed_filter.hpp
[0.522s] -- Up-to-date: /workstation/nav2_ws/install/nav2_costmap_2d/include/nav2_costmap_2d/nav2_costmap_2d/costmap_filters/keepout_filter.hpp
[0.522s] -- Up-to-date: /workstation/nav2_ws/install/nav2_costmap_2d/include/nav2_costmap_2d/nav2_costmap_2d/costmap_filters/filter_values.hpp
[0.522s] -- Up-to-date: /workstation/nav2_ws/install/nav2_costmap_2d/include/nav2_costmap_2d/nav2_costmap_2d/costmap_filters/costmap_filter.hpp
[0.522s] -- Up-to-date: /workstation/nav2_ws/install/nav2_costmap_2d/include/nav2_costmap_2d/nav2_costmap_2d/voxel_layer.hpp
[0.522s] -- Up-to-date: /workstation/nav2_ws/install/nav2_costmap_2d/include/nav2_costmap_2d/nav2_costmap_2d/observation_buffer.hpp
[0.522s] -- Up-to-date: /workstation/nav2_ws/install/nav2_costmap_2d/include/nav2_costmap_2d/nav2_costmap_2d/costmap_2d_ros.hpp
[0.522s] -- Up-to-date: /workstation/nav2_ws/install/nav2_costmap_2d/include/nav2_costmap_2d/nav2_costmap_2d/costmap_topic_collision_checker.hpp
[0.522s] -- Up-to-date: /workstation/nav2_ws/install/nav2_costmap_2d/include/nav2_costmap_2d/nav2_costmap_2d/exceptions.hpp
[0.522s] -- Up-to-date: /workstation/nav2_ws/install/nav2_costmap_2d/share/nav2_costmap_2d/test/regression/order_layer.xml
[0.522s] -- Up-to-date: /workstation/nav2_ws/install/nav2_costmap_2d/share/nav2_costmap_2d/environment/library_path.sh
[0.522s] -- Up-to-date: /workstation/nav2_ws/install/nav2_costmap_2d/share/nav2_costmap_2d/environment/library_path.dsv
[0.523s] -- Up-to-date: /workstation/nav2_ws/install/nav2_costmap_2d/share/nav2_costmap_2d/costmap_plugins.xml
[0.523s] -- Up-to-date: /workstation/nav2_ws/install/nav2_costmap_2d/share/ament_index/resource_index/package_run_dependencies/nav2_costmap_2d
[0.523s] -- Up-to-date: /workstation/nav2_ws/install/nav2_costmap_2d/share/ament_index/resource_index/parent_prefix_path/nav2_costmap_2d
[0.523s] -- Up-to-date: /workstation/nav2_ws/install/nav2_costmap_2d/share/nav2_costmap_2d/environment/ament_prefix_path.sh
[0.523s] -- Up-to-date: /workstation/nav2_ws/install/nav2_costmap_2d/share/nav2_costmap_2d/environment/ament_prefix_path.dsv
[0.523s] -- Up-to-date: /workstation/nav2_ws/install/nav2_costmap_2d/share/nav2_costmap_2d/environment/path.sh
[0.523s] -- Up-to-date: /workstation/nav2_ws/install/nav2_costmap_2d/share/nav2_costmap_2d/environment/path.dsv
[0.523s] -- Up-to-date: /workstation/nav2_ws/install/nav2_costmap_2d/share/nav2_costmap_2d/local_setup.bash
[0.523s] -- Up-to-date: /workstation/nav2_ws/install/nav2_costmap_2d/share/nav2_costmap_2d/local_setup.sh
[0.524s] -- Up-to-date: /workstation/nav2_ws/install/nav2_costmap_2d/share/nav2_costmap_2d/local_setup.zsh
[0.524s] -- Up-to-date: /workstation/nav2_ws/install/nav2_costmap_2d/share/nav2_costmap_2d/local_setup.dsv
[0.524s] -- Installing: /workstation/nav2_ws/install/nav2_costmap_2d/share/nav2_costmap_2d/package.dsv
[0.524s] -- Up-to-date: /workstation/nav2_ws/install/nav2_costmap_2d/share/ament_index/resource_index/packages/nav2_costmap_2d
[0.524s] -- Up-to-date: /workstation/nav2_ws/install/nav2_costmap_2d/share/ament_index/resource_index/nav2_costmap_2d__pluginlib__plugin/nav2_costmap_2d
[0.524s] -- Up-to-date: /workstation/nav2_ws/install/nav2_costmap_2d/share/nav2_costmap_2d/cmake/export_nav2_costmap_2dExport.cmake
[0.524s] -- Up-to-date: /workstation/nav2_ws/install/nav2_costmap_2d/share/nav2_costmap_2d/cmake/export_nav2_costmap_2dExport-release.cmake
[0.524s] -- Up-to-date: /workstation/nav2_ws/install/nav2_costmap_2d/share/nav2_costmap_2d/cmake/ament_cmake_export_targets-extras.cmake
[0.524s] -- Up-to-date: /workstation/nav2_ws/install/nav2_costmap_2d/share/nav2_costmap_2d/cmake/ament_cmake_export_dependencies-extras.cmake
[0.525s] -- Up-to-date: /workstation/nav2_ws/install/nav2_costmap_2d/share/nav2_costmap_2d/cmake/nav2_costmap_2dConfig.cmake
[0.525s] -- Up-to-date: /workstation/nav2_ws/install/nav2_costmap_2d/share/nav2_costmap_2d/cmake/nav2_costmap_2dConfig-version.cmake
[0.525s] -- Up-to-date: /workstation/nav2_ws/install/nav2_costmap_2d/share/nav2_costmap_2d/package.xml
[0.525s] -- Up-to-date: /workstation/nav2_ws/install/nav2_costmap_2d/lib/liborder_layer.so
[0.529s] Invoked command in '/workstation/nav2_ws/build/nav2_costmap_2d' returned '0': AMENT_PREFIX_PATH=/workstation/nav2_ws/install/nav2_map_server:/workstation/nav2_ws/install/nav2_lifecycle_manager:/workstation/nav2_ws/install/nav2_util:/workstation/nav2_ws/install/nav2_voxel_grid:/workstation/nav2_ws/install/nav2_msgs:/workstation/nav2_ws/install/nav2_common:${AMENT_PREFIX_PATH} CMAKE_PREFIX_PATH=/workstation/nav2_ws/install/nav2_map_server:/workstation/nav2_ws/install/nav2_lifecycle_manager:/workstation/nav2_ws/install/nav2_util:/workstation/nav2_ws/install/nav2_voxel_grid:/workstation/nav2_ws/install/nav2_msgs:/workstation/nav2_ws/install/nav2_common:/opt/ros/humble LD_LIBRARY_PATH=/workstation/nav2_ws/install/nav2_map_server/lib:/workstation/nav2_ws/install/nav2_lifecycle_manager/lib:/workstation/nav2_ws/install/nav2_util/lib:/workstation/nav2_ws/install/nav2_voxel_grid/lib:/workstation/nav2_ws/install/nav2_msgs/lib:${LD_LIBRARY_PATH} PYTHONPATH=/workstation/nav2_ws/install/nav2_msgs/local/lib/python3.10/dist-packages:/workstation/nav2_ws/install/nav2_common/local/lib/python3.10/dist-packages:${PYTHONPATH} /usr/bin/cmake --install /workstation/nav2_ws/build/nav2_costmap_2d
