[0.085s] Invoking command in '/workstation/nav2_ws/build/nav2_waypoint_follower': AMENT_PREFIX_PATH=/workstation/nav2_ws/install/nav2_core:/workstation/nav2_ws/install/nav2_costmap_2d:/workstation/nav2_ws/install/nav2_map_server:/workstation/nav2_ws/install/nav2_lifecycle_manager:/workstation/nav2_ws/install/nav2_util:/workstation/nav2_ws/install/nav2_voxel_grid:/workstation/nav2_ws/install/nav2_msgs:/workstation/nav2_ws/install/nav2_common:${AMENT_PREFIX_PATH} CMAKE_PREFIX_PATH=/workstation/nav2_ws/install/nav2_core:/workstation/nav2_ws/install/nav2_costmap_2d:/workstation/nav2_ws/install/nav2_map_server:/workstation/nav2_ws/install/nav2_lifecycle_manager:/workstation/nav2_ws/install/nav2_util:/workstation/nav2_ws/install/nav2_voxel_grid:/workstation/nav2_ws/install/nav2_msgs:/workstation/nav2_ws/install/nav2_common:/opt/ros/humble LD_LIBRARY_PATH=/workstation/nav2_ws/install/nav2_costmap_2d/lib:/workstation/nav2_ws/install/nav2_map_server/lib:/workstation/nav2_ws/install/nav2_lifecycle_manager/lib:/workstation/nav2_ws/install/nav2_util/lib:/workstation/nav2_ws/install/nav2_voxel_grid/lib:/workstation/nav2_ws/install/nav2_msgs/lib:${LD_LIBRARY_PATH} PYTHONPATH=/workstation/nav2_ws/install/nav2_msgs/local/lib/python3.10/dist-packages:/workstation/nav2_ws/install/nav2_common/local/lib/python3.10/dist-packages:${PYTHONPATH} /usr/bin/cmake /workstation/nav2_ws/src/navigation2/nav2_waypoint_follower -DCMAKE_INSTALL_PREFIX=/workstation/nav2_ws/install/nav2_waypoint_follower
[3.858s] -- The C compiler identification is GNU 11.4.0
[3.858s] -- The CXX compiler identification is GNU 11.4.0
[3.858s] -- Detecting C compiler ABI info
[3.858s] -- Detecting C compiler ABI info - done
[3.858s] -- Check for working C compiler: /usr/bin/cc - skipped
[3.858s] -- Detecting C compile features
[3.858s] -- Detecting C compile features - done
[3.858s] -- Detecting CXX compiler ABI info
[3.859s] -- Detecting CXX compiler ABI info - done
[3.859s] -- Check for working CXX compiler: /usr/bin/c++ - skipped
[3.859s] -- Detecting CXX compile features
[3.859s] -- Detecting CXX compile features - done
[3.859s] -- Found OpenCV version 4.5.4
[3.859s] -- Found image_transport: 3.1.9 (/opt/ros/humble/share/image_transport/cmake)
[3.859s] -- Found Python3: /usr/bin/python3 (found version "3.10.12") found components: Interpreter 
[3.859s] -- Found rosidl_generator_c: 3.1.5 (/opt/ros/humble/share/rosidl_generator_c/cmake)
[3.859s] -- Found rosidl_adapter: 3.1.5 (/opt/ros/humble/share/rosidl_adapter/cmake)
[3.860s] -- Found rosidl_generator_cpp: 3.1.5 (/opt/ros/humble/share/rosidl_generator_cpp/cmake)
[3.860s] -- Using all available rosidl_typesupport_c: rosidl_typesupport_fastrtps_c;rosidl_typesupport_introspection_c
[3.860s] -- Using all available rosidl_typesupport_cpp: rosidl_typesupport_fastrtps_cpp;rosidl_typesupport_introspection_cpp
[3.861s] -- Found rmw_implementation_cmake: 6.1.2 (/opt/ros/humble/share/rmw_implementation_cmake/cmake)
[3.861s] -- Found rmw_fastrtps_cpp: 6.2.7 (/opt/ros/humble/share/rmw_fastrtps_cpp/cmake)
[3.861s] -- Found OpenSSL: /usr/lib/x86_64-linux-gnu/libcrypto.so (found version "3.0.2")  
[3.862s] -- Found FastRTPS: /opt/ros/humble/include  
[3.862s] -- Using RMW implementation 'rmw_fastrtps_cpp' as default
[3.862s] -- Looking for pthread.h
[3.865s] -- Looking for pthread.h - found
[3.865s] -- Performing Test CMAKE_HAVE_LIBC_PTHREAD
[3.865s] -- Performing Test CMAKE_HAVE_LIBC_PTHREAD - Success
[3.866s] -- Found Threads: TRUE  
[3.867s] -- Found cv_bridge: 3.2.1 (/opt/ros/humble/share/cv_bridge/cmake)
[3.867s] -- Found nav2_common: 1.1.16 (/workstation/nav2_ws/install/nav2_common/share/nav2_common/cmake)
[3.867s] -- Found rclcpp_action: 16.0.10 (/opt/ros/humble/share/rclcpp_action/cmake)
[3.867s] -- Found rclcpp_lifecycle: 16.0.10 (/opt/ros/humble/share/rclcpp_lifecycle/cmake)
[3.867s] -- Found rclcpp_components: 16.0.10 (/opt/ros/humble/share/rclcpp_components/cmake)
[3.867s] -- Found nav_msgs: 4.2.4 (/opt/ros/humble/share/nav_msgs/cmake)
[3.867s] -- Found nav2_msgs: 1.1.16 (/workstation/nav2_ws/install/nav2_msgs/share/nav2_msgs/cmake)
[3.867s] -- Found nav2_util: 1.1.16 (/workstation/nav2_ws/install/nav2_util/share/nav2_util/cmake)
[3.867s] -- Found eigen3_cmake_module: 0.1.1 (/opt/ros/humble/share/eigen3_cmake_module/cmake)
[3.868s] -- Found Eigen3: TRUE (found version "3.4.0") 
[3.868s] -- Ensuring Eigen3 include directory is part of orocos-kdl CMake target
[3.868s] -- Found nav2_core: 1.1.16 (/workstation/nav2_ws/install/nav2_core/share/nav2_core/cmake)
[3.868s] -- Setting build type to Release as none was specified.
[3.868s] -- Found ament_lint_auto: 0.12.11 (/opt/ros/humble/share/ament_lint_auto/cmake)
[3.868s] -- Found ament_cmake_gtest: 1.3.10 (/opt/ros/humble/share/ament_cmake_gtest/cmake)
[3.870s] -- Found gtest sources under '/opt/ros/humble/src/gtest_vendor': C++ tests using 'Google Test' will be built
[4.134s] -- Added test 'copyright' to check source files copyright and LICENSE
[4.136s] -- Added test 'cppcheck' to perform static code analysis on C / C++ code
[4.138s] -- Configured cppcheck include dirs: /workstation/nav2_ws/src/navigation2/nav2_waypoint_follower/include
[4.138s] -- Configured cppcheck exclude dirs and/or files: 
[4.141s] -- Added test 'cpplint' to check C / C++ code against the Google style
[4.141s] -- Configured cpplint exclude dirs and/or files: 
[4.142s] -- Added test 'lint_cmake' to check CMake code style
[4.144s] -- Added test 'uncrustify' to check C / C++ code style
[4.144s] -- Configured uncrustify additional arguments: 
[4.145s] -- Added test 'xmllint' to check XML markup files
[4.149s] -- Configuring done
[4.852s] -- Generating done
[4.858s] -- Build files have been written to: /workstation/nav2_ws/build/nav2_waypoint_follower
[4.928s] Invoked command in '/workstation/nav2_ws/build/nav2_waypoint_follower' returned '0': AMENT_PREFIX_PATH=/workstation/nav2_ws/install/nav2_core:/workstation/nav2_ws/install/nav2_costmap_2d:/workstation/nav2_ws/install/nav2_map_server:/workstation/nav2_ws/install/nav2_lifecycle_manager:/workstation/nav2_ws/install/nav2_util:/workstation/nav2_ws/install/nav2_voxel_grid:/workstation/nav2_ws/install/nav2_msgs:/workstation/nav2_ws/install/nav2_common:${AMENT_PREFIX_PATH} CMAKE_PREFIX_PATH=/workstation/nav2_ws/install/nav2_core:/workstation/nav2_ws/install/nav2_costmap_2d:/workstation/nav2_ws/install/nav2_map_server:/workstation/nav2_ws/install/nav2_lifecycle_manager:/workstation/nav2_ws/install/nav2_util:/workstation/nav2_ws/install/nav2_voxel_grid:/workstation/nav2_ws/install/nav2_msgs:/workstation/nav2_ws/install/nav2_common:/opt/ros/humble LD_LIBRARY_PATH=/workstation/nav2_ws/install/nav2_costmap_2d/lib:/workstation/nav2_ws/install/nav2_map_server/lib:/workstation/nav2_ws/install/nav2_lifecycle_manager/lib:/workstation/nav2_ws/install/nav2_util/lib:/workstation/nav2_ws/install/nav2_voxel_grid/lib:/workstation/nav2_ws/install/nav2_msgs/lib:${LD_LIBRARY_PATH} PYTHONPATH=/workstation/nav2_ws/install/nav2_msgs/local/lib/python3.10/dist-packages:/workstation/nav2_ws/install/nav2_common/local/lib/python3.10/dist-packages:${PYTHONPATH} /usr/bin/cmake /workstation/nav2_ws/src/navigation2/nav2_waypoint_follower -DCMAKE_INSTALL_PREFIX=/workstation/nav2_ws/install/nav2_waypoint_follower
[4.942s] Invoking command in '/workstation/nav2_ws/build/nav2_waypoint_follower': AMENT_PREFIX_PATH=/workstation/nav2_ws/install/nav2_core:/workstation/nav2_ws/install/nav2_costmap_2d:/workstation/nav2_ws/install/nav2_map_server:/workstation/nav2_ws/install/nav2_lifecycle_manager:/workstation/nav2_ws/install/nav2_util:/workstation/nav2_ws/install/nav2_voxel_grid:/workstation/nav2_ws/install/nav2_msgs:/workstation/nav2_ws/install/nav2_common:${AMENT_PREFIX_PATH} CMAKE_PREFIX_PATH=/workstation/nav2_ws/install/nav2_core:/workstation/nav2_ws/install/nav2_costmap_2d:/workstation/nav2_ws/install/nav2_map_server:/workstation/nav2_ws/install/nav2_lifecycle_manager:/workstation/nav2_ws/install/nav2_util:/workstation/nav2_ws/install/nav2_voxel_grid:/workstation/nav2_ws/install/nav2_msgs:/workstation/nav2_ws/install/nav2_common:/opt/ros/humble LD_LIBRARY_PATH=/workstation/nav2_ws/install/nav2_costmap_2d/lib:/workstation/nav2_ws/install/nav2_map_server/lib:/workstation/nav2_ws/install/nav2_lifecycle_manager/lib:/workstation/nav2_ws/install/nav2_util/lib:/workstation/nav2_ws/install/nav2_voxel_grid/lib:/workstation/nav2_ws/install/nav2_msgs/lib:${LD_LIBRARY_PATH} PYTHONPATH=/workstation/nav2_ws/install/nav2_msgs/local/lib/python3.10/dist-packages:/workstation/nav2_ws/install/nav2_common/local/lib/python3.10/dist-packages:${PYTHONPATH} /usr/bin/cmake --build /workstation/nav2_ws/build/nav2_waypoint_follower -- -j12 -l12
[5.844s] [  5%] [32mBuilding CXX object CMakeFiles/waypoint_follower_core.dir/src/waypoint_follower.cpp.o[0m
[29.778s] [ 11%] [32m[1mLinking CXX shared library libwaypoint_follower_core.so[0m
[30.639s] [ 11%] Built target waypoint_follower_core
[30.677s] [ 16%] [32mBuilding CXX object gtest/CMakeFiles/gtest.dir/src/gtest-all.cc.o[0m
[44.651s] [ 22%] [32m[1mLinking CXX static library libgtest.a[0m
[44.722s] [ 22%] Built target gtest
[44.767s] [ 27%] [32mBuilding CXX object CMakeFiles/waypoint_follower.dir/src/main.cpp.o[0m
[52.058s] [ 33%] [32m[1mLinking CXX executable waypoint_follower[0m
[52.666s] [ 33%] Built target waypoint_follower
[52.703s] [ 38%] [32mBuilding CXX object gtest/CMakeFiles/gtest_main.dir/src/gtest_main.cc.o[0m
[54.266s] [ 44%] [32m[1mLinking CXX static library libgtest_main.a[0m
[54.328s] [ 44%] Built target gtest_main
[54.370s] [ 50%] [32mBuilding CXX object CMakeFiles/input_at_waypoint.dir/plugins/input_at_waypoint.cpp.o[0m
[73.342s] [ 55%] [32m[1mLinking CXX shared library libinput_at_waypoint.so[0m
[74.000s] [ 55%] Built target input_at_waypoint
[74.042s] [ 61%] [32mBuilding CXX object test/CMakeFiles/test_dynamic_parameters.dir/test_dynamic_parameters.cpp.o[0m
[82.939s] [ 66%] [32m[1mLinking CXX executable test_dynamic_parameters[0m
[83.819s] [ 66%] Built target test_dynamic_parameters
[83.858s] [ 72%] [32mBuilding CXX object CMakeFiles/wait_at_waypoint.dir/plugins/wait_at_waypoint.cpp.o[0m
[83.859s] [ 77%] [32mBuilding CXX object CMakeFiles/photo_at_waypoint.dir/plugins/photo_at_waypoint.cpp.o[0m
[91.975s] [ 83%] [32m[1mLinking CXX shared library libwait_at_waypoint.so[0m
[92.824s] [ 83%] Built target wait_at_waypoint
[121.066s] [ 88%] [32m[1mLinking CXX shared library libphoto_at_waypoint.so[0m
[121.587s] [ 88%] Built target photo_at_waypoint
[121.631s] [ 94%] [32mBuilding CXX object test/CMakeFiles/test_task_executors.dir/test_task_executors.cpp.o[0m
[133.565s] [100%] [32m[1mLinking CXX executable test_task_executors[0m
[134.514s] [100%] Built target test_task_executors
[134.534s] Invoked command in '/workstation/nav2_ws/build/nav2_waypoint_follower' returned '0': AMENT_PREFIX_PATH=/workstation/nav2_ws/install/nav2_core:/workstation/nav2_ws/install/nav2_costmap_2d:/workstation/nav2_ws/install/nav2_map_server:/workstation/nav2_ws/install/nav2_lifecycle_manager:/workstation/nav2_ws/install/nav2_util:/workstation/nav2_ws/install/nav2_voxel_grid:/workstation/nav2_ws/install/nav2_msgs:/workstation/nav2_ws/install/nav2_common:${AMENT_PREFIX_PATH} CMAKE_PREFIX_PATH=/workstation/nav2_ws/install/nav2_core:/workstation/nav2_ws/install/nav2_costmap_2d:/workstation/nav2_ws/install/nav2_map_server:/workstation/nav2_ws/install/nav2_lifecycle_manager:/workstation/nav2_ws/install/nav2_util:/workstation/nav2_ws/install/nav2_voxel_grid:/workstation/nav2_ws/install/nav2_msgs:/workstation/nav2_ws/install/nav2_common:/opt/ros/humble LD_LIBRARY_PATH=/workstation/nav2_ws/install/nav2_costmap_2d/lib:/workstation/nav2_ws/install/nav2_map_server/lib:/workstation/nav2_ws/install/nav2_lifecycle_manager/lib:/workstation/nav2_ws/install/nav2_util/lib:/workstation/nav2_ws/install/nav2_voxel_grid/lib:/workstation/nav2_ws/install/nav2_msgs/lib:${LD_LIBRARY_PATH} PYTHONPATH=/workstation/nav2_ws/install/nav2_msgs/local/lib/python3.10/dist-packages:/workstation/nav2_ws/install/nav2_common/local/lib/python3.10/dist-packages:${PYTHONPATH} /usr/bin/cmake --build /workstation/nav2_ws/build/nav2_waypoint_follower -- -j12 -l12
[134.590s] Invoking command in '/workstation/nav2_ws/build/nav2_waypoint_follower': AMENT_PREFIX_PATH=/workstation/nav2_ws/install/nav2_core:/workstation/nav2_ws/install/nav2_costmap_2d:/workstation/nav2_ws/install/nav2_map_server:/workstation/nav2_ws/install/nav2_lifecycle_manager:/workstation/nav2_ws/install/nav2_util:/workstation/nav2_ws/install/nav2_voxel_grid:/workstation/nav2_ws/install/nav2_msgs:/workstation/nav2_ws/install/nav2_common:${AMENT_PREFIX_PATH} CMAKE_PREFIX_PATH=/workstation/nav2_ws/install/nav2_core:/workstation/nav2_ws/install/nav2_costmap_2d:/workstation/nav2_ws/install/nav2_map_server:/workstation/nav2_ws/install/nav2_lifecycle_manager:/workstation/nav2_ws/install/nav2_util:/workstation/nav2_ws/install/nav2_voxel_grid:/workstation/nav2_ws/install/nav2_msgs:/workstation/nav2_ws/install/nav2_common:/opt/ros/humble LD_LIBRARY_PATH=/workstation/nav2_ws/install/nav2_costmap_2d/lib:/workstation/nav2_ws/install/nav2_map_server/lib:/workstation/nav2_ws/install/nav2_lifecycle_manager/lib:/workstation/nav2_ws/install/nav2_util/lib:/workstation/nav2_ws/install/nav2_voxel_grid/lib:/workstation/nav2_ws/install/nav2_msgs/lib:${LD_LIBRARY_PATH} PYTHONPATH=/workstation/nav2_ws/install/nav2_msgs/local/lib/python3.10/dist-packages:/workstation/nav2_ws/install/nav2_common/local/lib/python3.10/dist-packages:${PYTHONPATH} /usr/bin/cmake --install /workstation/nav2_ws/build/nav2_waypoint_follower
[134.603s] -- Install configuration: "Release"
[134.603s] -- Installing: /workstation/nav2_ws/install/nav2_waypoint_follower/lib/libwaypoint_follower_core.so
[134.604s] -- Set runtime path of "/workstation/nav2_ws/install/nav2_waypoint_follower/lib/libwaypoint_follower_core.so" to ""
[134.604s] -- Installing: /workstation/nav2_ws/install/nav2_waypoint_follower/lib/libwait_at_waypoint.so
[134.605s] -- Set runtime path of "/workstation/nav2_ws/install/nav2_waypoint_follower/lib/libwait_at_waypoint.so" to ""
[134.605s] -- Installing: /workstation/nav2_ws/install/nav2_waypoint_follower/lib/libphoto_at_waypoint.so
[134.607s] -- Set runtime path of "/workstation/nav2_ws/install/nav2_waypoint_follower/lib/libphoto_at_waypoint.so" to ""
[134.607s] -- Installing: /workstation/nav2_ws/install/nav2_waypoint_follower/lib/libinput_at_waypoint.so
[134.609s] -- Set runtime path of "/workstation/nav2_ws/install/nav2_waypoint_follower/lib/libinput_at_waypoint.so" to ""
[134.610s] -- Installing: /workstation/nav2_ws/install/nav2_waypoint_follower/lib/nav2_waypoint_follower/waypoint_follower
[134.610s] -- Set runtime path of "/workstation/nav2_ws/install/nav2_waypoint_follower/lib/nav2_waypoint_follower/waypoint_follower" to ""
[134.610s] -- Installing: /workstation/nav2_ws/install/nav2_waypoint_follower/include/
[134.610s] -- Installing: /workstation/nav2_ws/install/nav2_waypoint_follower/include//nav2_waypoint_follower
[134.611s] -- Installing: /workstation/nav2_ws/install/nav2_waypoint_follower/include//nav2_waypoint_follower/plugins
[134.611s] -- Installing: /workstation/nav2_ws/install/nav2_waypoint_follower/include//nav2_waypoint_follower/plugins/photo_at_waypoint.hpp
[134.611s] -- Installing: /workstation/nav2_ws/install/nav2_waypoint_follower/include//nav2_waypoint_follower/plugins/wait_at_waypoint.hpp
[134.611s] -- Installing: /workstation/nav2_ws/install/nav2_waypoint_follower/include//nav2_waypoint_follower/plugins/input_at_waypoint.hpp
[134.611s] -- Installing: /workstation/nav2_ws/install/nav2_waypoint_follower/include//nav2_waypoint_follower/waypoint_follower.hpp
[134.611s] -- Installing: /workstation/nav2_ws/install/nav2_waypoint_follower/share/nav2_waypoint_follower/environment/library_path.sh
[134.611s] -- Installing: /workstation/nav2_ws/install/nav2_waypoint_follower/share/nav2_waypoint_follower/environment/library_path.dsv
[134.612s] -- Installing: /workstation/nav2_ws/install/nav2_waypoint_follower/share/nav2_waypoint_follower/plugins.xml
[134.612s] -- Installing: /workstation/nav2_ws/install/nav2_waypoint_follower/share/ament_index/resource_index/package_run_dependencies/nav2_waypoint_follower
[134.613s] -- Installing: /workstation/nav2_ws/install/nav2_waypoint_follower/share/ament_index/resource_index/parent_prefix_path/nav2_waypoint_follower
[134.613s] -- Installing: /workstation/nav2_ws/install/nav2_waypoint_follower/share/nav2_waypoint_follower/environment/ament_prefix_path.sh
[134.613s] -- Installing: /workstation/nav2_ws/install/nav2_waypoint_follower/share/nav2_waypoint_follower/environment/ament_prefix_path.dsv
[134.613s] -- Installing: /workstation/nav2_ws/install/nav2_waypoint_follower/share/nav2_waypoint_follower/environment/path.sh
[134.613s] -- Installing: /workstation/nav2_ws/install/nav2_waypoint_follower/share/nav2_waypoint_follower/environment/path.dsv
[134.614s] -- Installing: /workstation/nav2_ws/install/nav2_waypoint_follower/share/nav2_waypoint_follower/local_setup.bash
[134.614s] -- Installing: /workstation/nav2_ws/install/nav2_waypoint_follower/share/nav2_waypoint_follower/local_setup.sh
[134.614s] -- Installing: /workstation/nav2_ws/install/nav2_waypoint_follower/share/nav2_waypoint_follower/local_setup.zsh
[134.614s] -- Installing: /workstation/nav2_ws/install/nav2_waypoint_follower/share/nav2_waypoint_follower/local_setup.dsv
[134.615s] -- Installing: /workstation/nav2_ws/install/nav2_waypoint_follower/share/nav2_waypoint_follower/package.dsv
[134.615s] -- Installing: /workstation/nav2_ws/install/nav2_waypoint_follower/share/ament_index/resource_index/packages/nav2_waypoint_follower
[134.615s] -- Installing: /workstation/nav2_ws/install/nav2_waypoint_follower/share/ament_index/resource_index/nav2_waypoint_follower__pluginlib__plugin/nav2_waypoint_follower
[134.615s] -- Installing: /workstation/nav2_ws/install/nav2_waypoint_follower/share/ament_index/resource_index/rclcpp_components/nav2_waypoint_follower
[134.616s] -- Installing: /workstation/nav2_ws/install/nav2_waypoint_follower/share/nav2_waypoint_follower/cmake/ament_cmake_export_include_directories-extras.cmake
[134.616s] -- Installing: /workstation/nav2_ws/install/nav2_waypoint_follower/share/nav2_waypoint_follower/cmake/ament_cmake_export_libraries-extras.cmake
[134.616s] -- Installing: /workstation/nav2_ws/install/nav2_waypoint_follower/share/nav2_waypoint_follower/cmake/ament_cmake_export_dependencies-extras.cmake
[134.616s] -- Installing: /workstation/nav2_ws/install/nav2_waypoint_follower/share/nav2_waypoint_follower/cmake/nav2_waypoint_followerConfig.cmake
[134.616s] -- Installing: /workstation/nav2_ws/install/nav2_waypoint_follower/share/nav2_waypoint_follower/cmake/nav2_waypoint_followerConfig-version.cmake
[134.617s] -- Installing: /workstation/nav2_ws/install/nav2_waypoint_follower/share/nav2_waypoint_follower/package.xml
[134.620s] Invoked command in '/workstation/nav2_ws/build/nav2_waypoint_follower' returned '0': AMENT_PREFIX_PATH=/workstation/nav2_ws/install/nav2_core:/workstation/nav2_ws/install/nav2_costmap_2d:/workstation/nav2_ws/install/nav2_map_server:/workstation/nav2_ws/install/nav2_lifecycle_manager:/workstation/nav2_ws/install/nav2_util:/workstation/nav2_ws/install/nav2_voxel_grid:/workstation/nav2_ws/install/nav2_msgs:/workstation/nav2_ws/install/nav2_common:${AMENT_PREFIX_PATH} CMAKE_PREFIX_PATH=/workstation/nav2_ws/install/nav2_core:/workstation/nav2_ws/install/nav2_costmap_2d:/workstation/nav2_ws/install/nav2_map_server:/workstation/nav2_ws/install/nav2_lifecycle_manager:/workstation/nav2_ws/install/nav2_util:/workstation/nav2_ws/install/nav2_voxel_grid:/workstation/nav2_ws/install/nav2_msgs:/workstation/nav2_ws/install/nav2_common:/opt/ros/humble LD_LIBRARY_PATH=/workstation/nav2_ws/install/nav2_costmap_2d/lib:/workstation/nav2_ws/install/nav2_map_server/lib:/workstation/nav2_ws/install/nav2_lifecycle_manager/lib:/workstation/nav2_ws/install/nav2_util/lib:/workstation/nav2_ws/install/nav2_voxel_grid/lib:/workstation/nav2_ws/install/nav2_msgs/lib:${LD_LIBRARY_PATH} PYTHONPATH=/workstation/nav2_ws/install/nav2_msgs/local/lib/python3.10/dist-packages:/workstation/nav2_ws/install/nav2_common/local/lib/python3.10/dist-packages:${PYTHONPATH} /usr/bin/cmake --install /workstation/nav2_ws/build/nav2_waypoint_follower
