[0.111s] Invoking command in '/workstation/nav2_ws/build/nav2_rviz_plugins': AMENT_PREFIX_PATH=/workstation/nav2_ws/install/nav2_lifecycle_manager:/workstation/nav2_ws/install/nav2_util:/workstation/nav2_ws/install/nav2_msgs:/workstation/nav2_ws/install/nav2_common:${AMENT_PREFIX_PATH} CMAKE_PREFIX_PATH=/workstation/nav2_ws/install/nav2_lifecycle_manager:/workstation/nav2_ws/install/nav2_util:/workstation/nav2_ws/install/nav2_msgs:/workstation/nav2_ws/install/nav2_common:/opt/ros/humble LD_LIBRARY_PATH=/workstation/nav2_ws/install/nav2_lifecycle_manager/lib:/workstation/nav2_ws/install/nav2_util/lib:/workstation/nav2_ws/install/nav2_msgs/lib:${LD_LIBRARY_PATH} PYTHONPATH=/workstation/nav2_ws/install/nav2_msgs/local/lib/python3.10/dist-packages:/workstation/nav2_ws/install/nav2_common/local/lib/python3.10/dist-packages:${PYTHONPATH} /usr/bin/cmake --build /workstation/nav2_ws/build/nav2_rviz_plugins -- -j12 -l12
[0.258s] [ 14%] [34m[1mAutomatic MOC for target nav2_rviz_plugins[0m
[0.311s] [ 14%] Built target nav2_rviz_plugins_autogen
[0.373s] [100%] Built target nav2_rviz_plugins
[0.385s] Invoked command in '/workstation/nav2_ws/build/nav2_rviz_plugins' returned '0': AMENT_PREFIX_PATH=/workstation/nav2_ws/install/nav2_lifecycle_manager:/workstation/nav2_ws/install/nav2_util:/workstation/nav2_ws/install/nav2_msgs:/workstation/nav2_ws/install/nav2_common:${AMENT_PREFIX_PATH} CMAKE_PREFIX_PATH=/workstation/nav2_ws/install/nav2_lifecycle_manager:/workstation/nav2_ws/install/nav2_util:/workstation/nav2_ws/install/nav2_msgs:/workstation/nav2_ws/install/nav2_common:/opt/ros/humble LD_LIBRARY_PATH=/workstation/nav2_ws/install/nav2_lifecycle_manager/lib:/workstation/nav2_ws/install/nav2_util/lib:/workstation/nav2_ws/install/nav2_msgs/lib:${LD_LIBRARY_PATH} PYTHONPATH=/workstation/nav2_ws/install/nav2_msgs/local/lib/python3.10/dist-packages:/workstation/nav2_ws/install/nav2_common/local/lib/python3.10/dist-packages:${PYTHONPATH} /usr/bin/cmake --build /workstation/nav2_ws/build/nav2_rviz_plugins -- -j12 -l12
[0.426s] Invoking command in '/workstation/nav2_ws/build/nav2_rviz_plugins': AMENT_PREFIX_PATH=/workstation/nav2_ws/install/nav2_lifecycle_manager:/workstation/nav2_ws/install/nav2_util:/workstation/nav2_ws/install/nav2_msgs:/workstation/nav2_ws/install/nav2_common:${AMENT_PREFIX_PATH} CMAKE_PREFIX_PATH=/workstation/nav2_ws/install/nav2_lifecycle_manager:/workstation/nav2_ws/install/nav2_util:/workstation/nav2_ws/install/nav2_msgs:/workstation/nav2_ws/install/nav2_common:/opt/ros/humble LD_LIBRARY_PATH=/workstation/nav2_ws/install/nav2_lifecycle_manager/lib:/workstation/nav2_ws/install/nav2_util/lib:/workstation/nav2_ws/install/nav2_msgs/lib:${LD_LIBRARY_PATH} PYTHONPATH=/workstation/nav2_ws/install/nav2_msgs/local/lib/python3.10/dist-packages:/workstation/nav2_ws/install/nav2_common/local/lib/python3.10/dist-packages:${PYTHONPATH} /usr/bin/cmake --install /workstation/nav2_ws/build/nav2_rviz_plugins
[0.443s] -- Install configuration: ""
[0.444s] -- Up-to-date: /workstation/nav2_ws/install/nav2_rviz_plugins/share/nav2_rviz_plugins/plugins_description.xml
[0.444s] -- Up-to-date: /workstation/nav2_ws/install/nav2_rviz_plugins/lib/libnav2_rviz_plugins.so
[0.444s] -- Up-to-date: /workstation/nav2_ws/install/nav2_rviz_plugins/include/
[0.444s] -- Up-to-date: /workstation/nav2_ws/install/nav2_rviz_plugins/include//nav2_rviz_plugins
[0.445s] -- Up-to-date: /workstation/nav2_ws/install/nav2_rviz_plugins/include//nav2_rviz_plugins/particle_cloud_display
[0.445s] -- Up-to-date: /workstation/nav2_ws/install/nav2_rviz_plugins/include//nav2_rviz_plugins/particle_cloud_display/particle_cloud_display.hpp
[0.445s] -- Up-to-date: /workstation/nav2_ws/install/nav2_rviz_plugins/include//nav2_rviz_plugins/particle_cloud_display/flat_weighted_arrows_array.hpp
[0.445s] -- Up-to-date: /workstation/nav2_ws/install/nav2_rviz_plugins/include//nav2_rviz_plugins/nav2_panel.hpp
[0.445s] -- Up-to-date: /workstation/nav2_ws/install/nav2_rviz_plugins/include//nav2_rviz_plugins/goal_pose_updater.hpp
[0.445s] -- Up-to-date: /workstation/nav2_ws/install/nav2_rviz_plugins/include//nav2_rviz_plugins/goal_common.hpp
[0.445s] -- Up-to-date: /workstation/nav2_ws/install/nav2_rviz_plugins/include//nav2_rviz_plugins/ros_action_qevent.hpp
[0.446s] -- Up-to-date: /workstation/nav2_ws/install/nav2_rviz_plugins/include//nav2_rviz_plugins/goal_tool.hpp
[0.446s] -- Up-to-date: /workstation/nav2_ws/install/nav2_rviz_plugins/share/nav2_rviz_plugins/environment/library_path.sh
[0.446s] -- Up-to-date: /workstation/nav2_ws/install/nav2_rviz_plugins/share/nav2_rviz_plugins/environment/library_path.dsv
[0.446s] -- Up-to-date: /workstation/nav2_ws/install/nav2_rviz_plugins/share/ament_index/resource_index/package_run_dependencies/nav2_rviz_plugins
[0.446s] -- Up-to-date: /workstation/nav2_ws/install/nav2_rviz_plugins/share/ament_index/resource_index/parent_prefix_path/nav2_rviz_plugins
[0.446s] -- Up-to-date: /workstation/nav2_ws/install/nav2_rviz_plugins/share/nav2_rviz_plugins/environment/ament_prefix_path.sh
[0.446s] -- Up-to-date: /workstation/nav2_ws/install/nav2_rviz_plugins/share/nav2_rviz_plugins/environment/ament_prefix_path.dsv
[0.447s] -- Up-to-date: /workstation/nav2_ws/install/nav2_rviz_plugins/share/nav2_rviz_plugins/environment/path.sh
[0.447s] -- Up-to-date: /workstation/nav2_ws/install/nav2_rviz_plugins/share/nav2_rviz_plugins/environment/path.dsv
[0.447s] -- Up-to-date: /workstation/nav2_ws/install/nav2_rviz_plugins/share/nav2_rviz_plugins/local_setup.bash
[0.449s] -- Up-to-date: /workstation/nav2_ws/install/nav2_rviz_plugins/share/nav2_rviz_plugins/local_setup.sh
[0.449s] -- Up-to-date: /workstation/nav2_ws/install/nav2_rviz_plugins/share/nav2_rviz_plugins/local_setup.zsh
[0.449s] -- Up-to-date: /workstation/nav2_ws/install/nav2_rviz_plugins/share/nav2_rviz_plugins/local_setup.dsv
[0.449s] -- Installing: /workstation/nav2_ws/install/nav2_rviz_plugins/share/nav2_rviz_plugins/package.dsv
[0.453s] -- Up-to-date: /workstation/nav2_ws/install/nav2_rviz_plugins/share/ament_index/resource_index/packages/nav2_rviz_plugins
[0.454s] -- Up-to-date: /workstation/nav2_ws/install/nav2_rviz_plugins/share/ament_index/resource_index/rviz_common__pluginlib__plugin/nav2_rviz_plugins
[0.454s] -- Up-to-date: /workstation/nav2_ws/install/nav2_rviz_plugins/share/nav2_rviz_plugins/cmake/nav2_rviz_pluginsExport.cmake
[0.454s] -- Up-to-date: /workstation/nav2_ws/install/nav2_rviz_plugins/share/nav2_rviz_plugins/cmake/nav2_rviz_pluginsExport-noconfig.cmake
[0.454s] -- Up-to-date: /workstation/nav2_ws/install/nav2_rviz_plugins/share/nav2_rviz_plugins/cmake/ament_cmake_export_include_directories-extras.cmake
[0.454s] -- Up-to-date: /workstation/nav2_ws/install/nav2_rviz_plugins/share/nav2_rviz_plugins/cmake/ament_cmake_export_targets-extras.cmake
[0.455s] -- Up-to-date: /workstation/nav2_ws/install/nav2_rviz_plugins/share/nav2_rviz_plugins/cmake/ament_cmake_export_dependencies-extras.cmake
[0.455s] -- Up-to-date: /workstation/nav2_ws/install/nav2_rviz_plugins/share/nav2_rviz_plugins/cmake/nav2_rviz_pluginsConfig.cmake
[0.455s] -- Up-to-date: /workstation/nav2_ws/install/nav2_rviz_plugins/share/nav2_rviz_plugins/cmake/nav2_rviz_pluginsConfig-version.cmake
[0.455s] -- Up-to-date: /workstation/nav2_ws/install/nav2_rviz_plugins/share/nav2_rviz_plugins/package.xml
[0.463s] Invoked command in '/workstation/nav2_ws/build/nav2_rviz_plugins' returned '0': AMENT_PREFIX_PATH=/workstation/nav2_ws/install/nav2_lifecycle_manager:/workstation/nav2_ws/install/nav2_util:/workstation/nav2_ws/install/nav2_msgs:/workstation/nav2_ws/install/nav2_common:${AMENT_PREFIX_PATH} CMAKE_PREFIX_PATH=/workstation/nav2_ws/install/nav2_lifecycle_manager:/workstation/nav2_ws/install/nav2_util:/workstation/nav2_ws/install/nav2_msgs:/workstation/nav2_ws/install/nav2_common:/opt/ros/humble LD_LIBRARY_PATH=/workstation/nav2_ws/install/nav2_lifecycle_manager/lib:/workstation/nav2_ws/install/nav2_util/lib:/workstation/nav2_ws/install/nav2_msgs/lib:${LD_LIBRARY_PATH} PYTHONPATH=/workstation/nav2_ws/install/nav2_msgs/local/lib/python3.10/dist-packages:/workstation/nav2_ws/install/nav2_common/local/lib/python3.10/dist-packages:${PYTHONPATH} /usr/bin/cmake --install /workstation/nav2_ws/build/nav2_rviz_plugins
