[0.009s] Invoking command in '/workstation/nav2_ws/build/dwb_msgs': AMENT_PREFIX_PATH=/workstation/nav2_ws/install/nav_2d_msgs:${AMENT_PREFIX_PATH} CMAKE_PREFIX_PATH=/workstation/nav2_ws/install/nav_2d_msgs:/opt/ros/humble LD_LIBRARY_PATH=/workstation/nav2_ws/install/nav_2d_msgs/lib:${LD_LIBRARY_PATH} PYTHONPATH=/workstation/nav2_ws/install/nav_2d_msgs/local/lib/python3.10/dist-packages:${PYTHONPATH} /usr/bin/cmake --build /workstation/nav2_ws/build/dwb_msgs -- -j12 -l12
[0.072s] [  1%] Built target dwb_msgs__cpp
[0.075s] [ 12%] Built target dwb_msgs__rosidl_generator_c
[0.094s] [ 12%] Built target ament_cmake_python_copy_dwb_msgs
[0.110s] [ 24%] Built target dwb_msgs__rosidl_typesupport_introspection_c
[0.113s] [ 36%] Built target dwb_msgs__rosidl_typesupport_c
[0.113s] [ 47%] Built target dwb_msgs__rosidl_typesupport_cpp
[0.115s] [ 58%] Built target dwb_msgs__rosidl_typesupport_fastrtps_c
[0.116s] [ 70%] Built target dwb_msgs__rosidl_typesupport_introspection_cpp
[0.118s] [ 82%] Built target dwb_msgs__rosidl_typesupport_fastrtps_cpp
[0.140s] [ 82%] Built target dwb_msgs
[0.169s] [ 83%] Built target dwb_msgs__py
[0.202s] [ 93%] Built target dwb_msgs__rosidl_generator_py
[0.228s] [ 95%] Built target dwb_msgs__rosidl_typesupport_introspection_c__pyext
[0.228s] [ 97%] Built target dwb_msgs__rosidl_typesupport_fastrtps_c__pyext
[0.229s] [100%] Built target dwb_msgs__rosidl_typesupport_c__pyext
[0.396s] running egg_info
[0.397s] writing dwb_msgs.egg-info/PKG-INFO
[0.398s] writing dependency_links to dwb_msgs.egg-info/dependency_links.txt
[0.398s] writing top-level names to dwb_msgs.egg-info/top_level.txt
[0.403s] reading manifest file 'dwb_msgs.egg-info/SOURCES.txt'
[0.404s] writing manifest file 'dwb_msgs.egg-info/SOURCES.txt'
[0.436s] [100%] Built target ament_cmake_python_build_dwb_msgs_egg
[0.451s] Invoked command in '/workstation/nav2_ws/build/dwb_msgs' returned '0': AMENT_PREFIX_PATH=/workstation/nav2_ws/install/nav_2d_msgs:${AMENT_PREFIX_PATH} CMAKE_PREFIX_PATH=/workstation/nav2_ws/install/nav_2d_msgs:/opt/ros/humble LD_LIBRARY_PATH=/workstation/nav2_ws/install/nav_2d_msgs/lib:${LD_LIBRARY_PATH} PYTHONPATH=/workstation/nav2_ws/install/nav_2d_msgs/local/lib/python3.10/dist-packages:${PYTHONPATH} /usr/bin/cmake --build /workstation/nav2_ws/build/dwb_msgs -- -j12 -l12
[0.632s] Invoking command in '/workstation/nav2_ws/build/dwb_msgs': AMENT_PREFIX_PATH=/workstation/nav2_ws/install/nav_2d_msgs:${AMENT_PREFIX_PATH} CMAKE_PREFIX_PATH=/workstation/nav2_ws/install/nav_2d_msgs:/opt/ros/humble LD_LIBRARY_PATH=/workstation/nav2_ws/install/nav_2d_msgs/lib:${LD_LIBRARY_PATH} PYTHONPATH=/workstation/nav2_ws/install/nav_2d_msgs/local/lib/python3.10/dist-packages:${PYTHONPATH} /usr/bin/cmake --install /workstation/nav2_ws/build/dwb_msgs
[0.647s] -- Install configuration: ""
[0.648s] -- Up-to-date: /workstation/nav2_ws/install/dwb_msgs/share/ament_index/resource_index/rosidl_interfaces/dwb_msgs
[0.648s] -- Up-to-date: /workstation/nav2_ws/install/dwb_msgs/include/dwb_msgs/dwb_msgs
[0.650s] -- Up-to-date: /workstation/nav2_ws/install/dwb_msgs/include/dwb_msgs/dwb_msgs/srv
[0.651s] -- Up-to-date: /workstation/nav2_ws/install/dwb_msgs/include/dwb_msgs/dwb_msgs/srv/detail
[0.651s] -- Up-to-date: /workstation/nav2_ws/install/dwb_msgs/include/dwb_msgs/dwb_msgs/srv/detail/score_trajectory__functions.h
[0.651s] -- Up-to-date: /workstation/nav2_ws/install/dwb_msgs/include/dwb_msgs/dwb_msgs/srv/detail/get_critic_score__struct.h
[0.651s] -- Up-to-date: /workstation/nav2_ws/install/dwb_msgs/include/dwb_msgs/dwb_msgs/srv/detail/generate_trajectory__functions.c
[0.652s] -- Up-to-date: /workstation/nav2_ws/install/dwb_msgs/include/dwb_msgs/dwb_msgs/srv/detail/debug_local_plan__type_support.h
[0.652s] -- Up-to-date: /workstation/nav2_ws/install/dwb_msgs/include/dwb_msgs/dwb_msgs/srv/detail/debug_local_plan__functions.c
[0.652s] -- Up-to-date: /workstation/nav2_ws/install/dwb_msgs/include/dwb_msgs/dwb_msgs/srv/detail/generate_trajectory__type_support.h
[0.652s] -- Up-to-date: /workstation/nav2_ws/install/dwb_msgs/include/dwb_msgs/dwb_msgs/srv/detail/generate_trajectory__functions.h
[0.652s] -- Up-to-date: /workstation/nav2_ws/install/dwb_msgs/include/dwb_msgs/dwb_msgs/srv/detail/get_critic_score__type_support.h
[0.652s] -- Up-to-date: /workstation/nav2_ws/install/dwb_msgs/include/dwb_msgs/dwb_msgs/srv/detail/score_trajectory__struct.h
[0.652s] -- Up-to-date: /workstation/nav2_ws/install/dwb_msgs/include/dwb_msgs/dwb_msgs/srv/detail/score_trajectory__type_support.h
[0.652s] -- Up-to-date: /workstation/nav2_ws/install/dwb_msgs/include/dwb_msgs/dwb_msgs/srv/detail/generate_trajectory__struct.h
[0.653s] -- Up-to-date: /workstation/nav2_ws/install/dwb_msgs/include/dwb_msgs/dwb_msgs/srv/detail/generate_twists__functions.h
[0.653s] -- Up-to-date: /workstation/nav2_ws/install/dwb_msgs/include/dwb_msgs/dwb_msgs/srv/detail/score_trajectory__functions.c
[0.653s] -- Up-to-date: /workstation/nav2_ws/install/dwb_msgs/include/dwb_msgs/dwb_msgs/srv/detail/debug_local_plan__functions.h
[0.653s] -- Up-to-date: /workstation/nav2_ws/install/dwb_msgs/include/dwb_msgs/dwb_msgs/srv/detail/generate_twists__struct.h
[0.653s] -- Up-to-date: /workstation/nav2_ws/install/dwb_msgs/include/dwb_msgs/dwb_msgs/srv/detail/get_critic_score__functions.c
[0.653s] -- Up-to-date: /workstation/nav2_ws/install/dwb_msgs/include/dwb_msgs/dwb_msgs/srv/detail/generate_twists__functions.c
[0.653s] -- Up-to-date: /workstation/nav2_ws/install/dwb_msgs/include/dwb_msgs/dwb_msgs/srv/detail/generate_twists__type_support.h
[0.653s] -- Up-to-date: /workstation/nav2_ws/install/dwb_msgs/include/dwb_msgs/dwb_msgs/srv/detail/debug_local_plan__struct.h
[0.653s] -- Up-to-date: /workstation/nav2_ws/install/dwb_msgs/include/dwb_msgs/dwb_msgs/srv/detail/get_critic_score__functions.h
[0.653s] -- Up-to-date: /workstation/nav2_ws/install/dwb_msgs/include/dwb_msgs/dwb_msgs/srv/generate_trajectory.h
[0.654s] -- Up-to-date: /workstation/nav2_ws/install/dwb_msgs/include/dwb_msgs/dwb_msgs/srv/generate_twists.h
[0.654s] -- Up-to-date: /workstation/nav2_ws/install/dwb_msgs/include/dwb_msgs/dwb_msgs/srv/debug_local_plan.h
[0.654s] -- Up-to-date: /workstation/nav2_ws/install/dwb_msgs/include/dwb_msgs/dwb_msgs/srv/score_trajectory.h
[0.655s] -- Up-to-date: /workstation/nav2_ws/install/dwb_msgs/include/dwb_msgs/dwb_msgs/srv/get_critic_score.h
[0.655s] -- Up-to-date: /workstation/nav2_ws/install/dwb_msgs/include/dwb_msgs/dwb_msgs/msg
[0.655s] -- Up-to-date: /workstation/nav2_ws/install/dwb_msgs/include/dwb_msgs/dwb_msgs/msg/detail
[0.655s] -- Up-to-date: /workstation/nav2_ws/install/dwb_msgs/include/dwb_msgs/dwb_msgs/msg/detail/trajectory2_d__functions.h
[0.655s] -- Up-to-date: /workstation/nav2_ws/install/dwb_msgs/include/dwb_msgs/dwb_msgs/msg/detail/local_plan_evaluation__struct.h
[0.655s] -- Up-to-date: /workstation/nav2_ws/install/dwb_msgs/include/dwb_msgs/dwb_msgs/msg/detail/critic_score__type_support.h
[0.655s] -- Up-to-date: /workstation/nav2_ws/install/dwb_msgs/include/dwb_msgs/dwb_msgs/msg/detail/local_plan_evaluation__functions.h
[0.655s] -- Up-to-date: /workstation/nav2_ws/install/dwb_msgs/include/dwb_msgs/dwb_msgs/msg/detail/trajectory2_d__type_support.h
[0.655s] -- Up-to-date: /workstation/nav2_ws/install/dwb_msgs/include/dwb_msgs/dwb_msgs/msg/detail/critic_score__functions.c
[0.655s] -- Up-to-date: /workstation/nav2_ws/install/dwb_msgs/include/dwb_msgs/dwb_msgs/msg/detail/trajectory2_d__struct.h
[0.655s] -- Up-to-date: /workstation/nav2_ws/install/dwb_msgs/include/dwb_msgs/dwb_msgs/msg/detail/trajectory_score__struct.h
[0.655s] -- Up-to-date: /workstation/nav2_ws/install/dwb_msgs/include/dwb_msgs/dwb_msgs/msg/detail/critic_score__struct.h
[0.656s] -- Up-to-date: /workstation/nav2_ws/install/dwb_msgs/include/dwb_msgs/dwb_msgs/msg/detail/trajectory2_d__functions.c
[0.656s] -- Up-to-date: /workstation/nav2_ws/install/dwb_msgs/include/dwb_msgs/dwb_msgs/msg/detail/trajectory_score__type_support.h
[0.656s] -- Up-to-date: /workstation/nav2_ws/install/dwb_msgs/include/dwb_msgs/dwb_msgs/msg/detail/trajectory_score__functions.c
[0.656s] -- Up-to-date: /workstation/nav2_ws/install/dwb_msgs/include/dwb_msgs/dwb_msgs/msg/detail/trajectory_score__functions.h
[0.656s] -- Up-to-date: /workstation/nav2_ws/install/dwb_msgs/include/dwb_msgs/dwb_msgs/msg/detail/local_plan_evaluation__functions.c
[0.656s] -- Up-to-date: /workstation/nav2_ws/install/dwb_msgs/include/dwb_msgs/dwb_msgs/msg/detail/local_plan_evaluation__type_support.h
[0.656s] -- Up-to-date: /workstation/nav2_ws/install/dwb_msgs/include/dwb_msgs/dwb_msgs/msg/detail/critic_score__functions.h
[0.657s] -- Up-to-date: /workstation/nav2_ws/install/dwb_msgs/include/dwb_msgs/dwb_msgs/msg/local_plan_evaluation.h
[0.657s] -- Up-to-date: /workstation/nav2_ws/install/dwb_msgs/include/dwb_msgs/dwb_msgs/msg/rosidl_generator_c__visibility_control.h
[0.657s] -- Up-to-date: /workstation/nav2_ws/install/dwb_msgs/include/dwb_msgs/dwb_msgs/msg/trajectory2_d.h
[0.657s] -- Up-to-date: /workstation/nav2_ws/install/dwb_msgs/include/dwb_msgs/dwb_msgs/msg/critic_score.h
[0.657s] -- Up-to-date: /workstation/nav2_ws/install/dwb_msgs/include/dwb_msgs/dwb_msgs/msg/trajectory_score.h
[0.657s] -- Up-to-date: /workstation/nav2_ws/install/dwb_msgs/share/dwb_msgs/environment/library_path.sh
[0.657s] -- Up-to-date: /workstation/nav2_ws/install/dwb_msgs/share/dwb_msgs/environment/library_path.dsv
[0.658s] -- Up-to-date: /workstation/nav2_ws/install/dwb_msgs/lib/libdwb_msgs__rosidl_generator_c.so
[0.658s] -- Up-to-date: /workstation/nav2_ws/install/dwb_msgs/include/dwb_msgs/dwb_msgs
[0.658s] -- Up-to-date: /workstation/nav2_ws/install/dwb_msgs/include/dwb_msgs/dwb_msgs/srv
[0.658s] -- Up-to-date: /workstation/nav2_ws/install/dwb_msgs/include/dwb_msgs/dwb_msgs/srv/detail
[0.658s] -- Up-to-date: /workstation/nav2_ws/install/dwb_msgs/include/dwb_msgs/dwb_msgs/srv/detail/generate_twists__rosidl_typesupport_fastrtps_c.h
[0.658s] -- Up-to-date: /workstation/nav2_ws/install/dwb_msgs/include/dwb_msgs/dwb_msgs/srv/detail/generate_trajectory__rosidl_typesupport_fastrtps_c.h
[0.659s] -- Up-to-date: /workstation/nav2_ws/install/dwb_msgs/include/dwb_msgs/dwb_msgs/srv/detail/get_critic_score__rosidl_typesupport_fastrtps_c.h
[0.659s] -- Up-to-date: /workstation/nav2_ws/install/dwb_msgs/include/dwb_msgs/dwb_msgs/srv/detail/score_trajectory__rosidl_typesupport_fastrtps_c.h
[0.659s] -- Up-to-date: /workstation/nav2_ws/install/dwb_msgs/include/dwb_msgs/dwb_msgs/srv/detail/debug_local_plan__rosidl_typesupport_fastrtps_c.h
[0.659s] -- Up-to-date: /workstation/nav2_ws/install/dwb_msgs/include/dwb_msgs/dwb_msgs/msg
[0.659s] -- Up-to-date: /workstation/nav2_ws/install/dwb_msgs/include/dwb_msgs/dwb_msgs/msg/detail
[0.659s] -- Up-to-date: /workstation/nav2_ws/install/dwb_msgs/include/dwb_msgs/dwb_msgs/msg/detail/trajectory2_d__rosidl_typesupport_fastrtps_c.h
[0.659s] -- Up-to-date: /workstation/nav2_ws/install/dwb_msgs/include/dwb_msgs/dwb_msgs/msg/detail/local_plan_evaluation__rosidl_typesupport_fastrtps_c.h
[0.659s] -- Up-to-date: /workstation/nav2_ws/install/dwb_msgs/include/dwb_msgs/dwb_msgs/msg/detail/trajectory_score__rosidl_typesupport_fastrtps_c.h
[0.660s] -- Up-to-date: /workstation/nav2_ws/install/dwb_msgs/include/dwb_msgs/dwb_msgs/msg/detail/critic_score__rosidl_typesupport_fastrtps_c.h
[0.660s] -- Up-to-date: /workstation/nav2_ws/install/dwb_msgs/include/dwb_msgs/dwb_msgs/msg/rosidl_typesupport_fastrtps_c__visibility_control.h
[0.660s] -- Up-to-date: /workstation/nav2_ws/install/dwb_msgs/lib/libdwb_msgs__rosidl_typesupport_fastrtps_c.so
[0.660s] -- Up-to-date: /workstation/nav2_ws/install/dwb_msgs/include/dwb_msgs/dwb_msgs
[0.660s] -- Up-to-date: /workstation/nav2_ws/install/dwb_msgs/include/dwb_msgs/dwb_msgs/srv
[0.660s] -- Up-to-date: /workstation/nav2_ws/install/dwb_msgs/include/dwb_msgs/dwb_msgs/srv/detail
[0.660s] -- Up-to-date: /workstation/nav2_ws/install/dwb_msgs/include/dwb_msgs/dwb_msgs/srv/detail/generate_trajectory__traits.hpp
[0.660s] -- Up-to-date: /workstation/nav2_ws/install/dwb_msgs/include/dwb_msgs/dwb_msgs/srv/detail/generate_trajectory__struct.hpp
[0.661s] -- Up-to-date: /workstation/nav2_ws/install/dwb_msgs/include/dwb_msgs/dwb_msgs/srv/detail/get_critic_score__builder.hpp
[0.661s] -- Up-to-date: /workstation/nav2_ws/install/dwb_msgs/include/dwb_msgs/dwb_msgs/srv/detail/debug_local_plan__struct.hpp
[0.661s] -- Up-to-date: /workstation/nav2_ws/install/dwb_msgs/include/dwb_msgs/dwb_msgs/srv/detail/get_critic_score__struct.hpp
[0.661s] -- Up-to-date: /workstation/nav2_ws/install/dwb_msgs/include/dwb_msgs/dwb_msgs/srv/detail/debug_local_plan__builder.hpp
[0.661s] -- Up-to-date: /workstation/nav2_ws/install/dwb_msgs/include/dwb_msgs/dwb_msgs/srv/detail/generate_trajectory__builder.hpp
[0.661s] -- Up-to-date: /workstation/nav2_ws/install/dwb_msgs/include/dwb_msgs/dwb_msgs/srv/detail/generate_twists__builder.hpp
[0.661s] -- Up-to-date: /workstation/nav2_ws/install/dwb_msgs/include/dwb_msgs/dwb_msgs/srv/detail/debug_local_plan__traits.hpp
[0.662s] -- Up-to-date: /workstation/nav2_ws/install/dwb_msgs/include/dwb_msgs/dwb_msgs/srv/detail/score_trajectory__builder.hpp
[0.662s] -- Up-to-date: /workstation/nav2_ws/install/dwb_msgs/include/dwb_msgs/dwb_msgs/srv/detail/score_trajectory__traits.hpp
[0.662s] -- Up-to-date: /workstation/nav2_ws/install/dwb_msgs/include/dwb_msgs/dwb_msgs/srv/detail/score_trajectory__struct.hpp
[0.662s] -- Up-to-date: /workstation/nav2_ws/install/dwb_msgs/include/dwb_msgs/dwb_msgs/srv/detail/get_critic_score__traits.hpp
[0.662s] -- Up-to-date: /workstation/nav2_ws/install/dwb_msgs/include/dwb_msgs/dwb_msgs/srv/detail/generate_twists__struct.hpp
[0.663s] -- Up-to-date: /workstation/nav2_ws/install/dwb_msgs/include/dwb_msgs/dwb_msgs/srv/detail/generate_twists__traits.hpp
[0.663s] -- Up-to-date: /workstation/nav2_ws/install/dwb_msgs/include/dwb_msgs/dwb_msgs/srv/get_critic_score.hpp
[0.663s] -- Up-to-date: /workstation/nav2_ws/install/dwb_msgs/include/dwb_msgs/dwb_msgs/srv/generate_trajectory.hpp
[0.663s] -- Up-to-date: /workstation/nav2_ws/install/dwb_msgs/include/dwb_msgs/dwb_msgs/srv/score_trajectory.hpp
[0.663s] -- Up-to-date: /workstation/nav2_ws/install/dwb_msgs/include/dwb_msgs/dwb_msgs/srv/generate_twists.hpp
[0.663s] -- Up-to-date: /workstation/nav2_ws/install/dwb_msgs/include/dwb_msgs/dwb_msgs/srv/debug_local_plan.hpp
[0.663s] -- Up-to-date: /workstation/nav2_ws/install/dwb_msgs/include/dwb_msgs/dwb_msgs/msg
[0.663s] -- Up-to-date: /workstation/nav2_ws/install/dwb_msgs/include/dwb_msgs/dwb_msgs/msg/detail
[0.663s] -- Up-to-date: /workstation/nav2_ws/install/dwb_msgs/include/dwb_msgs/dwb_msgs/msg/detail/trajectory_score__builder.hpp
[0.663s] -- Up-to-date: /workstation/nav2_ws/install/dwb_msgs/include/dwb_msgs/dwb_msgs/msg/detail/critic_score__builder.hpp
[0.664s] -- Up-to-date: /workstation/nav2_ws/install/dwb_msgs/include/dwb_msgs/dwb_msgs/msg/detail/critic_score__struct.hpp
[0.664s] -- Up-to-date: /workstation/nav2_ws/install/dwb_msgs/include/dwb_msgs/dwb_msgs/msg/detail/trajectory2_d__traits.hpp
[0.664s] -- Up-to-date: /workstation/nav2_ws/install/dwb_msgs/include/dwb_msgs/dwb_msgs/msg/detail/critic_score__traits.hpp
[0.664s] -- Up-to-date: /workstation/nav2_ws/install/dwb_msgs/include/dwb_msgs/dwb_msgs/msg/detail/local_plan_evaluation__traits.hpp
[0.664s] -- Up-to-date: /workstation/nav2_ws/install/dwb_msgs/include/dwb_msgs/dwb_msgs/msg/detail/local_plan_evaluation__struct.hpp
[0.664s] -- Up-to-date: /workstation/nav2_ws/install/dwb_msgs/include/dwb_msgs/dwb_msgs/msg/detail/trajectory2_d__struct.hpp
[0.664s] -- Up-to-date: /workstation/nav2_ws/install/dwb_msgs/include/dwb_msgs/dwb_msgs/msg/detail/trajectory_score__struct.hpp
[0.664s] -- Up-to-date: /workstation/nav2_ws/install/dwb_msgs/include/dwb_msgs/dwb_msgs/msg/detail/trajectory2_d__builder.hpp
[0.664s] -- Up-to-date: /workstation/nav2_ws/install/dwb_msgs/include/dwb_msgs/dwb_msgs/msg/detail/trajectory_score__traits.hpp
[0.665s] -- Up-to-date: /workstation/nav2_ws/install/dwb_msgs/include/dwb_msgs/dwb_msgs/msg/detail/local_plan_evaluation__builder.hpp
[0.665s] -- Up-to-date: /workstation/nav2_ws/install/dwb_msgs/include/dwb_msgs/dwb_msgs/msg/trajectory2_d.hpp
[0.665s] -- Up-to-date: /workstation/nav2_ws/install/dwb_msgs/include/dwb_msgs/dwb_msgs/msg/critic_score.hpp
[0.665s] -- Up-to-date: /workstation/nav2_ws/install/dwb_msgs/include/dwb_msgs/dwb_msgs/msg/trajectory_score.hpp
[0.665s] -- Up-to-date: /workstation/nav2_ws/install/dwb_msgs/include/dwb_msgs/dwb_msgs/msg/local_plan_evaluation.hpp
[0.665s] -- Up-to-date: /workstation/nav2_ws/install/dwb_msgs/include/dwb_msgs/dwb_msgs
[0.665s] -- Up-to-date: /workstation/nav2_ws/install/dwb_msgs/include/dwb_msgs/dwb_msgs/srv
[0.665s] -- Up-to-date: /workstation/nav2_ws/install/dwb_msgs/include/dwb_msgs/dwb_msgs/srv/detail
[0.665s] -- Up-to-date: /workstation/nav2_ws/install/dwb_msgs/include/dwb_msgs/dwb_msgs/srv/detail/debug_local_plan__rosidl_typesupport_fastrtps_cpp.hpp
[0.665s] -- Up-to-date: /workstation/nav2_ws/install/dwb_msgs/include/dwb_msgs/dwb_msgs/srv/detail/generate_trajectory__rosidl_typesupport_fastrtps_cpp.hpp
[0.665s] -- Up-to-date: /workstation/nav2_ws/install/dwb_msgs/include/dwb_msgs/dwb_msgs/srv/detail/score_trajectory__rosidl_typesupport_fastrtps_cpp.hpp
[0.665s] -- Up-to-date: /workstation/nav2_ws/install/dwb_msgs/include/dwb_msgs/dwb_msgs/srv/detail/generate_twists__rosidl_typesupport_fastrtps_cpp.hpp
[0.666s] -- Up-to-date: /workstation/nav2_ws/install/dwb_msgs/include/dwb_msgs/dwb_msgs/srv/detail/dds_fastrtps
[0.666s] -- Up-to-date: /workstation/nav2_ws/install/dwb_msgs/include/dwb_msgs/dwb_msgs/srv/detail/get_critic_score__rosidl_typesupport_fastrtps_cpp.hpp
[0.666s] -- Up-to-date: /workstation/nav2_ws/install/dwb_msgs/include/dwb_msgs/dwb_msgs/msg
[0.666s] -- Up-to-date: /workstation/nav2_ws/install/dwb_msgs/include/dwb_msgs/dwb_msgs/msg/detail
[0.666s] -- Up-to-date: /workstation/nav2_ws/install/dwb_msgs/include/dwb_msgs/dwb_msgs/msg/detail/critic_score__rosidl_typesupport_fastrtps_cpp.hpp
[0.666s] -- Up-to-date: /workstation/nav2_ws/install/dwb_msgs/include/dwb_msgs/dwb_msgs/msg/detail/local_plan_evaluation__rosidl_typesupport_fastrtps_cpp.hpp
[0.666s] -- Up-to-date: /workstation/nav2_ws/install/dwb_msgs/include/dwb_msgs/dwb_msgs/msg/detail/trajectory2_d__rosidl_typesupport_fastrtps_cpp.hpp
[0.666s] -- Up-to-date: /workstation/nav2_ws/install/dwb_msgs/include/dwb_msgs/dwb_msgs/msg/detail/dds_fastrtps
[0.667s] -- Up-to-date: /workstation/nav2_ws/install/dwb_msgs/include/dwb_msgs/dwb_msgs/msg/detail/trajectory_score__rosidl_typesupport_fastrtps_cpp.hpp
[0.667s] -- Up-to-date: /workstation/nav2_ws/install/dwb_msgs/include/dwb_msgs/dwb_msgs/msg/rosidl_typesupport_fastrtps_cpp__visibility_control.h
[0.667s] -- Up-to-date: /workstation/nav2_ws/install/dwb_msgs/lib/libdwb_msgs__rosidl_typesupport_fastrtps_cpp.so
[0.667s] -- Up-to-date: /workstation/nav2_ws/install/dwb_msgs/include/dwb_msgs/dwb_msgs
[0.667s] -- Up-to-date: /workstation/nav2_ws/install/dwb_msgs/include/dwb_msgs/dwb_msgs/srv
[0.667s] -- Up-to-date: /workstation/nav2_ws/install/dwb_msgs/include/dwb_msgs/dwb_msgs/srv/detail
[0.667s] -- Up-to-date: /workstation/nav2_ws/install/dwb_msgs/include/dwb_msgs/dwb_msgs/srv/detail/score_trajectory__type_support.c
[0.667s] -- Up-to-date: /workstation/nav2_ws/install/dwb_msgs/include/dwb_msgs/dwb_msgs/srv/detail/get_critic_score__rosidl_typesupport_introspection_c.h
[0.667s] -- Up-to-date: /workstation/nav2_ws/install/dwb_msgs/include/dwb_msgs/dwb_msgs/srv/detail/generate_trajectory__type_support.c
[0.667s] -- Up-to-date: /workstation/nav2_ws/install/dwb_msgs/include/dwb_msgs/dwb_msgs/srv/detail/generate_twists__type_support.c
[0.667s] -- Up-to-date: /workstation/nav2_ws/install/dwb_msgs/include/dwb_msgs/dwb_msgs/srv/detail/generate_trajectory__rosidl_typesupport_introspection_c.h
[0.667s] -- Up-to-date: /workstation/nav2_ws/install/dwb_msgs/include/dwb_msgs/dwb_msgs/srv/detail/debug_local_plan__rosidl_typesupport_introspection_c.h
[0.667s] -- Up-to-date: /workstation/nav2_ws/install/dwb_msgs/include/dwb_msgs/dwb_msgs/srv/detail/generate_twists__rosidl_typesupport_introspection_c.h
[0.668s] -- Up-to-date: /workstation/nav2_ws/install/dwb_msgs/include/dwb_msgs/dwb_msgs/srv/detail/debug_local_plan__type_support.c
[0.668s] -- Up-to-date: /workstation/nav2_ws/install/dwb_msgs/include/dwb_msgs/dwb_msgs/srv/detail/score_trajectory__rosidl_typesupport_introspection_c.h
[0.668s] -- Up-to-date: /workstation/nav2_ws/install/dwb_msgs/include/dwb_msgs/dwb_msgs/srv/detail/get_critic_score__type_support.c
[0.668s] -- Up-to-date: /workstation/nav2_ws/install/dwb_msgs/include/dwb_msgs/dwb_msgs/msg
[0.668s] -- Up-to-date: /workstation/nav2_ws/install/dwb_msgs/include/dwb_msgs/dwb_msgs/msg/detail
[0.668s] -- Up-to-date: /workstation/nav2_ws/install/dwb_msgs/include/dwb_msgs/dwb_msgs/msg/detail/trajectory2_d__rosidl_typesupport_introspection_c.h
[0.668s] -- Up-to-date: /workstation/nav2_ws/install/dwb_msgs/include/dwb_msgs/dwb_msgs/msg/detail/local_plan_evaluation__rosidl_typesupport_introspection_c.h
[0.668s] -- Up-to-date: /workstation/nav2_ws/install/dwb_msgs/include/dwb_msgs/dwb_msgs/msg/detail/trajectory2_d__type_support.c
[0.669s] -- Up-to-date: /workstation/nav2_ws/install/dwb_msgs/include/dwb_msgs/dwb_msgs/msg/detail/local_plan_evaluation__type_support.c
[0.669s] -- Up-to-date: /workstation/nav2_ws/install/dwb_msgs/include/dwb_msgs/dwb_msgs/msg/detail/trajectory_score__rosidl_typesupport_introspection_c.h
[0.669s] -- Up-to-date: /workstation/nav2_ws/install/dwb_msgs/include/dwb_msgs/dwb_msgs/msg/detail/critic_score__type_support.c
[0.669s] -- Up-to-date: /workstation/nav2_ws/install/dwb_msgs/include/dwb_msgs/dwb_msgs/msg/detail/critic_score__rosidl_typesupport_introspection_c.h
[0.669s] -- Up-to-date: /workstation/nav2_ws/install/dwb_msgs/include/dwb_msgs/dwb_msgs/msg/detail/trajectory_score__type_support.c
[0.669s] -- Up-to-date: /workstation/nav2_ws/install/dwb_msgs/include/dwb_msgs/dwb_msgs/msg/rosidl_typesupport_introspection_c__visibility_control.h
[0.669s] -- Up-to-date: /workstation/nav2_ws/install/dwb_msgs/lib/libdwb_msgs__rosidl_typesupport_introspection_c.so
[0.669s] -- Up-to-date: /workstation/nav2_ws/install/dwb_msgs/lib/libdwb_msgs__rosidl_typesupport_c.so
[0.669s] -- Up-to-date: /workstation/nav2_ws/install/dwb_msgs/include/dwb_msgs/dwb_msgs
[0.669s] -- Up-to-date: /workstation/nav2_ws/install/dwb_msgs/include/dwb_msgs/dwb_msgs/srv
[0.669s] -- Up-to-date: /workstation/nav2_ws/install/dwb_msgs/include/dwb_msgs/dwb_msgs/srv/detail
[0.669s] -- Up-to-date: /workstation/nav2_ws/install/dwb_msgs/include/dwb_msgs/dwb_msgs/srv/detail/debug_local_plan__type_support.cpp
[0.670s] -- Up-to-date: /workstation/nav2_ws/install/dwb_msgs/include/dwb_msgs/dwb_msgs/srv/detail/generate_twists__rosidl_typesupport_introspection_cpp.hpp
[0.670s] -- Up-to-date: /workstation/nav2_ws/install/dwb_msgs/include/dwb_msgs/dwb_msgs/srv/detail/score_trajectory__rosidl_typesupport_introspection_cpp.hpp
[0.670s] -- Up-to-date: /workstation/nav2_ws/install/dwb_msgs/include/dwb_msgs/dwb_msgs/srv/detail/debug_local_plan__rosidl_typesupport_introspection_cpp.hpp
[0.670s] -- Up-to-date: /workstation/nav2_ws/install/dwb_msgs/include/dwb_msgs/dwb_msgs/srv/detail/get_critic_score__rosidl_typesupport_introspection_cpp.hpp
[0.670s] -- Up-to-date: /workstation/nav2_ws/install/dwb_msgs/include/dwb_msgs/dwb_msgs/srv/detail/generate_trajectory__type_support.cpp
[0.670s] -- Up-to-date: /workstation/nav2_ws/install/dwb_msgs/include/dwb_msgs/dwb_msgs/srv/detail/generate_trajectory__rosidl_typesupport_introspection_cpp.hpp
[0.670s] -- Up-to-date: /workstation/nav2_ws/install/dwb_msgs/include/dwb_msgs/dwb_msgs/srv/detail/score_trajectory__type_support.cpp
[0.670s] -- Up-to-date: /workstation/nav2_ws/install/dwb_msgs/include/dwb_msgs/dwb_msgs/srv/detail/generate_twists__type_support.cpp
[0.670s] -- Up-to-date: /workstation/nav2_ws/install/dwb_msgs/include/dwb_msgs/dwb_msgs/srv/detail/get_critic_score__type_support.cpp
[0.670s] -- Up-to-date: /workstation/nav2_ws/install/dwb_msgs/include/dwb_msgs/dwb_msgs/msg
[0.670s] -- Up-to-date: /workstation/nav2_ws/install/dwb_msgs/include/dwb_msgs/dwb_msgs/msg/detail
[0.671s] -- Up-to-date: /workstation/nav2_ws/install/dwb_msgs/include/dwb_msgs/dwb_msgs/msg/detail/critic_score__rosidl_typesupport_introspection_cpp.hpp
[0.671s] -- Up-to-date: /workstation/nav2_ws/install/dwb_msgs/include/dwb_msgs/dwb_msgs/msg/detail/trajectory_score__type_support.cpp
[0.671s] -- Up-to-date: /workstation/nav2_ws/install/dwb_msgs/include/dwb_msgs/dwb_msgs/msg/detail/trajectory2_d__type_support.cpp
[0.671s] -- Up-to-date: /workstation/nav2_ws/install/dwb_msgs/include/dwb_msgs/dwb_msgs/msg/detail/local_plan_evaluation__rosidl_typesupport_introspection_cpp.hpp
[0.671s] -- Up-to-date: /workstation/nav2_ws/install/dwb_msgs/include/dwb_msgs/dwb_msgs/msg/detail/trajectory_score__rosidl_typesupport_introspection_cpp.hpp
[0.671s] -- Up-to-date: /workstation/nav2_ws/install/dwb_msgs/include/dwb_msgs/dwb_msgs/msg/detail/trajectory2_d__rosidl_typesupport_introspection_cpp.hpp
[0.671s] -- Up-to-date: /workstation/nav2_ws/install/dwb_msgs/include/dwb_msgs/dwb_msgs/msg/detail/local_plan_evaluation__type_support.cpp
[0.671s] -- Up-to-date: /workstation/nav2_ws/install/dwb_msgs/include/dwb_msgs/dwb_msgs/msg/detail/critic_score__type_support.cpp
[0.671s] -- Up-to-date: /workstation/nav2_ws/install/dwb_msgs/lib/libdwb_msgs__rosidl_typesupport_introspection_cpp.so
[0.671s] -- Up-to-date: /workstation/nav2_ws/install/dwb_msgs/lib/libdwb_msgs__rosidl_typesupport_cpp.so
[0.671s] -- Up-to-date: /workstation/nav2_ws/install/dwb_msgs/share/dwb_msgs/environment/pythonpath.sh
[0.671s] -- Up-to-date: /workstation/nav2_ws/install/dwb_msgs/share/dwb_msgs/environment/pythonpath.dsv
[0.671s] -- Up-to-date: /workstation/nav2_ws/install/dwb_msgs/local/lib/python3.10/dist-packages/dwb_msgs-1.1.16-py3.10.egg-info
[0.672s] -- Installing: /workstation/nav2_ws/install/dwb_msgs/local/lib/python3.10/dist-packages/dwb_msgs-1.1.16-py3.10.egg-info/SOURCES.txt
[0.672s] -- Installing: /workstation/nav2_ws/install/dwb_msgs/local/lib/python3.10/dist-packages/dwb_msgs-1.1.16-py3.10.egg-info/PKG-INFO
[0.672s] -- Installing: /workstation/nav2_ws/install/dwb_msgs/local/lib/python3.10/dist-packages/dwb_msgs-1.1.16-py3.10.egg-info/top_level.txt
[0.672s] -- Installing: /workstation/nav2_ws/install/dwb_msgs/local/lib/python3.10/dist-packages/dwb_msgs-1.1.16-py3.10.egg-info/dependency_links.txt
[0.672s] -- Up-to-date: /workstation/nav2_ws/install/dwb_msgs/local/lib/python3.10/dist-packages/dwb_msgs
[0.672s] -- Up-to-date: /workstation/nav2_ws/install/dwb_msgs/local/lib/python3.10/dist-packages/dwb_msgs/dwb_msgs_s__rosidl_typesupport_fastrtps_c.cpython-310-x86_64-linux-gnu.so
[0.672s] -- Up-to-date: /workstation/nav2_ws/install/dwb_msgs/local/lib/python3.10/dist-packages/dwb_msgs/_dwb_msgs_s.ep.rosidl_typesupport_fastrtps_c.c
[0.672s] -- Up-to-date: /workstation/nav2_ws/install/dwb_msgs/local/lib/python3.10/dist-packages/dwb_msgs/srv
[0.672s] -- Up-to-date: /workstation/nav2_ws/install/dwb_msgs/local/lib/python3.10/dist-packages/dwb_msgs/srv/_generate_trajectory.py
[0.672s] -- Up-to-date: /workstation/nav2_ws/install/dwb_msgs/local/lib/python3.10/dist-packages/dwb_msgs/srv/_debug_local_plan_s.c
[0.672s] -- Up-to-date: /workstation/nav2_ws/install/dwb_msgs/local/lib/python3.10/dist-packages/dwb_msgs/srv/_generate_trajectory_s.c
[0.672s] -- Up-to-date: /workstation/nav2_ws/install/dwb_msgs/local/lib/python3.10/dist-packages/dwb_msgs/srv/_get_critic_score.py
[0.673s] -- Up-to-date: /workstation/nav2_ws/install/dwb_msgs/local/lib/python3.10/dist-packages/dwb_msgs/srv/_generate_twists.py
[0.673s] -- Up-to-date: /workstation/nav2_ws/install/dwb_msgs/local/lib/python3.10/dist-packages/dwb_msgs/srv/_score_trajectory.py
[0.673s] -- Up-to-date: /workstation/nav2_ws/install/dwb_msgs/local/lib/python3.10/dist-packages/dwb_msgs/srv/_get_critic_score_s.c
[0.673s] -- Up-to-date: /workstation/nav2_ws/install/dwb_msgs/local/lib/python3.10/dist-packages/dwb_msgs/srv/_score_trajectory_s.c
[0.673s] -- Up-to-date: /workstation/nav2_ws/install/dwb_msgs/local/lib/python3.10/dist-packages/dwb_msgs/srv/_debug_local_plan.py
[0.673s] -- Up-to-date: /workstation/nav2_ws/install/dwb_msgs/local/lib/python3.10/dist-packages/dwb_msgs/srv/__init__.py
[0.673s] -- Up-to-date: /workstation/nav2_ws/install/dwb_msgs/local/lib/python3.10/dist-packages/dwb_msgs/srv/_generate_twists_s.c
[0.673s] -- Up-to-date: /workstation/nav2_ws/install/dwb_msgs/local/lib/python3.10/dist-packages/dwb_msgs/libdwb_msgs__rosidl_generator_py.so
[0.673s] -- Up-to-date: /workstation/nav2_ws/install/dwb_msgs/local/lib/python3.10/dist-packages/dwb_msgs/dwb_msgs_s__rosidl_typesupport_c.cpython-310-x86_64-linux-gnu.so
[0.673s] -- Up-to-date: /workstation/nav2_ws/install/dwb_msgs/local/lib/python3.10/dist-packages/dwb_msgs/_dwb_msgs_s.ep.rosidl_typesupport_introspection_c.c
[0.673s] -- Up-to-date: /workstation/nav2_ws/install/dwb_msgs/local/lib/python3.10/dist-packages/dwb_msgs/_dwb_msgs_s.ep.rosidl_typesupport_c.c
[0.673s] -- Up-to-date: /workstation/nav2_ws/install/dwb_msgs/local/lib/python3.10/dist-packages/dwb_msgs/__init__.py
[0.673s] -- Up-to-date: /workstation/nav2_ws/install/dwb_msgs/local/lib/python3.10/dist-packages/dwb_msgs/msg
[0.673s] -- Up-to-date: /workstation/nav2_ws/install/dwb_msgs/local/lib/python3.10/dist-packages/dwb_msgs/msg/_local_plan_evaluation_s.c
[0.674s] -- Up-to-date: /workstation/nav2_ws/install/dwb_msgs/local/lib/python3.10/dist-packages/dwb_msgs/msg/_trajectory_score.py
[0.674s] -- Up-to-date: /workstation/nav2_ws/install/dwb_msgs/local/lib/python3.10/dist-packages/dwb_msgs/msg/_critic_score_s.c
[0.674s] -- Up-to-date: /workstation/nav2_ws/install/dwb_msgs/local/lib/python3.10/dist-packages/dwb_msgs/msg/_local_plan_evaluation.py
[0.674s] -- Up-to-date: /workstation/nav2_ws/install/dwb_msgs/local/lib/python3.10/dist-packages/dwb_msgs/msg/_trajectory2_d_s.c
[0.674s] -- Up-to-date: /workstation/nav2_ws/install/dwb_msgs/local/lib/python3.10/dist-packages/dwb_msgs/msg/_critic_score.py
[0.674s] -- Up-to-date: /workstation/nav2_ws/install/dwb_msgs/local/lib/python3.10/dist-packages/dwb_msgs/msg/__init__.py
[0.674s] -- Up-to-date: /workstation/nav2_ws/install/dwb_msgs/local/lib/python3.10/dist-packages/dwb_msgs/msg/_trajectory2_d.py
[0.674s] -- Up-to-date: /workstation/nav2_ws/install/dwb_msgs/local/lib/python3.10/dist-packages/dwb_msgs/msg/_trajectory_score_s.c
[0.674s] -- Up-to-date: /workstation/nav2_ws/install/dwb_msgs/local/lib/python3.10/dist-packages/dwb_msgs/dwb_msgs_s__rosidl_typesupport_introspection_c.cpython-310-x86_64-linux-gnu.so
[0.703s] Listing '/workstation/nav2_ws/install/dwb_msgs/local/lib/python3.10/dist-packages/dwb_msgs'...
[0.703s] Listing '/workstation/nav2_ws/install/dwb_msgs/local/lib/python3.10/dist-packages/dwb_msgs/msg'...
[0.703s] Listing '/workstation/nav2_ws/install/dwb_msgs/local/lib/python3.10/dist-packages/dwb_msgs/srv'...
[0.709s] -- Up-to-date: /workstation/nav2_ws/install/dwb_msgs/local/lib/python3.10/dist-packages/dwb_msgs/dwb_msgs_s__rosidl_typesupport_fastrtps_c.cpython-310-x86_64-linux-gnu.so
[0.709s] -- Up-to-date: /workstation/nav2_ws/install/dwb_msgs/local/lib/python3.10/dist-packages/dwb_msgs/dwb_msgs_s__rosidl_typesupport_introspection_c.cpython-310-x86_64-linux-gnu.so
[0.710s] -- Up-to-date: /workstation/nav2_ws/install/dwb_msgs/local/lib/python3.10/dist-packages/dwb_msgs/dwb_msgs_s__rosidl_typesupport_c.cpython-310-x86_64-linux-gnu.so
[0.710s] -- Up-to-date: /workstation/nav2_ws/install/dwb_msgs/lib/libdwb_msgs__rosidl_generator_py.so
[0.711s] -- Up-to-date: /workstation/nav2_ws/install/dwb_msgs/share/dwb_msgs/msg/CriticScore.idl
[0.711s] -- Up-to-date: /workstation/nav2_ws/install/dwb_msgs/share/dwb_msgs/msg/LocalPlanEvaluation.idl
[0.711s] -- Up-to-date: /workstation/nav2_ws/install/dwb_msgs/share/dwb_msgs/msg/Trajectory2D.idl
[0.711s] -- Up-to-date: /workstation/nav2_ws/install/dwb_msgs/share/dwb_msgs/msg/TrajectoryScore.idl
[0.711s] -- Up-to-date: /workstation/nav2_ws/install/dwb_msgs/share/dwb_msgs/srv/DebugLocalPlan.idl
[0.711s] -- Up-to-date: /workstation/nav2_ws/install/dwb_msgs/share/dwb_msgs/srv/GenerateTrajectory.idl
[0.711s] -- Up-to-date: /workstation/nav2_ws/install/dwb_msgs/share/dwb_msgs/srv/GenerateTwists.idl
[0.711s] -- Up-to-date: /workstation/nav2_ws/install/dwb_msgs/share/dwb_msgs/srv/GetCriticScore.idl
[0.712s] -- Up-to-date: /workstation/nav2_ws/install/dwb_msgs/share/dwb_msgs/srv/ScoreTrajectory.idl
[0.712s] -- Up-to-date: /workstation/nav2_ws/install/dwb_msgs/share/dwb_msgs/msg/CriticScore.msg
[0.712s] -- Up-to-date: /workstation/nav2_ws/install/dwb_msgs/share/dwb_msgs/msg/LocalPlanEvaluation.msg
[0.712s] -- Up-to-date: /workstation/nav2_ws/install/dwb_msgs/share/dwb_msgs/msg/Trajectory2D.msg
[0.712s] -- Up-to-date: /workstation/nav2_ws/install/dwb_msgs/share/dwb_msgs/msg/TrajectoryScore.msg
[0.712s] -- Up-to-date: /workstation/nav2_ws/install/dwb_msgs/share/dwb_msgs/srv/DebugLocalPlan.srv
[0.712s] -- Up-to-date: /workstation/nav2_ws/install/dwb_msgs/share/dwb_msgs/srv/DebugLocalPlan_Request.msg
[0.712s] -- Up-to-date: /workstation/nav2_ws/install/dwb_msgs/share/dwb_msgs/srv/DebugLocalPlan_Response.msg
[0.713s] -- Up-to-date: /workstation/nav2_ws/install/dwb_msgs/share/dwb_msgs/srv/GenerateTrajectory.srv
[0.713s] -- Up-to-date: /workstation/nav2_ws/install/dwb_msgs/share/dwb_msgs/srv/GenerateTrajectory_Request.msg
[0.713s] -- Up-to-date: /workstation/nav2_ws/install/dwb_msgs/share/dwb_msgs/srv/GenerateTrajectory_Response.msg
[0.713s] -- Up-to-date: /workstation/nav2_ws/install/dwb_msgs/share/dwb_msgs/srv/GenerateTwists.srv
[0.713s] -- Up-to-date: /workstation/nav2_ws/install/dwb_msgs/share/dwb_msgs/srv/GenerateTwists_Request.msg
[0.713s] -- Up-to-date: /workstation/nav2_ws/install/dwb_msgs/share/dwb_msgs/srv/GenerateTwists_Response.msg
[0.714s] -- Up-to-date: /workstation/nav2_ws/install/dwb_msgs/share/dwb_msgs/srv/GetCriticScore.srv
[0.714s] -- Up-to-date: /workstation/nav2_ws/install/dwb_msgs/share/dwb_msgs/srv/GetCriticScore_Request.msg
[0.714s] -- Up-to-date: /workstation/nav2_ws/install/dwb_msgs/share/dwb_msgs/srv/GetCriticScore_Response.msg
[0.714s] -- Up-to-date: /workstation/nav2_ws/install/dwb_msgs/share/dwb_msgs/srv/ScoreTrajectory.srv
[0.714s] -- Up-to-date: /workstation/nav2_ws/install/dwb_msgs/share/dwb_msgs/srv/ScoreTrajectory_Request.msg
[0.714s] -- Up-to-date: /workstation/nav2_ws/install/dwb_msgs/share/dwb_msgs/srv/ScoreTrajectory_Response.msg
[0.715s] -- Up-to-date: /workstation/nav2_ws/install/dwb_msgs/share/ament_index/resource_index/package_run_dependencies/dwb_msgs
[0.715s] -- Up-to-date: /workstation/nav2_ws/install/dwb_msgs/share/ament_index/resource_index/parent_prefix_path/dwb_msgs
[0.715s] -- Up-to-date: /workstation/nav2_ws/install/dwb_msgs/share/dwb_msgs/environment/ament_prefix_path.sh
[0.715s] -- Up-to-date: /workstation/nav2_ws/install/dwb_msgs/share/dwb_msgs/environment/ament_prefix_path.dsv
[0.715s] -- Up-to-date: /workstation/nav2_ws/install/dwb_msgs/share/dwb_msgs/environment/path.sh
[0.715s] -- Up-to-date: /workstation/nav2_ws/install/dwb_msgs/share/dwb_msgs/environment/path.dsv
[0.715s] -- Up-to-date: /workstation/nav2_ws/install/dwb_msgs/share/dwb_msgs/local_setup.bash
[0.715s] -- Up-to-date: /workstation/nav2_ws/install/dwb_msgs/share/dwb_msgs/local_setup.sh
[0.716s] -- Up-to-date: /workstation/nav2_ws/install/dwb_msgs/share/dwb_msgs/local_setup.zsh
[0.716s] -- Up-to-date: /workstation/nav2_ws/install/dwb_msgs/share/dwb_msgs/local_setup.dsv
[0.716s] -- Installing: /workstation/nav2_ws/install/dwb_msgs/share/dwb_msgs/package.dsv
[0.716s] -- Up-to-date: /workstation/nav2_ws/install/dwb_msgs/share/ament_index/resource_index/packages/dwb_msgs
[0.716s] -- Up-to-date: /workstation/nav2_ws/install/dwb_msgs/share/dwb_msgs/cmake/export_dwb_msgs__rosidl_generator_cExport.cmake
[0.716s] -- Up-to-date: /workstation/nav2_ws/install/dwb_msgs/share/dwb_msgs/cmake/export_dwb_msgs__rosidl_generator_cExport-noconfig.cmake
[0.716s] -- Up-to-date: /workstation/nav2_ws/install/dwb_msgs/share/dwb_msgs/cmake/export_dwb_msgs__rosidl_typesupport_fastrtps_cExport.cmake
[0.717s] -- Up-to-date: /workstation/nav2_ws/install/dwb_msgs/share/dwb_msgs/cmake/export_dwb_msgs__rosidl_typesupport_fastrtps_cExport-noconfig.cmake
[0.717s] -- Up-to-date: /workstation/nav2_ws/install/dwb_msgs/share/dwb_msgs/cmake/export_dwb_msgs__rosidl_generator_cppExport.cmake
[0.717s] -- Up-to-date: /workstation/nav2_ws/install/dwb_msgs/share/dwb_msgs/cmake/export_dwb_msgs__rosidl_typesupport_fastrtps_cppExport.cmake
[0.717s] -- Up-to-date: /workstation/nav2_ws/install/dwb_msgs/share/dwb_msgs/cmake/export_dwb_msgs__rosidl_typesupport_fastrtps_cppExport-noconfig.cmake
[0.717s] -- Up-to-date: /workstation/nav2_ws/install/dwb_msgs/share/dwb_msgs/cmake/dwb_msgs__rosidl_typesupport_introspection_cExport.cmake
[0.717s] -- Up-to-date: /workstation/nav2_ws/install/dwb_msgs/share/dwb_msgs/cmake/dwb_msgs__rosidl_typesupport_introspection_cExport-noconfig.cmake
[0.717s] -- Up-to-date: /workstation/nav2_ws/install/dwb_msgs/share/dwb_msgs/cmake/dwb_msgs__rosidl_typesupport_cExport.cmake
[0.717s] -- Up-to-date: /workstation/nav2_ws/install/dwb_msgs/share/dwb_msgs/cmake/dwb_msgs__rosidl_typesupport_cExport-noconfig.cmake
[0.717s] -- Up-to-date: /workstation/nav2_ws/install/dwb_msgs/share/dwb_msgs/cmake/dwb_msgs__rosidl_typesupport_introspection_cppExport.cmake
[0.718s] -- Up-to-date: /workstation/nav2_ws/install/dwb_msgs/share/dwb_msgs/cmake/dwb_msgs__rosidl_typesupport_introspection_cppExport-noconfig.cmake
[0.718s] -- Up-to-date: /workstation/nav2_ws/install/dwb_msgs/share/dwb_msgs/cmake/dwb_msgs__rosidl_typesupport_cppExport.cmake
[0.718s] -- Up-to-date: /workstation/nav2_ws/install/dwb_msgs/share/dwb_msgs/cmake/dwb_msgs__rosidl_typesupport_cppExport-noconfig.cmake
[0.718s] -- Up-to-date: /workstation/nav2_ws/install/dwb_msgs/share/dwb_msgs/cmake/export_dwb_msgs__rosidl_generator_pyExport.cmake
[0.718s] -- Up-to-date: /workstation/nav2_ws/install/dwb_msgs/share/dwb_msgs/cmake/export_dwb_msgs__rosidl_generator_pyExport-noconfig.cmake
[0.718s] -- Up-to-date: /workstation/nav2_ws/install/dwb_msgs/share/dwb_msgs/cmake/rosidl_cmake-extras.cmake
[0.718s] -- Up-to-date: /workstation/nav2_ws/install/dwb_msgs/share/dwb_msgs/cmake/ament_cmake_export_dependencies-extras.cmake
[0.718s] -- Up-to-date: /workstation/nav2_ws/install/dwb_msgs/share/dwb_msgs/cmake/ament_cmake_export_include_directories-extras.cmake
[0.718s] -- Up-to-date: /workstation/nav2_ws/install/dwb_msgs/share/dwb_msgs/cmake/ament_cmake_export_libraries-extras.cmake
[0.718s] -- Up-to-date: /workstation/nav2_ws/install/dwb_msgs/share/dwb_msgs/cmake/ament_cmake_export_targets-extras.cmake
[0.718s] -- Up-to-date: /workstation/nav2_ws/install/dwb_msgs/share/dwb_msgs/cmake/rosidl_cmake_export_typesupport_targets-extras.cmake
[0.718s] -- Up-to-date: /workstation/nav2_ws/install/dwb_msgs/share/dwb_msgs/cmake/rosidl_cmake_export_typesupport_libraries-extras.cmake
[0.719s] -- Up-to-date: /workstation/nav2_ws/install/dwb_msgs/share/dwb_msgs/cmake/dwb_msgsConfig.cmake
[0.719s] -- Up-to-date: /workstation/nav2_ws/install/dwb_msgs/share/dwb_msgs/cmake/dwb_msgsConfig-version.cmake
[0.719s] -- Up-to-date: /workstation/nav2_ws/install/dwb_msgs/share/dwb_msgs/package.xml
[0.721s] Invoked command in '/workstation/nav2_ws/build/dwb_msgs' returned '0': AMENT_PREFIX_PATH=/workstation/nav2_ws/install/nav_2d_msgs:${AMENT_PREFIX_PATH} CMAKE_PREFIX_PATH=/workstation/nav2_ws/install/nav_2d_msgs:/opt/ros/humble LD_LIBRARY_PATH=/workstation/nav2_ws/install/nav_2d_msgs/lib:${LD_LIBRARY_PATH} PYTHONPATH=/workstation/nav2_ws/install/nav_2d_msgs/local/lib/python3.10/dist-packages:${PYTHONPATH} /usr/bin/cmake --install /workstation/nav2_ws/build/dwb_msgs
