[0.022s] Invoking command in '/workstation/nav2_ws/build/nav2_collision_monitor': AMENT_PREFIX_PATH=/workstation/nav2_ws/install/nav2_costmap_2d:/workstation/nav2_ws/install/nav2_map_server:/workstation/nav2_ws/install/nav2_lifecycle_manager:/workstation/nav2_ws/install/nav2_util:/workstation/nav2_ws/install/nav2_voxel_grid:/workstation/nav2_ws/install/nav2_msgs:/workstation/nav2_ws/install/nav2_common:${AMENT_PREFIX_PATH} CMAKE_PREFIX_PATH=/workstation/nav2_ws/install/nav2_costmap_2d:/workstation/nav2_ws/install/nav2_map_server:/workstation/nav2_ws/install/nav2_lifecycle_manager:/workstation/nav2_ws/install/nav2_util:/workstation/nav2_ws/install/nav2_voxel_grid:/workstation/nav2_ws/install/nav2_msgs:/workstation/nav2_ws/install/nav2_common:/opt/ros/humble LD_LIBRARY_PATH=/workstation/nav2_ws/install/nav2_costmap_2d/lib:/workstation/nav2_ws/install/nav2_map_server/lib:/workstation/nav2_ws/install/nav2_lifecycle_manager/lib:/workstation/nav2_ws/install/nav2_util/lib:/workstation/nav2_ws/install/nav2_voxel_grid/lib:/workstation/nav2_ws/install/nav2_msgs/lib:${LD_LIBRARY_PATH} PYTHONPATH=/workstation/nav2_ws/install/nav2_msgs/local/lib/python3.10/dist-packages:/workstation/nav2_ws/install/nav2_common/local/lib/python3.10/dist-packages:${PYTHONPATH} /usr/bin/cmake --build /workstation/nav2_ws/build/nav2_collision_monitor -- -j12 -l12
[0.107s] [ 17%] Built target gtest
[0.107s] [ 17%] Built target gtest_main
[0.127s] [ 56%] Built target collision_monitor_core
[0.167s] [ 65%] Built target collision_monitor
[0.169s] [ 78%] Built target sources_test
[0.169s] [ 82%] Built target kinematics_test
[0.174s] [ 91%] Built target collision_monitor_node_test
[0.174s] [100%] Built target polygons_test
[0.222s] Invoked command in '/workstation/nav2_ws/build/nav2_collision_monitor' returned '0': AMENT_PREFIX_PATH=/workstation/nav2_ws/install/nav2_costmap_2d:/workstation/nav2_ws/install/nav2_map_server:/workstation/nav2_ws/install/nav2_lifecycle_manager:/workstation/nav2_ws/install/nav2_util:/workstation/nav2_ws/install/nav2_voxel_grid:/workstation/nav2_ws/install/nav2_msgs:/workstation/nav2_ws/install/nav2_common:${AMENT_PREFIX_PATH} CMAKE_PREFIX_PATH=/workstation/nav2_ws/install/nav2_costmap_2d:/workstation/nav2_ws/install/nav2_map_server:/workstation/nav2_ws/install/nav2_lifecycle_manager:/workstation/nav2_ws/install/nav2_util:/workstation/nav2_ws/install/nav2_voxel_grid:/workstation/nav2_ws/install/nav2_msgs:/workstation/nav2_ws/install/nav2_common:/opt/ros/humble LD_LIBRARY_PATH=/workstation/nav2_ws/install/nav2_costmap_2d/lib:/workstation/nav2_ws/install/nav2_map_server/lib:/workstation/nav2_ws/install/nav2_lifecycle_manager/lib:/workstation/nav2_ws/install/nav2_util/lib:/workstation/nav2_ws/install/nav2_voxel_grid/lib:/workstation/nav2_ws/install/nav2_msgs/lib:${LD_LIBRARY_PATH} PYTHONPATH=/workstation/nav2_ws/install/nav2_msgs/local/lib/python3.10/dist-packages:/workstation/nav2_ws/install/nav2_common/local/lib/python3.10/dist-packages:${PYTHONPATH} /usr/bin/cmake --build /workstation/nav2_ws/build/nav2_collision_monitor -- -j12 -l12
[0.311s] Invoking command in '/workstation/nav2_ws/build/nav2_collision_monitor': AMENT_PREFIX_PATH=/workstation/nav2_ws/install/nav2_costmap_2d:/workstation/nav2_ws/install/nav2_map_server:/workstation/nav2_ws/install/nav2_lifecycle_manager:/workstation/nav2_ws/install/nav2_util:/workstation/nav2_ws/install/nav2_voxel_grid:/workstation/nav2_ws/install/nav2_msgs:/workstation/nav2_ws/install/nav2_common:${AMENT_PREFIX_PATH} CMAKE_PREFIX_PATH=/workstation/nav2_ws/install/nav2_costmap_2d:/workstation/nav2_ws/install/nav2_map_server:/workstation/nav2_ws/install/nav2_lifecycle_manager:/workstation/nav2_ws/install/nav2_util:/workstation/nav2_ws/install/nav2_voxel_grid:/workstation/nav2_ws/install/nav2_msgs:/workstation/nav2_ws/install/nav2_common:/opt/ros/humble LD_LIBRARY_PATH=/workstation/nav2_ws/install/nav2_costmap_2d/lib:/workstation/nav2_ws/install/nav2_map_server/lib:/workstation/nav2_ws/install/nav2_lifecycle_manager/lib:/workstation/nav2_ws/install/nav2_util/lib:/workstation/nav2_ws/install/nav2_voxel_grid/lib:/workstation/nav2_ws/install/nav2_msgs/lib:${LD_LIBRARY_PATH} PYTHONPATH=/workstation/nav2_ws/install/nav2_msgs/local/lib/python3.10/dist-packages:/workstation/nav2_ws/install/nav2_common/local/lib/python3.10/dist-packages:${PYTHONPATH} /usr/bin/cmake --install /workstation/nav2_ws/build/nav2_collision_monitor
[0.658s] -- Install configuration: "Release"
[0.658s] -- Up-to-date: /workstation/nav2_ws/install/nav2_collision_monitor/lib/libcollision_monitor_core.so
[0.659s] -- Up-to-date: /workstation/nav2_ws/install/nav2_collision_monitor/lib/nav2_collision_monitor/collision_monitor
[0.659s] -- Up-to-date: /workstation/nav2_ws/install/nav2_collision_monitor/include/
[0.659s] -- Up-to-date: /workstation/nav2_ws/install/nav2_collision_monitor/include//nav2_collision_monitor
[0.659s] -- Up-to-date: /workstation/nav2_ws/install/nav2_collision_monitor/include//nav2_collision_monitor/source.hpp
[0.659s] -- Up-to-date: /workstation/nav2_ws/install/nav2_collision_monitor/include//nav2_collision_monitor/polygon.hpp
[0.659s] -- Up-to-date: /workstation/nav2_ws/install/nav2_collision_monitor/include//nav2_collision_monitor/range.hpp
[0.659s] -- Up-to-date: /workstation/nav2_ws/install/nav2_collision_monitor/include//nav2_collision_monitor/pointcloud.hpp
[0.659s] -- Up-to-date: /workstation/nav2_ws/install/nav2_collision_monitor/include//nav2_collision_monitor/types.hpp
[0.659s] -- Up-to-date: /workstation/nav2_ws/install/nav2_collision_monitor/include//nav2_collision_monitor/scan.hpp
[0.660s] -- Up-to-date: /workstation/nav2_ws/install/nav2_collision_monitor/include//nav2_collision_monitor/circle.hpp
[0.660s] -- Up-to-date: /workstation/nav2_ws/install/nav2_collision_monitor/include//nav2_collision_monitor/kinematics.hpp
[0.660s] -- Up-to-date: /workstation/nav2_ws/install/nav2_collision_monitor/include//nav2_collision_monitor/collision_monitor_node.hpp
[0.660s] -- Up-to-date: /workstation/nav2_ws/install/nav2_collision_monitor/share/nav2_collision_monitor/launch
[0.660s] -- Up-to-date: /workstation/nav2_ws/install/nav2_collision_monitor/share/nav2_collision_monitor/launch/collision_monitor_node.launch.py
[0.660s] -- Up-to-date: /workstation/nav2_ws/install/nav2_collision_monitor/share/nav2_collision_monitor/params
[0.660s] -- Up-to-date: /workstation/nav2_ws/install/nav2_collision_monitor/share/nav2_collision_monitor/params/collision_monitor_params.yaml
[0.660s] -- Up-to-date: /workstation/nav2_ws/install/nav2_collision_monitor/share/nav2_collision_monitor/environment/library_path.sh
[0.660s] -- Up-to-date: /workstation/nav2_ws/install/nav2_collision_monitor/share/nav2_collision_monitor/environment/library_path.dsv
[0.660s] -- Up-to-date: /workstation/nav2_ws/install/nav2_collision_monitor/share/ament_index/resource_index/package_run_dependencies/nav2_collision_monitor
[0.664s] -- Up-to-date: /workstation/nav2_ws/install/nav2_collision_monitor/share/ament_index/resource_index/parent_prefix_path/nav2_collision_monitor
[0.664s] -- Up-to-date: /workstation/nav2_ws/install/nav2_collision_monitor/share/nav2_collision_monitor/environment/ament_prefix_path.sh
[0.664s] -- Up-to-date: /workstation/nav2_ws/install/nav2_collision_monitor/share/nav2_collision_monitor/environment/ament_prefix_path.dsv
[0.664s] -- Up-to-date: /workstation/nav2_ws/install/nav2_collision_monitor/share/nav2_collision_monitor/environment/path.sh
[0.664s] -- Up-to-date: /workstation/nav2_ws/install/nav2_collision_monitor/share/nav2_collision_monitor/environment/path.dsv
[0.665s] -- Up-to-date: /workstation/nav2_ws/install/nav2_collision_monitor/share/nav2_collision_monitor/local_setup.bash
[0.665s] -- Up-to-date: /workstation/nav2_ws/install/nav2_collision_monitor/share/nav2_collision_monitor/local_setup.sh
[0.665s] -- Up-to-date: /workstation/nav2_ws/install/nav2_collision_monitor/share/nav2_collision_monitor/local_setup.zsh
[0.665s] -- Up-to-date: /workstation/nav2_ws/install/nav2_collision_monitor/share/nav2_collision_monitor/local_setup.dsv
[0.665s] -- Installing: /workstation/nav2_ws/install/nav2_collision_monitor/share/nav2_collision_monitor/package.dsv
[0.665s] -- Up-to-date: /workstation/nav2_ws/install/nav2_collision_monitor/share/ament_index/resource_index/packages/nav2_collision_monitor
[0.665s] -- Up-to-date: /workstation/nav2_ws/install/nav2_collision_monitor/share/ament_index/resource_index/rclcpp_components/nav2_collision_monitor
[0.665s] -- Up-to-date: /workstation/nav2_ws/install/nav2_collision_monitor/share/nav2_collision_monitor/cmake/ament_cmake_export_include_directories-extras.cmake
[0.665s] -- Up-to-date: /workstation/nav2_ws/install/nav2_collision_monitor/share/nav2_collision_monitor/cmake/ament_cmake_export_libraries-extras.cmake
[0.665s] -- Up-to-date: /workstation/nav2_ws/install/nav2_collision_monitor/share/nav2_collision_monitor/cmake/ament_cmake_export_dependencies-extras.cmake
[0.666s] -- Up-to-date: /workstation/nav2_ws/install/nav2_collision_monitor/share/nav2_collision_monitor/cmake/nav2_collision_monitorConfig.cmake
[0.666s] -- Up-to-date: /workstation/nav2_ws/install/nav2_collision_monitor/share/nav2_collision_monitor/cmake/nav2_collision_monitorConfig-version.cmake
[0.666s] -- Up-to-date: /workstation/nav2_ws/install/nav2_collision_monitor/share/nav2_collision_monitor/package.xml
[0.681s] Invoked command in '/workstation/nav2_ws/build/nav2_collision_monitor' returned '0': AMENT_PREFIX_PATH=/workstation/nav2_ws/install/nav2_costmap_2d:/workstation/nav2_ws/install/nav2_map_server:/workstation/nav2_ws/install/nav2_lifecycle_manager:/workstation/nav2_ws/install/nav2_util:/workstation/nav2_ws/install/nav2_voxel_grid:/workstation/nav2_ws/install/nav2_msgs:/workstation/nav2_ws/install/nav2_common:${AMENT_PREFIX_PATH} CMAKE_PREFIX_PATH=/workstation/nav2_ws/install/nav2_costmap_2d:/workstation/nav2_ws/install/nav2_map_server:/workstation/nav2_ws/install/nav2_lifecycle_manager:/workstation/nav2_ws/install/nav2_util:/workstation/nav2_ws/install/nav2_voxel_grid:/workstation/nav2_ws/install/nav2_msgs:/workstation/nav2_ws/install/nav2_common:/opt/ros/humble LD_LIBRARY_PATH=/workstation/nav2_ws/install/nav2_costmap_2d/lib:/workstation/nav2_ws/install/nav2_map_server/lib:/workstation/nav2_ws/install/nav2_lifecycle_manager/lib:/workstation/nav2_ws/install/nav2_util/lib:/workstation/nav2_ws/install/nav2_voxel_grid/lib:/workstation/nav2_ws/install/nav2_msgs/lib:${LD_LIBRARY_PATH} PYTHONPATH=/workstation/nav2_ws/install/nav2_msgs/local/lib/python3.10/dist-packages:/workstation/nav2_ws/install/nav2_common/local/lib/python3.10/dist-packages:${PYTHONPATH} /usr/bin/cmake --install /workstation/nav2_ws/build/nav2_collision_monitor
