[0.224s] Invoking command in '/workstation/nav2_ws/build/nav2_theta_star_planner': AMENT_PREFIX_PATH=/workstation/nav2_ws/install/nav2_core:/workstation/nav2_ws/install/nav2_costmap_2d:/workstation/nav2_ws/install/nav2_map_server:/workstation/nav2_ws/install/nav2_lifecycle_manager:/workstation/nav2_ws/install/nav2_util:/workstation/nav2_ws/install/nav2_voxel_grid:/workstation/nav2_ws/install/nav2_msgs:/workstation/nav2_ws/install/nav2_common:${AMENT_PREFIX_PATH} CMAKE_PREFIX_PATH=/workstation/nav2_ws/install/nav2_core:/workstation/nav2_ws/install/nav2_costmap_2d:/workstation/nav2_ws/install/nav2_map_server:/workstation/nav2_ws/install/nav2_lifecycle_manager:/workstation/nav2_ws/install/nav2_util:/workstation/nav2_ws/install/nav2_voxel_grid:/workstation/nav2_ws/install/nav2_msgs:/workstation/nav2_ws/install/nav2_common:/opt/ros/humble LD_LIBRARY_PATH=/workstation/nav2_ws/install/nav2_costmap_2d/lib:/workstation/nav2_ws/install/nav2_map_server/lib:/workstation/nav2_ws/install/nav2_lifecycle_manager/lib:/workstation/nav2_ws/install/nav2_util/lib:/workstation/nav2_ws/install/nav2_voxel_grid/lib:/workstation/nav2_ws/install/nav2_msgs/lib:${LD_LIBRARY_PATH} PYTHONPATH=/workstation/nav2_ws/install/nav2_msgs/local/lib/python3.10/dist-packages:/workstation/nav2_ws/install/nav2_common/local/lib/python3.10/dist-packages:${PYTHONPATH} /usr/bin/cmake --build /workstation/nav2_ws/build/nav2_theta_star_planner -- -j12 -l12
[0.344s] [ 22%] Built target gtest_main
[0.350s] [ 44%] Built target gtest
[0.357s] [ 77%] Built target nav2_theta_star_planner
[0.419s] [100%] Built target test_theta_star
[0.536s] Invoked command in '/workstation/nav2_ws/build/nav2_theta_star_planner' returned '0': AMENT_PREFIX_PATH=/workstation/nav2_ws/install/nav2_core:/workstation/nav2_ws/install/nav2_costmap_2d:/workstation/nav2_ws/install/nav2_map_server:/workstation/nav2_ws/install/nav2_lifecycle_manager:/workstation/nav2_ws/install/nav2_util:/workstation/nav2_ws/install/nav2_voxel_grid:/workstation/nav2_ws/install/nav2_msgs:/workstation/nav2_ws/install/nav2_common:${AMENT_PREFIX_PATH} CMAKE_PREFIX_PATH=/workstation/nav2_ws/install/nav2_core:/workstation/nav2_ws/install/nav2_costmap_2d:/workstation/nav2_ws/install/nav2_map_server:/workstation/nav2_ws/install/nav2_lifecycle_manager:/workstation/nav2_ws/install/nav2_util:/workstation/nav2_ws/install/nav2_voxel_grid:/workstation/nav2_ws/install/nav2_msgs:/workstation/nav2_ws/install/nav2_common:/opt/ros/humble LD_LIBRARY_PATH=/workstation/nav2_ws/install/nav2_costmap_2d/lib:/workstation/nav2_ws/install/nav2_map_server/lib:/workstation/nav2_ws/install/nav2_lifecycle_manager/lib:/workstation/nav2_ws/install/nav2_util/lib:/workstation/nav2_ws/install/nav2_voxel_grid/lib:/workstation/nav2_ws/install/nav2_msgs/lib:${LD_LIBRARY_PATH} PYTHONPATH=/workstation/nav2_ws/install/nav2_msgs/local/lib/python3.10/dist-packages:/workstation/nav2_ws/install/nav2_common/local/lib/python3.10/dist-packages:${PYTHONPATH} /usr/bin/cmake --build /workstation/nav2_ws/build/nav2_theta_star_planner -- -j12 -l12
[0.631s] Invoking command in '/workstation/nav2_ws/build/nav2_theta_star_planner': AMENT_PREFIX_PATH=/workstation/nav2_ws/install/nav2_core:/workstation/nav2_ws/install/nav2_costmap_2d:/workstation/nav2_ws/install/nav2_map_server:/workstation/nav2_ws/install/nav2_lifecycle_manager:/workstation/nav2_ws/install/nav2_util:/workstation/nav2_ws/install/nav2_voxel_grid:/workstation/nav2_ws/install/nav2_msgs:/workstation/nav2_ws/install/nav2_common:${AMENT_PREFIX_PATH} CMAKE_PREFIX_PATH=/workstation/nav2_ws/install/nav2_core:/workstation/nav2_ws/install/nav2_costmap_2d:/workstation/nav2_ws/install/nav2_map_server:/workstation/nav2_ws/install/nav2_lifecycle_manager:/workstation/nav2_ws/install/nav2_util:/workstation/nav2_ws/install/nav2_voxel_grid:/workstation/nav2_ws/install/nav2_msgs:/workstation/nav2_ws/install/nav2_common:/opt/ros/humble LD_LIBRARY_PATH=/workstation/nav2_ws/install/nav2_costmap_2d/lib:/workstation/nav2_ws/install/nav2_map_server/lib:/workstation/nav2_ws/install/nav2_lifecycle_manager/lib:/workstation/nav2_ws/install/nav2_util/lib:/workstation/nav2_ws/install/nav2_voxel_grid/lib:/workstation/nav2_ws/install/nav2_msgs/lib:${LD_LIBRARY_PATH} PYTHONPATH=/workstation/nav2_ws/install/nav2_msgs/local/lib/python3.10/dist-packages:/workstation/nav2_ws/install/nav2_common/local/lib/python3.10/dist-packages:${PYTHONPATH} /usr/bin/cmake --install /workstation/nav2_ws/build/nav2_theta_star_planner
[0.678s] -- Install configuration: "Release"
[0.678s] -- Up-to-date: /workstation/nav2_ws/install/nav2_theta_star_planner/share/nav2_theta_star_planner/theta_star_planner.xml
[0.678s] -- Up-to-date: /workstation/nav2_ws/install/nav2_theta_star_planner/lib/libnav2_theta_star_planner.so
[0.679s] -- Up-to-date: /workstation/nav2_ws/install/nav2_theta_star_planner/include/
[0.679s] -- Up-to-date: /workstation/nav2_ws/install/nav2_theta_star_planner/include//nav2_theta_star_planner
[0.679s] -- Up-to-date: /workstation/nav2_ws/install/nav2_theta_star_planner/include//nav2_theta_star_planner/theta_star.hpp
[0.679s] -- Up-to-date: /workstation/nav2_ws/install/nav2_theta_star_planner/include//nav2_theta_star_planner/theta_star_planner.hpp
[0.679s] -- Up-to-date: /workstation/nav2_ws/install/nav2_theta_star_planner/share/nav2_theta_star_planner/theta_star_planner.xml
[0.683s] -- Up-to-date: /workstation/nav2_ws/install/nav2_theta_star_planner/share/nav2_theta_star_planner/environment/library_path.sh
[0.683s] -- Up-to-date: /workstation/nav2_ws/install/nav2_theta_star_planner/share/nav2_theta_star_planner/environment/library_path.dsv
[0.683s] -- Up-to-date: /workstation/nav2_ws/install/nav2_theta_star_planner/share/ament_index/resource_index/package_run_dependencies/nav2_theta_star_planner
[0.683s] -- Up-to-date: /workstation/nav2_ws/install/nav2_theta_star_planner/share/ament_index/resource_index/parent_prefix_path/nav2_theta_star_planner
[0.683s] -- Up-to-date: /workstation/nav2_ws/install/nav2_theta_star_planner/share/nav2_theta_star_planner/environment/ament_prefix_path.sh
[0.684s] -- Up-to-date: /workstation/nav2_ws/install/nav2_theta_star_planner/share/nav2_theta_star_planner/environment/ament_prefix_path.dsv
[0.684s] -- Up-to-date: /workstation/nav2_ws/install/nav2_theta_star_planner/share/nav2_theta_star_planner/environment/path.sh
[0.684s] -- Up-to-date: /workstation/nav2_ws/install/nav2_theta_star_planner/share/nav2_theta_star_planner/environment/path.dsv
[0.684s] -- Up-to-date: /workstation/nav2_ws/install/nav2_theta_star_planner/share/nav2_theta_star_planner/local_setup.bash
[0.684s] -- Up-to-date: /workstation/nav2_ws/install/nav2_theta_star_planner/share/nav2_theta_star_planner/local_setup.sh
[0.684s] -- Up-to-date: /workstation/nav2_ws/install/nav2_theta_star_planner/share/nav2_theta_star_planner/local_setup.zsh
[0.684s] -- Up-to-date: /workstation/nav2_ws/install/nav2_theta_star_planner/share/nav2_theta_star_planner/local_setup.dsv
[0.684s] -- Installing: /workstation/nav2_ws/install/nav2_theta_star_planner/share/nav2_theta_star_planner/package.dsv
[0.685s] -- Up-to-date: /workstation/nav2_ws/install/nav2_theta_star_planner/share/ament_index/resource_index/packages/nav2_theta_star_planner
[0.685s] -- Up-to-date: /workstation/nav2_ws/install/nav2_theta_star_planner/share/ament_index/resource_index/nav2_core__pluginlib__plugin/nav2_theta_star_planner
[0.685s] -- Up-to-date: /workstation/nav2_ws/install/nav2_theta_star_planner/share/nav2_theta_star_planner/cmake/ament_cmake_export_include_directories-extras.cmake
[0.685s] -- Up-to-date: /workstation/nav2_ws/install/nav2_theta_star_planner/share/nav2_theta_star_planner/cmake/ament_cmake_export_libraries-extras.cmake
[0.685s] -- Up-to-date: /workstation/nav2_ws/install/nav2_theta_star_planner/share/nav2_theta_star_planner/cmake/ament_cmake_export_dependencies-extras.cmake
[0.685s] -- Up-to-date: /workstation/nav2_ws/install/nav2_theta_star_planner/share/nav2_theta_star_planner/cmake/nav2_theta_star_plannerConfig.cmake
[0.685s] -- Up-to-date: /workstation/nav2_ws/install/nav2_theta_star_planner/share/nav2_theta_star_planner/cmake/nav2_theta_star_plannerConfig-version.cmake
[0.686s] -- Up-to-date: /workstation/nav2_ws/install/nav2_theta_star_planner/share/nav2_theta_star_planner/package.xml
[0.702s] Invoked command in '/workstation/nav2_ws/build/nav2_theta_star_planner' returned '0': AMENT_PREFIX_PATH=/workstation/nav2_ws/install/nav2_core:/workstation/nav2_ws/install/nav2_costmap_2d:/workstation/nav2_ws/install/nav2_map_server:/workstation/nav2_ws/install/nav2_lifecycle_manager:/workstation/nav2_ws/install/nav2_util:/workstation/nav2_ws/install/nav2_voxel_grid:/workstation/nav2_ws/install/nav2_msgs:/workstation/nav2_ws/install/nav2_common:${AMENT_PREFIX_PATH} CMAKE_PREFIX_PATH=/workstation/nav2_ws/install/nav2_core:/workstation/nav2_ws/install/nav2_costmap_2d:/workstation/nav2_ws/install/nav2_map_server:/workstation/nav2_ws/install/nav2_lifecycle_manager:/workstation/nav2_ws/install/nav2_util:/workstation/nav2_ws/install/nav2_voxel_grid:/workstation/nav2_ws/install/nav2_msgs:/workstation/nav2_ws/install/nav2_common:/opt/ros/humble LD_LIBRARY_PATH=/workstation/nav2_ws/install/nav2_costmap_2d/lib:/workstation/nav2_ws/install/nav2_map_server/lib:/workstation/nav2_ws/install/nav2_lifecycle_manager/lib:/workstation/nav2_ws/install/nav2_util/lib:/workstation/nav2_ws/install/nav2_voxel_grid/lib:/workstation/nav2_ws/install/nav2_msgs/lib:${LD_LIBRARY_PATH} PYTHONPATH=/workstation/nav2_ws/install/nav2_msgs/local/lib/python3.10/dist-packages:/workstation/nav2_ws/install/nav2_common/local/lib/python3.10/dist-packages:${PYTHONPATH} /usr/bin/cmake --install /workstation/nav2_ws/build/nav2_theta_star_planner
