[0.007s] Invoking command in '/workstation/nav2_ws/build/nav2_voxel_grid': AMENT_PREFIX_PATH=/workstation/nav2_ws/install/nav2_common:${AMENT_PREFIX_PATH} CMAKE_PREFIX_PATH=/workstation/nav2_ws/install/nav2_common:/opt/ros/humble PYTHONPATH=/workstation/nav2_ws/install/nav2_common/local/lib/python3.10/dist-packages:${PYTHONPATH} /usr/bin/cmake /workstation/nav2_ws/src/navigation2/nav2_voxel_grid -DCMAKE_INSTALL_PREFIX=/workstation/nav2_ws/install/nav2_voxel_grid
[0.053s] -- The C compiler identification is GNU 11.4.0
[0.102s] -- The CXX compiler identification is GNU 11.4.0
[0.108s] -- Detecting C compiler ABI info
[0.165s] -- Detecting C compiler ABI info - done
[0.173s] -- Check for working C compiler: /usr/bin/cc - skipped
[0.173s] -- Detecting C compile features
[0.174s] -- Detecting C compile features - done
[0.177s] -- Detecting CXX compiler ABI info
[0.243s] -- Detecting CXX compiler ABI info - done
[0.251s] -- Check for working CXX compiler: /usr/bin/c++ - skipped
[0.251s] -- Detecting CXX compile features
[0.252s] -- Detecting CXX compile features - done
[0.254s] -- Found ament_cmake: 1.3.10 (/opt/ros/humble/share/ament_cmake/cmake)
[0.393s] -- Found Python3: /usr/bin/python3 (found version "3.10.12") found components: Interpreter 
[0.480s] -- Found nav2_common: 1.1.16 (/workstation/nav2_ws/install/nav2_common/share/nav2_common/cmake)
[0.481s] -- Found rclcpp: 16.0.10 (/opt/ros/humble/share/rclcpp/cmake)
[0.531s] -- Found rosidl_generator_c: 3.1.5 (/opt/ros/humble/share/rosidl_generator_c/cmake)
[0.536s] -- Found rosidl_adapter: 3.1.5 (/opt/ros/humble/share/rosidl_adapter/cmake)
[0.544s] -- Found rosidl_generator_cpp: 3.1.5 (/opt/ros/humble/share/rosidl_generator_cpp/cmake)
[0.556s] -- Using all available rosidl_typesupport_c: rosidl_typesupport_fastrtps_c;rosidl_typesupport_introspection_c
[0.572s] -- Using all available rosidl_typesupport_cpp: rosidl_typesupport_fastrtps_cpp;rosidl_typesupport_introspection_cpp
[0.616s] -- Found rmw_implementation_cmake: 6.1.2 (/opt/ros/humble/share/rmw_implementation_cmake/cmake)
[0.619s] -- Found rmw_fastrtps_cpp: 6.2.7 (/opt/ros/humble/share/rmw_fastrtps_cpp/cmake)
[0.702s] -- Found OpenSSL: /usr/lib/x86_64-linux-gnu/libcrypto.so (found version "3.0.2")  
[0.728s] -- Found FastRTPS: /opt/ros/humble/include  
[0.769s] -- Using RMW implementation 'rmw_fastrtps_cpp' as default
[0.779s] -- Looking for pthread.h
[0.838s] -- Looking for pthread.h - found
[0.838s] -- Performing Test CMAKE_HAVE_LIBC_PTHREAD
[0.899s] -- Performing Test CMAKE_HAVE_LIBC_PTHREAD - Success
[0.901s] -- Found Threads: TRUE  
[0.991s] -- Setting build type to Release as none was specified.
[0.994s] -- Found ament_lint_auto: 0.12.11 (/opt/ros/humble/share/ament_lint_auto/cmake)
[1.120s] -- Found gtest sources under '/opt/ros/humble/src/gtest_vendor': C++ tests using 'Google Test' will be built
[1.130s] -- Added test 'cppcheck' to perform static code analysis on C / C++ code
[1.130s] -- Configured cppcheck include dirs: /workstation/nav2_ws/src/navigation2/nav2_voxel_grid/include
[1.130s] -- Configured cppcheck exclude dirs and/or files: 
[1.131s] -- Added test 'cpplint' to check C / C++ code against the Google style
[1.131s] -- Configured cpplint exclude dirs and/or files: 
[1.132s] -- Added test 'lint_cmake' to check CMake code style
[1.133s] -- Added test 'uncrustify' to check C / C++ code style
[1.134s] -- Configured uncrustify additional arguments: 
[1.134s] -- Added test 'xmllint' to check XML markup files
[1.137s] -- Configuring done
[1.152s] -- Generating done
[1.154s] -- Build files have been written to: /workstation/nav2_ws/build/nav2_voxel_grid
[1.165s] Invoked command in '/workstation/nav2_ws/build/nav2_voxel_grid' returned '0': AMENT_PREFIX_PATH=/workstation/nav2_ws/install/nav2_common:${AMENT_PREFIX_PATH} CMAKE_PREFIX_PATH=/workstation/nav2_ws/install/nav2_common:/opt/ros/humble PYTHONPATH=/workstation/nav2_ws/install/nav2_common/local/lib/python3.10/dist-packages:${PYTHONPATH} /usr/bin/cmake /workstation/nav2_ws/src/navigation2/nav2_voxel_grid -DCMAKE_INSTALL_PREFIX=/workstation/nav2_ws/install/nav2_voxel_grid
[1.166s] Invoking command in '/workstation/nav2_ws/build/nav2_voxel_grid': AMENT_PREFIX_PATH=/workstation/nav2_ws/install/nav2_common:${AMENT_PREFIX_PATH} CMAKE_PREFIX_PATH=/workstation/nav2_ws/install/nav2_common:/opt/ros/humble PYTHONPATH=/workstation/nav2_ws/install/nav2_common/local/lib/python3.10/dist-packages:${PYTHONPATH} /usr/bin/cmake --build /workstation/nav2_ws/build/nav2_voxel_grid -- -j12 -l12
[1.212s] [ 10%] [32mBuilding CXX object gtest/CMakeFiles/gtest.dir/src/gtest-all.cc.o[0m
[1.213s] [ 20%] [32mBuilding CXX object gtest/CMakeFiles/gtest_main.dir/src/gtest_main.cc.o[0m
[1.218s] [ 30%] [32mBuilding CXX object CMakeFiles/voxel_grid.dir/src/voxel_grid.cpp.o[0m
[3.748s] [ 40%] [32m[1mLinking CXX static library libgtest_main.a[0m
[3.845s] [ 40%] Built target gtest_main
[6.063s] [ 50%] [32m[1mLinking CXX shared library libvoxel_grid.so[0m
[6.160s] [ 50%] Built target voxel_grid
[13.274s] [ 60%] [32m[1mLinking CXX static library libgtest.a[0m
[13.370s] [ 60%] Built target gtest
[13.425s] [ 70%] [32mBuilding CXX object test/CMakeFiles/voxel_grid_bresenham_3d.dir/voxel_grid_bresenham_3d.cpp.o[0m
[13.452s] [ 80%] [32mBuilding CXX object test/CMakeFiles/voxel_grid_tests.dir/voxel_grid_tests.cpp.o[0m
[19.583s] [ 90%] [32m[1mLinking CXX executable voxel_grid_tests[0m
[19.841s] [ 90%] Built target voxel_grid_tests
[20.213s] [100%] [32m[1mLinking CXX executable voxel_grid_bresenham_3d[0m
[20.419s] [100%] Built target voxel_grid_bresenham_3d
[20.438s] Invoked command in '/workstation/nav2_ws/build/nav2_voxel_grid' returned '0': AMENT_PREFIX_PATH=/workstation/nav2_ws/install/nav2_common:${AMENT_PREFIX_PATH} CMAKE_PREFIX_PATH=/workstation/nav2_ws/install/nav2_common:/opt/ros/humble PYTHONPATH=/workstation/nav2_ws/install/nav2_common/local/lib/python3.10/dist-packages:${PYTHONPATH} /usr/bin/cmake --build /workstation/nav2_ws/build/nav2_voxel_grid -- -j12 -l12
[20.472s] Invoking command in '/workstation/nav2_ws/build/nav2_voxel_grid': AMENT_PREFIX_PATH=/workstation/nav2_ws/install/nav2_common:${AMENT_PREFIX_PATH} CMAKE_PREFIX_PATH=/workstation/nav2_ws/install/nav2_common:/opt/ros/humble PYTHONPATH=/workstation/nav2_ws/install/nav2_common/local/lib/python3.10/dist-packages:${PYTHONPATH} /usr/bin/cmake --install /workstation/nav2_ws/build/nav2_voxel_grid
[20.489s] -- Install configuration: "Release"
[20.489s] -- Installing: /workstation/nav2_ws/install/nav2_voxel_grid/lib/libvoxel_grid.so
[20.490s] -- Set runtime path of "/workstation/nav2_ws/install/nav2_voxel_grid/lib/libvoxel_grid.so" to ""
[20.490s] -- Installing: /workstation/nav2_ws/install/nav2_voxel_grid/include
[20.490s] -- Installing: /workstation/nav2_ws/install/nav2_voxel_grid/include/nav2_voxel_grid
[20.490s] -- Installing: /workstation/nav2_ws/install/nav2_voxel_grid/include/nav2_voxel_grid/voxel_grid.hpp
[20.490s] -- Installing: /workstation/nav2_ws/install/nav2_voxel_grid/share/nav2_voxel_grid/environment/library_path.sh
[20.490s] -- Installing: /workstation/nav2_ws/install/nav2_voxel_grid/share/nav2_voxel_grid/environment/library_path.dsv
[20.491s] -- Installing: /workstation/nav2_ws/install/nav2_voxel_grid/share/ament_index/resource_index/package_run_dependencies/nav2_voxel_grid
[20.491s] -- Installing: /workstation/nav2_ws/install/nav2_voxel_grid/share/ament_index/resource_index/parent_prefix_path/nav2_voxel_grid
[20.491s] -- Installing: /workstation/nav2_ws/install/nav2_voxel_grid/share/nav2_voxel_grid/environment/ament_prefix_path.sh
[20.492s] -- Installing: /workstation/nav2_ws/install/nav2_voxel_grid/share/nav2_voxel_grid/environment/ament_prefix_path.dsv
[20.492s] -- Installing: /workstation/nav2_ws/install/nav2_voxel_grid/share/nav2_voxel_grid/environment/path.sh
[20.493s] -- Installing: /workstation/nav2_ws/install/nav2_voxel_grid/share/nav2_voxel_grid/environment/path.dsv
[20.493s] -- Installing: /workstation/nav2_ws/install/nav2_voxel_grid/share/nav2_voxel_grid/local_setup.bash
[20.493s] -- Installing: /workstation/nav2_ws/install/nav2_voxel_grid/share/nav2_voxel_grid/local_setup.sh
[20.493s] -- Installing: /workstation/nav2_ws/install/nav2_voxel_grid/share/nav2_voxel_grid/local_setup.zsh
[20.493s] -- Installing: /workstation/nav2_ws/install/nav2_voxel_grid/share/nav2_voxel_grid/local_setup.dsv
[20.493s] -- Installing: /workstation/nav2_ws/install/nav2_voxel_grid/share/nav2_voxel_grid/package.dsv
[20.494s] -- Installing: /workstation/nav2_ws/install/nav2_voxel_grid/share/ament_index/resource_index/packages/nav2_voxel_grid
[20.494s] -- Installing: /workstation/nav2_ws/install/nav2_voxel_grid/share/nav2_voxel_grid/cmake/ament_cmake_export_dependencies-extras.cmake
[20.497s] -- Installing: /workstation/nav2_ws/install/nav2_voxel_grid/share/nav2_voxel_grid/cmake/ament_cmake_export_include_directories-extras.cmake
[20.497s] -- Installing: /workstation/nav2_ws/install/nav2_voxel_grid/share/nav2_voxel_grid/cmake/ament_cmake_export_libraries-extras.cmake
[20.498s] -- Installing: /workstation/nav2_ws/install/nav2_voxel_grid/share/nav2_voxel_grid/cmake/nav2_voxel_gridConfig.cmake
[20.498s] -- Installing: /workstation/nav2_ws/install/nav2_voxel_grid/share/nav2_voxel_grid/cmake/nav2_voxel_gridConfig-version.cmake
[20.498s] -- Installing: /workstation/nav2_ws/install/nav2_voxel_grid/share/nav2_voxel_grid/package.xml
[20.500s] Invoked command in '/workstation/nav2_ws/build/nav2_voxel_grid' returned '0': AMENT_PREFIX_PATH=/workstation/nav2_ws/install/nav2_common:${AMENT_PREFIX_PATH} CMAKE_PREFIX_PATH=/workstation/nav2_ws/install/nav2_common:/opt/ros/humble PYTHONPATH=/workstation/nav2_ws/install/nav2_common/local/lib/python3.10/dist-packages:${PYTHONPATH} /usr/bin/cmake --install /workstation/nav2_ws/build/nav2_voxel_grid
