[0.025s] Invoking command in '/workstation/nav2_ws/build/nav_2d_utils': AMENT_PREFIX_PATH=/workstation/nav2_ws/install/nav2_util:/workstation/nav2_ws/install/nav2_msgs:/workstation/nav2_ws/install/nav_2d_msgs:/workstation/nav2_ws/install/nav2_common:${AMENT_PREFIX_PATH} CMAKE_PREFIX_PATH=/workstation/nav2_ws/install/nav2_util:/workstation/nav2_ws/install/nav2_msgs:/workstation/nav2_ws/install/nav_2d_msgs:/workstation/nav2_ws/install/nav2_common:/opt/ros/humble LD_LIBRARY_PATH=/workstation/nav2_ws/install/nav2_util/lib:/workstation/nav2_ws/install/nav2_msgs/lib:/workstation/nav2_ws/install/nav_2d_msgs/lib:${LD_LIBRARY_PATH} PYTHONPATH=/workstation/nav2_ws/install/nav2_msgs/local/lib/python3.10/dist-packages:/workstation/nav2_ws/install/nav_2d_msgs/local/lib/python3.10/dist-packages:/workstation/nav2_ws/install/nav2_common/local/lib/python3.10/dist-packages:${PYTHONPATH} /usr/bin/cmake --build /workstation/nav2_ws/build/nav_2d_utils -- -j12 -l12
[0.079s] [35m[1mConsolidate compiler generated dependencies of target path_ops[0m
[0.080s] [35m[1mConsolidate compiler generated dependencies of target conversions[0m
[0.080s] [35m[1mConsolidate compiler generated dependencies of target gtest_main[0m
[0.081s] [35m[1mConsolidate compiler generated dependencies of target gtest[0m
[0.113s] [ 12%] Built target gtest
[0.114s] [ 25%] Built target gtest_main
[0.118s] [ 37%] Built target path_ops
[0.123s] [ 50%] Built target conversions
[0.152s] [35m[1mConsolidate compiler generated dependencies of target 2d_utils_tests[0m
[0.161s] [35m[1mConsolidate compiler generated dependencies of target path_ops_tests[0m
[0.161s] [35m[1mConsolidate compiler generated dependencies of target tf_help[0m
[0.204s] [ 62%] Built target path_ops_tests
[0.212s] [ 75%] Built target tf_help
[0.212s] [ 87%] Built target 2d_utils_tests
[0.244s] [35m[1mConsolidate compiler generated dependencies of target tf_help_tests[0m
[0.298s] [100%] Built target tf_help_tests
[0.323s] Invoked command in '/workstation/nav2_ws/build/nav_2d_utils' returned '0': AMENT_PREFIX_PATH=/workstation/nav2_ws/install/nav2_util:/workstation/nav2_ws/install/nav2_msgs:/workstation/nav2_ws/install/nav_2d_msgs:/workstation/nav2_ws/install/nav2_common:${AMENT_PREFIX_PATH} CMAKE_PREFIX_PATH=/workstation/nav2_ws/install/nav2_util:/workstation/nav2_ws/install/nav2_msgs:/workstation/nav2_ws/install/nav_2d_msgs:/workstation/nav2_ws/install/nav2_common:/opt/ros/humble LD_LIBRARY_PATH=/workstation/nav2_ws/install/nav2_util/lib:/workstation/nav2_ws/install/nav2_msgs/lib:/workstation/nav2_ws/install/nav_2d_msgs/lib:${LD_LIBRARY_PATH} PYTHONPATH=/workstation/nav2_ws/install/nav2_msgs/local/lib/python3.10/dist-packages:/workstation/nav2_ws/install/nav_2d_msgs/local/lib/python3.10/dist-packages:/workstation/nav2_ws/install/nav2_common/local/lib/python3.10/dist-packages:${PYTHONPATH} /usr/bin/cmake --build /workstation/nav2_ws/build/nav_2d_utils -- -j12 -l12
[0.400s] Invoking command in '/workstation/nav2_ws/build/nav_2d_utils': AMENT_PREFIX_PATH=/workstation/nav2_ws/install/nav2_util:/workstation/nav2_ws/install/nav2_msgs:/workstation/nav2_ws/install/nav_2d_msgs:/workstation/nav2_ws/install/nav2_common:${AMENT_PREFIX_PATH} CMAKE_PREFIX_PATH=/workstation/nav2_ws/install/nav2_util:/workstation/nav2_ws/install/nav2_msgs:/workstation/nav2_ws/install/nav_2d_msgs:/workstation/nav2_ws/install/nav2_common:/opt/ros/humble LD_LIBRARY_PATH=/workstation/nav2_ws/install/nav2_util/lib:/workstation/nav2_ws/install/nav2_msgs/lib:/workstation/nav2_ws/install/nav_2d_msgs/lib:${LD_LIBRARY_PATH} PYTHONPATH=/workstation/nav2_ws/install/nav2_msgs/local/lib/python3.10/dist-packages:/workstation/nav2_ws/install/nav_2d_msgs/local/lib/python3.10/dist-packages:/workstation/nav2_ws/install/nav2_common/local/lib/python3.10/dist-packages:${PYTHONPATH} /usr/bin/cmake --install /workstation/nav2_ws/build/nav_2d_utils
[0.406s] -- Install configuration: "Release"
[0.406s] -- Up-to-date: /workstation/nav2_ws/install/nav_2d_utils/lib/libconversions.so
[0.406s] -- Up-to-date: /workstation/nav2_ws/install/nav_2d_utils/lib/libpath_ops.so
[0.409s] -- Up-to-date: /workstation/nav2_ws/install/nav_2d_utils/lib/libtf_help.so
[0.409s] -- Up-to-date: /workstation/nav2_ws/install/nav_2d_utils/include/
[0.409s] -- Up-to-date: /workstation/nav2_ws/install/nav_2d_utils/include//nav_2d_utils
[0.409s] -- Up-to-date: /workstation/nav2_ws/install/nav_2d_utils/include//nav_2d_utils/path_ops.hpp
[0.409s] -- Up-to-date: /workstation/nav2_ws/install/nav_2d_utils/include//nav_2d_utils/odom_subscriber.hpp
[0.409s] -- Up-to-date: /workstation/nav2_ws/install/nav_2d_utils/include//nav_2d_utils/conversions.hpp
[0.409s] -- Up-to-date: /workstation/nav2_ws/install/nav_2d_utils/include//nav_2d_utils/tf_help.hpp
[0.409s] -- Up-to-date: /workstation/nav2_ws/install/nav_2d_utils/include//nav_2d_utils/parameters.hpp
[0.409s] -- Up-to-date: /workstation/nav2_ws/install/nav_2d_utils/share/nav_2d_utils/environment/library_path.sh
[0.409s] -- Up-to-date: /workstation/nav2_ws/install/nav_2d_utils/share/nav_2d_utils/environment/library_path.dsv
[0.410s] -- Up-to-date: /workstation/nav2_ws/install/nav_2d_utils/share/ament_index/resource_index/package_run_dependencies/nav_2d_utils
[0.410s] -- Up-to-date: /workstation/nav2_ws/install/nav_2d_utils/share/ament_index/resource_index/parent_prefix_path/nav_2d_utils
[0.410s] -- Up-to-date: /workstation/nav2_ws/install/nav_2d_utils/share/nav_2d_utils/environment/ament_prefix_path.sh
[0.410s] -- Up-to-date: /workstation/nav2_ws/install/nav_2d_utils/share/nav_2d_utils/environment/ament_prefix_path.dsv
[0.410s] -- Up-to-date: /workstation/nav2_ws/install/nav_2d_utils/share/nav_2d_utils/environment/path.sh
[0.410s] -- Up-to-date: /workstation/nav2_ws/install/nav_2d_utils/share/nav_2d_utils/environment/path.dsv
[0.410s] -- Up-to-date: /workstation/nav2_ws/install/nav_2d_utils/share/nav_2d_utils/local_setup.bash
[0.411s] -- Up-to-date: /workstation/nav2_ws/install/nav_2d_utils/share/nav_2d_utils/local_setup.sh
[0.411s] -- Up-to-date: /workstation/nav2_ws/install/nav_2d_utils/share/nav_2d_utils/local_setup.zsh
[0.411s] -- Up-to-date: /workstation/nav2_ws/install/nav_2d_utils/share/nav_2d_utils/local_setup.dsv
[0.412s] -- Installing: /workstation/nav2_ws/install/nav_2d_utils/share/nav_2d_utils/package.dsv
[0.412s] -- Up-to-date: /workstation/nav2_ws/install/nav_2d_utils/share/ament_index/resource_index/packages/nav_2d_utils
[0.412s] -- Up-to-date: /workstation/nav2_ws/install/nav_2d_utils/share/nav_2d_utils/cmake/ament_cmake_export_include_directories-extras.cmake
[0.412s] -- Up-to-date: /workstation/nav2_ws/install/nav_2d_utils/share/nav_2d_utils/cmake/ament_cmake_export_libraries-extras.cmake
[0.412s] -- Up-to-date: /workstation/nav2_ws/install/nav_2d_utils/share/nav_2d_utils/cmake/ament_cmake_export_dependencies-extras.cmake
[0.412s] -- Up-to-date: /workstation/nav2_ws/install/nav_2d_utils/share/nav_2d_utils/cmake/nav_2d_utilsConfig.cmake
[0.412s] -- Up-to-date: /workstation/nav2_ws/install/nav_2d_utils/share/nav_2d_utils/cmake/nav_2d_utilsConfig-version.cmake
[0.412s] -- Up-to-date: /workstation/nav2_ws/install/nav_2d_utils/share/nav_2d_utils/package.xml
[0.451s] Invoked command in '/workstation/nav2_ws/build/nav_2d_utils' returned '0': AMENT_PREFIX_PATH=/workstation/nav2_ws/install/nav2_util:/workstation/nav2_ws/install/nav2_msgs:/workstation/nav2_ws/install/nav_2d_msgs:/workstation/nav2_ws/install/nav2_common:${AMENT_PREFIX_PATH} CMAKE_PREFIX_PATH=/workstation/nav2_ws/install/nav2_util:/workstation/nav2_ws/install/nav2_msgs:/workstation/nav2_ws/install/nav_2d_msgs:/workstation/nav2_ws/install/nav2_common:/opt/ros/humble LD_LIBRARY_PATH=/workstation/nav2_ws/install/nav2_util/lib:/workstation/nav2_ws/install/nav2_msgs/lib:/workstation/nav2_ws/install/nav_2d_msgs/lib:${LD_LIBRARY_PATH} PYTHONPATH=/workstation/nav2_ws/install/nav2_msgs/local/lib/python3.10/dist-packages:/workstation/nav2_ws/install/nav_2d_msgs/local/lib/python3.10/dist-packages:/workstation/nav2_ws/install/nav2_common/local/lib/python3.10/dist-packages:${PYTHONPATH} /usr/bin/cmake --install /workstation/nav2_ws/build/nav_2d_utils
