[0.062s] Invoking command in '/workstation/nav2_ws/build/nav2_mppi_controller': AMENT_PREFIX_PATH=/workstation/nav2_ws/install/nav2_core:/workstation/nav2_ws/install/nav2_costmap_2d:/workstation/nav2_ws/install/nav2_map_server:/workstation/nav2_ws/install/nav2_lifecycle_manager:/workstation/nav2_ws/install/nav2_util:/workstation/nav2_ws/install/nav2_voxel_grid:/workstation/nav2_ws/install/nav2_msgs:/workstation/nav2_ws/install/nav2_common:/workstation/nav2_ws/install/custom_msgs:${AMENT_PREFIX_PATH} CMAKE_PREFIX_PATH=/workstation/nav2_ws/install/nav2_core:/workstation/nav2_ws/install/nav2_costmap_2d:/workstation/nav2_ws/install/nav2_map_server:/workstation/nav2_ws/install/nav2_lifecycle_manager:/workstation/nav2_ws/install/nav2_util:/workstation/nav2_ws/install/nav2_voxel_grid:/workstation/nav2_ws/install/nav2_msgs:/workstation/nav2_ws/install/nav2_common:/workstation/nav2_ws/install/custom_msgs:/opt/ros/humble LD_LIBRARY_PATH=/workstation/nav2_ws/install/nav2_costmap_2d/lib:/workstation/nav2_ws/install/nav2_map_server/lib:/workstation/nav2_ws/install/nav2_lifecycle_manager/lib:/workstation/nav2_ws/install/nav2_util/lib:/workstation/nav2_ws/install/nav2_voxel_grid/lib:/workstation/nav2_ws/install/nav2_msgs/lib:/workstation/nav2_ws/install/custom_msgs/lib:${LD_LIBRARY_PATH} PYTHONPATH=/workstation/nav2_ws/install/nav2_msgs/local/lib/python3.10/dist-packages:/workstation/nav2_ws/install/nav2_common/local/lib/python3.10/dist-packages:/workstation/nav2_ws/install/custom_msgs/local/lib/python3.10/dist-packages:${PYTHONPATH} /usr/bin/cmake --build /workstation/nav2_ws/build/nav2_mppi_controller -- -j12 -l12
[0.289s] [  3%] Built target gtest
[0.334s] [  7%] Built target gtest_main
[0.345s] [ 25%] Built target mppi_controller
[0.463s] [ 28%] Built target parameter_handler_test
[0.515s] [ 32%] Built target optimizer_smoke_test
[0.518s] [ 36%] Built target models_test
[0.519s] [ 40%] Built target controller_state_transition_test
[0.519s] [ 44%] Built target noise_generator_test
[0.519s] [ 48%] Built target path_handler_test
[0.519s] [ 51%] Built target critic_manager_test
[0.519s] [ 80%] Built target mppi_critics
[0.520s] [ 84%] Built target trajectory_visualizer_tests
[0.520s] [ 88%] Built target motion_model_tests
[0.530s] [ 92%] Built target utils_test
[0.543s] [ 96%] Built target optimizer_unit_tests
[0.602s] [100%] Built target critics_tests
[0.685s] Invoked command in '/workstation/nav2_ws/build/nav2_mppi_controller' returned '0': AMENT_PREFIX_PATH=/workstation/nav2_ws/install/nav2_core:/workstation/nav2_ws/install/nav2_costmap_2d:/workstation/nav2_ws/install/nav2_map_server:/workstation/nav2_ws/install/nav2_lifecycle_manager:/workstation/nav2_ws/install/nav2_util:/workstation/nav2_ws/install/nav2_voxel_grid:/workstation/nav2_ws/install/nav2_msgs:/workstation/nav2_ws/install/nav2_common:/workstation/nav2_ws/install/custom_msgs:${AMENT_PREFIX_PATH} CMAKE_PREFIX_PATH=/workstation/nav2_ws/install/nav2_core:/workstation/nav2_ws/install/nav2_costmap_2d:/workstation/nav2_ws/install/nav2_map_server:/workstation/nav2_ws/install/nav2_lifecycle_manager:/workstation/nav2_ws/install/nav2_util:/workstation/nav2_ws/install/nav2_voxel_grid:/workstation/nav2_ws/install/nav2_msgs:/workstation/nav2_ws/install/nav2_common:/workstation/nav2_ws/install/custom_msgs:/opt/ros/humble LD_LIBRARY_PATH=/workstation/nav2_ws/install/nav2_costmap_2d/lib:/workstation/nav2_ws/install/nav2_map_server/lib:/workstation/nav2_ws/install/nav2_lifecycle_manager/lib:/workstation/nav2_ws/install/nav2_util/lib:/workstation/nav2_ws/install/nav2_voxel_grid/lib:/workstation/nav2_ws/install/nav2_msgs/lib:/workstation/nav2_ws/install/custom_msgs/lib:${LD_LIBRARY_PATH} PYTHONPATH=/workstation/nav2_ws/install/nav2_msgs/local/lib/python3.10/dist-packages:/workstation/nav2_ws/install/nav2_common/local/lib/python3.10/dist-packages:/workstation/nav2_ws/install/custom_msgs/local/lib/python3.10/dist-packages:${PYTHONPATH} /usr/bin/cmake --build /workstation/nav2_ws/build/nav2_mppi_controller -- -j12 -l12
[0.872s] Invoking command in '/workstation/nav2_ws/build/nav2_mppi_controller': AMENT_PREFIX_PATH=/workstation/nav2_ws/install/nav2_core:/workstation/nav2_ws/install/nav2_costmap_2d:/workstation/nav2_ws/install/nav2_map_server:/workstation/nav2_ws/install/nav2_lifecycle_manager:/workstation/nav2_ws/install/nav2_util:/workstation/nav2_ws/install/nav2_voxel_grid:/workstation/nav2_ws/install/nav2_msgs:/workstation/nav2_ws/install/nav2_common:/workstation/nav2_ws/install/custom_msgs:${AMENT_PREFIX_PATH} CMAKE_PREFIX_PATH=/workstation/nav2_ws/install/nav2_core:/workstation/nav2_ws/install/nav2_costmap_2d:/workstation/nav2_ws/install/nav2_map_server:/workstation/nav2_ws/install/nav2_lifecycle_manager:/workstation/nav2_ws/install/nav2_util:/workstation/nav2_ws/install/nav2_voxel_grid:/workstation/nav2_ws/install/nav2_msgs:/workstation/nav2_ws/install/nav2_common:/workstation/nav2_ws/install/custom_msgs:/opt/ros/humble LD_LIBRARY_PATH=/workstation/nav2_ws/install/nav2_costmap_2d/lib:/workstation/nav2_ws/install/nav2_map_server/lib:/workstation/nav2_ws/install/nav2_lifecycle_manager/lib:/workstation/nav2_ws/install/nav2_util/lib:/workstation/nav2_ws/install/nav2_voxel_grid/lib:/workstation/nav2_ws/install/nav2_msgs/lib:/workstation/nav2_ws/install/custom_msgs/lib:${LD_LIBRARY_PATH} PYTHONPATH=/workstation/nav2_ws/install/nav2_msgs/local/lib/python3.10/dist-packages:/workstation/nav2_ws/install/nav2_common/local/lib/python3.10/dist-packages:/workstation/nav2_ws/install/custom_msgs/local/lib/python3.10/dist-packages:${PYTHONPATH} /usr/bin/cmake --install /workstation/nav2_ws/build/nav2_mppi_controller
[0.903s] -- Install configuration: "Release"
[0.903s] -- Up-to-date: /workstation/nav2_ws/install/nav2_mppi_controller/lib/libmppi_controller.so
[0.903s] -- Up-to-date: /workstation/nav2_ws/install/nav2_mppi_controller/lib/libmppi_critics.so
[0.903s] -- Up-to-date: /workstation/nav2_ws/install/nav2_mppi_controller/include/
[0.903s] -- Up-to-date: /workstation/nav2_ws/install/nav2_mppi_controller/include//nav2_mppi_controller
[0.904s] -- Up-to-date: /workstation/nav2_ws/install/nav2_mppi_controller/include//nav2_mppi_controller/critic_data.hpp
[0.904s] -- Up-to-date: /workstation/nav2_ws/install/nav2_mppi_controller/include//nav2_mppi_controller/motion_models.hpp
[0.904s] -- Up-to-date: /workstation/nav2_ws/install/nav2_mppi_controller/include//nav2_mppi_controller/critics
[0.904s] -- Up-to-date: /workstation/nav2_ws/install/nav2_mppi_controller/include//nav2_mppi_controller/critics/path_follow_critic.hpp
[0.904s] -- Up-to-date: /workstation/nav2_ws/install/nav2_mppi_controller/include//nav2_mppi_controller/critics/cost_critic.hpp
[0.904s] -- Up-to-date: /workstation/nav2_ws/install/nav2_mppi_controller/include//nav2_mppi_controller/critics/avoid_slope_critic.hpp
[0.904s] -- Up-to-date: /workstation/nav2_ws/install/nav2_mppi_controller/include//nav2_mppi_controller/critics/constraint_critic.hpp
[0.904s] -- Up-to-date: /workstation/nav2_ws/install/nav2_mppi_controller/include//nav2_mppi_controller/critics/prefer_forward_critic.hpp
[0.904s] -- Up-to-date: /workstation/nav2_ws/install/nav2_mppi_controller/include//nav2_mppi_controller/critics/obstacles_critic.hpp
[0.905s] -- Up-to-date: /workstation/nav2_ws/install/nav2_mppi_controller/include//nav2_mppi_controller/critics/path_angle_critic.hpp
[0.905s] -- Up-to-date: /workstation/nav2_ws/install/nav2_mppi_controller/include//nav2_mppi_controller/critics/velocity_deadband_critic.hpp
[0.905s] -- Up-to-date: /workstation/nav2_ws/install/nav2_mppi_controller/include//nav2_mppi_controller/critics/path_align_legacy_critic.hpp
[0.905s] -- Up-to-date: /workstation/nav2_ws/install/nav2_mppi_controller/include//nav2_mppi_controller/critics/path_align_critic.hpp
[0.905s] -- Up-to-date: /workstation/nav2_ws/install/nav2_mppi_controller/include//nav2_mppi_controller/critics/twirling_critic.hpp
[0.905s] -- Up-to-date: /workstation/nav2_ws/install/nav2_mppi_controller/include//nav2_mppi_controller/critics/goal_angle_critic.hpp
[0.905s] -- Up-to-date: /workstation/nav2_ws/install/nav2_mppi_controller/include//nav2_mppi_controller/critics/goal_critic.hpp
[0.905s] -- Up-to-date: /workstation/nav2_ws/install/nav2_mppi_controller/include//nav2_mppi_controller/critics/avoid_rocks_critic.hpp
[0.906s] -- Up-to-date: /workstation/nav2_ws/install/nav2_mppi_controller/include//nav2_mppi_controller/optimizer.hpp
[0.906s] -- Up-to-date: /workstation/nav2_ws/install/nav2_mppi_controller/include//nav2_mppi_controller/controller.hpp
[0.906s] -- Up-to-date: /workstation/nav2_ws/install/nav2_mppi_controller/include//nav2_mppi_controller/critic_function.hpp
[0.906s] -- Up-to-date: /workstation/nav2_ws/install/nav2_mppi_controller/include//nav2_mppi_controller/test_controller.hpp
[0.906s] -- Up-to-date: /workstation/nav2_ws/install/nav2_mppi_controller/include//nav2_mppi_controller/tools
[0.906s] -- Up-to-date: /workstation/nav2_ws/install/nav2_mppi_controller/include//nav2_mppi_controller/tools/parameters_handler.hpp
[0.906s] -- Up-to-date: /workstation/nav2_ws/install/nav2_mppi_controller/include//nav2_mppi_controller/tools/noise_generator.hpp
[0.906s] -- Up-to-date: /workstation/nav2_ws/install/nav2_mppi_controller/include//nav2_mppi_controller/tools/utils.hpp
[0.906s] -- Up-to-date: /workstation/nav2_ws/install/nav2_mppi_controller/include//nav2_mppi_controller/tools/trajectory_visualizer.hpp
[0.906s] -- Up-to-date: /workstation/nav2_ws/install/nav2_mppi_controller/include//nav2_mppi_controller/tools/path_handler.hpp
[0.907s] -- Up-to-date: /workstation/nav2_ws/install/nav2_mppi_controller/include//nav2_mppi_controller/models
[0.907s] -- Up-to-date: /workstation/nav2_ws/install/nav2_mppi_controller/include//nav2_mppi_controller/models/trajectories.hpp
[0.907s] -- Up-to-date: /workstation/nav2_ws/install/nav2_mppi_controller/include//nav2_mppi_controller/models/constraints.hpp
[0.907s] -- Up-to-date: /workstation/nav2_ws/install/nav2_mppi_controller/include//nav2_mppi_controller/models/control_sequence.hpp
[0.907s] -- Up-to-date: /workstation/nav2_ws/install/nav2_mppi_controller/include//nav2_mppi_controller/models/optimizer_settings.hpp
[0.907s] -- Up-to-date: /workstation/nav2_ws/install/nav2_mppi_controller/include//nav2_mppi_controller/models/state.hpp
[0.907s] -- Up-to-date: /workstation/nav2_ws/install/nav2_mppi_controller/include//nav2_mppi_controller/models/path.hpp
[0.908s] -- Up-to-date: /workstation/nav2_ws/install/nav2_mppi_controller/include//nav2_mppi_controller/critic_manager.hpp
[0.908s] -- Up-to-date: /workstation/nav2_ws/install/nav2_mppi_controller/share/nav2_mppi_controller/environment/library_path.sh
[0.908s] -- Up-to-date: /workstation/nav2_ws/install/nav2_mppi_controller/share/nav2_mppi_controller/environment/library_path.dsv
[0.908s] -- Up-to-date: /workstation/nav2_ws/install/nav2_mppi_controller/share/nav2_mppi_controller/mppic.xml
[0.908s] -- Up-to-date: /workstation/nav2_ws/install/nav2_mppi_controller/share/nav2_mppi_controller/test_mppic.xml
[0.908s] -- Up-to-date: /workstation/nav2_ws/install/nav2_mppi_controller/share/nav2_mppi_controller/critics.xml
[0.908s] -- Up-to-date: /workstation/nav2_ws/install/nav2_mppi_controller/share/ament_index/resource_index/package_run_dependencies/nav2_mppi_controller
[0.908s] -- Up-to-date: /workstation/nav2_ws/install/nav2_mppi_controller/share/ament_index/resource_index/parent_prefix_path/nav2_mppi_controller
[0.908s] -- Up-to-date: /workstation/nav2_ws/install/nav2_mppi_controller/share/nav2_mppi_controller/environment/ament_prefix_path.sh
[0.909s] -- Up-to-date: /workstation/nav2_ws/install/nav2_mppi_controller/share/nav2_mppi_controller/environment/ament_prefix_path.dsv
[0.909s] -- Up-to-date: /workstation/nav2_ws/install/nav2_mppi_controller/share/nav2_mppi_controller/environment/path.sh
[0.909s] -- Up-to-date: /workstation/nav2_ws/install/nav2_mppi_controller/share/nav2_mppi_controller/environment/path.dsv
[0.909s] -- Up-to-date: /workstation/nav2_ws/install/nav2_mppi_controller/share/nav2_mppi_controller/local_setup.bash
[0.909s] -- Up-to-date: /workstation/nav2_ws/install/nav2_mppi_controller/share/nav2_mppi_controller/local_setup.sh
[0.909s] -- Up-to-date: /workstation/nav2_ws/install/nav2_mppi_controller/share/nav2_mppi_controller/local_setup.zsh
[0.909s] -- Up-to-date: /workstation/nav2_ws/install/nav2_mppi_controller/share/nav2_mppi_controller/local_setup.dsv
[0.909s] -- Installing: /workstation/nav2_ws/install/nav2_mppi_controller/share/nav2_mppi_controller/package.dsv
[0.909s] -- Up-to-date: /workstation/nav2_ws/install/nav2_mppi_controller/share/ament_index/resource_index/packages/nav2_mppi_controller
[0.910s] -- Up-to-date: /workstation/nav2_ws/install/nav2_mppi_controller/share/ament_index/resource_index/nav2_core__pluginlib__plugin/nav2_mppi_controller
[0.910s] -- Up-to-date: /workstation/nav2_ws/install/nav2_mppi_controller/share/ament_index/resource_index/nav2_mppi_controller__pluginlib__plugin/nav2_mppi_controller
[0.910s] -- Up-to-date: /workstation/nav2_ws/install/nav2_mppi_controller/share/nav2_mppi_controller/cmake/ament_cmake_export_libraries-extras.cmake
[0.910s] -- Up-to-date: /workstation/nav2_ws/install/nav2_mppi_controller/share/nav2_mppi_controller/cmake/ament_cmake_export_dependencies-extras.cmake
[0.910s] -- Up-to-date: /workstation/nav2_ws/install/nav2_mppi_controller/share/nav2_mppi_controller/cmake/ament_cmake_export_include_directories-extras.cmake
[0.910s] -- Up-to-date: /workstation/nav2_ws/install/nav2_mppi_controller/share/nav2_mppi_controller/cmake/nav2_mppi_controllerConfig.cmake
[0.910s] -- Up-to-date: /workstation/nav2_ws/install/nav2_mppi_controller/share/nav2_mppi_controller/cmake/nav2_mppi_controllerConfig-version.cmake
[0.911s] -- Up-to-date: /workstation/nav2_ws/install/nav2_mppi_controller/share/nav2_mppi_controller/package.xml
[0.974s] Invoked command in '/workstation/nav2_ws/build/nav2_mppi_controller' returned '0': AMENT_PREFIX_PATH=/workstation/nav2_ws/install/nav2_core:/workstation/nav2_ws/install/nav2_costmap_2d:/workstation/nav2_ws/install/nav2_map_server:/workstation/nav2_ws/install/nav2_lifecycle_manager:/workstation/nav2_ws/install/nav2_util:/workstation/nav2_ws/install/nav2_voxel_grid:/workstation/nav2_ws/install/nav2_msgs:/workstation/nav2_ws/install/nav2_common:/workstation/nav2_ws/install/custom_msgs:${AMENT_PREFIX_PATH} CMAKE_PREFIX_PATH=/workstation/nav2_ws/install/nav2_core:/workstation/nav2_ws/install/nav2_costmap_2d:/workstation/nav2_ws/install/nav2_map_server:/workstation/nav2_ws/install/nav2_lifecycle_manager:/workstation/nav2_ws/install/nav2_util:/workstation/nav2_ws/install/nav2_voxel_grid:/workstation/nav2_ws/install/nav2_msgs:/workstation/nav2_ws/install/nav2_common:/workstation/nav2_ws/install/custom_msgs:/opt/ros/humble LD_LIBRARY_PATH=/workstation/nav2_ws/install/nav2_costmap_2d/lib:/workstation/nav2_ws/install/nav2_map_server/lib:/workstation/nav2_ws/install/nav2_lifecycle_manager/lib:/workstation/nav2_ws/install/nav2_util/lib:/workstation/nav2_ws/install/nav2_voxel_grid/lib:/workstation/nav2_ws/install/nav2_msgs/lib:/workstation/nav2_ws/install/custom_msgs/lib:${LD_LIBRARY_PATH} PYTHONPATH=/workstation/nav2_ws/install/nav2_msgs/local/lib/python3.10/dist-packages:/workstation/nav2_ws/install/nav2_common/local/lib/python3.10/dist-packages:/workstation/nav2_ws/install/custom_msgs/local/lib/python3.10/dist-packages:${PYTHONPATH} /usr/bin/cmake --install /workstation/nav2_ws/build/nav2_mppi_controller
