[0.006s] Invoking command in '/workstation/nav2_ws/build/dwb_msgs': AMENT_PREFIX_PATH=/workstation/nav2_ws/install/nav_2d_msgs:${AMENT_PREFIX_PATH} CMAKE_PREFIX_PATH=/workstation/nav2_ws/install/nav_2d_msgs:/opt/ros/humble LD_LIBRARY_PATH=/workstation/nav2_ws/install/nav_2d_msgs/lib:${LD_LIBRARY_PATH} PYTHONPATH=/workstation/nav2_ws/install/nav_2d_msgs/local/lib/python3.10/dist-packages:${PYTHONPATH} /usr/bin/cmake /workstation/nav2_ws/src/navigation2/nav2_dwb_controller/dwb_msgs -DCMAKE_INSTALL_PREFIX=/workstation/nav2_ws/install/dwb_msgs
[0.054s] -- The C compiler identification is GNU 11.4.0
[0.104s] -- The CXX compiler identification is GNU 11.4.0
[0.111s] -- Detecting C compiler ABI info
[0.167s] -- Detecting C compiler ABI info - done
[0.174s] -- Check for working C compiler: /usr/bin/cc - skipped
[0.175s] -- Detecting C compile features
[0.175s] -- Detecting C compile features - done
[0.178s] -- Detecting CXX compiler ABI info
[0.246s] -- Detecting CXX compiler ABI info - done
[0.254s] -- Check for working CXX compiler: /usr/bin/c++ - skipped
[0.254s] -- Detecting CXX compile features
[0.255s] -- Detecting CXX compile features - done
[0.257s] -- Found builtin_interfaces: 1.2.1 (/opt/ros/humble/share/builtin_interfaces/cmake)
[0.389s] -- Found Python3: /usr/bin/python3 (found version "3.10.12") found components: Interpreter 
[0.505s] -- Found rosidl_generator_c: 3.1.5 (/opt/ros/humble/share/rosidl_generator_c/cmake)
[0.510s] -- Found rosidl_adapter: 3.1.5 (/opt/ros/humble/share/rosidl_adapter/cmake)
[0.518s] -- Found rosidl_generator_cpp: 3.1.5 (/opt/ros/humble/share/rosidl_generator_cpp/cmake)
[0.530s] -- Using all available rosidl_typesupport_c: rosidl_typesupport_fastrtps_c;rosidl_typesupport_introspection_c
[0.546s] -- Using all available rosidl_typesupport_cpp: rosidl_typesupport_fastrtps_cpp;rosidl_typesupport_introspection_cpp
[0.562s] -- Found geometry_msgs: 4.2.4 (/opt/ros/humble/share/geometry_msgs/cmake)
[0.589s] -- Found nav_2d_msgs: 1.1.16 (/workstation/nav2_ws/install/nav_2d_msgs/share/nav_2d_msgs/cmake)
[0.605s] -- Found nav_msgs: 4.2.4 (/opt/ros/humble/share/nav_msgs/cmake)
[0.623s] -- Found rosidl_default_generators: 1.2.0 (/opt/ros/humble/share/rosidl_default_generators/cmake)
[0.960s] -- Found ament_cmake_ros: 0.10.0 (/opt/ros/humble/share/ament_cmake_ros/cmake)
[1.373s] -- Using all available rosidl_typesupport_c: rosidl_typesupport_fastrtps_c;rosidl_typesupport_introspection_c
[1.536s] -- Using all available rosidl_typesupport_cpp: rosidl_typesupport_fastrtps_cpp;rosidl_typesupport_introspection_cpp
[1.557s] -- Found PythonInterp: /usr/bin/python3 (found suitable version "3.10.12", minimum required is "3.6") 
[1.558s] -- Found python_cmake_module: 0.10.0 (/opt/ros/humble/share/python_cmake_module/cmake)
[1.582s] -- Found PythonLibs: /usr/lib/x86_64-linux-gnu/libpython3.10.so (found suitable version "3.10.12", minimum required is "3.5") 
[1.582s] -- Using PYTHON_EXECUTABLE: /usr/bin/python3
[1.582s] -- Using PYTHON_INCLUDE_DIRS: /usr/include/python3.10
[1.582s] -- Using PYTHON_LIBRARIES: /usr/lib/x86_64-linux-gnu/libpython3.10.so
[1.601s] -- Found PythonExtra: .so  
[1.673s] -- Configuring done
[1.720s] -- Generating done
[1.723s] -- Build files have been written to: /workstation/nav2_ws/build/dwb_msgs
[1.731s] Invoked command in '/workstation/nav2_ws/build/dwb_msgs' returned '0': AMENT_PREFIX_PATH=/workstation/nav2_ws/install/nav_2d_msgs:${AMENT_PREFIX_PATH} CMAKE_PREFIX_PATH=/workstation/nav2_ws/install/nav_2d_msgs:/opt/ros/humble LD_LIBRARY_PATH=/workstation/nav2_ws/install/nav_2d_msgs/lib:${LD_LIBRARY_PATH} PYTHONPATH=/workstation/nav2_ws/install/nav_2d_msgs/local/lib/python3.10/dist-packages:${PYTHONPATH} /usr/bin/cmake /workstation/nav2_ws/src/navigation2/nav2_dwb_controller/dwb_msgs -DCMAKE_INSTALL_PREFIX=/workstation/nav2_ws/install/dwb_msgs
[1.732s] Invoking command in '/workstation/nav2_ws/build/dwb_msgs': AMENT_PREFIX_PATH=/workstation/nav2_ws/install/nav_2d_msgs:${AMENT_PREFIX_PATH} CMAKE_PREFIX_PATH=/workstation/nav2_ws/install/nav_2d_msgs:/opt/ros/humble LD_LIBRARY_PATH=/workstation/nav2_ws/install/nav_2d_msgs/lib:${LD_LIBRARY_PATH} PYTHONPATH=/workstation/nav2_ws/install/nav_2d_msgs/local/lib/python3.10/dist-packages:${PYTHONPATH} /usr/bin/cmake --build /workstation/nav2_ws/build/dwb_msgs -- -j12 -l12
[1.768s] [  1%] [34m[1mGenerating C code for ROS interfaces[0m
[1.778s] [  2%] [34m[1mGenerating C++ code for ROS interfaces[0m
[1.784s] [  2%] Built target ament_cmake_python_copy_dwb_msgs
[2.000s] running egg_info
[2.000s] creating dwb_msgs.egg-info
[2.001s] writing dwb_msgs.egg-info/PKG-INFO
[2.001s] writing dependency_links to dwb_msgs.egg-info/dependency_links.txt
[2.001s] writing top-level names to dwb_msgs.egg-info/top_level.txt
[2.001s] writing manifest file 'dwb_msgs.egg-info/SOURCES.txt'
[2.003s] reading manifest file 'dwb_msgs.egg-info/SOURCES.txt'
[2.003s] writing manifest file 'dwb_msgs.egg-info/SOURCES.txt'
[2.025s] [  2%] Built target ament_cmake_python_build_dwb_msgs_egg
[2.682s] [  2%] Built target dwb_msgs__cpp
[2.692s] [  3%] [34m[1mGenerating C++ type support for eProsima Fast-RTPS[0m
[2.692s] [  4%] [34m[1mGenerating C++ introspection for ROS interfaces[0m
[2.695s] [  5%] [34m[1mGenerating C++ type support dispatch for ROS interfaces[0m
[2.811s] [  6%] [32mBuilding C object CMakeFiles/dwb_msgs__rosidl_generator_c.dir/rosidl_generator_c/dwb_msgs/msg/detail/critic_score__functions.c.o[0m
[2.811s] [  7%] [32mBuilding C object CMakeFiles/dwb_msgs__rosidl_generator_c.dir/rosidl_generator_c/dwb_msgs/srv/detail/debug_local_plan__functions.c.o[0m
[2.811s] [  8%] [32mBuilding C object CMakeFiles/dwb_msgs__rosidl_generator_c.dir/rosidl_generator_c/dwb_msgs/srv/detail/generate_trajectory__functions.c.o[0m
[2.812s] [  9%] [32mBuilding C object CMakeFiles/dwb_msgs__rosidl_generator_c.dir/rosidl_generator_c/dwb_msgs/msg/detail/trajectory2_d__functions.c.o[0m
[2.813s] [ 10%] [32mBuilding C object CMakeFiles/dwb_msgs__rosidl_generator_c.dir/rosidl_generator_c/dwb_msgs/msg/detail/trajectory_score__functions.c.o[0m
[2.814s] [ 11%] [32mBuilding C object CMakeFiles/dwb_msgs__rosidl_generator_c.dir/rosidl_generator_c/dwb_msgs/msg/detail/local_plan_evaluation__functions.c.o[0m
[2.824s] [ 12%] [32mBuilding C object CMakeFiles/dwb_msgs__rosidl_generator_c.dir/rosidl_generator_c/dwb_msgs/srv/detail/get_critic_score__functions.c.o[0m
[2.829s] [ 13%] [32mBuilding C object CMakeFiles/dwb_msgs__rosidl_generator_c.dir/rosidl_generator_c/dwb_msgs/srv/detail/generate_twists__functions.c.o[0m
[2.829s] [ 14%] [32mBuilding C object CMakeFiles/dwb_msgs__rosidl_generator_c.dir/rosidl_generator_c/dwb_msgs/srv/detail/score_trajectory__functions.c.o[0m
[2.932s] [ 15%] [32m[1mLinking C shared library libdwb_msgs__rosidl_generator_c.so[0m
[2.968s] [ 15%] Built target dwb_msgs__rosidl_generator_c
[2.979s] [ 16%] [34m[1mGenerating C type support dispatch for ROS interfaces[0m
[2.981s] [ 18%] [34m[1mGenerating C introspection for ROS interfaces[0m
[2.982s] [ 18%] [34m[1mGenerating C type support for eProsima Fast-RTPS[0m
[3.609s] [ 20%] [32mBuilding CXX object CMakeFiles/dwb_msgs__rosidl_typesupport_introspection_cpp.dir/rosidl_typesupport_introspection_cpp/dwb_msgs/msg/detail/critic_score__type_support.cpp.o[0m
[3.623s] [ 21%] [32mBuilding CXX object CMakeFiles/dwb_msgs__rosidl_typesupport_introspection_cpp.dir/rosidl_typesupport_introspection_cpp/dwb_msgs/msg/detail/trajectory_score__type_support.cpp.o[0m
[3.628s] [ 22%] [32mBuilding CXX object CMakeFiles/dwb_msgs__rosidl_typesupport_introspection_cpp.dir/rosidl_typesupport_introspection_cpp/dwb_msgs/srv/detail/debug_local_plan__type_support.cpp.o[0m
[3.629s] [ 23%] [32mBuilding CXX object CMakeFiles/dwb_msgs__rosidl_typesupport_introspection_cpp.dir/rosidl_typesupport_introspection_cpp/dwb_msgs/msg/detail/trajectory2_d__type_support.cpp.o[0m
[3.632s] [ 24%] [32mBuilding CXX object CMakeFiles/dwb_msgs__rosidl_typesupport_introspection_cpp.dir/rosidl_typesupport_introspection_cpp/dwb_msgs/msg/detail/local_plan_evaluation__type_support.cpp.o[0m
[3.646s] [ 25%] [32mBuilding CXX object CMakeFiles/dwb_msgs__rosidl_typesupport_introspection_cpp.dir/rosidl_typesupport_introspection_cpp/dwb_msgs/srv/detail/generate_trajectory__type_support.cpp.o[0m
[3.663s] [ 26%] [32mBuilding CXX object CMakeFiles/dwb_msgs__rosidl_typesupport_introspection_cpp.dir/rosidl_typesupport_introspection_cpp/dwb_msgs/srv/detail/generate_twists__type_support.cpp.o[0m
[3.892s] [ 27%] [32mBuilding CXX object CMakeFiles/dwb_msgs__rosidl_typesupport_c.dir/rosidl_typesupport_c/dwb_msgs/msg/critic_score__type_support.cpp.o[0m
[3.947s] [ 28%] [32mBuilding CXX object CMakeFiles/dwb_msgs__rosidl_typesupport_c.dir/rosidl_typesupport_c/dwb_msgs/msg/local_plan_evaluation__type_support.cpp.o[0m
[4.028s] [ 29%] [32mBuilding CXX object CMakeFiles/dwb_msgs__rosidl_typesupport_c.dir/rosidl_typesupport_c/dwb_msgs/msg/trajectory2_d__type_support.cpp.o[0m
[4.053s] [ 30%] [32mBuilding CXX object CMakeFiles/dwb_msgs__rosidl_typesupport_cpp.dir/rosidl_typesupport_cpp/dwb_msgs/msg/critic_score__type_support.cpp.o[0m
[4.086s] [ 31%] [32mBuilding CXX object CMakeFiles/dwb_msgs__rosidl_typesupport_c.dir/rosidl_typesupport_c/dwb_msgs/msg/trajectory_score__type_support.cpp.o[0m
[4.147s] [ 32%] [32mBuilding CXX object CMakeFiles/dwb_msgs__rosidl_typesupport_c.dir/rosidl_typesupport_c/dwb_msgs/srv/debug_local_plan__type_support.cpp.o[0m
[4.245s] [ 33%] [32mBuilding CXX object CMakeFiles/dwb_msgs__rosidl_typesupport_c.dir/rosidl_typesupport_c/dwb_msgs/srv/generate_trajectory__type_support.cpp.o[0m
[4.349s] [ 34%] [32mBuilding CXX object CMakeFiles/dwb_msgs__rosidl_typesupport_c.dir/rosidl_typesupport_c/dwb_msgs/srv/generate_twists__type_support.cpp.o[0m
[4.443s] [ 35%] [32mBuilding CXX object CMakeFiles/dwb_msgs__rosidl_typesupport_c.dir/rosidl_typesupport_c/dwb_msgs/srv/get_critic_score__type_support.cpp.o[0m
[4.530s] [ 36%] [32mBuilding CXX object CMakeFiles/dwb_msgs__rosidl_typesupport_c.dir/rosidl_typesupport_c/dwb_msgs/srv/score_trajectory__type_support.cpp.o[0m
[4.585s] [ 37%] [32mBuilding CXX object CMakeFiles/dwb_msgs__rosidl_typesupport_cpp.dir/rosidl_typesupport_cpp/dwb_msgs/msg/local_plan_evaluation__type_support.cpp.o[0m
[4.628s] [ 38%] [32mBuilding CXX object CMakeFiles/dwb_msgs__rosidl_typesupport_cpp.dir/rosidl_typesupport_cpp/dwb_msgs/msg/trajectory2_d__type_support.cpp.o[0m
[4.633s] [ 40%] [32m[1mLinking CXX shared library libdwb_msgs__rosidl_typesupport_c.so[0m
[4.663s] [ 41%] [32mBuilding CXX object CMakeFiles/dwb_msgs__rosidl_typesupport_introspection_cpp.dir/rosidl_typesupport_introspection_cpp/dwb_msgs/srv/detail/get_critic_score__type_support.cpp.o[0m
[4.716s] [ 42%] [32mBuilding CXX object CMakeFiles/dwb_msgs__rosidl_typesupport_cpp.dir/rosidl_typesupport_cpp/dwb_msgs/msg/trajectory_score__type_support.cpp.o[0m
[4.783s] [ 42%] Built target dwb_msgs__rosidl_typesupport_c
[4.811s] [ 43%] [32mBuilding CXX object CMakeFiles/dwb_msgs__rosidl_typesupport_introspection_cpp.dir/rosidl_typesupport_introspection_cpp/dwb_msgs/srv/detail/score_trajectory__type_support.cpp.o[0m
[4.841s] [ 44%] [32mBuilding CXX object CMakeFiles/dwb_msgs__rosidl_typesupport_fastrtps_cpp.dir/rosidl_typesupport_fastrtps_cpp/dwb_msgs/msg/detail/dds_fastrtps/critic_score__type_support.cpp.o[0m
[4.845s] [ 45%] [32mBuilding CXX object CMakeFiles/dwb_msgs__rosidl_typesupport_fastrtps_cpp.dir/rosidl_typesupport_fastrtps_cpp/dwb_msgs/msg/detail/dds_fastrtps/local_plan_evaluation__type_support.cpp.o[0m
[4.848s] [ 46%] [32mBuilding CXX object CMakeFiles/dwb_msgs__rosidl_typesupport_cpp.dir/rosidl_typesupport_cpp/dwb_msgs/srv/debug_local_plan__type_support.cpp.o[0m
[4.854s] [ 47%] [32mBuilding CXX object CMakeFiles/dwb_msgs__rosidl_typesupport_fastrtps_cpp.dir/rosidl_typesupport_fastrtps_cpp/dwb_msgs/msg/detail/dds_fastrtps/trajectory2_d__type_support.cpp.o[0m
[4.913s] [ 48%] [32mBuilding CXX object CMakeFiles/dwb_msgs__rosidl_typesupport_fastrtps_c.dir/rosidl_typesupport_fastrtps_c/dwb_msgs/msg/detail/critic_score__type_support_c.cpp.o[0m
[4.960s] [ 49%] [32mBuilding CXX object CMakeFiles/dwb_msgs__rosidl_typesupport_fastrtps_cpp.dir/rosidl_typesupport_fastrtps_cpp/dwb_msgs/msg/detail/dds_fastrtps/trajectory_score__type_support.cpp.o[0m
[5.226s] [ 50%] [32mBuilding CXX object CMakeFiles/dwb_msgs__rosidl_typesupport_cpp.dir/rosidl_typesupport_cpp/dwb_msgs/srv/generate_trajectory__type_support.cpp.o[0m
[5.349s] [ 51%] [32mBuilding CXX object CMakeFiles/dwb_msgs__rosidl_typesupport_cpp.dir/rosidl_typesupport_cpp/dwb_msgs/srv/generate_twists__type_support.cpp.o[0m
[5.375s] [ 52%] [32mBuilding C object CMakeFiles/dwb_msgs__rosidl_typesupport_introspection_c.dir/rosidl_typesupport_introspection_c/dwb_msgs/msg/detail/critic_score__type_support.c.o[0m
[5.520s] [ 53%] [32mBuilding C object CMakeFiles/dwb_msgs__rosidl_typesupport_introspection_c.dir/rosidl_typesupport_introspection_c/dwb_msgs/msg/detail/local_plan_evaluation__type_support.c.o[0m
[5.564s] [ 54%] [32mBuilding CXX object CMakeFiles/dwb_msgs__rosidl_typesupport_fastrtps_c.dir/rosidl_typesupport_fastrtps_c/dwb_msgs/msg/detail/local_plan_evaluation__type_support_c.cpp.o[0m
[5.661s] [ 55%] [32mBuilding C object CMakeFiles/dwb_msgs__rosidl_typesupport_introspection_c.dir/rosidl_typesupport_introspection_c/dwb_msgs/msg/detail/trajectory2_d__type_support.c.o[0m
[5.759s] [ 56%] [32mBuilding C object CMakeFiles/dwb_msgs__rosidl_typesupport_introspection_c.dir/rosidl_typesupport_introspection_c/dwb_msgs/msg/detail/trajectory_score__type_support.c.o[0m
[5.789s] [ 57%] [32mBuilding CXX object CMakeFiles/dwb_msgs__rosidl_typesupport_fastrtps_cpp.dir/rosidl_typesupport_fastrtps_cpp/dwb_msgs/srv/detail/dds_fastrtps/debug_local_plan__type_support.cpp.o[0m
[5.894s] [ 58%] [32mBuilding C object CMakeFiles/dwb_msgs__rosidl_typesupport_introspection_c.dir/rosidl_typesupport_introspection_c/dwb_msgs/srv/detail/debug_local_plan__type_support.c.o[0m
[6.011s] [ 60%] [32mBuilding C object CMakeFiles/dwb_msgs__rosidl_typesupport_introspection_c.dir/rosidl_typesupport_introspection_c/dwb_msgs/srv/detail/generate_trajectory__type_support.c.o[0m
[6.078s] [ 61%] [32mBuilding C object CMakeFiles/dwb_msgs__rosidl_typesupport_introspection_c.dir/rosidl_typesupport_introspection_c/dwb_msgs/srv/detail/generate_twists__type_support.c.o[0m
[6.137s] [ 62%] [32mBuilding CXX object CMakeFiles/dwb_msgs__rosidl_typesupport_fastrtps_c.dir/rosidl_typesupport_fastrtps_c/dwb_msgs/msg/detail/trajectory2_d__type_support_c.cpp.o[0m
[6.155s] [ 63%] [32mBuilding CXX object CMakeFiles/dwb_msgs__rosidl_typesupport_fastrtps_c.dir/rosidl_typesupport_fastrtps_c/dwb_msgs/msg/detail/trajectory_score__type_support_c.cpp.o[0m
[6.195s] [ 64%] [32mBuilding C object CMakeFiles/dwb_msgs__rosidl_typesupport_introspection_c.dir/rosidl_typesupport_introspection_c/dwb_msgs/srv/detail/get_critic_score__type_support.c.o[0m
[6.199s] [ 65%] [32mBuilding CXX object CMakeFiles/dwb_msgs__rosidl_typesupport_fastrtps_cpp.dir/rosidl_typesupport_fastrtps_cpp/dwb_msgs/srv/detail/dds_fastrtps/generate_trajectory__type_support.cpp.o[0m
[6.322s] [ 66%] [32mBuilding C object CMakeFiles/dwb_msgs__rosidl_typesupport_introspection_c.dir/rosidl_typesupport_introspection_c/dwb_msgs/srv/detail/score_trajectory__type_support.c.o[0m
[6.439s] [ 67%] [32m[1mLinking C shared library libdwb_msgs__rosidl_typesupport_introspection_c.so[0m
[6.471s] [ 68%] [32mBuilding CXX object CMakeFiles/dwb_msgs__rosidl_typesupport_cpp.dir/rosidl_typesupport_cpp/dwb_msgs/srv/get_critic_score__type_support.cpp.o[0m
[6.495s] [ 69%] [32mBuilding CXX object CMakeFiles/dwb_msgs__rosidl_typesupport_fastrtps_cpp.dir/rosidl_typesupport_fastrtps_cpp/dwb_msgs/srv/detail/dds_fastrtps/generate_twists__type_support.cpp.o[0m
[6.543s] [ 70%] [32mBuilding CXX object CMakeFiles/dwb_msgs__rosidl_typesupport_fastrtps_cpp.dir/rosidl_typesupport_fastrtps_cpp/dwb_msgs/srv/detail/dds_fastrtps/get_critic_score__type_support.cpp.o[0m
[6.572s] [ 70%] Built target dwb_msgs__rosidl_typesupport_introspection_c
[6.573s] [ 71%] [32mBuilding CXX object CMakeFiles/dwb_msgs__rosidl_typesupport_fastrtps_cpp.dir/rosidl_typesupport_fastrtps_cpp/dwb_msgs/srv/detail/dds_fastrtps/score_trajectory__type_support.cpp.o[0m
[6.599s] [ 72%] [32mBuilding CXX object CMakeFiles/dwb_msgs__rosidl_typesupport_cpp.dir/rosidl_typesupport_cpp/dwb_msgs/srv/score_trajectory__type_support.cpp.o[0m
[6.657s] [ 73%] [32m[1mLinking CXX shared library libdwb_msgs__rosidl_typesupport_introspection_cpp.so[0m
[6.771s] [ 74%] [32mBuilding CXX object CMakeFiles/dwb_msgs__rosidl_typesupport_fastrtps_c.dir/rosidl_typesupport_fastrtps_c/dwb_msgs/srv/detail/debug_local_plan__type_support_c.cpp.o[0m
[6.880s] [ 75%] [32mBuilding CXX object CMakeFiles/dwb_msgs__rosidl_typesupport_fastrtps_c.dir/rosidl_typesupport_fastrtps_c/dwb_msgs/srv/detail/generate_trajectory__type_support_c.cpp.o[0m
[7.111s] [ 75%] Built target dwb_msgs__rosidl_typesupport_introspection_cpp
[7.136s] [ 76%] [32mBuilding CXX object CMakeFiles/dwb_msgs__rosidl_typesupport_fastrtps_c.dir/rosidl_typesupport_fastrtps_c/dwb_msgs/srv/detail/generate_twists__type_support_c.cpp.o[0m
[7.142s] [ 77%] [32mBuilding CXX object CMakeFiles/dwb_msgs__rosidl_typesupport_fastrtps_c.dir/rosidl_typesupport_fastrtps_c/dwb_msgs/srv/detail/get_critic_score__type_support_c.cpp.o[0m
[7.173s] [ 78%] [32m[1mLinking CXX shared library libdwb_msgs__rosidl_typesupport_cpp.so[0m
[7.257s] [ 78%] Built target dwb_msgs__rosidl_typesupport_cpp
[7.270s] [ 80%] [32mBuilding CXX object CMakeFiles/dwb_msgs__rosidl_typesupport_fastrtps_c.dir/rosidl_typesupport_fastrtps_c/dwb_msgs/srv/detail/score_trajectory__type_support_c.cpp.o[0m
[7.643s] [ 81%] [32m[1mLinking CXX shared library libdwb_msgs__rosidl_typesupport_fastrtps_cpp.so[0m
[7.775s] [ 81%] Built target dwb_msgs__rosidl_typesupport_fastrtps_cpp
[7.962s] [ 82%] [32m[1mLinking CXX shared library libdwb_msgs__rosidl_typesupport_fastrtps_c.so[0m
[8.037s] [ 82%] Built target dwb_msgs__rosidl_typesupport_fastrtps_c
[8.055s] [ 82%] Built target dwb_msgs
[8.074s] [ 83%] [34m[1mGenerating Python code for ROS interfaces[0m
[10.576s] [ 83%] Built target dwb_msgs__py
[10.626s] [ 84%] [32mBuilding C object CMakeFiles/dwb_msgs__rosidl_generator_py.dir/rosidl_generator_py/dwb_msgs/msg/_critic_score_s.c.o[0m
[10.636s] [ 85%] [32mBuilding C object CMakeFiles/dwb_msgs__rosidl_generator_py.dir/rosidl_generator_py/dwb_msgs/msg/_local_plan_evaluation_s.c.o[0m
[10.651s] [ 86%] [32mBuilding C object CMakeFiles/dwb_msgs__rosidl_generator_py.dir/rosidl_generator_py/dwb_msgs/msg/_trajectory_score_s.c.o[0m
[10.651s] [ 87%] [32mBuilding C object CMakeFiles/dwb_msgs__rosidl_generator_py.dir/rosidl_generator_py/dwb_msgs/msg/_trajectory2_d_s.c.o[0m
[10.651s] [ 89%] [32mBuilding C object CMakeFiles/dwb_msgs__rosidl_generator_py.dir/rosidl_generator_py/dwb_msgs/srv/_generate_twists_s.c.o[0m
[10.652s] [ 88%] [32mBuilding C object CMakeFiles/dwb_msgs__rosidl_generator_py.dir/rosidl_generator_py/dwb_msgs/srv/_debug_local_plan_s.c.o[0m
[10.652s] [ 90%] [32mBuilding C object CMakeFiles/dwb_msgs__rosidl_generator_py.dir/rosidl_generator_py/dwb_msgs/srv/_generate_trajectory_s.c.o[0m
[10.654s] [ 91%] [32mBuilding C object CMakeFiles/dwb_msgs__rosidl_generator_py.dir/rosidl_generator_py/dwb_msgs/srv/_score_trajectory_s.c.o[0m
[10.654s] [ 92%] [32mBuilding C object CMakeFiles/dwb_msgs__rosidl_generator_py.dir/rosidl_generator_py/dwb_msgs/srv/_get_critic_score_s.c.o[0m
[11.118s] [ 93%] [32m[1mLinking C shared library rosidl_generator_py/dwb_msgs/libdwb_msgs__rosidl_generator_py.so[0m
[11.262s] [ 93%] Built target dwb_msgs__rosidl_generator_py
[11.324s] [ 94%] [32mBuilding C object CMakeFiles/dwb_msgs__rosidl_typesupport_c__pyext.dir/rosidl_generator_py/dwb_msgs/_dwb_msgs_s.ep.rosidl_typesupport_c.c.o[0m
[11.324s] [ 96%] [32mBuilding C object CMakeFiles/dwb_msgs__rosidl_typesupport_fastrtps_c__pyext.dir/rosidl_generator_py/dwb_msgs/_dwb_msgs_s.ep.rosidl_typesupport_fastrtps_c.c.o[0m
[11.328s] [ 95%] [32mBuilding C object CMakeFiles/dwb_msgs__rosidl_typesupport_introspection_c__pyext.dir/rosidl_generator_py/dwb_msgs/_dwb_msgs_s.ep.rosidl_typesupport_introspection_c.c.o[0m
[11.650s] [ 97%] [32m[1mLinking C shared library rosidl_generator_py/dwb_msgs/dwb_msgs_s__rosidl_typesupport_fastrtps_c.cpython-310-x86_64-linux-gnu.so[0m
[11.656s] [ 98%] [32m[1mLinking C shared library rosidl_generator_py/dwb_msgs/dwb_msgs_s__rosidl_typesupport_introspection_c.cpython-310-x86_64-linux-gnu.so[0m
[11.780s] [ 98%] Built target dwb_msgs__rosidl_typesupport_fastrtps_c__pyext
[11.800s] [ 98%] Built target dwb_msgs__rosidl_typesupport_introspection_c__pyext
[11.807s] [100%] [32m[1mLinking C shared library rosidl_generator_py/dwb_msgs/dwb_msgs_s__rosidl_typesupport_c.cpython-310-x86_64-linux-gnu.so[0m
[11.946s] [100%] Built target dwb_msgs__rosidl_typesupport_c__pyext
[11.995s] Invoked command in '/workstation/nav2_ws/build/dwb_msgs' returned '0': AMENT_PREFIX_PATH=/workstation/nav2_ws/install/nav_2d_msgs:${AMENT_PREFIX_PATH} CMAKE_PREFIX_PATH=/workstation/nav2_ws/install/nav_2d_msgs:/opt/ros/humble LD_LIBRARY_PATH=/workstation/nav2_ws/install/nav_2d_msgs/lib:${LD_LIBRARY_PATH} PYTHONPATH=/workstation/nav2_ws/install/nav_2d_msgs/local/lib/python3.10/dist-packages:${PYTHONPATH} /usr/bin/cmake --build /workstation/nav2_ws/build/dwb_msgs -- -j12 -l12
[12.680s] Invoking command in '/workstation/nav2_ws/build/dwb_msgs': AMENT_PREFIX_PATH=/workstation/nav2_ws/install/nav_2d_msgs:${AMENT_PREFIX_PATH} CMAKE_PREFIX_PATH=/workstation/nav2_ws/install/nav_2d_msgs:/opt/ros/humble LD_LIBRARY_PATH=/workstation/nav2_ws/install/nav_2d_msgs/lib:${LD_LIBRARY_PATH} PYTHONPATH=/workstation/nav2_ws/install/nav_2d_msgs/local/lib/python3.10/dist-packages:${PYTHONPATH} /usr/bin/cmake --install /workstation/nav2_ws/build/dwb_msgs
[12.703s] -- Install configuration: ""
[12.703s] -- Installing: /workstation/nav2_ws/install/dwb_msgs/share/ament_index/resource_index/rosidl_interfaces/dwb_msgs
[12.704s] -- Installing: /workstation/nav2_ws/install/dwb_msgs/include/dwb_msgs/dwb_msgs
[12.704s] -- Installing: /workstation/nav2_ws/install/dwb_msgs/include/dwb_msgs/dwb_msgs/srv
[12.704s] -- Installing: /workstation/nav2_ws/install/dwb_msgs/include/dwb_msgs/dwb_msgs/srv/detail
[12.704s] -- Installing: /workstation/nav2_ws/install/dwb_msgs/include/dwb_msgs/dwb_msgs/srv/detail/score_trajectory__functions.h
[12.704s] -- Installing: /workstation/nav2_ws/install/dwb_msgs/include/dwb_msgs/dwb_msgs/srv/detail/get_critic_score__struct.h
[12.704s] -- Installing: /workstation/nav2_ws/install/dwb_msgs/include/dwb_msgs/dwb_msgs/srv/detail/generate_trajectory__functions.c
[12.705s] -- Installing: /workstation/nav2_ws/install/dwb_msgs/include/dwb_msgs/dwb_msgs/srv/detail/debug_local_plan__type_support.h
[12.705s] -- Installing: /workstation/nav2_ws/install/dwb_msgs/include/dwb_msgs/dwb_msgs/srv/detail/debug_local_plan__functions.c
[12.705s] -- Installing: /workstation/nav2_ws/install/dwb_msgs/include/dwb_msgs/dwb_msgs/srv/detail/generate_trajectory__type_support.h
[12.705s] -- Installing: /workstation/nav2_ws/install/dwb_msgs/include/dwb_msgs/dwb_msgs/srv/detail/generate_trajectory__functions.h
[12.706s] -- Installing: /workstation/nav2_ws/install/dwb_msgs/include/dwb_msgs/dwb_msgs/srv/detail/get_critic_score__type_support.h
[12.707s] -- Installing: /workstation/nav2_ws/install/dwb_msgs/include/dwb_msgs/dwb_msgs/srv/detail/score_trajectory__struct.h
[12.711s] -- Installing: /workstation/nav2_ws/install/dwb_msgs/include/dwb_msgs/dwb_msgs/srv/detail/score_trajectory__type_support.h
[12.714s] -- Installing: /workstation/nav2_ws/install/dwb_msgs/include/dwb_msgs/dwb_msgs/srv/detail/generate_trajectory__struct.h
[12.715s] -- Installing: /workstation/nav2_ws/install/dwb_msgs/include/dwb_msgs/dwb_msgs/srv/detail/generate_twists__functions.h
[12.715s] -- Installing: /workstation/nav2_ws/install/dwb_msgs/include/dwb_msgs/dwb_msgs/srv/detail/score_trajectory__functions.c
[12.715s] -- Installing: /workstation/nav2_ws/install/dwb_msgs/include/dwb_msgs/dwb_msgs/srv/detail/debug_local_plan__functions.h
[12.715s] -- Installing: /workstation/nav2_ws/install/dwb_msgs/include/dwb_msgs/dwb_msgs/srv/detail/generate_twists__struct.h
[12.715s] -- Installing: /workstation/nav2_ws/install/dwb_msgs/include/dwb_msgs/dwb_msgs/srv/detail/get_critic_score__functions.c
[12.715s] -- Installing: /workstation/nav2_ws/install/dwb_msgs/include/dwb_msgs/dwb_msgs/srv/detail/generate_twists__functions.c
[12.715s] -- Installing: /workstation/nav2_ws/install/dwb_msgs/include/dwb_msgs/dwb_msgs/srv/detail/generate_twists__type_support.h
[12.716s] -- Installing: /workstation/nav2_ws/install/dwb_msgs/include/dwb_msgs/dwb_msgs/srv/detail/debug_local_plan__struct.h
[12.716s] -- Installing: /workstation/nav2_ws/install/dwb_msgs/include/dwb_msgs/dwb_msgs/srv/detail/get_critic_score__functions.h
[12.716s] -- Installing: /workstation/nav2_ws/install/dwb_msgs/include/dwb_msgs/dwb_msgs/srv/generate_trajectory.h
[12.716s] -- Installing: /workstation/nav2_ws/install/dwb_msgs/include/dwb_msgs/dwb_msgs/srv/generate_twists.h
[12.716s] -- Installing: /workstation/nav2_ws/install/dwb_msgs/include/dwb_msgs/dwb_msgs/srv/debug_local_plan.h
[12.716s] -- Installing: /workstation/nav2_ws/install/dwb_msgs/include/dwb_msgs/dwb_msgs/srv/score_trajectory.h
[12.716s] -- Installing: /workstation/nav2_ws/install/dwb_msgs/include/dwb_msgs/dwb_msgs/srv/get_critic_score.h
[12.716s] -- Installing: /workstation/nav2_ws/install/dwb_msgs/include/dwb_msgs/dwb_msgs/msg
[12.716s] -- Installing: /workstation/nav2_ws/install/dwb_msgs/include/dwb_msgs/dwb_msgs/msg/detail
[12.718s] -- Installing: /workstation/nav2_ws/install/dwb_msgs/include/dwb_msgs/dwb_msgs/msg/detail/trajectory2_d__functions.h
[12.718s] -- Installing: /workstation/nav2_ws/install/dwb_msgs/include/dwb_msgs/dwb_msgs/msg/detail/local_plan_evaluation__struct.h
[12.718s] -- Installing: /workstation/nav2_ws/install/dwb_msgs/include/dwb_msgs/dwb_msgs/msg/detail/critic_score__type_support.h
[12.718s] -- Installing: /workstation/nav2_ws/install/dwb_msgs/include/dwb_msgs/dwb_msgs/msg/detail/local_plan_evaluation__functions.h
[12.718s] -- Installing: /workstation/nav2_ws/install/dwb_msgs/include/dwb_msgs/dwb_msgs/msg/detail/trajectory2_d__type_support.h
[12.718s] -- Installing: /workstation/nav2_ws/install/dwb_msgs/include/dwb_msgs/dwb_msgs/msg/detail/critic_score__functions.c
[12.719s] -- Installing: /workstation/nav2_ws/install/dwb_msgs/include/dwb_msgs/dwb_msgs/msg/detail/trajectory2_d__struct.h
[12.719s] -- Installing: /workstation/nav2_ws/install/dwb_msgs/include/dwb_msgs/dwb_msgs/msg/detail/trajectory_score__struct.h
[12.719s] -- Installing: /workstation/nav2_ws/install/dwb_msgs/include/dwb_msgs/dwb_msgs/msg/detail/critic_score__struct.h
[12.719s] -- Installing: /workstation/nav2_ws/install/dwb_msgs/include/dwb_msgs/dwb_msgs/msg/detail/trajectory2_d__functions.c
[12.719s] -- Installing: /workstation/nav2_ws/install/dwb_msgs/include/dwb_msgs/dwb_msgs/msg/detail/trajectory_score__type_support.h
[12.720s] -- Installing: /workstation/nav2_ws/install/dwb_msgs/include/dwb_msgs/dwb_msgs/msg/detail/trajectory_score__functions.c
[12.720s] -- Installing: /workstation/nav2_ws/install/dwb_msgs/include/dwb_msgs/dwb_msgs/msg/detail/trajectory_score__functions.h
[12.720s] -- Installing: /workstation/nav2_ws/install/dwb_msgs/include/dwb_msgs/dwb_msgs/msg/detail/local_plan_evaluation__functions.c
[12.720s] -- Installing: /workstation/nav2_ws/install/dwb_msgs/include/dwb_msgs/dwb_msgs/msg/detail/local_plan_evaluation__type_support.h
[12.723s] -- Installing: /workstation/nav2_ws/install/dwb_msgs/include/dwb_msgs/dwb_msgs/msg/detail/critic_score__functions.h
[12.723s] -- Installing: /workstation/nav2_ws/install/dwb_msgs/include/dwb_msgs/dwb_msgs/msg/local_plan_evaluation.h
[12.725s] -- Installing: /workstation/nav2_ws/install/dwb_msgs/include/dwb_msgs/dwb_msgs/msg/rosidl_generator_c__visibility_control.h
[12.725s] -- Installing: /workstation/nav2_ws/install/dwb_msgs/include/dwb_msgs/dwb_msgs/msg/trajectory2_d.h
[12.725s] -- Installing: /workstation/nav2_ws/install/dwb_msgs/include/dwb_msgs/dwb_msgs/msg/critic_score.h
[12.725s] -- Installing: /workstation/nav2_ws/install/dwb_msgs/include/dwb_msgs/dwb_msgs/msg/trajectory_score.h
[12.725s] -- Installing: /workstation/nav2_ws/install/dwb_msgs/share/dwb_msgs/environment/library_path.sh
[12.728s] -- Installing: /workstation/nav2_ws/install/dwb_msgs/share/dwb_msgs/environment/library_path.dsv
[12.728s] -- Installing: /workstation/nav2_ws/install/dwb_msgs/lib/libdwb_msgs__rosidl_generator_c.so
[12.728s] -- Set runtime path of "/workstation/nav2_ws/install/dwb_msgs/lib/libdwb_msgs__rosidl_generator_c.so" to ""
[12.728s] -- Up-to-date: /workstation/nav2_ws/install/dwb_msgs/include/dwb_msgs/dwb_msgs
[12.728s] -- Up-to-date: /workstation/nav2_ws/install/dwb_msgs/include/dwb_msgs/dwb_msgs/srv
[12.728s] -- Up-to-date: /workstation/nav2_ws/install/dwb_msgs/include/dwb_msgs/dwb_msgs/srv/detail
[12.728s] -- Installing: /workstation/nav2_ws/install/dwb_msgs/include/dwb_msgs/dwb_msgs/srv/detail/generate_twists__rosidl_typesupport_fastrtps_c.h
[12.728s] -- Installing: /workstation/nav2_ws/install/dwb_msgs/include/dwb_msgs/dwb_msgs/srv/detail/generate_trajectory__rosidl_typesupport_fastrtps_c.h
[12.728s] -- Installing: /workstation/nav2_ws/install/dwb_msgs/include/dwb_msgs/dwb_msgs/srv/detail/get_critic_score__rosidl_typesupport_fastrtps_c.h
[12.728s] -- Installing: /workstation/nav2_ws/install/dwb_msgs/include/dwb_msgs/dwb_msgs/srv/detail/score_trajectory__rosidl_typesupport_fastrtps_c.h
[12.729s] -- Installing: /workstation/nav2_ws/install/dwb_msgs/include/dwb_msgs/dwb_msgs/srv/detail/debug_local_plan__rosidl_typesupport_fastrtps_c.h
[12.729s] -- Up-to-date: /workstation/nav2_ws/install/dwb_msgs/include/dwb_msgs/dwb_msgs/msg
[12.729s] -- Up-to-date: /workstation/nav2_ws/install/dwb_msgs/include/dwb_msgs/dwb_msgs/msg/detail
[12.729s] -- Installing: /workstation/nav2_ws/install/dwb_msgs/include/dwb_msgs/dwb_msgs/msg/detail/trajectory2_d__rosidl_typesupport_fastrtps_c.h
[12.729s] -- Installing: /workstation/nav2_ws/install/dwb_msgs/include/dwb_msgs/dwb_msgs/msg/detail/local_plan_evaluation__rosidl_typesupport_fastrtps_c.h
[12.729s] -- Installing: /workstation/nav2_ws/install/dwb_msgs/include/dwb_msgs/dwb_msgs/msg/detail/trajectory_score__rosidl_typesupport_fastrtps_c.h
[12.732s] -- Installing: /workstation/nav2_ws/install/dwb_msgs/include/dwb_msgs/dwb_msgs/msg/detail/critic_score__rosidl_typesupport_fastrtps_c.h
[12.732s] -- Installing: /workstation/nav2_ws/install/dwb_msgs/include/dwb_msgs/dwb_msgs/msg/rosidl_typesupport_fastrtps_c__visibility_control.h
[12.732s] -- Installing: /workstation/nav2_ws/install/dwb_msgs/lib/libdwb_msgs__rosidl_typesupport_fastrtps_c.so
[12.733s] -- Set runtime path of "/workstation/nav2_ws/install/dwb_msgs/lib/libdwb_msgs__rosidl_typesupport_fastrtps_c.so" to ""
[12.733s] -- Up-to-date: /workstation/nav2_ws/install/dwb_msgs/include/dwb_msgs/dwb_msgs
[12.733s] -- Up-to-date: /workstation/nav2_ws/install/dwb_msgs/include/dwb_msgs/dwb_msgs/srv
[12.733s] -- Up-to-date: /workstation/nav2_ws/install/dwb_msgs/include/dwb_msgs/dwb_msgs/srv/detail
[12.733s] -- Installing: /workstation/nav2_ws/install/dwb_msgs/include/dwb_msgs/dwb_msgs/srv/detail/generate_trajectory__traits.hpp
[12.733s] -- Installing: /workstation/nav2_ws/install/dwb_msgs/include/dwb_msgs/dwb_msgs/srv/detail/generate_trajectory__struct.hpp
[12.733s] -- Installing: /workstation/nav2_ws/install/dwb_msgs/include/dwb_msgs/dwb_msgs/srv/detail/get_critic_score__builder.hpp
[12.734s] -- Installing: /workstation/nav2_ws/install/dwb_msgs/include/dwb_msgs/dwb_msgs/srv/detail/debug_local_plan__struct.hpp
[12.734s] -- Installing: /workstation/nav2_ws/install/dwb_msgs/include/dwb_msgs/dwb_msgs/srv/detail/get_critic_score__struct.hpp
[12.734s] -- Installing: /workstation/nav2_ws/install/dwb_msgs/include/dwb_msgs/dwb_msgs/srv/detail/debug_local_plan__builder.hpp
[12.734s] -- Installing: /workstation/nav2_ws/install/dwb_msgs/include/dwb_msgs/dwb_msgs/srv/detail/generate_trajectory__builder.hpp
[12.734s] -- Installing: /workstation/nav2_ws/install/dwb_msgs/include/dwb_msgs/dwb_msgs/srv/detail/generate_twists__builder.hpp
[12.734s] -- Installing: /workstation/nav2_ws/install/dwb_msgs/include/dwb_msgs/dwb_msgs/srv/detail/debug_local_plan__traits.hpp
[12.735s] -- Installing: /workstation/nav2_ws/install/dwb_msgs/include/dwb_msgs/dwb_msgs/srv/detail/score_trajectory__builder.hpp
[12.743s] -- Installing: /workstation/nav2_ws/install/dwb_msgs/include/dwb_msgs/dwb_msgs/srv/detail/score_trajectory__traits.hpp
[12.743s] -- Installing: /workstation/nav2_ws/install/dwb_msgs/include/dwb_msgs/dwb_msgs/srv/detail/score_trajectory__struct.hpp
[12.743s] -- Installing: /workstation/nav2_ws/install/dwb_msgs/include/dwb_msgs/dwb_msgs/srv/detail/get_critic_score__traits.hpp
[12.743s] -- Installing: /workstation/nav2_ws/install/dwb_msgs/include/dwb_msgs/dwb_msgs/srv/detail/generate_twists__struct.hpp
[12.743s] -- Installing: /workstation/nav2_ws/install/dwb_msgs/include/dwb_msgs/dwb_msgs/srv/detail/generate_twists__traits.hpp
[12.743s] -- Installing: /workstation/nav2_ws/install/dwb_msgs/include/dwb_msgs/dwb_msgs/srv/get_critic_score.hpp
[12.743s] -- Installing: /workstation/nav2_ws/install/dwb_msgs/include/dwb_msgs/dwb_msgs/srv/generate_trajectory.hpp
[12.743s] -- Installing: /workstation/nav2_ws/install/dwb_msgs/include/dwb_msgs/dwb_msgs/srv/score_trajectory.hpp
[12.744s] -- Installing: /workstation/nav2_ws/install/dwb_msgs/include/dwb_msgs/dwb_msgs/srv/generate_twists.hpp
[12.744s] -- Installing: /workstation/nav2_ws/install/dwb_msgs/include/dwb_msgs/dwb_msgs/srv/debug_local_plan.hpp
[12.744s] -- Up-to-date: /workstation/nav2_ws/install/dwb_msgs/include/dwb_msgs/dwb_msgs/msg
[12.744s] -- Up-to-date: /workstation/nav2_ws/install/dwb_msgs/include/dwb_msgs/dwb_msgs/msg/detail
[12.744s] -- Installing: /workstation/nav2_ws/install/dwb_msgs/include/dwb_msgs/dwb_msgs/msg/detail/trajectory_score__builder.hpp
[12.744s] -- Installing: /workstation/nav2_ws/install/dwb_msgs/include/dwb_msgs/dwb_msgs/msg/detail/critic_score__builder.hpp
[12.744s] -- Installing: /workstation/nav2_ws/install/dwb_msgs/include/dwb_msgs/dwb_msgs/msg/detail/critic_score__struct.hpp
[12.744s] -- Installing: /workstation/nav2_ws/install/dwb_msgs/include/dwb_msgs/dwb_msgs/msg/detail/trajectory2_d__traits.hpp
[12.744s] -- Installing: /workstation/nav2_ws/install/dwb_msgs/include/dwb_msgs/dwb_msgs/msg/detail/critic_score__traits.hpp
[12.744s] -- Installing: /workstation/nav2_ws/install/dwb_msgs/include/dwb_msgs/dwb_msgs/msg/detail/local_plan_evaluation__traits.hpp
[12.745s] -- Installing: /workstation/nav2_ws/install/dwb_msgs/include/dwb_msgs/dwb_msgs/msg/detail/local_plan_evaluation__struct.hpp
[12.745s] -- Installing: /workstation/nav2_ws/install/dwb_msgs/include/dwb_msgs/dwb_msgs/msg/detail/trajectory2_d__struct.hpp
[12.745s] -- Installing: /workstation/nav2_ws/install/dwb_msgs/include/dwb_msgs/dwb_msgs/msg/detail/trajectory_score__struct.hpp
[12.745s] -- Installing: /workstation/nav2_ws/install/dwb_msgs/include/dwb_msgs/dwb_msgs/msg/detail/trajectory2_d__builder.hpp
[12.745s] -- Installing: /workstation/nav2_ws/install/dwb_msgs/include/dwb_msgs/dwb_msgs/msg/detail/trajectory_score__traits.hpp
[12.745s] -- Installing: /workstation/nav2_ws/install/dwb_msgs/include/dwb_msgs/dwb_msgs/msg/detail/local_plan_evaluation__builder.hpp
[12.745s] -- Installing: /workstation/nav2_ws/install/dwb_msgs/include/dwb_msgs/dwb_msgs/msg/trajectory2_d.hpp
[12.749s] -- Installing: /workstation/nav2_ws/install/dwb_msgs/include/dwb_msgs/dwb_msgs/msg/critic_score.hpp
[12.749s] -- Installing: /workstation/nav2_ws/install/dwb_msgs/include/dwb_msgs/dwb_msgs/msg/trajectory_score.hpp
[12.749s] -- Installing: /workstation/nav2_ws/install/dwb_msgs/include/dwb_msgs/dwb_msgs/msg/local_plan_evaluation.hpp
[12.749s] -- Up-to-date: /workstation/nav2_ws/install/dwb_msgs/include/dwb_msgs/dwb_msgs
[12.749s] -- Up-to-date: /workstation/nav2_ws/install/dwb_msgs/include/dwb_msgs/dwb_msgs/srv
[12.749s] -- Up-to-date: /workstation/nav2_ws/install/dwb_msgs/include/dwb_msgs/dwb_msgs/srv/detail
[12.749s] -- Installing: /workstation/nav2_ws/install/dwb_msgs/include/dwb_msgs/dwb_msgs/srv/detail/debug_local_plan__rosidl_typesupport_fastrtps_cpp.hpp
[12.749s] -- Installing: /workstation/nav2_ws/install/dwb_msgs/include/dwb_msgs/dwb_msgs/srv/detail/generate_trajectory__rosidl_typesupport_fastrtps_cpp.hpp
[12.749s] -- Installing: /workstation/nav2_ws/install/dwb_msgs/include/dwb_msgs/dwb_msgs/srv/detail/score_trajectory__rosidl_typesupport_fastrtps_cpp.hpp
[12.749s] -- Installing: /workstation/nav2_ws/install/dwb_msgs/include/dwb_msgs/dwb_msgs/srv/detail/generate_twists__rosidl_typesupport_fastrtps_cpp.hpp
[12.750s] -- Installing: /workstation/nav2_ws/install/dwb_msgs/include/dwb_msgs/dwb_msgs/srv/detail/dds_fastrtps
[12.750s] -- Installing: /workstation/nav2_ws/install/dwb_msgs/include/dwb_msgs/dwb_msgs/srv/detail/get_critic_score__rosidl_typesupport_fastrtps_cpp.hpp
[12.750s] -- Up-to-date: /workstation/nav2_ws/install/dwb_msgs/include/dwb_msgs/dwb_msgs/msg
[12.750s] -- Up-to-date: /workstation/nav2_ws/install/dwb_msgs/include/dwb_msgs/dwb_msgs/msg/detail
[12.750s] -- Installing: /workstation/nav2_ws/install/dwb_msgs/include/dwb_msgs/dwb_msgs/msg/detail/critic_score__rosidl_typesupport_fastrtps_cpp.hpp
[12.750s] -- Installing: /workstation/nav2_ws/install/dwb_msgs/include/dwb_msgs/dwb_msgs/msg/detail/local_plan_evaluation__rosidl_typesupport_fastrtps_cpp.hpp
[12.750s] -- Installing: /workstation/nav2_ws/install/dwb_msgs/include/dwb_msgs/dwb_msgs/msg/detail/trajectory2_d__rosidl_typesupport_fastrtps_cpp.hpp
[12.750s] -- Installing: /workstation/nav2_ws/install/dwb_msgs/include/dwb_msgs/dwb_msgs/msg/detail/dds_fastrtps
[12.750s] -- Installing: /workstation/nav2_ws/install/dwb_msgs/include/dwb_msgs/dwb_msgs/msg/detail/trajectory_score__rosidl_typesupport_fastrtps_cpp.hpp
[12.750s] -- Installing: /workstation/nav2_ws/install/dwb_msgs/include/dwb_msgs/dwb_msgs/msg/rosidl_typesupport_fastrtps_cpp__visibility_control.h
[12.757s] -- Installing: /workstation/nav2_ws/install/dwb_msgs/lib/libdwb_msgs__rosidl_typesupport_fastrtps_cpp.so
[12.757s] -- Set runtime path of "/workstation/nav2_ws/install/dwb_msgs/lib/libdwb_msgs__rosidl_typesupport_fastrtps_cpp.so" to ""
[12.758s] -- Up-to-date: /workstation/nav2_ws/install/dwb_msgs/include/dwb_msgs/dwb_msgs
[12.758s] -- Up-to-date: /workstation/nav2_ws/install/dwb_msgs/include/dwb_msgs/dwb_msgs/srv
[12.758s] -- Up-to-date: /workstation/nav2_ws/install/dwb_msgs/include/dwb_msgs/dwb_msgs/srv/detail
[12.758s] -- Installing: /workstation/nav2_ws/install/dwb_msgs/include/dwb_msgs/dwb_msgs/srv/detail/score_trajectory__type_support.c
[12.758s] -- Installing: /workstation/nav2_ws/install/dwb_msgs/include/dwb_msgs/dwb_msgs/srv/detail/get_critic_score__rosidl_typesupport_introspection_c.h
[12.758s] -- Installing: /workstation/nav2_ws/install/dwb_msgs/include/dwb_msgs/dwb_msgs/srv/detail/generate_trajectory__type_support.c
[12.758s] -- Installing: /workstation/nav2_ws/install/dwb_msgs/include/dwb_msgs/dwb_msgs/srv/detail/generate_twists__type_support.c
[12.759s] -- Installing: /workstation/nav2_ws/install/dwb_msgs/include/dwb_msgs/dwb_msgs/srv/detail/generate_trajectory__rosidl_typesupport_introspection_c.h
[12.759s] -- Installing: /workstation/nav2_ws/install/dwb_msgs/include/dwb_msgs/dwb_msgs/srv/detail/debug_local_plan__rosidl_typesupport_introspection_c.h
[12.759s] -- Installing: /workstation/nav2_ws/install/dwb_msgs/include/dwb_msgs/dwb_msgs/srv/detail/generate_twists__rosidl_typesupport_introspection_c.h
[12.759s] -- Installing: /workstation/nav2_ws/install/dwb_msgs/include/dwb_msgs/dwb_msgs/srv/detail/debug_local_plan__type_support.c
[12.759s] -- Installing: /workstation/nav2_ws/install/dwb_msgs/include/dwb_msgs/dwb_msgs/srv/detail/score_trajectory__rosidl_typesupport_introspection_c.h
[12.759s] -- Installing: /workstation/nav2_ws/install/dwb_msgs/include/dwb_msgs/dwb_msgs/srv/detail/get_critic_score__type_support.c
[12.763s] -- Up-to-date: /workstation/nav2_ws/install/dwb_msgs/include/dwb_msgs/dwb_msgs/msg
[12.763s] -- Up-to-date: /workstation/nav2_ws/install/dwb_msgs/include/dwb_msgs/dwb_msgs/msg/detail
[12.763s] -- Installing: /workstation/nav2_ws/install/dwb_msgs/include/dwb_msgs/dwb_msgs/msg/detail/trajectory2_d__rosidl_typesupport_introspection_c.h
[12.763s] -- Installing: /workstation/nav2_ws/install/dwb_msgs/include/dwb_msgs/dwb_msgs/msg/detail/local_plan_evaluation__rosidl_typesupport_introspection_c.h
[12.763s] -- Installing: /workstation/nav2_ws/install/dwb_msgs/include/dwb_msgs/dwb_msgs/msg/detail/trajectory2_d__type_support.c
[12.764s] -- Installing: /workstation/nav2_ws/install/dwb_msgs/include/dwb_msgs/dwb_msgs/msg/detail/local_plan_evaluation__type_support.c
[12.765s] -- Installing: /workstation/nav2_ws/install/dwb_msgs/include/dwb_msgs/dwb_msgs/msg/detail/trajectory_score__rosidl_typesupport_introspection_c.h
[12.765s] -- Installing: /workstation/nav2_ws/install/dwb_msgs/include/dwb_msgs/dwb_msgs/msg/detail/critic_score__type_support.c
[12.765s] -- Installing: /workstation/nav2_ws/install/dwb_msgs/include/dwb_msgs/dwb_msgs/msg/detail/critic_score__rosidl_typesupport_introspection_c.h
[12.765s] -- Installing: /workstation/nav2_ws/install/dwb_msgs/include/dwb_msgs/dwb_msgs/msg/detail/trajectory_score__type_support.c
[12.765s] -- Installing: /workstation/nav2_ws/install/dwb_msgs/include/dwb_msgs/dwb_msgs/msg/rosidl_typesupport_introspection_c__visibility_control.h
[12.765s] -- Installing: /workstation/nav2_ws/install/dwb_msgs/lib/libdwb_msgs__rosidl_typesupport_introspection_c.so
[12.765s] -- Set runtime path of "/workstation/nav2_ws/install/dwb_msgs/lib/libdwb_msgs__rosidl_typesupport_introspection_c.so" to ""
[12.765s] -- Installing: /workstation/nav2_ws/install/dwb_msgs/lib/libdwb_msgs__rosidl_typesupport_c.so
[12.766s] -- Set runtime path of "/workstation/nav2_ws/install/dwb_msgs/lib/libdwb_msgs__rosidl_typesupport_c.so" to ""
[12.766s] -- Up-to-date: /workstation/nav2_ws/install/dwb_msgs/include/dwb_msgs/dwb_msgs
[12.766s] -- Up-to-date: /workstation/nav2_ws/install/dwb_msgs/include/dwb_msgs/dwb_msgs/srv
[12.766s] -- Up-to-date: /workstation/nav2_ws/install/dwb_msgs/include/dwb_msgs/dwb_msgs/srv/detail
[12.766s] -- Installing: /workstation/nav2_ws/install/dwb_msgs/include/dwb_msgs/dwb_msgs/srv/detail/debug_local_plan__type_support.cpp
[12.766s] -- Installing: /workstation/nav2_ws/install/dwb_msgs/include/dwb_msgs/dwb_msgs/srv/detail/generate_twists__rosidl_typesupport_introspection_cpp.hpp
[12.766s] -- Installing: /workstation/nav2_ws/install/dwb_msgs/include/dwb_msgs/dwb_msgs/srv/detail/score_trajectory__rosidl_typesupport_introspection_cpp.hpp
[12.767s] -- Installing: /workstation/nav2_ws/install/dwb_msgs/include/dwb_msgs/dwb_msgs/srv/detail/debug_local_plan__rosidl_typesupport_introspection_cpp.hpp
[12.773s] -- Installing: /workstation/nav2_ws/install/dwb_msgs/include/dwb_msgs/dwb_msgs/srv/detail/get_critic_score__rosidl_typesupport_introspection_cpp.hpp
[12.773s] -- Installing: /workstation/nav2_ws/install/dwb_msgs/include/dwb_msgs/dwb_msgs/srv/detail/generate_trajectory__type_support.cpp
[12.773s] -- Installing: /workstation/nav2_ws/install/dwb_msgs/include/dwb_msgs/dwb_msgs/srv/detail/generate_trajectory__rosidl_typesupport_introspection_cpp.hpp
[12.773s] -- Installing: /workstation/nav2_ws/install/dwb_msgs/include/dwb_msgs/dwb_msgs/srv/detail/score_trajectory__type_support.cpp
[12.774s] -- Installing: /workstation/nav2_ws/install/dwb_msgs/include/dwb_msgs/dwb_msgs/srv/detail/generate_twists__type_support.cpp
[12.775s] -- Installing: /workstation/nav2_ws/install/dwb_msgs/include/dwb_msgs/dwb_msgs/srv/detail/get_critic_score__type_support.cpp
[12.775s] -- Up-to-date: /workstation/nav2_ws/install/dwb_msgs/include/dwb_msgs/dwb_msgs/msg
[12.775s] -- Up-to-date: /workstation/nav2_ws/install/dwb_msgs/include/dwb_msgs/dwb_msgs/msg/detail
[12.775s] -- Installing: /workstation/nav2_ws/install/dwb_msgs/include/dwb_msgs/dwb_msgs/msg/detail/critic_score__rosidl_typesupport_introspection_cpp.hpp
[12.775s] -- Installing: /workstation/nav2_ws/install/dwb_msgs/include/dwb_msgs/dwb_msgs/msg/detail/trajectory_score__type_support.cpp
[12.775s] -- Installing: /workstation/nav2_ws/install/dwb_msgs/include/dwb_msgs/dwb_msgs/msg/detail/trajectory2_d__type_support.cpp
[12.775s] -- Installing: /workstation/nav2_ws/install/dwb_msgs/include/dwb_msgs/dwb_msgs/msg/detail/local_plan_evaluation__rosidl_typesupport_introspection_cpp.hpp
[12.775s] -- Installing: /workstation/nav2_ws/install/dwb_msgs/include/dwb_msgs/dwb_msgs/msg/detail/trajectory_score__rosidl_typesupport_introspection_cpp.hpp
[12.776s] -- Installing: /workstation/nav2_ws/install/dwb_msgs/include/dwb_msgs/dwb_msgs/msg/detail/trajectory2_d__rosidl_typesupport_introspection_cpp.hpp
[12.776s] -- Installing: /workstation/nav2_ws/install/dwb_msgs/include/dwb_msgs/dwb_msgs/msg/detail/local_plan_evaluation__type_support.cpp
[12.776s] -- Installing: /workstation/nav2_ws/install/dwb_msgs/include/dwb_msgs/dwb_msgs/msg/detail/critic_score__type_support.cpp
[12.777s] -- Installing: /workstation/nav2_ws/install/dwb_msgs/lib/libdwb_msgs__rosidl_typesupport_introspection_cpp.so
[12.777s] -- Set runtime path of "/workstation/nav2_ws/install/dwb_msgs/lib/libdwb_msgs__rosidl_typesupport_introspection_cpp.so" to ""
[12.777s] -- Installing: /workstation/nav2_ws/install/dwb_msgs/lib/libdwb_msgs__rosidl_typesupport_cpp.so
[12.783s] -- Set runtime path of "/workstation/nav2_ws/install/dwb_msgs/lib/libdwb_msgs__rosidl_typesupport_cpp.so" to ""
[12.783s] -- Installing: /workstation/nav2_ws/install/dwb_msgs/share/dwb_msgs/environment/pythonpath.sh
[12.786s] -- Installing: /workstation/nav2_ws/install/dwb_msgs/share/dwb_msgs/environment/pythonpath.dsv
[12.787s] -- Installing: /workstation/nav2_ws/install/dwb_msgs/local/lib/python3.10/dist-packages/dwb_msgs-1.1.16-py3.10.egg-info
[12.787s] -- Installing: /workstation/nav2_ws/install/dwb_msgs/local/lib/python3.10/dist-packages/dwb_msgs-1.1.16-py3.10.egg-info/SOURCES.txt
[12.787s] -- Installing: /workstation/nav2_ws/install/dwb_msgs/local/lib/python3.10/dist-packages/dwb_msgs-1.1.16-py3.10.egg-info/PKG-INFO
[12.787s] -- Installing: /workstation/nav2_ws/install/dwb_msgs/local/lib/python3.10/dist-packages/dwb_msgs-1.1.16-py3.10.egg-info/top_level.txt
[12.787s] -- Installing: /workstation/nav2_ws/install/dwb_msgs/local/lib/python3.10/dist-packages/dwb_msgs-1.1.16-py3.10.egg-info/dependency_links.txt
[12.787s] -- Installing: /workstation/nav2_ws/install/dwb_msgs/local/lib/python3.10/dist-packages/dwb_msgs
[12.787s] -- Installing: /workstation/nav2_ws/install/dwb_msgs/local/lib/python3.10/dist-packages/dwb_msgs/dwb_msgs_s__rosidl_typesupport_fastrtps_c.cpython-310-x86_64-linux-gnu.so
[12.788s] -- Installing: /workstation/nav2_ws/install/dwb_msgs/local/lib/python3.10/dist-packages/dwb_msgs/_dwb_msgs_s.ep.rosidl_typesupport_fastrtps_c.c
[12.788s] -- Installing: /workstation/nav2_ws/install/dwb_msgs/local/lib/python3.10/dist-packages/dwb_msgs/srv
[12.788s] -- Installing: /workstation/nav2_ws/install/dwb_msgs/local/lib/python3.10/dist-packages/dwb_msgs/srv/_generate_trajectory.py
[12.788s] -- Installing: /workstation/nav2_ws/install/dwb_msgs/local/lib/python3.10/dist-packages/dwb_msgs/srv/_debug_local_plan_s.c
[12.788s] -- Installing: /workstation/nav2_ws/install/dwb_msgs/local/lib/python3.10/dist-packages/dwb_msgs/srv/_generate_trajectory_s.c
[12.789s] -- Installing: /workstation/nav2_ws/install/dwb_msgs/local/lib/python3.10/dist-packages/dwb_msgs/srv/_get_critic_score.py
[12.789s] -- Installing: /workstation/nav2_ws/install/dwb_msgs/local/lib/python3.10/dist-packages/dwb_msgs/srv/_generate_twists.py
[12.793s] -- Installing: /workstation/nav2_ws/install/dwb_msgs/local/lib/python3.10/dist-packages/dwb_msgs/srv/_score_trajectory.py
[12.793s] -- Installing: /workstation/nav2_ws/install/dwb_msgs/local/lib/python3.10/dist-packages/dwb_msgs/srv/_get_critic_score_s.c
[12.793s] -- Installing: /workstation/nav2_ws/install/dwb_msgs/local/lib/python3.10/dist-packages/dwb_msgs/srv/_score_trajectory_s.c
[12.793s] -- Installing: /workstation/nav2_ws/install/dwb_msgs/local/lib/python3.10/dist-packages/dwb_msgs/srv/_debug_local_plan.py
[12.793s] -- Installing: /workstation/nav2_ws/install/dwb_msgs/local/lib/python3.10/dist-packages/dwb_msgs/srv/__init__.py
[12.793s] -- Installing: /workstation/nav2_ws/install/dwb_msgs/local/lib/python3.10/dist-packages/dwb_msgs/srv/_generate_twists_s.c
[12.793s] -- Installing: /workstation/nav2_ws/install/dwb_msgs/local/lib/python3.10/dist-packages/dwb_msgs/libdwb_msgs__rosidl_generator_py.so
[12.793s] -- Installing: /workstation/nav2_ws/install/dwb_msgs/local/lib/python3.10/dist-packages/dwb_msgs/dwb_msgs_s__rosidl_typesupport_c.cpython-310-x86_64-linux-gnu.so
[12.793s] -- Installing: /workstation/nav2_ws/install/dwb_msgs/local/lib/python3.10/dist-packages/dwb_msgs/_dwb_msgs_s.ep.rosidl_typesupport_introspection_c.c
[12.794s] -- Installing: /workstation/nav2_ws/install/dwb_msgs/local/lib/python3.10/dist-packages/dwb_msgs/_dwb_msgs_s.ep.rosidl_typesupport_c.c
[12.794s] -- Installing: /workstation/nav2_ws/install/dwb_msgs/local/lib/python3.10/dist-packages/dwb_msgs/__init__.py
[12.794s] -- Installing: /workstation/nav2_ws/install/dwb_msgs/local/lib/python3.10/dist-packages/dwb_msgs/msg
[12.794s] -- Installing: /workstation/nav2_ws/install/dwb_msgs/local/lib/python3.10/dist-packages/dwb_msgs/msg/_local_plan_evaluation_s.c
[12.794s] -- Installing: /workstation/nav2_ws/install/dwb_msgs/local/lib/python3.10/dist-packages/dwb_msgs/msg/_trajectory_score.py
[12.796s] -- Installing: /workstation/nav2_ws/install/dwb_msgs/local/lib/python3.10/dist-packages/dwb_msgs/msg/_critic_score_s.c
[12.796s] -- Installing: /workstation/nav2_ws/install/dwb_msgs/local/lib/python3.10/dist-packages/dwb_msgs/msg/_local_plan_evaluation.py
[12.796s] -- Installing: /workstation/nav2_ws/install/dwb_msgs/local/lib/python3.10/dist-packages/dwb_msgs/msg/_trajectory2_d_s.c
[12.796s] -- Installing: /workstation/nav2_ws/install/dwb_msgs/local/lib/python3.10/dist-packages/dwb_msgs/msg/_critic_score.py
[12.796s] -- Installing: /workstation/nav2_ws/install/dwb_msgs/local/lib/python3.10/dist-packages/dwb_msgs/msg/__init__.py
[12.797s] -- Installing: /workstation/nav2_ws/install/dwb_msgs/local/lib/python3.10/dist-packages/dwb_msgs/msg/_trajectory2_d.py
[12.797s] -- Installing: /workstation/nav2_ws/install/dwb_msgs/local/lib/python3.10/dist-packages/dwb_msgs/msg/_trajectory_score_s.c
[12.797s] -- Installing: /workstation/nav2_ws/install/dwb_msgs/local/lib/python3.10/dist-packages/dwb_msgs/dwb_msgs_s__rosidl_typesupport_introspection_c.cpython-310-x86_64-linux-gnu.so
[12.951s] Listing '/workstation/nav2_ws/install/dwb_msgs/local/lib/python3.10/dist-packages/dwb_msgs'...
[12.951s] Compiling '/workstation/nav2_ws/install/dwb_msgs/local/lib/python3.10/dist-packages/dwb_msgs/__init__.py'...
[12.951s] Listing '/workstation/nav2_ws/install/dwb_msgs/local/lib/python3.10/dist-packages/dwb_msgs/msg'...
[12.951s] Compiling '/workstation/nav2_ws/install/dwb_msgs/local/lib/python3.10/dist-packages/dwb_msgs/msg/__init__.py'...
[12.951s] Compiling '/workstation/nav2_ws/install/dwb_msgs/local/lib/python3.10/dist-packages/dwb_msgs/msg/_critic_score.py'...
[12.951s] Compiling '/workstation/nav2_ws/install/dwb_msgs/local/lib/python3.10/dist-packages/dwb_msgs/msg/_local_plan_evaluation.py'...
[12.951s] Compiling '/workstation/nav2_ws/install/dwb_msgs/local/lib/python3.10/dist-packages/dwb_msgs/msg/_trajectory2_d.py'...
[12.952s] Compiling '/workstation/nav2_ws/install/dwb_msgs/local/lib/python3.10/dist-packages/dwb_msgs/msg/_trajectory_score.py'...
[12.952s] Listing '/workstation/nav2_ws/install/dwb_msgs/local/lib/python3.10/dist-packages/dwb_msgs/srv'...
[12.952s] Compiling '/workstation/nav2_ws/install/dwb_msgs/local/lib/python3.10/dist-packages/dwb_msgs/srv/__init__.py'...
[12.952s] Compiling '/workstation/nav2_ws/install/dwb_msgs/local/lib/python3.10/dist-packages/dwb_msgs/srv/_debug_local_plan.py'...
[12.952s] Compiling '/workstation/nav2_ws/install/dwb_msgs/local/lib/python3.10/dist-packages/dwb_msgs/srv/_generate_trajectory.py'...
[12.952s] Compiling '/workstation/nav2_ws/install/dwb_msgs/local/lib/python3.10/dist-packages/dwb_msgs/srv/_generate_twists.py'...
[12.952s] Compiling '/workstation/nav2_ws/install/dwb_msgs/local/lib/python3.10/dist-packages/dwb_msgs/srv/_get_critic_score.py'...
[12.952s] Compiling '/workstation/nav2_ws/install/dwb_msgs/local/lib/python3.10/dist-packages/dwb_msgs/srv/_score_trajectory.py'...
[12.974s] -- Installing: /workstation/nav2_ws/install/dwb_msgs/local/lib/python3.10/dist-packages/dwb_msgs/dwb_msgs_s__rosidl_typesupport_fastrtps_c.cpython-310-x86_64-linux-gnu.so
[12.974s] -- Set runtime path of "/workstation/nav2_ws/install/dwb_msgs/local/lib/python3.10/dist-packages/dwb_msgs/dwb_msgs_s__rosidl_typesupport_fastrtps_c.cpython-310-x86_64-linux-gnu.so" to ""
[12.974s] -- Installing: /workstation/nav2_ws/install/dwb_msgs/local/lib/python3.10/dist-packages/dwb_msgs/dwb_msgs_s__rosidl_typesupport_introspection_c.cpython-310-x86_64-linux-gnu.so
[12.975s] -- Set runtime path of "/workstation/nav2_ws/install/dwb_msgs/local/lib/python3.10/dist-packages/dwb_msgs/dwb_msgs_s__rosidl_typesupport_introspection_c.cpython-310-x86_64-linux-gnu.so" to ""
[12.975s] -- Installing: /workstation/nav2_ws/install/dwb_msgs/local/lib/python3.10/dist-packages/dwb_msgs/dwb_msgs_s__rosidl_typesupport_c.cpython-310-x86_64-linux-gnu.so
[12.976s] -- Set runtime path of "/workstation/nav2_ws/install/dwb_msgs/local/lib/python3.10/dist-packages/dwb_msgs/dwb_msgs_s__rosidl_typesupport_c.cpython-310-x86_64-linux-gnu.so" to ""
[12.976s] -- Installing: /workstation/nav2_ws/install/dwb_msgs/lib/libdwb_msgs__rosidl_generator_py.so
[12.976s] -- Set runtime path of "/workstation/nav2_ws/install/dwb_msgs/lib/libdwb_msgs__rosidl_generator_py.so" to ""
[12.977s] -- Installing: /workstation/nav2_ws/install/dwb_msgs/share/dwb_msgs/msg/CriticScore.idl
[12.983s] -- Installing: /workstation/nav2_ws/install/dwb_msgs/share/dwb_msgs/msg/LocalPlanEvaluation.idl
[12.984s] -- Installing: /workstation/nav2_ws/install/dwb_msgs/share/dwb_msgs/msg/Trajectory2D.idl
[12.984s] -- Installing: /workstation/nav2_ws/install/dwb_msgs/share/dwb_msgs/msg/TrajectoryScore.idl
[12.984s] -- Installing: /workstation/nav2_ws/install/dwb_msgs/share/dwb_msgs/srv/DebugLocalPlan.idl
[12.984s] -- Installing: /workstation/nav2_ws/install/dwb_msgs/share/dwb_msgs/srv/GenerateTrajectory.idl
[12.984s] -- Installing: /workstation/nav2_ws/install/dwb_msgs/share/dwb_msgs/srv/GenerateTwists.idl
[12.985s] -- Installing: /workstation/nav2_ws/install/dwb_msgs/share/dwb_msgs/srv/GetCriticScore.idl
[12.985s] -- Installing: /workstation/nav2_ws/install/dwb_msgs/share/dwb_msgs/srv/ScoreTrajectory.idl
[12.985s] -- Installing: /workstation/nav2_ws/install/dwb_msgs/share/dwb_msgs/msg/CriticScore.msg
[12.985s] -- Installing: /workstation/nav2_ws/install/dwb_msgs/share/dwb_msgs/msg/LocalPlanEvaluation.msg
[12.986s] -- Installing: /workstation/nav2_ws/install/dwb_msgs/share/dwb_msgs/msg/Trajectory2D.msg
[12.986s] -- Installing: /workstation/nav2_ws/install/dwb_msgs/share/dwb_msgs/msg/TrajectoryScore.msg
[12.986s] -- Installing: /workstation/nav2_ws/install/dwb_msgs/share/dwb_msgs/srv/DebugLocalPlan.srv
[12.986s] -- Installing: /workstation/nav2_ws/install/dwb_msgs/share/dwb_msgs/srv/DebugLocalPlan_Request.msg
[12.987s] -- Installing: /workstation/nav2_ws/install/dwb_msgs/share/dwb_msgs/srv/DebugLocalPlan_Response.msg
[12.987s] -- Installing: /workstation/nav2_ws/install/dwb_msgs/share/dwb_msgs/srv/GenerateTrajectory.srv
[12.987s] -- Installing: /workstation/nav2_ws/install/dwb_msgs/share/dwb_msgs/srv/GenerateTrajectory_Request.msg
[12.987s] -- Installing: /workstation/nav2_ws/install/dwb_msgs/share/dwb_msgs/srv/GenerateTrajectory_Response.msg
[12.997s] -- Installing: /workstation/nav2_ws/install/dwb_msgs/share/dwb_msgs/srv/GenerateTwists.srv
[12.997s] -- Installing: /workstation/nav2_ws/install/dwb_msgs/share/dwb_msgs/srv/GenerateTwists_Request.msg
[12.998s] -- Installing: /workstation/nav2_ws/install/dwb_msgs/share/dwb_msgs/srv/GenerateTwists_Response.msg
[12.998s] -- Installing: /workstation/nav2_ws/install/dwb_msgs/share/dwb_msgs/srv/GetCriticScore.srv
[12.998s] -- Installing: /workstation/nav2_ws/install/dwb_msgs/share/dwb_msgs/srv/GetCriticScore_Request.msg
[12.999s] -- Installing: /workstation/nav2_ws/install/dwb_msgs/share/dwb_msgs/srv/GetCriticScore_Response.msg
[12.999s] -- Installing: /workstation/nav2_ws/install/dwb_msgs/share/dwb_msgs/srv/ScoreTrajectory.srv
[12.999s] -- Installing: /workstation/nav2_ws/install/dwb_msgs/share/dwb_msgs/srv/ScoreTrajectory_Request.msg
[12.999s] -- Installing: /workstation/nav2_ws/install/dwb_msgs/share/dwb_msgs/srv/ScoreTrajectory_Response.msg
[13.000s] -- Installing: /workstation/nav2_ws/install/dwb_msgs/share/ament_index/resource_index/package_run_dependencies/dwb_msgs
[13.000s] -- Installing: /workstation/nav2_ws/install/dwb_msgs/share/ament_index/resource_index/parent_prefix_path/dwb_msgs
[13.000s] -- Installing: /workstation/nav2_ws/install/dwb_msgs/share/dwb_msgs/environment/ament_prefix_path.sh
[13.003s] -- Installing: /workstation/nav2_ws/install/dwb_msgs/share/dwb_msgs/environment/ament_prefix_path.dsv
[13.004s] -- Installing: /workstation/nav2_ws/install/dwb_msgs/share/dwb_msgs/environment/path.sh
[13.004s] -- Installing: /workstation/nav2_ws/install/dwb_msgs/share/dwb_msgs/environment/path.dsv
[13.004s] -- Installing: /workstation/nav2_ws/install/dwb_msgs/share/dwb_msgs/local_setup.bash
[13.004s] -- Installing: /workstation/nav2_ws/install/dwb_msgs/share/dwb_msgs/local_setup.sh
[13.008s] -- Installing: /workstation/nav2_ws/install/dwb_msgs/share/dwb_msgs/local_setup.zsh
[13.008s] -- Installing: /workstation/nav2_ws/install/dwb_msgs/share/dwb_msgs/local_setup.dsv
[13.008s] -- Installing: /workstation/nav2_ws/install/dwb_msgs/share/dwb_msgs/package.dsv
[13.008s] -- Installing: /workstation/nav2_ws/install/dwb_msgs/share/ament_index/resource_index/packages/dwb_msgs
[13.008s] -- Installing: /workstation/nav2_ws/install/dwb_msgs/share/dwb_msgs/cmake/export_dwb_msgs__rosidl_generator_cExport.cmake
[13.009s] -- Installing: /workstation/nav2_ws/install/dwb_msgs/share/dwb_msgs/cmake/export_dwb_msgs__rosidl_generator_cExport-noconfig.cmake
[13.009s] -- Installing: /workstation/nav2_ws/install/dwb_msgs/share/dwb_msgs/cmake/export_dwb_msgs__rosidl_typesupport_fastrtps_cExport.cmake
[13.009s] -- Installing: /workstation/nav2_ws/install/dwb_msgs/share/dwb_msgs/cmake/export_dwb_msgs__rosidl_typesupport_fastrtps_cExport-noconfig.cmake
[13.009s] -- Installing: /workstation/nav2_ws/install/dwb_msgs/share/dwb_msgs/cmake/export_dwb_msgs__rosidl_generator_cppExport.cmake
[13.010s] -- Installing: /workstation/nav2_ws/install/dwb_msgs/share/dwb_msgs/cmake/export_dwb_msgs__rosidl_typesupport_fastrtps_cppExport.cmake
[13.010s] -- Installing: /workstation/nav2_ws/install/dwb_msgs/share/dwb_msgs/cmake/export_dwb_msgs__rosidl_typesupport_fastrtps_cppExport-noconfig.cmake
[13.010s] -- Installing: /workstation/nav2_ws/install/dwb_msgs/share/dwb_msgs/cmake/dwb_msgs__rosidl_typesupport_introspection_cExport.cmake
[13.010s] -- Installing: /workstation/nav2_ws/install/dwb_msgs/share/dwb_msgs/cmake/dwb_msgs__rosidl_typesupport_introspection_cExport-noconfig.cmake
[13.019s] -- Installing: /workstation/nav2_ws/install/dwb_msgs/share/dwb_msgs/cmake/dwb_msgs__rosidl_typesupport_cExport.cmake
[13.020s] -- Installing: /workstation/nav2_ws/install/dwb_msgs/share/dwb_msgs/cmake/dwb_msgs__rosidl_typesupport_cExport-noconfig.cmake
[13.020s] -- Installing: /workstation/nav2_ws/install/dwb_msgs/share/dwb_msgs/cmake/dwb_msgs__rosidl_typesupport_introspection_cppExport.cmake
[13.020s] -- Installing: /workstation/nav2_ws/install/dwb_msgs/share/dwb_msgs/cmake/dwb_msgs__rosidl_typesupport_introspection_cppExport-noconfig.cmake
[13.021s] -- Installing: /workstation/nav2_ws/install/dwb_msgs/share/dwb_msgs/cmake/dwb_msgs__rosidl_typesupport_cppExport.cmake
[13.021s] -- Installing: /workstation/nav2_ws/install/dwb_msgs/share/dwb_msgs/cmake/dwb_msgs__rosidl_typesupport_cppExport-noconfig.cmake
[13.021s] -- Installing: /workstation/nav2_ws/install/dwb_msgs/share/dwb_msgs/cmake/export_dwb_msgs__rosidl_generator_pyExport.cmake
[13.021s] -- Installing: /workstation/nav2_ws/install/dwb_msgs/share/dwb_msgs/cmake/export_dwb_msgs__rosidl_generator_pyExport-noconfig.cmake
[13.022s] -- Installing: /workstation/nav2_ws/install/dwb_msgs/share/dwb_msgs/cmake/rosidl_cmake-extras.cmake
[13.022s] -- Installing: /workstation/nav2_ws/install/dwb_msgs/share/dwb_msgs/cmake/ament_cmake_export_dependencies-extras.cmake
[13.023s] -- Installing: /workstation/nav2_ws/install/dwb_msgs/share/dwb_msgs/cmake/ament_cmake_export_include_directories-extras.cmake
[13.024s] -- Installing: /workstation/nav2_ws/install/dwb_msgs/share/dwb_msgs/cmake/ament_cmake_export_libraries-extras.cmake
[13.024s] -- Installing: /workstation/nav2_ws/install/dwb_msgs/share/dwb_msgs/cmake/ament_cmake_export_targets-extras.cmake
[13.024s] -- Installing: /workstation/nav2_ws/install/dwb_msgs/share/dwb_msgs/cmake/rosidl_cmake_export_typesupport_targets-extras.cmake
[13.024s] -- Installing: /workstation/nav2_ws/install/dwb_msgs/share/dwb_msgs/cmake/rosidl_cmake_export_typesupport_libraries-extras.cmake
[13.024s] -- Installing: /workstation/nav2_ws/install/dwb_msgs/share/dwb_msgs/cmake/dwb_msgsConfig.cmake
[13.024s] -- Installing: /workstation/nav2_ws/install/dwb_msgs/share/dwb_msgs/cmake/dwb_msgsConfig-version.cmake
[13.031s] -- Installing: /workstation/nav2_ws/install/dwb_msgs/share/dwb_msgs/package.xml
[13.051s] Invoked command in '/workstation/nav2_ws/build/dwb_msgs' returned '0': AMENT_PREFIX_PATH=/workstation/nav2_ws/install/nav_2d_msgs:${AMENT_PREFIX_PATH} CMAKE_PREFIX_PATH=/workstation/nav2_ws/install/nav_2d_msgs:/opt/ros/humble LD_LIBRARY_PATH=/workstation/nav2_ws/install/nav_2d_msgs/lib:${LD_LIBRARY_PATH} PYTHONPATH=/workstation/nav2_ws/install/nav_2d_msgs/local/lib/python3.10/dist-packages:${PYTHONPATH} /usr/bin/cmake --install /workstation/nav2_ws/build/dwb_msgs
