[0.008s] Invoking command in '/workstation/ros_ws/build/leo_gz_bringup': AMENT_PREFIX_PATH=/workstation/ros_ws/install/leo_gz_worlds:/workstation/ros_ws/install/leo_gz_plugins:${AMENT_PREFIX_PATH} CMAKE_PREFIX_PATH=/workstation/ros_ws/install/leo_gz_worlds:/workstation/ros_ws/install/leo_gz_plugins:/opt/ros/humble LD_LIBRARY_PATH=/workstation/ros_ws/install/leo_gz_plugins/lib:${LD_LIBRARY_PATH} /usr/bin/cmake /workstation/ros_ws/src/leo_simulator-ros2/leo_gz_bringup -DCMAKE_INSTALL_PREFIX=/workstation/ros_ws/install/leo_gz_bringup
[0.062s] -- The C compiler identification is GNU 11.4.0
[0.114s] -- The CXX compiler identification is GNU 11.4.0
[0.120s] -- Detecting C compiler ABI info
[0.180s] -- Detecting C compiler ABI info - done
[0.188s] -- Check for working C compiler: /usr/bin/cc - skipped
[0.188s] -- Detecting C compile features
[0.189s] -- Detecting C compile features - done
[0.192s] -- Detecting CXX compiler ABI info
[0.263s] -- Detecting CXX compiler ABI info - done
[0.270s] -- Check for working CXX compiler: /usr/bin/c++ - skipped
[0.271s] -- Detecting CXX compile features
[0.271s] -- Detecting CXX compile features - done
[0.274s] -- Found ament_cmake: 1.3.10 (/opt/ros/humble/share/ament_cmake/cmake)
[0.417s] -- Found Python3: /usr/bin/python3 (found version "3.10.12") found components: Interpreter 
[0.507s] -- Found ament_lint_auto: 0.12.11 (/opt/ros/humble/share/ament_lint_auto/cmake)
[0.624s] -- Added test 'copyright' to check source files copyright and LICENSE
[0.625s] -- Added test 'lint_cmake' to check CMake code style
[0.626s] -- Added test 'xmllint' to check XML markup files
[0.627s] -- Configuring done
[0.629s] -- Generating done
[0.630s] -- Build files have been written to: /workstation/ros_ws/build/leo_gz_bringup
[0.633s] Invoked command in '/workstation/ros_ws/build/leo_gz_bringup' returned '0': AMENT_PREFIX_PATH=/workstation/ros_ws/install/leo_gz_worlds:/workstation/ros_ws/install/leo_gz_plugins:${AMENT_PREFIX_PATH} CMAKE_PREFIX_PATH=/workstation/ros_ws/install/leo_gz_worlds:/workstation/ros_ws/install/leo_gz_plugins:/opt/ros/humble LD_LIBRARY_PATH=/workstation/ros_ws/install/leo_gz_plugins/lib:${LD_LIBRARY_PATH} /usr/bin/cmake /workstation/ros_ws/src/leo_simulator-ros2/leo_gz_bringup -DCMAKE_INSTALL_PREFIX=/workstation/ros_ws/install/leo_gz_bringup
[0.634s] Invoking command in '/workstation/ros_ws/build/leo_gz_bringup': AMENT_PREFIX_PATH=/workstation/ros_ws/install/leo_gz_worlds:/workstation/ros_ws/install/leo_gz_plugins:${AMENT_PREFIX_PATH} CMAKE_PREFIX_PATH=/workstation/ros_ws/install/leo_gz_worlds:/workstation/ros_ws/install/leo_gz_plugins:/opt/ros/humble LD_LIBRARY_PATH=/workstation/ros_ws/install/leo_gz_plugins/lib:${LD_LIBRARY_PATH} /usr/bin/cmake --build /workstation/ros_ws/build/leo_gz_bringup -- -j12 -l12
[0.668s] Invoked command in '/workstation/ros_ws/build/leo_gz_bringup' returned '0': AMENT_PREFIX_PATH=/workstation/ros_ws/install/leo_gz_worlds:/workstation/ros_ws/install/leo_gz_plugins:${AMENT_PREFIX_PATH} CMAKE_PREFIX_PATH=/workstation/ros_ws/install/leo_gz_worlds:/workstation/ros_ws/install/leo_gz_plugins:/opt/ros/humble LD_LIBRARY_PATH=/workstation/ros_ws/install/leo_gz_plugins/lib:${LD_LIBRARY_PATH} /usr/bin/cmake --build /workstation/ros_ws/build/leo_gz_bringup -- -j12 -l12
[0.685s] Invoking command in '/workstation/ros_ws/build/leo_gz_bringup': AMENT_PREFIX_PATH=/workstation/ros_ws/install/leo_gz_worlds:/workstation/ros_ws/install/leo_gz_plugins:${AMENT_PREFIX_PATH} CMAKE_PREFIX_PATH=/workstation/ros_ws/install/leo_gz_worlds:/workstation/ros_ws/install/leo_gz_plugins:/opt/ros/humble LD_LIBRARY_PATH=/workstation/ros_ws/install/leo_gz_plugins/lib:${LD_LIBRARY_PATH} /usr/bin/cmake --install /workstation/ros_ws/build/leo_gz_bringup
[0.692s] -- Install configuration: ""
[0.692s] -- Installing: /workstation/ros_ws/install/leo_gz_bringup/share/leo_gz_bringup/launch
[0.692s] -- Installing: /workstation/ros_ws/install/leo_gz_bringup/share/leo_gz_bringup/launch/spawn_robot.launch.py
[0.693s] -- Installing: /workstation/ros_ws/install/leo_gz_bringup/share/leo_gz_bringup/launch/leo_gz.launch.py
[0.693s] -- Installing: /workstation/ros_ws/install/leo_gz_bringup/share/leo_gz_bringup/config
[0.693s] -- Installing: /workstation/ros_ws/install/leo_gz_bringup/share/leo_gz_bringup/config/gz_bridge.yaml
[0.693s] -- Installing: /workstation/ros_ws/install/leo_gz_bringup/share/ament_index/resource_index/package_run_dependencies/leo_gz_bringup
[0.693s] -- Installing: /workstation/ros_ws/install/leo_gz_bringup/share/ament_index/resource_index/parent_prefix_path/leo_gz_bringup
[0.693s] -- Installing: /workstation/ros_ws/install/leo_gz_bringup/share/leo_gz_bringup/environment/ament_prefix_path.sh
[0.694s] -- Installing: /workstation/ros_ws/install/leo_gz_bringup/share/leo_gz_bringup/environment/ament_prefix_path.dsv
[0.694s] -- Installing: /workstation/ros_ws/install/leo_gz_bringup/share/leo_gz_bringup/environment/path.sh
[0.694s] -- Installing: /workstation/ros_ws/install/leo_gz_bringup/share/leo_gz_bringup/environment/path.dsv
[0.694s] -- Installing: /workstation/ros_ws/install/leo_gz_bringup/share/leo_gz_bringup/local_setup.bash
[0.694s] -- Installing: /workstation/ros_ws/install/leo_gz_bringup/share/leo_gz_bringup/local_setup.sh
[0.694s] -- Installing: /workstation/ros_ws/install/leo_gz_bringup/share/leo_gz_bringup/local_setup.zsh
[0.694s] -- Installing: /workstation/ros_ws/install/leo_gz_bringup/share/leo_gz_bringup/local_setup.dsv
[0.694s] -- Installing: /workstation/ros_ws/install/leo_gz_bringup/share/leo_gz_bringup/package.dsv
[0.695s] -- Installing: /workstation/ros_ws/install/leo_gz_bringup/share/ament_index/resource_index/packages/leo_gz_bringup
[0.695s] -- Installing: /workstation/ros_ws/install/leo_gz_bringup/share/leo_gz_bringup/cmake/leo_gz_bringupConfig.cmake
[0.695s] -- Installing: /workstation/ros_ws/install/leo_gz_bringup/share/leo_gz_bringup/cmake/leo_gz_bringupConfig-version.cmake
[0.695s] -- Installing: /workstation/ros_ws/install/leo_gz_bringup/share/leo_gz_bringup/package.xml
[0.697s] Invoked command in '/workstation/ros_ws/build/leo_gz_bringup' returned '0': AMENT_PREFIX_PATH=/workstation/ros_ws/install/leo_gz_worlds:/workstation/ros_ws/install/leo_gz_plugins:${AMENT_PREFIX_PATH} CMAKE_PREFIX_PATH=/workstation/ros_ws/install/leo_gz_worlds:/workstation/ros_ws/install/leo_gz_plugins:/opt/ros/humble LD_LIBRARY_PATH=/workstation/ros_ws/install/leo_gz_plugins/lib:${LD_LIBRARY_PATH} /usr/bin/cmake --install /workstation/ros_ws/build/leo_gz_bringup
