[0.051s] Invoking command in '/workstation/nav2_ws/build/nav2_planner': AMENT_PREFIX_PATH=/workstation/nav2_ws/install/nav2_core:/workstation/nav2_ws/install/nav2_costmap_2d:/workstation/nav2_ws/install/nav2_map_server:/workstation/nav2_ws/install/nav2_lifecycle_manager:/workstation/nav2_ws/install/nav2_util:/workstation/nav2_ws/install/nav2_voxel_grid:/workstation/nav2_ws/install/nav2_msgs:/workstation/nav2_ws/install/nav2_common:${AMENT_PREFIX_PATH} CMAKE_PREFIX_PATH=/workstation/nav2_ws/install/nav2_core:/workstation/nav2_ws/install/nav2_costmap_2d:/workstation/nav2_ws/install/nav2_map_server:/workstation/nav2_ws/install/nav2_lifecycle_manager:/workstation/nav2_ws/install/nav2_util:/workstation/nav2_ws/install/nav2_voxel_grid:/workstation/nav2_ws/install/nav2_msgs:/workstation/nav2_ws/install/nav2_common:/opt/ros/humble LD_LIBRARY_PATH=/workstation/nav2_ws/install/nav2_costmap_2d/lib:/workstation/nav2_ws/install/nav2_map_server/lib:/workstation/nav2_ws/install/nav2_lifecycle_manager/lib:/workstation/nav2_ws/install/nav2_util/lib:/workstation/nav2_ws/install/nav2_voxel_grid/lib:/workstation/nav2_ws/install/nav2_msgs/lib:${LD_LIBRARY_PATH} PYTHONPATH=/workstation/nav2_ws/install/nav2_msgs/local/lib/python3.10/dist-packages:/workstation/nav2_ws/install/nav2_common/local/lib/python3.10/dist-packages:${PYTHONPATH} /usr/bin/cmake /workstation/nav2_ws/src/navigation2/nav2_planner -DCMAKE_INSTALL_PREFIX=/workstation/nav2_ws/install/nav2_planner
[6.809s] -- The C compiler identification is GNU 11.4.0
[6.809s] -- The CXX compiler identification is GNU 11.4.0
[6.809s] -- Detecting C compiler ABI info
[6.809s] -- Detecting C compiler ABI info - done
[6.809s] -- Check for working C compiler: /usr/bin/cc - skipped
[6.809s] -- Detecting C compile features
[6.809s] -- Detecting C compile features - done
[6.809s] -- Detecting CXX compiler ABI info
[6.810s] -- Detecting CXX compiler ABI info - done
[6.810s] -- Check for working CXX compiler: /usr/bin/c++ - skipped
[6.810s] -- Detecting CXX compile features
[6.810s] -- Detecting CXX compile features - done
[6.810s] -- Found ament_cmake: 1.3.10 (/opt/ros/humble/share/ament_cmake/cmake)
[6.810s] -- Found Python3: /usr/bin/python3 (found version "3.10.12") found components: Interpreter 
[6.810s] -- Found nav2_common: 1.1.16 (/workstation/nav2_ws/install/nav2_common/share/nav2_common/cmake)
[6.810s] -- Found rclcpp: 16.0.10 (/opt/ros/humble/share/rclcpp/cmake)
[6.810s] -- Found rosidl_generator_c: 3.1.5 (/opt/ros/humble/share/rosidl_generator_c/cmake)
[6.810s] -- Found rosidl_adapter: 3.1.5 (/opt/ros/humble/share/rosidl_adapter/cmake)
[6.811s] -- Found rosidl_generator_cpp: 3.1.5 (/opt/ros/humble/share/rosidl_generator_cpp/cmake)
[6.811s] -- Using all available rosidl_typesupport_c: rosidl_typesupport_fastrtps_c;rosidl_typesupport_introspection_c
[6.811s] -- Using all available rosidl_typesupport_cpp: rosidl_typesupport_fastrtps_cpp;rosidl_typesupport_introspection_cpp
[6.811s] -- Found rmw_implementation_cmake: 6.1.2 (/opt/ros/humble/share/rmw_implementation_cmake/cmake)
[6.811s] -- Found rmw_fastrtps_cpp: 6.2.7 (/opt/ros/humble/share/rmw_fastrtps_cpp/cmake)
[6.811s] -- Found OpenSSL: /usr/lib/x86_64-linux-gnu/libcrypto.so (found version "3.0.2")  
[6.811s] -- Found FastRTPS: /opt/ros/humble/include  
[6.811s] -- Using RMW implementation 'rmw_fastrtps_cpp' as default
[6.811s] -- Looking for pthread.h
[6.812s] -- Looking for pthread.h - found
[6.812s] -- Performing Test CMAKE_HAVE_LIBC_PTHREAD
[6.812s] -- Performing Test CMAKE_HAVE_LIBC_PTHREAD - Success
[6.812s] -- Found Threads: TRUE  
[6.817s] -- Found rclcpp_action: 16.0.10 (/opt/ros/humble/share/rclcpp_action/cmake)
[6.817s] -- Found rclcpp_lifecycle: 16.0.10 (/opt/ros/humble/share/rclcpp_lifecycle/cmake)
[6.817s] -- Found rclcpp_components: 16.0.10 (/opt/ros/humble/share/rclcpp_components/cmake)
[6.817s] -- Found visualization_msgs: 4.2.4 (/opt/ros/humble/share/visualization_msgs/cmake)
[6.817s] -- Found nav2_util: 1.1.16 (/workstation/nav2_ws/install/nav2_util/share/nav2_util/cmake)
[6.818s] -- Found eigen3_cmake_module: 0.1.1 (/opt/ros/humble/share/eigen3_cmake_module/cmake)
[6.818s] -- Found Eigen3: TRUE (found version "3.4.0") 
[6.818s] -- Ensuring Eigen3 include directory is part of orocos-kdl CMake target
[6.818s] -- Found nav2_costmap_2d: 1.1.16 (/workstation/nav2_ws/install/nav2_costmap_2d/share/nav2_costmap_2d/cmake)
[6.818s] -- Found nav2_core: 1.1.16 (/workstation/nav2_ws/install/nav2_core/share/nav2_core/cmake)
[6.818s] -- Setting build type to Release as none was specified.
[6.818s] -- Found ament_lint_auto: 0.12.11 (/opt/ros/humble/share/ament_lint_auto/cmake)
[6.818s] -- Found ament_cmake_gtest: 1.3.10 (/opt/ros/humble/share/ament_cmake_gtest/cmake)
[6.818s] -- Found gtest sources under '/opt/ros/humble/src/gtest_vendor': C++ tests using 'Google Test' will be built
[6.818s] -- Added test 'copyright' to check source files copyright and LICENSE
[6.819s] -- Added test 'cppcheck' to perform static code analysis on C / C++ code
[6.819s] -- Configured cppcheck include dirs: /workstation/nav2_ws/src/navigation2/nav2_planner/include
[6.819s] -- Configured cppcheck exclude dirs and/or files: 
[6.819s] -- Added test 'cpplint' to check C / C++ code against the Google style
[6.819s] -- Configured cpplint exclude dirs and/or files: 
[6.819s] -- Added test 'lint_cmake' to check CMake code style
[6.819s] -- Added test 'uncrustify' to check C / C++ code style
[6.819s] -- Configured uncrustify additional arguments: 
[6.819s] -- Added test 'xmllint' to check XML markup files
[6.819s] -- Configuring done
[6.820s] -- Generating done
[6.820s] -- Build files have been written to: /workstation/nav2_ws/build/nav2_planner
[6.847s] Invoked command in '/workstation/nav2_ws/build/nav2_planner' returned '0': AMENT_PREFIX_PATH=/workstation/nav2_ws/install/nav2_core:/workstation/nav2_ws/install/nav2_costmap_2d:/workstation/nav2_ws/install/nav2_map_server:/workstation/nav2_ws/install/nav2_lifecycle_manager:/workstation/nav2_ws/install/nav2_util:/workstation/nav2_ws/install/nav2_voxel_grid:/workstation/nav2_ws/install/nav2_msgs:/workstation/nav2_ws/install/nav2_common:${AMENT_PREFIX_PATH} CMAKE_PREFIX_PATH=/workstation/nav2_ws/install/nav2_core:/workstation/nav2_ws/install/nav2_costmap_2d:/workstation/nav2_ws/install/nav2_map_server:/workstation/nav2_ws/install/nav2_lifecycle_manager:/workstation/nav2_ws/install/nav2_util:/workstation/nav2_ws/install/nav2_voxel_grid:/workstation/nav2_ws/install/nav2_msgs:/workstation/nav2_ws/install/nav2_common:/opt/ros/humble LD_LIBRARY_PATH=/workstation/nav2_ws/install/nav2_costmap_2d/lib:/workstation/nav2_ws/install/nav2_map_server/lib:/workstation/nav2_ws/install/nav2_lifecycle_manager/lib:/workstation/nav2_ws/install/nav2_util/lib:/workstation/nav2_ws/install/nav2_voxel_grid/lib:/workstation/nav2_ws/install/nav2_msgs/lib:${LD_LIBRARY_PATH} PYTHONPATH=/workstation/nav2_ws/install/nav2_msgs/local/lib/python3.10/dist-packages:/workstation/nav2_ws/install/nav2_common/local/lib/python3.10/dist-packages:${PYTHONPATH} /usr/bin/cmake /workstation/nav2_ws/src/navigation2/nav2_planner -DCMAKE_INSTALL_PREFIX=/workstation/nav2_ws/install/nav2_planner
[6.848s] Invoking command in '/workstation/nav2_ws/build/nav2_planner': AMENT_PREFIX_PATH=/workstation/nav2_ws/install/nav2_core:/workstation/nav2_ws/install/nav2_costmap_2d:/workstation/nav2_ws/install/nav2_map_server:/workstation/nav2_ws/install/nav2_lifecycle_manager:/workstation/nav2_ws/install/nav2_util:/workstation/nav2_ws/install/nav2_voxel_grid:/workstation/nav2_ws/install/nav2_msgs:/workstation/nav2_ws/install/nav2_common:${AMENT_PREFIX_PATH} CMAKE_PREFIX_PATH=/workstation/nav2_ws/install/nav2_core:/workstation/nav2_ws/install/nav2_costmap_2d:/workstation/nav2_ws/install/nav2_map_server:/workstation/nav2_ws/install/nav2_lifecycle_manager:/workstation/nav2_ws/install/nav2_util:/workstation/nav2_ws/install/nav2_voxel_grid:/workstation/nav2_ws/install/nav2_msgs:/workstation/nav2_ws/install/nav2_common:/opt/ros/humble LD_LIBRARY_PATH=/workstation/nav2_ws/install/nav2_costmap_2d/lib:/workstation/nav2_ws/install/nav2_map_server/lib:/workstation/nav2_ws/install/nav2_lifecycle_manager/lib:/workstation/nav2_ws/install/nav2_util/lib:/workstation/nav2_ws/install/nav2_voxel_grid/lib:/workstation/nav2_ws/install/nav2_msgs/lib:${LD_LIBRARY_PATH} PYTHONPATH=/workstation/nav2_ws/install/nav2_msgs/local/lib/python3.10/dist-packages:/workstation/nav2_ws/install/nav2_common/local/lib/python3.10/dist-packages:${PYTHONPATH} /usr/bin/cmake --build /workstation/nav2_ws/build/nav2_planner -- -j12 -l12
[9.904s] [ 10%] [32mBuilding CXX object gtest/CMakeFiles/gtest_main.dir/src/gtest_main.cc.o[0m
[9.905s] [ 20%] [32mBuilding CXX object CMakeFiles/planner_server_core.dir/src/planner_server.cpp.o[0m
[12.074s] [ 30%] [32m[1mLinking CXX static library libgtest_main.a[0m
[12.197s] [ 30%] Built target gtest_main
[56.480s] [ 40%] [32m[1mLinking CXX shared library libplanner_server_core.so[0m
[57.450s] [ 40%] Built target planner_server_core
[57.496s] [ 50%] [32mBuilding CXX object gtest/CMakeFiles/gtest.dir/src/gtest-all.cc.o[0m
[70.933s] [ 60%] [32m[1mLinking CXX static library libgtest.a[0m
[71.008s] [ 60%] Built target gtest
[71.046s] [ 70%] [32mBuilding CXX object CMakeFiles/planner_server.dir/src/main.cpp.o[0m
[80.166s] [ 80%] [32m[1mLinking CXX executable planner_server[0m
[80.562s] [ 80%] Built target planner_server
[80.590s] [ 90%] [32mBuilding CXX object test/CMakeFiles/test_dynamic_parameters.dir/test_dynamic_parameters.cpp.o[0m
[91.463s] [100%] [32m[1mLinking CXX executable test_dynamic_parameters[0m
[92.250s] [100%] Built target test_dynamic_parameters
[92.274s] Invoked command in '/workstation/nav2_ws/build/nav2_planner' returned '0': AMENT_PREFIX_PATH=/workstation/nav2_ws/install/nav2_core:/workstation/nav2_ws/install/nav2_costmap_2d:/workstation/nav2_ws/install/nav2_map_server:/workstation/nav2_ws/install/nav2_lifecycle_manager:/workstation/nav2_ws/install/nav2_util:/workstation/nav2_ws/install/nav2_voxel_grid:/workstation/nav2_ws/install/nav2_msgs:/workstation/nav2_ws/install/nav2_common:${AMENT_PREFIX_PATH} CMAKE_PREFIX_PATH=/workstation/nav2_ws/install/nav2_core:/workstation/nav2_ws/install/nav2_costmap_2d:/workstation/nav2_ws/install/nav2_map_server:/workstation/nav2_ws/install/nav2_lifecycle_manager:/workstation/nav2_ws/install/nav2_util:/workstation/nav2_ws/install/nav2_voxel_grid:/workstation/nav2_ws/install/nav2_msgs:/workstation/nav2_ws/install/nav2_common:/opt/ros/humble LD_LIBRARY_PATH=/workstation/nav2_ws/install/nav2_costmap_2d/lib:/workstation/nav2_ws/install/nav2_map_server/lib:/workstation/nav2_ws/install/nav2_lifecycle_manager/lib:/workstation/nav2_ws/install/nav2_util/lib:/workstation/nav2_ws/install/nav2_voxel_grid/lib:/workstation/nav2_ws/install/nav2_msgs/lib:${LD_LIBRARY_PATH} PYTHONPATH=/workstation/nav2_ws/install/nav2_msgs/local/lib/python3.10/dist-packages:/workstation/nav2_ws/install/nav2_common/local/lib/python3.10/dist-packages:${PYTHONPATH} /usr/bin/cmake --build /workstation/nav2_ws/build/nav2_planner -- -j12 -l12
[92.324s] Invoking command in '/workstation/nav2_ws/build/nav2_planner': AMENT_PREFIX_PATH=/workstation/nav2_ws/install/nav2_core:/workstation/nav2_ws/install/nav2_costmap_2d:/workstation/nav2_ws/install/nav2_map_server:/workstation/nav2_ws/install/nav2_lifecycle_manager:/workstation/nav2_ws/install/nav2_util:/workstation/nav2_ws/install/nav2_voxel_grid:/workstation/nav2_ws/install/nav2_msgs:/workstation/nav2_ws/install/nav2_common:${AMENT_PREFIX_PATH} CMAKE_PREFIX_PATH=/workstation/nav2_ws/install/nav2_core:/workstation/nav2_ws/install/nav2_costmap_2d:/workstation/nav2_ws/install/nav2_map_server:/workstation/nav2_ws/install/nav2_lifecycle_manager:/workstation/nav2_ws/install/nav2_util:/workstation/nav2_ws/install/nav2_voxel_grid:/workstation/nav2_ws/install/nav2_msgs:/workstation/nav2_ws/install/nav2_common:/opt/ros/humble LD_LIBRARY_PATH=/workstation/nav2_ws/install/nav2_costmap_2d/lib:/workstation/nav2_ws/install/nav2_map_server/lib:/workstation/nav2_ws/install/nav2_lifecycle_manager/lib:/workstation/nav2_ws/install/nav2_util/lib:/workstation/nav2_ws/install/nav2_voxel_grid/lib:/workstation/nav2_ws/install/nav2_msgs/lib:${LD_LIBRARY_PATH} PYTHONPATH=/workstation/nav2_ws/install/nav2_msgs/local/lib/python3.10/dist-packages:/workstation/nav2_ws/install/nav2_common/local/lib/python3.10/dist-packages:${PYTHONPATH} /usr/bin/cmake --install /workstation/nav2_ws/build/nav2_planner
[179.921s] -- Install configuration: "Release"
[179.921s] -- Installing: /workstation/nav2_ws/install/nav2_planner/lib/libplanner_server_core.so
[179.921s] -- Set runtime path of "/workstation/nav2_ws/install/nav2_planner/lib/libplanner_server_core.so" to ""
[179.922s] -- Installing: /workstation/nav2_ws/install/nav2_planner/lib/nav2_planner/planner_server
[179.922s] -- Set runtime path of "/workstation/nav2_ws/install/nav2_planner/lib/nav2_planner/planner_server" to ""
[179.922s] -- Installing: /workstation/nav2_ws/install/nav2_planner/include/
[179.927s] -- Installing: /workstation/nav2_ws/install/nav2_planner/include//nav2_planner
[179.928s] -- Installing: /workstation/nav2_ws/install/nav2_planner/include//nav2_planner/planner_server.hpp
[179.928s] -- Installing: /workstation/nav2_ws/install/nav2_planner/share/nav2_planner/environment/library_path.sh
[179.928s] -- Installing: /workstation/nav2_ws/install/nav2_planner/share/nav2_planner/environment/library_path.dsv
[179.928s] -- Installing: /workstation/nav2_ws/install/nav2_planner/share/ament_index/resource_index/package_run_dependencies/nav2_planner
[179.928s] -- Installing: /workstation/nav2_ws/install/nav2_planner/share/ament_index/resource_index/parent_prefix_path/nav2_planner
[179.928s] -- Installing: /workstation/nav2_ws/install/nav2_planner/share/nav2_planner/environment/ament_prefix_path.sh
[179.928s] -- Installing: /workstation/nav2_ws/install/nav2_planner/share/nav2_planner/environment/ament_prefix_path.dsv
[179.929s] -- Installing: /workstation/nav2_ws/install/nav2_planner/share/nav2_planner/environment/path.sh
[179.929s] -- Installing: /workstation/nav2_ws/install/nav2_planner/share/nav2_planner/environment/path.dsv
[179.929s] -- Installing: /workstation/nav2_ws/install/nav2_planner/share/nav2_planner/local_setup.bash
[179.929s] -- Installing: /workstation/nav2_ws/install/nav2_planner/share/nav2_planner/local_setup.sh
[179.933s] -- Installing: /workstation/nav2_ws/install/nav2_planner/share/nav2_planner/local_setup.zsh
[179.933s] -- Installing: /workstation/nav2_ws/install/nav2_planner/share/nav2_planner/local_setup.dsv
[179.933s] -- Installing: /workstation/nav2_ws/install/nav2_planner/share/nav2_planner/package.dsv
[179.933s] -- Installing: /workstation/nav2_ws/install/nav2_planner/share/ament_index/resource_index/packages/nav2_planner
[179.934s] -- Installing: /workstation/nav2_ws/install/nav2_planner/share/ament_index/resource_index/rclcpp_components/nav2_planner
[179.934s] -- Installing: /workstation/nav2_ws/install/nav2_planner/share/nav2_planner/cmake/ament_cmake_export_include_directories-extras.cmake
[179.934s] -- Installing: /workstation/nav2_ws/install/nav2_planner/share/nav2_planner/cmake/ament_cmake_export_libraries-extras.cmake
[179.934s] -- Installing: /workstation/nav2_ws/install/nav2_planner/share/nav2_planner/cmake/ament_cmake_export_dependencies-extras.cmake
[179.934s] -- Installing: /workstation/nav2_ws/install/nav2_planner/share/nav2_planner/cmake/nav2_plannerConfig.cmake
[179.934s] -- Installing: /workstation/nav2_ws/install/nav2_planner/share/nav2_planner/cmake/nav2_plannerConfig-version.cmake
[179.934s] -- Installing: /workstation/nav2_ws/install/nav2_planner/share/nav2_planner/package.xml
[179.961s] Invoked command in '/workstation/nav2_ws/build/nav2_planner' returned '0': AMENT_PREFIX_PATH=/workstation/nav2_ws/install/nav2_core:/workstation/nav2_ws/install/nav2_costmap_2d:/workstation/nav2_ws/install/nav2_map_server:/workstation/nav2_ws/install/nav2_lifecycle_manager:/workstation/nav2_ws/install/nav2_util:/workstation/nav2_ws/install/nav2_voxel_grid:/workstation/nav2_ws/install/nav2_msgs:/workstation/nav2_ws/install/nav2_common:${AMENT_PREFIX_PATH} CMAKE_PREFIX_PATH=/workstation/nav2_ws/install/nav2_core:/workstation/nav2_ws/install/nav2_costmap_2d:/workstation/nav2_ws/install/nav2_map_server:/workstation/nav2_ws/install/nav2_lifecycle_manager:/workstation/nav2_ws/install/nav2_util:/workstation/nav2_ws/install/nav2_voxel_grid:/workstation/nav2_ws/install/nav2_msgs:/workstation/nav2_ws/install/nav2_common:/opt/ros/humble LD_LIBRARY_PATH=/workstation/nav2_ws/install/nav2_costmap_2d/lib:/workstation/nav2_ws/install/nav2_map_server/lib:/workstation/nav2_ws/install/nav2_lifecycle_manager/lib:/workstation/nav2_ws/install/nav2_util/lib:/workstation/nav2_ws/install/nav2_voxel_grid/lib:/workstation/nav2_ws/install/nav2_msgs/lib:${LD_LIBRARY_PATH} PYTHONPATH=/workstation/nav2_ws/install/nav2_msgs/local/lib/python3.10/dist-packages:/workstation/nav2_ws/install/nav2_common/local/lib/python3.10/dist-packages:${PYTHONPATH} /usr/bin/cmake --install /workstation/nav2_ws/build/nav2_planner
